
 SIMULATED PARALLEL ANNEALING by NEIGHBORHOOD EXAMPLE

 NUMBER OF PARAMETERS:  42   MAXIMAZATION:     F
 INITIAL TEMP:  5.0       RT: 0.75       EPS: 0.10E-02
 NS:  24   NT:   5   NEPS:  4
 MAXEVL:  100000000   IPRINT: 1   ISEED1:    7 ISEED2:    8

                         STARTING VALUES
    0.9999926132         0.2894198463E-01     0.2920638653         0.5903291680         0.6792666907E-01     0.3067978864         0.9458405881         0.5555998252         0.4087267660E-01     0.1565092389    
    0.2534719906         0.8596908436E-01     0.9911920324E-01     0.9893588821         0.9999976317         0.9778755152E-01     0.1468528933         0.7069408302         0.6140064387E-01     0.1700685505    
    0.9233308915         0.1618106973E-02     0.5887676017E-01     0.2620177920         0.6126546041         0.7009953859E-01     0.1658924558         0.4432810149         0.8198734836         0.3562237493E-01
    0.3128275577         0.3661938215         0.7392658694E-01     0.2778075953         0.6150116005         0.1623765966E-01     0.4363631134E-01     0.1184678201         0.4333160450         0.5056831078E-01
    0.3860764304         0.1177557631    

                         INITIAL STEP LENGTH
    0.2000059094         0.1157679385E-01     0.1168255461         0.2361316672         0.2717066763E-01     0.1227191546         0.2433275295         0.2222399301         0.1634907064E-01     0.6260369556E-01
    0.1013887962         0.3438763374E-01     0.3964768130E-01     0.2085128943         0.2000018946         0.3911502061E-01     0.5874115732E-01     0.2827763321         0.2456025755E-01     0.6802742020E-01
    0.2613352868         0.6472427892E-03     0.2355070407E-01     0.1048071168         0.2450618416         0.2803981544E-01     0.6635698232E-01     0.1773124060         0.3279493934         0.1424894997E-01
    0.1251310231         0.1464775286         0.2957063478E-01     0.1111230381         0.2460046402         0.6495063864E-02     0.1745452454E-01     0.4738712804E-01     0.1733264180         0.2022732431E-01
    0.1544305722         0.4710230524E-01

                         LOWER BOUND
    0.7999940906         0.2315358770E-01     0.2336510922         0.4722633344         0.5434133526E-01     0.2454383091         0.7566724705         0.4444798602         0.3269814128E-01     0.1252073911    
    0.2027775925         0.6877526749E-01     0.7929536259E-01     0.7914871057         0.7999981054         0.7823004122E-01     0.1174823146         0.5655526642         0.4912051510E-01     0.1360548404    
    0.7386647132         0.1294485578E-02     0.4710140814E-01     0.2096142336         0.4901236833         0.5607963087E-01     0.1327139646         0.3546248119         0.6558987869         0.2849789994E-01
    0.2502620462         0.2929550572         0.5914126955E-01     0.2222460762         0.4920092804         0.1299012773E-01     0.3490904907E-01     0.9477425608E-01     0.3466528360         0.4045464862E-01
    0.3088611443         0.9420461048E-01

                         UPPER BOUND
     1.000000000         0.3473038156E-01     0.3504766384         0.7083950016         0.8151200288E-01     0.3681574637          1.000000000         0.6667197902         0.4904721192E-01     0.1878110867    
    0.3041663887         0.1031629012         0.1189430439          1.000000000          1.000000000         0.1173450618         0.1762234720         0.8483289962         0.7368077264E-01     0.2040822606    
     1.000000000         0.1941728368E-02     0.7065211220E-01     0.3144213504         0.7351855249         0.8411944631E-01     0.1990709470         0.5319372179         0.9838481803         0.4274684992E-01
    0.3753930692         0.4394325858         0.8871190433E-01     0.3333691144         0.7380139206         0.1948519159E-01     0.5236357361E-01     0.1421613841         0.5199792540         0.6068197294E-01
    0.4632917165         0.1413069157    

                         C VECTOR
     2.000000000          2.000000000          2.000000000          2.000000000          2.000000000          2.000000000          2.000000000          2.000000000          2.000000000          2.000000000    
     2.000000000          2.000000000          2.000000000          2.000000000          2.000000000          2.000000000          2.000000000          2.000000000          2.000000000          2.000000000    
     2.000000000          2.000000000          2.000000000          2.000000000          2.000000000          2.000000000          2.000000000          2.000000000          2.000000000          2.000000000    
     2.000000000          2.000000000          2.000000000          2.000000000          2.000000000          2.000000000          2.000000000          2.000000000          2.000000000          2.000000000    
     2.000000000          2.000000000    

  ****   END OF DRIVER ROUTINE OUTPUT   ****
  ****   BEFORE CALL TO SA.             ****
  

                         INITIAL X
    0.9999926132         0.2894198463E-01     0.2920638653         0.5903291680         0.6792666907E-01     0.3067978864         0.9458405881         0.5555998252         0.4087267660E-01     0.1565092389    
    0.2534719906         0.8596908436E-01     0.9911920324E-01     0.9893588821         0.9999976317         0.9778755152E-01     0.1468528933         0.7069408302         0.6140064387E-01     0.1700685505    
    0.9233308915         0.1618106973E-02     0.5887676017E-01     0.2620177920         0.6126546041         0.7009953859E-01     0.1658924558         0.4432810149         0.8198734836         0.3562237493E-01
    0.3128275577         0.3661938215         0.7392658694E-01     0.2778075953         0.6150116005         0.1623765966E-01     0.4363631134E-01     0.1184678201         0.4333160450         0.5056831078E-01
    0.3860764304         0.1177557631    
  INITIAL F: 
 0.174830408598807885    

 INTERMEDIATE RESULTS BEFORE NEXT TEMPERATURE REDUCTION

  CURRENT TEMPERATURE:              5.0000    
  MIN FUNCTION VALUE SO FAR:   0.302882541513564453E-01
  TOTAL MOVES:                     840
     DOWNHILL:                     632
     ACCEPTED UPHILL:              201
     REJECTED UPHILL:                7
  TRIALS OUT OF BOUNDS:            426
  NEW MINIMA THIS TEMPERATURE:       4

                         CURRENT OPTIMAL X
    0.8641713660         0.3207094878E-01     0.3071300166         0.4973674936         0.7333158815E-01     0.2491985491         0.8375966216         0.5439603491         0.3437158359E-01     0.1387686390    
    0.2046763191         0.1014881321         0.8674295732E-01     0.9529123246         0.9952435758         0.8436737635E-01     0.1624942013         0.7685089922         0.7331834333E-01     0.1731947467    
    0.9495553220         0.1645128018E-02     0.4710288767E-01     0.2289725341         0.5210094183         0.6327858907E-01     0.1914796271         0.4916906523         0.7127338138         0.3848612731E-01
    0.3117005949         0.3288938606         0.7095782121E-01     0.2272927074         0.5852095125         0.1940435683E-01     0.4351138882E-01     0.1116855121         0.5035291182         0.4522151304E-01
    0.4288772555         0.1199709664    

                         STEP LENGTH (VM)
    0.2000059094         0.1157679385E-01     0.1168255461         0.2361316672         0.2717066763E-01     0.1227191546         0.2433275295         0.2222399301         0.1634907064E-01     0.6260369556E-01
    0.1013887962         0.3438763374E-01     0.3964768130E-01     0.2085128943         0.2000018946         0.3911502061E-01     0.5874115732E-01     0.2827763321         0.2456025755E-01     0.6802742020E-01
    0.2613352868         0.6472427892E-03     0.2355070407E-01     0.1048071168         0.2450618416         0.2803981544E-01     0.6635698232E-01     0.1773124060         0.3279493934         0.1424894997E-01
    0.1251310231         0.1464775286         0.2957063478E-01     0.1111230381         0.2460046402         0.6495063864E-02     0.1745452454E-01     0.4738712804E-01     0.1733264180         0.2022732431E-01
    0.1544305722         0.4710230524E-01
 

 INTERMEDIATE RESULTS BEFORE NEXT TEMPERATURE REDUCTION

  CURRENT TEMPERATURE:              3.7500    
  MIN FUNCTION VALUE SO FAR:   0.302791687199255102E-01
  TOTAL MOVES:                     840
     DOWNHILL:                     629
     ACCEPTED UPHILL:              204
     REJECTED UPHILL:                7
  TRIALS OUT OF BOUNDS:            387
  NEW MINIMA THIS TEMPERATURE:       0

                         CURRENT OPTIMAL X
    0.9029562053         0.2552395972E-01     0.3071300166         0.4973674936         0.7333158815E-01     0.2491985491         0.8375966216         0.5439603491         0.3437158359E-01     0.1387686390    
    0.2046763191         0.1014881321         0.8674295732E-01     0.9529123246         0.9952435758         0.8436737635E-01     0.1624942013         0.7685089922         0.7331834333E-01     0.1731947467    
    0.9495553220         0.1645128018E-02     0.4710288767E-01     0.2289725341         0.5210094183         0.6327858907E-01     0.1914796271         0.4916906523         0.7127338138         0.3848612731E-01
    0.3117005949         0.3288938606         0.7095782121E-01     0.2272927074         0.5852095125         0.1940435683E-01     0.4351138882E-01     0.1116855121         0.5035291182         0.4522151304E-01
    0.4288772555         0.1199709664    

                         STEP LENGTH (VM)
    0.2000059094         0.1157679385E-01     0.1168255461         0.2361316672         0.2717066763E-01     0.1227191546         0.2433275295         0.2222399301         0.1634907064E-01     0.6260369556E-01
    0.1013887962         0.3438763374E-01     0.3964768130E-01     0.2085128943         0.2000018946         0.3911502061E-01     0.5874115732E-01     0.2827763321         0.2456025755E-01     0.6802742020E-01
    0.2613352868         0.6472427892E-03     0.2355070407E-01     0.1048071168         0.2450618416         0.2803981544E-01     0.6635698232E-01     0.1773124060         0.3279493934         0.1424894997E-01
    0.1251310231         0.1464775286         0.2957063478E-01     0.1111230381         0.2460046402         0.6495063864E-02     0.1745452454E-01     0.4738712804E-01     0.1733264180         0.2022732431E-01
    0.1544305722         0.4710230524E-01
 

 INTERMEDIATE RESULTS BEFORE NEXT TEMPERATURE REDUCTION

  CURRENT TEMPERATURE:              2.8125    
  MIN FUNCTION VALUE SO FAR:   0.252030253729311378E-01
  TOTAL MOVES:                     840
     DOWNHILL:                     619
     ACCEPTED UPHILL:              211
     REJECTED UPHILL:               10
  TRIALS OUT OF BOUNDS:            433
  NEW MINIMA THIS TEMPERATURE:       0

                         CURRENT OPTIMAL X
    0.9083971138         0.2963561590E-01     0.2466422989         0.6830386266         0.7400437620E-01     0.2519473584         0.8522012197         0.5942425026         0.4017488324E-01     0.1609050424    
    0.2463893640         0.9406801700E-01     0.1052442173         0.9115616069         0.9962146639         0.1070122150         0.1521285915         0.7813661576         0.5807079628E-01     0.1582070924    
    0.9034506199         0.1404585533E-02     0.5066919350E-01     0.2795040942         0.5747335215         0.7359735733E-01     0.1580693187         0.4610814104         0.7751148808         0.3629719165E-01
    0.3256302275         0.2992355420         0.6659211698E-01     0.3151465882         0.6143530110         0.1493234013E-01     0.3597508159E-01     0.1345529458         0.5053645342         0.4586207089E-01
    0.3737497396         0.1155503188    

                         STEP LENGTH (VM)
    0.2000059094         0.1157679385E-01     0.1168255461         0.2361316672         0.2717066763E-01     0.1227191546         0.2433275295         0.2222399301         0.1634907064E-01     0.6260369556E-01
    0.1013887962         0.3438763374E-01     0.3964768130E-01     0.2085128943         0.2000018946         0.3911502061E-01     0.5874115732E-01     0.2827763321         0.2456025755E-01     0.6802742020E-01
    0.2613352868         0.6472427892E-03     0.2355070407E-01     0.1048071168         0.2450618416         0.2803981544E-01     0.6635698232E-01     0.1773124060         0.3279493934         0.1424894997E-01
    0.1251310231         0.1464775286         0.2957063478E-01     0.1111230381         0.2460046402         0.6495063864E-02     0.1745452454E-01     0.4738712804E-01     0.1733264180         0.2022732431E-01
    0.1544305722         0.4710230524E-01
 

 INTERMEDIATE RESULTS BEFORE NEXT TEMPERATURE REDUCTION

  CURRENT TEMPERATURE:              2.1094    
  MIN FUNCTION VALUE SO FAR:   0.252030253729311378E-01
  TOTAL MOVES:                     840
     DOWNHILL:                     624
     ACCEPTED UPHILL:              203
     REJECTED UPHILL:               13
  TRIALS OUT OF BOUNDS:            425
  NEW MINIMA THIS TEMPERATURE:       0

                         CURRENT OPTIMAL X
    0.9083971138         0.2963561590E-01     0.2466422989         0.6830386266         0.7400437620E-01     0.2519473584         0.8522012197         0.5942425026         0.4017488324E-01     0.1609050424    
    0.2463893640         0.9406801700E-01     0.1052442173         0.9115616069         0.9962146639         0.1070122150         0.1521285915         0.7813661576         0.5807079628E-01     0.1582070924    
    0.9034506199         0.1404585533E-02     0.5066919350E-01     0.2795040942         0.5747335215         0.7359735733E-01     0.1580693187         0.4610814104         0.7751148808         0.3629719165E-01
    0.3256302275         0.2992355420         0.6659211698E-01     0.3151465882         0.6143530110         0.1493234013E-01     0.3597508159E-01     0.1345529458         0.5053645342         0.4586207089E-01
    0.3737497396         0.1155503188    

                         STEP LENGTH (VM)
    0.2000059094         0.1157679385E-01     0.1168255461         0.2361316672         0.2717066763E-01     0.1227191546         0.2433275295         0.2222399301         0.1634907064E-01     0.6260369556E-01
    0.1013887962         0.3438763374E-01     0.3964768130E-01     0.2085128943         0.2000018946         0.3911502061E-01     0.5874115732E-01     0.2827763321         0.2456025755E-01     0.6802742020E-01
    0.2613352868         0.6472427892E-03     0.2355070407E-01     0.1048071168         0.2450618416         0.2803981544E-01     0.6635698232E-01     0.1773124060         0.3279493934         0.1424894997E-01
    0.1251310231         0.1464775286         0.2957063478E-01     0.1111230381         0.2460046402         0.6495063864E-02     0.1745452454E-01     0.4738712804E-01     0.1733264180         0.2022732431E-01
    0.1544305722         0.4710230524E-01
 

 INTERMEDIATE RESULTS BEFORE NEXT TEMPERATURE REDUCTION

  CURRENT TEMPERATURE:              1.5820    
  MIN FUNCTION VALUE SO FAR:   0.211530342249412057E-01
  TOTAL MOVES:                     840
     DOWNHILL:                     632
     ACCEPTED UPHILL:              199
     REJECTED UPHILL:                9
  TRIALS OUT OF BOUNDS:            414
  NEW MINIMA THIS TEMPERATURE:       2

                         CURRENT OPTIMAL X
    0.9789034809         0.2339042556E-01     0.2442185744         0.5634479287         0.6444039680E-01     0.3556110784         0.8410879939         0.5847812996         0.3377357509E-01     0.1609050424    
    0.2463893640         0.9406801700E-01     0.1052442173         0.9115616069         0.9962146639         0.1070122150         0.1521285915         0.7813661576         0.5807079628E-01     0.1582070924    
    0.9034506199         0.1404585533E-02     0.5066919350E-01     0.2795040942         0.5747335215         0.7359735733E-01     0.1580693187         0.4610814104         0.7751148808         0.3629719165E-01
    0.3256302275         0.2992355420         0.6659211698E-01     0.3151465882         0.6143530110         0.1493234013E-01     0.3597508159E-01     0.1345529458         0.5053645342         0.4586207089E-01
    0.3737497396         0.1155503188    

                         STEP LENGTH (VM)
    0.2000059094         0.1157679385E-01     0.1168255461         0.2361316672         0.2717066763E-01     0.1227191546         0.2433275295         0.2222399301         0.1634907064E-01     0.6260369556E-01
    0.1013887962         0.3438763374E-01     0.3964768130E-01     0.2085128943         0.2000018946         0.3911502061E-01     0.5874115732E-01     0.2827763321         0.2456025755E-01     0.6802742020E-01
    0.2613352868         0.6472427892E-03     0.2355070407E-01     0.1048071168         0.2450618416         0.2803981544E-01     0.6635698232E-01     0.1773124060         0.3279493934         0.1424894997E-01
    0.1251310231         0.1464775286         0.2957063478E-01     0.1111230381         0.2460046402         0.6495063864E-02     0.1745452454E-01     0.4738712804E-01     0.1733264180         0.2022732431E-01
    0.1544305722         0.4710230524E-01
 

 INTERMEDIATE RESULTS BEFORE NEXT TEMPERATURE REDUCTION

  CURRENT TEMPERATURE:              1.1865    
  MIN FUNCTION VALUE SO FAR:   0.211530342249412057E-01
  TOTAL MOVES:                     840
     DOWNHILL:                     622
     ACCEPTED UPHILL:              200
     REJECTED UPHILL:               18
  TRIALS OUT OF BOUNDS:            436
  NEW MINIMA THIS TEMPERATURE:       0

                         CURRENT OPTIMAL X
    0.9789034809         0.2339042556E-01     0.2442185744         0.5634479287         0.6444039680E-01     0.3556110784         0.8410879939         0.5847812996         0.3377357509E-01     0.1609050424    
    0.2463893640         0.9406801700E-01     0.1052442173         0.9115616069         0.9962146639         0.1070122150         0.1521285915         0.7813661576         0.5807079628E-01     0.1582070924    
    0.9034506199         0.1404585533E-02     0.5066919350E-01     0.2795040942         0.5747335215         0.7359735733E-01     0.1580693187         0.4610814104         0.7751148808         0.3629719165E-01
    0.3256302275         0.2992355420         0.6659211698E-01     0.3151465882         0.6143530110         0.1493234013E-01     0.3597508159E-01     0.1345529458         0.5053645342         0.4586207089E-01
    0.3737497396         0.1155503188    

                         STEP LENGTH (VM)
    0.2000059094         0.1157679385E-01     0.1168255461         0.2361316672         0.2717066763E-01     0.1227191546         0.2433275295         0.2222399301         0.1634907064E-01     0.6260369556E-01
    0.1013887962         0.3438763374E-01     0.3964768130E-01     0.2085128943         0.2000018946         0.3911502061E-01     0.5874115732E-01     0.2827763321         0.2456025755E-01     0.6802742020E-01
    0.2613352868         0.6472427892E-03     0.2355070407E-01     0.1048071168         0.2450618416         0.2803981544E-01     0.6635698232E-01     0.1773124060         0.3279493934         0.1424894997E-01
    0.1251310231         0.1464775286         0.2957063478E-01     0.1111230381         0.2460046402         0.6495063864E-02     0.1745452454E-01     0.4738712804E-01     0.1733264180         0.2022732431E-01
    0.1544305722         0.4710230524E-01
 

 INTERMEDIATE RESULTS BEFORE NEXT TEMPERATURE REDUCTION

  CURRENT TEMPERATURE:             0.88989    
  MIN FUNCTION VALUE SO FAR:   0.187652844853275526E-01
  TOTAL MOVES:                     840
     DOWNHILL:                     640
     ACCEPTED UPHILL:              182
     REJECTED UPHILL:               18
  TRIALS OUT OF BOUNDS:            430
  NEW MINIMA THIS TEMPERATURE:       0

                         CURRENT OPTIMAL X
    0.9713315123         0.2533738302E-01     0.2442185744         0.5634479287         0.6444039680E-01     0.3556110784         0.8410879939         0.5847812996         0.3377357509E-01     0.1609050424    
    0.2463893640         0.9406801700E-01     0.1052442173         0.9115616069         0.9962146639         0.1070122150         0.1521285915         0.7813661576         0.5807079628E-01     0.1582070924    
    0.9034506199         0.1404585533E-02     0.5066919350E-01     0.2795040942         0.5747335215         0.7359735733E-01     0.1580693187         0.4610814104         0.7751148808         0.3629719165E-01
    0.3256302275         0.2992355420         0.6659211698E-01     0.3151465882         0.6143530110         0.1493234013E-01     0.3597508159E-01     0.1345529458         0.5053645342         0.4586207089E-01
    0.3737497396         0.1155503188    

                         STEP LENGTH (VM)
    0.2000059094         0.1157679385E-01     0.1168255461         0.2361316672         0.2717066763E-01     0.1227191546         0.2433275295         0.2222399301         0.1634907064E-01     0.6260369556E-01
    0.1013887962         0.3438763374E-01     0.3964768130E-01     0.2085128943         0.2000018946         0.3911502061E-01     0.5874115732E-01     0.2827763321         0.2456025755E-01     0.6802742020E-01
    0.2613352868         0.6472427892E-03     0.2355070407E-01     0.1048071168         0.2450618416         0.2803981544E-01     0.6635698232E-01     0.1773124060         0.3279493934         0.1424894997E-01
    0.1251310231         0.1464775286         0.2957063478E-01     0.1111230381         0.2460046402         0.6495063864E-02     0.1745452454E-01     0.4738712804E-01     0.1733264180         0.2022732431E-01
    0.1544305722         0.4710230524E-01
 

 INTERMEDIATE RESULTS BEFORE NEXT TEMPERATURE REDUCTION

  CURRENT TEMPERATURE:             0.66742    
  MIN FUNCTION VALUE SO FAR:   0.128302445576177950E-01
  TOTAL MOVES:                     840
     DOWNHILL:                     626
     ACCEPTED UPHILL:              198
     REJECTED UPHILL:               16
  TRIALS OUT OF BOUNDS:            411
  NEW MINIMA THIS TEMPERATURE:       0

                         CURRENT OPTIMAL X
    0.9963812713         0.2969085768E-01     0.2519971601         0.5192211931         0.7115212929E-01     0.2938098802         0.7953314915         0.6551345985         0.4144728977E-01     0.1768295577    
    0.2771138166         0.8049005108E-01     0.9466135778E-01     0.8779245117         0.9962146639         0.8911976336E-01     0.1679961150         0.6873013170         0.5571760344E-01     0.1504456801    
    0.7534664243         0.1547264718E-02     0.6939487987E-01     0.2753746958         0.5154641420         0.6261992178E-01     0.1679039241         0.3599612897         0.8612563642         0.4129693749E-01
    0.3127925779         0.3366595143         0.7117551517E-01     0.2690746371         0.6555597314         0.1643024277E-01     0.3651900302E-01     0.1335663052         0.5124786258         0.5378821654E-01
    0.4003160492         0.1335808249    

                         STEP LENGTH (VM)
    0.2000059094         0.1157679385E-01     0.1168255461         0.2361316672         0.2717066763E-01     0.1227191546         0.2433275295         0.2222399301         0.1634907064E-01     0.6260369556E-01
    0.1013887962         0.3438763374E-01     0.3964768130E-01     0.2085128943         0.2000018946         0.3911502061E-01     0.5874115732E-01     0.2827763321         0.2456025755E-01     0.6802742020E-01
    0.2613352868         0.6472427892E-03     0.2355070407E-01     0.1048071168         0.2450618416         0.2803981544E-01     0.6635698232E-01     0.1773124060         0.3279493934         0.1424894997E-01
    0.1251310231         0.1464775286         0.2957063478E-01     0.1111230381         0.2460046402         0.6495063864E-02     0.1745452454E-01     0.4738712804E-01     0.1733264180         0.2022732431E-01
    0.1544305722         0.4710230524E-01
 

 INTERMEDIATE RESULTS BEFORE NEXT TEMPERATURE REDUCTION

  CURRENT TEMPERATURE:             0.50056    
  MIN FUNCTION VALUE SO FAR:   0.128271466900641666E-01
  TOTAL MOVES:                     840
     DOWNHILL:                     609
     ACCEPTED UPHILL:              198
     REJECTED UPHILL:               33
  TRIALS OUT OF BOUNDS:            408
  NEW MINIMA THIS TEMPERATURE:       0

                         CURRENT OPTIMAL X
    0.9963812713         0.2878803395E-01     0.2519971601         0.5192211931         0.7115212929E-01     0.2938098802         0.7953314915         0.6551345985         0.4144728977E-01     0.1768295577    
    0.2771138166         0.8049005108E-01     0.9466135778E-01     0.8779245117         0.9962146639         0.8911976336E-01     0.1679961150         0.6873013170         0.5571760344E-01     0.1504456801    
    0.7534664243         0.1547264718E-02     0.6939487987E-01     0.2753746958         0.5154641420         0.6261992178E-01     0.1679039241         0.3599612897         0.8612563642         0.4129693749E-01
    0.3127925779         0.3366595143         0.7117551517E-01     0.2690746371         0.6555597314         0.1643024277E-01     0.3651900302E-01     0.1335663052         0.5124786258         0.5378821654E-01
    0.4003160492         0.1335808249    

                         STEP LENGTH (VM)
    0.2000059094         0.1157679385E-01     0.1168255461         0.2361316672         0.2717066763E-01     0.1227191546         0.2433275295         0.2222399301         0.1634907064E-01     0.6260369556E-01
    0.1013887962         0.3438763374E-01     0.3964768130E-01     0.2085128943         0.2000018946         0.3911502061E-01     0.5874115732E-01     0.2827763321         0.2456025755E-01     0.6802742020E-01
    0.2613352868         0.6472427892E-03     0.2355070407E-01     0.1048071168         0.2450618416         0.2803981544E-01     0.6635698232E-01     0.1773124060         0.3279493934         0.1424894997E-01
    0.1251310231         0.1464775286         0.2957063478E-01     0.1111230381         0.2460046402         0.6495063864E-02     0.1745452454E-01     0.4738712804E-01     0.1733264180         0.2022732431E-01
    0.1544305722         0.4710230524E-01
 

 INTERMEDIATE RESULTS BEFORE NEXT TEMPERATURE REDUCTION

  CURRENT TEMPERATURE:             0.37542    
  MIN FUNCTION VALUE SO FAR:   0.128235508740392225E-01
  TOTAL MOVES:                     840
     DOWNHILL:                     620
     ACCEPTED UPHILL:              195
     REJECTED UPHILL:               25
  TRIALS OUT OF BOUNDS:            427
  NEW MINIMA THIS TEMPERATURE:       0

                         CURRENT OPTIMAL X
    0.9963812713         0.2787639025E-01     0.2519971601         0.5192211931         0.7115212929E-01     0.2938098802         0.7953314915         0.6551345985         0.4144728977E-01     0.1768295577    
    0.2771138166         0.8049005108E-01     0.9466135778E-01     0.8779245117         0.9962146639         0.8911976336E-01     0.1679961150         0.6873013170         0.5571760344E-01     0.1504456801    
    0.7534664243         0.1547264718E-02     0.6939487987E-01     0.2753746958         0.5154641420         0.6261992178E-01     0.1679039241         0.3599612897         0.8612563642         0.4129693749E-01
    0.3127925779         0.3366595143         0.7117551517E-01     0.2690746371         0.6555597314         0.1643024277E-01     0.3651900302E-01     0.1335663052         0.5124786258         0.5378821654E-01
    0.4003160492         0.1335808249    

                         STEP LENGTH (VM)
    0.2000059094         0.1157679385E-01     0.1168255461         0.2361316672         0.2717066763E-01     0.1227191546         0.2433275295         0.2222399301         0.1634907064E-01     0.6260369556E-01
    0.1013887962         0.3438763374E-01     0.3964768130E-01     0.2085128943         0.1687515773         0.3911502061E-01     0.5874115732E-01     0.2827763321         0.2456025755E-01     0.6802742020E-01
    0.2613352868         0.6472427892E-03     0.2355070407E-01     0.1048071168         0.2450618416         0.2803981544E-01     0.6635698232E-01     0.1773124060         0.3279493934         0.1424894997E-01
    0.1251310231         0.1464775286         0.2957063478E-01     0.1111230381         0.2460046402         0.6495063864E-02     0.1745452454E-01     0.4738712804E-01     0.1733264180         0.2022732431E-01
    0.1544305722         0.4710230524E-01
 

 INTERMEDIATE RESULTS BEFORE NEXT TEMPERATURE REDUCTION

  CURRENT TEMPERATURE:             0.28157    
  MIN FUNCTION VALUE SO FAR:   0.128235508740392225E-01
  TOTAL MOVES:                     840
     DOWNHILL:                     617
     ACCEPTED UPHILL:              195
     REJECTED UPHILL:               28
  TRIALS OUT OF BOUNDS:            429
  NEW MINIMA THIS TEMPERATURE:       0

                         CURRENT OPTIMAL X
    0.9963812713         0.2787639025E-01     0.2519971601         0.5192211931         0.7115212929E-01     0.2938098802         0.7953314915         0.6551345985         0.4144728977E-01     0.1768295577    
    0.2771138166         0.8049005108E-01     0.9466135778E-01     0.8779245117         0.9962146639         0.8911976336E-01     0.1679961150         0.6873013170         0.5571760344E-01     0.1504456801    
    0.7534664243         0.1547264718E-02     0.6939487987E-01     0.2753746958         0.5154641420         0.6261992178E-01     0.1679039241         0.3599612897         0.8612563642         0.4129693749E-01
    0.3127925779         0.3366595143         0.7117551517E-01     0.2690746371         0.6555597314         0.1643024277E-01     0.3651900302E-01     0.1335663052         0.5124786258         0.5378821654E-01
    0.4003160492         0.1335808249    

                         STEP LENGTH (VM)
    0.2000059094         0.1157679385E-01     0.1168255461         0.2361316672         0.2717066763E-01     0.1227191546         0.2433275295         0.2222399301         0.1634907064E-01     0.6260369556E-01
    0.1013887962         0.3438763374E-01     0.3964768130E-01     0.2085128943         0.9186860906E-01     0.3911502061E-01     0.5874115732E-01     0.2827763321         0.2456025755E-01     0.6802742020E-01
    0.2613352868         0.6472427892E-03     0.2355070407E-01     0.1048071168         0.2450618416         0.2803981544E-01     0.6635698232E-01     0.1773124060         0.3279493934         0.1424894997E-01
    0.1251310231         0.1464775286         0.2957063478E-01     0.1111230381         0.2460046402         0.6495063864E-02     0.1745452454E-01     0.4738712804E-01     0.1733264180         0.2022732431E-01
    0.1544305722         0.4710230524E-01
 

 INTERMEDIATE RESULTS BEFORE NEXT TEMPERATURE REDUCTION

  CURRENT TEMPERATURE:             0.21118    
  MIN FUNCTION VALUE SO FAR:   0.128235508740392225E-01
  TOTAL MOVES:                     840
     DOWNHILL:                     612
     ACCEPTED UPHILL:              186
     REJECTED UPHILL:               42
  TRIALS OUT OF BOUNDS:            416
  NEW MINIMA THIS TEMPERATURE:       0

                         CURRENT OPTIMAL X
    0.9963812713         0.2787639025E-01     0.2519971601         0.5192211931         0.7115212929E-01     0.2938098802         0.7953314915         0.6551345985         0.4144728977E-01     0.1768295577    
    0.2771138166         0.8049005108E-01     0.9466135778E-01     0.8779245117         0.9962146639         0.8911976336E-01     0.1679961150         0.6873013170         0.5571760344E-01     0.1504456801    
    0.7534664243         0.1547264718E-02     0.6939487987E-01     0.2753746958         0.5154641420         0.6261992178E-01     0.1679039241         0.3599612897         0.8612563642         0.4129693749E-01
    0.3127925779         0.3366595143         0.7117551517E-01     0.2690746371         0.6555597314         0.1643024277E-01     0.3651900302E-01     0.1335663052         0.5124786258         0.5378821654E-01
    0.4003160492         0.1335808249    

                         STEP LENGTH (VM)
    0.2000059094         0.1157679385E-01     0.1168255461         0.2361316672         0.2717066763E-01     0.1227191546         0.2433275295         0.2222399301         0.1634907064E-01     0.6260369556E-01
    0.1013887962         0.3438763374E-01     0.3964768130E-01     0.2085128943         0.9186858906E-01     0.3911502061E-01     0.5874115732E-01     0.2827763321         0.2456025755E-01     0.6802742020E-01
    0.2613352868         0.6472427892E-03     0.2355070407E-01     0.1048071168         0.2450618416         0.2803981544E-01     0.6635698232E-01     0.1773124060         0.2581729034         0.1424894997E-01
    0.1251310231         0.1464775286         0.2957063478E-01     0.1111230381         0.2460046402         0.6495063864E-02     0.1745452454E-01     0.4738712804E-01     0.1733264180         0.2022732431E-01
    0.1544305722         0.4710230524E-01
 

 INTERMEDIATE RESULTS BEFORE NEXT TEMPERATURE REDUCTION

  CURRENT TEMPERATURE:             0.15838    
  MIN FUNCTION VALUE SO FAR:   0.128235508740392225E-01
  TOTAL MOVES:                     840
     DOWNHILL:                     604
     ACCEPTED UPHILL:              200
     REJECTED UPHILL:               36
  TRIALS OUT OF BOUNDS:            404
  NEW MINIMA THIS TEMPERATURE:       0

                         CURRENT OPTIMAL X
    0.9963812713         0.2787639025E-01     0.2519971601         0.5192211931         0.7115212929E-01     0.2938098802         0.7953314915         0.6551345985         0.4144728977E-01     0.1768295577    
    0.2771138166         0.8049005108E-01     0.9466135778E-01     0.8779245117         0.9962146639         0.8911976336E-01     0.1679961150         0.6873013170         0.5571760344E-01     0.1504456801    
    0.7534664243         0.1547264718E-02     0.6939487987E-01     0.2753746958         0.5154641420         0.6261992178E-01     0.1679039241         0.3599612897         0.8612563642         0.4129693749E-01
    0.3127925779         0.3366595143         0.7117551517E-01     0.2690746371         0.6555597314         0.1643024277E-01     0.3651900302E-01     0.1335663052         0.5124786258         0.5378821654E-01
    0.4003160492         0.1335808249    

                         STEP LENGTH (VM)
    0.2000059094         0.1157679385E-01     0.1168255461         0.2361316672         0.2717066763E-01     0.1227191546         0.2433275295         0.1246751246         0.1634907064E-01     0.6260369556E-01
    0.1013887962         0.3438763374E-01     0.3964768130E-01     0.2085128943         0.4469282565E-01     0.3911502061E-01     0.5874115732E-01     0.2827763321         0.2456025755E-01     0.6802742020E-01
    0.2613352868         0.6472427892E-03     0.2355070407E-01     0.1048071168         0.2450618416         0.2803981544E-01     0.6635698232E-01     0.1773124060         0.2294870195         0.1424894997E-01
    0.1251310231         0.1464775286         0.2957063478E-01     0.1111230381         0.2460046402         0.6495063864E-02     0.1745452454E-01     0.4738712804E-01     0.1733264180         0.2022732431E-01
    0.1544305722         0.4710230524E-01
 

 INTERMEDIATE RESULTS BEFORE NEXT TEMPERATURE REDUCTION

  CURRENT TEMPERATURE:             0.11879    
  MIN FUNCTION VALUE SO FAR:   0.128235508740392225E-01
  TOTAL MOVES:                     840
     DOWNHILL:                     608
     ACCEPTED UPHILL:              193
     REJECTED UPHILL:               39
  TRIALS OUT OF BOUNDS:            398
  NEW MINIMA THIS TEMPERATURE:       0

                         CURRENT OPTIMAL X
    0.9963812713         0.2787639025E-01     0.2519971601         0.5192211931         0.7115212929E-01     0.2938098802         0.7953314915         0.6551345985         0.4144728977E-01     0.1768295577    
    0.2771138166         0.8049005108E-01     0.9466135778E-01     0.8779245117         0.9962146639         0.8911976336E-01     0.1679961150         0.6873013170         0.5571760344E-01     0.1504456801    
    0.7534664243         0.1547264718E-02     0.6939487987E-01     0.2753746958         0.5154641420         0.6261992178E-01     0.1679039241         0.3599612897         0.8612563642         0.4129693749E-01
    0.3127925779         0.3366595143         0.7117551517E-01     0.2690746371         0.6555597314         0.1643024277E-01     0.3651900302E-01     0.1335663052         0.5124786258         0.5378821654E-01
    0.4003160492         0.1335808249    

                         STEP LENGTH (VM)
    0.2000059094         0.1157679385E-01     0.1168255461         0.2361316672         0.2717066763E-01     0.1227191546         0.2433275295         0.8631352999E-01     0.1634907064E-01     0.6260369556E-01
    0.1013887962         0.3438763374E-01     0.3964768130E-01     0.2085128943         0.5046396590E-01     0.3911502061E-01     0.5874115732E-01     0.2827763321         0.2456025755E-01     0.6802742020E-01
    0.2613352868         0.6472427892E-03     0.2355070407E-01     0.1048071168         0.2450618416         0.2803981544E-01     0.6635698232E-01     0.1773124060         0.1311354383         0.1424894997E-01
    0.1251310231         0.1464775286         0.2957063478E-01     0.1111230381         0.2460046402         0.6495063864E-02     0.1745452454E-01     0.4738712804E-01     0.1733264180         0.2022732431E-01
    0.1544305722         0.4710230524E-01
 

 INTERMEDIATE RESULTS BEFORE NEXT TEMPERATURE REDUCTION

  CURRENT TEMPERATURE:             0.89090E-01
  MIN FUNCTION VALUE SO FAR:   0.125635014868441582E-01
  TOTAL MOVES:                     840
     DOWNHILL:                     619
     ACCEPTED UPHILL:              179
     REJECTED UPHILL:               42
  TRIALS OUT OF BOUNDS:            420
  NEW MINIMA THIS TEMPERATURE:       1

                         CURRENT OPTIMAL X
    0.9963812713         0.3373717899E-01     0.3494987410         0.4954159314         0.5688030323E-01     0.2833004735         0.8473999102         0.6551345985         0.3814552750E-01     0.1692442756    
    0.2089966397         0.1004663711         0.1062382017         0.8366821193         0.9962146639         0.1145922993         0.1471632297         0.6910242689         0.6443020786E-01     0.1786483087    
    0.9009097640         0.1526465217E-02     0.5889893211E-01     0.2638219792         0.5318150208         0.7062863308E-01     0.1908858946         0.4561842605         0.8612563642         0.4079014614E-01
    0.2934771075         0.3349232755         0.7968614697E-01     0.2892935769         0.6793761549         0.1338678957E-01     0.4069665540E-01     0.1335663052         0.5124786258         0.5378821654E-01
    0.4003160492         0.1335808249    

                         STEP LENGTH (VM)
    0.2000059094         0.1157679385E-01     0.1168255461         0.2361316672         0.2717066763E-01     0.1227191546         0.2433275295         0.1690306350         0.1634907064E-01     0.6260369556E-01
    0.1013887962         0.3438763374E-01     0.3964768130E-01     0.2085128943         0.3722164435E-01     0.3911502061E-01     0.5874115732E-01     0.2827763321         0.2456025755E-01     0.6802742020E-01
    0.2613352868         0.6472427892E-03     0.2355070407E-01     0.1048071168         0.2450618416         0.2803981544E-01     0.6635698232E-01     0.1773124060         0.1165648312         0.1424894997E-01
    0.1251310231         0.1464775286         0.2957063478E-01     0.1111230381         0.2460046402         0.6495063864E-02     0.1745452454E-01     0.4738712804E-01     0.1733264180         0.2022732431E-01
    0.1544305722         0.4710230524E-01
 

 INTERMEDIATE RESULTS BEFORE NEXT TEMPERATURE REDUCTION

  CURRENT TEMPERATURE:             0.66817E-01
  MIN FUNCTION VALUE SO FAR:   0.125589141098577557E-01
  TOTAL MOVES:                     840
     DOWNHILL:                     616
     ACCEPTED UPHILL:              172
     REJECTED UPHILL:               52
  TRIALS OUT OF BOUNDS:            407
  NEW MINIMA THIS TEMPERATURE:       1

                         CURRENT OPTIMAL X
    0.9963812713         0.3288277747E-01     0.2543567175         0.6866732369         0.5688030323E-01     0.2833004735         0.8473999102         0.6551345985         0.3814552750E-01     0.1692442756    
    0.2089966397         0.1004663711         0.1062382017         0.8366821193         0.9962146639         0.1145922993         0.1471632297         0.6910242689         0.6443020786E-01     0.1786483087    
    0.9009097640         0.1526465217E-02     0.5889893211E-01     0.2638219792         0.5318150208         0.7062863308E-01     0.1908858946         0.4561842605         0.8612563642         0.4079014614E-01
    0.2934771075         0.3349232755         0.7968614697E-01     0.2892935769         0.6793761549         0.1338678957E-01     0.4069665540E-01     0.1335663052         0.5124786258         0.5378821654E-01
    0.4003160492         0.1335808249    

                         STEP LENGTH (VM)
    0.2000059094         0.1157679385E-01     0.1168255461         0.2361316672         0.2717066763E-01     0.1227191546         0.2433275295         0.2818400432E-01     0.1634907064E-01     0.6260369556E-01
    0.1013887962         0.3438763374E-01     0.3964768130E-01     0.2085128943         0.2290562328E-01     0.3911502061E-01     0.5874115732E-01     0.2827763321         0.2456025755E-01     0.6802742020E-01
    0.2613352868         0.6472427892E-03     0.2355070407E-01     0.1048071168         0.2450618416         0.2803981544E-01     0.6635698232E-01     0.1773124060         0.6720854870E-01     0.1424894997E-01
    0.1251310231         0.1464775286         0.2957063478E-01     0.1111230381         0.2460046402         0.6495063864E-02     0.1745452454E-01     0.4738712804E-01     0.1733264180         0.2022732431E-01
    0.1544305722         0.4710230524E-01
 

 INTERMEDIATE RESULTS BEFORE NEXT TEMPERATURE REDUCTION

  CURRENT TEMPERATURE:             0.50113E-01
  MIN FUNCTION VALUE SO FAR:   0.125589141098577557E-01
  TOTAL MOVES:                     840
     DOWNHILL:                     625
     ACCEPTED UPHILL:              165
     REJECTED UPHILL:               50
  TRIALS OUT OF BOUNDS:            420
  NEW MINIMA THIS TEMPERATURE:       0

                         CURRENT OPTIMAL X
    0.9963812713         0.3288277747E-01     0.2543567175         0.6866732369         0.5688030323E-01     0.2833004735         0.8473999102         0.6551345985         0.3814552750E-01     0.1692442756    
    0.2089966397         0.1004663711         0.1062382017         0.8366821193         0.9962146639         0.1145922993         0.1471632297         0.6910242689         0.6443020786E-01     0.1786483087    
    0.9009097640         0.1526465217E-02     0.5889893211E-01     0.2638219792         0.5318150208         0.7062863308E-01     0.1908858946         0.4561842605         0.8612563642         0.4079014614E-01
    0.2934771075         0.3349232755         0.7968614697E-01     0.2892935769         0.6793761549         0.1338678957E-01     0.4069665540E-01     0.1335663052         0.5124786258         0.5378821654E-01
    0.4003160492         0.1335808249    

                         STEP LENGTH (VM)
    0.2000059094         0.1157679385E-01     0.1168255461         0.2361316672         0.2717066763E-01     0.1227191546         0.2433275295         0.5793377648E-01     0.1634907064E-01     0.6260369556E-01
    0.1013887962         0.3438763374E-01     0.3964768130E-01     0.2085128943         0.2302745733E-01     0.3911502061E-01     0.5874115732E-01     0.2827763321         0.2456025755E-01     0.6802742020E-01
    0.2613352868         0.6472427892E-03     0.2355070407E-01     0.1048071168         0.2450618416         0.2803981544E-01     0.6635698232E-01     0.1773124060         0.7770986906E-01     0.1424894997E-01
    0.1251310231         0.1464775286         0.2957063478E-01     0.1111230381         0.2460046402         0.6495063864E-02     0.1745452454E-01     0.4738712804E-01     0.1733264180         0.2022732431E-01
    0.1544305722         0.4710230524E-01
 

 INTERMEDIATE RESULTS BEFORE NEXT TEMPERATURE REDUCTION

  CURRENT TEMPERATURE:             0.37585E-01
  MIN FUNCTION VALUE SO FAR:   0.125589141098577557E-01
  TOTAL MOVES:                     840
     DOWNHILL:                     599
     ACCEPTED UPHILL:              177
     REJECTED UPHILL:               64
  TRIALS OUT OF BOUNDS:            406
  NEW MINIMA THIS TEMPERATURE:       0

                         CURRENT OPTIMAL X
    0.9963812713         0.3288277747E-01     0.2543567175         0.6866732369         0.5688030323E-01     0.2833004735         0.8473999102         0.6551345985         0.3814552750E-01     0.1692442756    
    0.2089966397         0.1004663711         0.1062382017         0.8366821193         0.9962146639         0.1145922993         0.1471632297         0.6910242689         0.6443020786E-01     0.1786483087    
    0.9009097640         0.1526465217E-02     0.5889893211E-01     0.2638219792         0.5318150208         0.7062863308E-01     0.1908858946         0.4561842605         0.8612563642         0.4079014614E-01
    0.2934771075         0.3349232755         0.7968614697E-01     0.2892935769         0.6793761549         0.1338678957E-01     0.4069665540E-01     0.1335663052         0.5124786258         0.5378821654E-01
    0.4003160492         0.1335808249    

                         STEP LENGTH (VM)
    0.2000059094         0.1157679385E-01     0.1168255461         0.2361316672         0.2717066763E-01     0.1227191546         0.2433275295         0.3760613236E-01     0.1634907064E-01     0.6260369556E-01
    0.1013887962         0.3438763374E-01     0.3964768130E-01     0.2085128943         0.1617291807E-01     0.3911502061E-01     0.5874115732E-01     0.2827763321         0.2456025755E-01     0.6802742020E-01
    0.2613352868         0.6472427892E-03     0.2355070407E-01     0.1048071168         0.2450618416         0.2803981544E-01     0.6635698232E-01     0.1773124060         0.5290884167E-01     0.1424894997E-01
    0.1251310231         0.1464775286         0.2957063478E-01     0.1111230381         0.2460046402         0.6495063864E-02     0.1745452454E-01     0.4738712804E-01     0.1733264180         0.2022732431E-01
    0.1544305722         0.4710230524E-01
 

 INTERMEDIATE RESULTS BEFORE NEXT TEMPERATURE REDUCTION

  CURRENT TEMPERATURE:             0.28189E-01
  MIN FUNCTION VALUE SO FAR:   0.125589141098577557E-01
  TOTAL MOVES:                     840
     DOWNHILL:                     594
     ACCEPTED UPHILL:              177
     REJECTED UPHILL:               69
  TRIALS OUT OF BOUNDS:            397
  NEW MINIMA THIS TEMPERATURE:       0

                         CURRENT OPTIMAL X
    0.9963812713         0.3288277747E-01     0.2543567175         0.6866732369         0.5688030323E-01     0.2833004735         0.8473999102         0.6551345985         0.3814552750E-01     0.1692442756    
    0.2089966397         0.1004663711         0.1062382017         0.8366821193         0.9962146639         0.1145922993         0.1471632297         0.6910242689         0.6443020786E-01     0.1786483087    
    0.9009097640         0.1526465217E-02     0.5889893211E-01     0.2638219792         0.5318150208         0.7062863308E-01     0.1908858946         0.4561842605         0.8612563642         0.4079014614E-01
    0.2934771075         0.3349232755         0.7968614697E-01     0.2892935769         0.6793761549         0.1338678957E-01     0.4069665540E-01     0.1335663052         0.5124786258         0.5378821654E-01
    0.4003160492         0.1335808249    

                         STEP LENGTH (VM)
    0.1777830262         0.1157679385E-01     0.1168255461         0.2361316672         0.2717066763E-01     0.1227191546         0.2433275295         0.2058173171E-01     0.1634907064E-01     0.6260369556E-01
    0.1013887962         0.3438763374E-01     0.3964768130E-01     0.2085128943         0.4539765822E-02     0.3911502061E-01     0.5874115732E-01     0.2827763321         0.2456025755E-01     0.6802742020E-01
    0.2613352868         0.6472427892E-03     0.2355070407E-01     0.1048071168         0.2450618416         0.2803981544E-01     0.6635698232E-01     0.1773124060         0.3431924362E-01     0.1424894997E-01
    0.1251310231         0.1464775286         0.2957063478E-01     0.1111230381         0.2460046402         0.6495063864E-02     0.1745452454E-01     0.4738712804E-01     0.1733264180         0.2022732431E-01
    0.1544305722         0.4710230524E-01
 

 INTERMEDIATE RESULTS BEFORE NEXT TEMPERATURE REDUCTION

  CURRENT TEMPERATURE:             0.21141E-01
  MIN FUNCTION VALUE SO FAR:   0.124840654337491728E-01
  TOTAL MOVES:                     840
     DOWNHILL:                     594
     ACCEPTED UPHILL:              164
     REJECTED UPHILL:               82
  TRIALS OUT OF BOUNDS:            373
  NEW MINIMA THIS TEMPERATURE:       0

                         CURRENT OPTIMAL X
    0.9963812713         0.3288277747E-01     0.2422061815         0.5967777723         0.6141046828E-01     0.3416233449         0.9716678421         0.6551345985         0.3698026510E-01     0.1524705409    
    0.2647501751         0.1017098154         0.1031879383         0.9388961930         0.9962146639         0.8940423363E-01     0.1301334012         0.7106917610         0.6085330134E-01     0.1591344016    
    0.9276828822         0.1576534167E-02     0.5111820364E-01     0.3048376604         0.7305557606         0.7646992815E-01     0.1511629616         0.4398947688         0.8612563642         0.3917342709E-01
    0.2934771075         0.3349232755         0.7968614697E-01     0.2892935769         0.6793761549         0.1338678957E-01     0.4069665540E-01     0.1335663052         0.5124786258         0.5378821654E-01
    0.4003160492         0.1335808249    

                         STEP LENGTH (VM)
    0.1793846547         0.1157679385E-01     0.1168255461         0.2361316672         0.2717066763E-01     0.1227191546         0.2433275295         0.1186694395E-01     0.1634907064E-01     0.6260369556E-01
    0.1013887962         0.3438763374E-01     0.3964768130E-01     0.2085128943         0.6463844172E-02     0.3911502061E-01     0.5874115732E-01     0.2827763321         0.2456025755E-01     0.6802742020E-01
    0.2613352868         0.6472427892E-03     0.2355070407E-01     0.1048071168         0.2450618416         0.2803981544E-01     0.6635698232E-01     0.1773124060         0.1961099395E-01     0.1424894997E-01
    0.1251310231         0.1464775286         0.2957063478E-01     0.1111230381         0.2460046402         0.6495063864E-02     0.1745452454E-01     0.4738712804E-01     0.1733264180         0.2022732431E-01
    0.1544305722         0.4710230524E-01
 

 INTERMEDIATE RESULTS BEFORE NEXT TEMPERATURE REDUCTION

  CURRENT TEMPERATURE:             0.15856E-01
  MIN FUNCTION VALUE SO FAR:   0.116992702984419911E-01
  TOTAL MOVES:                     840
     DOWNHILL:                     572
     ACCEPTED UPHILL:              152
     REJECTED UPHILL:              116
  TRIALS OUT OF BOUNDS:            401
  NEW MINIMA THIS TEMPERATURE:       1

                         CURRENT OPTIMAL X
    0.9975590691         0.2473955009E-01     0.2823321030         0.5433522101         0.6782400423E-01     0.2489454994         0.8636883734         0.6618595078         0.4228270025E-01     0.1299892115    
    0.2739613709         0.1002280979         0.1068643254         0.8656942824         0.9983883130         0.1049408103         0.1588724496         0.5913832593         0.6267202670E-01     0.1791531494    
    0.7399771985         0.1640379909E-02     0.6084343552E-01     0.2785393902         0.5047874593         0.7773971583E-01     0.1559721692         0.4724191229         0.8723303885         0.4042037974E-01
    0.2825733661         0.3882301508         0.6885332401E-01     0.2303868981         0.7037305500         0.1427434486E-01     0.4622423874E-01     0.1035429481         0.5077028043         0.4353163029E-01
    0.3131257646         0.1077617074    

                         STEP LENGTH (VM)
    0.4312868918E-01     0.1157679385E-01     0.1168255461         0.2361316672         0.2717066763E-01     0.1227191546         0.2433275295         0.5864743809E-02     0.1634907064E-01     0.6260369556E-01
    0.1013887962         0.3438763374E-01     0.3964768130E-01     0.2085128943         0.3144572737E-02     0.3911502061E-01     0.5874115732E-01     0.2827763321         0.2456025755E-01     0.6802742020E-01
    0.2613352868         0.6472427892E-03     0.2355070407E-01     0.1048071168         0.2450618416         0.2803981544E-01     0.6635698232E-01     0.1773124060         0.1272064455E-01     0.1424894997E-01
    0.1251310231         0.1464775286         0.2957063478E-01     0.1111230381         0.2460046402         0.6495063864E-02     0.1745452454E-01     0.4738712804E-01     0.1733264180         0.2022732431E-01
    0.1544305722         0.4710230524E-01
 

 INTERMEDIATE RESULTS BEFORE NEXT TEMPERATURE REDUCTION

  CURRENT TEMPERATURE:             0.11892E-01
  MIN FUNCTION VALUE SO FAR:   0.116992702984419911E-01
  TOTAL MOVES:                     840
     DOWNHILL:                     592
     ACCEPTED UPHILL:              141
     REJECTED UPHILL:              107
  TRIALS OUT OF BOUNDS:            400
  NEW MINIMA THIS TEMPERATURE:       0

                         CURRENT OPTIMAL X
    0.9975590691         0.2473955009E-01     0.2823321030         0.5433522101         0.6782400423E-01     0.2489454994         0.8636883734         0.6618595078         0.4228270025E-01     0.1299892115    
    0.2739613709         0.1002280979         0.1068643254         0.8656942824         0.9983883130         0.1049408103         0.1588724496         0.5913832593         0.6267202670E-01     0.1791531494    
    0.7399771985         0.1640379909E-02     0.6084343552E-01     0.2785393902         0.5047874593         0.7773971583E-01     0.1559721692         0.4724191229         0.8723303885         0.4042037974E-01
    0.2825733661         0.3882301508         0.6885332401E-01     0.2303868981         0.7037305500         0.1427434486E-01     0.4622423874E-01     0.1035429481         0.5077028043         0.4353163029E-01
    0.3131257646         0.1077617074    

                         STEP LENGTH (VM)
    0.2797536244E-01     0.1157679385E-01     0.1168255461         0.2361316672         0.2717066763E-01     0.1227191546         0.2433275295         0.7422564786E-02     0.1634907064E-01     0.6260369556E-01
    0.1013887962         0.3438763374E-01     0.3964768130E-01     0.2085128943         0.2795175697E-02     0.3911502061E-01     0.5874115732E-01     0.2827763321         0.2456025755E-01     0.6802742020E-01
    0.2613352868         0.6472427892E-03     0.2355070407E-01     0.1048071168         0.2450618416         0.2803981544E-01     0.6635698232E-01     0.1773124060         0.1961098987E-01     0.1424894997E-01
    0.1251310231         0.1464775286         0.2957063478E-01     0.1111230381         0.2460046402         0.6495063864E-02     0.1745452454E-01     0.4738712804E-01     0.1733264180         0.2022732431E-01
    0.1544305722         0.4710230524E-01
 

 INTERMEDIATE RESULTS BEFORE NEXT TEMPERATURE REDUCTION

  CURRENT TEMPERATURE:             0.89190E-02
  MIN FUNCTION VALUE SO FAR:   0.116846534710776887E-01
  TOTAL MOVES:                     840
     DOWNHILL:                     578
     ACCEPTED UPHILL:              146
     REJECTED UPHILL:              116
  TRIALS OUT OF BOUNDS:            384
  NEW MINIMA THIS TEMPERATURE:       0

                         CURRENT OPTIMAL X
    0.9975590691         0.2473955009E-01     0.3065533611         0.5433522101         0.6782400423E-01     0.2489454994         0.8636883734         0.6618595078         0.4228270025E-01     0.1299892115    
    0.2739613709         0.1002280979         0.1068643254         0.8656942824         0.9983883130         0.1049408103         0.1588724496         0.5913832593         0.6267202670E-01     0.1791531494    
    0.7399771985         0.1640379909E-02     0.6084343552E-01     0.2785393902         0.5047874593         0.7773971583E-01     0.1559721692         0.4724191229         0.8723303885         0.4042037974E-01
    0.2825733661         0.3882301508         0.6885332401E-01     0.2303868981         0.7037305500         0.1427434486E-01     0.4622423874E-01     0.1035429481         0.5077028043         0.4353163029E-01
    0.3131257646         0.1077617074    

                         STEP LENGTH (VM)
    0.3263791899E-01     0.1157679385E-01     0.1168255461         0.2361316672         0.2717066763E-01     0.1227191546         0.2433275295         0.3209757560E-02     0.1634907064E-01     0.6260369556E-01
    0.1013887962         0.3438763374E-01     0.3964768130E-01     0.2085128943         0.1863450384E-02     0.3911502061E-01     0.5874115732E-01     0.2827763321         0.2456025755E-01     0.6802742020E-01
    0.2613352868         0.6472427892E-03     0.2355070407E-01     0.1048071168         0.2450618416         0.2803981544E-01     0.6635698232E-01     0.1773124060         0.6188420180E-02     0.1424894997E-01
    0.1251310231         0.1464775286         0.2957063478E-01     0.1111230381         0.2460046402         0.6495063864E-02     0.1745452454E-01     0.4738712804E-01     0.1733264180         0.2022732431E-01
    0.1544305722         0.4710230524E-01
 

 INTERMEDIATE RESULTS BEFORE NEXT TEMPERATURE REDUCTION

  CURRENT TEMPERATURE:             0.66893E-02
  MIN FUNCTION VALUE SO FAR:   0.114294534465373028E-01
  TOTAL MOVES:                     840
     DOWNHILL:                     593
     ACCEPTED UPHILL:              127
     REJECTED UPHILL:              120
  TRIALS OUT OF BOUNDS:            413
  NEW MINIMA THIS TEMPERATURE:       0

                         CURRENT OPTIMAL X
    0.9975590691         0.3118836642E-01     0.2340368616         0.6476767989         0.7056579490E-01     0.2867301799         0.9336928328         0.6666377335         0.4279042801E-01     0.1257418945    
    0.2355761406         0.1030798837         0.9303568907E-01     0.8360920716         0.9983883130         0.9925351242E-01     0.1734592909         0.7668187271         0.5360691824E-01     0.1907533276    
    0.9864588879         0.1938465499E-02     0.4720267191E-01     0.2375798195         0.6276218223         0.7379569088E-01     0.1406537481         0.4316422968         0.8780857532         0.3117078238E-01
    0.3064718383         0.3472231173         0.6144912063E-01     0.2917148450         0.6747578464         0.1427434486E-01     0.4622423874E-01     0.1368722302         0.3585268497         0.4362621414E-01
    0.3483214077         0.1234521966    

                         STEP LENGTH (VM)
    0.1185862082E-01     0.1157679385E-01     0.1168255461         0.2361316672         0.2717066763E-01     0.1227191546         0.2433275295         0.1834146915E-02     0.1634907064E-01     0.6260369556E-01
    0.1013887962         0.3438763374E-01     0.3964768130E-01     0.2085128943         0.1208724556E-02     0.3911502061E-01     0.5874115732E-01     0.2827763321         0.2456025755E-01     0.6802742020E-01
    0.2613352868         0.6472427892E-03     0.2355070407E-01     0.1048071168         0.2450618416         0.2803981544E-01     0.6635698232E-01     0.1773124060         0.3536239597E-02     0.1424894997E-01
    0.1251310231         0.1464775286         0.2957063478E-01     0.1111230381         0.2460046402         0.6495063864E-02     0.1745452454E-01     0.4738712804E-01     0.1733264180         0.2022732431E-01
    0.1544305722         0.4710230524E-01
 

 INTERMEDIATE RESULTS BEFORE NEXT TEMPERATURE REDUCTION

  CURRENT TEMPERATURE:             0.50170E-02
  MIN FUNCTION VALUE SO FAR:   0.113935973844509209E-01
  TOTAL MOVES:                     840
     DOWNHILL:                     560
     ACCEPTED UPHILL:              158
     REJECTED UPHILL:              122
  TRIALS OUT OF BOUNDS:            394
  NEW MINIMA THIS TEMPERATURE:       1

                         CURRENT OPTIMAL X
    0.9975590691         0.3028527565E-01     0.3172677489         0.6476767989         0.7056579490E-01     0.2867301799         0.9336928328         0.6666377335         0.4279042801E-01     0.1257418945    
    0.2355761406         0.1030798837         0.9303568907E-01     0.8360920716         0.9983883130         0.9925351242E-01     0.1734592909         0.7668187271         0.5360691824E-01     0.1907533276    
    0.9864588879         0.1938465499E-02     0.4720267191E-01     0.2375798195         0.6276218223         0.7379569088E-01     0.1406537481         0.4316422968         0.8780857532         0.3117078238E-01
    0.3064718383         0.3472231173         0.6144912063E-01     0.2917148450         0.6747578464         0.1427434486E-01     0.4622423874E-01     0.1368722302         0.3585268497         0.4362621414E-01
    0.3483214077         0.1234521966    

                         STEP LENGTH (VM)
    0.4613687827E-02     0.1157679385E-01     0.1168255461         0.2361316672         0.2717066763E-01     0.1227191546         0.2433275295         0.1580487799E-02     0.1634907064E-01     0.6260369556E-01
    0.1013887962         0.3438763374E-01     0.3964768130E-01     0.2085128943         0.1397587627E-02     0.3911502061E-01     0.5874115732E-01     0.2827763321         0.2456025755E-01     0.6802742020E-01
    0.2613352868         0.6472427892E-03     0.2355070407E-01     0.1048071168         0.2450618416         0.2803981544E-01     0.6635698232E-01     0.1773124060         0.5500816604E-02     0.1424894997E-01
    0.1251310231         0.1464775286         0.2957063478E-01     0.1111230381         0.2460046402         0.6495063864E-02     0.1745452454E-01     0.4738712804E-01     0.1733264180         0.2022732431E-01
    0.1544305722         0.4710230524E-01
 

 INTERMEDIATE RESULTS BEFORE NEXT TEMPERATURE REDUCTION

  CURRENT TEMPERATURE:             0.37627E-02
  MIN FUNCTION VALUE SO FAR:   0.106669495719357282E-01
  TOTAL MOVES:                     840
     DOWNHILL:                     540
     ACCEPTED UPHILL:              113
     REJECTED UPHILL:              187
  TRIALS OUT OF BOUNDS:            368
  NEW MINIMA THIS TEMPERATURE:       4

                         CURRENT OPTIMAL X
    0.9979793449         0.3133549131E-01     0.3290394719         0.5350842740         0.6509622222E-01     0.2584846568         0.9342682717         0.6658792623         0.3434344839E-01     0.1364083791    
    0.2190962346         0.8467248209E-01     0.1177802430         0.8191225445         0.9994699757         0.8369389417E-01     0.1184360260         0.7693991270         0.5923465526E-01     0.1686205668    
    0.8978197948         0.1705981405E-02     0.5773068652E-01     0.2691531863         0.6386568542         0.5883898093E-01     0.1906082328         0.5194422072         0.8771000543         0.3701720832E-01
    0.3039136701         0.3546216782         0.7884319292E-01     0.3174715381         0.5069989770         0.1366528434E-01     0.4199082643E-01     0.1277273609         0.4522412754         0.4220161011E-01
    0.3526230588         0.1075230517    

                         STEP LENGTH (VM)
    0.1358371510E-02     0.1157679385E-01     0.1168255461         0.2361316672         0.2717066763E-01     0.1227191546         0.2433275295         0.4731605791E-03     0.7006744355E-02     0.6260369556E-01
    0.1013887962         0.3438763374E-01     0.3964768130E-01     0.2085128943         0.6799074718E-03     0.3911502061E-01     0.5874115732E-01     0.2827763321         0.2456025755E-01     0.6802742020E-01
    0.2613352868         0.6472427892E-03     0.2355070407E-01     0.1048071168         0.2450618416         0.2803981544E-01     0.6635698232E-01     0.1773124060         0.1571661773E-02     0.1424894997E-01
    0.1251310231         0.1464775286         0.2957063478E-01     0.1111230381         0.2460046402         0.4330042388E-02     0.1551513254E-01     0.4212189055E-01     0.1733264180         0.2022732431E-01
    0.1544305722         0.4710230524E-01
 

 INTERMEDIATE RESULTS BEFORE NEXT TEMPERATURE REDUCTION

  CURRENT TEMPERATURE:             0.28220E-02
  MIN FUNCTION VALUE SO FAR:   0.106589573775249871E-01
  TOTAL MOVES:                     840
     DOWNHILL:                     548
     ACCEPTED UPHILL:              141
     REJECTED UPHILL:              151
  TRIALS OUT OF BOUNDS:            379
  NEW MINIMA THIS TEMPERATURE:       0

                         CURRENT OPTIMAL X
    0.9979793449         0.3315998902E-01     0.3290394719         0.5350842740         0.6509622222E-01     0.2584846568         0.9342682717         0.6658792623         0.3434344839E-01     0.1364083791    
    0.2190962346         0.8467248209E-01     0.1177802430         0.8191225445         0.9994699757         0.8369389417E-01     0.1184360260         0.7693991270         0.5923465526E-01     0.1686205668    
    0.8978197948         0.1705981405E-02     0.5773068652E-01     0.2691531863         0.6386568542         0.5883898093E-01     0.1906082328         0.5194422072         0.8771000543         0.3701720832E-01
    0.3039136701         0.3546216782         0.7884319292E-01     0.3174715381         0.5069989770         0.1366528434E-01     0.4199082643E-01     0.1277273609         0.4522412754         0.4220161011E-01
    0.3526230588         0.1075230517    

                         STEP LENGTH (VM)
    0.1358371510E-02     0.1157679287E-01     0.1168255461         0.1992360690         0.2717066763E-01     0.1227191546         0.2433275295         0.1769599735E-03     0.3638116497E-02     0.5564772800E-01
    0.1013887962         0.3438763374E-01     0.3964768130E-01     0.2085128943         0.2743204141E-03     0.3911502061E-01     0.5874115732E-01     0.2827763321         0.2456025755E-01     0.6802742020E-01
    0.2613352868         0.6472427892E-03     0.2355070407E-01     0.1048071168         0.2450618416         0.2803981544E-01     0.6635698232E-01     0.1773124060         0.6019130033E-03     0.1424894997E-01
    0.1251310231         0.1464775286         0.2957063478E-01     0.1111230381         0.2460046402         0.1404337965E-02     0.1132185059E-01     0.4212189055E-01     0.8432095735E-01     0.2022732431E-01
    0.1544305722         0.4710230524E-01
 

 INTERMEDIATE RESULTS BEFORE NEXT TEMPERATURE REDUCTION

  CURRENT TEMPERATURE:             0.21165E-02
  MIN FUNCTION VALUE SO FAR:   0.106384940511401339E-01
  TOTAL MOVES:                     840
     DOWNHILL:                     511
     ACCEPTED UPHILL:              108
     REJECTED UPHILL:              221
  TRIALS OUT OF BOUNDS:            326
  NEW MINIMA THIS TEMPERATURE:       0

                         CURRENT OPTIMAL X
    0.9982400731         0.3315998902E-01     0.3290394719         0.5350842740         0.6509622222E-01     0.2584846568         0.9342682717         0.6658792623         0.3434344839E-01     0.1364083791    
    0.2190962346         0.8467248209E-01     0.1177802430         0.8191225445         0.9994699757         0.8369389417E-01     0.1184360260         0.7693991270         0.5923465526E-01     0.1686205668    
    0.8978197948         0.1705981405E-02     0.5773068652E-01     0.2691531863         0.6386568542         0.5883898093E-01     0.1906082328         0.5194422072         0.8771000543         0.3701720832E-01
    0.3039136701         0.3546216782         0.7884319292E-01     0.3174715381         0.5069989770         0.1366528434E-01     0.4199082643E-01     0.1277273609         0.4522412754         0.4220161011E-01
    0.3526230588         0.1075230517    

                         STEP LENGTH (VM)
    0.6899664570E-03     0.7717862233E-02     0.2435744826E-01     0.1361479830         0.2717066763E-01     0.1227191546         0.2433275295         0.6618225099E-04     0.2097652673E-02     0.4396857303E-01
    0.5845840276E-01     0.3438763374E-01     0.3964768130E-01     0.2085128943         0.6330470666E-04     0.3911502061E-01     0.5874115732E-01     0.2827763321         0.2456025755E-01     0.6802742020E-01
    0.2613352868         0.6472427892E-03     0.2355070407E-01     0.1048071168         0.2450618416         0.2803981544E-01     0.6635698232E-01     0.1773124060         0.2313659402E-03     0.1085634171E-01
    0.9384826556E-01     0.1098581444         0.2957063478E-01     0.1111230381         0.2460046402         0.1851874094E-03     0.1546084737E-02     0.1012718690E-01     0.6324070846E-01     0.2022732431E-01
    0.1544305722         0.4710230524E-01
 

 INTERMEDIATE RESULTS BEFORE NEXT TEMPERATURE REDUCTION

  CURRENT TEMPERATURE:             0.15874E-02
  MIN FUNCTION VALUE SO FAR:   0.103981036627498954E-01
  TOTAL MOVES:                     840
     DOWNHILL:                     548
     ACCEPTED UPHILL:              117
     REJECTED UPHILL:              175
  TRIALS OUT OF BOUNDS:            319
  NEW MINIMA THIS TEMPERATURE:       3

                         CURRENT OPTIMAL X
    0.9996122232         0.2938845725E-01     0.3268916838         0.6947796817         0.7833695764E-01     0.3310979192         0.7644484522         0.6659312655         0.3304217237E-01     0.1285036737    
    0.2520537079         0.9221308251E-01     0.1094732568         0.7936590570         0.9996404267         0.8971037461E-01     0.1564976666         0.5871846824         0.6185766782E-01     0.1423317681    
    0.8458500704         0.1486959804E-02     0.6264017796E-01     0.2865982022         0.5801524195         0.7220865810E-01     0.1472092170         0.3680331119         0.8768949443         0.3063401655E-01
    0.2708922667         0.3612193857         0.7406159100E-01     0.3115500089         0.6371092983         0.1350160211E-01     0.4212032303E-01     0.1335545787         0.4400842598         0.5132027482E-01
    0.4478779268         0.1366616416    

                         STEP LENGTH (VM)
    0.3131762539E-03     0.1157679385E-01     0.1038449273         0.2361316672         0.2717066763E-01     0.1227191546         0.2433275295         0.3219676970E-04     0.1573239476E-02     0.8538258315E-02
    0.1013887962         0.3438763374E-01     0.3964768130E-01     0.2085128943         0.8440625953E-04     0.3911502061E-01     0.5874115732E-01     0.2827763321         0.2456025755E-01     0.6802742020E-01
    0.2613352868         0.6472427892E-03     0.2355070407E-01     0.1048071168         0.2450618416         0.2803981544E-01     0.6635698232E-01     0.1773124060         0.7622867149E-04     0.1424894997E-01
    0.1251310231         0.1464775286         0.2957063478E-01     0.1111230381         0.2460046402         0.5603779337E-04     0.7521493068E-03     0.4260963834E-02     0.4065473634E-01     0.2022732431E-01
    0.1544305722         0.4710230524E-01
 

 INTERMEDIATE RESULTS BEFORE NEXT TEMPERATURE REDUCTION

  CURRENT TEMPERATURE:             0.11905E-02
  MIN FUNCTION VALUE SO FAR:   0.102147225054510099E-01
  TOTAL MOVES:                     840
     DOWNHILL:                     550
     ACCEPTED UPHILL:              127
     REJECTED UPHILL:              163
  TRIALS OUT OF BOUNDS:            347
  NEW MINIMA THIS TEMPERATURE:       5

                         CURRENT OPTIMAL X
    0.9999535641         0.2941869716E-01     0.2803601684         0.6950737271         0.5608707474E-01     0.3180778456         0.9829169798         0.6659003430         0.3287301084E-01     0.1270376235    
    0.2569792653         0.9944201122E-01     0.1104563728         0.8852618041         0.9996726263         0.7981585662E-01     0.1647691918         0.7914754204         0.5333699897E-01     0.1701109754    
    0.7911612292         0.1940385482E-02     0.6534204637E-01     0.2708477263         0.5373735455         0.8291753360E-01     0.1678756367         0.4142389336         0.8770352967         0.3804408686E-01
    0.2615290036         0.3925030453         0.6690723045E-01     0.2520757932         0.6227664754         0.1341910252E-01     0.4135209185E-01     0.1297565770         0.3499497044         0.5003457285E-01
    0.3156898848         0.1211921432    

                         STEP LENGTH (VM)
    0.3131762236E-03     0.6615310702E-02     0.1038449273         0.2361316672         0.2717066763E-01     0.1227191546         0.2433275295         0.3622135952E-04     0.1020479532E-02     0.3659252972E-02
    0.5793645438E-01     0.3438763374E-01     0.3964768130E-01     0.2085128943         0.2004648280E-03     0.3911502061E-01     0.5874115732E-01     0.2827763321         0.2456025755E-01     0.6802742020E-01
    0.2613352868         0.6472427892E-03     0.2355070407E-01     0.1048071168         0.2450618416         0.2803981544E-01     0.6635698232E-01     0.1773124060         0.1513890449E-03     0.1424894997E-01
    0.1251310231         0.1464775286         0.2957063478E-01     0.1111230381         0.2460046402         0.2557088756E-04     0.5014328494E-03     0.1199382201E-01     0.5109311010E-01     0.2022732431E-01
    0.1544305722         0.4710230524E-01
 

 INTERMEDIATE RESULTS BEFORE NEXT TEMPERATURE REDUCTION

  CURRENT TEMPERATURE:             0.89291E-03
  MIN FUNCTION VALUE SO FAR:   0.101051659962528989E-01
  TOTAL MOVES:                     840
     DOWNHILL:                     567
     ACCEPTED UPHILL:              150
     REJECTED UPHILL:              123
  TRIALS OUT OF BOUNDS:            350
  NEW MINIMA THIS TEMPERATURE:       2

                         CURRENT OPTIMAL X
    0.9998007047         0.2785991508E-01     0.3406715868         0.5964230515         0.6203597347E-01     0.2788979942         0.8962532184         0.6660472184         0.3322737803E-01     0.1257211532    
    0.2188445188         0.7422861235E-01     0.8980640727E-01     0.8063013975         0.9998935125         0.1085952654         0.1225047292         0.8132442152         0.5355220624E-01     0.1651846039    
    0.8173776950         0.1748275710E-02     0.5863471337E-01     0.2117012346         0.6307934750         0.8315728038E-01     0.1548620399         0.4637361161         0.8771731916         0.3432643700E-01
    0.3003639687         0.3817819747         0.7952338455E-01     0.2795336662         0.6514394816         0.1345086144E-01     0.4324699044E-01     0.1069798273         0.4122728340         0.4377377152E-01
    0.4516374532         0.1353944551    

                         STEP LENGTH (VM)
    0.3523232137E-03     0.1157679385E-01     0.1168255461         0.2361316672         0.2717066763E-01     0.1227191546         0.2433275295         0.1832448209E-03     0.7291601187E-03     0.3087494305E-02
    0.5793645438E-01     0.3438763374E-01     0.3964768130E-01     0.2085128943         0.4988524412E-04     0.3911502061E-01     0.5874115732E-01     0.2827763321         0.2456025755E-01     0.6802742020E-01
    0.2613352868         0.6472427892E-03     0.2355070407E-01     0.1048071168         0.2450618416         0.2803981544E-01     0.6635698232E-01     0.1773124060         0.1513890334E-03     0.1424894997E-01
    0.1251310231         0.1464775286         0.2957063478E-01     0.1111230381         0.2460046402         0.2557088470E-04     0.2603593346E-03     0.1421489848E-01     0.1152681808         0.2022732431E-01
    0.1544305722         0.4710230524E-01
 

 INTERMEDIATE RESULTS BEFORE NEXT TEMPERATURE REDUCTION

  CURRENT TEMPERATURE:             0.66968E-03
  MIN FUNCTION VALUE SO FAR:   0.101034981869773527E-01
  TOTAL MOVES:                     840
     DOWNHILL:                     586
     ACCEPTED UPHILL:              151
     REJECTED UPHILL:              103
  TRIALS OUT OF BOUNDS:            329
  NEW MINIMA THIS TEMPERATURE:       0

                         CURRENT OPTIMAL X
    0.9997954879         0.2785991508E-01     0.3406715868         0.5964230515         0.6203597347E-01     0.2788979942         0.8962532184         0.6660472184         0.3322737803E-01     0.1257211532    
    0.2188445188         0.7422861235E-01     0.8980640727E-01     0.8063013975         0.9998935125         0.1085952654         0.1225047292         0.8132442152         0.5355220624E-01     0.1651846039    
    0.8173776950         0.1748275710E-02     0.5863471337E-01     0.2117012346         0.6307934750         0.8315728038E-01     0.1548620399         0.4637361161         0.8771731916         0.3432643700E-01
    0.3003639687         0.3817819747         0.7952338455E-01     0.2795336662         0.6514394816         0.1345086144E-01     0.4324699044E-01     0.1069798273         0.4122728340         0.4377377152E-01
    0.4516374532         0.1353944551    

                         STEP LENGTH (VM)
    0.4175682040E-03     0.1157679385E-01     0.1168255461         0.2361316672         0.2717066763E-01     0.1227191546         0.2433275295         0.1739393791E-03     0.6481423116E-03     0.2744439314E-02
    0.5637059215E-01     0.3438763374E-01     0.3964768130E-01     0.2085128943         0.2397316687E-03     0.3911502061E-01     0.5874115732E-01     0.2827763321         0.2456025755E-01     0.6802742020E-01
    0.2613352868         0.6472427892E-03     0.2355070407E-01     0.1048071168         0.2450618416         0.2803981544E-01     0.6635698232E-01     0.1773124060         0.2874024986E-03     0.1424894997E-01
    0.1251310231         0.1464775286         0.2957063478E-01     0.1111230381         0.2460046402         0.2272967472E-04     0.2843420232E-02     0.4738712804E-01     0.1733264180         0.2022732431E-01
    0.1544305722         0.4710230524E-01
 

 INTERMEDIATE RESULTS BEFORE NEXT TEMPERATURE REDUCTION

  CURRENT TEMPERATURE:             0.50226E-03
  MIN FUNCTION VALUE SO FAR:   0.101034981869773527E-01
  TOTAL MOVES:                     840
     DOWNHILL:                     614
     ACCEPTED UPHILL:              139
     REJECTED UPHILL:               87
  TRIALS OUT OF BOUNDS:            357
  NEW MINIMA THIS TEMPERATURE:       0

                         CURRENT OPTIMAL X
    0.9997954879         0.2785991508E-01     0.3406715868         0.5964230515         0.6203597347E-01     0.2788979942         0.8962532184         0.6660472184         0.3322737803E-01     0.1257211532    
    0.2188445188         0.7422861235E-01     0.8980640727E-01     0.8063013975         0.9998935125         0.1085952654         0.1225047292         0.8132442152         0.5355220624E-01     0.1651846039    
    0.8173776950         0.1748275710E-02     0.5863471337E-01     0.2117012346         0.6307934750         0.8315728038E-01     0.1548620399         0.4637361161         0.8771731916         0.3432643700E-01
    0.3003639687         0.3817819747         0.7952338455E-01     0.2795336662         0.6514394816         0.1345086144E-01     0.4324699044E-01     0.1069798273         0.4122728340         0.4377377152E-01
    0.4516374532         0.1353944551    

                         STEP LENGTH (VM)
    0.9248480589E-03     0.1157679385E-01     0.1168255461         0.2361316672         0.2717066763E-01     0.1227191546         0.2433275295         0.2383613458E-03     0.7681685750E-03     0.4116658145E-02
    0.5637059215E-01     0.3438763374E-01     0.3964768130E-01     0.2085128943         0.1836242185E-03     0.3911502061E-01     0.5874115732E-01     0.2827763321         0.2456025755E-01     0.6802742020E-01
    0.2613352868         0.6472427892E-03     0.2355070407E-01     0.1048071168         0.2450618416         0.2803981544E-01     0.6635698232E-01     0.1773124060         0.3973959981E-03     0.1424894997E-01
    0.1251310231         0.1464775286         0.2957063478E-01     0.1111230381         0.2460046402         0.2557087792E-04     0.9497810771E-02     0.4738712804E-01     0.1733264180         0.2022732431E-01
    0.1544305722         0.4710230524E-01
 

 INTERMEDIATE RESULTS BEFORE NEXT TEMPERATURE REDUCTION

  CURRENT TEMPERATURE:             0.37670E-03
  MIN FUNCTION VALUE SO FAR:   0.100604276651366960E-01
  TOTAL MOVES:                     840
     DOWNHILL:                     568
     ACCEPTED UPHILL:              143
     REJECTED UPHILL:              129
  TRIALS OUT OF BOUNDS:            330
  NEW MINIMA THIS TEMPERATURE:       1

                         CURRENT OPTIMAL X
    0.9998711997         0.3382466177E-01     0.3453225235         0.5677593416         0.5806857911E-01     0.3289962134         0.8080496402         0.6660472184         0.3295879089E-01     0.1257015877    
    0.2275178175         0.8356859730E-01     0.1169652983         0.9731187375         0.9999412242         0.1047319555         0.1233949350         0.7552841228         0.4924691308E-01     0.1747625524    
    0.8549305486         0.1357678338E-02     0.6980040382E-01     0.2927741961         0.6332015268         0.6309949222E-01     0.1576198436         0.3998298994         0.8771731916         0.3808790413E-01
    0.3489325953         0.3910751763         0.6874857054E-01     0.3030309417         0.5764247658         0.1346829059E-01     0.4324699044E-01     0.9691698940E-01     0.4981235462         0.5845893217E-01
    0.3636765997         0.1174428682    

                         STEP LENGTH (VM)
    0.3658738779E-03     0.1157679385E-01     0.1168255461         0.2361316672         0.2717066763E-01     0.1227191546         0.2433275295         0.2344168094E-03     0.4861066059E-03     0.2315620120E-02
    0.2878498300E-01     0.3438763374E-01     0.3964768130E-01     0.2085128943         0.1266699733E-03     0.3911502061E-01     0.5874115732E-01     0.2827763321         0.2456025755E-01     0.6802742020E-01
    0.2613352868         0.6472427892E-03     0.2355070407E-01     0.1048071168         0.2450618416         0.2803981544E-01     0.6635698232E-01     0.1773124060         0.2018519058E-03     0.1424894997E-01
    0.1251310231         0.1464775286         0.2957063478E-01     0.1111230381         0.2460046402         0.2099230375E-04     0.3999077674E-02     0.2707835859E-01     0.1733264180         0.2022732431E-01
    0.1544305722         0.4710230524E-01
 

 INTERMEDIATE RESULTS BEFORE NEXT TEMPERATURE REDUCTION

  CURRENT TEMPERATURE:             0.28252E-03
  MIN FUNCTION VALUE SO FAR:   0.100427099881848243E-01
  TOTAL MOVES:                     840
     DOWNHILL:                     569
     ACCEPTED UPHILL:              129
     REJECTED UPHILL:              142
  TRIALS OUT OF BOUNDS:            362
  NEW MINIMA THIS TEMPERATURE:       2

                         CURRENT OPTIMAL X
    0.9998711997         0.3288602062E-01     0.3035300019         0.4725525100         0.5575226944E-01     0.3274956679         0.9019539449         0.6660237343         0.3295879089E-01     0.1253073256    
    0.2275178175         0.8516826475E-01     0.9198618164E-01     0.9611869125         0.9999970112         0.1130542131         0.1690450602         0.6139718707         0.6295112174E-01     0.1734418918    
    0.8940510043         0.1670758032E-02     0.6980040382E-01     0.2927741961         0.6332015268         0.6309949222E-01     0.1576198436         0.3998298994         0.8771731916         0.3808790413E-01
    0.3489325953         0.3910751763         0.6874857054E-01     0.3030309417         0.5764247658         0.1346829059E-01     0.4324699044E-01     0.9691698940E-01     0.4981235462         0.5845893217E-01
    0.3636765997         0.1174428682    

                         STEP LENGTH (VM)
    0.6602235172E-04     0.5911554261E-02     0.1168255461         0.2361316672         0.2717066763E-01     0.1227191546         0.2433275295         0.2880052880E-04     0.4016075563E-03     0.1689776639E-02
    0.2286466489E-01     0.3438763374E-01     0.3964768130E-01     0.2085128943         0.1303304842E-04     0.3911502061E-01     0.5874115732E-01     0.2827763321         0.2456025755E-01     0.6802742020E-01
    0.2613352868         0.6472427892E-03     0.2355070407E-01     0.1048071168         0.2450618416         0.2803981544E-01     0.6635698232E-01     0.1773124060         0.2800194276E-04     0.1424894997E-01
    0.1251310231         0.1464775286         0.2957063478E-01     0.1111230381         0.2460046402         0.3092505777E-05     0.4853489706E-02     0.4738712804E-01     0.1733264180         0.2022732431E-01
    0.1544305722         0.4710230524E-01
 

  SA ACHIEVED TERMINATION CRITERIA. IER = 0. 


  ****   RESULTS AFTER SA   ****   

                         SOLUTION
    0.9998711997         0.3288602062E-01     0.3035300019         0.4725525100         0.5575226944E-01     0.3274956679         0.9019539449         0.6660237343         0.3295879089E-01     0.1253073256    
    0.2275178175         0.8516826475E-01     0.9198618164E-01     0.9611869125         0.9999970112         0.1130542131         0.1690450602         0.6139718707         0.6295112174E-01     0.1734418918    
    0.8940510043         0.1670758032E-02     0.6980040382E-01     0.2927741961         0.6332015268         0.6309949222E-01     0.1576198436         0.3998298994         0.8771731916         0.3808790413E-01
    0.3489325953         0.3910751763         0.6874857054E-01     0.3030309417         0.5764247658         0.1346829059E-01     0.4324699044E-01     0.9691698940E-01     0.4981235462         0.5845893217E-01
    0.3636765997         0.1174428682    

                         FINAL STEP LENGTH
    0.6602235172E-04     0.5911554261E-02     0.1168255461         0.2361316672         0.2717066763E-01     0.1227191546         0.2433275295         0.2880052880E-04     0.4016075563E-03     0.1689776639E-02
    0.2286466489E-01     0.3438763374E-01     0.3964768130E-01     0.2085128943         0.1303304842E-04     0.3911502061E-01     0.5874115732E-01     0.2827763321         0.2456025755E-01     0.6802742020E-01
    0.2613352868         0.6472427892E-03     0.2355070407E-01     0.1048071168         0.2450618416         0.2803981544E-01     0.6635698232E-01     0.1773124060         0.2800194276E-04     0.1424894997E-01
    0.1251310231         0.1464775286         0.2957063478E-01     0.1111230381         0.2460046402         0.3092505777E-05     0.4853489706E-02     0.4738712804E-01     0.1733264180         0.2022732431E-01
    0.1544305722         0.4710230524E-01

 OPTIMAL FUNCTION VALUE:  0.1004270998818E-01
 NUMBER OF FUNCTION EVALUATIONS:          29401
 NUMBER OF ACCEPTED EVALUATIONS:          26678
 NUMBER OF OUT OF BOUND EVALUATIONS:      13726
 FINAL TEMP:  0.2825224473393E-03  IER:   0
