
 SIMULATED PARALLEL ANNEALING by NEIGHBORHOOD EXAMPLE

 NUMBER OF PARAMETERS:  42   MAXIMAZATION:     F
 INITIAL TEMP:  5.0       RT: 0.75       EPS: 0.10E-02
 NS:  24   NT:   5   NEPS:  4
 MAXEVL:  100000000   IPRINT: 1   ISEED1:    7 ISEED2:    8

                         STARTING VALUES
    0.9999308825         0.3046029638E-01     0.3500230590         0.8276626631         0.8288294905E-01     0.2677313457         0.7128348899         0.5576592473         0.2368823713E-01     0.1023442732    
    0.1500669188         0.5064147031E-01     0.9975543659E-01     0.8215774862         0.9999773693         0.1044177100         0.1144972273         0.8144734538         0.8952962882E-01     0.1618407825    
    0.9447662943         0.1821772849E-02     0.6434956616E-01     0.3061246087         0.6683753752         0.4519144492E-01     0.9704773657E-01     0.4557140119         0.6699517425         0.4134895365E-01
    0.2762642241         0.4265791644         0.5668836440E-01     0.2051567054         0.6538731434         0.1520478470E-01     0.3366334642E-01     0.1285885305         0.5080588703         0.2650027386E-01
    0.4839116381         0.8655458442E-01

                         INITIAL STEP LENGTH
    0.2000552940         0.1218411855E-01     0.1400092236         0.3310650652         0.3315317962E-01     0.1070925383         0.2851339560         0.2230636989         0.9475294852E-02     0.4093770928E-01
    0.6002676752E-01     0.2025658812E-01     0.3990217464E-01     0.3286309945         0.2000181046         0.4176708400E-01     0.4579889092E-01     0.3257893815         0.3581185153E-01     0.6473631300E-01
    0.2441869646         0.7287091396E-03     0.2573982646E-01     0.1224498435         0.2673501501         0.1807657797E-01     0.3881909463E-01     0.1822856048         0.2679806970         0.1653958146E-01
    0.1105056896         0.1706316658         0.2267534576E-01     0.8206268216E-01     0.2615492574         0.6081913880E-02     0.1346533857E-01     0.5143541220E-01     0.2032235481         0.1060010954E-01
    0.1935646552         0.3462183377E-01

                         LOWER BOUND
    0.7999447060         0.2436823710E-01     0.2800184472         0.6621301305         0.6630635924E-01     0.2141850766         0.5702679119         0.4461273978         0.1895058970E-01     0.1000000000    
    0.1200535350         0.4051317625E-01     0.7980434927E-01     0.6572619890         0.7999818954         0.8353416800E-01     0.1000000000         0.6515787630         0.7162370306E-01     0.1294726260    
    0.7558130354         0.1457418279E-02     0.5147965293E-01     0.2448996870         0.5347003002         0.3615315594E-01     0.7763818926E-01     0.3645712095         0.5359613940         0.3307916292E-01
    0.2210113793         0.3412633315         0.4535069152E-01     0.1641253643         0.5230985147         0.1216382776E-01     0.2693067714E-01     0.1028708244         0.4064470962         0.2120021909E-01
    0.3871293105         0.6924366754E-01

                         UPPER BOUND
     1.000000000         0.3655235566E-01     0.4200276708         0.9931951957         0.9945953886E-01     0.3212776148         0.8554018679         0.6691910968         0.2842588456E-01     0.1228131278    
    0.1800803026         0.6076976437E-01     0.1197065239         0.9858929834          1.000000000         0.1253012520         0.1373966728         0.9773681446         0.1074355546         0.1942089390    
     1.000000000         0.2186127419E-02     0.7721947939E-01     0.3673495304         0.8020504502         0.5422973390E-01     0.1164572839         0.5468568143         0.8039420910         0.4961874438E-01
    0.3315170689         0.5118949973         0.6802603728E-01     0.2461880465         0.7846477721         0.1824574164E-01     0.4039601570E-01     0.1543062366         0.6096706444         0.3180032863E-01
    0.5806939657         0.1038655013    

                         C VECTOR
     2.000000000          2.000000000          2.000000000          2.000000000          2.000000000          2.000000000          2.000000000          2.000000000          2.000000000          2.000000000    
     2.000000000          2.000000000          2.000000000          2.000000000          2.000000000          2.000000000          2.000000000          2.000000000          2.000000000          2.000000000    
     2.000000000          2.000000000          2.000000000          2.000000000          2.000000000          2.000000000          2.000000000          2.000000000          2.000000000          2.000000000    
     2.000000000          2.000000000          2.000000000          2.000000000          2.000000000          2.000000000          2.000000000          2.000000000          2.000000000          2.000000000    
     2.000000000          2.000000000    

  ****   END OF DRIVER ROUTINE OUTPUT   ****
  ****   BEFORE CALL TO SA.             ****
  

                         INITIAL X
    0.9999308825         0.3046029638E-01     0.3500230590         0.8276626631         0.8288294905E-01     0.2677313457         0.7128348899         0.5576592473         0.2368823713E-01     0.1023442732    
    0.1500669188         0.5064147031E-01     0.9975543659E-01     0.8215774862         0.9999773693         0.1044177100         0.1144972273         0.8144734538         0.8952962882E-01     0.1618407825    
    0.9447662943         0.1821772849E-02     0.6434956616E-01     0.3061246087         0.6683753752         0.4519144492E-01     0.9704773657E-01     0.4557140119         0.6699517425         0.4134895365E-01
    0.2762642241         0.4265791644         0.5668836440E-01     0.2051567054         0.6538731434         0.1520478470E-01     0.3366334642E-01     0.1285885305         0.5080588703         0.2650027386E-01
    0.4839116381         0.8655458442E-01
  INITIAL F: 
 0.124112763258723807    

 INTERMEDIATE RESULTS BEFORE NEXT TEMPERATURE REDUCTION

  CURRENT TEMPERATURE:              5.0000    
  MIN FUNCTION VALUE SO FAR:   0.407254970824835957E-01
  TOTAL MOVES:                     840
     DOWNHILL:                     653
     ACCEPTED UPHILL:              185
     REJECTED UPHILL:                2
  TRIALS OUT OF BOUNDS:            409
  NEW MINIMA THIS TEMPERATURE:       4

                         CURRENT OPTIMAL X
    0.8913389520         0.3254822668E-01     0.3191891722         0.7783190933         0.7459927620E-01     0.2270208364         0.5962345334         0.5519783692         0.2612064791E-01     0.1086283844    
    0.1451046864         0.4626664331E-01     0.8326588079E-01     0.9368031731         0.9897533560         0.8679616091E-01     0.1163786380         0.6778565221         0.1005001709         0.1723137036    
    0.9132928680         0.1808198020E-02     0.5921570213E-01     0.2907961176         0.6266387408         0.5080352035E-01     0.8830434844E-01     0.4104382927         0.5780623653         0.4111862788E-01
    0.2394363405         0.4084872741         0.5076331215E-01     0.1695532833         0.5864627107         0.1477093779E-01     0.2747682254E-01     0.1130458731         0.5399264368         0.2432946799E-01
    0.5795775307         0.8973020580E-01

                         STEP LENGTH (VM)
    0.2000552940         0.1218411855E-01     0.1400092236         0.3310650652         0.3315317962E-01     0.1070925383         0.2851339560         0.2230636989         0.9475294852E-02     0.2281312784E-01
    0.6002676752E-01     0.2025658812E-01     0.3990217464E-01     0.3286309945         0.2000181046         0.4176708400E-01     0.3739667276E-01     0.3257893815         0.3581185153E-01     0.6473631300E-01
    0.2441869646         0.7287091396E-03     0.2573982646E-01     0.1224498435         0.2673501501         0.1807657797E-01     0.3881909463E-01     0.1822856048         0.2679806970         0.1653958146E-01
    0.1105056896         0.1706316658         0.2267534576E-01     0.8206268216E-01     0.2615492574         0.6081913880E-02     0.1346533857E-01     0.5143541220E-01     0.2032235481         0.1060010954E-01
    0.1935646552         0.3462183377E-01
 

 INTERMEDIATE RESULTS BEFORE NEXT TEMPERATURE REDUCTION

  CURRENT TEMPERATURE:              3.7500    
  MIN FUNCTION VALUE SO FAR:   0.361939331850728019E-01
  TOTAL MOVES:                     840
     DOWNHILL:                     653
     ACCEPTED UPHILL:              185
     REJECTED UPHILL:                2
  TRIALS OUT OF BOUNDS:            412
  NEW MINIMA THIS TEMPERATURE:       0

                         CURRENT OPTIMAL X
    0.9825878893         0.3400158659E-01     0.3635770325         0.7570783766         0.7953691998E-01     0.2951546360         0.7976007908         0.5395039281         0.2197895876E-01     0.1026801932    
    0.1451046864         0.4626664331E-01     0.8326588079E-01     0.9368031731         0.9897533560         0.8679616091E-01     0.1163786380         0.6778565221         0.1005001709         0.1723137036    
    0.9132928680         0.1808198020E-02     0.5921570213E-01     0.2907961176         0.6266387408         0.5080352035E-01     0.8830434844E-01     0.4104382927         0.5780623653         0.4111862788E-01
    0.2394363405         0.4084872741         0.5076331215E-01     0.1695532833         0.5864627107         0.1477093779E-01     0.2747682254E-01     0.1130458731         0.5399264368         0.2432946799E-01
    0.5795775307         0.8973020580E-01

                         STEP LENGTH (VM)
    0.2000552940         0.1218411855E-01     0.1400092236         0.3310650652         0.3315317962E-01     0.1070925383         0.2851339560         0.2230636989         0.9475294852E-02     0.2281312784E-01
    0.6002676752E-01     0.2025658812E-01     0.3990217464E-01     0.3286309945         0.2000181046         0.4176708400E-01     0.3739667276E-01     0.3257893815         0.3581185153E-01     0.6473631300E-01
    0.2441869646         0.7287091396E-03     0.2573982646E-01     0.1224498435         0.2673501501         0.1807657797E-01     0.3881909463E-01     0.1822856048         0.2679806970         0.1653958146E-01
    0.1105056896         0.1706316658         0.2267534576E-01     0.8206268216E-01     0.2615492574         0.6081913880E-02     0.1346533857E-01     0.5143541220E-01     0.2032235481         0.1060010954E-01
    0.1935646552         0.3462183377E-01
 

 INTERMEDIATE RESULTS BEFORE NEXT TEMPERATURE REDUCTION

  CURRENT TEMPERATURE:              2.8125    
  MIN FUNCTION VALUE SO FAR:   0.361939331850728019E-01
  TOTAL MOVES:                     840
     DOWNHILL:                     649
     ACCEPTED UPHILL:              188
     REJECTED UPHILL:                3
  TRIALS OUT OF BOUNDS:            406
  NEW MINIMA THIS TEMPERATURE:       0

                         CURRENT OPTIMAL X
    0.9825878893         0.3400158659E-01     0.3635770325         0.7570783766         0.7953691998E-01     0.2951546360         0.7976007908         0.5395039281         0.2197895876E-01     0.1026801932    
    0.1451046864         0.4626664331E-01     0.8326588079E-01     0.9368031731         0.9897533560         0.8679616091E-01     0.1163786380         0.6778565221         0.1005001709         0.1723137036    
    0.9132928680         0.1808198020E-02     0.5921570213E-01     0.2907961176         0.6266387408         0.5080352035E-01     0.8830434844E-01     0.4104382927         0.5780623653         0.4111862788E-01
    0.2394363405         0.4084872741         0.5076331215E-01     0.1695532833         0.5864627107         0.1477093779E-01     0.2747682254E-01     0.1130458731         0.5399264368         0.2432946799E-01
    0.5795775307         0.8973020580E-01

                         STEP LENGTH (VM)
    0.2000552940         0.1218411855E-01     0.1400092236         0.3310650652         0.3315317962E-01     0.1070925383         0.2851339560         0.2230636989         0.9475294852E-02     0.2281312784E-01
    0.6002676752E-01     0.2025658812E-01     0.3990217464E-01     0.3286309945         0.2000181046         0.4176708400E-01     0.3739667276E-01     0.3257893815         0.3581185153E-01     0.6473631300E-01
    0.2441869646         0.7287091396E-03     0.2573982646E-01     0.1224498435         0.2673501501         0.1807657797E-01     0.3881909463E-01     0.1822856048         0.2679806970         0.1653958146E-01
    0.1105056896         0.1706316658         0.2267534576E-01     0.8206268216E-01     0.2615492574         0.6081913880E-02     0.1346533857E-01     0.5143541220E-01     0.2032235481         0.1060010954E-01
    0.1935646552         0.3462183377E-01
 

 INTERMEDIATE RESULTS BEFORE NEXT TEMPERATURE REDUCTION

  CURRENT TEMPERATURE:              2.1094    
  MIN FUNCTION VALUE SO FAR:   0.312995652009459696E-01
  TOTAL MOVES:                     840
     DOWNHILL:                     638
     ACCEPTED UPHILL:              199
     REJECTED UPHILL:                3
  TRIALS OUT OF BOUNDS:            412
  NEW MINIMA THIS TEMPERATURE:       0

                         CURRENT OPTIMAL X
    0.9502407110         0.2621088393E-01     0.4191195962         0.7348014201         0.7953691998E-01     0.2951546360         0.7976007908         0.5395039281         0.2197895876E-01     0.1026801932    
    0.1451046864         0.4626664331E-01     0.8326588079E-01     0.9368031731         0.9897533560         0.8679616091E-01     0.1163786380         0.6778565221         0.1005001709         0.1723137036    
    0.9132928680         0.1808198020E-02     0.5921570213E-01     0.2907961176         0.6266387408         0.5080352035E-01     0.8830434844E-01     0.4104382927         0.5780623653         0.4111862788E-01
    0.2394363405         0.4084872741         0.5076331215E-01     0.1695532833         0.5864627107         0.1477093779E-01     0.2747682254E-01     0.1130458731         0.5399264368         0.2432946799E-01
    0.5795775307         0.8973020580E-01

                         STEP LENGTH (VM)
    0.2000552940         0.1218411855E-01     0.1400092236         0.3310650652         0.3315317962E-01     0.1070925383         0.2851339560         0.2230636989         0.9475294852E-02     0.2281312784E-01
    0.6002676752E-01     0.2025658812E-01     0.3990217464E-01     0.3286309945         0.2000181046         0.4176708400E-01     0.3739667276E-01     0.3257893815         0.3581185153E-01     0.6473631300E-01
    0.2441869646         0.7287091396E-03     0.2573982646E-01     0.1224498435         0.2673501501         0.1807657797E-01     0.3881909463E-01     0.1822856048         0.2679806970         0.1653958146E-01
    0.1105056896         0.1706316658         0.2267534576E-01     0.8206268216E-01     0.2615492574         0.6081913880E-02     0.1346533857E-01     0.5143541220E-01     0.2032235481         0.1060010954E-01
    0.1935646552         0.3462183377E-01
 

 INTERMEDIATE RESULTS BEFORE NEXT TEMPERATURE REDUCTION

  CURRENT TEMPERATURE:              1.5820    
  MIN FUNCTION VALUE SO FAR:   0.300337677599419421E-01
  TOTAL MOVES:                     840
     DOWNHILL:                     641
     ACCEPTED UPHILL:              193
     REJECTED UPHILL:                6
  TRIALS OUT OF BOUNDS:            379
  NEW MINIMA THIS TEMPERATURE:       0

                         CURRENT OPTIMAL X
    0.9711142453         0.2899381349E-01     0.4074241071         0.7279709552         0.9218517635E-01     0.3171424484         0.7260141226         0.6261260776         0.2488302328E-01     0.1044737794    
    0.1725516110         0.5398006247E-01     0.1027288203         0.7792204405         0.9897533560         0.1085912826         0.1188431132         0.6645431959         0.9046976267E-01     0.1494738441    
    0.9963306931         0.2148887938E-02     0.7493845721E-01     0.3185817438         0.6813240741         0.3992973727E-01     0.1003849673         0.4015439627         0.6947449169         0.3557092915E-01
    0.2284638471         0.4825897903         0.5531491732E-01     0.1915263462         0.6567799086         0.1249686853E-01     0.3888719888E-01     0.1358811975         0.5721892041         0.2290683497E-01
    0.5555031833         0.1002254060    

                         STEP LENGTH (VM)
    0.2000552940         0.1218411855E-01     0.1400092236         0.3310650652         0.3315317962E-01     0.1070925383         0.2851339560         0.2230636989         0.9475294852E-02     0.2281312784E-01
    0.6002676752E-01     0.2025658812E-01     0.3990217464E-01     0.3286309945         0.2000181046         0.4176708400E-01     0.3739667276E-01     0.3257893815         0.3581185153E-01     0.6473631300E-01
    0.2441869646         0.7287091396E-03     0.2573982646E-01     0.1224498435         0.2673501501         0.1807657797E-01     0.3881909463E-01     0.1822856048         0.2679806970         0.1653958146E-01
    0.1105056896         0.1706316658         0.2267534576E-01     0.8206268216E-01     0.2615492574         0.6081913880E-02     0.1346533857E-01     0.5143541220E-01     0.2032235481         0.1060010954E-01
    0.1935646552         0.3462183377E-01
 

 INTERMEDIATE RESULTS BEFORE NEXT TEMPERATURE REDUCTION

  CURRENT TEMPERATURE:              1.1865    
  MIN FUNCTION VALUE SO FAR:   0.300246388800833146E-01
  TOTAL MOVES:                     840
     DOWNHILL:                     665
     ACCEPTED UPHILL:              169
     REJECTED UPHILL:                6
  TRIALS OUT OF BOUNDS:            410
  NEW MINIMA THIS TEMPERATURE:       0

                         CURRENT OPTIMAL X
    0.9711142453         0.2939690603E-01     0.3545365938         0.7279709552         0.9218517635E-01     0.3171424484         0.7260141226         0.6261260776         0.2488302328E-01     0.1044737794    
    0.1725516110         0.5398006247E-01     0.1027288203         0.7792204405         0.9897533560         0.1085912826         0.1188431132         0.6645431959         0.9046976267E-01     0.1494738441    
    0.9963306931         0.2148887938E-02     0.7493845721E-01     0.3185817438         0.6813240741         0.3992973727E-01     0.1003849673         0.4015439627         0.6947449169         0.3557092915E-01
    0.2284638471         0.4825897903         0.5531491732E-01     0.1915263462         0.6567799086         0.1249686853E-01     0.3888719888E-01     0.1358811975         0.5721892041         0.2290683497E-01
    0.5555031833         0.1002254060    

                         STEP LENGTH (VM)
    0.2000552940         0.1218411855E-01     0.1400092236         0.3310650652         0.3315317962E-01     0.1070925383         0.2851339560         0.2230636989         0.9475294852E-02     0.2281312784E-01
    0.6002676752E-01     0.2025658812E-01     0.3990217464E-01     0.3286309945         0.2000181046         0.4176708400E-01     0.3739667276E-01     0.3257893815         0.3581185153E-01     0.6473631300E-01
    0.2441869646         0.7287091396E-03     0.2573982646E-01     0.1224498435         0.2673501501         0.1807657797E-01     0.3881909463E-01     0.1822856048         0.2679806970         0.1653958146E-01
    0.1105056896         0.1706316658         0.2267534576E-01     0.8206268216E-01     0.2615492574         0.6081913880E-02     0.1346533857E-01     0.5143541220E-01     0.2032235481         0.1060010954E-01
    0.1935646552         0.3462183377E-01
 

 INTERMEDIATE RESULTS BEFORE NEXT TEMPERATURE REDUCTION

  CURRENT TEMPERATURE:             0.88989    
  MIN FUNCTION VALUE SO FAR:   0.280507130301537316E-01
  TOTAL MOVES:                     840
     DOWNHILL:                     656
     ACCEPTED UPHILL:              172
     REJECTED UPHILL:               12
  TRIALS OUT OF BOUNDS:            432
  NEW MINIMA THIS TEMPERATURE:       0

                         CURRENT OPTIMAL X
    0.9657145032         0.2754709349E-01     0.3312306366         0.7279709552         0.9218517635E-01     0.3171424484         0.7260141226         0.6261260776         0.2488302328E-01     0.1044737794    
    0.1725516110         0.5398006247E-01     0.1027288203         0.7792204405         0.9897533560         0.1085912826         0.1188431132         0.6645431959         0.9046976267E-01     0.1494738441    
    0.9963306931         0.2148887938E-02     0.7493845721E-01     0.3185817438         0.6813240741         0.3992973727E-01     0.1003849673         0.4015439627         0.6947449169         0.3557092915E-01
    0.2284638471         0.4825897903         0.5531491732E-01     0.1915263462         0.6567799086         0.1249686853E-01     0.3888719888E-01     0.1358811975         0.5721892041         0.2290683497E-01
    0.5555031833         0.1002254060    

                         STEP LENGTH (VM)
    0.2000552940         0.1218411855E-01     0.1400092236         0.3310650652         0.3315317962E-01     0.1070925383         0.2851339560         0.2230636989         0.9475294852E-02     0.2281312784E-01
    0.6002676752E-01     0.2025658812E-01     0.3990217464E-01     0.3286309945         0.2000181046         0.4176708400E-01     0.3739667276E-01     0.3257893815         0.3581185153E-01     0.6473631300E-01
    0.2441869646         0.7287091396E-03     0.2573982646E-01     0.1224498435         0.2673501501         0.1807657797E-01     0.3881909463E-01     0.1822856048         0.2679806970         0.1653958146E-01
    0.1105056896         0.1706316658         0.2267534576E-01     0.8206268216E-01     0.2615492574         0.6081913880E-02     0.1346533857E-01     0.5143541220E-01     0.2032235481         0.1060010954E-01
    0.1935646552         0.3462183377E-01
 

 INTERMEDIATE RESULTS BEFORE NEXT TEMPERATURE REDUCTION

  CURRENT TEMPERATURE:             0.66742    
  MIN FUNCTION VALUE SO FAR:   0.280507130301537316E-01
  TOTAL MOVES:                     840
     DOWNHILL:                     653
     ACCEPTED UPHILL:              167
     REJECTED UPHILL:               20
  TRIALS OUT OF BOUNDS:            407
  NEW MINIMA THIS TEMPERATURE:       0

                         CURRENT OPTIMAL X
    0.9657145032         0.2754709349E-01     0.3312306366         0.7279709552         0.9218517635E-01     0.3171424484         0.7260141226         0.6261260776         0.2488302328E-01     0.1044737794    
    0.1725516110         0.5398006247E-01     0.1027288203         0.7792204405         0.9897533560         0.1085912826         0.1188431132         0.6645431959         0.9046976267E-01     0.1494738441    
    0.9963306931         0.2148887938E-02     0.7493845721E-01     0.3185817438         0.6813240741         0.3992973727E-01     0.1003849673         0.4015439627         0.6947449169         0.3557092915E-01
    0.2284638471         0.4825897903         0.5531491732E-01     0.1915263462         0.6567799086         0.1249686853E-01     0.3888719888E-01     0.1358811975         0.5721892041         0.2290683497E-01
    0.5555031833         0.1002254060    

                         STEP LENGTH (VM)
    0.2000552940         0.1218411855E-01     0.1400092236         0.3310650652         0.3315317962E-01     0.1070925383         0.2851339560         0.2230636989         0.9475294852E-02     0.2281312784E-01
    0.6002676752E-01     0.2025658812E-01     0.3990217464E-01     0.3286309945         0.2000181046         0.4176708400E-01     0.3739667276E-01     0.3257893815         0.3581185153E-01     0.6473631300E-01
    0.2441869646         0.7287091396E-03     0.2573982646E-01     0.1224498435         0.2673501501         0.1807657797E-01     0.3881909463E-01     0.1822856048         0.2679806970         0.1653958146E-01
    0.1105056896         0.1706316658         0.2267534576E-01     0.8206268216E-01     0.2615492574         0.6081913880E-02     0.1346533857E-01     0.5143541220E-01     0.2032235481         0.1060010954E-01
    0.1935646552         0.3462183377E-01
 

 INTERMEDIATE RESULTS BEFORE NEXT TEMPERATURE REDUCTION

  CURRENT TEMPERATURE:             0.50056    
  MIN FUNCTION VALUE SO FAR:   0.258914292461288713E-01
  TOTAL MOVES:                     840
     DOWNHILL:                     657
     ACCEPTED UPHILL:              163
     REJECTED UPHILL:               20
  TRIALS OUT OF BOUNDS:            418
  NEW MINIMA THIS TEMPERATURE:       0

                         CURRENT OPTIMAL X
    0.9854808255         0.3459484102E-01     0.4007844991         0.8851240798         0.9622681052E-01     0.3162388089         0.7842777609         0.5477644647         0.2698443555E-01     0.1051860832    
    0.1772655568         0.5708584028E-01     0.8248285499E-01     0.8164933401         0.9984543236         0.9757465337E-01     0.1024361556         0.7663739322         0.9038979806E-01     0.1863787010    
    0.7664689222         0.2169123440E-02     0.6497846931E-01     0.2575451619         0.7195552429         0.4706334491E-01     0.9832611016E-01     0.4618416064         0.6248555660         0.3884465449E-01
    0.2720847495         0.3471500431         0.6675036851E-01     0.2000126394         0.5625870178         0.1432929691E-01     0.3211561489E-01     0.1493713579         0.5751693579         0.2741819412E-01
    0.4473604054         0.8292557288E-01

                         STEP LENGTH (VM)
    0.2000552940         0.1218411855E-01     0.1400092236         0.3310650652         0.3315317962E-01     0.1070925383         0.2851339560         0.2230636989         0.9475294852E-02     0.2281312784E-01
    0.6002676752E-01     0.2025658812E-01     0.3990217464E-01     0.3286309945         0.2000181046         0.4176708400E-01     0.3739667276E-01     0.3257893815         0.3581185153E-01     0.6473631300E-01
    0.2441869646         0.7287091396E-03     0.2573982646E-01     0.1224498435         0.2673501501         0.1807657797E-01     0.3881909463E-01     0.1822856048         0.2679806970         0.1653958146E-01
    0.1105056896         0.1706316658         0.2267534576E-01     0.8206268216E-01     0.2615492574         0.6081913880E-02     0.1346533857E-01     0.5143541220E-01     0.2032235481         0.1060010954E-01
    0.1935646552         0.3462183377E-01
 

 INTERMEDIATE RESULTS BEFORE NEXT TEMPERATURE REDUCTION

  CURRENT TEMPERATURE:             0.37542    
  MIN FUNCTION VALUE SO FAR:   0.257718527380523983E-01
  TOTAL MOVES:                     840
     DOWNHILL:                     664
     ACCEPTED UPHILL:              157
     REJECTED UPHILL:               19
  TRIALS OUT OF BOUNDS:            414
  NEW MINIMA THIS TEMPERATURE:       0

                         CURRENT OPTIMAL X
    0.9854808255         0.2768747667E-01     0.3716902693         0.8851240798         0.9622681052E-01     0.3162388089         0.7842777609         0.5477644647         0.2698443555E-01     0.1051860832    
    0.1772655568         0.5708584028E-01     0.8248285499E-01     0.8164933401         0.9984543236         0.9757465337E-01     0.1024361556         0.7663739322         0.9038979806E-01     0.1863787010    
    0.7664689222         0.2169123440E-02     0.6497846931E-01     0.2575451619         0.7195552429         0.4706334491E-01     0.9832611016E-01     0.4618416064         0.6248555660         0.3884465449E-01
    0.2720847495         0.3471500431         0.6675036851E-01     0.2000126394         0.5625870178         0.1432929691E-01     0.3211561489E-01     0.1493713579         0.5751693579         0.2741819412E-01
    0.4473604054         0.8292557288E-01

                         STEP LENGTH (VM)
    0.2000552940         0.1218411855E-01     0.1400092236         0.3310650652         0.3315317962E-01     0.1070925383         0.2851339560         0.2230636989         0.9475294852E-02     0.2281312784E-01
    0.6002676752E-01     0.2025658812E-01     0.3990217464E-01     0.3286309945         0.2000181046         0.4176708400E-01     0.3739667276E-01     0.3257893815         0.3581185153E-01     0.6473631300E-01
    0.2441869646         0.7287091396E-03     0.2573982646E-01     0.1224498435         0.2673501501         0.1807657797E-01     0.3881909463E-01     0.1822856048         0.2679806970         0.1653958146E-01
    0.1105056896         0.1706316658         0.2267534576E-01     0.8206268216E-01     0.2615492574         0.6081913880E-02     0.1346533857E-01     0.5143541220E-01     0.2032235481         0.1060010954E-01
    0.1935646552         0.3462183377E-01
 

 INTERMEDIATE RESULTS BEFORE NEXT TEMPERATURE REDUCTION

  CURRENT TEMPERATURE:             0.28157    
  MIN FUNCTION VALUE SO FAR:   0.257718527380523983E-01
  TOTAL MOVES:                     840
     DOWNHILL:                     640
     ACCEPTED UPHILL:              173
     REJECTED UPHILL:               27
  TRIALS OUT OF BOUNDS:            392
  NEW MINIMA THIS TEMPERATURE:       0

                         CURRENT OPTIMAL X
    0.9854808255         0.2768747667E-01     0.3716902693         0.8851240798         0.9622681052E-01     0.3162388089         0.7842777609         0.5477644647         0.2698443555E-01     0.1051860832    
    0.1772655568         0.5708584028E-01     0.8248285499E-01     0.8164933401         0.9984543236         0.9757465337E-01     0.1024361556         0.7663739322         0.9038979806E-01     0.1863787010    
    0.7664689222         0.2169123440E-02     0.6497846931E-01     0.2575451619         0.7195552429         0.4706334491E-01     0.9832611016E-01     0.4618416064         0.6248555660         0.3884465449E-01
    0.2720847495         0.3471500431         0.6675036851E-01     0.2000126394         0.5625870178         0.1432929691E-01     0.3211561489E-01     0.1493713579         0.5751693579         0.2741819412E-01
    0.4473604054         0.8292557288E-01

                         STEP LENGTH (VM)
    0.2000552940         0.1218411855E-01     0.1400092236         0.3310650652         0.3315317962E-01     0.1070925383         0.2851339560         0.2230636989         0.9475294852E-02     0.2281312784E-01
    0.6002676752E-01     0.2025658812E-01     0.3990217464E-01     0.3286309945         0.2000181046         0.4176708400E-01     0.3739667276E-01     0.3257893815         0.3581185153E-01     0.6473631300E-01
    0.2441869646         0.7287091396E-03     0.2573982646E-01     0.1224498435         0.2673501501         0.1807657797E-01     0.3881909463E-01     0.1822856048         0.2679806970         0.1653958146E-01
    0.1105056896         0.1706316658         0.2267534576E-01     0.8206268216E-01     0.2615492574         0.6081913880E-02     0.1346533857E-01     0.5143541220E-01     0.2032235481         0.1060010954E-01
    0.1935646552         0.3462183377E-01
 

 INTERMEDIATE RESULTS BEFORE NEXT TEMPERATURE REDUCTION

  CURRENT TEMPERATURE:             0.21118    
  MIN FUNCTION VALUE SO FAR:   0.242771533392894083E-01
  TOTAL MOVES:                     840
     DOWNHILL:                     646
     ACCEPTED UPHILL:              150
     REJECTED UPHILL:               44
  TRIALS OUT OF BOUNDS:            443
  NEW MINIMA THIS TEMPERATURE:       1

                         CURRENT OPTIMAL X
    0.9624161553         0.2768747667E-01     0.3499349838         0.9495676096         0.7304335549E-01     0.2165686958         0.7341212414         0.5477644647         0.2393187677E-01     0.1194585045    
    0.1772655568         0.5708584028E-01     0.8248285499E-01     0.8164933401         0.9984543236         0.9757465337E-01     0.1024361556         0.7663739322         0.9038979806E-01     0.1863787010    
    0.7664689222         0.2169123440E-02     0.6497846931E-01     0.2575451619         0.7195552429         0.4706334491E-01     0.9832611016E-01     0.4618416064         0.6248555660         0.3884465449E-01
    0.2720847495         0.3471500431         0.6675036851E-01     0.2000126394         0.5625870178         0.1432929691E-01     0.3211561489E-01     0.1493713579         0.5751693579         0.2741819412E-01
    0.4473604054         0.8292557288E-01

                         STEP LENGTH (VM)
    0.2000552940         0.1218411855E-01     0.1400092236         0.3310650652         0.3315317962E-01     0.1070925383         0.2851339560         0.2230636989         0.9475294852E-02     0.2281312784E-01
    0.6002676752E-01     0.2025658812E-01     0.3990217464E-01     0.3286309945         0.8708269069E-01     0.4176708400E-01     0.3739667276E-01     0.3257893815         0.3581185153E-01     0.6473631300E-01
    0.2441869646         0.7287091396E-03     0.2573982646E-01     0.1224498435         0.2673501501         0.1807657797E-01     0.3881909463E-01     0.1822856048         0.2679806970         0.1653958146E-01
    0.1105056896         0.1706316658         0.2267534576E-01     0.8206268216E-01     0.2615492574         0.6081913880E-02     0.1346533857E-01     0.5143541220E-01     0.2032235481         0.1060010954E-01
    0.1935646552         0.3462183377E-01
 

 INTERMEDIATE RESULTS BEFORE NEXT TEMPERATURE REDUCTION

  CURRENT TEMPERATURE:             0.15838    
  MIN FUNCTION VALUE SO FAR:   0.229065414638787192E-01
  TOTAL MOVES:                     840
     DOWNHILL:                     652
     ACCEPTED UPHILL:              149
     REJECTED UPHILL:               39
  TRIALS OUT OF BOUNDS:            426
  NEW MINIMA THIS TEMPERATURE:       2

                         CURRENT OPTIMAL X
    0.9890363431         0.2980840250E-01     0.3805814040         0.7886581674         0.6656686040E-01     0.2560094948         0.7276094551         0.5477644647         0.2473924768E-01     0.1065945843    
    0.1575797139         0.4463470800E-01     0.8517922453E-01     0.8997000617         0.9966300060         0.9242408165E-01     0.1262625046         0.9057043165         0.8887137760E-01     0.1508294576    
    0.9086667802         0.1562777788E-02     0.6177083451E-01     0.2784326744         0.7909030948         0.4990287940E-01     0.1028755884         0.4764148145         0.6248555660         0.4243675650E-01
    0.3120106781         0.4501820194         0.4914814064E-01     0.2359586542         0.6055186446         0.1220447604E-01     0.3946372657E-01     0.1231875813         0.4278311541         0.2763422457E-01
    0.3872478683         0.8424967124E-01

                         STEP LENGTH (VM)
    0.2000552940         0.1218411855E-01     0.1400092236         0.3310650652         0.3315317962E-01     0.1070925383         0.2851339560         0.2230636989         0.9475294852E-02     0.2281312784E-01
    0.6002676752E-01     0.2025658812E-01     0.3990217464E-01     0.3286309945         0.7413794863E-01     0.4176708400E-01     0.3739667276E-01     0.3257893815         0.3581185153E-01     0.6473631300E-01
    0.2441869646         0.7287091396E-03     0.2573982646E-01     0.1224498435         0.2673501501         0.1807657797E-01     0.3881909463E-01     0.1822856048         0.2382050581         0.1653958146E-01
    0.1105056896         0.1706316658         0.2267534576E-01     0.8206268216E-01     0.2615492574         0.6081913880E-02     0.1346533857E-01     0.5143541220E-01     0.2032235481         0.1060010954E-01
    0.1935646552         0.3462183377E-01
 

 INTERMEDIATE RESULTS BEFORE NEXT TEMPERATURE REDUCTION

  CURRENT TEMPERATURE:             0.11879    
  MIN FUNCTION VALUE SO FAR:   0.213895989927205682E-01
  TOTAL MOVES:                     840
     DOWNHILL:                     637
     ACCEPTED UPHILL:              154
     REJECTED UPHILL:               49
  TRIALS OUT OF BOUNDS:            408
  NEW MINIMA THIS TEMPERATURE:       0

                         CURRENT OPTIMAL X
    0.9991808058         0.3560122885E-01     0.3793601007         0.7498284075         0.9614311152E-01     0.2325556308         0.7742667596         0.5477644647         0.2342910750E-01     0.1065945843    
    0.1575797139         0.4463470800E-01     0.8517922453E-01     0.8997000617         0.9966300060         0.9242408165E-01     0.1262625046         0.9057043165         0.8887137760E-01     0.1508294576    
    0.9086667802         0.1562777788E-02     0.6177083451E-01     0.2784326744         0.7909030948         0.4990287940E-01     0.1028755884         0.4764148145         0.6248555660         0.4243675650E-01
    0.3120106781         0.4501820194         0.4914814064E-01     0.2359586542         0.6055186446         0.1220447604E-01     0.3946372657E-01     0.1231875813         0.4278311541         0.2763422457E-01
    0.3872478683         0.8424967124E-01

                         STEP LENGTH (VM)
    0.2000552940         0.1218411855E-01     0.1400092236         0.3310650652         0.3315317962E-01     0.1070925383         0.2851339560         0.1672977711         0.9475294852E-02     0.2281312784E-01
    0.6002676752E-01     0.2025658812E-01     0.3990217464E-01     0.3286309945         0.6590038842E-01     0.4176708400E-01     0.3739667276E-01     0.3257893815         0.3581185153E-01     0.6473631300E-01
    0.2441869646         0.7287091396E-03     0.2573982646E-01     0.1224498435         0.2673501501         0.1807657797E-01     0.3881909463E-01     0.1822856048         0.2679806615         0.1653958146E-01
    0.1105056896         0.1706316658         0.2267534576E-01     0.8206268216E-01     0.2615492574         0.6081913880E-02     0.1346533857E-01     0.5143541220E-01     0.2032235481         0.1060010954E-01
    0.1935646552         0.3462183377E-01
 

 INTERMEDIATE RESULTS BEFORE NEXT TEMPERATURE REDUCTION

  CURRENT TEMPERATURE:             0.89090E-01
  MIN FUNCTION VALUE SO FAR:   0.213687193279168443E-01
  TOTAL MOVES:                     840
     DOWNHILL:                     637
     ACCEPTED UPHILL:              148
     REJECTED UPHILL:               55
  TRIALS OUT OF BOUNDS:            401
  NEW MINIMA THIS TEMPERATURE:       2

                         CURRENT OPTIMAL X
    0.9991808058         0.2944793967E-01     0.3454806248         0.7498284075         0.9614311152E-01     0.2325556308         0.7742667596         0.5477644647         0.2342910750E-01     0.1065945843    
    0.1575797139         0.4463470800E-01     0.8517922453E-01     0.8997000617         0.9966300060         0.9242408165E-01     0.1262625046         0.9057043165         0.8887137760E-01     0.1508294576    
    0.9086667802         0.1562777788E-02     0.6177083451E-01     0.2784326744         0.7909030948         0.4990287940E-01     0.1028755884         0.4764148145         0.6248555660         0.4243675650E-01
    0.3120106781         0.4501820194         0.4914814064E-01     0.2359586542         0.6055186446         0.1220447604E-01     0.3946372657E-01     0.1231875813         0.4278311541         0.2763422457E-01
    0.3872478683         0.8424967124E-01

                         STEP LENGTH (VM)
    0.2000552940         0.1218411855E-01     0.1400092236         0.3310650652         0.3315317962E-01     0.1070925383         0.2851339560         0.1274649552         0.9475294852E-02     0.2281312784E-01
    0.6002676752E-01     0.2025658812E-01     0.3990217464E-01     0.3286309945         0.5206944011E-01     0.4176708400E-01     0.3739667276E-01     0.3257893815         0.3581185153E-01     0.6473631300E-01
    0.2441869646         0.7287091396E-03     0.2573982646E-01     0.1224498435         0.2673501501         0.1807657797E-01     0.3881909463E-01     0.1822856048         0.1738253145         0.1653958146E-01
    0.1105056896         0.1706316658         0.2267534576E-01     0.8206268216E-01     0.2615492574         0.6081913880E-02     0.1346533857E-01     0.5143541220E-01     0.2032235481         0.1060010954E-01
    0.1935646552         0.3462183377E-01
 

 INTERMEDIATE RESULTS BEFORE NEXT TEMPERATURE REDUCTION

  CURRENT TEMPERATURE:             0.66817E-01
  MIN FUNCTION VALUE SO FAR:   0.213229481947858034E-01
  TOTAL MOVES:                     840
     DOWNHILL:                     611
     ACCEPTED UPHILL:              173
     REJECTED UPHILL:               56
  TRIALS OUT OF BOUNDS:            374
  NEW MINIMA THIS TEMPERATURE:       0

                         CURRENT OPTIMAL X
    0.9991172258         0.2776312007E-01     0.3525456711         0.6666126231         0.9614311152E-01     0.2325556308         0.7742667596         0.5477644647         0.2342910750E-01     0.1065945843    
    0.1575797139         0.4463470800E-01     0.8517922453E-01     0.8997000617         0.9966300060         0.9242408165E-01     0.1262625046         0.9057043165         0.8887137760E-01     0.1508294576    
    0.9086667802         0.1562777788E-02     0.6177083451E-01     0.2784326744         0.7909030948         0.4990287940E-01     0.1028755884         0.4764148145         0.6248555660         0.4243675650E-01
    0.3120106781         0.4501820194         0.4914814064E-01     0.2359586542         0.6055186446         0.1220447604E-01     0.3946372657E-01     0.1231875813         0.4278311541         0.2763422457E-01
    0.3872478683         0.8424967124E-01

                         STEP LENGTH (VM)
    0.2000552940         0.1218411855E-01     0.1400092236         0.3310650652         0.3315317962E-01     0.1070925383         0.2851339560         0.8678464159E-01     0.9475294852E-02     0.2281312784E-01
    0.6002676752E-01     0.2025658812E-01     0.3990217464E-01     0.3286309945         0.2403204915E-01     0.4176708400E-01     0.3739667276E-01     0.3257893815         0.3581185153E-01     0.6473631300E-01
    0.2441869646         0.7287091396E-03     0.2573982646E-01     0.1224498435         0.2673501501         0.1807657797E-01     0.3881909463E-01     0.1822856048         0.1127515538         0.1653958146E-01
    0.1105056896         0.1706316658         0.2267534576E-01     0.8206268216E-01     0.2615492574         0.6081913880E-02     0.1346533857E-01     0.5143541220E-01     0.2032235481         0.1060010954E-01
    0.1935646552         0.3462183377E-01
 

 INTERMEDIATE RESULTS BEFORE NEXT TEMPERATURE REDUCTION

  CURRENT TEMPERATURE:             0.50113E-01
  MIN FUNCTION VALUE SO FAR:   0.212587662851384807E-01
  TOTAL MOVES:                     840
     DOWNHILL:                     626
     ACCEPTED UPHILL:              157
     REJECTED UPHILL:               57
  TRIALS OUT OF BOUNDS:            397
  NEW MINIMA THIS TEMPERATURE:       1

                         CURRENT OPTIMAL X
    0.9991172258         0.2528468279E-01     0.2883064659         0.6666126231         0.9614311152E-01     0.2325556308         0.7742667596         0.5477644647         0.2342910750E-01     0.1065945843    
    0.1575797139         0.4463470800E-01     0.8517922453E-01     0.8997000617         0.9966300060         0.9242408165E-01     0.1262625046         0.9057043165         0.8887137760E-01     0.1508294576    
    0.9086667802         0.1562777788E-02     0.6177083451E-01     0.2784326744         0.7909030948         0.4990287940E-01     0.1028755884         0.4764148145         0.6248555660         0.4243675650E-01
    0.3120106781         0.4501820194         0.4914814064E-01     0.2359586542         0.6055186446         0.1220447604E-01     0.3946372657E-01     0.1231875813         0.4278311541         0.2763422457E-01
    0.3872478683         0.8424967124E-01

                         STEP LENGTH (VM)
    0.2000552940         0.1218411855E-01     0.1400092236         0.3310650652         0.3315317962E-01     0.1070925383         0.2851339560         0.5579012014E-01     0.9475294852E-02     0.2281312784E-01
    0.6002676752E-01     0.2025658812E-01     0.3990217464E-01     0.3286309945         0.2403204682E-01     0.4176708400E-01     0.3739667276E-01     0.3257893815         0.3581185153E-01     0.6473631300E-01
    0.2441869646         0.7287091396E-03     0.2573982646E-01     0.1224498435         0.2673501501         0.1807657797E-01     0.3881909463E-01     0.1822856048         0.7313614196E-01     0.1653958146E-01
    0.1105056896         0.1706316658         0.2267534576E-01     0.8206268216E-01     0.2615492574         0.6081913880E-02     0.1346533857E-01     0.5143541220E-01     0.2032235481         0.1060010954E-01
    0.1935646552         0.3462183377E-01
 

 INTERMEDIATE RESULTS BEFORE NEXT TEMPERATURE REDUCTION

  CURRENT TEMPERATURE:             0.37585E-01
  MIN FUNCTION VALUE SO FAR:   0.212587662851384807E-01
  TOTAL MOVES:                     840
     DOWNHILL:                     626
     ACCEPTED UPHILL:              137
     REJECTED UPHILL:               77
  TRIALS OUT OF BOUNDS:            391
  NEW MINIMA THIS TEMPERATURE:       0

                         CURRENT OPTIMAL X
    0.9991172258         0.2528468279E-01     0.2883064659         0.6666126231         0.9614311152E-01     0.2325556308         0.7742667596         0.5477644647         0.2342910750E-01     0.1065945843    
    0.1575797139         0.4463470800E-01     0.8517922453E-01     0.8997000617         0.9966300060         0.9242408165E-01     0.1262625046         0.9057043165         0.8887137760E-01     0.1508294576    
    0.9086667802         0.1562777788E-02     0.6177083451E-01     0.2784326744         0.7909030948         0.4990287940E-01     0.1028755884         0.4764148145         0.6248555660         0.4243675650E-01
    0.3120106781         0.4501820194         0.4914814064E-01     0.2359586542         0.6055186446         0.1220447604E-01     0.3946372657E-01     0.1231875813         0.4278311541         0.2763422457E-01
    0.3872478683         0.8424967124E-01

                         STEP LENGTH (VM)
    0.2000552940         0.1218411855E-01     0.1400092236         0.3310650652         0.3315317962E-01     0.1070925383         0.2851339560         0.2689880424E-01     0.9475294852E-02     0.2281312784E-01
    0.6002676752E-01     0.2025658812E-01     0.3990217464E-01     0.3286309945         0.1164850924E-01     0.4176708400E-01     0.3739667276E-01     0.3257893815         0.3581185153E-01     0.6473631300E-01
    0.2441869646         0.7287091396E-03     0.2573982646E-01     0.1224498435         0.2673501501         0.1807657797E-01     0.3881909463E-01     0.1822856048         0.2950803982E-01     0.1653958146E-01
    0.1105056896         0.1706316658         0.2267534576E-01     0.8206268216E-01     0.2615492574         0.6081913880E-02     0.1346533857E-01     0.5143541220E-01     0.2032235481         0.1060010954E-01
    0.1935646552         0.3462183377E-01
 

 INTERMEDIATE RESULTS BEFORE NEXT TEMPERATURE REDUCTION

  CURRENT TEMPERATURE:             0.28189E-01
  MIN FUNCTION VALUE SO FAR:   0.212522176791435924E-01
  TOTAL MOVES:                     840
     DOWNHILL:                     613
     ACCEPTED UPHILL:              140
     REJECTED UPHILL:               87
  TRIALS OUT OF BOUNDS:            392
  NEW MINIMA THIS TEMPERATURE:       1

                         CURRENT OPTIMAL X
    0.9991172258         0.2532732266E-01     0.2822892345         0.6666126231         0.9614311152E-01     0.2325556308         0.7742667596         0.5477644647         0.2342910750E-01     0.1065945843    
    0.1575797139         0.4463470800E-01     0.8517922453E-01     0.8997000617         0.9966300060         0.9242408165E-01     0.1262625046         0.9057043165         0.8887137760E-01     0.1508294576    
    0.9086667802         0.1562777788E-02     0.6177083451E-01     0.2784326744         0.7909030948         0.4990287940E-01     0.1028755884         0.4764148145         0.6248555660         0.4243675650E-01
    0.3120106781         0.4501820194         0.4914814064E-01     0.2359586542         0.6055186446         0.1220447604E-01     0.3946372657E-01     0.1231875813         0.4278311541         0.2763422457E-01
    0.3872478683         0.8424967124E-01

                         STEP LENGTH (VM)
    0.1808191947         0.1218411855E-01     0.1400092236         0.3310650652         0.3315317962E-01     0.1070925383         0.2851339560         0.3026114751E-01     0.9475294852E-02     0.2281312784E-01
    0.6002676752E-01     0.2025658812E-01     0.3990217464E-01     0.3286309945         0.1145574321E-01     0.4176708400E-01     0.3739667276E-01     0.3257893815         0.3581185153E-01     0.6473631300E-01
    0.2441869646         0.7287091396E-03     0.2573982646E-01     0.1224498435         0.2673501501         0.1807657797E-01     0.3881909463E-01     0.1822856048         0.2950803982E-01     0.1653958146E-01
    0.1105056896         0.1706316658         0.2267534576E-01     0.8206268216E-01     0.2615492574         0.6081913880E-02     0.1346533857E-01     0.5143541220E-01     0.2032235481         0.1060010954E-01
    0.1935646552         0.3462183377E-01
 

 INTERMEDIATE RESULTS BEFORE NEXT TEMPERATURE REDUCTION

  CURRENT TEMPERATURE:             0.21141E-01
  MIN FUNCTION VALUE SO FAR:   0.212522176791435924E-01
  TOTAL MOVES:                     840
     DOWNHILL:                     605
     ACCEPTED UPHILL:              141
     REJECTED UPHILL:               94
  TRIALS OUT OF BOUNDS:            390
  NEW MINIMA THIS TEMPERATURE:       0

                         CURRENT OPTIMAL X
    0.9991172258         0.2532732266E-01     0.2822892345         0.6666126231         0.9614311152E-01     0.2325556308         0.7742667596         0.5477644647         0.2342910750E-01     0.1065945843    
    0.1575797139         0.4463470800E-01     0.8517922453E-01     0.8997000617         0.9966300060         0.9242408165E-01     0.1262625046         0.9057043165         0.8887137760E-01     0.1508294576    
    0.9086667802         0.1562777788E-02     0.6177083451E-01     0.2784326744         0.7909030948         0.4990287940E-01     0.1028755884         0.4764148145         0.6248555660         0.4243675650E-01
    0.3120106781         0.4501820194         0.4914814064E-01     0.2359586542         0.6055186446         0.1220447604E-01     0.3946372657E-01     0.1231875813         0.4278311541         0.2763422457E-01
    0.3872478683         0.8424967124E-01

                         STEP LENGTH (VM)
    0.1143642640         0.1218411855E-01     0.1400092236         0.3310650652         0.3315317962E-01     0.1070925383         0.2851339560         0.1945359252E-01     0.9475294852E-02     0.2281312784E-01
    0.6002676752E-01     0.2025658812E-01     0.3990217464E-01     0.3286309945         0.8591807251E-02     0.4176708400E-01     0.3739667276E-01     0.3257893815         0.3581185153E-01     0.6473631300E-01
    0.2441869646         0.7287091396E-03     0.2573982646E-01     0.1224498435         0.2673501501         0.1807657797E-01     0.3881909463E-01     0.1822856048         0.1361909522E-01     0.1653958146E-01
    0.1105056896         0.1706316658         0.2267534576E-01     0.8206268216E-01     0.2615492574         0.6081913880E-02     0.1346533857E-01     0.5143541220E-01     0.2032235481         0.1060010954E-01
    0.1935646552         0.3462183377E-01
 

 INTERMEDIATE RESULTS BEFORE NEXT TEMPERATURE REDUCTION

  CURRENT TEMPERATURE:             0.15856E-01
  MIN FUNCTION VALUE SO FAR:   0.202935743084696543E-01
  TOTAL MOVES:                     840
     DOWNHILL:                     597
     ACCEPTED UPHILL:              124
     REJECTED UPHILL:              119
  TRIALS OUT OF BOUNDS:            395
  NEW MINIMA THIS TEMPERATURE:       0

                         CURRENT OPTIMAL X
    0.9899308819         0.3417947665E-01     0.2875503157         0.7005513972         0.9327057973E-01     0.2213518669         0.6479908382         0.5811905093         0.2118179270E-01     0.1207916023    
    0.1468148351         0.5187525535E-01     0.1133076860         0.6590604159         0.9999211687         0.1103412080         0.1288504093         0.8642207761         0.9822184542E-01     0.1701240145    
    0.9239218286         0.1988789817E-02     0.6878343161E-01     0.2645965384         0.5822631870         0.4688200071E-01     0.1137986949         0.5023808945         0.6691613693         0.4235022870E-01
    0.2435032361         0.5027318378         0.6069971752E-01     0.2192083440         0.7741877605         0.1378289562E-01     0.3855457631E-01     0.1501989678         0.5611817933         0.2364315053E-01
    0.5195351407         0.9168395241E-01

                         STEP LENGTH (VM)
    0.3709110983E-01     0.1218411855E-01     0.1400092236         0.3310650652         0.3315317962E-01     0.1070925383         0.2851339560         0.1459019412E-01     0.9475294852E-02     0.2281312784E-01
    0.6002676752E-01     0.2025658812E-01     0.3990217464E-01     0.3286309945         0.3184608014E-02     0.4176708400E-01     0.3739667276E-01     0.3257893815         0.3581185153E-01     0.6473631300E-01
    0.2441869646         0.7287091396E-03     0.2573982646E-01     0.1224498435         0.2673501501         0.1807657797E-01     0.3881909463E-01     0.1822856048         0.2099610137E-01     0.1653958146E-01
    0.1105056896         0.1706316658         0.2267534576E-01     0.8206268216E-01     0.2615492574         0.6081913880E-02     0.1346533857E-01     0.5143541220E-01     0.2032235481         0.1060010954E-01
    0.1935646552         0.3462183377E-01
 

 INTERMEDIATE RESULTS BEFORE NEXT TEMPERATURE REDUCTION

  CURRENT TEMPERATURE:             0.11892E-01
  MIN FUNCTION VALUE SO FAR:   0.199808516441729624E-01
  TOTAL MOVES:                     840
     DOWNHILL:                     584
     ACCEPTED UPHILL:              119
     REJECTED UPHILL:              137
  TRIALS OUT OF BOUNDS:            383
  NEW MINIMA THIS TEMPERATURE:       0

                         CURRENT OPTIMAL X
    0.9899308819         0.2680884288E-01     0.3854280291         0.8649595031         0.6716690408E-01     0.3013853027         0.6975736640         0.5894002154         0.1897812401E-01     0.1048632143    
    0.1465619367         0.5613025646E-01     0.8677420168E-01     0.9221578236         0.9999211687         0.8462305574E-01     0.1094268182         0.7325696557         0.7980308056E-01     0.1496606652    
    0.8262953992         0.1932754426E-02     0.5710695982E-01     0.3598923821         0.7386518803         0.5340494638E-01     0.8776570544E-01     0.4518355844         0.6649156311         0.4096014688E-01
    0.2290560991         0.5027318378         0.6316404189E-01     0.2408230152         0.6063838335         0.1331855181E-01     0.3383364139E-01     0.1041320718         0.4382882078         0.2773315934E-01
    0.3917963426         0.9207058852E-01

                         STEP LENGTH (VM)
    0.5718211537E-01     0.1218411855E-01     0.1400092236         0.3310650652         0.3315317962E-01     0.1070925383         0.2851339560         0.7410891989E-02     0.6852667050E-02     0.2281312784E-01
    0.6002676752E-01     0.2025658812E-01     0.3990217464E-01     0.3286309945         0.7978105225E-02     0.4176708400E-01     0.3739667276E-01     0.3257893815         0.3581185153E-01     0.6473631300E-01
    0.2441869646         0.7287091396E-03     0.2573982646E-01     0.1224498435         0.2673501501         0.1807657797E-01     0.3881909463E-01     0.1822856048         0.1066468603E-01     0.1653958146E-01
    0.1105056896         0.1706316658         0.2267534576E-01     0.8206268216E-01     0.2615492574         0.6081913880E-02     0.1346533857E-01     0.5143541220E-01     0.2032235481         0.1060010954E-01
    0.1935646552         0.3462183377E-01
 

 INTERMEDIATE RESULTS BEFORE NEXT TEMPERATURE REDUCTION

  CURRENT TEMPERATURE:             0.89190E-02
  MIN FUNCTION VALUE SO FAR:   0.197815798938692222E-01
  TOTAL MOVES:                     840
     DOWNHILL:                     579
     ACCEPTED UPHILL:              116
     REJECTED UPHILL:              145
  TRIALS OUT OF BOUNDS:            385
  NEW MINIMA THIS TEMPERATURE:       1

                         CURRENT OPTIMAL X
    0.9899308819         0.2639118652E-01     0.3260381613         0.7899123387         0.7415772035E-01     0.2675823743         0.7964032165         0.5894002154         0.1897812401E-01     0.1048632143    
    0.1514595992         0.4612934170E-01     0.1076076254         0.7642972948         0.9999211687         0.1089487367         0.1064262670         0.7638423734         0.8695754406E-01     0.1323720169    
    0.7687771776         0.1667447905E-02     0.7441675415E-01     0.3649986726         0.6955409687         0.3995715832E-01     0.1050493279         0.4167461279         0.6649156311         0.4900195912E-01
    0.3190667020         0.4773213702         0.6106713800E-01     0.2330420157         0.5415097740         0.1331855181E-01     0.3383364139E-01     0.1321749830         0.4382882078         0.2773315934E-01
    0.3917963426         0.9207058852E-01

                         STEP LENGTH (VM)
    0.3518898719E-01     0.1218411855E-01     0.1400092236         0.3310650652         0.3315317962E-01     0.1070925383         0.2851339560         0.4391639397E-02     0.2434499819E-02     0.1710984556E-01
    0.6002676752E-01     0.2025658812E-01     0.3990217464E-01     0.3286309945         0.1578086540E-02     0.4176708400E-01     0.3739667276E-01     0.3257893815         0.3581185153E-01     0.6473631300E-01
    0.2441869646         0.7287091396E-03     0.2573982646E-01     0.1224498435         0.2673501501         0.1807657797E-01     0.3881909463E-01     0.1822856048         0.6319813513E-02     0.1653958146E-01
    0.1105056896         0.1706316658         0.2267534576E-01     0.8206268216E-01     0.2615492574         0.4633838666E-02     0.1346533857E-01     0.5143541220E-01     0.2032235481         0.1060010954E-01
    0.1935646552         0.3462183377E-01
 

 INTERMEDIATE RESULTS BEFORE NEXT TEMPERATURE REDUCTION

  CURRENT TEMPERATURE:             0.66893E-02
  MIN FUNCTION VALUE SO FAR:   0.197717254749348245E-01
  TOTAL MOVES:                     840
     DOWNHILL:                     562
     ACCEPTED UPHILL:              104
     REJECTED UPHILL:              174
  TRIALS OUT OF BOUNDS:            353
  NEW MINIMA THIS TEMPERATURE:       1

                         CURRENT OPTIMAL X
    0.9899308819         0.2637818264E-01     0.3260381613         0.8077787689         0.7723027724E-01     0.2446586425         0.5940084539         0.5894002154         0.1897812401E-01     0.1048632143    
    0.1514595992         0.5103407263E-01     0.1164467578         0.7652990413         0.9999211687         0.1064803256         0.1340619520         0.9589844964         0.8456009132E-01     0.1380251911    
    0.9265956683         0.1981978861E-02     0.7665234060E-01     0.3106133518         0.6423127602         0.4978923773E-01     0.1041956890         0.4872117483         0.6649156311         0.4862180503E-01
    0.2907811994         0.4304053551         0.6106713800E-01     0.2330420157         0.5415097740         0.1331855181E-01     0.3383364139E-01     0.1321749830         0.4382882078         0.2773315934E-01
    0.3917963426         0.9207058852E-01

                         STEP LENGTH (VM)
    0.2021494549E-01     0.1218411855E-01     0.1400092236         0.3310650652         0.3315317962E-01     0.1070925383         0.2851339560         0.2403532036E-02     0.2054108963E-02     0.1140656321E-01
    0.6002676752E-01     0.2025658812E-01     0.3990217464E-01     0.3286309945         0.1765953846E-02     0.4176708400E-01     0.3739667276E-01     0.3257893815         0.3581185153E-01     0.6473631300E-01
    0.2441869646         0.7287091396E-03     0.2573982646E-01     0.1224498435         0.2673501501         0.1807657797E-01     0.3881909463E-01     0.1822856048         0.3554894969E-02     0.1653958146E-01
    0.1105056896         0.1706316658         0.2267534576E-01     0.8206268216E-01     0.2615492574         0.4118967601E-02     0.9119381561E-02     0.2939166380E-01     0.1318206780         0.1060010954E-01
    0.1935646552         0.3462183377E-01
 

 INTERMEDIATE RESULTS BEFORE NEXT TEMPERATURE REDUCTION

  CURRENT TEMPERATURE:             0.50170E-02
  MIN FUNCTION VALUE SO FAR:   0.185950757868735689E-01
  TOTAL MOVES:                     840
     DOWNHILL:                     574
     ACCEPTED UPHILL:               96
     REJECTED UPHILL:              170
  TRIALS OUT OF BOUNDS:            351
  NEW MINIMA THIS TEMPERATURE:       1

                         CURRENT OPTIMAL X
    0.9980720277         0.2743069842E-01     0.3565949791         0.9302798103         0.9570647019E-01     0.2856254633         0.6013861512         0.5889921790         0.1969812252E-01     0.1014800209    
    0.1482183600         0.5309480772E-01     0.9064412528E-01     0.9045809830         0.9996043978         0.1119957578         0.1082949955         0.7071144669         0.7645916076E-01     0.1310650679    
    0.8408665233         0.1466445652E-02     0.6281722622E-01     0.3169076102         0.5619995431         0.4231379139E-01     0.9426649543E-01     0.4007955116         0.6672326034         0.4258635217E-01
    0.2795125042         0.5114002664         0.4881069768E-01     0.2136710258         0.5992143551         0.1291265046E-01     0.3372163050E-01     0.1198750635         0.5366893648         0.2486325564E-01
    0.4319197243         0.9695876036E-01

                         STEP LENGTH (VM)
    0.3090319356E-02     0.1218411855E-01     0.1400092236         0.3310650652         0.3315317962E-01     0.1070925383         0.2851339560         0.8769643463E-03     0.5710264052E-03     0.3699425625E-02
    0.6002676752E-01     0.2025658812E-01     0.3990217464E-01     0.3286309945         0.3325597362E-03     0.4176708400E-01     0.3739667276E-01     0.3257893815         0.3581185153E-01     0.6473631300E-01
    0.2441869646         0.7287091396E-03     0.2573982646E-01     0.1224498435         0.2673501501         0.1807657797E-01     0.3881909463E-01     0.1822856048         0.1999628345E-02     0.1653958146E-01
    0.1105056896         0.1706316658         0.2267534576E-01     0.8206268216E-01     0.2615492574         0.1477216522E-02     0.2212286599E-02     0.1769374434E-01     0.1171739200         0.1060010954E-01
    0.1935646552         0.3462183377E-01
 

 INTERMEDIATE RESULTS BEFORE NEXT TEMPERATURE REDUCTION

  CURRENT TEMPERATURE:             0.37627E-02
  MIN FUNCTION VALUE SO FAR:   0.183781916520776960E-01
  TOTAL MOVES:                     840
     DOWNHILL:                     613
     ACCEPTED UPHILL:              123
     REJECTED UPHILL:              104
  TRIALS OUT OF BOUNDS:            356
  NEW MINIMA THIS TEMPERATURE:       1

                         CURRENT OPTIMAL X
    0.9989184204         0.2563559933E-01     0.3630514434         0.9452931227         0.9871565409E-01     0.2394728886         0.8492519627         0.5898581731         0.1943803107E-01     0.1037604907    
    0.1311664553         0.5875022049E-01     0.8724972283E-01     0.6643072202         0.9996165378         0.8864305035E-01     0.1163917936         0.8138036106         0.1058847316         0.1295353126    
    0.9246540016         0.1676453256E-02     0.5245390593E-01     0.3380358372         0.6699503576         0.4286285566E-01     0.7833814102E-01     0.4064315270         0.6684135075         0.3957169859E-01
    0.2867315608         0.3533653616         0.6438925572E-01     0.2059178481         0.5969053556         0.1441619109E-01     0.3674610841E-01     0.1287156412         0.6095218353         0.2701858076E-01
    0.4912609547         0.9464376019E-01

                         STEP LENGTH (VM)
    0.2761561750E-02     0.1218411855E-01     0.1400092236         0.3310650652         0.3315317962E-01     0.1070925383         0.2851339560         0.1320274387E-02     0.8803322036E-03     0.3699425625E-02
    0.6002675957E-01     0.2025658812E-01     0.3990217464E-01     0.3286309945         0.2686059192E-03     0.4176708400E-01     0.3739667276E-01     0.3257893815         0.3581185153E-01     0.6473631300E-01
    0.2441869646         0.7287091396E-03     0.2573982646E-01     0.1224498435         0.2673501501         0.1807657797E-01     0.3881909463E-01     0.1822856048         0.1999628152E-02     0.1653958146E-01
    0.1105056896         0.1706316658         0.2267534576E-01     0.8206268216E-01     0.2615492574         0.4661486543E-03     0.5483185349E-02     0.5143541220E-01     0.1806431494         0.1060010954E-01
    0.1935646552         0.3462183377E-01
 

 INTERMEDIATE RESULTS BEFORE NEXT TEMPERATURE REDUCTION

  CURRENT TEMPERATURE:             0.28220E-02
  MIN FUNCTION VALUE SO FAR:   0.182587114954062928E-01
  TOTAL MOVES:                     840
     DOWNHILL:                     592
     ACCEPTED UPHILL:              105
     REJECTED UPHILL:              143
  TRIALS OUT OF BOUNDS:            366
  NEW MINIMA THIS TEMPERATURE:       3

                         CURRENT OPTIMAL X
    0.9992190263         0.3122434995E-01     0.3536258070         0.7320654375         0.8016008187E-01     0.3101005775         0.7837616984         0.5890070467         0.1907252964E-01     0.1050547812    
    0.1234766459         0.5442524407E-01     0.8558647500E-01     0.8830492995         0.9998125479         0.8548190509E-01     0.1309179013         0.7595509298         0.1017212823         0.1299559832    
    0.8332023650         0.1775780415E-02     0.5770466474E-01     0.3277005451         0.7765035816         0.3797326408E-01     0.9905539163E-01     0.4206801411         0.6672945575         0.4420934265E-01
    0.2656580671         0.3482820232         0.6272685409E-01     0.2096121327         0.5703969150         0.1441619109E-01     0.3264792994E-01     0.1438740816         0.4516087864         0.2518195110E-01
    0.5049184919         0.6986947745E-01

                         STEP LENGTH (VM)
    0.1433887669E-02     0.1218411855E-01     0.1400092236         0.3310650652         0.3315317962E-01     0.1070925383         0.2851339560         0.1320274296E-02     0.4951868461E-03     0.8981061350E-03
    0.1641757405E-01     0.2025658812E-01     0.3990217464E-01     0.3286309945         0.1208318298E-03     0.4176708400E-01     0.3739667276E-01     0.3257893815         0.3581185153E-01     0.6473631300E-01
    0.2441869646         0.7287091396E-03     0.2573982646E-01     0.1224498435         0.2673501501         0.1807657797E-01     0.3881909463E-01     0.1822856048         0.5461288128E-03     0.1653958146E-01
    0.1105056896         0.1706316658         0.2267534576E-01     0.8206268216E-01     0.2615492574         0.1828010565E-04     0.3929095679E-02     0.1969866798E-01     0.1524176583         0.1060010954E-01
    0.1935646552         0.3462183377E-01
 

 INTERMEDIATE RESULTS BEFORE NEXT TEMPERATURE REDUCTION

  CURRENT TEMPERATURE:             0.21165E-02
  MIN FUNCTION VALUE SO FAR:   0.182587114954062928E-01
  TOTAL MOVES:                     840
     DOWNHILL:                     576
     ACCEPTED UPHILL:              104
     REJECTED UPHILL:              160
  TRIALS OUT OF BOUNDS:            329
  NEW MINIMA THIS TEMPERATURE:       0

                         CURRENT OPTIMAL X
    0.9992190263         0.3122434995E-01     0.3536258070         0.7320654375         0.8016008187E-01     0.3101005775         0.7837616984         0.5890070467         0.1907252964E-01     0.1050547812    
    0.1234766459         0.5442524407E-01     0.8558647500E-01     0.8830492995         0.9998125479         0.8548190509E-01     0.1309179013         0.7595509298         0.1017212823         0.1299559832    
    0.8332023650         0.1775780415E-02     0.5770466474E-01     0.3277005451         0.7765035816         0.3797326408E-01     0.9905539163E-01     0.4206801411         0.6672945575         0.4420934265E-01
    0.2656580671         0.3482820232         0.6272685409E-01     0.2096121327         0.5703969150         0.1441619109E-01     0.3264792994E-01     0.1438740816         0.4516087864         0.2518195110E-01
    0.5049184919         0.6986947745E-01

                         STEP LENGTH (VM)
    0.2877035291E-03     0.1218411855E-01     0.1400092236         0.3310650652         0.3315317962E-01     0.1070925383         0.2851339560         0.5867885252E-03     0.1806762724E-03     0.5680328758E-03
    0.5588961092E-02     0.2025658812E-01     0.3990217464E-01     0.3286309945         0.1208318196E-03     0.4176708400E-01     0.3739667276E-01     0.3257893815         0.3581185153E-01     0.6473631300E-01
    0.2441869646         0.7287091396E-03     0.2573982646E-01     0.1224498435         0.2673501501         0.1807657797E-01     0.3881909463E-01     0.1822856048         0.2798978322E-03     0.1653958146E-01
    0.1105056896         0.1706316658         0.2267534576E-01     0.8206268216E-01     0.2615492574         0.4285445836E-05     0.3155412469E-02     0.1320229742E-01     0.4304348578E-01     0.1060010954E-01
    0.1935646552         0.3462183377E-01
 

 INTERMEDIATE RESULTS BEFORE NEXT TEMPERATURE REDUCTION

  CURRENT TEMPERATURE:             0.15874E-02
  MIN FUNCTION VALUE SO FAR:   0.182110035206387091E-01
  TOTAL MOVES:                     840
     DOWNHILL:                     634
     ACCEPTED UPHILL:              104
     REJECTED UPHILL:              102
  TRIALS OUT OF BOUNDS:            347
  NEW MINIMA THIS TEMPERATURE:       0

                         CURRENT OPTIMAL X
    0.9995463944         0.3060327292E-01     0.3911260984         0.8326739216         0.7013702871E-01     0.3197439650         0.8422392396         0.5891863645         0.1900788291E-01     0.1048988919    
    0.1300025796         0.4525122019E-01     0.1018455968         0.7072853406         0.9999822808         0.1167616326         0.1039449204         0.9743668701         0.8610132802E-01     0.1616651976    
    0.9294824867         0.2097842861E-02     0.5570461223E-01     0.3303168158         0.5939313721         0.4374073121E-01     0.9757746913E-01     0.3760428533         0.6681297050         0.4268012093E-01
    0.3123129923         0.3515962441         0.6749136986E-01     0.2386328840         0.6000864502         0.1442238010E-01     0.2921673609E-01     0.1483086891         0.5680301855         0.3081148199E-01
    0.5671518482         0.9371867349E-01

                         STEP LENGTH (VM)
    0.7282493679E-03     0.1218411855E-01     0.1400092236         0.3310650652         0.3315317962E-01     0.1070925383         0.2851339560         0.5740246828E-03     0.1562605432E-03     0.1655767055E-02
    0.1459339605E-01     0.2025658812E-01     0.3990217464E-01     0.3286309945         0.1009862536E-03     0.4176708400E-01     0.3739667276E-01     0.3257893815         0.3581185153E-01     0.6473631300E-01
    0.2441869646         0.7287091396E-03     0.2573982646E-01     0.1224498435         0.2673501501         0.1807657797E-01     0.3881909463E-01     0.1822856048         0.4383583871E-03     0.1653958146E-01
    0.1105056896         0.1706316658         0.2267534576E-01     0.8206268216E-01     0.2615492574         0.6785288547E-05     0.8976891989E-02     0.3429027331E-01     0.1354823595         0.1060010954E-01
    0.1935646552         0.3462183377E-01
 

 INTERMEDIATE RESULTS BEFORE NEXT TEMPERATURE REDUCTION

  CURRENT TEMPERATURE:             0.11905E-02
  MIN FUNCTION VALUE SO FAR:   0.181335469507727005E-01
  TOTAL MOVES:                     840
     DOWNHILL:                     659
     ACCEPTED UPHILL:              114
     REJECTED UPHILL:               67
  TRIALS OUT OF BOUNDS:            370
  NEW MINIMA THIS TEMPERATURE:       1

                         CURRENT OPTIMAL X
    0.9998944089         0.2911753549E-01     0.3789682768         0.7350015524         0.8843250487E-01     0.2565305309         0.7190383983         0.5886840963         0.1913620731E-01     0.1044248988    
    0.1303183758         0.4150574836E-01     0.9783821375E-01     0.8353772051         0.9999897624         0.1189044130         0.1058226229         0.7627830326         0.8404717539E-01     0.1340626482    
    0.9640690720         0.1757727581E-02     0.6327139169E-01     0.3427946423         0.6580618827         0.3728427055E-01     0.8183660875E-01     0.5064232107         0.6676128650         0.4792999569E-01
    0.2597507950         0.3567188811         0.4939281417E-01     0.2191886124         0.6025897111         0.1441812048E-01     0.3988787888E-01     0.1226393446         0.5835273138         0.2425742330E-01
    0.5439057443         0.8213856519E-01

                         STEP LENGTH (VM)
    0.2473486960E-02     0.1218411855E-01     0.1400092236         0.3310650652         0.3315317962E-01     0.1070925383         0.2851339560         0.1130110888E-02     0.4818031600E-03     0.2431907652E-02
    0.2270083605E-01     0.2025658812E-01     0.3990217464E-01     0.3286309945         0.2710108655E-03     0.4176708400E-01     0.3739667276E-01     0.3257893815         0.3581185153E-01     0.6473631300E-01
    0.2441869646         0.7287091396E-03     0.2573982646E-01     0.1224498435         0.2673501501         0.1807657797E-01     0.3881909463E-01     0.1822856048         0.8367077431E-03     0.1653958146E-01
    0.1105056896         0.1706316658         0.2267534576E-01     0.8206268216E-01     0.2615492574         0.6031367447E-05     0.1346533857E-01     0.5143541220E-01     0.2032235481         0.1060010954E-01
    0.1935646552         0.3462183377E-01
 

 INTERMEDIATE RESULTS BEFORE NEXT TEMPERATURE REDUCTION

  CURRENT TEMPERATURE:             0.89291E-03
  MIN FUNCTION VALUE SO FAR:   0.181307593246916483E-01
  TOTAL MOVES:                     840
     DOWNHILL:                     646
     ACCEPTED UPHILL:              106
     REJECTED UPHILL:               88
  TRIALS OUT OF BOUNDS:            349
  NEW MINIMA THIS TEMPERATURE:       0

                         CURRENT OPTIMAL X
    0.9998944089         0.3259771417E-01     0.2975691790         0.7350015524         0.8843250487E-01     0.2565305309         0.7190383983         0.5886840963         0.1913620731E-01     0.1044248988    
    0.1303183758         0.4150574836E-01     0.9783821375E-01     0.8353772051         0.9999897624         0.1189044130         0.1058226229         0.7627830326         0.8404717539E-01     0.1340626482    
    0.9640690720         0.1757727581E-02     0.6327139169E-01     0.3427946423         0.6580618827         0.3728427055E-01     0.8183660875E-01     0.5064232107         0.6676128650         0.4792999569E-01
    0.2597507950         0.3567188811         0.4939281417E-01     0.2191886124         0.6025897111         0.1441812048E-01     0.3988787888E-01     0.1226393446         0.5835273138         0.2425742330E-01
    0.5439057443         0.8213856519E-01

                         STEP LENGTH (VM)
    0.3710229281E-02     0.1218411855E-01     0.1400092236         0.3310650652         0.3315317962E-01     0.1070925383         0.2851339560         0.8687938415E-03     0.3806839594E-03     0.1921507185E-02
    0.1308876983E-01     0.2025658812E-01     0.3990217464E-01     0.3286309945         0.1751479405E-03     0.4176708400E-01     0.3739667276E-01     0.3257893815         0.3581185153E-01     0.6473631300E-01
    0.2441869646         0.7287091396E-03     0.2573982646E-01     0.1224498435         0.2673501501         0.1807657797E-01     0.3881909463E-01     0.1822856048         0.9412961097E-03     0.1653958146E-01
    0.1105056896         0.1706316658         0.2267534576E-01     0.8206268216E-01     0.2615492574         0.5361215375E-05     0.1346533857E-01     0.5143541220E-01     0.2032235481         0.1060010954E-01
    0.1935646552         0.3462183377E-01
 

 INTERMEDIATE RESULTS BEFORE NEXT TEMPERATURE REDUCTION

  CURRENT TEMPERATURE:             0.66968E-03
  MIN FUNCTION VALUE SO FAR:   0.181011090148428845E-01
  TOTAL MOVES:                     840
     DOWNHILL:                     636
     ACCEPTED UPHILL:              120
     REJECTED UPHILL:               84
  TRIALS OUT OF BOUNDS:            345
  NEW MINIMA THIS TEMPERATURE:       0

                         CURRENT OPTIMAL X
    0.9998944089         0.2852166881E-01     0.3098540478         0.8138673711         0.9537303574E-01     0.3056370522         0.7633463054         0.5898263005         0.1908584908E-01     0.1024927712    
    0.1402120362         0.4095823953E-01     0.8220931801E-01     0.9736790449         0.9999997958         0.1243131422         0.1199214261         0.9299876729         0.7245944020E-01     0.1614211961    
    0.8680585611         0.1930656368E-02     0.6028898399E-01     0.3356463626         0.6413128194         0.3826565545E-01     0.1145059768         0.4004766218         0.6679000230         0.4298030993E-01
    0.2712232812         0.3454116200         0.6340638803E-01     0.1895536193         0.7066960283         0.1442049290E-01     0.3577678504E-01     0.1029012462         0.5668696900         0.3078995603E-01
    0.4983258756         0.9807907810E-01

                         STEP LENGTH (VM)
    0.1757476832E-02     0.1218411855E-01     0.1400092236         0.3310650652         0.3315317962E-01     0.1070925383         0.2851339560         0.4412920943E-03     0.4511809357E-03     0.1012151839E-02
    0.1440457066E-01     0.2025658812E-01     0.3990217464E-01     0.3286309945         0.1988165635E-03     0.4176708400E-01     0.3739667276E-01     0.3257893815         0.3581185153E-01     0.6473631300E-01
    0.2441869646         0.7287091396E-03     0.2573982646E-01     0.1224498435         0.2673501501         0.1807657797E-01     0.3881909463E-01     0.1822856048         0.6275307125E-03     0.1653958146E-01
    0.1105056896         0.1706316658         0.2267534576E-01     0.8206268216E-01     0.2615492574         0.8071337648E-05     0.1346533857E-01     0.5143541220E-01     0.2032235481         0.1060010954E-01
    0.1935646552         0.3462183377E-01
 

 INTERMEDIATE RESULTS BEFORE NEXT TEMPERATURE REDUCTION

  CURRENT TEMPERATURE:             0.50226E-03
  MIN FUNCTION VALUE SO FAR:   0.180345487949226981E-01
  TOTAL MOVES:                     840
     DOWNHILL:                     651
     ACCEPTED UPHILL:              102
     REJECTED UPHILL:               87
  TRIALS OUT OF BOUNDS:            346
  NEW MINIMA THIS TEMPERATURE:       4

                         CURRENT OPTIMAL X
    0.9999144638         0.2605369434E-01     0.3717534175         0.8983419838         0.9251488588E-01     0.2336860722         0.7822752207         0.5899993146         0.1946037456E-01     0.1011464556    
    0.1365071623         0.5592507195E-01     0.7995930148E-01     0.8076917959         0.9999920356         0.1130383381         0.1078425856         0.9551163968         0.7697096246E-01     0.1325594747    
    0.9201176871         0.1912877345E-02     0.5205640050E-01     0.3195248370         0.7262941583         0.4462863780E-01     0.9262061662E-01     0.3995755817         0.6676162600         0.4170924314E-01
    0.3161534585         0.4130064989         0.6339866659E-01     0.1843006872         0.6863724768         0.1442091983E-01     0.3917798368E-01     0.1460061175         0.4349496405         0.2467919002E-01
    0.4108807620         0.1026922455    

                         STEP LENGTH (VM)
    0.1063626507E-02     0.1218411855E-01     0.1400092236         0.3310650652         0.3315317962E-01     0.1070925383         0.2851339560         0.5585101867E-03     0.1561780124E-03     0.7045194624E-03
    0.7355525387E-02     0.2025658812E-01     0.3990217464E-01     0.3286309945         0.1289620934E-03     0.4176708400E-01     0.3739667276E-01     0.3257893815         0.3581185153E-01     0.6473631300E-01
    0.2441869646         0.7287091396E-03     0.2573982646E-01     0.1224498435         0.2673501501         0.1807657797E-01     0.3881909463E-01     0.1822856048         0.5578050639E-03     0.1653958146E-01
    0.1105056896         0.1706316658         0.2267534576E-01     0.8206268216E-01     0.2615492574         0.6053503123E-05     0.1346533857E-01     0.5143541220E-01     0.2032235481         0.1060010954E-01
    0.1935646552         0.3462183377E-01
 

  SA ACHIEVED TERMINATION CRITERIA. IER = 0. 


  ****   RESULTS AFTER SA   ****   

                         SOLUTION
    0.9999144638         0.2605369434E-01     0.3717534175         0.8983419838         0.9251488588E-01     0.2336860722         0.7822752207         0.5899993146         0.1946037456E-01     0.1011464556    
    0.1365071623         0.5592507195E-01     0.7995930148E-01     0.8076917959         0.9999920356         0.1130383381         0.1078425856         0.9551163968         0.7697096246E-01     0.1325594747    
    0.9201176871         0.1912877345E-02     0.5205640050E-01     0.3195248370         0.7262941583         0.4462863780E-01     0.9262061662E-01     0.3995755817         0.6676162600         0.4170924314E-01
    0.3161534585         0.4130064989         0.6339866659E-01     0.1843006872         0.6863724768         0.1442091983E-01     0.3917798368E-01     0.1460061175         0.4349496405         0.2467919002E-01
    0.4108807620         0.1026922455    

                         FINAL STEP LENGTH
    0.1063626507E-02     0.1218411855E-01     0.1400092236         0.3310650652         0.3315317962E-01     0.1070925383         0.2851339560         0.5585101867E-03     0.1561780124E-03     0.7045194624E-03
    0.7355525387E-02     0.2025658812E-01     0.3990217464E-01     0.3286309945         0.1289620934E-03     0.4176708400E-01     0.3739667276E-01     0.3257893815         0.3581185153E-01     0.6473631300E-01
    0.2441869646         0.7287091396E-03     0.2573982646E-01     0.1224498435         0.2673501501         0.1807657797E-01     0.3881909463E-01     0.1822856048         0.5578050639E-03     0.1653958146E-01
    0.1105056896         0.1706316658         0.2267534576E-01     0.8206268216E-01     0.2615492574         0.6053503123E-05     0.1346533857E-01     0.5143541220E-01     0.2032235481         0.1060010954E-01
    0.1935646552         0.3462183377E-01

 OPTIMAL FUNCTION VALUE:  0.1803454879492E-01
 NUMBER OF FUNCTION EVALUATIONS:          27721
 NUMBER OF ACCEPTED EVALUATIONS:          25462
 NUMBER OF OUT OF BOUND EVALUATIONS:      12788
 FINAL TEMP:  0.5022621286032E-03  IER:   0
