
 SIMULATED PARALLEL ANNEALING by NEIGHBORHOOD EXAMPLE

 NUMBER OF PARAMETERS:  42   MAXIMAZATION:     F
 INITIAL TEMP:  5.0       RT: 0.75       EPS: 0.10E-02
 NS:  24   NT:  20   NEPS:  4
 MAXEVL:  100000000   IPRINT: 1   ISEED1:    7 ISEED2:    8

                         STARTING VALUES
    0.9995755530         0.2755033374E-01     0.2208782792         0.7176014781         0.5442627668E-01     0.2307438135         0.6719470620         0.6850698103         0.7877638480E-02     0.1001397139    
    0.1472284000E-02     0.5099666119E-02     0.2681025147         0.5710504055         0.9997865590         0.8315839171E-01     0.2482886314         0.1589680314         0.7465442419E-01     0.2021679759    
    0.3868678212         0.2793063831E-02     0.4192189574E-01     0.1432188153         0.2074855566         0.4281469584E-01     0.1316378236         0.1074645519         0.6513050424         0.1012411561E-01
    0.1328458548         0.8910384178         0.2036579251E-01     0.1089978337         0.4724206328         0.3287202209E-04     0.6477544683E-01     0.2670883179         0.9037043452         0.2763274312E-01
    0.2625798106         0.1144825816    

                         INITIAL STEP LENGTH
     1.000000000         0.1000000000         0.2000000000          1.000000000         0.1000000000         0.2000000000          1.000000000          1.000000000         0.1000000000         0.2000000000    
     1.000000000         0.1000000000         0.2000000000          1.000000000          1.000000000         0.1000000000         0.2000000000          1.000000000         0.1000000000         0.2000000000    
     1.000000000          1.000000000         0.1000000000         0.2000000000          1.000000000         0.1000000000         0.2000000000          1.000000000          1.000000000         0.1000000000    
    0.2000000000          1.000000000         0.1000000000         0.2000000000          1.000000000          1.000000000         0.1000000000         0.2000000000          1.000000000         0.1000000000    
    0.2000000000          1.000000000    

                         LOWER BOUND
     0.000000000          0.000000000         0.1000000000          0.000000000          0.000000000         0.1000000000          0.000000000          0.000000000          0.000000000         0.1000000000    
     0.000000000          0.000000000         0.1000000000          0.000000000          0.000000000          0.000000000         0.1000000000          0.000000000          0.000000000         0.1000000000    
     0.000000000          0.000000000          0.000000000         0.1000000000          0.000000000          0.000000000         0.1000000000          0.000000000          0.000000000          0.000000000    
    0.1000000000          0.000000000          0.000000000         0.1000000000          0.000000000          0.000000000          0.000000000         0.1000000000          0.000000000          0.000000000    
    0.1000000000          0.000000000    

                         UPPER BOUND
     1.000000000         0.1000000000         0.3000000000          1.000000000         0.1000000000         0.3000000000          1.000000000          1.000000000         0.1000000000         0.3000000000    
     1.000000000         0.1000000000         0.3000000000          1.000000000          1.000000000         0.1000000000         0.3000000000          1.000000000         0.1000000000         0.3000000000    
     1.000000000          1.000000000         0.1000000000         0.3000000000          1.000000000         0.1000000000         0.3000000000          1.000000000          1.000000000         0.1000000000    
    0.3000000000          1.000000000         0.1000000000         0.3000000000          1.000000000          1.000000000         0.1000000000         0.3000000000          1.000000000         0.1000000000    
    0.3000000000          1.000000000    

                         C VECTOR
     2.000000000          2.000000000          2.000000000          2.000000000          2.000000000          2.000000000          2.000000000          2.000000000          2.000000000          2.000000000    
     2.000000000          2.000000000          2.000000000          2.000000000          2.000000000          2.000000000          2.000000000          2.000000000          2.000000000          2.000000000    
     2.000000000          2.000000000          2.000000000          2.000000000          2.000000000          2.000000000          2.000000000          2.000000000          2.000000000          2.000000000    
     2.000000000          2.000000000          2.000000000          2.000000000          2.000000000          2.000000000          2.000000000          2.000000000          2.000000000          2.000000000    
     2.000000000          2.000000000    

  ****   END OF DRIVER ROUTINE OUTPUT   ****
  ****   BEFORE CALL TO SA.             ****
  

                         INITIAL X
    0.9995755530         0.2755033374E-01     0.2208782792         0.7176014781         0.5442627668E-01     0.2307438135         0.6719470620         0.6850698103         0.7877638480E-02     0.1001397139    
    0.1472284000E-02     0.5099666119E-02     0.2681025147         0.5710504055         0.9997865590         0.8315839171E-01     0.2482886314         0.1589680314         0.7465442419E-01     0.2021679759    
    0.3868678212         0.2793063831E-02     0.4192189574E-01     0.1432188153         0.2074855566         0.4281469584E-01     0.1316378236         0.1074645519         0.6513050424         0.1012411561E-01
    0.1328458548         0.8910384178         0.2036579251E-01     0.1089978337         0.4724206328         0.3287202209E-04     0.6477544683E-01     0.2670883179         0.9037043452         0.2763274312E-01
    0.2625798106         0.1144825816    
  INITIAL F: 
 0.191058992814442385E-01

 INTERMEDIATE RESULTS BEFORE NEXT TEMPERATURE REDUCTION

  CURRENT TEMPERATURE:              5.0000    
  MIN FUNCTION VALUE SO FAR:   0.182715381595025539E-01
  TOTAL MOVES:                    1680
     DOWNHILL:                    1217
     ACCEPTED UPHILL:              412
     REJECTED UPHILL:               51
  TRIALS OUT OF BOUNDS:            794
  NEW MINIMA THIS TEMPERATURE:       0

                         CURRENT OPTIMAL X
    0.9995755530         0.1198112965E-02     0.2206453681         0.7176014781         0.5442627668E-01     0.2307438135         0.6719470620         0.6850698103         0.7877638480E-02     0.1001397139    
    0.1472284000E-02     0.5099666119E-02     0.2681025147         0.5710504055         0.9997865590         0.8315839171E-01     0.2482886314         0.1589680314         0.7465442419E-01     0.2021679759    
    0.3868678212         0.2793063831E-02     0.4192189574E-01     0.1432188153         0.2074855566         0.4281469584E-01     0.1316378236         0.1074645519         0.6513050424         0.1012411561E-01
    0.1328458548         0.8910384178         0.2036579251E-01     0.1089978337         0.4724206328         0.3287202209E-04     0.6477544683E-01     0.2670883179         0.9037043452         0.2763274312E-01
    0.2625798106         0.1144825816    

                         STEP LENGTH (VM)
     1.000000000         0.1000000000         0.2000000000          1.000000000         0.1000000000         0.2000000000          1.000000000          1.000000000         0.1000000000         0.2000000000    
     1.000000000         0.1000000000         0.2000000000          1.000000000         0.1957671101         0.1000000000         0.2000000000          1.000000000         0.1000000000         0.2000000000    
     1.000000000          1.000000000         0.1000000000         0.2000000000          1.000000000         0.1000000000         0.2000000000          1.000000000          1.000000000         0.1000000000    
    0.2000000000          1.000000000         0.1000000000         0.2000000000          1.000000000          1.000000000         0.1000000000         0.2000000000          1.000000000         0.1000000000    
    0.2000000000          1.000000000    
 

 INTERMEDIATE RESULTS BEFORE NEXT TEMPERATURE REDUCTION

  CURRENT TEMPERATURE:              3.7500    
  MIN FUNCTION VALUE SO FAR:   0.182715381595025539E-01
  TOTAL MOVES:                    1680
     DOWNHILL:                    1213
     ACCEPTED UPHILL:              410
     REJECTED UPHILL:               57
  TRIALS OUT OF BOUNDS:            846
  NEW MINIMA THIS TEMPERATURE:       0

                         CURRENT OPTIMAL X
    0.9995755530         0.1198112965E-02     0.2206453681         0.7176014781         0.5442627668E-01     0.2307438135         0.6719470620         0.6850698103         0.7877638480E-02     0.1001397139    
    0.1472284000E-02     0.5099666119E-02     0.2681025147         0.5710504055         0.9997865590         0.8315839171E-01     0.2482886314         0.1589680314         0.7465442419E-01     0.2021679759    
    0.3868678212         0.2793063831E-02     0.4192189574E-01     0.1432188153         0.2074855566         0.4281469584E-01     0.1316378236         0.1074645519         0.6513050424         0.1012411561E-01
    0.1328458548         0.8910384178         0.2036579251E-01     0.1089978337         0.4724206328         0.3287202209E-04     0.6477544683E-01     0.2670883179         0.9037043452         0.2763274312E-01
    0.2625798106         0.1144825816    

                         STEP LENGTH (VM)
     1.000000000         0.1000000000         0.2000000000          1.000000000         0.1000000000         0.2000000000          1.000000000          1.000000000         0.1000000000         0.2000000000    
     1.000000000         0.1000000000         0.2000000000          1.000000000         0.3666491676         0.1000000000         0.2000000000          1.000000000         0.1000000000         0.2000000000    
     1.000000000          1.000000000         0.1000000000         0.2000000000          1.000000000         0.1000000000         0.2000000000          1.000000000          1.000000000         0.1000000000    
    0.2000000000          1.000000000         0.1000000000         0.2000000000          1.000000000          1.000000000         0.1000000000         0.2000000000          1.000000000         0.1000000000    
    0.2000000000          1.000000000    
 

 INTERMEDIATE RESULTS BEFORE NEXT TEMPERATURE REDUCTION

  CURRENT TEMPERATURE:              2.8125    
  MIN FUNCTION VALUE SO FAR:   0.137047905770772971E-01
  TOTAL MOVES:                    1680
     DOWNHILL:                    1216
     ACCEPTED UPHILL:              413
     REJECTED UPHILL:               51
  TRIALS OUT OF BOUNDS:            800
  NEW MINIMA THIS TEMPERATURE:       0

                         CURRENT OPTIMAL X
    0.9848440266         0.1198112965E-02     0.2206453681         0.7176014781         0.5442627668E-01     0.2307438135         0.6719470620         0.6850698103         0.7877638480E-02     0.1001397139    
    0.1472284000E-02     0.5099666119E-02     0.2681025147         0.5710504055         0.9997865590         0.8315839171E-01     0.2482886314         0.1589680314         0.7465442419E-01     0.2021679759    
    0.3868678212         0.2793063831E-02     0.4192189574E-01     0.1432188153         0.2074855566         0.4281469584E-01     0.1316378236         0.1074645519         0.6513050424         0.1012411561E-01
    0.1328458548         0.8910384178         0.2036579251E-01     0.1089978337         0.4724206328         0.3287202209E-04     0.6477544683E-01     0.2670883179         0.9037043452         0.2763274312E-01
    0.2625798106         0.1144825816    

                         STEP LENGTH (VM)
     1.000000000         0.1000000000         0.2000000000          1.000000000         0.1000000000         0.2000000000          1.000000000          1.000000000         0.1000000000         0.2000000000    
     1.000000000         0.1000000000         0.2000000000          1.000000000         0.2575093471         0.1000000000         0.2000000000          1.000000000         0.1000000000         0.2000000000    
     1.000000000          1.000000000         0.1000000000         0.2000000000          1.000000000         0.1000000000         0.2000000000          1.000000000          1.000000000         0.1000000000    
    0.2000000000          1.000000000         0.1000000000         0.2000000000          1.000000000          1.000000000         0.1000000000         0.2000000000          1.000000000         0.1000000000    
    0.2000000000          1.000000000    
 

 INTERMEDIATE RESULTS BEFORE NEXT TEMPERATURE REDUCTION

  CURRENT TEMPERATURE:              2.1094    
  MIN FUNCTION VALUE SO FAR:   0.985254779986466378E-02
  TOTAL MOVES:                    1680
     DOWNHILL:                    1208
     ACCEPTED UPHILL:              406
     REJECTED UPHILL:               66
  TRIALS OUT OF BOUNDS:            858
  NEW MINIMA THIS TEMPERATURE:       0

                         CURRENT OPTIMAL X
    0.9710246897         0.1198112965E-02     0.2206453681         0.7176014781         0.5442627668E-01     0.2307438135         0.6719470620         0.6850698103         0.7877638480E-02     0.1001397139    
    0.1472284000E-02     0.5099666119E-02     0.2681025147         0.5710504055         0.9997865590         0.8315839171E-01     0.2482886314         0.1589680314         0.7465442419E-01     0.2021679759    
    0.3868678212         0.2793063831E-02     0.4192189574E-01     0.1432188153         0.2074855566         0.4281469584E-01     0.1316378236         0.1074645519         0.6513050424         0.1012411561E-01
    0.1328458548         0.8910384178         0.2036579251E-01     0.1089978337         0.4724206328         0.3287202209E-04     0.6477544683E-01     0.2670883179         0.9037043452         0.2763274312E-01
    0.2625798106         0.1144825816    

                         STEP LENGTH (VM)
     1.000000000         0.1000000000         0.2000000000          1.000000000         0.1000000000         0.2000000000          1.000000000          1.000000000         0.1000000000         0.2000000000    
     1.000000000         0.1000000000         0.2000000000          1.000000000         0.2104346715         0.1000000000         0.2000000000          1.000000000         0.1000000000         0.2000000000    
     1.000000000          1.000000000         0.1000000000         0.2000000000          1.000000000         0.1000000000         0.2000000000          1.000000000          1.000000000         0.1000000000    
    0.2000000000          1.000000000         0.1000000000         0.2000000000          1.000000000          1.000000000         0.1000000000         0.2000000000          1.000000000         0.1000000000    
    0.2000000000          1.000000000    
 

  SA ACHIEVED TERMINATION CRITERIA. IER = 0. 


  ****   RESULTS AFTER SA   ****   

                         SOLUTION
    0.9710246897         0.1198112965E-02     0.2206453681         0.7176014781         0.5442627668E-01     0.2307438135         0.6719470620         0.6850698103         0.7877638480E-02     0.1001397139    
    0.1472284000E-02     0.5099666119E-02     0.2681025147         0.5710504055         0.9997865590         0.8315839171E-01     0.2482886314         0.1589680314         0.7465442419E-01     0.2021679759    
    0.3868678212         0.2793063831E-02     0.4192189574E-01     0.1432188153         0.2074855566         0.4281469584E-01     0.1316378236         0.1074645519         0.6513050424         0.1012411561E-01
    0.1328458548         0.8910384178         0.2036579251E-01     0.1089978337         0.4724206328         0.3287202209E-04     0.6477544683E-01     0.2670883179         0.9037043452         0.2763274312E-01
    0.2625798106         0.1144825816    

                         FINAL STEP LENGTH
     1.000000000         0.1000000000         0.2000000000          1.000000000         0.1000000000         0.2000000000          1.000000000          1.000000000         0.1000000000         0.2000000000    
     1.000000000         0.1000000000         0.2000000000          1.000000000         0.2104346715         0.1000000000         0.2000000000          1.000000000         0.1000000000         0.2000000000    
     1.000000000          1.000000000         0.1000000000         0.2000000000          1.000000000         0.1000000000         0.2000000000          1.000000000          1.000000000         0.1000000000    
    0.2000000000          1.000000000         0.1000000000         0.2000000000          1.000000000          1.000000000         0.1000000000         0.2000000000          1.000000000         0.1000000000    
    0.2000000000          1.000000000    

 OPTIMAL FUNCTION VALUE:  0.9852547799865E-02
 NUMBER OF FUNCTION EVALUATIONS:           6721
 NUMBER OF ACCEPTED EVALUATIONS:           6495
 NUMBER OF OUT OF BOUND EVALUATIONS:       3298
 FINAL TEMP:   2.109375000000      IER:   0
