
 SIMULATED PARALLEL ANNEALING by NEIGHBORHOOD EXAMPLE

 NUMBER OF PARAMETERS:  42   MAXIMAZATION:     F
 INITIAL TEMP:  5.0       RT: 0.75       EPS: 0.10E-02
 NS:  24   NT:   5   NEPS:  4
 MAXEVL:  100000000   IPRINT: 1   ISEED1:    7 ISEED2:    8

                         STARTING VALUES
    0.9999196919         0.3911641240E-01     0.2224653006         0.7706983089         0.4799049497E-01     0.1227848053         0.9613317847         0.6541159173         0.2690622312E-01     0.1010460336    
    0.1077610127         0.9671522379E-01     0.2902822971         0.7345870733         0.9999975870         0.6099378467E-01     0.2540979028         0.5019401908         0.5071206093E-01     0.2908688188    
    0.9553068280         0.7111773137E-02     0.4658682942E-01     0.2101369143         0.4361623526         0.7645625472E-01     0.2270280242         0.3873983026         0.7436619953         0.6557708979E-02
    0.1475821376         0.9618915791         0.3221664429E-01     0.2873373747         0.8807760477         0.1483278434E-01     0.4434841871E-02     0.1630968213         0.4105083346         0.9464060068E-01
    0.1459043622         0.8254996538    

                         INITIAL STEP LENGTH
     1.000000000         0.1000000000         0.2000000000          1.000000000         0.1000000000         0.2000000000          1.000000000          1.000000000         0.1000000000         0.2000000000    
     1.000000000         0.1000000000         0.2000000000          1.000000000          1.000000000         0.1000000000         0.2000000000          1.000000000         0.1000000000         0.2000000000    
     1.000000000          1.000000000         0.1000000000         0.2000000000          1.000000000         0.1000000000         0.2000000000          1.000000000          1.000000000         0.1000000000    
    0.2000000000          1.000000000         0.1000000000         0.2000000000          1.000000000          1.000000000         0.1000000000         0.2000000000          1.000000000         0.1000000000    
    0.2000000000          1.000000000    

                         LOWER BOUND
     0.000000000          0.000000000         0.1000000000          0.000000000          0.000000000         0.1000000000          0.000000000          0.000000000          0.000000000         0.1000000000    
     0.000000000          0.000000000         0.1000000000          0.000000000          0.000000000          0.000000000         0.1000000000          0.000000000          0.000000000         0.1000000000    
     0.000000000          0.000000000          0.000000000         0.1000000000          0.000000000          0.000000000         0.1000000000          0.000000000          0.000000000          0.000000000    
    0.1000000000          0.000000000          0.000000000         0.1000000000          0.000000000          0.000000000          0.000000000         0.1000000000          0.000000000          0.000000000    
    0.1000000000          0.000000000    

                         UPPER BOUND
     1.000000000         0.1000000000         0.3000000000          1.000000000         0.1000000000         0.3000000000          1.000000000          1.000000000         0.1000000000         0.3000000000    
     1.000000000         0.1000000000         0.3000000000          1.000000000          1.000000000         0.1000000000         0.3000000000          1.000000000         0.1000000000         0.3000000000    
     1.000000000          1.000000000         0.1000000000         0.3000000000          1.000000000         0.1000000000         0.3000000000          1.000000000          1.000000000         0.1000000000    
    0.3000000000          1.000000000         0.1000000000         0.3000000000          1.000000000          1.000000000         0.1000000000         0.3000000000          1.000000000         0.1000000000    
    0.3000000000          1.000000000    

                         C VECTOR
     2.000000000          2.000000000          2.000000000          2.000000000          2.000000000          2.000000000          2.000000000          2.000000000          2.000000000          2.000000000    
     2.000000000          2.000000000          2.000000000          2.000000000          2.000000000          2.000000000          2.000000000          2.000000000          2.000000000          2.000000000    
     2.000000000          2.000000000          2.000000000          2.000000000          2.000000000          2.000000000          2.000000000          2.000000000          2.000000000          2.000000000    
     2.000000000          2.000000000          2.000000000          2.000000000          2.000000000          2.000000000          2.000000000          2.000000000          2.000000000          2.000000000    
     2.000000000          2.000000000    

  ****   END OF DRIVER ROUTINE OUTPUT   ****
  ****   BEFORE CALL TO SA.             ****
  

                         INITIAL X
    0.9999196919         0.3911641240E-01     0.2224653006         0.7706983089         0.4799049497E-01     0.1227848053         0.9613317847         0.6541159173         0.2690622312E-01     0.1010460336    
    0.1077610127         0.9671522379E-01     0.2902822971         0.7345870733         0.9999975870         0.6099378467E-01     0.2540979028         0.5019401908         0.5071206093E-01     0.2908688188    
    0.9553068280         0.7111773137E-02     0.4658682942E-01     0.2101369143         0.4361623526         0.7645625472E-01     0.2270280242         0.3873983026         0.7436619953         0.6557708979E-02
    0.1475821376         0.9618915791         0.3221664429E-01     0.2873373747         0.8807760477         0.1483278434E-01     0.4434841871E-02     0.1630968213         0.4105083346         0.9464060068E-01
    0.1459043622         0.8254996538    
  INITIAL F: 
 0.871169238908223453E-01

 INTERMEDIATE RESULTS BEFORE NEXT TEMPERATURE REDUCTION

  CURRENT TEMPERATURE:              5.0000    
  MIN FUNCTION VALUE SO FAR:   0.768363616722558124E-01
  TOTAL MOVES:                     420
     DOWNHILL:                     293
     ACCEPTED UPHILL:              115
     REJECTED UPHILL:               12
  TRIALS OUT OF BOUNDS:            217
  NEW MINIMA THIS TEMPERATURE:       0

                         CURRENT OPTIMAL X
    0.9999196919         0.1198112965E-02     0.2637560368         0.7706983089         0.4799049497E-01     0.1227848053         0.9613317847         0.6541159173         0.2690622312E-01     0.1010460336    
    0.1077610127         0.9671522379E-01     0.2902822971         0.7345870733         0.9999975870         0.6099378467E-01     0.2540979028         0.5019401908         0.5071206093E-01     0.2908688188    
    0.9553068280         0.7111773137E-02     0.4658682942E-01     0.2101369143         0.4361623526         0.7645625472E-01     0.2270280242         0.3873983026         0.7436619953         0.6557708979E-02
    0.1475821376         0.9618915791         0.3221664429E-01     0.2873373747         0.8807760477         0.1483278434E-01     0.4434841871E-02     0.1630968213         0.4105083346         0.9464060068E-01
    0.1459043622         0.8254996538    

                         STEP LENGTH (VM)
     1.000000000         0.1000000000         0.2000000000          1.000000000         0.1000000000         0.2000000000          1.000000000          1.000000000         0.1000000000         0.2000000000    
     1.000000000         0.1000000000         0.2000000000          1.000000000         0.3282674358         0.1000000000         0.2000000000          1.000000000         0.1000000000         0.2000000000    
     1.000000000          1.000000000         0.1000000000         0.2000000000          1.000000000         0.1000000000         0.2000000000          1.000000000          1.000000000         0.1000000000    
    0.2000000000          1.000000000         0.1000000000         0.2000000000          1.000000000          1.000000000         0.1000000000         0.2000000000          1.000000000         0.1000000000    
    0.2000000000          1.000000000    
 

 INTERMEDIATE RESULTS BEFORE NEXT TEMPERATURE REDUCTION

  CURRENT TEMPERATURE:              3.7500    
  MIN FUNCTION VALUE SO FAR:   0.673898418545450933E-01
  TOTAL MOVES:                     420
     DOWNHILL:                     302
     ACCEPTED UPHILL:              104
     REJECTED UPHILL:               14
  TRIALS OUT OF BOUNDS:            211
  NEW MINIMA THIS TEMPERATURE:       0

                         CURRENT OPTIMAL X
    0.9873655438         0.5616235733E-01     0.2362600207         0.3298338651         0.5383210779E-01     0.2971351147         0.8464157556E-02     0.6541159173         0.2103591663E-01     0.1010460336    
    0.1077610127         0.9671522379E-01     0.2902822971         0.7345870733         0.9999975870         0.6099378467E-01     0.2540979028         0.5019401908         0.5071206093E-01     0.2908688188    
    0.9553068280         0.7111773137E-02     0.4658682942E-01     0.2101369143         0.4361623526         0.7645625472E-01     0.2270280242         0.3873983026         0.7436619953         0.6557708979E-02
    0.1475821376         0.9618915791         0.3221664429E-01     0.2873373747         0.8807760477         0.1483278434E-01     0.4434841871E-02     0.1630968213         0.4105083346         0.9464060068E-01
    0.1459043622         0.8254996538    

                         STEP LENGTH (VM)
     1.000000000         0.1000000000         0.2000000000          1.000000000         0.1000000000         0.2000000000          1.000000000          1.000000000         0.1000000000         0.2000000000    
     1.000000000         0.1000000000         0.2000000000          1.000000000         0.2188449477         0.1000000000         0.2000000000          1.000000000         0.1000000000         0.2000000000    
     1.000000000          1.000000000         0.1000000000         0.2000000000          1.000000000         0.1000000000         0.2000000000          1.000000000          1.000000000         0.1000000000    
    0.2000000000          1.000000000         0.1000000000         0.2000000000          1.000000000          1.000000000         0.1000000000         0.2000000000          1.000000000         0.1000000000    
    0.2000000000          1.000000000    
 

 INTERMEDIATE RESULTS BEFORE NEXT TEMPERATURE REDUCTION

  CURRENT TEMPERATURE:              2.8125    
  MIN FUNCTION VALUE SO FAR:   0.673823214228730233E-01
  TOTAL MOVES:                     420
     DOWNHILL:                     307
     ACCEPTED UPHILL:               97
     REJECTED UPHILL:               16
  TRIALS OUT OF BOUNDS:            183
  NEW MINIMA THIS TEMPERATURE:       0

                         CURRENT OPTIMAL X
    0.9873655438         0.6135156155E-01     0.2362600207         0.3298338651         0.5383210779E-01     0.2971351147         0.8464157556E-02     0.6541159173         0.2103591663E-01     0.1010460336    
    0.1077610127         0.9671522379E-01     0.2902822971         0.7345870733         0.9999975870         0.6099378467E-01     0.2540979028         0.5019401908         0.5071206093E-01     0.2908688188    
    0.9553068280         0.7111773137E-02     0.4658682942E-01     0.2101369143         0.4361623526         0.7645625472E-01     0.2270280242         0.3873983026         0.7436619953         0.6557708979E-02
    0.1475821376         0.9618915791         0.3221664429E-01     0.2873373747         0.8807760477         0.1483278434E-01     0.4434841871E-02     0.1630968213         0.4105083346         0.9464060068E-01
    0.1459043622         0.8254996538    

                         STEP LENGTH (VM)
     1.000000000         0.1000000000         0.2000000000          1.000000000         0.1000000000         0.2000000000          1.000000000          1.000000000         0.1000000000         0.2000000000    
     1.000000000         0.1000000000         0.2000000000          1.000000000         0.2066325756         0.1000000000         0.2000000000          1.000000000         0.1000000000         0.2000000000    
     1.000000000          1.000000000         0.1000000000         0.2000000000          1.000000000         0.1000000000         0.2000000000          1.000000000          1.000000000         0.1000000000    
    0.2000000000          1.000000000         0.1000000000         0.2000000000          1.000000000          1.000000000         0.1000000000         0.2000000000          1.000000000         0.1000000000    
    0.2000000000          1.000000000    
 

 INTERMEDIATE RESULTS BEFORE NEXT TEMPERATURE REDUCTION

  CURRENT TEMPERATURE:              2.1094    
  MIN FUNCTION VALUE SO FAR:   0.673416542182914968E-01
  TOTAL MOVES:                     420
     DOWNHILL:                     299
     ACCEPTED UPHILL:              110
     REJECTED UPHILL:               11
  TRIALS OUT OF BOUNDS:            191
  NEW MINIMA THIS TEMPERATURE:       0

                         CURRENT OPTIMAL X
    0.9873655438         0.5507164598E-01     0.1471031070         0.3298338651         0.5383210779E-01     0.2971351147         0.8464157556E-02     0.6541159173         0.2103591663E-01     0.1010460336    
    0.1077610127         0.9671522379E-01     0.2902822971         0.7345870733         0.9999975870         0.6099378467E-01     0.2540979028         0.5019401908         0.5071206093E-01     0.2908688188    
    0.9553068280         0.7111773137E-02     0.4658682942E-01     0.2101369143         0.4361623526         0.7645625472E-01     0.2270280242         0.3873983026         0.7436619953         0.6557708979E-02
    0.1475821376         0.9618915791         0.3221664429E-01     0.2873373747         0.8807760477         0.1483278434E-01     0.4434841871E-02     0.1630968213         0.4105083346         0.9464060068E-01
    0.1459043622         0.8254996538    

                         STEP LENGTH (VM)
     1.000000000         0.1000000000         0.2000000000          1.000000000         0.1000000000         0.2000000000          1.000000000          1.000000000         0.1000000000         0.2000000000    
     1.000000000         0.1000000000         0.2000000000          1.000000000         0.3110864179         0.1000000000         0.2000000000          1.000000000         0.1000000000         0.2000000000    
     1.000000000          1.000000000         0.1000000000         0.2000000000          1.000000000         0.1000000000         0.2000000000          1.000000000          1.000000000         0.1000000000    
    0.2000000000          1.000000000         0.1000000000         0.2000000000          1.000000000          1.000000000         0.1000000000         0.2000000000          1.000000000         0.1000000000    
    0.2000000000          1.000000000    
 

 INTERMEDIATE RESULTS BEFORE NEXT TEMPERATURE REDUCTION

  CURRENT TEMPERATURE:              1.5820    
  MIN FUNCTION VALUE SO FAR:   0.673416542182914968E-01
  TOTAL MOVES:                     420
     DOWNHILL:                     292
     ACCEPTED UPHILL:              113
     REJECTED UPHILL:               15
  TRIALS OUT OF BOUNDS:            217
  NEW MINIMA THIS TEMPERATURE:       0

                         CURRENT OPTIMAL X
    0.9873655438         0.5507164598E-01     0.1471031070         0.3298338651         0.5383210779E-01     0.2971351147         0.8464157556E-02     0.6541159173         0.2103591663E-01     0.1010460336    
    0.1077610127         0.9671522379E-01     0.2902822971         0.7345870733         0.9999975870         0.6099378467E-01     0.2540979028         0.5019401908         0.5071206093E-01     0.2908688188    
    0.9553068280         0.7111773137E-02     0.4658682942E-01     0.2101369143         0.4361623526         0.7645625472E-01     0.2270280242         0.3873983026         0.7436619953         0.6557708979E-02
    0.1475821376         0.9618915791         0.3221664429E-01     0.2873373747         0.8807760477         0.1483278434E-01     0.4434841871E-02     0.1630968213         0.4105083346         0.9464060068E-01
    0.1459043622         0.8254996538    

                         STEP LENGTH (VM)
     1.000000000         0.1000000000         0.2000000000          1.000000000         0.1000000000         0.2000000000          1.000000000         0.6428570668         0.1000000000         0.2000000000    
     1.000000000         0.1000000000         0.2000000000          1.000000000         0.2887134877         0.1000000000         0.2000000000          1.000000000         0.1000000000         0.2000000000    
     1.000000000          1.000000000         0.1000000000         0.2000000000          1.000000000         0.1000000000         0.2000000000          1.000000000          1.000000000         0.1000000000    
    0.2000000000          1.000000000         0.1000000000         0.2000000000          1.000000000          1.000000000         0.1000000000         0.2000000000          1.000000000         0.1000000000    
    0.2000000000          1.000000000    
 

 INTERMEDIATE RESULTS BEFORE NEXT TEMPERATURE REDUCTION

  CURRENT TEMPERATURE:              1.1865    
  MIN FUNCTION VALUE SO FAR:   0.673416542182914968E-01
  TOTAL MOVES:                     420
     DOWNHILL:                     300
     ACCEPTED UPHILL:              104
     REJECTED UPHILL:               16
  TRIALS OUT OF BOUNDS:            212
  NEW MINIMA THIS TEMPERATURE:       0

                         CURRENT OPTIMAL X
    0.9873655438         0.5507164598E-01     0.1471031070         0.3298338651         0.5383210779E-01     0.2971351147         0.8464157556E-02     0.6541159173         0.2103591663E-01     0.1010460336    
    0.1077610127         0.9671522379E-01     0.2902822971         0.7345870733         0.9999975870         0.6099378467E-01     0.2540979028         0.5019401908         0.5071206093E-01     0.2908688188    
    0.9553068280         0.7111773137E-02     0.4658682942E-01     0.2101369143         0.4361623526         0.7645625472E-01     0.2270280242         0.3873983026         0.7436619953         0.6557708979E-02
    0.1475821376         0.9618915791         0.3221664429E-01     0.2873373747         0.8807760477         0.1483278434E-01     0.4434841871E-02     0.1630968213         0.4105083346         0.9464060068E-01
    0.1459043622         0.8254996538    

                         STEP LENGTH (VM)
     1.000000000         0.1000000000         0.2000000000          1.000000000         0.1000000000         0.2000000000          1.000000000         0.7499999860         0.1000000000         0.2000000000    
     1.000000000         0.1000000000         0.2000000000          1.000000000         0.2556956712         0.1000000000         0.2000000000          1.000000000         0.1000000000         0.2000000000    
     1.000000000          1.000000000         0.1000000000         0.2000000000          1.000000000         0.1000000000         0.2000000000          1.000000000          1.000000000         0.1000000000    
    0.2000000000          1.000000000         0.1000000000         0.2000000000          1.000000000          1.000000000         0.1000000000         0.2000000000          1.000000000         0.1000000000    
    0.2000000000          1.000000000    
 

 INTERMEDIATE RESULTS BEFORE NEXT TEMPERATURE REDUCTION

  CURRENT TEMPERATURE:             0.88989    
  MIN FUNCTION VALUE SO FAR:   0.673330144229036393E-01
  TOTAL MOVES:                     420
     DOWNHILL:                     304
     ACCEPTED UPHILL:               99
     REJECTED UPHILL:               17
  TRIALS OUT OF BOUNDS:            220
  NEW MINIMA THIS TEMPERATURE:       0

                         CURRENT OPTIMAL X
    0.9873655438         0.5693001151E-01     0.1471031070         0.3298338651         0.5383210779E-01     0.2971351147         0.8464157556E-02     0.6541159173         0.2103591663E-01     0.1010460336    
    0.1077610127         0.9671522379E-01     0.2902822971         0.7345870733         0.9999975870         0.6099378467E-01     0.2540979028         0.5019401908         0.5071206093E-01     0.2908688188    
    0.9553068280         0.7111773137E-02     0.4658682942E-01     0.2101369143         0.4361623526         0.7645625472E-01     0.2270280242         0.3873983026         0.7436619953         0.6557708979E-02
    0.1475821376         0.9618915791         0.3221664429E-01     0.2873373747         0.8807760477         0.1483278434E-01     0.4434841871E-02     0.1630968213         0.4105083346         0.9464060068E-01
    0.1459043622         0.8254996538    

                         STEP LENGTH (VM)
     1.000000000         0.1000000000         0.2000000000          1.000000000         0.1000000000         0.2000000000          1.000000000          1.000000000         0.1000000000         0.2000000000    
     1.000000000         0.1000000000         0.2000000000          1.000000000         0.2020311375         0.1000000000         0.2000000000          1.000000000         0.1000000000         0.2000000000    
     1.000000000          1.000000000         0.1000000000         0.2000000000          1.000000000         0.1000000000         0.2000000000          1.000000000          1.000000000         0.1000000000    
    0.2000000000          1.000000000         0.1000000000         0.2000000000          1.000000000          1.000000000         0.1000000000         0.2000000000          1.000000000         0.1000000000    
    0.2000000000          1.000000000    
 

 INTERMEDIATE RESULTS BEFORE NEXT TEMPERATURE REDUCTION

  CURRENT TEMPERATURE:             0.66742    
  MIN FUNCTION VALUE SO FAR:   0.673330144229036393E-01
  TOTAL MOVES:                     420
     DOWNHILL:                     307
     ACCEPTED UPHILL:              102
     REJECTED UPHILL:               11
  TRIALS OUT OF BOUNDS:            213
  NEW MINIMA THIS TEMPERATURE:       0

                         CURRENT OPTIMAL X
    0.9873655438         0.5693001151E-01     0.1471031070         0.3298338651         0.5383210779E-01     0.2971351147         0.8464157556E-02     0.6541159173         0.2103591663E-01     0.1010460336    
    0.1077610127         0.9671522379E-01     0.2902822971         0.7345870733         0.9999975870         0.6099378467E-01     0.2540979028         0.5019401908         0.5071206093E-01     0.2908688188    
    0.9553068280         0.7111773137E-02     0.4658682942E-01     0.2101369143         0.4361623526         0.7645625472E-01     0.2270280242         0.3873983026         0.7436619953         0.6557708979E-02
    0.1475821376         0.9618915791         0.3221664429E-01     0.2873373747         0.8807760477         0.1483278434E-01     0.4434841871E-02     0.1630968213         0.4105083346         0.9464060068E-01
    0.1459043622         0.8254996538    

                         STEP LENGTH (VM)
     1.000000000         0.1000000000         0.2000000000          1.000000000         0.1000000000         0.2000000000          1.000000000         0.8888888668         0.1000000000         0.2000000000    
     1.000000000         0.1000000000         0.2000000000          1.000000000         0.2783300851         0.1000000000         0.2000000000          1.000000000         0.1000000000         0.2000000000    
     1.000000000          1.000000000         0.1000000000         0.2000000000          1.000000000         0.1000000000         0.2000000000          1.000000000          1.000000000         0.1000000000    
    0.2000000000          1.000000000         0.1000000000         0.2000000000          1.000000000          1.000000000         0.1000000000         0.2000000000          1.000000000         0.1000000000    
    0.2000000000          1.000000000    
 

 INTERMEDIATE RESULTS BEFORE NEXT TEMPERATURE REDUCTION

  CURRENT TEMPERATURE:             0.50056    
  MIN FUNCTION VALUE SO FAR:   0.673330144229036393E-01
  TOTAL MOVES:                     420
     DOWNHILL:                     288
     ACCEPTED UPHILL:              110
     REJECTED UPHILL:               22
  TRIALS OUT OF BOUNDS:            202
  NEW MINIMA THIS TEMPERATURE:       0

                         CURRENT OPTIMAL X
    0.9873655438         0.5693001151E-01     0.1471031070         0.3298338651         0.5383210779E-01     0.2971351147         0.8464157556E-02     0.6541159173         0.2103591663E-01     0.1010460336    
    0.1077610127         0.9671522379E-01     0.2902822971         0.7345870733         0.9999975870         0.6099378467E-01     0.2540979028         0.5019401908         0.5071206093E-01     0.2908688188    
    0.9553068280         0.7111773137E-02     0.4658682942E-01     0.2101369143         0.4361623526         0.7645625472E-01     0.2270280242         0.3873983026         0.7436619953         0.6557708979E-02
    0.1475821376         0.9618915791         0.3221664429E-01     0.2873373747         0.8807760477         0.1483278434E-01     0.4434841871E-02     0.1630968213         0.4105083346         0.9464060068E-01
    0.1459043622         0.8254996538    

                         STEP LENGTH (VM)
     1.000000000         0.1000000000         0.2000000000          1.000000000         0.1000000000         0.2000000000          1.000000000         0.4999999376         0.1000000000         0.2000000000    
     1.000000000         0.1000000000         0.2000000000          1.000000000         0.1460739258         0.1000000000         0.2000000000          1.000000000         0.1000000000         0.2000000000    
     1.000000000          1.000000000         0.1000000000         0.2000000000          1.000000000         0.1000000000         0.2000000000          1.000000000          1.000000000         0.1000000000    
    0.2000000000          1.000000000         0.1000000000         0.2000000000          1.000000000          1.000000000         0.1000000000         0.2000000000          1.000000000         0.1000000000    
    0.2000000000          1.000000000    
 

 INTERMEDIATE RESULTS BEFORE NEXT TEMPERATURE REDUCTION

  CURRENT TEMPERATURE:             0.37542    
  MIN FUNCTION VALUE SO FAR:   0.673330144229036393E-01
  TOTAL MOVES:                     420
     DOWNHILL:                     295
     ACCEPTED UPHILL:              103
     REJECTED UPHILL:               22
  TRIALS OUT OF BOUNDS:            191
  NEW MINIMA THIS TEMPERATURE:       0

                         CURRENT OPTIMAL X
    0.9873655438         0.5693001151E-01     0.1471031070         0.3298338651         0.5383210779E-01     0.2971351147         0.8464157556E-02     0.6541159173         0.2103591663E-01     0.1010460336    
    0.1077610127         0.9671522379E-01     0.2902822971         0.7345870733         0.9999975870         0.6099378467E-01     0.2540979028         0.5019401908         0.5071206093E-01     0.2908688188    
    0.9553068280         0.7111773137E-02     0.4658682942E-01     0.2101369143         0.4361623526         0.7645625472E-01     0.2270280242         0.3873983026         0.7436619953         0.6557708979E-02
    0.1475821376         0.9618915791         0.3221664429E-01     0.2873373747         0.8807760477         0.1483278434E-01     0.4434841871E-02     0.1630968213         0.4105083346         0.9464060068E-01
    0.1459043622         0.8254996538    

                         STEP LENGTH (VM)
     1.000000000         0.1000000000         0.2000000000          1.000000000         0.1000000000         0.2000000000          1.000000000         0.6666664469         0.1000000000         0.2000000000    
     1.000000000         0.1000000000         0.2000000000          1.000000000         0.1095554423         0.1000000000         0.2000000000          1.000000000         0.1000000000         0.2000000000    
     1.000000000          1.000000000         0.1000000000         0.2000000000          1.000000000         0.1000000000         0.2000000000          1.000000000          1.000000000         0.1000000000    
    0.2000000000          1.000000000         0.1000000000         0.2000000000          1.000000000          1.000000000         0.1000000000         0.2000000000          1.000000000         0.1000000000    
    0.2000000000          1.000000000    
 

 INTERMEDIATE RESULTS BEFORE NEXT TEMPERATURE REDUCTION

  CURRENT TEMPERATURE:             0.28157    
  MIN FUNCTION VALUE SO FAR:   0.669646105163550498E-01
  TOTAL MOVES:                     420
     DOWNHILL:                     293
     ACCEPTED UPHILL:               96
     REJECTED UPHILL:               31
  TRIALS OUT OF BOUNDS:            200
  NEW MINIMA THIS TEMPERATURE:       0

                         CURRENT OPTIMAL X
    0.9873655438         0.2817052007E-01     0.2672977805         0.3298338651         0.5383210779E-01     0.2971351147         0.8464157556E-02     0.6541159173         0.2103591663E-01     0.1010460336    
    0.1077610127         0.9671522379E-01     0.2902822971         0.7345870733         0.9999975870         0.6099378467E-01     0.2540979028         0.5019401908         0.5071206093E-01     0.2908688188    
    0.9553068280         0.7111773137E-02     0.4658682942E-01     0.2101369143         0.4361623526         0.7645625472E-01     0.2270280242         0.3873983026         0.7436619953         0.6557708979E-02
    0.1475821376         0.9618915791         0.3221664429E-01     0.2873373747         0.8807760477         0.1483278434E-01     0.4434841871E-02     0.1630968213         0.4105083346         0.9464060068E-01
    0.1459043622         0.8254996538    

                         STEP LENGTH (VM)
     1.000000000         0.1000000000         0.2000000000          1.000000000         0.1000000000         0.2000000000          1.000000000         0.4444442786         0.1000000000         0.2000000000    
     1.000000000         0.1000000000         0.2000000000          1.000000000         0.9651310596E-01     0.1000000000         0.2000000000          1.000000000         0.1000000000         0.2000000000    
     1.000000000          1.000000000         0.1000000000         0.2000000000          1.000000000         0.1000000000         0.2000000000          1.000000000          1.000000000         0.1000000000    
    0.2000000000          1.000000000         0.1000000000         0.2000000000          1.000000000          1.000000000         0.1000000000         0.2000000000          1.000000000         0.1000000000    
    0.2000000000          1.000000000    
 

 INTERMEDIATE RESULTS BEFORE NEXT TEMPERATURE REDUCTION

  CURRENT TEMPERATURE:             0.21118    
  MIN FUNCTION VALUE SO FAR:   0.669646105163550498E-01
  TOTAL MOVES:                     420
     DOWNHILL:                     287
     ACCEPTED UPHILL:               95
     REJECTED UPHILL:               38
  TRIALS OUT OF BOUNDS:            194
  NEW MINIMA THIS TEMPERATURE:       0

                         CURRENT OPTIMAL X
    0.9873655438         0.2817052007E-01     0.2672977805         0.3298338651         0.5383210779E-01     0.2971351147         0.8464157556E-02     0.6541159173         0.2103591663E-01     0.1010460336    
    0.1077610127         0.9671522379E-01     0.2902822971         0.7345870733         0.9999975870         0.6099378467E-01     0.2540979028         0.5019401908         0.5071206093E-01     0.2908688188    
    0.9553068280         0.7111773137E-02     0.4658682942E-01     0.2101369143         0.4361623526         0.7645625472E-01     0.2270280242         0.3873983026         0.7436619953         0.6557708979E-02
    0.1475821376         0.9618915791         0.3221664429E-01     0.2873373747         0.8807760477         0.1483278434E-01     0.4434841871E-02     0.1630968213         0.4105083346         0.9464060068E-01
    0.1459043622         0.8254996538    

                         STEP LENGTH (VM)
     1.000000000         0.1000000000         0.2000000000          1.000000000         0.1000000000         0.2000000000          1.000000000         0.3162391703         0.1000000000         0.2000000000    
     1.000000000         0.1000000000         0.2000000000          1.000000000         0.2262578215E-01     0.1000000000         0.2000000000          1.000000000         0.1000000000         0.2000000000    
     1.000000000         0.3550035975         0.1000000000         0.2000000000          1.000000000         0.1000000000         0.2000000000          1.000000000         0.5714285653         0.1000000000    
    0.2000000000          1.000000000         0.1000000000         0.2000000000          1.000000000          1.000000000         0.1000000000         0.2000000000          1.000000000         0.1000000000    
    0.2000000000          1.000000000    
 

 INTERMEDIATE RESULTS BEFORE NEXT TEMPERATURE REDUCTION

  CURRENT TEMPERATURE:             0.15838    
  MIN FUNCTION VALUE SO FAR:   0.630835839562004924E-01
  TOTAL MOVES:                     420
     DOWNHILL:                     292
     ACCEPTED UPHILL:              100
     REJECTED UPHILL:               28
  TRIALS OUT OF BOUNDS:            216
  NEW MINIMA THIS TEMPERATURE:       0

                         CURRENT OPTIMAL X
    0.9873655438         0.2584286332E-01     0.2672977805         0.3298338651         0.5383210779E-01     0.2971351147         0.8464157556E-02     0.6541159173         0.2103591663E-01     0.1010460336    
    0.1077610127         0.9671522379E-01     0.2902822971         0.7345870733         0.9999975870         0.6099378467E-01     0.2540979028         0.5019401908         0.5071206093E-01     0.2908688188    
    0.9553068280         0.7111773137E-02     0.4658682942E-01     0.2101369143         0.4361623526         0.7645625472E-01     0.2270280242         0.3873983026         0.7436619953         0.6557708979E-02
    0.1475821376         0.9618915791         0.3221664429E-01     0.2873373747         0.8807760477         0.1483278434E-01     0.4434841871E-02     0.1630968213         0.4105083346         0.9464060068E-01
    0.1459043622         0.8254996538    

                         STEP LENGTH (VM)
    0.4285714160         0.1000000000         0.2000000000          1.000000000         0.1000000000         0.2000000000          1.000000000         0.1903755795         0.1000000000         0.2000000000    
     1.000000000         0.1000000000         0.2000000000          1.000000000         0.2262577915E-01     0.1000000000         0.2000000000          1.000000000         0.1000000000         0.2000000000    
     1.000000000         0.3993789702         0.1000000000         0.2000000000          1.000000000         0.1000000000         0.2000000000          1.000000000         0.2902494197         0.1000000000    
    0.2000000000          1.000000000         0.1000000000         0.2000000000          1.000000000          1.000000000         0.1000000000         0.2000000000          1.000000000         0.1000000000    
    0.2000000000          1.000000000    
 

 INTERMEDIATE RESULTS BEFORE NEXT TEMPERATURE REDUCTION

  CURRENT TEMPERATURE:             0.11879    
  MIN FUNCTION VALUE SO FAR:   0.630835839562004924E-01
  TOTAL MOVES:                     420
     DOWNHILL:                     293
     ACCEPTED UPHILL:               92
     REJECTED UPHILL:               35
  TRIALS OUT OF BOUNDS:            212
  NEW MINIMA THIS TEMPERATURE:       0

                         CURRENT OPTIMAL X
    0.9873655438         0.2584286332E-01     0.2672977805         0.3298338651         0.5383210779E-01     0.2971351147         0.8464157556E-02     0.6541159173         0.2103591663E-01     0.1010460336    
    0.1077610127         0.9671522379E-01     0.2902822971         0.7345870733         0.9999975870         0.6099378467E-01     0.2540979028         0.5019401908         0.5071206093E-01     0.2908688188    
    0.9553068280         0.7111773137E-02     0.4658682942E-01     0.2101369143         0.4361623526         0.7645625472E-01     0.2270280242         0.3873983026         0.7436619953         0.6557708979E-02
    0.1475821376         0.9618915791         0.3221664429E-01     0.2873373747         0.8807760477         0.1483278434E-01     0.4434841871E-02     0.1630968213         0.4105083346         0.9464060068E-01
    0.1459043622         0.8254996538    

                         STEP LENGTH (VM)
    0.7138565537         0.1000000000         0.2000000000          1.000000000         0.1000000000         0.2000000000          1.000000000         0.2141725039         0.1000000000         0.2000000000    
     1.000000000         0.1000000000         0.2000000000          1.000000000         0.2681573509E-01     0.1000000000         0.2000000000          1.000000000         0.1000000000         0.2000000000    
     1.000000000         0.3144046927         0.1000000000         0.2000000000          1.000000000         0.1000000000         0.2000000000          1.000000000         0.2231346596         0.1000000000    
    0.2000000000          1.000000000         0.1000000000         0.2000000000          1.000000000          1.000000000         0.1000000000         0.2000000000          1.000000000         0.1000000000    
    0.2000000000          1.000000000    
 

 INTERMEDIATE RESULTS BEFORE NEXT TEMPERATURE REDUCTION

  CURRENT TEMPERATURE:             0.89090E-01
  MIN FUNCTION VALUE SO FAR:   0.630835839562004924E-01
  TOTAL MOVES:                     420
     DOWNHILL:                     279
     ACCEPTED UPHILL:               93
     REJECTED UPHILL:               48
  TRIALS OUT OF BOUNDS:            201
  NEW MINIMA THIS TEMPERATURE:       0

                         CURRENT OPTIMAL X
    0.9873655438         0.2584286332E-01     0.2672977805         0.3298338651         0.5383210779E-01     0.2971351147         0.8464157556E-02     0.6541159173         0.2103591663E-01     0.1010460336    
    0.1077610127         0.9671522379E-01     0.2902822971         0.7345870733         0.9999975870         0.6099378467E-01     0.2540979028         0.5019401908         0.5071206093E-01     0.2908688188    
    0.9553068280         0.7111773137E-02     0.4658682942E-01     0.2101369143         0.4361623526         0.7645625472E-01     0.2270280242         0.3873983026         0.7436619953         0.6557708979E-02
    0.1475821376         0.9618915791         0.3221664429E-01     0.2873373747         0.8807760477         0.1483278434E-01     0.4434841871E-02     0.1630968213         0.4105083346         0.9464060068E-01
    0.1459043622         0.8254996538    

                         STEP LENGTH (VM)
    0.1851542754         0.1000000000         0.2000000000          1.000000000         0.1000000000         0.2000000000          1.000000000         0.1435411317         0.1000000000         0.2000000000    
     1.000000000         0.1000000000         0.2000000000          1.000000000         0.3070640493E-01     0.1000000000         0.2000000000          1.000000000         0.1000000000         0.2000000000    
     1.000000000         0.2358034951         0.1000000000         0.2000000000          1.000000000         0.1000000000         0.2000000000          1.000000000         0.7403544725E-01     0.1000000000    
    0.2000000000          1.000000000         0.1000000000         0.2000000000          1.000000000         0.2857142649         0.1000000000         0.2000000000          1.000000000         0.1000000000    
    0.2000000000          1.000000000    
 

 INTERMEDIATE RESULTS BEFORE NEXT TEMPERATURE REDUCTION

  CURRENT TEMPERATURE:             0.66817E-01
  MIN FUNCTION VALUE SO FAR:   0.630835839562004924E-01
  TOTAL MOVES:                     420
     DOWNHILL:                     290
     ACCEPTED UPHILL:               95
     REJECTED UPHILL:               35
  TRIALS OUT OF BOUNDS:            178
  NEW MINIMA THIS TEMPERATURE:       0

                         CURRENT OPTIMAL X
    0.9873655438         0.2584286332E-01     0.2672977805         0.3298338651         0.5383210779E-01     0.2971351147         0.8464157556E-02     0.6541159173         0.2103591663E-01     0.1010460336    
    0.1077610127         0.9671522379E-01     0.2902822971         0.7345870733         0.9999975870         0.6099378467E-01     0.2540979028         0.5019401908         0.5071206093E-01     0.2908688188    
    0.9553068280         0.7111773137E-02     0.4658682942E-01     0.2101369143         0.4361623526         0.7645625472E-01     0.2270280242         0.3873983026         0.7436619953         0.6557708979E-02
    0.1475821376         0.9618915791         0.3221664429E-01     0.2873373747         0.8807760477         0.1483278434E-01     0.4434841871E-02     0.1630968213         0.4105083346         0.9464060068E-01
    0.1459043622         0.8254996538    

                         STEP LENGTH (VM)
    0.2854461510         0.1000000000         0.2000000000          1.000000000         0.1000000000         0.2000000000          1.000000000         0.1474206046         0.1000000000         0.2000000000    
     1.000000000         0.1000000000         0.2000000000          1.000000000         0.3070640493E-01     0.1000000000         0.2000000000          1.000000000         0.1000000000         0.2000000000    
     1.000000000         0.3668053649         0.1000000000         0.2000000000          1.000000000         0.1000000000         0.2000000000          1.000000000         0.7403542917E-01     0.1000000000    
    0.2000000000          1.000000000         0.1000000000         0.2000000000          1.000000000         0.2237338953         0.1000000000         0.2000000000          1.000000000         0.1000000000    
    0.2000000000          1.000000000    
 

 INTERMEDIATE RESULTS BEFORE NEXT TEMPERATURE REDUCTION

  CURRENT TEMPERATURE:             0.50113E-01
  MIN FUNCTION VALUE SO FAR:   0.630835839562004924E-01
  TOTAL MOVES:                     420
     DOWNHILL:                     302
     ACCEPTED UPHILL:               66
     REJECTED UPHILL:               52
  TRIALS OUT OF BOUNDS:            198
  NEW MINIMA THIS TEMPERATURE:       0

                         CURRENT OPTIMAL X
    0.9873655438         0.2584286332E-01     0.2672977805         0.3298338651         0.5383210779E-01     0.2971351147         0.8464157556E-02     0.6541159173         0.2103591663E-01     0.1010460336    
    0.1077610127         0.9671522379E-01     0.2902822971         0.7345870733         0.9999975870         0.6099378467E-01     0.2540979028         0.5019401908         0.5071206093E-01     0.2908688188    
    0.9553068280         0.7111773137E-02     0.4658682942E-01     0.2101369143         0.4361623526         0.7645625472E-01     0.2270280242         0.3873983026         0.7436619953         0.6557708979E-02
    0.1475821376         0.9618915791         0.3221664429E-01     0.2873373747         0.8807760477         0.1483278434E-01     0.4434841871E-02     0.1630968213         0.4105083346         0.9464060068E-01
    0.1459043622         0.8254996538    

                         STEP LENGTH (VM)
    0.1009105653         0.1000000000         0.2000000000          1.000000000         0.1000000000         0.2000000000          1.000000000         0.6865324635E-01     0.1000000000         0.2000000000    
     1.000000000         0.1000000000         0.2000000000          1.000000000         0.1898948554E-01     0.1000000000         0.2000000000          1.000000000         0.1000000000         0.2000000000    
     1.000000000         0.8027351152E-01     0.1000000000         0.2000000000          1.000000000         0.1000000000         0.2000000000          1.000000000         0.6580926373E-01     0.1000000000    
    0.2000000000          1.000000000         0.1000000000         0.2000000000          1.000000000         0.7371412402E-01     0.1000000000         0.2000000000          1.000000000         0.1000000000    
    0.2000000000          1.000000000    
 

 INTERMEDIATE RESULTS BEFORE NEXT TEMPERATURE REDUCTION

  CURRENT TEMPERATURE:             0.37585E-01
  MIN FUNCTION VALUE SO FAR:   0.630835839562004924E-01
  TOTAL MOVES:                     420
     DOWNHILL:                     293
     ACCEPTED UPHILL:               75
     REJECTED UPHILL:               52
  TRIALS OUT OF BOUNDS:            210
  NEW MINIMA THIS TEMPERATURE:       0

                         CURRENT OPTIMAL X
    0.9873655438         0.2584286332E-01     0.2672977805         0.3298338651         0.5383210779E-01     0.2971351147         0.8464157556E-02     0.6541159173         0.2103591663E-01     0.1010460336    
    0.1077610127         0.9671522379E-01     0.2902822971         0.7345870733         0.9999975870         0.6099378467E-01     0.2540979028         0.5019401908         0.5071206093E-01     0.2908688188    
    0.9553068280         0.7111773137E-02     0.4658682942E-01     0.2101369143         0.4361623526         0.7645625472E-01     0.2270280242         0.3873983026         0.7436619953         0.6557708979E-02
    0.1475821376         0.9618915791         0.3221664429E-01     0.2873373747         0.8807760477         0.1483278434E-01     0.4434841871E-02     0.1630968213         0.4105083346         0.9464060068E-01
    0.1459043622         0.8254996538    

                         STEP LENGTH (VM)
    0.2186395154         0.1000000000         0.2000000000          1.000000000         0.1000000000         0.2000000000          1.000000000         0.5277846470E-01     0.1000000000         0.2000000000    
     1.000000000         0.1000000000         0.2000000000          1.000000000         0.7272568736E-02     0.1000000000         0.2000000000          1.000000000         0.1000000000         0.2000000000    
     1.000000000         0.5206930404E-01     0.1000000000         0.2000000000          1.000000000         0.1000000000         0.2000000000          1.000000000         0.4268708373E-01     0.1000000000    
    0.2000000000          1.000000000         0.1000000000         0.2000000000          1.000000000         0.1125456516         0.1000000000         0.2000000000          1.000000000         0.1000000000    
    0.2000000000          1.000000000    
 

 INTERMEDIATE RESULTS BEFORE NEXT TEMPERATURE REDUCTION

  CURRENT TEMPERATURE:             0.28189E-01
  MIN FUNCTION VALUE SO FAR:   0.630835839562004924E-01
  TOTAL MOVES:                     420
     DOWNHILL:                     281
     ACCEPTED UPHILL:               86
     REJECTED UPHILL:               53
  TRIALS OUT OF BOUNDS:            183
  NEW MINIMA THIS TEMPERATURE:       0

                         CURRENT OPTIMAL X
    0.9873655438         0.2584286332E-01     0.2672977805         0.3298338651         0.5383210779E-01     0.2971351147         0.8464157556E-02     0.6541159173         0.2103591663E-01     0.1010460336    
    0.1077610127         0.9671522379E-01     0.2902822971         0.7345870733         0.9999975870         0.6099378467E-01     0.2540979028         0.5019401908         0.5071206093E-01     0.2908688188    
    0.9553068280         0.7111773137E-02     0.4658682942E-01     0.2101369143         0.4361623526         0.7645625472E-01     0.2270280242         0.3873983026         0.7436619953         0.6557708979E-02
    0.1475821376         0.9618915791         0.3221664429E-01     0.2873373747         0.8807760477         0.1483278434E-01     0.4434841871E-02     0.1630968213         0.4105083346         0.9464060068E-01
    0.1459043622         0.8254996538    

                         STEP LENGTH (VM)
    0.2550794045         0.1000000000         0.2000000000          1.000000000         0.1000000000         0.2000000000          1.000000000         0.4453182397E-01     0.1000000000         0.2000000000    
     1.000000000         0.1000000000         0.2000000000          1.000000000         0.6136229097E-02     0.1000000000         0.2000000000          1.000000000         0.1000000000         0.2000000000    
     1.000000000         0.6555152233E-01     0.1000000000         0.2000000000          1.000000000         0.1000000000         0.2000000000          1.000000000         0.3601722235E-01     0.1000000000    
    0.2000000000          1.000000000         0.1000000000         0.2000000000          1.000000000         0.1266138444         0.1000000000         0.2000000000          1.000000000         0.1000000000    
    0.2000000000          1.000000000    
 

 INTERMEDIATE RESULTS BEFORE NEXT TEMPERATURE REDUCTION

  CURRENT TEMPERATURE:             0.21141E-01
  MIN FUNCTION VALUE SO FAR:   0.630835839562004924E-01
  TOTAL MOVES:                     420
     DOWNHILL:                     297
     ACCEPTED UPHILL:               82
     REJECTED UPHILL:               41
  TRIALS OUT OF BOUNDS:            180
  NEW MINIMA THIS TEMPERATURE:       0

                         CURRENT OPTIMAL X
    0.9873655438         0.2584286332E-01     0.2672977805         0.3298338651         0.5383210779E-01     0.2971351147         0.8464157556E-02     0.6541159173         0.2103591663E-01     0.1010460336    
    0.1077610127         0.9671522379E-01     0.2902822971         0.7345870733         0.9999975870         0.6099378467E-01     0.2540979028         0.5019401908         0.5071206093E-01     0.2908688188    
    0.9553068280         0.7111773137E-02     0.4658682942E-01     0.2101369143         0.4361623526         0.7645625472E-01     0.2270280242         0.3873983026         0.7436619953         0.6557708979E-02
    0.1475821376         0.9618915791         0.3221664429E-01     0.2873373747         0.8807760477         0.1483278434E-01     0.4434841871E-02     0.1630968213         0.4105083346         0.9464060068E-01
    0.1459043622         0.8254996538    

                         STEP LENGTH (VM)
    0.1116456723         0.1000000000         0.2000000000          1.000000000         0.1000000000         0.2000000000          1.000000000         0.1650600259E-01     0.1000000000         0.2000000000    
     1.000000000         0.1000000000         0.2000000000          1.000000000         0.5454425728E-02     0.1000000000         0.2000000000          1.000000000         0.1000000000         0.2000000000    
     1.000000000         0.6905838403E-01     0.1000000000         0.2000000000          1.000000000         0.1000000000         0.2000000000          1.000000000         0.3201530796E-01     0.1000000000    
    0.2000000000          1.000000000         0.1000000000         0.2000000000          1.000000000         0.4264332677E-01     0.1000000000         0.2000000000          1.000000000         0.1000000000    
    0.2000000000          1.000000000    
 

 INTERMEDIATE RESULTS BEFORE NEXT TEMPERATURE REDUCTION

  CURRENT TEMPERATURE:             0.15856E-01
  MIN FUNCTION VALUE SO FAR:   0.594472549990990931E-01
  TOTAL MOVES:                     420
     DOWNHILL:                     272
     ACCEPTED UPHILL:               68
     REJECTED UPHILL:               80
  TRIALS OUT OF BOUNDS:            186
  NEW MINIMA THIS TEMPERATURE:       0

                         CURRENT OPTIMAL X
    0.9975556135         0.8488636017E-01     0.1781454682         0.2141903639         0.5870484710E-01     0.2979565024         0.8248412609         0.6442228660         0.1963260877E-01     0.1010460336    
    0.8691998836E-01     0.6395484209E-01     0.2063564301         0.8893706799         0.9988119715         0.3303235173E-01     0.2804168940         0.8529755473         0.2147653103E-01     0.2335680604    
    0.4514600039         0.7111773137E-02     0.5946884155E-01     0.1902436614         0.8505004048         0.2112276554E-01     0.2037312984         0.2761068940         0.7436619953         0.3069500923E-01
    0.2781020880         0.3019391894         0.3599708676E-01     0.2379439950         0.3404397964         0.5565460692E-02     0.4867408872E-01     0.2498089314         0.4971570969         0.1539319158E-01
    0.1255153179         0.2830886245    

                         STEP LENGTH (VM)
    0.2461075424E-01     0.1000000000         0.2000000000          1.000000000         0.1000000000         0.2000000000          1.000000000         0.1579412502E-01     0.2094926270E-01     0.1905405068    
    0.8648646755         0.1000000000         0.2000000000          1.000000000         0.6191509266E-02     0.1000000000         0.2000000000          1.000000000         0.1000000000         0.2000000000    
     1.000000000         0.2959644551E-01     0.1000000000         0.2000000000          1.000000000         0.1000000000         0.2000000000          1.000000000         0.2115296897E-01     0.1000000000    
    0.2000000000          1.000000000         0.1000000000         0.2000000000          1.000000000         0.3198249448E-01     0.1000000000         0.2000000000          1.000000000         0.1000000000    
    0.2000000000          1.000000000    
 

 INTERMEDIATE RESULTS BEFORE NEXT TEMPERATURE REDUCTION

  CURRENT TEMPERATURE:             0.11892E-01
  MIN FUNCTION VALUE SO FAR:   0.594472549990990931E-01
  TOTAL MOVES:                     420
     DOWNHILL:                     288
     ACCEPTED UPHILL:               74
     REJECTED UPHILL:               58
  TRIALS OUT OF BOUNDS:            188
  NEW MINIMA THIS TEMPERATURE:       0

                         CURRENT OPTIMAL X
    0.9975556135         0.8488636017E-01     0.1781454682         0.2141903639         0.5870484710E-01     0.2979565024         0.8248412609         0.6442228660         0.1963260877E-01     0.1010460336    
    0.8691998836E-01     0.6395484209E-01     0.2063564301         0.8893706799         0.9988119715         0.3303235173E-01     0.2804168940         0.8529755473         0.2147653103E-01     0.2335680604    
    0.4514600039         0.7111773137E-02     0.5946884155E-01     0.1902436614         0.8505004048         0.2112276554E-01     0.2037312984         0.2761068940         0.7436619953         0.3069500923E-01
    0.2781020880         0.3019391894         0.3599708676E-01     0.2379439950         0.3404397964         0.5565460692E-02     0.4867408872E-01     0.2498089314         0.4971570969         0.1539319158E-01
    0.1255153179         0.2830886245    

                         STEP LENGTH (VM)
    0.5691235306E-01     0.1000000000         0.2000000000          1.000000000         0.1000000000         0.2000000000          1.000000000         0.1403922189E-01     0.1000000000         0.2000000000    
     1.000000000         0.1000000000         0.2000000000          1.000000000         0.2581787306E-02     0.1000000000         0.2000000000          1.000000000         0.1000000000         0.2000000000    
     1.000000000         0.2219733372E-01     0.1000000000         0.2000000000          1.000000000         0.1000000000         0.2000000000          1.000000000         0.1586472522E-01     0.1000000000    
    0.2000000000          1.000000000         0.1000000000         0.2000000000          1.000000000         0.2766053280E-01     0.1000000000         0.2000000000          1.000000000         0.1000000000    
    0.2000000000          1.000000000    
 

 INTERMEDIATE RESULTS BEFORE NEXT TEMPERATURE REDUCTION

  CURRENT TEMPERATURE:             0.89190E-02
  MIN FUNCTION VALUE SO FAR:   0.587861747836216711E-01
  TOTAL MOVES:                     420
     DOWNHILL:                     291
     ACCEPTED UPHILL:               57
     REJECTED UPHILL:               72
  TRIALS OUT OF BOUNDS:            190
  NEW MINIMA THIS TEMPERATURE:       0

                         CURRENT OPTIMAL X
    0.9992705247         0.2216477394E-01     0.2058254957         0.2612847090E-01     0.1969887018E-01     0.1248183131         0.1695536375         0.6442228660         0.1963260877E-01     0.1010460336    
    0.7772981689E-01     0.4202075005E-01     0.1139372826         0.6854283810E-01     0.9993081893         0.6814253926E-01     0.2333293200         0.9289664030E-01     0.8396239281E-01     0.2042077184    
    0.7347913384         0.3543691288E-02     0.3863534927E-01     0.1143876553         0.1164891124         0.5978443027E-01     0.1256235957         0.7675843239         0.7436619953         0.9811180234E-01
    0.2408463478         0.3046844006         0.2648441195E-01     0.2452386737         0.2892733216         0.2668301988E-02     0.8952996731E-01     0.2387093902         0.7757037878E-01     0.7994667888E-01
    0.2498491645         0.7627092004    

                         STEP LENGTH (VM)
    0.1835470795E-01     0.1000000000         0.2000000000          1.000000000         0.1000000000         0.2000000000          1.000000000         0.8065083984E-02     0.3651990747E-02     0.1128981095E-01
    0.1520641437         0.1000000000         0.2000000000          1.000000000         0.2568126790E-02     0.1000000000         0.2000000000          1.000000000         0.1000000000         0.2000000000    
     1.000000000         0.1706461466E-01     0.1000000000         0.2000000000          1.000000000         0.1000000000         0.2000000000          1.000000000         0.6675004727E-02     0.1000000000    
    0.2000000000          1.000000000         0.1000000000         0.2000000000          1.000000000         0.1778176700E-01     0.1000000000         0.2000000000          1.000000000         0.1000000000    
    0.2000000000          1.000000000    
 

 INTERMEDIATE RESULTS BEFORE NEXT TEMPERATURE REDUCTION

  CURRENT TEMPERATURE:             0.66893E-02
  MIN FUNCTION VALUE SO FAR:   0.587791369743490069E-01
  TOTAL MOVES:                     420
     DOWNHILL:                     301
     ACCEPTED UPHILL:               65
     REJECTED UPHILL:               54
  TRIALS OUT OF BOUNDS:            184
  NEW MINIMA THIS TEMPERATURE:       0

                         CURRENT OPTIMAL X
    0.9982299289         0.2284822464E-01     0.1905059814         0.6197366118         0.1969887018E-01     0.1248183131         0.1695536375         0.6442228660         0.1963260877E-01     0.1010460336    
    0.7772981689E-01     0.4202075005E-01     0.1139372826         0.6854283810E-01     0.9993081893         0.6814253926E-01     0.2333293200         0.9289664030E-01     0.8396239281E-01     0.2042077184    
    0.7347913384         0.3543691288E-02     0.3863534927E-01     0.1143876553         0.1164891124         0.5978443027E-01     0.1256235957         0.7675843239         0.7436619953         0.9811180234E-01
    0.2408463478         0.3046844006         0.2648441195E-01     0.2452386737         0.2892733216         0.2668301988E-02     0.8952996731E-01     0.2387093902         0.7757037878E-01     0.7994667888E-01
    0.2498491645         0.7627092004    

                         STEP LENGTH (VM)
    0.4362428421E-01     0.1000000000         0.2000000000          1.000000000         0.1000000000         0.2000000000          1.000000000         0.8065083984E-02     0.1313701898E-01     0.3869111742E-01
    0.4169882779         0.1000000000         0.2000000000          1.000000000         0.2166856705E-02     0.1000000000         0.2000000000          1.000000000         0.1000000000         0.2000000000    
     1.000000000         0.1137640928E-01     0.1000000000         0.2000000000          1.000000000         0.1000000000         0.2000000000          1.000000000         0.6675004158E-02     0.1000000000    
    0.2000000000          1.000000000         0.1000000000         0.2000000000          1.000000000         0.1333632500E-01     0.1000000000         0.2000000000          1.000000000         0.1000000000    
    0.2000000000          1.000000000    
 

 INTERMEDIATE RESULTS BEFORE NEXT TEMPERATURE REDUCTION

  CURRENT TEMPERATURE:             0.50170E-02
  MIN FUNCTION VALUE SO FAR:   0.584029198010245568E-01
  TOTAL MOVES:                     420
     DOWNHILL:                     267
     ACCEPTED UPHILL:               75
     REJECTED UPHILL:               78
  TRIALS OUT OF BOUNDS:            194
  NEW MINIMA THIS TEMPERATURE:       1

                         CURRENT OPTIMAL X
    0.9982299289         0.9437308311E-01     0.2148922920         0.9488920569         0.8650980592E-01     0.1117591858         0.5731761456E-02     0.6442228660         0.1915247519E-01     0.1010460336    
    0.7772981689E-01     0.1958241463E-01     0.1841974735         0.1607992649         0.9999567480         0.6519386172E-01     0.2628572464         0.7417367697         0.9673998356E-01     0.2395595312    
    0.1922887564         0.3543691288E-02     0.8342005014E-01     0.2710243702         0.5322333574         0.6316761374E-01     0.1865582228         0.2687436938         0.7436619953         0.4466179609E-01
    0.1597942352         0.1731719375         0.2992532253E-01     0.1576438308         0.3722134829         0.2668301988E-02     0.5120672584E-01     0.2573577642         0.3469726443         0.3569759727E-01
    0.1055213332         0.3600252867    

                         STEP LENGTH (VM)
    0.1829084841E-02     0.1000000000         0.2000000000          1.000000000         0.1000000000         0.2000000000          1.000000000         0.1455910648E-02     0.1086787952E-02     0.4090503039E-02
    0.6507762411E-01     0.1000000000         0.2000000000          1.000000000         0.1054146331E-02     0.9999998882E-01     0.2000000000          1.000000000         0.1000000000         0.2000000000    
     1.000000000         0.4667244690E-02     0.7872339713E-01     0.1615384486         0.7619046828         0.1000000000         0.2000000000          1.000000000         0.2683297016E-02     0.1000000000    
    0.2000000000          1.000000000         0.1000000000         0.2000000000          1.000000000         0.8873550269E-02     0.1000000000         0.2000000000          1.000000000         0.1000000000    
    0.2000000000          1.000000000    
 

 INTERMEDIATE RESULTS BEFORE NEXT TEMPERATURE REDUCTION

  CURRENT TEMPERATURE:             0.37627E-02
  MIN FUNCTION VALUE SO FAR:   0.582491036942138080E-01
  TOTAL MOVES:                     420
     DOWNHILL:                     290
     ACCEPTED UPHILL:               76
     REJECTED UPHILL:               54
  TRIALS OUT OF BOUNDS:            176
  NEW MINIMA THIS TEMPERATURE:       1

                         CURRENT OPTIMAL X
    0.9995377728         0.6807413101E-01     0.1625861406         0.9978849292         0.1736652851E-02     0.2545379043         0.2773540020         0.6439852263         0.1915247519E-01     0.1010460336    
    0.7772981689E-01     0.1958241463E-01     0.1841974735         0.1607992649         0.9999567480         0.6519386172E-01     0.2628572464         0.7417367697         0.9673998356E-01     0.2395595312    
    0.1922887564         0.3543691288E-02     0.8342005014E-01     0.2710243702         0.5322333574         0.6316761374E-01     0.1865582228         0.2687436938         0.7436619953         0.4466179609E-01
    0.1597942352         0.1731719375         0.2992532253E-01     0.1576438308         0.3722134829         0.2668301988E-02     0.5120672584E-01     0.2573577642         0.3469726443         0.3569759727E-01
    0.1055213332         0.3600252867    

                         STEP LENGTH (VM)
    0.3522681606E-02     0.1000000000         0.2000000000          1.000000000         0.1000000000         0.2000000000          1.000000000         0.3787641064E-02     0.1884897496E-02     0.3917761359E-02
    0.7712902688E-01     0.1000000000         0.2000000000          1.000000000         0.1249358467E-02     0.1000000000         0.2000000000          1.000000000         0.1000000000         0.2000000000    
     1.000000000         0.6963824213E-02     0.1000000000         0.2000000000          1.000000000         0.1000000000         0.2000000000          1.000000000         0.3396047055E-02     0.1000000000    
    0.2000000000          1.000000000         0.1000000000         0.2000000000          1.000000000         0.1183139926E-01     0.1000000000         0.2000000000          1.000000000         0.1000000000    
    0.2000000000          1.000000000    
 

 INTERMEDIATE RESULTS BEFORE NEXT TEMPERATURE REDUCTION

  CURRENT TEMPERATURE:             0.28220E-02
  MIN FUNCTION VALUE SO FAR:   0.581865012977937843E-01
  TOTAL MOVES:                     420
     DOWNHILL:                     281
     ACCEPTED UPHILL:               76
     REJECTED UPHILL:               63
  TRIALS OUT OF BOUNDS:            191
  NEW MINIMA THIS TEMPERATURE:       1

                         CURRENT OPTIMAL X
    0.9995377728         0.9426063299E-01     0.2660761356         0.4574710131E-01     0.8070453405E-01     0.1834448576         0.9999704361E-01     0.6439852263         0.1915247519E-01     0.1010460336    
    0.7772981689E-01     0.7921212316E-01     0.1999504328         0.6143331528E-01     0.9999760101         0.9852725267E-01     0.1067402124         0.5707650781         0.3363888264E-01     0.2231276512    
    0.3672608137         0.3867057285E-02     0.9771742225E-01     0.1967826247         0.6101020575         0.8137415051E-01     0.1239823937         0.2698193192         0.7436619953         0.4466179609E-01
    0.2696185708         0.1731719375         0.2992532253E-01     0.1576438308         0.3722134829         0.2668301988E-02     0.5120672584E-01     0.2573577642         0.3469726443         0.3569759727E-01
    0.1055213332         0.3600252867    

                         STEP LENGTH (VM)
    0.1392146367E-01     0.1000000000         0.2000000000          1.000000000         0.1000000000         0.2000000000          1.000000000         0.4261095174E-02     0.1256598276E-02     0.3917760543E-02
    0.6688531999E-01     0.1000000000         0.2000000000          1.000000000         0.7241824114E-03     0.1000000000         0.2000000000          1.000000000         0.1000000000         0.2000000000    
     1.000000000         0.1624891829E-01     0.1000000000         0.2000000000          1.000000000         0.1000000000         0.2000000000          1.000000000         0.3820552526E-02     0.1000000000    
    0.2000000000          1.000000000         0.1000000000         0.2000000000          1.000000000         0.1539005779E-01     0.1000000000         0.2000000000          1.000000000         0.1000000000    
    0.2000000000          1.000000000    
 

 INTERMEDIATE RESULTS BEFORE NEXT TEMPERATURE REDUCTION

  CURRENT TEMPERATURE:             0.21165E-02
  MIN FUNCTION VALUE SO FAR:   0.581251398809869702E-01
  TOTAL MOVES:                     420
     DOWNHILL:                     268
     ACCEPTED UPHILL:               61
     REJECTED UPHILL:               91
  TRIALS OUT OF BOUNDS:            181
  NEW MINIMA THIS TEMPERATURE:       0

                         CURRENT OPTIMAL X
    0.9995377728         0.5279580355E-01     0.2555112839         0.8040058613         0.9544644356E-01     0.1129430771         0.5214927793         0.6449566592         0.1915247519E-01     0.1008650978    
    0.7772981689E-01     0.1056959629E-01     0.2317590117         0.6503773332         0.9999605905         0.9852725267E-01     0.1607198477         0.1948345900         0.7501267195E-01     0.1791108012    
    0.1789047718         0.1171665494E-01     0.9333497286E-02     0.1600356460         0.7567790747         0.3911644220E-02     0.1815210462         0.3822351098         0.7442605165         0.7941159606E-01
    0.2678481698         0.4122382998         0.4533965588E-01     0.2725732684         0.4084967971         0.2668301988E-02     0.9213044047E-01     0.1386289358         0.6097179651E-01     0.6576158404E-01
    0.2165517926         0.1438741684    

                         STEP LENGTH (VM)
    0.6777553972E-02     0.1000000000         0.2000000000          1.000000000         0.1000000000         0.2000000000          1.000000000         0.1842635645E-02     0.8699524728E-03     0.5413313645E-03
    0.4361583518E-01     0.1000000000         0.2000000000          1.000000000         0.4827882533E-03     0.1000000000         0.2000000000          1.000000000         0.1000000000         0.2000000000    
     1.000000000         0.9334483895E-02     0.1000000000         0.2000000000          1.000000000         0.1000000000         0.2000000000          1.000000000         0.1940598040E-02     0.1000000000    
    0.2000000000          1.000000000         0.1000000000         0.2000000000          1.000000000         0.6655159742E-02     0.1000000000         0.2000000000          1.000000000         0.1000000000    
    0.2000000000          1.000000000    
 

 INTERMEDIATE RESULTS BEFORE NEXT TEMPERATURE REDUCTION

  CURRENT TEMPERATURE:             0.15874E-02
  MIN FUNCTION VALUE SO FAR:   0.578963438702606720E-01
  TOTAL MOVES:                     420
     DOWNHILL:                     290
     ACCEPTED UPHILL:               49
     REJECTED UPHILL:               81
  TRIALS OUT OF BOUNDS:            171
  NEW MINIMA THIS TEMPERATURE:       2

                         CURRENT OPTIMAL X
    0.9999420724         0.9533214569E-01     0.1129491806         0.9622730613         0.6816858053E-02     0.2107465029         0.7562652230         0.6450436601         0.1942110551E-01     0.1008929749    
    0.3818697286E-01     0.5360524654E-01     0.2105083227         0.8078995347         0.9999350103         0.7414370179E-01     0.1034558058         0.3297350407         0.8886642456E-01     0.2531484962    
    0.5580575466         0.1171665494E-01     0.2735991478E-01     0.2835787416         0.2913647294         0.6064375639E-01     0.1207119107         0.5191160440         0.7423331318         0.8069091439E-01
    0.1910418630         0.6047835350         0.2725759149E-01     0.1776383400         0.7731149197         0.4226474824E-02     0.7122523785E-01     0.2127091289         0.8660131097         0.4698328972E-01
    0.1204097271         0.1697320342    

                         STEP LENGTH (VM)
    0.1290962559E-02     0.1000000000         0.2000000000          1.000000000         0.1000000000         0.2000000000          1.000000000         0.6710023794E-03     0.4120827043E-03     0.1616945255E-02
    0.1789367542E-01     0.1000000000         0.2000000000          1.000000000         0.2110181498E-03     0.1000000000         0.2000000000          1.000000000         0.1000000000         0.2000000000    
     1.000000000         0.2002793752E-03     0.1000000000         0.2000000000          1.000000000         0.1000000000         0.2000000000          1.000000000         0.7263056782E-03     0.1000000000    
    0.2000000000          1.000000000         0.1000000000         0.2000000000          1.000000000         0.3736229307E-02     0.1000000000         0.2000000000          1.000000000         0.1000000000    
    0.2000000000          1.000000000    
 

 INTERMEDIATE RESULTS BEFORE NEXT TEMPERATURE REDUCTION

  CURRENT TEMPERATURE:             0.11905E-02
  MIN FUNCTION VALUE SO FAR:   0.578854280290511114E-01
  TOTAL MOVES:                     420
     DOWNHILL:                     320
     ACCEPTED UPHILL:               56
     REJECTED UPHILL:               44
  TRIALS OUT OF BOUNDS:            182
  NEW MINIMA THIS TEMPERATURE:       0

                         CURRENT OPTIMAL X
    0.9999420724         0.3424095511E-01     0.1637768745         0.9622730613         0.6816858053E-02     0.2107465029         0.7562652230         0.6450436601         0.1942110551E-01     0.1008929749    
    0.3818697286E-01     0.5360524654E-01     0.2105083227         0.8078995347         0.9999350103         0.7414370179E-01     0.1034558058         0.3297350407         0.8886642456E-01     0.2531484962    
    0.5580575466         0.1171665494E-01     0.2735991478E-01     0.2835787416         0.2913647294         0.6064375639E-01     0.1207119107         0.5191160440         0.7423331318         0.8069091439E-01
    0.1910418630         0.6047835350         0.2725759149E-01     0.1776383400         0.7731149197         0.4226474824E-02     0.7122523785E-01     0.2127091289         0.8660131097         0.4698328972E-01
    0.1204097271         0.1697320342    

                         STEP LENGTH (VM)
    0.1452332582E-02     0.1000000000         0.2000000000          1.000000000         0.1000000000         0.2000000000          1.000000000         0.8492372036E-03     0.3662957281E-03     0.6668906192E-03
    0.1789367390E-01     0.1000000000         0.2000000000          1.000000000         0.3659845339E-03     0.1000000000         0.2000000000          1.000000000         0.1000000000         0.2000000000    
     1.000000000         0.7423482448E-04     0.1000000000         0.2000000000          1.000000000         0.1000000000         0.2000000000          1.000000000         0.1089458299E-02     0.1000000000    
    0.2000000000          1.000000000         0.1000000000         0.2000000000          1.000000000         0.1143321960E-01     0.1000000000         0.2000000000          1.000000000         0.1000000000    
    0.2000000000          1.000000000    
 

 INTERMEDIATE RESULTS BEFORE NEXT TEMPERATURE REDUCTION

  CURRENT TEMPERATURE:             0.89291E-03
  MIN FUNCTION VALUE SO FAR:   0.578854280290511114E-01
  TOTAL MOVES:                     420
     DOWNHILL:                     289
     ACCEPTED UPHILL:               58
     REJECTED UPHILL:               73
  TRIALS OUT OF BOUNDS:            154
  NEW MINIMA THIS TEMPERATURE:       0

                         CURRENT OPTIMAL X
    0.9999420724         0.3424095511E-01     0.1637768745         0.9622730613         0.6816858053E-02     0.2107465029         0.7562652230         0.6450436601         0.1942110551E-01     0.1008929749    
    0.3818697286E-01     0.5360524654E-01     0.2105083227         0.8078995347         0.9999350103         0.7414370179E-01     0.1034558058         0.3297350407         0.8886642456E-01     0.2531484962    
    0.5580575466         0.1171665494E-01     0.2735991478E-01     0.2835787416         0.2913647294         0.6064375639E-01     0.1207119107         0.5191160440         0.7423331318         0.8069091439E-01
    0.1910418630         0.6047835350         0.2725759149E-01     0.1776383400         0.7731149197         0.4226474824E-02     0.7122523785E-01     0.2127091289         0.8660131097         0.4698328972E-01
    0.1204097271         0.1697320342    

                         STEP LENGTH (VM)
    0.6004318513E-02     0.1000000000         0.2000000000          1.000000000         0.1000000000         0.2000000000          1.000000000         0.1472895495E-02     0.2790824305E-03     0.9050657775E-03
    0.1624389939E-01     0.1000000000         0.2000000000          1.000000000         0.3473993006E-03     0.1000000000         0.2000000000          1.000000000         0.1000000000         0.2000000000    
     1.000000000         0.1299109332E-03     0.1000000000         0.2000000000          1.000000000         0.1000000000         0.2000000000          1.000000000         0.9192303234E-03     0.1000000000    
    0.2000000000          1.000000000         0.1000000000         0.2000000000          1.000000000         0.1042268572E-01     0.1000000000         0.2000000000          1.000000000         0.1000000000    
    0.2000000000          1.000000000    
 

 INTERMEDIATE RESULTS BEFORE NEXT TEMPERATURE REDUCTION

  CURRENT TEMPERATURE:             0.66968E-03
  MIN FUNCTION VALUE SO FAR:   0.578516202029288190E-01
  TOTAL MOVES:                     420
     DOWNHILL:                     297
     ACCEPTED UPHILL:               56
     REJECTED UPHILL:               67
  TRIALS OUT OF BOUNDS:            181
  NEW MINIMA THIS TEMPERATURE:       3

                         CURRENT OPTIMAL X
    0.9999420724         0.4233094454E-01     0.1616029263         0.4321420193         0.8185371161E-01     0.1829561234         0.8226914406         0.6448001449         0.1958834555E-01     0.1003780598    
    0.3229106227E-01     0.5106127262E-02     0.1607208252         0.3067111969         0.9999582471         0.6294220090E-01     0.1416192412         0.9992865920         0.1093932390E-01     0.2735617399    
    0.7823439837         0.1175629137E-01     0.4878974557E-01     0.2901594877         0.3167364001         0.5354226232E-01     0.2494627953         0.8923660517         0.7416122820         0.9676929116E-01
    0.1103474140         0.9059215188         0.2885758877E-03     0.1746805072         0.9816406965         0.7980225996E-02     0.9405605793E-01     0.2450460792         0.2535932660         0.8805459142E-01
    0.1832990050         0.2813688517    

                         STEP LENGTH (VM)
    0.1444648042E-02     0.1000000000         0.2000000000          1.000000000         0.1000000000         0.2000000000          1.000000000         0.8416544481E-03     0.2354757710E-03     0.5171804388E-03
    0.1082926458E-01     0.1000000000         0.2000000000          1.000000000         0.2646851539E-03     0.1000000000         0.2000000000          1.000000000         0.1000000000         0.2000000000    
     1.000000000         0.1696059216E-03     0.1000000000         0.2000000000          1.000000000         0.1000000000         0.2000000000          1.000000000         0.6894227297E-03     0.1000000000    
    0.2000000000          1.000000000         0.1000000000         0.2000000000          1.000000000         0.5470061278E-02     0.1000000000         0.2000000000          1.000000000         0.1000000000    
    0.2000000000          1.000000000    
 

 INTERMEDIATE RESULTS BEFORE NEXT TEMPERATURE REDUCTION

  CURRENT TEMPERATURE:             0.50226E-03
  MIN FUNCTION VALUE SO FAR:   0.578105867792162928E-01
  TOTAL MOVES:                     420
     DOWNHILL:                     297
     ACCEPTED UPHILL:               58
     REJECTED UPHILL:               65
  TRIALS OUT OF BOUNDS:            169
  NEW MINIMA THIS TEMPERATURE:       1

                         CURRENT OPTIMAL X
    0.9999126106         0.3660130501E-01     0.2126171827         0.2381082177         0.7239171863E-01     0.1462793827         0.2123235464         0.6457183475         0.1946992093E-01     0.1002075612    
    0.2553504146E-01     0.5682982802E-01     0.2691046000         0.4401291609         0.9999582471         0.8792878985E-01     0.1991103888         0.3875619769         0.3258545995E-01     0.2942789674    
    0.2983430624         0.1177178446E-01     0.6859695911E-02     0.1612608314         0.1854859591         0.3908513188E-01     0.1888320088         0.9654692411         0.7417464895         0.3089502454E-01
    0.2226844907         0.6962108612E-01     0.3923918009E-01     0.1379404783         0.7638654113         0.7278749528E-02     0.7582319379E-01     0.2137616038         0.7909951806         0.2638400793E-01
    0.2843139768         0.6669175029    

                         STEP LENGTH (VM)
    0.9287020992E-03     0.1000000000         0.2000000000          1.000000000         0.1000000000         0.2000000000          1.000000000         0.5459380127E-03     0.1594756339E-03     0.4086363758E-03
    0.7024387738E-02     0.1000000000         0.2000000000          1.000000000         0.1344432480E-03     0.1000000000         0.2000000000          1.000000000         0.1000000000         0.2000000000    
     1.000000000         0.1130705968E-03     0.1000000000         0.2000000000          1.000000000         0.1000000000         0.2000000000          1.000000000         0.5170670376E-03     0.1000000000    
    0.2000000000          1.000000000         0.1000000000         0.2000000000          1.000000000         0.1185179768E-01     0.1000000000         0.2000000000          1.000000000         0.1000000000    
    0.2000000000          1.000000000    
 

 INTERMEDIATE RESULTS BEFORE NEXT TEMPERATURE REDUCTION

  CURRENT TEMPERATURE:             0.37670E-03
  MIN FUNCTION VALUE SO FAR:   0.577669222353858133E-01
  TOTAL MOVES:                     420
     DOWNHILL:                     283
     ACCEPTED UPHILL:               59
     REJECTED UPHILL:               78
  TRIALS OUT OF BOUNDS:            169
  NEW MINIMA THIS TEMPERATURE:       1

                         CURRENT OPTIMAL X
    0.9999126106         0.8585453033E-01     0.2429198980         0.5453663468         0.6930512190E-01     0.1827942371         0.7922129631         0.6457515795         0.1948338756E-01     0.1001019257    
    0.2494230750E-01     0.7107242942E-01     0.2543335795         0.4317454100         0.9999948129         0.7195463777E-01     0.1288772225         0.1705944538E-02     0.8813345432E-01     0.1394442797    
    0.1104968786E-01     0.1175077785E-01     0.8917638063E-01     0.1566519380         0.7691476941         0.4213876128E-01     0.1549757719         0.1782766581         0.7417464895         0.3089502454E-01
    0.2226844907         0.9619861841E-01     0.2183346748E-01     0.2682728529         0.3410592079         0.5798496191E-03     0.8076333404E-01     0.2404752254         0.2079784274         0.4901823997E-01
    0.1965488195         0.3683530092    

                         STEP LENGTH (VM)
    0.1027500122E-02     0.1000000000         0.2000000000          1.000000000         0.1000000000         0.2000000000          1.000000000         0.4852782214E-03     0.1163740817E-03     0.2075613264E-03
    0.4515677297E-02     0.1000000000         0.2000000000          1.000000000         0.3577699580E-04     0.1000000000         0.2000000000          1.000000000         0.1000000000         0.2000000000    
     1.000000000         0.6495544174E-04     0.1000000000         0.2000000000          1.000000000         0.1000000000         0.2000000000          1.000000000         0.7714967171E-03     0.1490008368E-01
    0.1124999958          1.000000000         0.1000000000         0.2000000000          1.000000000         0.6772455745E-02     0.1000000000         0.2000000000          1.000000000         0.1000000000    
    0.2000000000          1.000000000    
 

  SA ACHIEVED TERMINATION CRITERIA. IER = 0. 


  ****   RESULTS AFTER SA   ****   

                         SOLUTION
    0.9999126106         0.8585453033E-01     0.2429198980         0.5453663468         0.6930512190E-01     0.1827942371         0.7922129631         0.6457515795         0.1948338756E-01     0.1001019257    
    0.2494230750E-01     0.7107242942E-01     0.2543335795         0.4317454100         0.9999948129         0.7195463777E-01     0.1288772225         0.1705944538E-02     0.8813345432E-01     0.1394442797    
    0.1104968786E-01     0.1175077785E-01     0.8917638063E-01     0.1566519380         0.7691476941         0.4213876128E-01     0.1549757719         0.1782766581         0.7417464895         0.3089502454E-01
    0.2226844907         0.9619861841E-01     0.2183346748E-01     0.2682728529         0.3410592079         0.5798496191E-03     0.8076333404E-01     0.2404752254         0.2079784274         0.4901823997E-01
    0.1965488195         0.3683530092    

                         FINAL STEP LENGTH
    0.1027500122E-02     0.1000000000         0.2000000000          1.000000000         0.1000000000         0.2000000000          1.000000000         0.4852782214E-03     0.1163740817E-03     0.2075613264E-03
    0.4515677297E-02     0.1000000000         0.2000000000          1.000000000         0.3577699580E-04     0.1000000000         0.2000000000          1.000000000         0.1000000000         0.2000000000    
     1.000000000         0.6495544174E-04     0.1000000000         0.2000000000          1.000000000         0.1000000000         0.2000000000          1.000000000         0.7714967171E-03     0.1490008368E-01
    0.1124999958          1.000000000         0.1000000000         0.2000000000          1.000000000         0.6772455745E-02     0.1000000000         0.2000000000          1.000000000         0.1000000000    
    0.2000000000          1.000000000    

 OPTIMAL FUNCTION VALUE:  0.5776692223539E-01
 NUMBER OF FUNCTION EVALUATIONS:          14281
 NUMBER OF ACCEPTED EVALUATIONS:          12753
 NUMBER OF OUT OF BOUND EVALUATIONS:       6545
 FINAL TEMP:  0.3766965964524E-03  IER:   0
