
 SIMULATED PARALLEL ANNEALING by NEIGHBORHOOD EXAMPLE

 NUMBER OF PARAMETERS:  42   MAXIMAZATION:     F
 INITIAL TEMP:  5.0       RT: 0.75       EPS: 0.10E-02
 NS:  24   NT:  20   NEPS:  4
 MAXEVL:  100000000   IPRINT: 1   ISEED1:    7 ISEED2:    8

                         STARTING VALUES
    0.5000000000         0.5000000000E-01     0.2000000000         0.5000000000         0.5000000000E-01     0.2000000000         0.5000000000         0.5000000000         0.5000000000E-01     0.2000000000    
    0.5000000000         0.5000000000E-01     0.2000000000         0.5000000000         0.5000000000         0.5000000000E-01     0.2000000000         0.5000000000         0.5000000000E-01     0.2000000000    
    0.5000000000         0.5000000000         0.5000000000E-01     0.2000000000         0.5000000000         0.5000000000E-01     0.2000000000         0.5000000000         0.5000000000         0.5000000000E-01
    0.2000000000         0.5000000000         0.5000000000E-01     0.2000000000         0.5000000000         0.5000000000         0.5000000000E-01     0.2000000000         0.5000000000         0.5000000000E-01
    0.2000000000         0.5000000000    

                         INITIAL STEP LENGTH
     1.000000000         0.1000000000         0.2000000000          1.000000000         0.1000000000         0.2000000000          1.000000000          1.000000000         0.1000000000         0.2000000000    
     1.000000000         0.1000000000         0.2000000000          1.000000000          1.000000000         0.1000000000         0.2000000000          1.000000000         0.1000000000         0.2000000000    
     1.000000000          1.000000000         0.1000000000         0.2000000000          1.000000000         0.1000000000         0.2000000000          1.000000000          1.000000000         0.1000000000    
    0.2000000000          1.000000000         0.1000000000         0.2000000000          1.000000000          1.000000000         0.1000000000         0.2000000000          1.000000000         0.1000000000    
    0.2000000000          1.000000000    

                         LOWER BOUND
     0.000000000          0.000000000         0.1000000000          0.000000000          0.000000000         0.1000000000          0.000000000          0.000000000          0.000000000         0.1000000000    
     0.000000000          0.000000000         0.1000000000          0.000000000          0.000000000          0.000000000         0.1000000000          0.000000000          0.000000000         0.1000000000    
     0.000000000          0.000000000          0.000000000         0.1000000000          0.000000000          0.000000000         0.1000000000          0.000000000          0.000000000          0.000000000    
    0.1000000000          0.000000000          0.000000000         0.1000000000          0.000000000          0.000000000          0.000000000         0.1000000000          0.000000000          0.000000000    
    0.1000000000          0.000000000    

                         UPPER BOUND
     1.000000000         0.1000000000         0.3000000000          1.000000000         0.1000000000         0.3000000000          1.000000000          1.000000000         0.1000000000         0.3000000000    
     1.000000000         0.1000000000         0.3000000000          1.000000000          1.000000000         0.1000000000         0.3000000000          1.000000000         0.1000000000         0.3000000000    
     1.000000000          1.000000000         0.1000000000         0.3000000000          1.000000000         0.1000000000         0.3000000000          1.000000000          1.000000000         0.1000000000    
    0.3000000000          1.000000000         0.1000000000         0.3000000000          1.000000000          1.000000000         0.1000000000         0.3000000000          1.000000000         0.1000000000    
    0.3000000000          1.000000000    

                         C VECTOR
     2.000000000          2.000000000          2.000000000          2.000000000          2.000000000          2.000000000          2.000000000          2.000000000          2.000000000          2.000000000    
     2.000000000          2.000000000          2.000000000          2.000000000          2.000000000          2.000000000          2.000000000          2.000000000          2.000000000          2.000000000    
     2.000000000          2.000000000          2.000000000          2.000000000          2.000000000          2.000000000          2.000000000          2.000000000          2.000000000          2.000000000    
     2.000000000          2.000000000          2.000000000          2.000000000          2.000000000          2.000000000          2.000000000          2.000000000          2.000000000          2.000000000    
     2.000000000          2.000000000    

  ****   END OF DRIVER ROUTINE OUTPUT   ****
  ****   BEFORE CALL TO SA.             ****
  

                         INITIAL X
    0.5000000000         0.5000000000E-01     0.2000000000         0.5000000000         0.5000000000E-01     0.2000000000         0.5000000000         0.5000000000         0.5000000000E-01     0.2000000000    
    0.5000000000         0.5000000000E-01     0.2000000000         0.5000000000         0.5000000000         0.5000000000E-01     0.2000000000         0.5000000000         0.5000000000E-01     0.2000000000    
    0.5000000000         0.5000000000         0.5000000000E-01     0.2000000000         0.5000000000         0.5000000000E-01     0.2000000000         0.5000000000         0.5000000000         0.5000000000E-01
    0.2000000000         0.5000000000         0.5000000000E-01     0.2000000000         0.5000000000         0.5000000000         0.5000000000E-01     0.2000000000         0.5000000000         0.5000000000E-01
    0.2000000000         0.5000000000    
  INITIAL F: 
  15000.0000000000000    

 INTERMEDIATE RESULTS BEFORE NEXT TEMPERATURE REDUCTION

  CURRENT TEMPERATURE:              5.0000    
  MIN FUNCTION VALUE SO FAR:   0.206376621418975947    
  TOTAL MOVES:                    3360
     DOWNHILL:                    2463
     ACCEPTED UPHILL:              770
     REJECTED UPHILL:              127
  TRIALS OUT OF BOUNDS:           1656
  NEW MINIMA THIS TEMPERATURE:      21

                         CURRENT OPTIMAL X
    0.8273141980         0.8908604980E-01     0.2745583653         0.2373894453         0.9339819551E-01     0.1654258728         0.9937949777         0.8468328937         0.2459020019E-01     0.2582212448    
    0.5493324399         0.8148949742E-01     0.1639519215         0.7214851975         0.9630976950         0.5154148936E-01     0.2634603977         0.7179087400         0.4486113191E-01     0.2498204350    
    0.8295919299         0.3387212753E-02     0.2115803957E-01     0.2576339483         0.2501154542         0.5127372146E-01     0.2256600738         0.9170557857         0.4046679139         0.3042539954E-01
    0.2943583250         0.1149793267         0.7023337483E-01     0.1010062575         0.3667341471         0.8070832491E-01     0.5355535150E-01     0.2854872465         0.6617761254         0.5520521998E-01
    0.2786125898         0.9329918623    

                         STEP LENGTH (VM)
     1.000000000         0.1000000000         0.2000000000          1.000000000         0.1000000000         0.2000000000          1.000000000         0.6985444751         0.1000000000         0.2000000000    
     1.000000000         0.1000000000         0.2000000000          1.000000000         0.3231382173         0.1000000000         0.2000000000          1.000000000         0.1000000000         0.2000000000    
     1.000000000          1.000000000         0.1000000000         0.2000000000          1.000000000         0.1000000000         0.2000000000          1.000000000          1.000000000         0.1000000000    
    0.2000000000          1.000000000         0.1000000000         0.2000000000          1.000000000          1.000000000         0.1000000000         0.2000000000          1.000000000         0.1000000000    
    0.2000000000          1.000000000    
 

 INTERMEDIATE RESULTS BEFORE NEXT TEMPERATURE REDUCTION

  CURRENT TEMPERATURE:              3.7500    
  MIN FUNCTION VALUE SO FAR:   0.195193655802419652    
  TOTAL MOVES:                    3360
     DOWNHILL:                    2390
     ACCEPTED UPHILL:              836
     REJECTED UPHILL:              134
  TRIALS OUT OF BOUNDS:           1651
  NEW MINIMA THIS TEMPERATURE:       1

                         CURRENT OPTIMAL X
    0.6809690595         0.8908604980E-01     0.2745583653         0.2373894453         0.9339819551E-01     0.1654258728         0.9937949777         0.8468328937         0.2459020019E-01     0.2582212448    
    0.5493324399         0.8148949742E-01     0.1639519215         0.7214851975         0.9630976950         0.5154148936E-01     0.2634603977         0.7179087400         0.4486113191E-01     0.2498204350    
    0.8295919299         0.3387212753E-02     0.2115803957E-01     0.2576339483         0.2501154542         0.5127372146E-01     0.2256600738         0.9170557857         0.4046679139         0.3042539954E-01
    0.2943583250         0.1149793267         0.7023337483E-01     0.1010062575         0.3667341471         0.8070832491E-01     0.5355535150E-01     0.2854872465         0.6617761254         0.5520521998E-01
    0.2786125898         0.9329918623    

                         STEP LENGTH (VM)
     1.000000000         0.1000000000         0.2000000000          1.000000000         0.1000000000         0.2000000000          1.000000000         0.8888888668         0.1000000000         0.2000000000    
     1.000000000         0.1000000000         0.2000000000          1.000000000         0.2423535758         0.1000000000         0.2000000000          1.000000000         0.1000000000         0.2000000000    
     1.000000000          1.000000000         0.1000000000         0.2000000000          1.000000000         0.1000000000         0.2000000000          1.000000000          1.000000000         0.1000000000    
    0.2000000000          1.000000000         0.1000000000         0.2000000000          1.000000000          1.000000000         0.1000000000         0.2000000000          1.000000000         0.1000000000    
    0.2000000000          1.000000000    
 

 INTERMEDIATE RESULTS BEFORE NEXT TEMPERATURE REDUCTION

  CURRENT TEMPERATURE:              2.8125    
  MIN FUNCTION VALUE SO FAR:   0.195193655802419652    
  TOTAL MOVES:                    3360
     DOWNHILL:                    2419
     ACCEPTED UPHILL:              813
     REJECTED UPHILL:              128
  TRIALS OUT OF BOUNDS:           1685
  NEW MINIMA THIS TEMPERATURE:       0

                         CURRENT OPTIMAL X
    0.6809690595         0.8908604980E-01     0.2745583653         0.2373894453         0.9339819551E-01     0.1654258728         0.9937949777         0.8468328937         0.2459020019E-01     0.2582212448    
    0.5493324399         0.8148949742E-01     0.1639519215         0.7214851975         0.9630976950         0.5154148936E-01     0.2634603977         0.7179087400         0.4486113191E-01     0.2498204350    
    0.8295919299         0.3387212753E-02     0.2115803957E-01     0.2576339483         0.2501154542         0.5127372146E-01     0.2256600738         0.9170557857         0.4046679139         0.3042539954E-01
    0.2943583250         0.1149793267         0.7023337483E-01     0.1010062575         0.3667341471         0.8070832491E-01     0.5355535150E-01     0.2854872465         0.6617761254         0.5520521998E-01
    0.2786125898         0.9329918623    

                         STEP LENGTH (VM)
     1.000000000         0.1000000000         0.2000000000          1.000000000         0.1000000000         0.2000000000          1.000000000          1.000000000         0.1000000000         0.2000000000    
     1.000000000         0.1000000000         0.2000000000          1.000000000         0.2114913384         0.1000000000         0.2000000000          1.000000000         0.1000000000         0.2000000000    
     1.000000000          1.000000000         0.1000000000         0.2000000000          1.000000000         0.1000000000         0.2000000000          1.000000000          1.000000000         0.1000000000    
    0.2000000000          1.000000000         0.1000000000         0.2000000000          1.000000000          1.000000000         0.1000000000         0.2000000000          1.000000000         0.1000000000    
    0.2000000000          1.000000000    
 

 INTERMEDIATE RESULTS BEFORE NEXT TEMPERATURE REDUCTION

  CURRENT TEMPERATURE:              2.1094    
  MIN FUNCTION VALUE SO FAR:   0.195193655802419652    
  TOTAL MOVES:                    3360
     DOWNHILL:                    2446
     ACCEPTED UPHILL:              782
     REJECTED UPHILL:              132
  TRIALS OUT OF BOUNDS:           1646
  NEW MINIMA THIS TEMPERATURE:       0

                         CURRENT OPTIMAL X
    0.6809690595         0.8908604980E-01     0.2745583653         0.2373894453         0.9339819551E-01     0.1654258728         0.9937949777         0.8468328937         0.2459020019E-01     0.2582212448    
    0.5493324399         0.8148949742E-01     0.1639519215         0.7214851975         0.9630976950         0.5154148936E-01     0.2634603977         0.7179087400         0.4486113191E-01     0.2498204350    
    0.8295919299         0.3387212753E-02     0.2115803957E-01     0.2576339483         0.2501154542         0.5127372146E-01     0.2256600738         0.9170557857         0.4046679139         0.3042539954E-01
    0.2943583250         0.1149793267         0.7023337483E-01     0.1010062575         0.3667341471         0.8070832491E-01     0.5355535150E-01     0.2854872465         0.6617761254         0.5520521998E-01
    0.2786125898         0.9329918623    

                         STEP LENGTH (VM)
     1.000000000         0.1000000000         0.2000000000          1.000000000         0.1000000000         0.2000000000          1.000000000          1.000000000         0.1000000000         0.2000000000    
     1.000000000         0.1000000000         0.2000000000          1.000000000         0.1960426336         0.1000000000         0.2000000000          1.000000000         0.1000000000         0.2000000000    
     1.000000000          1.000000000         0.1000000000         0.2000000000          1.000000000         0.1000000000         0.2000000000          1.000000000          1.000000000         0.1000000000    
    0.2000000000          1.000000000         0.1000000000         0.2000000000          1.000000000          1.000000000         0.1000000000         0.2000000000          1.000000000         0.1000000000    
    0.2000000000          1.000000000    
 

 INTERMEDIATE RESULTS BEFORE NEXT TEMPERATURE REDUCTION

  CURRENT TEMPERATURE:              1.5820    
  MIN FUNCTION VALUE SO FAR:   0.195193655802419652    
  TOTAL MOVES:                    3360
     DOWNHILL:                    2412
     ACCEPTED UPHILL:              814
     REJECTED UPHILL:              134
  TRIALS OUT OF BOUNDS:           1644
  NEW MINIMA THIS TEMPERATURE:       0

                         CURRENT OPTIMAL X
    0.6809690595         0.8908604980E-01     0.2745583653         0.2373894453         0.9339819551E-01     0.1654258728         0.9937949777         0.8468328937         0.2459020019E-01     0.2582212448    
    0.5493324399         0.8148949742E-01     0.1639519215         0.7214851975         0.9630976950         0.5154148936E-01     0.2634603977         0.7179087400         0.4486113191E-01     0.2498204350    
    0.8295919299         0.3387212753E-02     0.2115803957E-01     0.2576339483         0.2501154542         0.5127372146E-01     0.2256600738         0.9170557857         0.4046679139         0.3042539954E-01
    0.2943583250         0.1149793267         0.7023337483E-01     0.1010062575         0.3667341471         0.8070832491E-01     0.5355535150E-01     0.2854872465         0.6617761254         0.5520521998E-01
    0.2786125898         0.9329918623    

                         STEP LENGTH (VM)
     1.000000000         0.1000000000         0.2000000000          1.000000000         0.1000000000         0.2000000000          1.000000000         0.9729723974         0.1000000000         0.2000000000    
     1.000000000         0.1000000000         0.2000000000          1.000000000         0.1704521763         0.1000000000         0.2000000000          1.000000000         0.1000000000         0.2000000000    
     1.000000000          1.000000000         0.1000000000         0.2000000000          1.000000000         0.1000000000         0.2000000000          1.000000000          1.000000000         0.1000000000    
    0.2000000000          1.000000000         0.1000000000         0.2000000000          1.000000000          1.000000000         0.1000000000         0.2000000000          1.000000000         0.1000000000    
    0.2000000000          1.000000000    
 

 INTERMEDIATE RESULTS BEFORE NEXT TEMPERATURE REDUCTION

  CURRENT TEMPERATURE:              1.1865    
  MIN FUNCTION VALUE SO FAR:   0.195193655802419652    
  TOTAL MOVES:                    3360
     DOWNHILL:                    2417
     ACCEPTED UPHILL:              778
     REJECTED UPHILL:              165
  TRIALS OUT OF BOUNDS:           1671
  NEW MINIMA THIS TEMPERATURE:       0

                         CURRENT OPTIMAL X
    0.6809690595         0.8908604980E-01     0.2745583653         0.2373894453         0.9339819551E-01     0.1654258728         0.9937949777         0.8468328937         0.2459020019E-01     0.2582212448    
    0.5493324399         0.8148949742E-01     0.1639519215         0.7214851975         0.9630976950         0.5154148936E-01     0.2634603977         0.7179087400         0.4486113191E-01     0.2498204350    
    0.8295919299         0.3387212753E-02     0.2115803957E-01     0.2576339483         0.2501154542         0.5127372146E-01     0.2256600738         0.9170557857         0.4046679139         0.3042539954E-01
    0.2943583250         0.1149793267         0.7023337483E-01     0.1010062575         0.3667341471         0.8070832491E-01     0.5355535150E-01     0.2854872465         0.6617761254         0.5520521998E-01
    0.2786125898         0.9329918623    

                         STEP LENGTH (VM)
     1.000000000         0.1000000000         0.2000000000          1.000000000         0.1000000000         0.2000000000          1.000000000         0.7567561138         0.1000000000         0.2000000000    
     1.000000000         0.1000000000         0.2000000000          1.000000000         0.2131370903         0.1000000000         0.2000000000          1.000000000         0.1000000000         0.2000000000    
     1.000000000          1.000000000         0.1000000000         0.2000000000          1.000000000         0.1000000000         0.2000000000          1.000000000          1.000000000         0.1000000000    
    0.2000000000          1.000000000         0.1000000000         0.2000000000          1.000000000          1.000000000         0.1000000000         0.2000000000          1.000000000         0.1000000000    
    0.2000000000          1.000000000    
 

 INTERMEDIATE RESULTS BEFORE NEXT TEMPERATURE REDUCTION

  CURRENT TEMPERATURE:             0.88989    
  MIN FUNCTION VALUE SO FAR:   0.182010127254905618    
  TOTAL MOVES:                    3360
     DOWNHILL:                    2430
     ACCEPTED UPHILL:              783
     REJECTED UPHILL:              147
  TRIALS OUT OF BOUNDS:           1690
  NEW MINIMA THIS TEMPERATURE:       0

                         CURRENT OPTIMAL X
    0.5536549687         0.5759627223E-01     0.1594910026         0.3766483665         0.7316151261E-01     0.1017156959         0.8228652477         0.7106410265         0.6178299785E-01     0.1781197548    
    0.9419307113         0.2522819638E-01     0.2590574026         0.1036430597         0.9770984170         0.3908411264E-01     0.2028090954         0.9893901348         0.6583797932E-01     0.1014686823    
    0.6601327062         0.6961047649E-02     0.4951405525E-01     0.2984385490         0.1390427351         0.8988932371E-01     0.1438270450         0.4652374983         0.3470598459         0.1206540465E-01
    0.2463527918         0.4271522164         0.7704689503E-01     0.2322328448         0.5690737367         0.3554475307E-01     0.2202143669E-01     0.1534961820         0.3379439116         0.2740013003E-01
    0.2719544888         0.7418697476    

                         STEP LENGTH (VM)
     1.000000000         0.1000000000         0.2000000000          1.000000000         0.1000000000         0.2000000000          1.000000000         0.4444443561         0.1000000000         0.2000000000    
     1.000000000         0.1000000000         0.2000000000          1.000000000         0.1531022236         0.1000000000         0.2000000000          1.000000000         0.1000000000         0.2000000000    
     1.000000000          1.000000000         0.1000000000         0.2000000000          1.000000000         0.1000000000         0.2000000000          1.000000000          1.000000000         0.1000000000    
    0.2000000000          1.000000000         0.1000000000         0.2000000000          1.000000000          1.000000000         0.1000000000         0.2000000000          1.000000000         0.1000000000    
    0.2000000000          1.000000000    
 

 INTERMEDIATE RESULTS BEFORE NEXT TEMPERATURE REDUCTION

  CURRENT TEMPERATURE:             0.66742    
  MIN FUNCTION VALUE SO FAR:   0.175766742267716491    
  TOTAL MOVES:                    3360
     DOWNHILL:                    2424
     ACCEPTED UPHILL:              796
     REJECTED UPHILL:              140
  TRIALS OUT OF BOUNDS:           1671
  NEW MINIMA THIS TEMPERATURE:       0

                         CURRENT OPTIMAL X
    0.8818770647         0.5759627223E-01     0.1594910026         0.3766483665         0.7316151261E-01     0.1017156959         0.8228652477         0.7106410265         0.6178299785E-01     0.1781197548    
    0.9419307113         0.2522819638E-01     0.2590574026         0.1036430597         0.9770984170         0.3908411264E-01     0.2028090954         0.9893901348         0.6583797932E-01     0.1014686823    
    0.6601327062         0.6961047649E-02     0.4951405525E-01     0.2984385490         0.1390427351         0.8988932371E-01     0.1438270450         0.4652374983         0.3470598459         0.1206540465E-01
    0.2463527918         0.4271522164         0.7704689503E-01     0.2322328448         0.5690737367         0.3554475307E-01     0.2202143669E-01     0.1534961820         0.3379439116         0.2740013003E-01
    0.2719544888         0.7418697476    

                         STEP LENGTH (VM)
     1.000000000         0.1000000000         0.2000000000          1.000000000         0.1000000000         0.2000000000          1.000000000         0.4739136935         0.1000000000         0.2000000000    
     1.000000000         0.1000000000         0.2000000000          1.000000000         0.1723658208         0.1000000000         0.2000000000          1.000000000         0.1000000000         0.2000000000    
     1.000000000          1.000000000         0.1000000000         0.2000000000          1.000000000         0.1000000000         0.2000000000          1.000000000          1.000000000         0.1000000000    
    0.2000000000          1.000000000         0.1000000000         0.2000000000          1.000000000          1.000000000         0.1000000000         0.2000000000          1.000000000         0.1000000000    
    0.2000000000          1.000000000    
 

 INTERMEDIATE RESULTS BEFORE NEXT TEMPERATURE REDUCTION

  CURRENT TEMPERATURE:             0.50056    
  MIN FUNCTION VALUE SO FAR:   0.150907261585509378    
  TOTAL MOVES:                    3360
     DOWNHILL:                    2432
     ACCEPTED UPHILL:              754
     REJECTED UPHILL:              174
  TRIALS OUT OF BOUNDS:           1620
  NEW MINIMA THIS TEMPERATURE:       0

                         CURRENT OPTIMAL X
    0.6931548119         0.5362504125E-01     0.1200747013         0.4716625810         0.2231961489E-01     0.1131840706         0.3419902325         0.6505469688         0.8395845294E-01     0.1460835576    
    0.9960250854         0.3820663691E-01     0.1324600697         0.4190433621         0.9936729048         0.9522317052E-01     0.1144212246         0.2691340446         0.4461752176E-01     0.2713224888    
    0.5720361471         0.5228370428E-01     0.5682042837E-01     0.2912563801         0.8070319891E-01     0.8871322870E-01     0.1700558305         0.2011241913         0.3791893125         0.8765194416E-01
    0.1116832614         0.7978993654         0.5397577286E-01     0.1730651021         0.3491072655         0.6267488003E-02     0.5696681738E-01     0.1797709465         0.6166267395E-01     0.4599034786E-03
    0.2759641290         0.1259645224    

                         STEP LENGTH (VM)
     1.000000000         0.1000000000         0.2000000000          1.000000000         0.1000000000         0.2000000000          1.000000000         0.4177155487         0.1000000000         0.2000000000    
     1.000000000         0.1000000000         0.2000000000          1.000000000         0.1210579713         0.1000000000         0.2000000000          1.000000000         0.1000000000         0.2000000000    
     1.000000000          1.000000000         0.1000000000         0.2000000000          1.000000000         0.1000000000         0.2000000000          1.000000000          1.000000000         0.1000000000    
    0.2000000000          1.000000000         0.1000000000         0.2000000000          1.000000000          1.000000000         0.1000000000         0.2000000000          1.000000000         0.1000000000    
    0.2000000000          1.000000000    
 

 INTERMEDIATE RESULTS BEFORE NEXT TEMPERATURE REDUCTION

  CURRENT TEMPERATURE:             0.37542    
  MIN FUNCTION VALUE SO FAR:   0.150899315156210800    
  TOTAL MOVES:                    3360
     DOWNHILL:                    2420
     ACCEPTED UPHILL:              746
     REJECTED UPHILL:              194
  TRIALS OUT OF BOUNDS:           1624
  NEW MINIMA THIS TEMPERATURE:       3

                         CURRENT OPTIMAL X
    0.6931548119         0.9330962896E-01     0.1200747013         0.4716625810         0.2231961489E-01     0.1131840706         0.3419902325         0.6505469688         0.8395845294E-01     0.1460835576    
    0.9960250854         0.3820663691E-01     0.1324600697         0.4190433621         0.9936729048         0.9522317052E-01     0.1144212246         0.2691340446         0.4461752176E-01     0.2713224888    
    0.5720361471         0.5228370428E-01     0.5682042837E-01     0.2912563801         0.8070319891E-01     0.8871322870E-01     0.1700558305         0.2011241913         0.3791893125         0.8765194416E-01
    0.1116832614         0.7978993654         0.5397577286E-01     0.1730651021         0.3491072655         0.6267488003E-02     0.5696681738E-01     0.1797709465         0.6166267395E-01     0.4599034786E-03
    0.2759641290         0.1259645224    

                         STEP LENGTH (VM)
     1.000000000         0.1000000000         0.2000000000          1.000000000         0.1000000000         0.2000000000          1.000000000         0.3635670565         0.1000000000         0.2000000000    
     1.000000000         0.1000000000         0.2000000000          1.000000000         0.9344363064E-01     0.1000000000         0.2000000000          1.000000000         0.1000000000         0.2000000000    
     1.000000000          1.000000000         0.1000000000         0.2000000000          1.000000000         0.1000000000         0.2000000000          1.000000000          1.000000000         0.1000000000    
    0.2000000000          1.000000000         0.1000000000         0.2000000000          1.000000000          1.000000000         0.1000000000         0.2000000000          1.000000000         0.1000000000    
    0.2000000000          1.000000000    
 
