
 SIMULATED PARALLEL ANNEALING by NEIGHBORHOOD EXAMPLE

 NUMBER OF PARAMETERS:  42   MAXIMAZATION:     F
 INITIAL TEMP:  5.0       RT: 0.75       EPS: 0.10E-02
 NS:  24   NT:  20   NEPS:  4
 MAXEVL:  100000000   IPRINT: 1   ISEED1:    7 ISEED2:    8

                         STARTING VALUES
    0.9860965189         0.9817026854E-01     0.2276078939         0.9240287542E-01     0.5321571827E-01     0.1337925553         0.7054297924         0.6276063123         0.7025480270E-01     0.1331485748    
    0.9856224060E-03     0.9808939695E-01     0.2469187379         0.8437964916         0.9884389760         0.1554431915E-01     0.2321749330         0.8768939972         0.9597520828E-01     0.2122278929    
    0.6387174129E-01     0.2124164783E-02     0.7298127413E-01     0.1616803050         0.3013575077E-01     0.3554546833E-02     0.1436545730         0.1204679012         0.6597125507         0.8055697680E-01
    0.2589887738         0.3128205538         0.6002806425E-01     0.1746662974         0.2591425180         0.5127191635E-02     0.6176833510E-01     0.2704537392         0.6900990009E-01     0.9393055439E-01
    0.2498641014         0.7967279553    

                         INITIAL STEP LENGTH
     1.000000000         0.1000000000         0.2000000000          1.000000000         0.1000000000         0.2000000000          1.000000000          1.000000000         0.1000000000         0.2000000000    
     1.000000000         0.1000000000         0.2000000000          1.000000000          1.000000000         0.1000000000         0.2000000000          1.000000000         0.1000000000         0.2000000000    
     1.000000000          1.000000000         0.1000000000         0.2000000000          1.000000000         0.1000000000         0.2000000000          1.000000000          1.000000000         0.1000000000    
    0.2000000000          1.000000000         0.1000000000         0.2000000000          1.000000000          1.000000000         0.1000000000         0.2000000000          1.000000000         0.1000000000    
    0.2000000000          1.000000000    

                         LOWER BOUND
     0.000000000          0.000000000         0.1000000000          0.000000000          0.000000000         0.1000000000          0.000000000          0.000000000          0.000000000         0.1000000000    
     0.000000000          0.000000000         0.1000000000          0.000000000          0.000000000          0.000000000         0.1000000000          0.000000000          0.000000000         0.1000000000    
     0.000000000          0.000000000          0.000000000         0.1000000000          0.000000000          0.000000000         0.1000000000          0.000000000          0.000000000          0.000000000    
    0.1000000000          0.000000000          0.000000000         0.1000000000          0.000000000          0.000000000          0.000000000         0.1000000000          0.000000000          0.000000000    
    0.1000000000          0.000000000    

                         UPPER BOUND
     1.000000000         0.1000000000         0.3000000000          1.000000000         0.1000000000         0.3000000000          1.000000000          1.000000000         0.1000000000         0.3000000000    
     1.000000000         0.1000000000         0.3000000000          1.000000000          1.000000000         0.1000000000         0.3000000000          1.000000000         0.1000000000         0.3000000000    
     1.000000000          1.000000000         0.1000000000         0.3000000000          1.000000000         0.1000000000         0.3000000000          1.000000000          1.000000000         0.1000000000    
    0.3000000000          1.000000000         0.1000000000         0.3000000000          1.000000000          1.000000000         0.1000000000         0.3000000000          1.000000000         0.1000000000    
    0.3000000000          1.000000000    

                         C VECTOR
     2.000000000          2.000000000          2.000000000          2.000000000          2.000000000          2.000000000          2.000000000          2.000000000          2.000000000          2.000000000    
     2.000000000          2.000000000          2.000000000          2.000000000          2.000000000          2.000000000          2.000000000          2.000000000          2.000000000          2.000000000    
     2.000000000          2.000000000          2.000000000          2.000000000          2.000000000          2.000000000          2.000000000          2.000000000          2.000000000          2.000000000    
     2.000000000          2.000000000          2.000000000          2.000000000          2.000000000          2.000000000          2.000000000          2.000000000          2.000000000          2.000000000    
     2.000000000          2.000000000    

  ****   END OF DRIVER ROUTINE OUTPUT   ****
  ****   BEFORE CALL TO SA.             ****
  

                         INITIAL X
    0.9860965189         0.9817026854E-01     0.2276078939         0.9240287542E-01     0.5321571827E-01     0.1337925553         0.7054297924         0.6276063123         0.7025480270E-01     0.1331485748    
    0.9856224060E-03     0.9808939695E-01     0.2469187379         0.8437964916         0.9884389760         0.1554431915E-01     0.2321749330         0.8768939972         0.9597520828E-01     0.2122278929    
    0.6387174129E-01     0.2124164783E-02     0.7298127413E-01     0.1616803050         0.3013575077E-01     0.3554546833E-02     0.1436545730         0.1204679012         0.6597125507         0.8055697680E-01
    0.2589887738         0.3128205538         0.6002806425E-01     0.1746662974         0.2591425180         0.5127191635E-02     0.6176833510E-01     0.2704537392         0.6900990009E-01     0.9393055439E-01
    0.2498641014         0.7967279553    
  INITIAL F: 
 0.548012063174693198    

 INTERMEDIATE RESULTS BEFORE NEXT TEMPERATURE REDUCTION

  CURRENT TEMPERATURE:              5.0000    
  MIN FUNCTION VALUE SO FAR:   0.678752335255734529E-01
  TOTAL MOVES:                    3360
     DOWNHILL:                    2366
     ACCEPTED UPHILL:              894
     REJECTED UPHILL:              100
  TRIALS OUT OF BOUNDS:           1661
  NEW MINIMA THIS TEMPERATURE:       7

                         CURRENT OPTIMAL X
    0.8837304115         0.5940228701E-02     0.2644870520         0.3869110346         0.2924208641E-01     0.2561548471         0.1529158354         0.9044663906         0.8356021643E-01     0.2688036323    
    0.8000649214         0.1502938867E-01     0.2351894379         0.3984031677         0.9435009956         0.7186285257E-01     0.2639590263         0.1681752801         0.5900478363E-02     0.2000161886    
    0.9630874991         0.1090250015         0.4060617089E-01     0.2500766397         0.6568419933         0.6850572228E-01     0.1397583723         0.8795107007         0.9121665955         0.5603795052E-01
    0.1375734210         0.3539998531         0.5437217355E-01     0.2838306308         0.5370807648E-01     0.1451960802         0.7721936703E-01     0.2401066899         0.4926851988         0.9795522690E-01
    0.2658079982         0.4080727100    

                         STEP LENGTH (VM)
     1.000000000         0.1000000000         0.2000000000          1.000000000         0.1000000000         0.2000000000          1.000000000          1.000000000         0.1000000000         0.2000000000    
     1.000000000         0.1000000000         0.2000000000          1.000000000         0.2688476590         0.1000000000         0.2000000000          1.000000000         0.1000000000         0.2000000000    
     1.000000000          1.000000000         0.1000000000         0.2000000000          1.000000000         0.1000000000         0.2000000000          1.000000000          1.000000000         0.1000000000    
    0.2000000000          1.000000000         0.1000000000         0.2000000000          1.000000000          1.000000000         0.1000000000         0.2000000000          1.000000000         0.1000000000    
    0.2000000000          1.000000000    
 

 INTERMEDIATE RESULTS BEFORE NEXT TEMPERATURE REDUCTION

  CURRENT TEMPERATURE:              3.7500    
  MIN FUNCTION VALUE SO FAR:   0.578119593790781261E-01
  TOTAL MOVES:                    3360
     DOWNHILL:                    2370
     ACCEPTED UPHILL:              867
     REJECTED UPHILL:              123
  TRIALS OUT OF BOUNDS:           1656
  NEW MINIMA THIS TEMPERATURE:       7

                         CURRENT OPTIMAL X
    0.9412782192         0.5305663943E-01     0.1872706294         0.3918573260         0.1619356871E-01     0.2141644597         0.2585397959         0.9044663906         0.3958803415E-01     0.2705600739    
    0.5852959156         0.9703898430E-02     0.2372552633         0.4694670439         0.9435009956         0.4262647629E-01     0.2308420897         0.1681752801         0.5900478363E-02     0.2000161886    
    0.9630874991         0.1090250015         0.4060617089E-01     0.2500766397         0.6568419933         0.6850572228E-01     0.1397583723         0.8795107007         0.9121665955         0.5603795052E-01
    0.1375734210         0.3539998531         0.5437217355E-01     0.2838306308         0.5370807648E-01     0.1451960802         0.7721936703E-01     0.2401066899         0.4926851988         0.9795522690E-01
    0.2658079982         0.4080727100    

                         STEP LENGTH (VM)
     1.000000000         0.1000000000         0.2000000000          1.000000000         0.1000000000         0.2000000000          1.000000000          1.000000000         0.1000000000         0.2000000000    
     1.000000000         0.1000000000         0.2000000000          1.000000000         0.2755754646         0.1000000000         0.2000000000          1.000000000         0.1000000000         0.2000000000    
     1.000000000          1.000000000         0.1000000000         0.2000000000          1.000000000         0.1000000000         0.2000000000          1.000000000          1.000000000         0.1000000000    
    0.2000000000          1.000000000         0.1000000000         0.2000000000          1.000000000          1.000000000         0.1000000000         0.2000000000          1.000000000         0.1000000000    
    0.2000000000          1.000000000    
 

 INTERMEDIATE RESULTS BEFORE NEXT TEMPERATURE REDUCTION

  CURRENT TEMPERATURE:              2.8125    
  MIN FUNCTION VALUE SO FAR:   0.578119593790781261E-01
  TOTAL MOVES:                    3360
     DOWNHILL:                    2345
     ACCEPTED UPHILL:              892
     REJECTED UPHILL:              123
  TRIALS OUT OF BOUNDS:           1634
  NEW MINIMA THIS TEMPERATURE:       0

                         CURRENT OPTIMAL X
    0.9412782192         0.5305663943E-01     0.1872706294         0.3918573260         0.1619356871E-01     0.2141644597         0.2585397959         0.9044663906         0.3958803415E-01     0.2705600739    
    0.5852959156         0.9703898430E-02     0.2372552633         0.4694670439         0.9435009956         0.4262647629E-01     0.2308420897         0.1681752801         0.5900478363E-02     0.2000161886    
    0.9630874991         0.1090250015         0.4060617089E-01     0.2500766397         0.6568419933         0.6850572228E-01     0.1397583723         0.8795107007         0.9121665955         0.5603795052E-01
    0.1375734210         0.3539998531         0.5437217355E-01     0.2838306308         0.5370807648E-01     0.1451960802         0.7721936703E-01     0.2401066899         0.4926851988         0.9795522690E-01
    0.2658079982         0.4080727100    

                         STEP LENGTH (VM)
     1.000000000         0.1000000000         0.2000000000          1.000000000         0.1000000000         0.2000000000          1.000000000          1.000000000         0.1000000000         0.2000000000    
     1.000000000         0.1000000000         0.2000000000          1.000000000         0.3790263098         0.1000000000         0.2000000000          1.000000000         0.1000000000         0.2000000000    
     1.000000000          1.000000000         0.1000000000         0.2000000000          1.000000000         0.1000000000         0.2000000000          1.000000000          1.000000000         0.1000000000    
    0.2000000000          1.000000000         0.1000000000         0.2000000000          1.000000000          1.000000000         0.1000000000         0.2000000000          1.000000000         0.1000000000    
    0.2000000000          1.000000000    
 

 INTERMEDIATE RESULTS BEFORE NEXT TEMPERATURE REDUCTION

  CURRENT TEMPERATURE:              2.1094    
  MIN FUNCTION VALUE SO FAR:   0.575502440540159935E-01
  TOTAL MOVES:                    3360
     DOWNHILL:                    2370
     ACCEPTED UPHILL:              841
     REJECTED UPHILL:              149
  TRIALS OUT OF BOUNDS:           1687
  NEW MINIMA THIS TEMPERATURE:       0

                         CURRENT OPTIMAL X
    0.9460766912         0.5305663943E-01     0.1872706294         0.3918573260         0.1619356871E-01     0.2141644597         0.2585397959         0.9044663906         0.3958803415E-01     0.2705600739    
    0.5852959156         0.9703898430E-02     0.2372552633         0.4694670439         0.9435009956         0.4262647629E-01     0.2308420897         0.1681752801         0.5900478363E-02     0.2000161886    
    0.9630874991         0.1090250015         0.4060617089E-01     0.2500766397         0.6568419933         0.6850572228E-01     0.1397583723         0.8795107007         0.9121665955         0.5603795052E-01
    0.1375734210         0.3539998531         0.5437217355E-01     0.2838306308         0.5370807648E-01     0.1451960802         0.7721936703E-01     0.2401066899         0.4926851988         0.9795522690E-01
    0.2658079982         0.4080727100    

                         STEP LENGTH (VM)
     1.000000000         0.1000000000         0.2000000000          1.000000000         0.1000000000         0.2000000000          1.000000000          1.000000000         0.1000000000         0.2000000000    
     1.000000000         0.1000000000         0.2000000000          1.000000000         0.2698340919         0.1000000000         0.2000000000          1.000000000         0.1000000000         0.2000000000    
     1.000000000          1.000000000         0.1000000000         0.2000000000          1.000000000         0.1000000000         0.2000000000          1.000000000          1.000000000         0.1000000000    
    0.2000000000          1.000000000         0.1000000000         0.2000000000          1.000000000          1.000000000         0.1000000000         0.2000000000          1.000000000         0.1000000000    
    0.2000000000          1.000000000    
 

 INTERMEDIATE RESULTS BEFORE NEXT TEMPERATURE REDUCTION

  CURRENT TEMPERATURE:              1.5820    
  MIN FUNCTION VALUE SO FAR:   0.575502440540159935E-01
  TOTAL MOVES:                    3360
     DOWNHILL:                    2354
     ACCEPTED UPHILL:              877
     REJECTED UPHILL:              129
  TRIALS OUT OF BOUNDS:           1691
  NEW MINIMA THIS TEMPERATURE:       0

                         CURRENT OPTIMAL X
    0.9460766912         0.5305663943E-01     0.1872706294         0.3918573260         0.1619356871E-01     0.2141644597         0.2585397959         0.9044663906         0.3958803415E-01     0.2705600739    
    0.5852959156         0.9703898430E-02     0.2372552633         0.4694670439         0.9435009956         0.4262647629E-01     0.2308420897         0.1681752801         0.5900478363E-02     0.2000161886    
    0.9630874991         0.1090250015         0.4060617089E-01     0.2500766397         0.6568419933         0.6850572228E-01     0.1397583723         0.8795107007         0.9121665955         0.5603795052E-01
    0.1375734210         0.3539998531         0.5437217355E-01     0.2838306308         0.5370807648E-01     0.1451960802         0.7721936703E-01     0.2401066899         0.4926851988         0.9795522690E-01
    0.2658079982         0.4080727100    

                         STEP LENGTH (VM)
     1.000000000         0.1000000000         0.2000000000          1.000000000         0.1000000000         0.2000000000          1.000000000          1.000000000         0.1000000000         0.2000000000    
     1.000000000         0.1000000000         0.2000000000          1.000000000         0.3248794354         0.1000000000         0.2000000000          1.000000000         0.1000000000         0.2000000000    
     1.000000000          1.000000000         0.1000000000         0.2000000000          1.000000000         0.1000000000         0.2000000000          1.000000000          1.000000000         0.1000000000    
    0.2000000000          1.000000000         0.1000000000         0.2000000000          1.000000000          1.000000000         0.1000000000         0.2000000000          1.000000000         0.1000000000    
    0.2000000000          1.000000000    
 

 INTERMEDIATE RESULTS BEFORE NEXT TEMPERATURE REDUCTION

  CURRENT TEMPERATURE:              1.1865    
  MIN FUNCTION VALUE SO FAR:   0.565178475000228386E-01
  TOTAL MOVES:                    3360
     DOWNHILL:                    2338
     ACCEPTED UPHILL:              872
     REJECTED UPHILL:              150
  TRIALS OUT OF BOUNDS:           1693
  NEW MINIMA THIS TEMPERATURE:       0

                         CURRENT OPTIMAL X
    0.9393479824         0.4569515586E-01     0.2536727786         0.4812735319         0.8547528386E-01     0.2140612245         0.7696839571         0.9044663906         0.2339519262E-01     0.2705600739    
    0.5852959156         0.9703898430E-02     0.2372552633         0.4694670439         0.9435009956         0.4262647629E-01     0.2308420897         0.1681752801         0.5900478363E-02     0.2000161886    
    0.9630874991         0.1090250015         0.4060617089E-01     0.2500766397         0.6568419933         0.6850572228E-01     0.1397583723         0.8795107007         0.9121665955         0.5603795052E-01
    0.1375734210         0.3539998531         0.5437217355E-01     0.2838306308         0.5370807648E-01     0.1451960802         0.7721936703E-01     0.2401066899         0.4926851988         0.9795522690E-01
    0.2658079982         0.4080727100    

                         STEP LENGTH (VM)
     1.000000000         0.1000000000         0.2000000000          1.000000000         0.1000000000         0.2000000000          1.000000000         0.8888888668         0.1000000000         0.2000000000    
     1.000000000         0.1000000000         0.2000000000          1.000000000         0.2968033507         0.1000000000         0.2000000000          1.000000000         0.1000000000         0.2000000000    
     1.000000000          1.000000000         0.1000000000         0.2000000000          1.000000000         0.1000000000         0.2000000000          1.000000000          1.000000000         0.1000000000    
    0.2000000000          1.000000000         0.1000000000         0.2000000000          1.000000000          1.000000000         0.1000000000         0.2000000000          1.000000000         0.1000000000    
    0.2000000000          1.000000000    
 

 INTERMEDIATE RESULTS BEFORE NEXT TEMPERATURE REDUCTION

  CURRENT TEMPERATURE:             0.88989    
  MIN FUNCTION VALUE SO FAR:   0.543481927049248650E-01
  TOTAL MOVES:                    3360
     DOWNHILL:                    2320
     ACCEPTED UPHILL:              889
     REJECTED UPHILL:              151
  TRIALS OUT OF BOUNDS:           1635
  NEW MINIMA THIS TEMPERATURE:       0

                         CURRENT OPTIMAL X
    0.9894836545         0.2972619534E-01     0.2716497183         0.1999492049         0.8547528386E-01     0.2140612245         0.7696839571         0.9044663906         0.2339519262E-01     0.2705600739    
    0.5852959156         0.9703898430E-02     0.2372552633         0.4694670439         0.9435009956         0.4262647629E-01     0.2308420897         0.1681752801         0.5900478363E-02     0.2000161886    
    0.9630874991         0.1090250015         0.4060617089E-01     0.2500766397         0.6568419933         0.6850572228E-01     0.1397583723         0.8795107007         0.9121665955         0.5603795052E-01
    0.1375734210         0.3539998531         0.5437217355E-01     0.2838306308         0.5370807648E-01     0.1451960802         0.7721936703E-01     0.2401066899         0.4926851988         0.9795522690E-01
    0.2658079982         0.4080727100    

                         STEP LENGTH (VM)
     1.000000000         0.1000000000         0.2000000000          1.000000000         0.1000000000         0.2000000000          1.000000000         0.8888888668         0.1000000000         0.2000000000    
     1.000000000         0.1000000000         0.2000000000          1.000000000         0.1315592517         0.1000000000         0.2000000000          1.000000000         0.1000000000         0.2000000000    
     1.000000000          1.000000000         0.1000000000         0.2000000000          1.000000000         0.1000000000         0.2000000000          1.000000000          1.000000000         0.1000000000    
    0.2000000000          1.000000000         0.1000000000         0.2000000000          1.000000000          1.000000000         0.1000000000         0.2000000000          1.000000000         0.1000000000    
    0.2000000000          1.000000000    
 

 INTERMEDIATE RESULTS BEFORE NEXT TEMPERATURE REDUCTION

  CURRENT TEMPERATURE:             0.66742    
  MIN FUNCTION VALUE SO FAR:   0.523641287654911455E-01
  TOTAL MOVES:                    3360
     DOWNHILL:                    2369
     ACCEPTED UPHILL:              864
     REJECTED UPHILL:              127
  TRIALS OUT OF BOUNDS:           1612
  NEW MINIMA THIS TEMPERATURE:       0

                         CURRENT OPTIMAL X
    0.9894836545         0.4140627384E-01     0.1581135273         0.3648793101         0.3394926190E-01     0.1008985281         0.7042674422         0.9044663906         0.6211483479E-02     0.2705600739    
    0.5852959156         0.9703898430E-02     0.2372552633         0.4694670439         0.9435009956         0.4262647629E-01     0.2308420897         0.1681752801         0.5900478363E-02     0.2000161886    
    0.9630874991         0.1090250015         0.4060617089E-01     0.2500766397         0.6568419933         0.6850572228E-01     0.1397583723         0.8795107007         0.9121665955         0.5603795052E-01
    0.1375734210         0.3539998531         0.5437217355E-01     0.2838306308         0.5370807648E-01     0.1451960802         0.7721936703E-01     0.2401066899         0.4926851988         0.9795522690E-01
    0.2658079982         0.4080727100    

                         STEP LENGTH (VM)
     1.000000000         0.1000000000         0.2000000000          1.000000000         0.1000000000         0.2000000000          1.000000000          1.000000000         0.1000000000         0.2000000000    
     1.000000000         0.1000000000         0.2000000000          1.000000000         0.1954819867         0.1000000000         0.2000000000          1.000000000         0.1000000000         0.2000000000    
     1.000000000          1.000000000         0.1000000000         0.2000000000          1.000000000         0.1000000000         0.2000000000          1.000000000          1.000000000         0.1000000000    
    0.2000000000          1.000000000         0.1000000000         0.2000000000          1.000000000          1.000000000         0.1000000000         0.2000000000          1.000000000         0.1000000000    
    0.2000000000          1.000000000    
 

 INTERMEDIATE RESULTS BEFORE NEXT TEMPERATURE REDUCTION

  CURRENT TEMPERATURE:             0.50056    
  MIN FUNCTION VALUE SO FAR:   0.518561783582796240E-01
  TOTAL MOVES:                    3360
     DOWNHILL:                    2336
     ACCEPTED UPHILL:              844
     REJECTED UPHILL:              180
  TRIALS OUT OF BOUNDS:           1606
  NEW MINIMA THIS TEMPERATURE:       2

                         CURRENT OPTIMAL X
    0.9894836545         0.4941543341E-01     0.1495789051         0.6892591715E-01     0.9294940829E-01     0.2643852353         0.5605258942         0.9044663906         0.2710600495E-01     0.2469076395    
    0.2991521358E-01     0.9703898430E-02     0.2372552633         0.4694670439         0.9435009956         0.4262647629E-01     0.2308420897         0.1681752801         0.5900478363E-02     0.2000161886    
    0.9630874991         0.1090250015         0.4060617089E-01     0.2500766397         0.6568419933         0.6850572228E-01     0.1397583723         0.8795107007         0.9121665955         0.5603795052E-01
    0.1375734210         0.3539998531         0.5437217355E-01     0.2838306308         0.5370807648E-01     0.1451960802         0.7721936703E-01     0.2401066899         0.4926851988         0.9795522690E-01
    0.2658079982         0.4080727100    

                         STEP LENGTH (VM)
     1.000000000         0.1000000000         0.2000000000          1.000000000         0.1000000000         0.2000000000          1.000000000         0.6808509950         0.1000000000         0.2000000000    
     1.000000000         0.1000000000         0.2000000000          1.000000000         0.1256669190         0.1000000000         0.2000000000          1.000000000         0.1000000000         0.2000000000    
     1.000000000          1.000000000         0.1000000000         0.2000000000          1.000000000         0.1000000000         0.2000000000          1.000000000          1.000000000         0.1000000000    
    0.2000000000          1.000000000         0.1000000000         0.2000000000          1.000000000          1.000000000         0.1000000000         0.2000000000          1.000000000         0.1000000000    
    0.2000000000          1.000000000    
 

 INTERMEDIATE RESULTS BEFORE NEXT TEMPERATURE REDUCTION

  CURRENT TEMPERATURE:             0.37542    
  MIN FUNCTION VALUE SO FAR:   0.517173120577872347E-01
  TOTAL MOVES:                    3360
     DOWNHILL:                    2341
     ACCEPTED UPHILL:              836
     REJECTED UPHILL:              183
  TRIALS OUT OF BOUNDS:           1634
  NEW MINIMA THIS TEMPERATURE:       0

                         CURRENT OPTIMAL X
    0.9894836545         0.3513336182E-01     0.1495789051         0.6892591715E-01     0.9294940829E-01     0.2643852353         0.5605258942         0.9044663906         0.2710600495E-01     0.2469076395    
    0.2991521358E-01     0.9703898430E-02     0.2372552633         0.4694670439         0.9435009956         0.4262647629E-01     0.2308420897         0.1681752801         0.5900478363E-02     0.2000161886    
    0.9630874991         0.1090250015         0.4060617089E-01     0.2500766397         0.6568419933         0.6850572228E-01     0.1397583723         0.8795107007         0.9121665955         0.5603795052E-01
    0.1375734210         0.3539998531         0.5437217355E-01     0.2838306308         0.5370807648E-01     0.1451960802         0.7721936703E-01     0.2401066899         0.4926851988         0.9795522690E-01
    0.2658079982         0.4080727100    

                         STEP LENGTH (VM)
     1.000000000         0.1000000000         0.2000000000          1.000000000         0.1000000000         0.2000000000          1.000000000         0.4981711895         0.1000000000         0.2000000000    
     1.000000000         0.1000000000         0.2000000000          1.000000000         0.1326415757         0.1000000000         0.2000000000          1.000000000         0.1000000000         0.2000000000    
     1.000000000          1.000000000         0.1000000000         0.2000000000          1.000000000         0.1000000000         0.2000000000          1.000000000         0.8888888668         0.1000000000    
    0.2000000000          1.000000000         0.1000000000         0.2000000000          1.000000000          1.000000000         0.1000000000         0.2000000000          1.000000000         0.1000000000    
    0.2000000000          1.000000000    
 

 INTERMEDIATE RESULTS BEFORE NEXT TEMPERATURE REDUCTION

  CURRENT TEMPERATURE:             0.28157    
  MIN FUNCTION VALUE SO FAR:   0.514698323197029656E-01
  TOTAL MOVES:                    3360
     DOWNHILL:                    2333
     ACCEPTED UPHILL:              802
     REJECTED UPHILL:              225
  TRIALS OUT OF BOUNDS:           1622
  NEW MINIMA THIS TEMPERATURE:       0

                         CURRENT OPTIMAL X
    0.9954472184         0.3513336182E-01     0.1495789051         0.6892591715E-01     0.9294940829E-01     0.2643852353         0.5605258942         0.9044663906         0.2710600495E-01     0.2469076395    
    0.2991521358E-01     0.9703898430E-02     0.2372552633         0.4694670439         0.9435009956         0.4262647629E-01     0.2308420897         0.1681752801         0.5900478363E-02     0.2000161886    
    0.9630874991         0.1090250015         0.4060617089E-01     0.2500766397         0.6568419933         0.6850572228E-01     0.1397583723         0.8795107007         0.9121665955         0.5603795052E-01
    0.1375734210         0.3539998531         0.5437217355E-01     0.2838306308         0.5370807648E-01     0.1451960802         0.7721936703E-01     0.2401066899         0.4926851988         0.9795522690E-01
    0.2658079982         0.4080727100    

                         STEP LENGTH (VM)
     1.000000000         0.1000000000         0.2000000000          1.000000000         0.1000000000         0.2000000000          1.000000000         0.7452987648         0.1000000000         0.2000000000    
     1.000000000         0.1000000000         0.2000000000          1.000000000         0.1236065750         0.1000000000         0.2000000000          1.000000000         0.1000000000         0.2000000000    
     1.000000000          1.000000000         0.1000000000         0.2000000000          1.000000000         0.1000000000         0.2000000000          1.000000000          1.000000000         0.1000000000    
    0.2000000000          1.000000000         0.1000000000         0.2000000000          1.000000000          1.000000000         0.1000000000         0.2000000000          1.000000000         0.1000000000    
    0.2000000000          1.000000000    
 

 INTERMEDIATE RESULTS BEFORE NEXT TEMPERATURE REDUCTION

  CURRENT TEMPERATURE:             0.21118    
  MIN FUNCTION VALUE SO FAR:   0.509125214941994753E-01
  TOTAL MOVES:                    3360
     DOWNHILL:                    2283
     ACCEPTED UPHILL:              833
     REJECTED UPHILL:              244
  TRIALS OUT OF BOUNDS:           1592
  NEW MINIMA THIS TEMPERATURE:       0

                         CURRENT OPTIMAL X
    0.9954472184         0.2197983265E-01     0.1960881233         0.8557463288         0.5885161757E-01     0.1778328776         0.6869812608         0.9044663906         0.3035699725E-01     0.1510233164    
    0.5195194483         0.9703898430E-02     0.2372552633         0.4694670439         0.9435009956         0.4262647629E-01     0.2308420897         0.1681752801         0.5900478363E-02     0.2000161886    
    0.9630874991         0.1090250015         0.4060617089E-01     0.2500766397         0.6568419933         0.6850572228E-01     0.1397583723         0.8795107007         0.9121665955         0.5603795052E-01
    0.1375734210         0.3539998531         0.5437217355E-01     0.2838306308         0.5370807648E-01     0.1451960802         0.7721936703E-01     0.2401066899         0.4926851988         0.9795522690E-01
    0.2658079982         0.4080727100    

                         STEP LENGTH (VM)
     1.000000000         0.1000000000         0.2000000000          1.000000000         0.1000000000         0.2000000000          1.000000000         0.2605024135         0.1000000000         0.2000000000    
     1.000000000         0.1000000000         0.2000000000          1.000000000         0.9522974779E-01     0.1000000000         0.2000000000          1.000000000         0.1000000000         0.2000000000    
     1.000000000         0.8069343394         0.1000000000         0.2000000000          1.000000000         0.1000000000         0.2000000000          1.000000000         0.5472970143         0.1000000000    
    0.2000000000          1.000000000         0.1000000000         0.2000000000          1.000000000          1.000000000         0.1000000000         0.2000000000          1.000000000         0.1000000000    
    0.2000000000          1.000000000    
 

 INTERMEDIATE RESULTS BEFORE NEXT TEMPERATURE REDUCTION

  CURRENT TEMPERATURE:             0.15838    
  MIN FUNCTION VALUE SO FAR:   0.508225266954905747E-01
  TOTAL MOVES:                    3360
     DOWNHILL:                    2328
     ACCEPTED UPHILL:              801
     REJECTED UPHILL:              231
  TRIALS OUT OF BOUNDS:           1576
  NEW MINIMA THIS TEMPERATURE:       0

                         CURRENT OPTIMAL X
    0.9954472184         0.4909216762E-01     0.1290971398         0.6685441136         0.5885161757E-01     0.1778328776         0.6869812608         0.9044663906         0.3035699725E-01     0.1510233164    
    0.5195194483         0.9703898430E-02     0.2372552633         0.4694670439         0.9435009956         0.4262647629E-01     0.2308420897         0.1681752801         0.5900478363E-02     0.2000161886    
    0.9630874991         0.1090250015         0.4060617089E-01     0.2500766397         0.6568419933         0.6850572228E-01     0.1397583723         0.8795107007         0.9121665955         0.5603795052E-01
    0.1375734210         0.3539998531         0.5437217355E-01     0.2838306308         0.5370807648E-01     0.1451960802         0.7721936703E-01     0.2401066899         0.4926851988         0.9795522690E-01
    0.2658079982         0.4080727100    

                         STEP LENGTH (VM)
     1.000000000         0.1000000000         0.2000000000          1.000000000         0.1000000000         0.2000000000          1.000000000         0.4288652153         0.1000000000         0.2000000000    
     1.000000000         0.1000000000         0.2000000000          1.000000000         0.1253300678         0.1000000000         0.2000000000          1.000000000         0.1000000000         0.2000000000    
     1.000000000          1.000000000         0.1000000000         0.2000000000          1.000000000         0.1000000000         0.2000000000          1.000000000         0.3910584100         0.1000000000    
    0.2000000000          1.000000000         0.1000000000         0.2000000000          1.000000000         0.7258686584         0.1000000000         0.2000000000          1.000000000         0.1000000000    
    0.2000000000          1.000000000    
 

 INTERMEDIATE RESULTS BEFORE NEXT TEMPERATURE REDUCTION

  CURRENT TEMPERATURE:             0.11879    
  MIN FUNCTION VALUE SO FAR:   0.497259853268650909E-01
  TOTAL MOVES:                    3360
     DOWNHILL:                    2295
     ACCEPTED UPHILL:              792
     REJECTED UPHILL:              273
  TRIALS OUT OF BOUNDS:           1573
  NEW MINIMA THIS TEMPERATURE:       0

                         CURRENT OPTIMAL X
    0.8619071245         0.2361827493E-01     0.1970176697         0.7426074147         0.6206107140E-01     0.2077912688         0.3964014649         0.6657186415         0.4595012069E-01     0.2331358194    
    0.6551451683         0.5335313082E-01     0.2018190742         0.1547235847         0.9408223936         0.7114910483E-01     0.1882788301         0.9360355139E-01     0.8180899024E-01     0.2918602109    
    0.4736814499         0.1192241848         0.8314713240E-01     0.1000231147         0.9291182160         0.9904163480E-01     0.2383749604         0.1667736769         0.7397329882         0.9565377235E-01
    0.1171738148         0.4457582831         0.5072705746E-01     0.2059988141         0.8494340181         0.4147672653E-01     0.9951462150E-01     0.2011220098         0.1845103502E-01     0.4193504453E-01
    0.2749422550         0.3760979772    

                         STEP LENGTH (VM)
     1.000000000         0.1000000000         0.2000000000          1.000000000         0.1000000000         0.2000000000          1.000000000         0.1688085592         0.1000000000         0.2000000000    
     1.000000000         0.1000000000         0.2000000000          1.000000000         0.2886007436E-01     0.1000000000         0.2000000000          1.000000000         0.1000000000         0.2000000000    
     1.000000000         0.5609931730         0.1000000000         0.2000000000          1.000000000         0.1000000000         0.2000000000          1.000000000         0.2338259226         0.1000000000    
    0.2000000000          1.000000000         0.1000000000         0.2000000000          1.000000000         0.5714285653         0.1000000000         0.2000000000          1.000000000         0.1000000000    
    0.2000000000          1.000000000    
 

 INTERMEDIATE RESULTS BEFORE NEXT TEMPERATURE REDUCTION

  CURRENT TEMPERATURE:             0.89090E-01
  MIN FUNCTION VALUE SO FAR:   0.495532256944518842E-01
  TOTAL MOVES:                    3360
     DOWNHILL:                    2309
     ACCEPTED UPHILL:              765
     REJECTED UPHILL:              286
  TRIALS OUT OF BOUNDS:           1530
  NEW MINIMA THIS TEMPERATURE:       1

                         CURRENT OPTIMAL X
    0.8619071245         0.6247631907E-01     0.2359572887         0.4130479693         0.9958088398E-02     0.2427271605         0.4469028115         0.6657186415         0.5173844695E-01     0.1344798684    
    0.4971133471         0.5335313082E-01     0.2018190742         0.1547235847         0.9408223936         0.7114910483E-01     0.1882788301         0.9360355139E-01     0.8180899024E-01     0.2918602109    
    0.4736814499         0.1192241848         0.8314713240E-01     0.1000231147         0.9291182160         0.9904163480E-01     0.2383749604         0.1667736769         0.7397329882         0.9565377235E-01
    0.1171738148         0.4457582831         0.5072705746E-01     0.2059988141         0.8494340181         0.4147672653E-01     0.9951462150E-01     0.2011220098         0.1845103502E-01     0.4193504453E-01
    0.2749422550         0.3760979772    

                         STEP LENGTH (VM)
    0.8437498935         0.1000000000         0.2000000000          1.000000000         0.1000000000         0.2000000000          1.000000000         0.1119435510         0.1000000000         0.2000000000    
     1.000000000         0.1000000000         0.2000000000          1.000000000         0.5301245119E-01     0.1000000000         0.2000000000          1.000000000         0.1000000000         0.2000000000    
     1.000000000         0.4207446520         0.1000000000         0.2000000000          1.000000000         0.1000000000         0.2000000000          1.000000000         0.1264231738         0.1000000000    
    0.2000000000          1.000000000         0.1000000000         0.2000000000          1.000000000          1.000000000         0.1000000000         0.2000000000          1.000000000         0.1000000000    
    0.2000000000          1.000000000    
 

 INTERMEDIATE RESULTS BEFORE NEXT TEMPERATURE REDUCTION

  CURRENT TEMPERATURE:             0.66817E-01
  MIN FUNCTION VALUE SO FAR:   0.495203471634900264E-01
  TOTAL MOVES:                    3360
     DOWNHILL:                    2314
     ACCEPTED UPHILL:              751
     REJECTED UPHILL:              295
  TRIALS OUT OF BOUNDS:           1515
  NEW MINIMA THIS TEMPERATURE:       3

                         CURRENT OPTIMAL X
    0.8619071245         0.4172731638E-01     0.2233408570         0.9744451046         0.9958088398E-02     0.2427271605         0.4469028115         0.6657186415         0.5173844695E-01     0.1344798684    
    0.4971133471         0.5335313082E-01     0.2018190742         0.1547235847         0.9408223936         0.7114910483E-01     0.1882788301         0.9360355139E-01     0.8180899024E-01     0.2918602109    
    0.4736814499         0.1192241848         0.8314713240E-01     0.1000231147         0.9291182160         0.9904163480E-01     0.2383749604         0.1667736769         0.7397329882         0.9565377235E-01
    0.1171738148         0.4457582831         0.5072705746E-01     0.2059988141         0.8494340181         0.4147672653E-01     0.9951462150E-01     0.2011220098         0.1845103502E-01     0.4193504453E-01
    0.2749422550         0.3760979772    

                         STEP LENGTH (VM)
     1.000000000         0.1000000000         0.2000000000          1.000000000         0.1000000000         0.2000000000          1.000000000         0.2045387190         0.1000000000         0.2000000000    
     1.000000000         0.1000000000         0.2000000000          1.000000000         0.4039042495E-01     0.1000000000         0.2000000000          1.000000000         0.1000000000         0.2000000000    
     1.000000000         0.4574365581         0.1000000000         0.2000000000          1.000000000         0.1000000000         0.2000000000          1.000000000         0.2629150582         0.1000000000    
    0.2000000000          1.000000000         0.1000000000         0.2000000000          1.000000000          1.000000000         0.1000000000         0.2000000000          1.000000000         0.1000000000    
    0.2000000000          1.000000000    
 

 INTERMEDIATE RESULTS BEFORE NEXT TEMPERATURE REDUCTION

  CURRENT TEMPERATURE:             0.50113E-01
  MIN FUNCTION VALUE SO FAR:   0.493038222845339630E-01
  TOTAL MOVES:                    3360
     DOWNHILL:                    2258
     ACCEPTED UPHILL:              767
     REJECTED UPHILL:              335
  TRIALS OUT OF BOUNDS:           1465
  NEW MINIMA THIS TEMPERATURE:       0

                         CURRENT OPTIMAL X
    0.8619071245         0.1899496317E-01     0.2046413302         0.5139714479         0.3238739371E-01     0.2279741287         0.4323440790E-01     0.6657186415         0.6342925429E-01     0.1381051302    
    0.9375422001         0.5124491453E-01     0.2139160037         0.4397214055         0.9408223936         0.9100367427E-01     0.2318687797         0.5057736635         0.8967393041E-01     0.2360804200    
    0.1747970581         0.1192241848         0.9385195971E-01     0.2445275545         0.8634392619         0.7808207273E-01     0.1177053571         0.6039918065         0.7397329882         0.8684540987E-01
    0.1239130020         0.3848766685         0.3691245317E-01     0.1362362981         0.9588259459E-01     0.4147672653E-01     0.3697115779E-01     0.2011220098         0.1845103502E-01     0.4193504453E-01
    0.2749422550         0.3760979772    

                         STEP LENGTH (VM)
    0.3060641909         0.1000000000         0.2000000000          1.000000000         0.1000000000         0.2000000000          1.000000000         0.5681974756E-01     0.1000000000         0.2000000000    
     1.000000000         0.1000000000         0.2000000000          1.000000000         0.3085446558E-01     0.1000000000         0.2000000000          1.000000000         0.1000000000         0.2000000000    
     1.000000000         0.3009095356         0.1000000000         0.2000000000          1.000000000         0.1000000000         0.2000000000          1.000000000         0.5780302170E-01     0.1000000000    
    0.2000000000          1.000000000         0.1000000000         0.2000000000          1.000000000         0.1430611197         0.1000000000         0.2000000000          1.000000000         0.1000000000    
    0.2000000000          1.000000000    
 

 INTERMEDIATE RESULTS BEFORE NEXT TEMPERATURE REDUCTION

  CURRENT TEMPERATURE:             0.37585E-01
  MIN FUNCTION VALUE SO FAR:   0.493038222845339630E-01
  TOTAL MOVES:                    3360
     DOWNHILL:                    2281
     ACCEPTED UPHILL:              769
     REJECTED UPHILL:              310
  TRIALS OUT OF BOUNDS:           1526
  NEW MINIMA THIS TEMPERATURE:       0

                         CURRENT OPTIMAL X
    0.8619071245         0.1899496317E-01     0.2046413302         0.5139714479         0.3238739371E-01     0.2279741287         0.4323440790E-01     0.6657186415         0.6342925429E-01     0.1381051302    
    0.9375422001         0.5124491453E-01     0.2139160037         0.4397214055         0.9408223936         0.9100367427E-01     0.2318687797         0.5057736635         0.8967393041E-01     0.2360804200    
    0.1747970581         0.1192241848         0.9385195971E-01     0.2445275545         0.8634392619         0.7808207273E-01     0.1177053571         0.6039918065         0.7397329882         0.8684540987E-01
    0.1239130020         0.3848766685         0.3691245317E-01     0.1362362981         0.9588259459E-01     0.4147672653E-01     0.3697115779E-01     0.2011220098         0.1845103502E-01     0.4193504453E-01
    0.2749422550         0.3760979772    

                         STEP LENGTH (VM)
    0.1985280462         0.1000000000         0.2000000000          1.000000000         0.1000000000         0.2000000000          1.000000000         0.4567413107E-01     0.1000000000         0.2000000000    
     1.000000000         0.1000000000         0.2000000000          1.000000000         0.1548654030E-01     0.1000000000         0.2000000000          1.000000000         0.1000000000         0.2000000000    
     1.000000000         0.1353916481         0.1000000000         0.2000000000          1.000000000         0.1000000000         0.2000000000          1.000000000         0.5005472402E-01     0.1000000000    
    0.2000000000          1.000000000         0.1000000000         0.2000000000          1.000000000         0.1865798859         0.1000000000         0.2000000000          1.000000000         0.1000000000    
    0.2000000000          1.000000000    
 

 INTERMEDIATE RESULTS BEFORE NEXT TEMPERATURE REDUCTION

  CURRENT TEMPERATURE:             0.28189E-01
  MIN FUNCTION VALUE SO FAR:   0.493038222845339630E-01
  TOTAL MOVES:                    3360
     DOWNHILL:                    2281
     ACCEPTED UPHILL:              741
     REJECTED UPHILL:              338
  TRIALS OUT OF BOUNDS:           1449
  NEW MINIMA THIS TEMPERATURE:       0

                         CURRENT OPTIMAL X
    0.8619071245         0.1899496317E-01     0.2046413302         0.5139714479         0.3238739371E-01     0.2279741287         0.4323440790E-01     0.6657186415         0.6342925429E-01     0.1381051302    
    0.9375422001         0.5124491453E-01     0.2139160037         0.4397214055         0.9408223936         0.9100367427E-01     0.2318687797         0.5057736635         0.8967393041E-01     0.2360804200    
    0.1747970581         0.1192241848         0.9385195971E-01     0.2445275545         0.8634392619         0.7808207273E-01     0.1177053571         0.6039918065         0.7397329882         0.8684540987E-01
    0.1239130020         0.3848766685         0.3691245317E-01     0.1362362981         0.9588259459E-01     0.4147672653E-01     0.3697115779E-01     0.2011220098         0.1845103502E-01     0.4193504453E-01
    0.2749422550         0.3760979772    

                         STEP LENGTH (VM)
    0.1637778772         0.1000000000         0.2000000000          1.000000000         0.1000000000         0.2000000000          1.000000000         0.3929293267E-01     0.1000000000         0.2000000000    
     1.000000000         0.1000000000         0.2000000000          1.000000000         0.1198135413E-01     0.1000000000         0.2000000000          1.000000000         0.1000000000         0.2000000000    
     1.000000000         0.9432931175E-01     0.1000000000         0.2000000000          1.000000000         0.1000000000         0.2000000000          1.000000000         0.5200731000E-01     0.1000000000    
    0.2000000000          1.000000000         0.1000000000         0.2000000000          1.000000000         0.9477071367E-01     0.1000000000         0.2000000000          1.000000000         0.1000000000    
    0.2000000000          1.000000000    
 

 INTERMEDIATE RESULTS BEFORE NEXT TEMPERATURE REDUCTION

  CURRENT TEMPERATURE:             0.21141E-01
  MIN FUNCTION VALUE SO FAR:   0.490678787578868458E-01
  TOTAL MOVES:                    3360
     DOWNHILL:                    2280
     ACCEPTED UPHILL:              694
     REJECTED UPHILL:              386
  TRIALS OUT OF BOUNDS:           1479
  NEW MINIMA THIS TEMPERATURE:       0

                         CURRENT OPTIMAL X
    0.8747455946         0.2276767492E-01     0.1465698242         0.1373517513E-01     0.2267091870E-01     0.1266204119         0.5737399459         0.6636842461         0.6384294033E-01     0.2049217701    
    0.8295329213         0.1865510941E-01     0.1753160119         0.2072477341E-01     0.9408223936         0.9100367427E-01     0.1421878219         0.2465058565         0.6363123655E-02     0.2426874638    
    0.7727501988         0.1145400079         0.7992252111E-01     0.2900345802         0.5897176266E-01     0.8217228055E-01     0.2709278226         0.8964307904         0.7397329882         0.3372033238E-01
    0.1194333911         0.7284871936         0.9855573773E-01     0.2476606250         0.7472434640         0.4147672653E-01     0.2081376910E-01     0.2364366412         0.1189504266         0.7250673771E-01
    0.1496267676         0.2440489531    

                         STEP LENGTH (VM)
    0.1856158398         0.1000000000         0.2000000000          1.000000000         0.1000000000         0.2000000000          1.000000000         0.4207243802E-01     0.1000000000         0.2000000000    
     1.000000000         0.1000000000         0.2000000000          1.000000000         0.1938825227E-01     0.1000000000         0.2000000000          1.000000000         0.1000000000         0.2000000000    
     1.000000000         0.8934506932E-01     0.1000000000         0.2000000000          1.000000000         0.1000000000         0.2000000000          1.000000000         0.3865720272E-01     0.1000000000    
    0.2000000000          1.000000000         0.1000000000         0.2000000000          1.000000000         0.8626399205E-01     0.1000000000         0.2000000000          1.000000000         0.1000000000    
    0.2000000000          1.000000000    
 

 INTERMEDIATE RESULTS BEFORE NEXT TEMPERATURE REDUCTION

  CURRENT TEMPERATURE:             0.15856E-01
  MIN FUNCTION VALUE SO FAR:   0.489910428994028493E-01
  TOTAL MOVES:                    3360
     DOWNHILL:                    2260
     ACCEPTED UPHILL:              723
     REJECTED UPHILL:              377
  TRIALS OUT OF BOUNDS:           1499
  NEW MINIMA THIS TEMPERATURE:       0

                         CURRENT OPTIMAL X
    0.8747455946         0.2371655703E-01     0.1465698242         0.1373517513E-01     0.2267091870E-01     0.1266204119         0.5737399459         0.6636842461         0.6384294033E-01     0.2049217701    
    0.8295329213         0.1865510941E-01     0.1753160119         0.2072477341E-01     0.9408223936         0.9100367427E-01     0.1421878219         0.2465058565         0.6363123655E-02     0.2426874638    
    0.7727501988         0.1145400079         0.7992252111E-01     0.2900345802         0.5897176266E-01     0.8217228055E-01     0.2709278226         0.8964307904         0.7397329882         0.3372033238E-01
    0.1194333911         0.7284871936         0.9855573773E-01     0.2476606250         0.7472434640         0.4147672653E-01     0.2081376910E-01     0.2364366412         0.1189504266         0.7250673771E-01
    0.1496267676         0.2440489531    

                         STEP LENGTH (VM)
    0.9228821073E-01     0.1000000000         0.2000000000          1.000000000         0.1000000000         0.2000000000          1.000000000         0.2103621110E-01     0.1000000000         0.2000000000    
     1.000000000         0.1000000000         0.2000000000          1.000000000         0.1356718735E-01     0.1000000000         0.2000000000          1.000000000         0.1000000000         0.2000000000    
     1.000000000         0.4767932847E-01     0.1000000000         0.2000000000          1.000000000         0.1000000000         0.2000000000          1.000000000         0.1680697004E-01     0.1000000000    
    0.2000000000          1.000000000         0.1000000000         0.2000000000          1.000000000         0.5820849868E-01     0.1000000000         0.2000000000          1.000000000         0.1000000000    
    0.2000000000          1.000000000    
 

 INTERMEDIATE RESULTS BEFORE NEXT TEMPERATURE REDUCTION

  CURRENT TEMPERATURE:             0.11892E-01
  MIN FUNCTION VALUE SO FAR:   0.480154746815379327E-01
  TOTAL MOVES:                    3360
     DOWNHILL:                    2259
     ACCEPTED UPHILL:              735
     REJECTED UPHILL:              366
  TRIALS OUT OF BOUNDS:           1492
  NEW MINIMA THIS TEMPERATURE:       0

                         CURRENT OPTIMAL X
    0.8721200593         0.5613262057E-01     0.1639842868         0.9547864199         0.2160661817E-01     0.1008411765         0.2310395837         0.7039323765         0.9184982181E-01     0.2867148042    
    0.8000723124         0.7557464838E-01     0.1319204330         0.4050780535         0.9131570953         0.6163365245E-01     0.1427203298         0.6641917229         0.6570212245E-01     0.1899832964    
    0.2316917777         0.5699119915E-01     0.3696131110E-01     0.2338616371         0.8956966400         0.8469691873E-01     0.1028225660         0.2329365015         0.6884559604         0.2486837506E-01
    0.1018172741         0.3253948689E-01     0.9042390585E-01     0.2140009165         0.5102260113         0.3551231800E-01     0.7414860129E-01     0.1201265216         0.6905155778         0.4016160965E-01
    0.2577271581         0.1404978037    

                         STEP LENGTH (VM)
    0.1230508942         0.1000000000         0.2000000000          1.000000000         0.1000000000         0.2000000000          1.000000000         0.7186401055E-01     0.1000000000         0.2000000000    
     1.000000000         0.1000000000         0.2000000000          1.000000000         0.2848598957E-02     0.1000000000         0.2000000000          1.000000000         0.1000000000         0.2000000000    
     1.000000000         0.1470887848         0.1000000000         0.2000000000          1.000000000         0.1000000000         0.2000000000          1.000000000         0.4411826917E-01     0.1000000000    
    0.2000000000          1.000000000         0.1000000000         0.2000000000          1.000000000         0.5657969162E-01     0.1000000000         0.2000000000          1.000000000         0.1000000000    
    0.2000000000          1.000000000    
 

 INTERMEDIATE RESULTS BEFORE NEXT TEMPERATURE REDUCTION

  CURRENT TEMPERATURE:             0.89190E-02
  MIN FUNCTION VALUE SO FAR:   0.449511290539705358E-01
  TOTAL MOVES:                    3360
     DOWNHILL:                    2201
     ACCEPTED UPHILL:              661
     REJECTED UPHILL:              498
  TRIALS OUT OF BOUNDS:           1482
  NEW MINIMA THIS TEMPERATURE:       0

                         CURRENT OPTIMAL X
    0.8488411571         0.2291312218E-01     0.1017424345         0.3640705347         0.2223699689E-01     0.1742090940         0.7731361985         0.7291269051         0.4281156659E-01     0.1001606107    
    0.1929828525         0.4357616901E-01     0.1463730097         0.2337778807         0.9118703312         0.9195268154E-01     0.2147597432         0.2985330224         0.2439903617E-01     0.2039101839    
    0.2985990644         0.1156278556E-01     0.2218842506E-03     0.2934840798         0.4976906776         0.8281967640E-01     0.1567502618         0.5958106518         0.6888750535         0.2486837506E-01
    0.1014083624         0.3253948689E-01     0.7045555115E-01     0.2821264029         0.9269833565E-01     0.3551231800E-01     0.8687482476E-01     0.2345297217         0.6095449328         0.2524285913E-01
    0.2694117188         0.1667033434    

                         STEP LENGTH (VM)
    0.1200466788         0.1000000000         0.2000000000          1.000000000         0.1000000000         0.2000000000          1.000000000         0.7574850494E-01     0.1000000000         0.2000000000    
     1.000000000         0.1000000000         0.2000000000          1.000000000         0.4731898751E-02     0.1000000000         0.2000000000          1.000000000         0.1000000000         0.2000000000    
     1.000000000         0.3066714630E-01     0.1000000000         0.2000000000          1.000000000         0.1000000000         0.2000000000          1.000000000         0.3726133389E-01     0.1000000000    
    0.2000000000          1.000000000         0.1000000000         0.2000000000          1.000000000         0.3250320864E-01     0.2048364079E-01     0.7659574265E-01     0.4102563977         0.1000000000    
    0.2000000000          1.000000000    
 

 INTERMEDIATE RESULTS BEFORE NEXT TEMPERATURE REDUCTION

  CURRENT TEMPERATURE:             0.66893E-02
  MIN FUNCTION VALUE SO FAR:   0.448843945903378283E-01
  TOTAL MOVES:                    3360
     DOWNHILL:                    2200
     ACCEPTED UPHILL:              724
     REJECTED UPHILL:              436
  TRIALS OUT OF BOUNDS:           1443
  NEW MINIMA THIS TEMPERATURE:       0

                         CURRENT OPTIMAL X
    0.8488411571         0.2291312218E-01     0.1017424345         0.3682858944         0.2223699689E-01     0.1742090940         0.7731361985         0.7291269051         0.4281156659E-01     0.1001606107    
    0.1929828525         0.4357616901E-01     0.1463730097         0.2337778807         0.9118703312         0.9195268154E-01     0.2147597432         0.2985330224         0.2439903617E-01     0.2039101839    
    0.2985990644         0.1156278556E-01     0.2218842506E-03     0.2934840798         0.4976906776         0.8281967640E-01     0.1567502618         0.5958106518         0.6888750535         0.2486837506E-01
    0.1014083624         0.3253948689E-01     0.7045555115E-01     0.2821264029         0.9269833565E-01     0.3551231800E-01     0.8687482476E-01     0.2345297217         0.6095449328         0.2524285913E-01
    0.2694117188         0.1667033434    

                         STEP LENGTH (VM)
    0.1260063784         0.1000000000         0.2000000000          1.000000000         0.1000000000         0.2000000000          1.000000000         0.1980032762E-01     0.1000000000         0.2000000000    
     1.000000000         0.1000000000         0.2000000000          1.000000000         0.3323362233E-02     0.1000000000         0.2000000000          1.000000000         0.1000000000         0.2000000000    
     1.000000000         0.7747879075E-01     0.1000000000         0.2000000000          1.000000000         0.1000000000         0.2000000000          1.000000000         0.1366184375E-01     0.1000000000    
    0.2000000000          1.000000000         0.1000000000         0.2000000000          1.000000000         0.1688556618E-01     0.1000000000         0.2000000000          1.000000000         0.1000000000    
    0.2000000000          1.000000000    
 

 INTERMEDIATE RESULTS BEFORE NEXT TEMPERATURE REDUCTION

  CURRENT TEMPERATURE:             0.50170E-02
  MIN FUNCTION VALUE SO FAR:   0.448843945903378283E-01
  TOTAL MOVES:                    3360
     DOWNHILL:                    2221
     ACCEPTED UPHILL:              671
     REJECTED UPHILL:              468
  TRIALS OUT OF BOUNDS:           1458
  NEW MINIMA THIS TEMPERATURE:       0

                         CURRENT OPTIMAL X
    0.8488411571         0.2291312218E-01     0.1017424345         0.3682858944         0.2223699689E-01     0.1742090940         0.7731361985         0.7291269051         0.4281156659E-01     0.1001606107    
    0.1929828525         0.4357616901E-01     0.1463730097         0.2337778807         0.9118703312         0.9195268154E-01     0.2147597432         0.2985330224         0.2439903617E-01     0.2039101839    
    0.2985990644         0.1156278556E-01     0.2218842506E-03     0.2934840798         0.4976906776         0.8281967640E-01     0.1567502618         0.5958106518         0.6888750535         0.2486837506E-01
    0.1014083624         0.3253948689E-01     0.7045555115E-01     0.2821264029         0.9269833565E-01     0.3551231800E-01     0.8687482476E-01     0.2345297217         0.6095449328         0.2524285913E-01
    0.2694117188         0.1667033434    

                         STEP LENGTH (VM)
    0.1394112527         0.1000000000         0.2000000000          1.000000000         0.1000000000         0.2000000000          1.000000000         0.1284344877E-01     0.1000000000         0.2000000000    
     1.000000000         0.1000000000         0.2000000000          1.000000000         0.2789249165E-02     0.5106382938E-01     0.2000000000          1.000000000         0.1000000000         0.2000000000    
     1.000000000         0.7538473591E-01     0.1000000000         0.2000000000          1.000000000         0.1000000000         0.2000000000          1.000000000         0.1308490177E-01     0.1000000000    
    0.2000000000          1.000000000         0.1000000000         0.2000000000          1.000000000         0.1050302126E-01     0.1000000000         0.2000000000          1.000000000         0.1000000000    
    0.2000000000          1.000000000    
 

 INTERMEDIATE RESULTS BEFORE NEXT TEMPERATURE REDUCTION

  CURRENT TEMPERATURE:             0.37627E-02
  MIN FUNCTION VALUE SO FAR:   0.448843945903378283E-01
  TOTAL MOVES:                    3360
     DOWNHILL:                    2218
     ACCEPTED UPHILL:              640
     REJECTED UPHILL:              502
  TRIALS OUT OF BOUNDS:           1446
  NEW MINIMA THIS TEMPERATURE:       0

                         CURRENT OPTIMAL X
    0.8488411571         0.2291312218E-01     0.1017424345         0.3682858944         0.2223699689E-01     0.1742090940         0.7731361985         0.7291269051         0.4281156659E-01     0.1001606107    
    0.1929828525         0.4357616901E-01     0.1463730097         0.2337778807         0.9118703312         0.9195268154E-01     0.2147597432         0.2985330224         0.2439903617E-01     0.2039101839    
    0.2985990644         0.1156278556E-01     0.2218842506E-03     0.2934840798         0.4976906776         0.8281967640E-01     0.1567502618         0.5958106518         0.6888750535         0.2486837506E-01
    0.1014083624         0.3253948689E-01     0.7045555115E-01     0.2821264029         0.9269833565E-01     0.3551231800E-01     0.8687482476E-01     0.2345297217         0.6095449328         0.2524285913E-01
    0.2694117188         0.1667033434    

                         STEP LENGTH (VM)
    0.6085902567E-01     0.1000000000         0.2000000000          1.000000000         0.1000000000         0.2000000000          1.000000000         0.2545753764E-01     0.1000000000         0.2000000000    
     1.000000000         0.1000000000         0.2000000000          1.000000000         0.1446904854E-02     0.1000000000         0.2000000000          1.000000000         0.1000000000         0.2000000000    
     1.000000000         0.1719930023E-01     0.1000000000         0.2000000000          1.000000000         0.1000000000         0.2000000000          1.000000000         0.1448285047E-01     0.1000000000    
    0.2000000000          1.000000000         0.1000000000         0.2000000000          1.000000000         0.1432296500E-01     0.1000000000         0.2000000000          1.000000000         0.1000000000    
    0.2000000000          1.000000000    
 

 INTERMEDIATE RESULTS BEFORE NEXT TEMPERATURE REDUCTION

  CURRENT TEMPERATURE:             0.28220E-02
  MIN FUNCTION VALUE SO FAR:   0.439340945289355342E-01
  TOTAL MOVES:                    3360
     DOWNHILL:                    2088
     ACCEPTED UPHILL:              621
     REJECTED UPHILL:              651
  TRIALS OUT OF BOUNDS:           1289
  NEW MINIMA THIS TEMPERATURE:       0

                         CURRENT OPTIMAL X
    0.8878001031         0.6485772133E-01     0.1259572268         0.8123919368         0.1410750151E-01     0.1144997239         0.7561091185         0.7236869472         0.7455077767E-01     0.2257528901    
    0.9007380009         0.9701091051E-01     0.2086591363         0.8447677493         0.9111058207         0.7789767981E-01     0.2752925515         0.5390789509         0.3936380744E-01     0.1741113186    
    0.1856455803         0.2365010842E-01     0.7201181650E-01     0.1465404391         0.4226248264         0.9604902267E-01     0.2649639368         0.8338188529         0.6862565772         0.2486837506E-01
    0.1014083624         0.3253948689E-01     0.1695497632E-01     0.2659323335         0.9646027088         0.2751991617E-01     0.8579296176E-01     0.1737360477         0.6023177505         0.2952992320E-01
    0.2622496009         0.4601081014    

                         STEP LENGTH (VM)
    0.6085900367E-01     0.1000000000         0.2000000000          1.000000000         0.1000000000         0.2000000000          1.000000000         0.6390514968E-02     0.1000000000         0.2000000000    
     1.000000000         0.1000000000         0.2000000000          1.000000000         0.1286137329E-02     0.8936169476E-01     0.2000000000          1.000000000         0.1000000000         0.2000000000    
     1.000000000         0.3057651762E-01     0.1000000000         0.2000000000          1.000000000         0.1000000000         0.2000000000          1.000000000         0.9569021532E-02     0.4249182538E-01
    0.6225604954E-01     0.9070367153         0.1000000000         0.2000000000          1.000000000         0.4216995384E-02     0.4386912957E-02     0.3543114925E-01     0.3936168380         0.1000000000    
    0.2000000000          1.000000000    
 

 INTERMEDIATE RESULTS BEFORE NEXT TEMPERATURE REDUCTION

  CURRENT TEMPERATURE:             0.21165E-02
  MIN FUNCTION VALUE SO FAR:   0.436216536922116385E-01
  TOTAL MOVES:                    3360
     DOWNHILL:                    2205
     ACCEPTED UPHILL:              654
     REJECTED UPHILL:              501
  TRIALS OUT OF BOUNDS:           1393
  NEW MINIMA THIS TEMPERATURE:       0

                         CURRENT OPTIMAL X
    0.8766466469         0.2980444431E-01     0.2455686450         0.8878301978         0.9893239141E-01     0.1227089286         0.3470201492         0.7192072687         0.6814423203E-01     0.2747494340    
    0.3830040693         0.8476883173E-02     0.2947106957         0.6777359247         0.9107884872         0.8065521717E-01     0.1665321231         0.7714536190         0.8976341486E-01     0.2793050885    
    0.9233463407         0.2368686830E-01     0.6357127428E-01     0.2479614735         0.9297944307         0.5511045456E-01     0.1814965487         0.7704986930         0.6882635409         0.2475232663E-01
    0.1014083624         0.3253948689E-01     0.1876825094E-01     0.2109376431         0.3991787434         0.2364280015E-01     0.8508097943E-01     0.1670448905         0.7259201305         0.8825097680E-01
    0.1613845825         0.4299652576    

                         STEP LENGTH (VM)
    0.6889811998E-01     0.1000000000         0.2000000000          1.000000000         0.1000000000         0.2000000000          1.000000000         0.8836264354E-02     0.1000000000         0.2000000000    
     1.000000000         0.1000000000         0.2000000000          1.000000000         0.1105363333E-02     0.1000000000         0.2000000000          1.000000000         0.1000000000         0.2000000000    
     1.000000000         0.1658502046E-01     0.1000000000         0.2000000000          1.000000000         0.1000000000         0.2000000000          1.000000000         0.8007556745E-02     0.1000000000    
    0.2000000000          1.000000000         0.1000000000         0.2000000000          1.000000000         0.6663890339E-02     0.9999998882E-01     0.2000000000          1.000000000         0.1000000000    
    0.2000000000          1.000000000    
 

 INTERMEDIATE RESULTS BEFORE NEXT TEMPERATURE REDUCTION

  CURRENT TEMPERATURE:             0.15874E-02
  MIN FUNCTION VALUE SO FAR:   0.435401401891269205E-01
  TOTAL MOVES:                    3360
     DOWNHILL:                    2032
     ACCEPTED UPHILL:              604
     REJECTED UPHILL:              724
  TRIALS OUT OF BOUNDS:           1260
  NEW MINIMA THIS TEMPERATURE:       3

                         CURRENT OPTIMAL X
    0.8766466469         0.6499252319E-01     0.1584383607         0.8958643079         0.3074261546E-01     0.2474878669         0.9557795525         0.7192072687         0.9659125209E-01     0.1880641699    
    0.3240770102         0.1591633558E-01     0.1861523271         0.6434960365         0.9107884872         0.6395283937E-01     0.2680220366         0.3020020127         0.8859640360E-01     0.1130072713    
    0.5785284638         0.2368686830E-01     0.4401110411E-01     0.2479614735         0.2732549906         0.1233073473E-01     0.1315681934         0.5015515685         0.6882635409         0.2475232663E-01
    0.1014083624         0.3253948689E-01     0.4138067961E-01     0.1548468351         0.9062340260         0.2200989437E-01     0.8508097943E-01     0.1670448905         0.7259201305         0.8825097680E-01
    0.1613845825         0.4299652576    

                         STEP LENGTH (VM)
    0.3250618778E-01     0.1000000000         0.2000000000          1.000000000         0.1000000000         0.2000000000          1.000000000         0.6768199419E-02     0.2624907835E-01     0.1432208470    
    0.2997531435         0.1000000000         0.2000000000          1.000000000         0.6714218798E-03     0.1000000000         0.2000000000          1.000000000         0.1000000000         0.2000000000    
     1.000000000         0.1275004142E-01     0.1000000000         0.2000000000          1.000000000         0.1000000000         0.2000000000          1.000000000         0.3066722966E-02     0.5452088998E-03
    0.7357940148E-03     0.1054272155E-01     0.1000000000         0.2000000000          1.000000000         0.4663145034E-02     0.3809522326E-01     0.2000000000          1.000000000         0.1000000000    
    0.2000000000          1.000000000    
 

 INTERMEDIATE RESULTS BEFORE NEXT TEMPERATURE REDUCTION

  CURRENT TEMPERATURE:             0.11905E-02
  MIN FUNCTION VALUE SO FAR:   0.425811095710670121E-01
  TOTAL MOVES:                    3360
     DOWNHILL:                    2053
     ACCEPTED UPHILL:              614
     REJECTED UPHILL:              693
  TRIALS OUT OF BOUNDS:           1276
  NEW MINIMA THIS TEMPERATURE:       6

                         CURRENT OPTIMAL X
    0.8809420573         0.8602794409E-01     0.2945603848         0.7444602251         0.9323187470E-01     0.2585166812         0.4450056553         0.7088246016         0.3399112225E-01     0.2036863089    
    0.9903788567         0.5800567865E-01     0.2839518547         0.9422917962         0.9092756168         0.8195881248E-01     0.1717914104         0.1136226058         0.8367564082E-01     0.1734408379    
    0.5272200704         0.2206990618E-01     0.8861425519E-01     0.1284015059         0.5997120142         0.7096914649E-01     0.1626981854         0.4241108894E-02     0.6939565024         0.2368345253E-01
    0.1003583888         0.4087454452E-01     0.9040781260E-01     0.2450341344         0.2127134800E-01     0.1142649539E-01     0.4579359753E-01     0.2446754321         0.2423454041         0.9555656910E-01
    0.2108088851         0.6681669354    

                         STEP LENGTH (VM)
    0.3656944486E-01     0.1000000000         0.2000000000          1.000000000         0.1000000000         0.2000000000          1.000000000         0.4711078328E-02     0.8888887675E-01     0.2000000000    
     1.000000000         0.1000000000         0.2000000000          1.000000000         0.5822483281E-03     0.1000000000         0.2000000000          1.000000000         0.1000000000         0.2000000000    
     1.000000000         0.1495416631E-01     0.1000000000         0.2000000000          1.000000000         0.1000000000         0.2000000000          1.000000000         0.3426750957E-02     0.3621432041E-03
    0.3513438882E-03     0.5871380906E-02     0.1000000000         0.2000000000          1.000000000         0.4366765602E-02     0.4895078757E-01     0.2000000000          1.000000000         0.1000000000    
    0.2000000000          1.000000000    
 

 INTERMEDIATE RESULTS BEFORE NEXT TEMPERATURE REDUCTION

  CURRENT TEMPERATURE:             0.89291E-03
  MIN FUNCTION VALUE SO FAR:   0.420155221036788568E-01
  TOTAL MOVES:                    3360
     DOWNHILL:                    2038
     ACCEPTED UPHILL:              562
     REJECTED UPHILL:              760
  TRIALS OUT OF BOUNDS:           1286
  NEW MINIMA THIS TEMPERATURE:      12

                         CURRENT OPTIMAL X
    0.9053144791         0.2194846272E-01     0.1276809931         0.3822750449         0.4137482643E-01     0.1490590930         0.3648716211E-01     0.6944743678         0.3164784734E-01     0.1054033518    
    0.9981048703         0.2139074206E-01     0.1063336015         0.5575588346         0.9099806203         0.3342637265E-01     0.2876797795         0.7911456227         0.6826685667E-01     0.2884365439    
    0.1894579530         0.2046763540E-01     0.7711489797E-01     0.1381608129         0.1720399261         0.8027346730E-01     0.1515822649         0.8585057855         0.6893271118         0.2305237629E-01
    0.1014274307         0.3853005218E-01     0.5125029683E-01     0.2192039371         0.9566687942         0.1220702459E-01     0.7141023874E-01     0.2189684749         0.6233028479         0.5965507030E-02
    0.2198377252         0.5796850920    

                         STEP LENGTH (VM)
    0.2231510603E-01     0.1000000000         0.2000000000          1.000000000         0.1000000000         0.2000000000          1.000000000         0.3020306248E-02     0.3322196846E-02     0.1052829960E-01
    0.3366273144E-01     0.1000000000         0.2000000000          1.000000000         0.3275145856E-03     0.4175194227E-02     0.2840236530E-01     0.3739955974         0.1000000000         0.2000000000    
     1.000000000         0.5090778698E-02     0.1000000000         0.2000000000          1.000000000         0.1000000000         0.2000000000          1.000000000         0.2341669695E-02     0.3248049488E-03
    0.4279742417E-03     0.6551057147E-02     0.1000000000         0.2000000000          1.000000000         0.1132615717E-02     0.5765765541E-01     0.2000000000          1.000000000         0.1000000000    
    0.2000000000          1.000000000    
 

 INTERMEDIATE RESULTS BEFORE NEXT TEMPERATURE REDUCTION

  CURRENT TEMPERATURE:             0.66968E-03
  MIN FUNCTION VALUE SO FAR:   0.412993907573984340E-01
  TOTAL MOVES:                    3360
     DOWNHILL:                    2011
     ACCEPTED UPHILL:              587
     REJECTED UPHILL:              762
  TRIALS OUT OF BOUNDS:           1184
  NEW MINIMA THIS TEMPERATURE:       4

                         CURRENT OPTIMAL X
    0.9031791995         0.6845384836E-01     0.2053684592         0.4256411791         0.1397258043E-02     0.1497879028         0.6619066000E-01     0.6864888037         0.3035722034E-01     0.1046570321    
    0.9428540930         0.7360600829E-01     0.2540513635         0.3025120497         0.9102065606         0.7882958569E-01     0.2192038417         0.4914703369         0.4540382028E-01     0.1778870821    
    0.5831694603         0.2772418905E-01     0.9519785643E-02     0.2905341864         0.1712977886E-02     0.4840868711E-01     0.1569710255         0.7910620570         0.6948422986         0.2250899853E-01
    0.1011664965         0.3179617339E-01     0.2646773458E-01     0.2343168378         0.3513114452         0.1126195597E-01     0.9042546592E-01     0.2521907210         0.3841536641         0.7832612395E-01
    0.2517642617         0.7853755951    

                         STEP LENGTH (VM)
    0.2060941853E-01     0.1000000000         0.2000000000          1.000000000         0.1000000000         0.2000000000          1.000000000         0.2277277830E-02     0.3203544796E-02     0.4471839419E-02
    0.1783073719E-01     0.1000000000         0.2000000000          1.000000000         0.4100295398E-03     0.5273580305E-01     0.2000000000          1.000000000         0.1000000000         0.2000000000    
     1.000000000         0.9385463448E-02     0.1000000000         0.2000000000          1.000000000         0.1000000000         0.2000000000          1.000000000         0.1456546092E-02     0.1459352641E-03
    0.4212868826E-03     0.3175344802E-02     0.1000000000         0.2000000000          1.000000000         0.1566085376E-02     0.1995841870E-01     0.1777777734          1.000000000         0.1000000000    
    0.2000000000          1.000000000    
 

 INTERMEDIATE RESULTS BEFORE NEXT TEMPERATURE REDUCTION

  CURRENT TEMPERATURE:             0.50226E-03
  MIN FUNCTION VALUE SO FAR:   0.409210602584313757E-01
  TOTAL MOVES:                    3360
     DOWNHILL:                    2037
     ACCEPTED UPHILL:              583
     REJECTED UPHILL:              740
  TRIALS OUT OF BOUNDS:           1175
  NEW MINIMA THIS TEMPERATURE:       4

                         CURRENT OPTIMAL X
    0.9154153364         0.7646477818E-01     0.1364085078         0.6653841138         0.1206982136E-01     0.2219352961         0.2320791483         0.6831624048         0.2486548728E-01     0.1116737469    
    0.9864685655         0.4046094418E-02     0.1531618237         0.2568697333         0.9101875620         0.7722362280E-01     0.2133327603         0.6141424179         0.7863627672E-01     0.2793160915    
    0.9965441227         0.3415310245E-01     0.8279783726E-01     0.2104423881         0.1104789972         0.7017659545E-01     0.2636761546         0.9839873910         0.6968259404         0.2269927679E-01
    0.1016590443         0.2217264984E-01     0.4152806401E-01     0.1053686380         0.2126948833         0.1142969902E-01     0.8318919539E-01     0.1698518991         0.1011734009         0.9669747353E-01
    0.1328209519         0.5652058125E-01

                         STEP LENGTH (VM)
    0.2644750397E-01     0.1000000000         0.2000000000          1.000000000         0.1000000000         0.2000000000          1.000000000         0.1188842946E-02     0.1552781338E-02     0.5347703363E-02
    0.2443470297E-01     0.1000000000         0.2000000000          1.000000000         0.2101452328E-03     0.1000000000         0.2000000000          1.000000000         0.1000000000         0.2000000000    
     1.000000000         0.8788945301E-02     0.1000000000         0.2000000000          1.000000000         0.1000000000         0.2000000000          1.000000000         0.1263097982E-02     0.1390328763E-03
    0.2853158878E-03     0.1992895977E-02     0.1000000000         0.2000000000          1.000000000         0.1116273887E-02     0.5292710924E-01     0.2000000000          1.000000000         0.1000000000    
    0.2000000000          1.000000000    
 

 INTERMEDIATE RESULTS BEFORE NEXT TEMPERATURE REDUCTION

  CURRENT TEMPERATURE:             0.37670E-03
  MIN FUNCTION VALUE SO FAR:   0.409151638302472503E-01
  TOTAL MOVES:                    3360
     DOWNHILL:                    2002
     ACCEPTED UPHILL:              574
     REJECTED UPHILL:              784
  TRIALS OUT OF BOUNDS:           1160
  NEW MINIMA THIS TEMPERATURE:       0

                         CURRENT OPTIMAL X
    0.9154153364         0.9725494981E-01     0.1297519088         0.9540950656         0.1206982136E-01     0.2219352961         0.2320791483         0.6831624048         0.2486548728E-01     0.1116737469    
    0.9864685655         0.4046094418E-02     0.1531618237         0.2568697333         0.9101875620         0.7722362280E-01     0.2133327603         0.6141424179         0.7863627672E-01     0.2793160915    
    0.9965441227         0.3415310245E-01     0.8279783726E-01     0.2104423881         0.1104789972         0.7017659545E-01     0.2636761546         0.9839873910         0.6968259404         0.2269927679E-01
    0.1016590443         0.2217264984E-01     0.4152806401E-01     0.1053686380         0.2126948833         0.1142969902E-01     0.8318919539E-01     0.1698518991         0.1011734009         0.9669747353E-01
    0.1328209519         0.5652058125E-01

                         STEP LENGTH (VM)
    0.7724450116E-02     0.1000000000         0.2000000000          1.000000000         0.1000000000         0.2000000000          1.000000000         0.1102807539E-02     0.2014417920E-02     0.4178606977E-02
    0.1827693332E-01     0.1000000000         0.2000000000          1.000000000         0.1234185956E-03     0.4707115938E-01     0.2000000000          1.000000000         0.1000000000         0.2000000000    
     1.000000000         0.6304088672E-02     0.1000000000         0.2000000000          1.000000000         0.1000000000         0.2000000000          1.000000000         0.7971629785E-03     0.9136560474E-04
    0.1550156466E-03     0.1655231238E-02     0.1000000000         0.2000000000          1.000000000         0.1078508738E-02     0.4747014817E-01     0.2000000000          1.000000000         0.1000000000    
    0.2000000000          1.000000000    
 

 INTERMEDIATE RESULTS BEFORE NEXT TEMPERATURE REDUCTION

  CURRENT TEMPERATURE:             0.28252E-03
  MIN FUNCTION VALUE SO FAR:   0.409109669629247052E-01
  TOTAL MOVES:                    3360
     DOWNHILL:                    2033
     ACCEPTED UPHILL:              588
     REJECTED UPHILL:              739
  TRIALS OUT OF BOUNDS:           1155
  NEW MINIMA THIS TEMPERATURE:       3

                         CURRENT OPTIMAL X
    0.9154153364         0.4964551926E-01     0.1526998162         0.9540950656         0.1206982136E-01     0.2219352961         0.2320791483         0.6831624048         0.2486548728E-01     0.1116737469    
    0.9864685655         0.4046094418E-02     0.1531618237         0.2568697333         0.9101875620         0.7722362280E-01     0.2133327603         0.6141424179         0.7863627672E-01     0.2793160915    
    0.9965441227         0.3415310245E-01     0.8279783726E-01     0.2104423881         0.1104789972         0.7017659545E-01     0.2636761546         0.9839873910         0.6968259404         0.2269927679E-01
    0.1016590443         0.2217264984E-01     0.4152806401E-01     0.1053686380         0.2126948833         0.1142969902E-01     0.8318919539E-01     0.1698518991         0.1011734009         0.9669747353E-01
    0.1328209519         0.5652058125E-01

                         STEP LENGTH (VM)
    0.1152477403E-01     0.1000000000         0.2000000000          1.000000000         0.1000000000         0.2000000000          1.000000000         0.7337715517E-03     0.9449871444E-03     0.2294075765E-02
    0.9949986982E-02     0.1000000000         0.2000000000          1.000000000         0.1200829002E-03     0.7499999860E-01     0.2000000000          1.000000000         0.1000000000         0.2000000000    
     1.000000000         0.6133704559E-02     0.1000000000         0.2000000000          1.000000000         0.1000000000         0.2000000000          1.000000000         0.6036991778E-03     0.7688321304E-04
    0.1499891110E-03     0.1792220393E-02     0.1000000000         0.2000000000          1.000000000         0.9826650394E-03     0.4366278049E-01     0.2000000000          1.000000000         0.1000000000    
    0.2000000000          1.000000000    
 

 INTERMEDIATE RESULTS BEFORE NEXT TEMPERATURE REDUCTION

  CURRENT TEMPERATURE:             0.21189E-03
  MIN FUNCTION VALUE SO FAR:   0.409051505005086705E-01
  TOTAL MOVES:                    3360
     DOWNHILL:                    1944
     ACCEPTED UPHILL:              542
     REJECTED UPHILL:              874
  TRIALS OUT OF BOUNDS:           1070
  NEW MINIMA THIS TEMPERATURE:       0

                         CURRENT OPTIMAL X
    0.9154153364         0.6012744904E-01     0.1208058834         0.9540950656         0.3695882559E-01     0.2363535166         0.5051239133         0.6831624048         0.2486548728E-01     0.1116737469    
    0.9864685655         0.7423578501E-01     0.1999099374         0.9890980124         0.9101875620         0.7722362280E-01     0.1971669078         0.7183701992         0.7863627672E-01     0.2793160915    
    0.9965441227         0.3415310245E-01     0.8279783726E-01     0.2104423881         0.1104789972         0.7017659545E-01     0.2636761546         0.9839873910         0.6968259404         0.2269927679E-01
    0.1016590443         0.2217264984E-01     0.4152806401E-01     0.1053686380         0.2126948833         0.1142969902E-01     0.8318919539E-01     0.1698518991         0.1011734009         0.9669747353E-01
    0.1328209519         0.5652058125E-01

                         STEP LENGTH (VM)
    0.5179146816E-02     0.4901943635E-02     0.3786980603E-01     0.2790125332         0.1000000000         0.2000000000          1.000000000         0.4477559191E-03     0.4968004572E-03     0.1561922972E-02
    0.1079395207E-01     0.1000000000         0.2000000000          1.000000000         0.8205861660E-04     0.2743234514E-01     0.2000000000          1.000000000         0.1000000000         0.2000000000    
     1.000000000         0.2124076829E-02     0.3991545500E-02     0.1515080571E-01     0.6293856500E-01     0.1000000000         0.2000000000          1.000000000         0.5385908243E-03     0.4906504834E-04
    0.5925493219E-04     0.7459159946E-03     0.1000000000         0.2000000000          1.000000000         0.3659937949E-03     0.2380312019E-01     0.2000000000          1.000000000         0.1000000000    
    0.2000000000          1.000000000    
 

  SA ACHIEVED TERMINATION CRITERIA. IER = 0. 


  ****   RESULTS AFTER SA   ****   

                         SOLUTION
    0.9154153364         0.6012744904E-01     0.1208058834         0.9540950656         0.3695882559E-01     0.2363535166         0.5051239133         0.6831624048         0.2486548728E-01     0.1116737469    
    0.9864685655         0.7423578501E-01     0.1999099374         0.9890980124         0.9101875620         0.7722362280E-01     0.1971669078         0.7183701992         0.7863627672E-01     0.2793160915    
    0.9965441227         0.3415310245E-01     0.8279783726E-01     0.2104423881         0.1104789972         0.7017659545E-01     0.2636761546         0.9839873910         0.6968259404         0.2269927679E-01
    0.1016590443         0.2217264984E-01     0.4152806401E-01     0.1053686380         0.2126948833         0.1142969902E-01     0.8318919539E-01     0.1698518991         0.1011734009         0.9669747353E-01
    0.1328209519         0.5652058125E-01

                         FINAL STEP LENGTH
    0.5179146816E-02     0.4901943635E-02     0.3786980603E-01     0.2790125332         0.1000000000         0.2000000000          1.000000000         0.4477559191E-03     0.4968004572E-03     0.1561922972E-02
    0.1079395207E-01     0.1000000000         0.2000000000          1.000000000         0.8205861660E-04     0.2743234514E-01     0.2000000000          1.000000000         0.1000000000         0.2000000000    
     1.000000000         0.2124076829E-02     0.3991545500E-02     0.1515080571E-01     0.6293856500E-01     0.1000000000         0.2000000000          1.000000000         0.5385908243E-03     0.4906504834E-04
    0.5925493219E-04     0.7459159946E-03     0.1000000000         0.2000000000          1.000000000         0.3659937949E-03     0.2380312019E-01     0.2000000000          1.000000000         0.1000000000    
    0.2000000000          1.000000000    

 OPTIMAL FUNCTION VALUE:  0.4090515050051E-01
 NUMBER OF FUNCTION EVALUATIONS:         120961
 NUMBER OF ACCEPTED EVALUATIONS:         106747
 NUMBER OF OUT OF BOUND EVALUATIONS:      52904
 FINAL TEMP:  0.2118918355045E-03  IER:   0
