
 SIMULATED PARALLEL ANNEALING by NEIGHBORHOOD EXAMPLE

 NUMBER OF PARAMETERS:  42   MAXIMAZATION:     F
 INITIAL TEMP:  5.0       RT: 0.75       EPS: 0.10E-02
 NS:  24   NT:  20   NEPS:  4
 MAXEVL:  100000000   IPRINT: 1   ISEED1:    7 ISEED2:    8

                         STARTING VALUES
    0.9999997672         0.4278620297E-01     0.2001662589         0.9421293048         0.6518310844E-01     0.1712711259         0.4208132598         0.6643867184         0.8802852464E-01     0.1261080958    
    0.2405614301         0.3127033832E-01     0.2340774946         0.6860143412         0.9178791959         0.7854776079E-02     0.1220546992         0.9912381369         0.1649045813E-01     0.2180450600    
    0.4826742992         0.2830128543E-02     0.1213419038E-01     0.1478193135         0.3997655164         0.7570978178E-01     0.2667311856         0.8444344281         0.8599938971         0.7891383886E-02
    0.1224219571         0.1506045667         0.8057484774E-01     0.1128301243         0.5901476985         0.4555111579E-02     0.2819913383E-01     0.1291088356         0.7508754375         0.3152808050E-01
    0.1679958332         0.8336075292    

                         INITIAL STEP LENGTH
     1.000000000         0.1000000000         0.2000000000          1.000000000         0.1000000000         0.2000000000          1.000000000          1.000000000         0.1000000000         0.2000000000    
     1.000000000         0.1000000000         0.2000000000          1.000000000          1.000000000         0.1000000000         0.2000000000          1.000000000         0.1000000000         0.2000000000    
     1.000000000          1.000000000         0.1000000000         0.2000000000          1.000000000         0.1000000000         0.2000000000          1.000000000          1.000000000         0.1000000000    
    0.2000000000          1.000000000         0.1000000000         0.2000000000          1.000000000          1.000000000         0.1000000000         0.2000000000          1.000000000         0.1000000000    
    0.2000000000          1.000000000    

                         LOWER BOUND
     0.000000000          0.000000000         0.1000000000          0.000000000          0.000000000         0.1000000000          0.000000000          0.000000000          0.000000000         0.1000000000    
     0.000000000          0.000000000         0.1000000000          0.000000000          0.000000000          0.000000000         0.1000000000          0.000000000          0.000000000         0.1000000000    
     0.000000000          0.000000000          0.000000000         0.1000000000          0.000000000          0.000000000         0.1000000000          0.000000000          0.000000000          0.000000000    
    0.1000000000          0.000000000          0.000000000         0.1000000000          0.000000000          0.000000000          0.000000000         0.1000000000          0.000000000          0.000000000    
    0.1000000000          0.000000000    

                         UPPER BOUND
     1.000000000         0.1000000000         0.3000000000          1.000000000         0.1000000000         0.3000000000          1.000000000          1.000000000         0.1000000000         0.3000000000    
     1.000000000         0.1000000000         0.3000000000          1.000000000          1.000000000         0.1000000000         0.3000000000          1.000000000         0.1000000000         0.3000000000    
     1.000000000          1.000000000         0.1000000000         0.3000000000          1.000000000         0.1000000000         0.3000000000          1.000000000          1.000000000         0.1000000000    
    0.3000000000          1.000000000         0.1000000000         0.3000000000          1.000000000          1.000000000         0.1000000000         0.3000000000          1.000000000         0.1000000000    
    0.3000000000          1.000000000    

                         C VECTOR
     2.000000000          2.000000000          2.000000000          2.000000000          2.000000000          2.000000000          2.000000000          2.000000000          2.000000000          2.000000000    
     2.000000000          2.000000000          2.000000000          2.000000000          2.000000000          2.000000000          2.000000000          2.000000000          2.000000000          2.000000000    
     2.000000000          2.000000000          2.000000000          2.000000000          2.000000000          2.000000000          2.000000000          2.000000000          2.000000000          2.000000000    
     2.000000000          2.000000000          2.000000000          2.000000000          2.000000000          2.000000000          2.000000000          2.000000000          2.000000000          2.000000000    
     2.000000000          2.000000000    

  ****   END OF DRIVER ROUTINE OUTPUT   ****
  ****   BEFORE CALL TO SA.             ****
  

                         INITIAL X
    0.9999997672         0.4278620297E-01     0.2001662589         0.9421293048         0.6518310844E-01     0.1712711259         0.4208132598         0.6643867184         0.8802852464E-01     0.1261080958    
    0.2405614301         0.3127033832E-01     0.2340774946         0.6860143412         0.9178791959         0.7854776079E-02     0.1220546992         0.9912381369         0.1649045813E-01     0.2180450600    
    0.4826742992         0.2830128543E-02     0.1213419038E-01     0.1478193135         0.3997655164         0.7570978178E-01     0.2667311856         0.8444344281         0.8599938971         0.7891383886E-02
    0.1224219571         0.1506045667         0.8057484774E-01     0.1128301243         0.5901476985         0.4555111579E-02     0.2819913383E-01     0.1291088356         0.7508754375         0.3152808050E-01
    0.1679958332         0.8336075292    
  INITIAL F: 
 0.239720904393881357    

 INTERMEDIATE RESULTS BEFORE NEXT TEMPERATURE REDUCTION

  CURRENT TEMPERATURE:              5.0000    
  MIN FUNCTION VALUE SO FAR:   0.126014378415149619    
  TOTAL MOVES:                    3360
     DOWNHILL:                    2375
     ACCEPTED UPHILL:              861
     REJECTED UPHILL:              124
  TRIALS OUT OF BOUNDS:           1618
  NEW MINIMA THIS TEMPERATURE:       0

                         CURRENT OPTIMAL X
    0.5239858031         0.2391955668E-01     0.1723017074         0.7747411040         0.6013496518E-01     0.1285219550         0.8864211413         0.8788732290         0.9054500461E-01     0.2655470490    
    0.1886962652         0.1966315629E-01     0.2154948406         0.9426550754E-01     0.9178791959         0.1432755589E-01     0.2645660432         0.9912381369         0.1649045813E-01     0.2180450600    
    0.4826742992         0.2830128543E-02     0.1213419038E-01     0.1478193135         0.3997655164         0.7570978178E-01     0.2667311856         0.8444344281         0.8599938971         0.7891383886E-02
    0.1224219571         0.1506045667         0.8057484774E-01     0.1128301243         0.5901476985         0.4555111579E-02     0.2819913383E-01     0.1291088356         0.7508754375         0.3152808050E-01
    0.1679958332         0.8336075292    

                         STEP LENGTH (VM)
     1.000000000         0.1000000000         0.2000000000          1.000000000         0.1000000000         0.2000000000          1.000000000          1.000000000         0.1000000000         0.2000000000    
     1.000000000         0.1000000000         0.2000000000          1.000000000         0.3369059235         0.1000000000         0.2000000000          1.000000000         0.1000000000         0.2000000000    
     1.000000000          1.000000000         0.1000000000         0.2000000000          1.000000000         0.1000000000         0.2000000000          1.000000000          1.000000000         0.1000000000    
    0.2000000000          1.000000000         0.1000000000         0.2000000000          1.000000000          1.000000000         0.1000000000         0.2000000000          1.000000000         0.1000000000    
    0.2000000000          1.000000000    
 

 INTERMEDIATE RESULTS BEFORE NEXT TEMPERATURE REDUCTION

  CURRENT TEMPERATURE:              3.7500    
  MIN FUNCTION VALUE SO FAR:   0.112818351038949841    
  TOTAL MOVES:                    3360
     DOWNHILL:                    2364
     ACCEPTED UPHILL:              871
     REJECTED UPHILL:              125
  TRIALS OUT OF BOUNDS:           1664
  NEW MINIMA THIS TEMPERATURE:       0

                         CURRENT OPTIMAL X
    0.9022572637         0.2044869661E-01     0.2223570943         0.1692689061         0.5329341888E-01     0.1406340480         0.5574902296         0.4493761659         0.2873649001E-01     0.1198894739    
    0.7243202329         0.9335196614E-01     0.1677494526         0.7012033463E-01     0.9981305599         0.5098559260E-01     0.1378275990         0.6468824744         0.7483105659E-01     0.2380906582    
    0.5190810561         0.1078392267         0.7567495108E-01     0.1891340494         0.6937803626         0.4041572213E-01     0.2636798501         0.3455917239         0.5033416748         0.7088474631E-01
    0.1758092403         0.9927263856         0.4278721809E-01     0.1281394362         0.5958223939         0.4604664445         0.2715944648E-01     0.2821953654         0.8858436942         0.9220056534E-01
    0.1898517847         0.2392994165    

                         STEP LENGTH (VM)
     1.000000000         0.1000000000         0.2000000000          1.000000000         0.1000000000         0.2000000000          1.000000000          1.000000000         0.1000000000         0.2000000000    
     1.000000000         0.1000000000         0.2000000000          1.000000000         0.2293425048         0.1000000000         0.2000000000          1.000000000         0.1000000000         0.2000000000    
     1.000000000          1.000000000         0.1000000000         0.2000000000          1.000000000         0.1000000000         0.2000000000          1.000000000          1.000000000         0.1000000000    
    0.2000000000          1.000000000         0.1000000000         0.2000000000          1.000000000          1.000000000         0.1000000000         0.2000000000          1.000000000         0.1000000000    
    0.2000000000          1.000000000    
 

 INTERMEDIATE RESULTS BEFORE NEXT TEMPERATURE REDUCTION

  CURRENT TEMPERATURE:              2.8125    
  MIN FUNCTION VALUE SO FAR:   0.105384067726059169    
  TOTAL MOVES:                    3360
     DOWNHILL:                    2420
     ACCEPTED UPHILL:              814
     REJECTED UPHILL:              126
  TRIALS OUT OF BOUNDS:           1646
  NEW MINIMA THIS TEMPERATURE:       1

                         CURRENT OPTIMAL X
    0.7962790728         0.2087397575E-01     0.1001242757         0.7765809298         0.3413382769E-01     0.1891056418         0.9557189345         0.9523127079         0.1134464741E-01     0.2911254525    
    0.4004118443         0.8075644374E-01     0.2494938016         0.6600704789         0.9563829303         0.9566053152E-01     0.2832874060         0.4772658348         0.5597164631E-01     0.1234010220    
    0.2437334061         0.2342385054         0.5642421246E-01     0.1945459366         0.5246961713         0.3844575882E-01     0.1880851030         0.2908408046         0.9782922864         0.5154876113E-01
    0.2133526683         0.1502916813         0.3715970516E-01     0.1308882594         0.6458491087E-01     0.7847326994E-01     0.8711059690E-01     0.2120740414         0.7194458246         0.2698957920E-02
    0.2717137575         0.3263832927    

                         STEP LENGTH (VM)
     1.000000000         0.1000000000         0.2000000000          1.000000000         0.1000000000         0.2000000000          1.000000000          1.000000000         0.1000000000         0.2000000000    
     1.000000000         0.1000000000         0.2000000000          1.000000000         0.2818803617         0.1000000000         0.2000000000          1.000000000         0.1000000000         0.2000000000    
     1.000000000          1.000000000         0.1000000000         0.2000000000          1.000000000         0.1000000000         0.2000000000          1.000000000          1.000000000         0.1000000000    
    0.2000000000          1.000000000         0.1000000000         0.2000000000          1.000000000          1.000000000         0.1000000000         0.2000000000          1.000000000         0.1000000000    
    0.2000000000          1.000000000    
 

 INTERMEDIATE RESULTS BEFORE NEXT TEMPERATURE REDUCTION

  CURRENT TEMPERATURE:              2.1094    
  MIN FUNCTION VALUE SO FAR:   0.535536786961382724E-01
  TOTAL MOVES:                    3360
     DOWNHILL:                    2365
     ACCEPTED UPHILL:              862
     REJECTED UPHILL:              133
  TRIALS OUT OF BOUNDS:           1630
  NEW MINIMA THIS TEMPERATURE:       0

                         CURRENT OPTIMAL X
    0.8858655095         0.9245651960E-02     0.1330633759         0.1184207797         0.9591469169E-01     0.2445588827         0.9493188262         0.2682346702         0.2992027402E-01     0.2227352023    
    0.8266246319         0.8147444129E-01     0.1792963862         0.3128785491         0.9850944281         0.6259912252E-02     0.2856872320         0.5949299335         0.7361304164E-01     0.1888004184    
    0.2976555228         0.3527641296E-02     0.1055796146E-01     0.1799083948         0.4317807555         0.9144760370E-01     0.2095873475         0.7006121874         0.2761502266         0.8415147066E-01
    0.1128688335         0.4900759459E-01     0.8455659151E-01     0.2909907103         0.9147801995         0.1705801487         0.5213892460E-01     0.1884526730         0.3287810683         0.8923372030E-01
    0.2675368547         0.6773985624    

                         STEP LENGTH (VM)
     1.000000000         0.1000000000         0.2000000000          1.000000000         0.1000000000         0.2000000000          1.000000000         0.7499999860         0.1000000000         0.2000000000    
     1.000000000         0.1000000000         0.2000000000          1.000000000         0.2869820402         0.1000000000         0.2000000000          1.000000000         0.1000000000         0.2000000000    
     1.000000000          1.000000000         0.1000000000         0.2000000000          1.000000000         0.1000000000         0.2000000000          1.000000000          1.000000000         0.1000000000    
    0.2000000000          1.000000000         0.1000000000         0.2000000000          1.000000000          1.000000000         0.1000000000         0.2000000000          1.000000000         0.1000000000    
    0.2000000000          1.000000000    
 

 INTERMEDIATE RESULTS BEFORE NEXT TEMPERATURE REDUCTION

  CURRENT TEMPERATURE:              1.5820    
  MIN FUNCTION VALUE SO FAR:   0.511461411735851593E-01
  TOTAL MOVES:                    3360
     DOWNHILL:                    2409
     ACCEPTED UPHILL:              815
     REJECTED UPHILL:              136
  TRIALS OUT OF BOUNDS:           1700
  NEW MINIMA THIS TEMPERATURE:       0

                         CURRENT OPTIMAL X
    0.8858655095         0.7716227174E-01     0.1776499867         0.7819671631         0.9591469169E-01     0.2445588827         0.9493188262         0.2682346702         0.2992027402E-01     0.2227352023    
    0.8266246319         0.8147444129E-01     0.1792963862         0.3128785491         0.9850944281         0.6259912252E-02     0.2856872320         0.5949299335         0.7361304164E-01     0.1888004184    
    0.2976555228         0.3527641296E-02     0.1055796146E-01     0.1799083948         0.4317807555         0.9144760370E-01     0.2095873475         0.7006121874         0.2761502266         0.8415147066E-01
    0.1128688335         0.4900759459E-01     0.8455659151E-01     0.2909907103         0.9147801995         0.1705801487         0.5213892460E-01     0.1884526730         0.3287810683         0.8923372030E-01
    0.2675368547         0.6773985624    

                         STEP LENGTH (VM)
     1.000000000         0.1000000000         0.2000000000          1.000000000         0.1000000000         0.2000000000          1.000000000          1.000000000         0.1000000000         0.2000000000    
     1.000000000         0.1000000000         0.2000000000          1.000000000         0.3490774336         0.1000000000         0.2000000000          1.000000000         0.1000000000         0.2000000000    
     1.000000000          1.000000000         0.1000000000         0.2000000000          1.000000000         0.1000000000         0.2000000000          1.000000000          1.000000000         0.1000000000    
    0.2000000000          1.000000000         0.1000000000         0.2000000000          1.000000000          1.000000000         0.1000000000         0.2000000000          1.000000000         0.1000000000    
    0.2000000000          1.000000000    
 

 INTERMEDIATE RESULTS BEFORE NEXT TEMPERATURE REDUCTION

  CURRENT TEMPERATURE:              1.1865    
  MIN FUNCTION VALUE SO FAR:   0.467371061049868738E-01
  TOTAL MOVES:                    3360
     DOWNHILL:                    2393
     ACCEPTED UPHILL:              835
     REJECTED UPHILL:              132
  TRIALS OUT OF BOUNDS:           1669
  NEW MINIMA THIS TEMPERATURE:       0

                         CURRENT OPTIMAL X
    0.8858655095         0.1835803390E-01     0.1776499867         0.7819671631         0.9591469169E-01     0.2445588827         0.9493188262         0.2682346702         0.2992027402E-01     0.2227352023    
    0.8266246319         0.8147444129E-01     0.1792963862         0.3128785491         0.9850944281         0.6259912252E-02     0.2856872320         0.5949299335         0.7361304164E-01     0.1888004184    
    0.2976555228         0.3527641296E-02     0.1055796146E-01     0.1799083948         0.4317807555         0.9144760370E-01     0.2095873475         0.7006121874         0.2761502266         0.8415147066E-01
    0.1128688335         0.4900759459E-01     0.8455659151E-01     0.2909907103         0.9147801995         0.1705801487         0.5213892460E-01     0.1884526730         0.3287810683         0.8923372030E-01
    0.2675368547         0.6773985624    

                         STEP LENGTH (VM)
     1.000000000         0.1000000000         0.2000000000          1.000000000         0.1000000000         0.2000000000          1.000000000          1.000000000         0.1000000000         0.2000000000    
     1.000000000         0.1000000000         0.2000000000          1.000000000         0.1774027080         0.1000000000         0.2000000000          1.000000000         0.1000000000         0.2000000000    
     1.000000000          1.000000000         0.1000000000         0.2000000000          1.000000000         0.1000000000         0.2000000000          1.000000000          1.000000000         0.1000000000    
    0.2000000000          1.000000000         0.1000000000         0.2000000000          1.000000000          1.000000000         0.1000000000         0.2000000000          1.000000000         0.1000000000    
    0.2000000000          1.000000000    
 

 INTERMEDIATE RESULTS BEFORE NEXT TEMPERATURE REDUCTION

  CURRENT TEMPERATURE:             0.88989    
  MIN FUNCTION VALUE SO FAR:   0.467371061049868738E-01
  TOTAL MOVES:                    3360
     DOWNHILL:                    2385
     ACCEPTED UPHILL:              824
     REJECTED UPHILL:              151
  TRIALS OUT OF BOUNDS:           1705
  NEW MINIMA THIS TEMPERATURE:       0

                         CURRENT OPTIMAL X
    0.8858655095         0.1835803390E-01     0.1776499867         0.7819671631         0.9591469169E-01     0.2445588827         0.9493188262         0.2682346702         0.2992027402E-01     0.2227352023    
    0.8266246319         0.8147444129E-01     0.1792963862         0.3128785491         0.9850944281         0.6259912252E-02     0.2856872320         0.5949299335         0.7361304164E-01     0.1888004184    
    0.2976555228         0.3527641296E-02     0.1055796146E-01     0.1799083948         0.4317807555         0.9144760370E-01     0.2095873475         0.7006121874         0.2761502266         0.8415147066E-01
    0.1128688335         0.4900759459E-01     0.8455659151E-01     0.2909907103         0.9147801995         0.1705801487         0.5213892460E-01     0.1884526730         0.3287810683         0.8923372030E-01
    0.2675368547         0.6773985624    

                         STEP LENGTH (VM)
     1.000000000         0.1000000000         0.2000000000          1.000000000         0.1000000000         0.2000000000          1.000000000         0.6486486395         0.1000000000         0.2000000000    
     1.000000000         0.1000000000         0.2000000000          1.000000000         0.1999228185         0.1000000000         0.2000000000          1.000000000         0.1000000000         0.2000000000    
     1.000000000          1.000000000         0.1000000000         0.2000000000          1.000000000         0.1000000000         0.2000000000          1.000000000          1.000000000         0.1000000000    
    0.2000000000          1.000000000         0.1000000000         0.2000000000          1.000000000          1.000000000         0.1000000000         0.2000000000          1.000000000         0.1000000000    
    0.2000000000          1.000000000    
 

 INTERMEDIATE RESULTS BEFORE NEXT TEMPERATURE REDUCTION

  CURRENT TEMPERATURE:             0.66742    
  MIN FUNCTION VALUE SO FAR:   0.432530058611022838E-01
  TOTAL MOVES:                    3360
     DOWNHILL:                    2389
     ACCEPTED UPHILL:              829
     REJECTED UPHILL:              142
  TRIALS OUT OF BOUNDS:           1618
  NEW MINIMA THIS TEMPERATURE:       1

                         CURRENT OPTIMAL X
    0.8858655095         0.9402135015E-01     0.1214749217         0.2670109272E-01     0.5652061105E-01     0.2088178396         0.7638066411         0.2682346702         0.7644931674E-01     0.2588771343    
    0.6092110872         0.5707299113E-01     0.2374665141         0.2472102046         0.9850944281         0.4743539691E-01     0.1745799065         0.5949299335         0.7361304164E-01     0.1888004184    
    0.2976555228         0.3527641296E-02     0.1055796146E-01     0.1799083948         0.4317807555         0.9144760370E-01     0.2095873475         0.7006121874         0.2761502266         0.8415147066E-01
    0.1128688335         0.4900759459E-01     0.8455659151E-01     0.2909907103         0.9147801995         0.1705801487         0.5213892460E-01     0.1884526730         0.3287810683         0.8923372030E-01
    0.2675368547         0.6773985624    

                         STEP LENGTH (VM)
     1.000000000         0.1000000000         0.2000000000          1.000000000         0.1000000000         0.2000000000          1.000000000         0.4733380232         0.1000000000         0.2000000000    
     1.000000000         0.1000000000         0.2000000000          1.000000000         0.1197674402         0.1000000000         0.2000000000          1.000000000         0.1000000000         0.2000000000    
     1.000000000          1.000000000         0.1000000000         0.2000000000          1.000000000         0.1000000000         0.2000000000          1.000000000          1.000000000         0.1000000000    
    0.2000000000          1.000000000         0.1000000000         0.2000000000          1.000000000          1.000000000         0.1000000000         0.2000000000          1.000000000         0.1000000000    
    0.2000000000          1.000000000    
 

 INTERMEDIATE RESULTS BEFORE NEXT TEMPERATURE REDUCTION

  CURRENT TEMPERATURE:             0.50056    
  MIN FUNCTION VALUE SO FAR:   0.427016692381776211E-01
  TOTAL MOVES:                    3360
     DOWNHILL:                    2366
     ACCEPTED UPHILL:              807
     REJECTED UPHILL:              187
  TRIALS OUT OF BOUNDS:           1657
  NEW MINIMA THIS TEMPERATURE:       1

                         CURRENT OPTIMAL X
    0.8858655095         0.7577415109E-01     0.1035069108         0.2299616337         0.4605249763E-01     0.2260059834         0.3571401238         0.2682346702         0.4410679936E-01     0.1532749772    
    0.4961409569         0.5707299113E-01     0.2374665141         0.2472102046         0.9850944281         0.4743539691E-01     0.1745799065         0.5949299335         0.7361304164E-01     0.1888004184    
    0.2976555228         0.3527641296E-02     0.1055796146E-01     0.1799083948         0.4317807555         0.9144760370E-01     0.2095873475         0.7006121874         0.2761502266         0.8415147066E-01
    0.1128688335         0.4900759459E-01     0.8455659151E-01     0.2909907103         0.9147801995         0.1705801487         0.5213892460E-01     0.1884526730         0.3287810683         0.8923372030E-01
    0.2675368547         0.6773985624    

                         STEP LENGTH (VM)
     1.000000000         0.1000000000         0.2000000000          1.000000000         0.1000000000         0.2000000000          1.000000000         0.3829787132         0.1000000000         0.2000000000    
     1.000000000         0.1000000000         0.2000000000          1.000000000         0.1553738986         0.1000000000         0.2000000000          1.000000000         0.1000000000         0.2000000000    
     1.000000000          1.000000000         0.1000000000         0.2000000000          1.000000000         0.1000000000         0.2000000000          1.000000000         0.7499999860         0.1000000000    
    0.2000000000          1.000000000         0.1000000000         0.2000000000          1.000000000          1.000000000         0.1000000000         0.2000000000          1.000000000         0.1000000000    
    0.2000000000          1.000000000    
 

 INTERMEDIATE RESULTS BEFORE NEXT TEMPERATURE REDUCTION

  CURRENT TEMPERATURE:             0.37542    
  MIN FUNCTION VALUE SO FAR:   0.427016692381776211E-01
  TOTAL MOVES:                    3360
     DOWNHILL:                    2362
     ACCEPTED UPHILL:              801
     REJECTED UPHILL:              197
  TRIALS OUT OF BOUNDS:           1657
  NEW MINIMA THIS TEMPERATURE:       0

                         CURRENT OPTIMAL X
    0.8858655095         0.7577415109E-01     0.1035069108         0.2299616337         0.4605249763E-01     0.2260059834         0.3571401238         0.2682346702         0.4410679936E-01     0.1532749772    
    0.4961409569         0.5707299113E-01     0.2374665141         0.2472102046         0.9850944281         0.4743539691E-01     0.1745799065         0.5949299335         0.7361304164E-01     0.1888004184    
    0.2976555228         0.3527641296E-02     0.1055796146E-01     0.1799083948         0.4317807555         0.9144760370E-01     0.2095873475         0.7006121874         0.2761502266         0.8415147066E-01
    0.1128688335         0.4900759459E-01     0.8455659151E-01     0.2909907103         0.9147801995         0.1705801487         0.5213892460E-01     0.1884526730         0.3287810683         0.8923372030E-01
    0.2675368547         0.6773985624    

                         STEP LENGTH (VM)
     1.000000000         0.1000000000         0.2000000000          1.000000000         0.1000000000         0.2000000000          1.000000000         0.5394009109         0.1000000000         0.2000000000    
     1.000000000         0.1000000000         0.2000000000          1.000000000         0.1467034143         0.1000000000         0.2000000000          1.000000000         0.1000000000         0.2000000000    
     1.000000000          1.000000000         0.1000000000         0.2000000000          1.000000000         0.1000000000         0.2000000000          1.000000000          1.000000000         0.1000000000    
    0.2000000000          1.000000000         0.1000000000         0.2000000000          1.000000000          1.000000000         0.1000000000         0.2000000000          1.000000000         0.1000000000    
    0.2000000000          1.000000000    
 

 INTERMEDIATE RESULTS BEFORE NEXT TEMPERATURE REDUCTION

  CURRENT TEMPERATURE:             0.28157    
  MIN FUNCTION VALUE SO FAR:   0.427016692381776211E-01
  TOTAL MOVES:                    3360
     DOWNHILL:                    2352
     ACCEPTED UPHILL:              786
     REJECTED UPHILL:              222
  TRIALS OUT OF BOUNDS:           1634
  NEW MINIMA THIS TEMPERATURE:       0

                         CURRENT OPTIMAL X
    0.8858655095         0.7577415109E-01     0.1035069108         0.2299616337         0.4605249763E-01     0.2260059834         0.3571401238         0.2682346702         0.4410679936E-01     0.1532749772    
    0.4961409569         0.5707299113E-01     0.2374665141         0.2472102046         0.9850944281         0.4743539691E-01     0.1745799065         0.5949299335         0.7361304164E-01     0.1888004184    
    0.2976555228         0.3527641296E-02     0.1055796146E-01     0.1799083948         0.4317807555         0.9144760370E-01     0.2095873475         0.7006121874         0.2761502266         0.8415147066E-01
    0.1128688335         0.4900759459E-01     0.8455659151E-01     0.2909907103         0.9147801995         0.1705801487         0.5213892460E-01     0.1884526730         0.3287810683         0.8923372030E-01
    0.2675368547         0.6773985624    

                         STEP LENGTH (VM)
     1.000000000         0.1000000000         0.2000000000          1.000000000         0.1000000000         0.2000000000          1.000000000         0.3803391204         0.1000000000         0.2000000000    
     1.000000000         0.1000000000         0.2000000000          1.000000000         0.1033229533         0.1000000000         0.2000000000          1.000000000         0.1000000000         0.2000000000    
     1.000000000         0.8888888668         0.1000000000         0.2000000000          1.000000000         0.1000000000         0.2000000000          1.000000000         0.4514990909         0.1000000000    
    0.2000000000          1.000000000         0.1000000000         0.2000000000          1.000000000          1.000000000         0.1000000000         0.2000000000          1.000000000         0.1000000000    
    0.2000000000          1.000000000    
 

 INTERMEDIATE RESULTS BEFORE NEXT TEMPERATURE REDUCTION

  CURRENT TEMPERATURE:             0.21118    
  MIN FUNCTION VALUE SO FAR:   0.427016692381776211E-01
  TOTAL MOVES:                    3360
     DOWNHILL:                    2378
     ACCEPTED UPHILL:              756
     REJECTED UPHILL:              226
  TRIALS OUT OF BOUNDS:           1584
  NEW MINIMA THIS TEMPERATURE:       0

                         CURRENT OPTIMAL X
    0.8858655095         0.7577415109E-01     0.1035069108         0.2299616337         0.4605249763E-01     0.2260059834         0.3571401238         0.2682346702         0.4410679936E-01     0.1532749772    
    0.4961409569         0.5707299113E-01     0.2374665141         0.2472102046         0.9850944281         0.4743539691E-01     0.1745799065         0.5949299335         0.7361304164E-01     0.1888004184    
    0.2976555228         0.3527641296E-02     0.1055796146E-01     0.1799083948         0.4317807555         0.9144760370E-01     0.2095873475         0.7006121874         0.2761502266         0.8415147066E-01
    0.1128688335         0.4900759459E-01     0.8455659151E-01     0.2909907103         0.9147801995         0.1705801487         0.5213892460E-01     0.1884526730         0.3287810683         0.8923372030E-01
    0.2675368547         0.6773985624    

                         STEP LENGTH (VM)
     1.000000000         0.1000000000         0.2000000000          1.000000000         0.1000000000         0.2000000000          1.000000000         0.3260047754         0.1000000000         0.2000000000    
     1.000000000         0.1000000000         0.2000000000          1.000000000         0.5973356472E-01     0.1000000000         0.2000000000          1.000000000         0.1000000000         0.2000000000    
     1.000000000         0.7499999860         0.1000000000         0.2000000000          1.000000000         0.1000000000         0.2000000000          1.000000000         0.4531560649         0.1000000000    
    0.2000000000          1.000000000         0.1000000000         0.2000000000          1.000000000          1.000000000         0.1000000000         0.2000000000          1.000000000         0.1000000000    
    0.2000000000          1.000000000    
 

 INTERMEDIATE RESULTS BEFORE NEXT TEMPERATURE REDUCTION

  CURRENT TEMPERATURE:             0.15838    
  MIN FUNCTION VALUE SO FAR:   0.236508517572015173E-01
  TOTAL MOVES:                    3360
     DOWNHILL:                    2317
     ACCEPTED UPHILL:              795
     REJECTED UPHILL:              248
  TRIALS OUT OF BOUNDS:           1567
  NEW MINIMA THIS TEMPERATURE:       0

                         CURRENT OPTIMAL X
    0.9429181218         0.8701928258E-01     0.1868073583         0.9264173508         0.5996847153E-02     0.1070875406         0.8122997284         0.2234981982         0.1269006133E-01     0.2236422062    
    0.1646842957         0.7120017409E-01     0.2646337986         0.3394067883         0.9935955145         0.3999000788E-01     0.2717209220         0.6283898950         0.6285696030E-01     0.2957953453    
    0.8731781840         0.3888288338E-03     0.9665063024E-01     0.2937885523         0.6419006586         0.3839271069E-01     0.2497626543         0.4695860744         0.2331498926         0.1801468134E-01
    0.1391277313         0.8569290638         0.3618534803E-01     0.2501433134         0.4343534112         0.9165275097E-01     0.6975274086E-01     0.2963312745         0.1714026928         0.9504280686E-01
    0.1434448123         0.4150720239    

                         STEP LENGTH (VM)
    0.8888888668         0.1000000000         0.2000000000          1.000000000         0.1000000000         0.2000000000          1.000000000         0.2353604804         0.1000000000         0.2000000000    
     1.000000000         0.1000000000         0.2000000000          1.000000000         0.1118740553         0.1000000000         0.2000000000          1.000000000         0.1000000000         0.2000000000    
     1.000000000         0.4334327333         0.1000000000         0.2000000000          1.000000000         0.1000000000         0.2000000000          1.000000000         0.4020257171         0.1000000000    
    0.2000000000          1.000000000         0.1000000000         0.2000000000          1.000000000          1.000000000         0.1000000000         0.2000000000          1.000000000         0.1000000000    
    0.2000000000          1.000000000    
 

 INTERMEDIATE RESULTS BEFORE NEXT TEMPERATURE REDUCTION

  CURRENT TEMPERATURE:             0.11879    
  MIN FUNCTION VALUE SO FAR:   0.215630296976238763E-01
  TOTAL MOVES:                    3360
     DOWNHILL:                    2311
     ACCEPTED UPHILL:              765
     REJECTED UPHILL:              284
  TRIALS OUT OF BOUNDS:           1591
  NEW MINIMA THIS TEMPERATURE:       1

                         CURRENT OPTIMAL X
    0.9429181218         0.6061795354E-01     0.2335923076         0.6524710655         0.7962529063E-01     0.2136609912         0.6105508804         0.2234981982         0.7706196904E-01     0.1007610321    
    0.9405432940         0.7521247268E-01     0.2967200756         0.4259418845         0.9935955145         0.6529895067E-01     0.1319988132         0.6283898950         0.6285696030E-01     0.2957953453    
    0.8731781840         0.3888288338E-03     0.9665063024E-01     0.2937885523         0.6419006586         0.3839271069E-01     0.2497626543         0.4695860744         0.2331498926         0.1801468134E-01
    0.1391277313         0.8569290638         0.3618534803E-01     0.2501433134         0.4343534112         0.9165275097E-01     0.6975274086E-01     0.2963312745         0.1714026928         0.9504280686E-01
    0.1434448123         0.4150720239    

                         STEP LENGTH (VM)
    0.7499999860         0.1000000000         0.2000000000          1.000000000         0.1000000000         0.2000000000          1.000000000         0.4322945658E-01     0.1000000000         0.2000000000    
     1.000000000         0.1000000000         0.2000000000          1.000000000         0.3605395080E-01     0.1000000000         0.2000000000          1.000000000         0.1000000000         0.2000000000    
     1.000000000         0.3174113608         0.1000000000         0.2000000000          1.000000000         0.1000000000         0.2000000000          1.000000000         0.9672792931E-01     0.1000000000    
    0.2000000000          1.000000000         0.1000000000         0.2000000000          1.000000000         0.8888888668         0.1000000000         0.2000000000          1.000000000         0.1000000000    
    0.2000000000          1.000000000    
 

 INTERMEDIATE RESULTS BEFORE NEXT TEMPERATURE REDUCTION

  CURRENT TEMPERATURE:             0.89090E-01
  MIN FUNCTION VALUE SO FAR:   0.215630296976238763E-01
  TOTAL MOVES:                    3360
     DOWNHILL:                    2374
     ACCEPTED UPHILL:              707
     REJECTED UPHILL:              279
  TRIALS OUT OF BOUNDS:           1577
  NEW MINIMA THIS TEMPERATURE:       0

                         CURRENT OPTIMAL X
    0.9429181218         0.6061795354E-01     0.2335923076         0.6524710655         0.7962529063E-01     0.2136609912         0.6105508804         0.2234981982         0.7706196904E-01     0.1007610321    
    0.9405432940         0.7521247268E-01     0.2967200756         0.4259418845         0.9935955145         0.6529895067E-01     0.1319988132         0.6283898950         0.6285696030E-01     0.2957953453    
    0.8731781840         0.3888288338E-03     0.9665063024E-01     0.2937885523         0.6419006586         0.3839271069E-01     0.2497626543         0.4695860744         0.2331498926         0.1801468134E-01
    0.1391277313         0.8569290638         0.3618534803E-01     0.2501433134         0.4343534112         0.9165275097E-01     0.6975274086E-01     0.2963312745         0.1714026928         0.9504280686E-01
    0.1434448123         0.4150720239    

                         STEP LENGTH (VM)
    0.3809522226         0.1000000000         0.2000000000          1.000000000         0.1000000000         0.2000000000          1.000000000         0.9726620769E-01     0.1000000000         0.2000000000    
     1.000000000         0.1000000000         0.2000000000          1.000000000         0.3946444171E-01     0.1000000000         0.2000000000          1.000000000         0.1000000000         0.2000000000    
     1.000000000         0.1478201644         0.1000000000         0.2000000000          1.000000000         0.1000000000         0.2000000000          1.000000000         0.1230723852         0.1000000000    
    0.2000000000          1.000000000         0.1000000000         0.2000000000          1.000000000          1.000000000         0.1000000000         0.2000000000          1.000000000         0.1000000000    
    0.2000000000          1.000000000    
 

 INTERMEDIATE RESULTS BEFORE NEXT TEMPERATURE REDUCTION

  CURRENT TEMPERATURE:             0.66817E-01
  MIN FUNCTION VALUE SO FAR:   0.215630296976238763E-01
  TOTAL MOVES:                    3360
     DOWNHILL:                    2347
     ACCEPTED UPHILL:              741
     REJECTED UPHILL:              272
  TRIALS OUT OF BOUNDS:           1577
  NEW MINIMA THIS TEMPERATURE:       0

                         CURRENT OPTIMAL X
    0.9429181218         0.6061795354E-01     0.2335923076         0.6524710655         0.7962529063E-01     0.2136609912         0.6105508804         0.2234981982         0.7706196904E-01     0.1007610321    
    0.9405432940         0.7521247268E-01     0.2967200756         0.4259418845         0.9935955145         0.6529895067E-01     0.1319988132         0.6283898950         0.6285696030E-01     0.2957953453    
    0.8731781840         0.3888288338E-03     0.9665063024E-01     0.2937885523         0.6419006586         0.3839271069E-01     0.2497626543         0.4695860744         0.2331498926         0.1801468134E-01
    0.1391277313         0.8569290638         0.3618534803E-01     0.2501433134         0.4343534112         0.9165275097E-01     0.6975274086E-01     0.2963312745         0.1714026928         0.9504280686E-01
    0.1434448123         0.4150720239    

                         STEP LENGTH (VM)
     1.000000000         0.1000000000         0.2000000000          1.000000000         0.1000000000         0.2000000000          1.000000000         0.1285302767         0.1000000000         0.2000000000    
     1.000000000         0.1000000000         0.2000000000          1.000000000         0.2553148466E-01     0.1000000000         0.2000000000          1.000000000         0.1000000000         0.2000000000    
     1.000000000         0.3046684605         0.1000000000         0.2000000000          1.000000000         0.1000000000         0.2000000000          1.000000000         0.2311193181         0.1000000000    
    0.2000000000          1.000000000         0.1000000000         0.2000000000          1.000000000         0.5109889077         0.1000000000         0.2000000000          1.000000000         0.1000000000    
    0.2000000000          1.000000000    
 

 INTERMEDIATE RESULTS BEFORE NEXT TEMPERATURE REDUCTION

  CURRENT TEMPERATURE:             0.50113E-01
  MIN FUNCTION VALUE SO FAR:   0.215272506003741232E-01
  TOTAL MOVES:                    3360
     DOWNHILL:                    2300
     ACCEPTED UPHILL:              710
     REJECTED UPHILL:              350
  TRIALS OUT OF BOUNDS:           1501
  NEW MINIMA THIS TEMPERATURE:       1

                         CURRENT OPTIMAL X
    0.9882323146         0.6029390097E-01     0.1946675420         0.2279740572         0.6546258926E-01     0.2340167642         0.9873956442         0.2405739249         0.6388141513E-01     0.1901020288    
    0.1217902303         0.3798980117E-01     0.2490490556         0.2172459364         0.9849144619         0.8345677853E-01     0.2779770136         0.7907219529         0.7799800634E-01     0.2765712857    
    0.6352019310E-01     0.3888288338E-03     0.4704123139E-01     0.1519608498         0.6333817244         0.7621132731E-01     0.2397540808         0.2407312989         0.2796357757         0.6540393233E-01
    0.1069296837         0.8462875485         0.3746095896E-01     0.2757861018         0.4196753502         0.1212847911         0.9689983130E-01     0.1910593152         0.3927966952         0.8993133307E-01
    0.1965633750         0.1716806889    

                         STEP LENGTH (VM)
    0.3367281704         0.1000000000         0.2000000000          1.000000000         0.1000000000         0.2000000000          1.000000000         0.6018059459E-01     0.1000000000         0.2000000000    
     1.000000000         0.1000000000         0.2000000000          1.000000000         0.3073850274E-01     0.1000000000         0.2000000000          1.000000000         0.1000000000         0.2000000000    
     1.000000000         0.1565656529         0.1000000000         0.2000000000          1.000000000         0.1000000000         0.2000000000          1.000000000         0.1096913543         0.1000000000    
    0.2000000000          1.000000000         0.1000000000         0.2000000000          1.000000000         0.3451394768         0.1000000000         0.2000000000          1.000000000         0.1000000000    
    0.2000000000          1.000000000    
 

 INTERMEDIATE RESULTS BEFORE NEXT TEMPERATURE REDUCTION

  CURRENT TEMPERATURE:             0.37585E-01
  MIN FUNCTION VALUE SO FAR:   0.180019632147863616E-01
  TOTAL MOVES:                    3360
     DOWNHILL:                    2301
     ACCEPTED UPHILL:              698
     REJECTED UPHILL:              361
  TRIALS OUT OF BOUNDS:           1527
  NEW MINIMA THIS TEMPERATURE:       1

                         CURRENT OPTIMAL X
    0.9751892495         0.8461545110E-01     0.1261854768         0.2370631099         0.8544194102E-01     0.1398377180         0.9545554519         0.1825596512         0.1731317043E-01     0.2836978197    
    0.2356137037         0.1797703505E-01     0.1034348249         0.2475026846         0.9984296665         0.2862936854E-01     0.2935457587         0.4421547055         0.2483996749E-01     0.2419112921    
    0.1991475821         0.2818407898E-01     0.9746806026E-01     0.2801970005         0.2729503512         0.9326342344E-01     0.2188466072         0.9624639750         0.1637057109         0.5212428570E-01
    0.2202771187         0.1691009998         0.8655295372E-01     0.2007712245         0.5990458131         0.1106222525         0.4371602535E-01     0.1991520524         0.2850101590         0.2304476500E-02
    0.2322218657         0.6317265034    

                         STEP LENGTH (VM)
    0.1138880381         0.1000000000         0.2000000000          1.000000000         0.1000000000         0.2000000000          1.000000000         0.2426912494E-01     0.1000000000         0.2000000000    
     1.000000000         0.1000000000         0.2000000000          1.000000000         0.1575386108E-01     0.1000000000         0.2000000000          1.000000000         0.1000000000         0.2000000000    
     1.000000000         0.7165363881E-01     0.1000000000         0.2000000000          1.000000000         0.1000000000         0.2000000000          1.000000000         0.3799011300E-01     0.1000000000    
    0.2000000000          1.000000000         0.1000000000         0.2000000000          1.000000000         0.4261524481         0.1000000000         0.2000000000          1.000000000         0.1000000000    
    0.2000000000          1.000000000    
 

 INTERMEDIATE RESULTS BEFORE NEXT TEMPERATURE REDUCTION

  CURRENT TEMPERATURE:             0.28189E-01
  MIN FUNCTION VALUE SO FAR:   0.903519455167410383E-02
  TOTAL MOVES:                    3360
     DOWNHILL:                    2282
     ACCEPTED UPHILL:              686
     REJECTED UPHILL:              392
  TRIALS OUT OF BOUNDS:           1495
  NEW MINIMA THIS TEMPERATURE:       7

                         CURRENT OPTIMAL X
    0.9938740419         0.5808362961E-01     0.2395381093         0.2790732384         0.4719048738E-02     0.1855518341         0.9954923391         0.1653031018         0.9206364155E-01     0.1833207250    
    0.3484289646         0.9132796526E-01     0.2826362371         0.8127564192         0.9973280538         0.6120074987E-01     0.2042365313         0.7285205126         0.3591591120E-02     0.1201326847    
    0.7942118645         0.2807006410E-01     0.5397904515E-01     0.1553167343         0.9651914835         0.3004072309E-01     0.1996924281         0.7165295482         0.1487329035         0.9366315603E-01
    0.2858939052         0.5645409822         0.3547286391E-01     0.2733312964         0.2473590374         0.3961092358E-01     0.7362219691E-01     0.2530040622         0.5245506763E-02     0.6207994819E-01
    0.1524595499         0.6479647756    

                         STEP LENGTH (VM)
    0.8453722922E-01     0.1000000000         0.2000000000          1.000000000         0.1000000000         0.2000000000          1.000000000         0.1739505257E-01     0.1000000000         0.2000000000    
     1.000000000         0.1000000000         0.2000000000          1.000000000         0.1329231498E-01     0.1000000000         0.2000000000          1.000000000         0.1000000000         0.2000000000    
     1.000000000         0.2938428102E-01     0.1000000000         0.2000000000          1.000000000         0.1000000000         0.2000000000          1.000000000         0.3615775444E-01     0.1000000000    
    0.2000000000          1.000000000         0.1000000000         0.2000000000          1.000000000         0.1183471085         0.1000000000         0.2000000000          1.000000000         0.1000000000    
    0.2000000000          1.000000000    
 

 INTERMEDIATE RESULTS BEFORE NEXT TEMPERATURE REDUCTION

  CURRENT TEMPERATURE:             0.21141E-01
  MIN FUNCTION VALUE SO FAR:   0.614562310807323896E-02
  TOTAL MOVES:                    3360
     DOWNHILL:                    2259
     ACCEPTED UPHILL:              608
     REJECTED UPHILL:              493
  TRIALS OUT OF BOUNDS:           1493
  NEW MINIMA THIS TEMPERATURE:       3

                         CURRENT OPTIMAL X
    0.9911729216         0.3325912952E-01     0.2985262156         0.2982801795         0.8321404457E-03     0.1400231719         0.5924152136         0.1657189820         0.8772274256E-01     0.2399605632    
    0.9516127706         0.5689072013E-01     0.1983518004         0.6068146229E-01     0.9971923198         0.5791597366E-01     0.1037922144         0.8842913508         0.8177481890E-01     0.1935519099    
    0.2995737791         0.1830972835E-02     0.6852734089E-01     0.2026212454         0.9269220233         0.7640086412E-01     0.1110719204         0.1985466480E-01     0.1502009265         0.5980813503E-02
    0.1709386230         0.3963872790         0.8951765299E-02     0.2860432386         0.9678695798         0.2888542342E-02     0.7933227420E-01     0.1906539202         0.7606209517         0.4204981923E-01
    0.2314668417         0.6912897825    

                         STEP LENGTH (VM)
    0.4800139184E-01     0.1000000000         0.2000000000          1.000000000         0.1000000000         0.2000000000          1.000000000         0.1014711042E-01     0.1000000000         0.2000000000    
     1.000000000         0.1000000000         0.2000000000          1.000000000         0.1037072727E-01     0.1000000000         0.2000000000          1.000000000         0.1000000000         0.2000000000    
     1.000000000         0.2401819678E-01     0.1000000000         0.2000000000          1.000000000         0.1000000000         0.2000000000          1.000000000         0.2713261547E-01     0.1000000000    
    0.2000000000          1.000000000         0.1000000000         0.2000000000          1.000000000         0.7923741743E-01     0.1000000000         0.2000000000          1.000000000         0.1000000000    
    0.2000000000          1.000000000    
 

 INTERMEDIATE RESULTS BEFORE NEXT TEMPERATURE REDUCTION

  CURRENT TEMPERATURE:             0.15856E-01
  MIN FUNCTION VALUE SO FAR:   0.614562310807323896E-02
  TOTAL MOVES:                    3360
     DOWNHILL:                    2273
     ACCEPTED UPHILL:              605
     REJECTED UPHILL:              482
  TRIALS OUT OF BOUNDS:           1471
  NEW MINIMA THIS TEMPERATURE:       0

                         CURRENT OPTIMAL X
    0.9911729216         0.3325912952E-01     0.2985262156         0.2982801795         0.8321404457E-03     0.1400231719         0.5924152136         0.1657189820         0.8772274256E-01     0.2399605632    
    0.9516127706         0.5689072013E-01     0.1983518004         0.6068146229E-01     0.9971923198         0.5791597366E-01     0.1037922144         0.8842913508         0.8177481890E-01     0.1935519099    
    0.2995737791         0.1830972835E-02     0.6852734089E-01     0.2026212454         0.9269220233         0.7640086412E-01     0.1110719204         0.1985466480E-01     0.1502009265         0.5980813503E-02
    0.1709386230         0.3963872790         0.8951765299E-02     0.2860432386         0.9678695798         0.2888542342E-02     0.7933227420E-01     0.1906539202         0.7606209517         0.4204981923E-01
    0.2314668417         0.6912897825    

                         STEP LENGTH (VM)
    0.2177729575E-01     0.1000000000         0.2000000000          1.000000000         0.1000000000         0.2000000000          1.000000000         0.8939116696E-02     0.1000000000         0.2000000000    
     1.000000000         0.1000000000         0.2000000000          1.000000000         0.8138483576E-02     0.1000000000         0.2000000000          1.000000000         0.1000000000         0.2000000000    
     1.000000000         0.1544026376E-01     0.1000000000         0.2000000000          1.000000000         0.1000000000         0.2000000000          1.000000000         0.1969470848E-01     0.1000000000    
    0.2000000000          1.000000000         0.1000000000         0.2000000000          1.000000000         0.5319767244E-01     0.1000000000         0.2000000000          1.000000000         0.1000000000    
    0.2000000000          1.000000000    
 

 INTERMEDIATE RESULTS BEFORE NEXT TEMPERATURE REDUCTION

  CURRENT TEMPERATURE:             0.11892E-01
  MIN FUNCTION VALUE SO FAR:   0.614562310807323896E-02
  TOTAL MOVES:                    3360
     DOWNHILL:                    2264
     ACCEPTED UPHILL:              552
     REJECTED UPHILL:              544
  TRIALS OUT OF BOUNDS:           1433
  NEW MINIMA THIS TEMPERATURE:       0

                         CURRENT OPTIMAL X
    0.9911729216         0.3325912952E-01     0.2985262156         0.2982801795         0.8321404457E-03     0.1400231719         0.5924152136         0.1657189820         0.8772274256E-01     0.2399605632    
    0.9516127706         0.5689072013E-01     0.1983518004         0.6068146229E-01     0.9971923198         0.5791597366E-01     0.1037922144         0.8842913508         0.8177481890E-01     0.1935519099    
    0.2995737791         0.1830972835E-02     0.6852734089E-01     0.2026212454         0.9269220233         0.7640086412E-01     0.1110719204         0.1985466480E-01     0.1502009265         0.5980813503E-02
    0.1709386230         0.3963872790         0.8951765299E-02     0.2860432386         0.9678695798         0.2888542342E-02     0.7933227420E-01     0.1906539202         0.7606209517         0.4204981923E-01
    0.2314668417         0.6912897825    

                         STEP LENGTH (VM)
    0.1244415994E-01     0.1000000000         0.2000000000          1.000000000         0.1000000000         0.2000000000          1.000000000         0.2999974099E-02     0.8888888668E-01     0.2000000000    
     1.000000000         0.1000000000         0.2000000000          1.000000000         0.4565634114E-02     0.1000000000         0.2000000000          1.000000000         0.1000000000         0.2000000000    
     1.000000000         0.3916571148E-02     0.1000000000         0.2000000000          1.000000000         0.1000000000         0.2000000000          1.000000000         0.7502745041E-02     0.1000000000    
    0.2000000000          1.000000000         0.1000000000         0.2000000000          1.000000000         0.1725329328E-01     0.1000000000         0.2000000000          1.000000000         0.1000000000    
    0.2000000000          1.000000000    
 

 INTERMEDIATE RESULTS BEFORE NEXT TEMPERATURE REDUCTION

  CURRENT TEMPERATURE:             0.89190E-02
  MIN FUNCTION VALUE SO FAR:   0.558784985444990209E-02
  TOTAL MOVES:                    3360
     DOWNHILL:                    2246
     ACCEPTED UPHILL:              493
     REJECTED UPHILL:              621
  TRIALS OUT OF BOUNDS:           1504
  NEW MINIMA THIS TEMPERATURE:       0

                         CURRENT OPTIMAL X
    0.9943147612         0.2718572617E-01     0.2879916668         0.9181059599         0.8386899829E-01     0.2357504964         0.2809841633         0.1633386677         0.7210495476E-01     0.2603348017    
    0.6977184415         0.9729461074E-01     0.2434500098         0.8617798090         0.9989343030         0.9589348435E-01     0.2946244597         0.6687781215         0.2737846375E-01     0.2110949636    
    0.1070024371         0.4839669407E-02     0.4318922162E-01     0.2213676929         0.6276482344E-01     0.4175817966E-01     0.1503260374         0.1013580561         0.1400811824         0.5980813503E-02
    0.1939928412         0.7599843144         0.3200579882E-01     0.2582474589         0.8772047162         0.6550321330E-02     0.4329394102E-01     0.1670150757         0.2571802139         0.1375485659E-01
    0.1593931317         0.3888674974    

                         STEP LENGTH (VM)
    0.1610685941E-02     0.1000000000         0.2000000000          1.000000000         0.1000000000         0.2000000000          1.000000000         0.7821104318E-03     0.9776083798E-02     0.1333333275    
    0.2484186213         0.1000000000         0.2000000000          1.000000000         0.1104683160E-02     0.1000000000         0.2000000000          1.000000000         0.1000000000         0.2000000000    
     1.000000000         0.2201907891E-02     0.1000000000         0.2000000000          1.000000000         0.1000000000         0.2000000000          1.000000000         0.1883387105E-02     0.1000000000    
    0.2000000000          1.000000000         0.1000000000         0.2000000000          1.000000000         0.2131679999E-02     0.8888888668E-01     0.2000000000          1.000000000         0.1000000000    
    0.2000000000          1.000000000    
 

 INTERMEDIATE RESULTS BEFORE NEXT TEMPERATURE REDUCTION

  CURRENT TEMPERATURE:             0.66893E-02
  MIN FUNCTION VALUE SO FAR:   0.459470620910559617E-02
  TOTAL MOVES:                    3360
     DOWNHILL:                    2239
     ACCEPTED UPHILL:              588
     REJECTED UPHILL:              533
  TRIALS OUT OF BOUNDS:           1471
  NEW MINIMA THIS TEMPERATURE:       3

                         CURRENT OPTIMAL X
    0.9989421911         0.8121567369E-01     0.2695514321         0.8184087276         0.2241389155E-01     0.2406271815         0.5005961657         0.1579395270         0.2523204088E-01     0.1933138132    
    0.5052149296E-02     0.7568176985E-01     0.2707369566         0.7788602114         0.9993565933         0.5292319655E-01     0.1662752509         0.5127587318         0.9299664497E-01     0.2804867268    
    0.2488870025         0.5102716021E-02     0.7579019666E-01     0.1467152596         0.4907289147         0.4357357621E-01     0.2309135437         0.9925454259         0.1356587516         0.3085772395E-01
    0.1357793689         0.8579718471         0.4635396600E-01     0.1953337789         0.2884197235         0.1032485218E-01     0.3344697356E-01     0.2784435749         0.3808242083E-01     0.7048556805E-01
    0.2189031482         0.4781472087    

                         STEP LENGTH (VM)
    0.4497519033E-02     0.1000000000         0.2000000000          1.000000000         0.1000000000         0.2000000000          1.000000000         0.4055790753E-02     0.1000000000         0.2000000000    
     1.000000000         0.1000000000         0.2000000000          1.000000000         0.9859291180E-03     0.1000000000         0.2000000000          1.000000000         0.1000000000         0.2000000000    
     1.000000000         0.6636301942E-02     0.1000000000         0.2000000000          1.000000000         0.1000000000         0.2000000000          1.000000000         0.5522981206E-02     0.1000000000    
    0.2000000000          1.000000000         0.1000000000         0.2000000000          1.000000000         0.7925098073E-02     0.1000000000         0.2000000000          1.000000000         0.1000000000    
    0.2000000000          1.000000000    
 

 INTERMEDIATE RESULTS BEFORE NEXT TEMPERATURE REDUCTION

  CURRENT TEMPERATURE:             0.50170E-02
  MIN FUNCTION VALUE SO FAR:   0.373872482885620125E-02
  TOTAL MOVES:                    3360
     DOWNHILL:                    2261
     ACCEPTED UPHILL:              566
     REJECTED UPHILL:              533
  TRIALS OUT OF BOUNDS:           1462
  NEW MINIMA THIS TEMPERATURE:       0

                         CURRENT OPTIMAL X
    0.9973122454         0.3238971829E-01     0.2501047015         0.1204456091         0.7461391687E-01     0.1347243547         0.3145899773         0.1600669827         0.6311661005E-01     0.2739896655    
    0.7626003027         0.5286054015E-01     0.2256829977         0.8716903329         0.9998001211         0.3387086987E-01     0.1129888892         0.9912011623         0.6157177091E-01     0.1517453909    
    0.4205163717         0.9879400337E-03     0.7219038010E-01     0.2171917915         0.5757888556         0.3569718599E-01     0.2611562133         0.8690755367         0.1392820940         0.3092043400E-01
    0.1107261777         0.9993538260         0.1991618276E-01     0.2105020523         0.1353925467         0.6763378435E-02     0.1979964972E-01     0.1963974595         0.4879221320         0.3741880655E-01
    0.1087132335         0.2591122985    

                         STEP LENGTH (VM)
    0.1255581411E-01     0.1000000000         0.2000000000          1.000000000         0.1000000000         0.2000000000          1.000000000         0.1715529885E-02     0.7499999860E-01     0.2000000000    
     1.000000000         0.1000000000         0.2000000000          1.000000000         0.1811032057E-02     0.1000000000         0.2000000000          1.000000000         0.1000000000         0.2000000000    
     1.000000000         0.6873487599E-02     0.1000000000         0.2000000000          1.000000000         0.1000000000         0.2000000000          1.000000000         0.4660013666E-02     0.1000000000    
    0.2000000000          1.000000000         0.1000000000         0.2000000000          1.000000000         0.1040168474E-01     0.1000000000         0.2000000000          1.000000000         0.1000000000    
    0.2000000000          1.000000000    
 

 INTERMEDIATE RESULTS BEFORE NEXT TEMPERATURE REDUCTION

  CURRENT TEMPERATURE:             0.37627E-02
  MIN FUNCTION VALUE SO FAR:   0.365487273215863709E-02
  TOTAL MOVES:                    3360
     DOWNHILL:                    2224
     ACCEPTED UPHILL:              450
     REJECTED UPHILL:              686
  TRIALS OUT OF BOUNDS:           1375
  NEW MINIMA THIS TEMPERATURE:       1

                         CURRENT OPTIMAL X
    0.9973122454         0.3238971829E-01     0.2236240506         0.1204456091         0.7461391687E-01     0.1347243547         0.3145899773         0.1600669827         0.6311661005E-01     0.2739896655    
    0.7626003027         0.5286054015E-01     0.2256829977         0.8716903329         0.9998001211         0.3387086987E-01     0.1129888892         0.9912011623         0.6157177091E-01     0.1517453909    
    0.4205163717         0.9879400337E-03     0.7219038010E-01     0.2171917915         0.5757888556         0.3569718599E-01     0.2611562133         0.8690755367         0.1392820940         0.3092043400E-01
    0.1107261777         0.9993538260         0.1991618276E-01     0.2105020523         0.1353925467         0.6763378435E-02     0.1979964972E-01     0.1963974595         0.4879221320         0.3741880655E-01
    0.1087132335         0.2591122985    

                         STEP LENGTH (VM)
    0.4131024668E-03     0.1000000000         0.2000000000          1.000000000         0.1000000000         0.2000000000          1.000000000         0.9808531634E-04     0.1000000000         0.2000000000    
     1.000000000         0.1000000000         0.2000000000          1.000000000         0.2323628050E-03     0.1000000000         0.2000000000          1.000000000         0.1000000000         0.2000000000    
     1.000000000         0.1033683774E-08     0.1000000000         0.2000000000          1.000000000         0.1000000000         0.2000000000          1.000000000         0.3137908194E-03     0.1000000000    
    0.2000000000          1.000000000         0.1000000000         0.2000000000          1.000000000         0.1243800095E-02     0.1658986008E-01     0.1588652177         0.5109889649         0.1000000000    
    0.2000000000          1.000000000    
 

 INTERMEDIATE RESULTS BEFORE NEXT TEMPERATURE REDUCTION

  CURRENT TEMPERATURE:             0.28220E-02
  MIN FUNCTION VALUE SO FAR:   0.327698224368191309E-02
  TOTAL MOVES:                    3360
     DOWNHILL:                    2243
     ACCEPTED UPHILL:              545
     REJECTED UPHILL:              572
  TRIALS OUT OF BOUNDS:           1341
  NEW MINIMA THIS TEMPERATURE:       1

                         CURRENT OPTIMAL X
    0.9996551351         0.3416857719E-01     0.1248607874         0.9077942371         0.1262215376E-01     0.1610792398         0.9717411995         0.1593416410         0.8649811745E-01     0.1330939770    
    0.4956232905         0.4035120606E-01     0.2601382375         0.3998135924         0.9999522740         0.8512604833E-01     0.1087776661         0.6738642454         0.9812403917E-01     0.2697413325    
    0.8483409286         0.9879119665E-03     0.6956877708E-01     0.1625779033         0.4646607637         0.7455716729E-01     0.2162115455         0.3240680099         0.1374749046         0.2623090223E-01
    0.1042155466         0.6722212893         0.7243308425E-01     0.2665225506         0.8172087073         0.8931547517E-03     0.6696964936E-01     0.2397907240         0.8378527150         0.5049955249E-01
    0.2410614371         0.9896183014E-01

                         STEP LENGTH (VM)
    0.2470032326E-02     0.1000000000         0.2000000000          1.000000000         0.1000000000         0.2000000000          1.000000000         0.3821346128E-03     0.1000000000         0.2000000000    
     1.000000000         0.1000000000         0.2000000000          1.000000000         0.8638716760E-03     0.1000000000         0.2000000000          1.000000000         0.1000000000         0.2000000000    
     1.000000000         0.1146483322E-02     0.1000000000         0.2000000000          1.000000000         0.1000000000         0.2000000000          1.000000000         0.1742822749E-02     0.1701616749E-02
    0.7809041392E-02     0.1673509498         0.1000000000         0.2000000000          1.000000000         0.4025441024E-02     0.1000000000         0.2000000000          1.000000000         0.1000000000    
    0.2000000000          1.000000000    
 

 INTERMEDIATE RESULTS BEFORE NEXT TEMPERATURE REDUCTION

  CURRENT TEMPERATURE:             0.21165E-02
  MIN FUNCTION VALUE SO FAR:   0.256795818077483647E-02
  TOTAL MOVES:                    3360
     DOWNHILL:                    2191
     ACCEPTED UPHILL:              437
     REJECTED UPHILL:              732
  TRIALS OUT OF BOUNDS:           1305
  NEW MINIMA THIS TEMPERATURE:       4

                         CURRENT OPTIMAL X
    0.9999819156         0.4570155144E-01     0.2224055767         0.4518228769E-01     0.5792988539E-01     0.2150074720         0.4564948678         0.1603853801         0.2968353629E-01     0.2291288018    
    0.1716296673         0.6655861735E-01     0.1407535434         0.5771378279         0.9999050591         0.8318072557E-01     0.2630396485         0.6286090016         0.6585711837E-01     0.1936597586    
    0.8603905439         0.1175590978E-03     0.8612884283E-01     0.2715108871         0.4946380854         0.8928651214E-01     0.2288873315         0.1311092377         0.1359248459         0.2667736818E-01
    0.1041024434         0.9087141538         0.7215072513E-01     0.1399388909         0.1253302097         0.9024410598E-02     0.9197791219E-01     0.2299741268         0.1109150648         0.7468084693E-01
    0.2808771968         0.7189891934    

                         STEP LENGTH (VM)
    0.1356705997E-04     0.3870967300E-01     0.9230769178E-01     0.4615384589         0.1000000000         0.2000000000          1.000000000         0.2399372262E-05     0.1000000000         0.2000000000    
     1.000000000         0.1000000000         0.2000000000          1.000000000         0.4427043780E-05     0.8888888668E-01     0.2000000000          1.000000000         0.1000000000         0.2000000000    
     1.000000000         0.1401932649E-04     0.1000000000         0.2000000000          1.000000000         0.1000000000         0.2000000000          1.000000000         0.5798247658E-04     0.8767382913E-03
    0.6116596610E-02     0.4616379028E-01     0.1000000000         0.2000000000          1.000000000         0.9032558807E-04     0.4539006943E-01     0.1297297279         0.8888888668         0.1000000000    
    0.2000000000          1.000000000    
 

 INTERMEDIATE RESULTS BEFORE NEXT TEMPERATURE REDUCTION

  CURRENT TEMPERATURE:             0.15874E-02
  MIN FUNCTION VALUE SO FAR:   0.248559266147823591E-02
  TOTAL MOVES:                    3360
     DOWNHILL:                    2264
     ACCEPTED UPHILL:              488
     REJECTED UPHILL:              608
  TRIALS OUT OF BOUNDS:           1426
  NEW MINIMA THIS TEMPERATURE:       4

                         CURRENT OPTIMAL X
    0.9999853568         0.4942253747E-01     0.2131559666         0.9508937001         0.5164428949E-01     0.2034266949         0.7568337321         0.1603869397         0.2968353629E-01     0.2291288018    
    0.1716296673         0.6655861735E-01     0.1407535434         0.5771378279         0.9999050591         0.8318072557E-01     0.2630396485         0.6286090016         0.6585711837E-01     0.1936597586    
    0.8603905439         0.1175590978E-03     0.8612884283E-01     0.2715108871         0.4946380854         0.8928651214E-01     0.2288873315         0.1311092377         0.1359248459         0.2667736818E-01
    0.1041024434         0.9087141538         0.7215072513E-01     0.1399388909         0.1253302097         0.9024410598E-02     0.9197791219E-01     0.2299741268         0.1109150648         0.7468084693E-01
    0.2808771968         0.7189891934    

                         STEP LENGTH (VM)
    0.2371167020E-03     0.1000000000         0.2000000000          1.000000000         0.1000000000         0.2000000000          1.000000000         0.7885808328E-04     0.1000000000         0.2000000000    
     1.000000000         0.1000000000         0.2000000000          1.000000000         0.1083030266E-03     0.1000000000         0.2000000000          1.000000000         0.1000000000         0.2000000000    
     1.000000000         0.2018100072E-02     0.1000000000         0.2000000000          1.000000000         0.1000000000         0.2000000000          1.000000000         0.2037718653E-03     0.3723899944E-03
    0.4334580776E-02     0.8206890731E-01     0.1000000000         0.2000000000          1.000000000         0.7760874763E-04     0.1000000000         0.2000000000          1.000000000         0.1000000000    
    0.2000000000          1.000000000    
 

 INTERMEDIATE RESULTS BEFORE NEXT TEMPERATURE REDUCTION

  CURRENT TEMPERATURE:             0.11905E-02
  MIN FUNCTION VALUE SO FAR:   0.242784465357272607E-02
  TOTAL MOVES:                    3360
     DOWNHILL:                    2187
     ACCEPTED UPHILL:              447
     REJECTED UPHILL:              726
  TRIALS OUT OF BOUNDS:           1294
  NEW MINIMA THIS TEMPERATURE:       1

                         CURRENT OPTIMAL X
    0.9999853568         0.7358895459E-01     0.2898034334         0.2691193223         0.9848182797E-01     0.2161795974         0.5779724717         0.1603949221         0.3433674574E-01     0.2097518921    
    0.1613154411         0.5380535126E-01     0.2419708371         0.6140926480         0.9999766997         0.6557168365E-01     0.2206384182         0.2992081046         0.8396880627E-01     0.2823000073    
    0.3816246390         0.3594590242E-03     0.8800200820E-01     0.2055700660         0.9540647864         0.4802292585E-02     0.2764257193         0.2342398167         0.1356820312         0.2631310176E-01
    0.1026110568         0.8695644871         0.8773843050E-01     0.1312057376         0.1637151241         0.8984499335E-02     0.8434243798E-01     0.2107084394         0.8938176632         0.3360660076E-01
    0.1751927733         0.6869072318    

                         STEP LENGTH (VM)
    0.9207582180E-04     0.8888888668E-01     0.1297297279         0.8888888668         0.1000000000         0.2000000000          1.000000000         0.4576508856E-04     0.7940896767E-02     0.2000000000    
    0.5106382938         0.1000000000         0.2000000000          1.000000000         0.3738131338E-04     0.9577700645E-01     0.2000000000          1.000000000         0.1000000000         0.2000000000    
     1.000000000         0.3461949946E-02     0.1000000000         0.2000000000          1.000000000         0.1000000000         0.2000000000          1.000000000         0.1390805913E-03     0.3773096750E-03
    0.2022119835E-02     0.1734948596E-01     0.1000000000         0.2000000000          1.000000000         0.4791753523E-04     0.4327484400E-01     0.1484042404         0.3330395095         0.1000000000    
    0.2000000000          1.000000000    
 

 INTERMEDIATE RESULTS BEFORE NEXT TEMPERATURE REDUCTION

  CURRENT TEMPERATURE:             0.89291E-03
  MIN FUNCTION VALUE SO FAR:   0.242781085125917846E-02
  TOTAL MOVES:                    3360
     DOWNHILL:                    2242
     ACCEPTED UPHILL:              478
     REJECTED UPHILL:              640
  TRIALS OUT OF BOUNDS:           1218
  NEW MINIMA THIS TEMPERATURE:       2

                         CURRENT OPTIMAL X
    0.9999853568         0.8661469817E-01     0.2367076269         0.2691193223         0.9848182797E-01     0.2161795974         0.5779724717         0.1603949221         0.3433674574E-01     0.2097518921    
    0.1613154411         0.5380535126E-01     0.2419708371         0.6140926480         0.9999766997         0.6557168365E-01     0.2206384182         0.2992081046         0.8396880627E-01     0.2823000073    
    0.3816246390         0.3594590242E-03     0.8800200820E-01     0.2055700660         0.9540647864         0.4802292585E-02     0.2764257193         0.2342398167         0.1356820312         0.2631310176E-01
    0.1026110568         0.8695644871         0.8773843050E-01     0.1312057376         0.1637151241         0.8984499335E-02     0.8434243798E-01     0.2107084394         0.8938176632         0.3360660076E-01
    0.1751927733         0.6869072318    

                         STEP LENGTH (VM)
    0.1114702390E-02     0.1000000000         0.2000000000          1.000000000         0.1000000000         0.2000000000          1.000000000         0.2698684823E-03     0.7276227762E-02     0.4754093889E-01
    0.2997402264         0.1000000000         0.2000000000          1.000000000         0.3061315757E-03     0.1000000000         0.2000000000          1.000000000         0.1000000000         0.2000000000    
     1.000000000         0.5665281662E-02     0.6486486395E-01     0.2000000000          1.000000000         0.1000000000         0.2000000000          1.000000000         0.1172277904E-02     0.7907831330E-03
    0.2599867037E-02     0.4232905951E-01     0.1000000000         0.2000000000          1.000000000         0.9094856945E-04     0.1000000000         0.2000000000          1.000000000         0.1000000000    
    0.2000000000          1.000000000    
 

 INTERMEDIATE RESULTS BEFORE NEXT TEMPERATURE REDUCTION

  CURRENT TEMPERATURE:             0.66968E-03
  MIN FUNCTION VALUE SO FAR:   0.241506028626098162E-02
  TOTAL MOVES:                    3360
     DOWNHILL:                    2209
     ACCEPTED UPHILL:              463
     REJECTED UPHILL:              688
  TRIALS OUT OF BOUNDS:           1318
  NEW MINIMA THIS TEMPERATURE:       0

                         CURRENT OPTIMAL X
    0.9999853568         0.7740309834E-01     0.2541121355         0.8013531566         0.7051538825E-01     0.2346194148         0.7130668759         0.1603949221         0.2920574800E-01     0.1798491087    
    0.1613154411         0.5483623743E-01     0.2811534047         0.6801153421         0.9999766997         0.9809922576E-01     0.1961387634         0.2343403697         0.6765856147E-01     0.2072372556    
    0.9443181157         0.2623543465E-02     0.8800200820E-01     0.2055700660         0.9540647864         0.4802292585E-02     0.2764257193         0.2342398167         0.1356820312         0.2631310176E-01
    0.1026110568         0.8695644871         0.8773843050E-01     0.1312057376         0.1637151241         0.8984499335E-02     0.8434243798E-01     0.2107084394         0.8938176632         0.3360660076E-01
    0.1751927733         0.6869072318    

                         STEP LENGTH (VM)
    0.6082745263E-03     0.1000000000         0.2000000000          1.000000000         0.1000000000         0.2000000000          1.000000000         0.1652813409E-03     0.1000000000         0.2000000000    
     1.000000000         0.1000000000         0.2000000000          1.000000000         0.2317794229E-03     0.9116142338E-01     0.2000000000          1.000000000         0.1000000000         0.2000000000    
     1.000000000         0.7963628996E-02     0.1000000000         0.2000000000          1.000000000         0.1000000000         0.2000000000          1.000000000         0.3686444615E-03     0.3486274713E-03
    0.1995187670E-02     0.4195109343E-01     0.1000000000         0.2000000000          1.000000000         0.5556429983E-04     0.1000000000         0.2000000000          1.000000000         0.1000000000    
    0.2000000000          1.000000000    
 

 INTERMEDIATE RESULTS BEFORE NEXT TEMPERATURE REDUCTION

  CURRENT TEMPERATURE:             0.50226E-03
  MIN FUNCTION VALUE SO FAR:   0.241506028626098162E-02
  TOTAL MOVES:                    3360
     DOWNHILL:                    2240
     ACCEPTED UPHILL:              469
     REJECTED UPHILL:              651
  TRIALS OUT OF BOUNDS:           1343
  NEW MINIMA THIS TEMPERATURE:       0

                         CURRENT OPTIMAL X
    0.9999853568         0.7740309834E-01     0.2541121355         0.8013531566         0.7051538825E-01     0.2346194148         0.7130668759         0.1603949221         0.2920574800E-01     0.1798491087    
    0.1613154411         0.5483623743E-01     0.2811534047         0.6801153421         0.9999766997         0.9809922576E-01     0.1961387634         0.2343403697         0.6765856147E-01     0.2072372556    
    0.9443181157         0.2623543465E-02     0.8800200820E-01     0.2055700660         0.9540647864         0.4802292585E-02     0.2764257193         0.2342398167         0.1356820312         0.2631310176E-01
    0.1026110568         0.8695644871         0.8773843050E-01     0.1312057376         0.1637151241         0.8984499335E-02     0.8434243798E-01     0.2107084394         0.8938176632         0.3360660076E-01
    0.1751927733         0.6869072318    

                         STEP LENGTH (VM)
    0.6861757612E-03     0.1000000000         0.2000000000          1.000000000         0.1000000000         0.2000000000          1.000000000         0.2300917477E-03     0.3126549656E-01     0.1702701975    
    0.7319214543E-01     0.1000000000         0.2000000000          1.000000000         0.2297098007E-03     0.1000000000         0.2000000000          1.000000000         0.1000000000         0.2000000000    
     1.000000000         0.6453114984E-02     0.1000000000         0.2000000000          1.000000000         0.1000000000         0.2000000000          1.000000000         0.8556189163E-03     0.7131345271E-03
    0.2387228270E-02     0.2986555790E-01     0.1000000000         0.2000000000          1.000000000         0.1135226028E-01     0.5267488524E-01     0.2000000000          1.000000000         0.1000000000    
    0.2000000000          1.000000000    
 

 INTERMEDIATE RESULTS BEFORE NEXT TEMPERATURE REDUCTION

  CURRENT TEMPERATURE:             0.37670E-03
  MIN FUNCTION VALUE SO FAR:   0.210800305610159017E-02
  TOTAL MOVES:                    3360
     DOWNHILL:                    2161
     ACCEPTED UPHILL:              445
     REJECTED UPHILL:              754
  TRIALS OUT OF BOUNDS:           1351
  NEW MINIMA THIS TEMPERATURE:       7

                         CURRENT OPTIMAL X
    0.9998698135         0.6320523024E-01     0.2096105933         0.6013731360         0.4738240242E-01     0.1480175376         0.3936638832         0.1610174288         0.8187081218E-01     0.2992807269    
    0.5096657872         0.5008001924E-01     0.2026894093         0.2015370727         0.9999816082         0.8495327234E-01     0.2221797466         0.8050997257         0.3030542731E-01     0.1462908506    
    0.4770783186         0.2708019576E-02     0.6640996143E-01     0.2133166671         0.9652379751         0.3609371185E-01     0.1186828136         0.3446817398E-02     0.1341781162         0.2637966817E-01
    0.1004043546         0.9700509747         0.6105795503E-01     0.1680872917         0.8688532114         0.1093602105E-02     0.8332593441E-01     0.1942207217         0.2302345037         0.8254026175E-01
    0.2840264559         0.1160129309    

                         STEP LENGTH (VM)
    0.7873078175E-04     0.1000000000         0.2000000000          1.000000000         0.1000000000         0.2000000000          1.000000000         0.2130889828E-04     0.2268827929E-02     0.1872629183E-01
    0.5618050432E-01     0.1000000000         0.2000000000          1.000000000         0.2622521512E-04     0.7499999860E-01     0.2000000000          1.000000000         0.1000000000         0.2000000000    
     1.000000000         0.3347510588E-02     0.1000000000         0.2000000000          1.000000000         0.1000000000         0.2000000000          1.000000000         0.3718334271E-04     0.5880496200E-04
    0.2963594601E-03     0.8172666992E-02     0.1000000000         0.2000000000          1.000000000         0.1238892387E-03     0.1486951361E-02     0.3706077782E-02     0.1874296161E-01     0.1000000000    
    0.2000000000          1.000000000    
 

 INTERMEDIATE RESULTS BEFORE NEXT TEMPERATURE REDUCTION

  CURRENT TEMPERATURE:             0.28252E-03
  MIN FUNCTION VALUE SO FAR:   0.209733217688963048E-02
  TOTAL MOVES:                    3360
     DOWNHILL:                    2292
     ACCEPTED UPHILL:              488
     REJECTED UPHILL:              580
  TRIALS OUT OF BOUNDS:           1351
  NEW MINIMA THIS TEMPERATURE:       0

                         CURRENT OPTIMAL X
    0.9999352540         0.5893987417E-01     0.2010590553         0.7939575911         0.8922176361E-01     0.1350201011         0.1754894257         0.1610197033         0.8167874688E-01     0.2862511660    
    0.4625136285         0.3683747649E-01     0.1953224182         0.7703093290         0.9999760850         0.8495327234E-01     0.1290462971         0.5005180836E-01     0.6927482486E-01     0.2552185893    
    0.8544210196         0.4885216662E-02     0.6235056325E-01     0.1878778577         0.1975013018         0.3619075418E-01     0.1647763968         0.8284593821         0.1341786259         0.2635267833E-01
    0.1004043546         0.9685256358         0.9435242414E-02     0.2800890446         0.1445625424         0.1139927016E-02     0.8447730829E-01     0.1907832241         0.2331418988         0.1356957555E-01
    0.1343307257         0.2759592533    

                         STEP LENGTH (VM)
    0.8051812157E-03     0.1000000000         0.2000000000          1.000000000         0.1000000000         0.2000000000          1.000000000         0.1084836142E-03     0.5700736076E-01     0.2000000000    
    0.8888888668         0.1000000000         0.2000000000          1.000000000         0.1491182710E-03     0.7316890944E-01     0.2000000000          1.000000000         0.1000000000         0.2000000000    
     1.000000000         0.6814571801E-02     0.8437498119E-01     0.2000000000          1.000000000         0.1000000000         0.2000000000          1.000000000         0.4636295545E-03     0.1922645619E-03
    0.5700527082E-03     0.9599635335E-02     0.1000000000         0.2000000000          1.000000000         0.1039995299E-01     0.5760106522E-01     0.2000000000          1.000000000         0.1000000000    
    0.2000000000          1.000000000    
 

 INTERMEDIATE RESULTS BEFORE NEXT TEMPERATURE REDUCTION

  CURRENT TEMPERATURE:             0.21189E-03
  MIN FUNCTION VALUE SO FAR:   0.208111810365208677E-02
  TOTAL MOVES:                    3360
     DOWNHILL:                    2264
     ACCEPTED UPHILL:              466
     REJECTED UPHILL:              630
  TRIALS OUT OF BOUNDS:           1360
  NEW MINIMA THIS TEMPERATURE:       0

                         CURRENT OPTIMAL X
    0.9999536382         0.9781573415E-01     0.1635499716         0.5593419671         0.2075868845E-02     0.2599897265         0.2189353108         0.1609421373         0.5913868109E-01     0.2838461041    
    0.4253862500         0.8638169169E-01     0.1638730526         0.5777811408         0.9999995795         0.9315555244E-01     0.2754652143         0.1414524317         0.3836750984E-03     0.2356086016    
    0.2922996283         0.9110315918E-02     0.6782280207E-01     0.2271506548         0.3512507677         0.5052385330E-01     0.1368183970         0.1974507570         0.1339248773         0.2629085595E-01
    0.1002112685         0.9627357953         0.8979435563E-01     0.1333556294         0.1411458254         0.3006786665E-02     0.4513443104E-01     0.2599148154         0.7373726368E-01     0.3577584624E-01
    0.2546021342         0.6635351777    

                         STEP LENGTH (VM)
    0.3149369336E-03     0.1000000000         0.2000000000          1.000000000         0.1000000000         0.2000000000          1.000000000         0.1029746199E-03     0.8437497002E-01     0.2000000000    
     1.000000000         0.1000000000         0.2000000000          1.000000000         0.6687183819E-04     0.5765765541E-01     0.2000000000          1.000000000         0.1000000000         0.2000000000    
     1.000000000         0.7066959679E-02     0.1000000000         0.2000000000          1.000000000         0.1000000000         0.2000000000          1.000000000         0.2869793547E-03     0.9019356358E-04
    0.2699700333E-03     0.4670091475E-02     0.1000000000         0.2000000000          1.000000000         0.1006685631E-01     0.5462466987E-01     0.2000000000          1.000000000         0.1000000000    
    0.2000000000          1.000000000    
 

 INTERMEDIATE RESULTS BEFORE NEXT TEMPERATURE REDUCTION

  CURRENT TEMPERATURE:             0.15892E-03
  MIN FUNCTION VALUE SO FAR:   0.208111810365208677E-02
  TOTAL MOVES:                    3360
     DOWNHILL:                    2171
     ACCEPTED UPHILL:              445
     REJECTED UPHILL:              744
  TRIALS OUT OF BOUNDS:           1232
  NEW MINIMA THIS TEMPERATURE:       0

                         CURRENT OPTIMAL X
    0.9999536382         0.9781573415E-01     0.1635499716         0.5593419671         0.2075868845E-02     0.2599897265         0.2189353108         0.1609421373         0.5913868109E-01     0.2838461041    
    0.4253862500         0.8638169169E-01     0.1638730526         0.5777811408         0.9999995795         0.9315555244E-01     0.2754652143         0.1414524317         0.3836750984E-03     0.2356086016    
    0.2922996283         0.9110315918E-02     0.6782280207E-01     0.2271506548         0.3512507677         0.5052385330E-01     0.1368183970         0.1974507570         0.1339248773         0.2629085595E-01
    0.1002112685         0.9627357953         0.8979435563E-01     0.1333556294         0.1411458254         0.3006786665E-02     0.4513443104E-01     0.2599148154         0.7373726368E-01     0.3577584624E-01
    0.2546021342         0.6635351777    

                         STEP LENGTH (VM)
    0.3456538417E-03     0.1000000000         0.2000000000          1.000000000         0.1000000000         0.2000000000          1.000000000         0.8986142772E-04     0.8888888668E-01     0.2000000000    
     1.000000000         0.1000000000         0.2000000000          1.000000000         0.4597147374E-04     0.8888888668E-01     0.2000000000          1.000000000         0.1000000000         0.2000000000    
     1.000000000         0.4957416964E-02     0.8387096225E-01     0.2000000000          1.000000000         0.1000000000         0.2000000000          1.000000000         0.2152344716E-03     0.1078590660E-03
    0.3633944436E-03     0.5448439412E-02     0.1000000000         0.2000000000          1.000000000         0.4740571728E-04     0.5413542607E-04     0.5418907687E-03     0.5051294379E-02     0.1000000000    
    0.2000000000          1.000000000    
 

  SA ACHIEVED TERMINATION CRITERIA. IER = 0. 


  ****   RESULTS AFTER SA   ****   

                         SOLUTION
    0.9999536382         0.9781573415E-01     0.1635499716         0.5593419671         0.2075868845E-02     0.2599897265         0.2189353108         0.1609421373         0.5913868109E-01     0.2838461041    
    0.4253862500         0.8638169169E-01     0.1638730526         0.5777811408         0.9999995795         0.9315555244E-01     0.2754652143         0.1414524317         0.3836750984E-03     0.2356086016    
    0.2922996283         0.9110315918E-02     0.6782280207E-01     0.2271506548         0.3512507677         0.5052385330E-01     0.1368183970         0.1974507570         0.1339248773         0.2629085595E-01
    0.1002112685         0.9627357953         0.8979435563E-01     0.1333556294         0.1411458254         0.3006786665E-02     0.4513443104E-01     0.2599148154         0.7373726368E-01     0.3577584624E-01
    0.2546021342         0.6635351777    

                         FINAL STEP LENGTH
    0.3456538417E-03     0.1000000000         0.2000000000          1.000000000         0.1000000000         0.2000000000          1.000000000         0.8986142772E-04     0.8888888668E-01     0.2000000000    
     1.000000000         0.1000000000         0.2000000000          1.000000000         0.4597147374E-04     0.8888888668E-01     0.2000000000          1.000000000         0.1000000000         0.2000000000    
     1.000000000         0.4957416964E-02     0.8387096225E-01     0.2000000000          1.000000000         0.1000000000         0.2000000000          1.000000000         0.2152344716E-03     0.1078590660E-03
    0.3633944436E-03     0.5448439412E-02     0.1000000000         0.2000000000          1.000000000         0.4740571728E-04     0.5413542607E-04     0.5418907687E-03     0.5051294379E-02     0.1000000000    
    0.2000000000          1.000000000    

 OPTIMAL FUNCTION VALUE:  0.2081118103652E-02
 NUMBER OF FUNCTION EVALUATIONS:         124321
 NUMBER OF ACCEPTED EVALUATIONS:         109016
 NUMBER OF OUT OF BOUND EVALUATIONS:      55365
 FINAL TEMP:  0.1589188766283E-03  IER:   0
