
 SIMULATED PARALLEL ANNEALING by NEIGHBORHOOD EXAMPLE

 NUMBER OF PARAMETERS:  42   MAXIMAZATION:     F
 INITIAL TEMP:  5.0       RT: 0.75       EPS: 0.10E-02
 NS:  24   NT:  20   NEPS:  4
 MAXEVL:  100000000   IPRINT: 1   ISEED1:    7 ISEED2:    8

                         STARTING VALUES
    0.9125685692         0.2442079782E-01     0.2629941940         0.6651300192E-01     0.2334885597E-01     0.1485212326         0.4293808937         0.8534556031         0.2422806025E-01     0.1147526979    
    0.2840501666         0.3548512459E-01     0.1375319362         0.6778204441         0.9670765405         0.1856625080E-01     0.2587705016         0.6379081011         0.2301385999E-01     0.2157563210    
    0.6967710257         0.5308032036E-02     0.2128918171E-01     0.2689041853         0.8076084256         0.7953647375E-01     0.2476850152         0.9961336851         0.8534411788         0.4297322631E-01
    0.1170145512         0.9173130393         0.6880146265E-01     0.1930943131         0.8439904451         0.9153562784E-01     0.8814674616E-02     0.1009628654         0.1389328241         0.6144706607E-01
    0.1715142965         0.9794155359    

                         INITIAL STEP LENGTH
     1.000000000         0.1000000000         0.2000000000          1.000000000         0.1000000000         0.2000000000          1.000000000          1.000000000         0.1000000000         0.2000000000    
     1.000000000         0.1000000000         0.2000000000          1.000000000          1.000000000         0.1000000000         0.2000000000          1.000000000         0.1000000000         0.2000000000    
     1.000000000          1.000000000         0.1000000000         0.2000000000          1.000000000         0.1000000000         0.2000000000          1.000000000          1.000000000         0.1000000000    
    0.2000000000          1.000000000         0.1000000000         0.2000000000          1.000000000          1.000000000         0.1000000000         0.2000000000          1.000000000         0.1000000000    
    0.2000000000          1.000000000    

                         LOWER BOUND
     0.000000000          0.000000000         0.1000000000          0.000000000          0.000000000         0.1000000000          0.000000000          0.000000000          0.000000000         0.1000000000    
     0.000000000          0.000000000         0.1000000000          0.000000000          0.000000000          0.000000000         0.1000000000          0.000000000          0.000000000         0.1000000000    
     0.000000000          0.000000000          0.000000000         0.1000000000          0.000000000          0.000000000         0.1000000000          0.000000000          0.000000000          0.000000000    
    0.1000000000          0.000000000          0.000000000         0.1000000000          0.000000000          0.000000000          0.000000000         0.1000000000          0.000000000          0.000000000    
    0.1000000000          0.000000000    

                         UPPER BOUND
     1.000000000         0.1000000000         0.3000000000          1.000000000         0.1000000000         0.3000000000          1.000000000          1.000000000         0.1000000000         0.3000000000    
     1.000000000         0.1000000000         0.3000000000          1.000000000          1.000000000         0.1000000000         0.3000000000          1.000000000         0.1000000000         0.3000000000    
     1.000000000          1.000000000         0.1000000000         0.3000000000          1.000000000         0.1000000000         0.3000000000          1.000000000          1.000000000         0.1000000000    
    0.3000000000          1.000000000         0.1000000000         0.3000000000          1.000000000          1.000000000         0.1000000000         0.3000000000          1.000000000         0.1000000000    
    0.3000000000          1.000000000    

                         C VECTOR
     2.000000000          2.000000000          2.000000000          2.000000000          2.000000000          2.000000000          2.000000000          2.000000000          2.000000000          2.000000000    
     2.000000000          2.000000000          2.000000000          2.000000000          2.000000000          2.000000000          2.000000000          2.000000000          2.000000000          2.000000000    
     2.000000000          2.000000000          2.000000000          2.000000000          2.000000000          2.000000000          2.000000000          2.000000000          2.000000000          2.000000000    
     2.000000000          2.000000000          2.000000000          2.000000000          2.000000000          2.000000000          2.000000000          2.000000000          2.000000000          2.000000000    
     2.000000000          2.000000000    

  ****   END OF DRIVER ROUTINE OUTPUT   ****
  ****   BEFORE CALL TO SA.             ****
  

                         INITIAL X
    0.9125685692         0.2442079782E-01     0.2629941940         0.6651300192E-01     0.2334885597E-01     0.1485212326         0.4293808937         0.8534556031         0.2422806025E-01     0.1147526979    
    0.2840501666         0.3548512459E-01     0.1375319362         0.6778204441         0.9670765405         0.1856625080E-01     0.2587705016         0.6379081011         0.2301385999E-01     0.2157563210    
    0.6967710257         0.5308032036E-02     0.2128918171E-01     0.2689041853         0.8076084256         0.7953647375E-01     0.2476850152         0.9961336851         0.8534411788         0.4297322631E-01
    0.1170145512         0.9173130393         0.6880146265E-01     0.1930943131         0.8439904451         0.9153562784E-01     0.8814674616E-02     0.1009628654         0.1389328241         0.6144706607E-01
    0.1715142965         0.9794155359    
  INITIAL F: 
 0.201237796452680362    

 INTERMEDIATE RESULTS BEFORE NEXT TEMPERATURE REDUCTION

  CURRENT TEMPERATURE:              5.0000    
  MIN FUNCTION VALUE SO FAR:   0.102333210541878161    
  TOTAL MOVES:                    3360
     DOWNHILL:                    2370
     ACCEPTED UPHILL:              870
     REJECTED UPHILL:              120
  TRIALS OUT OF BOUNDS:           1649
  NEW MINIMA THIS TEMPERATURE:       0

                         CURRENT OPTIMAL X
    0.9577373862         0.2270451188E-01     0.2141149282         0.1815260053         0.8452822566E-01     0.2567390800         0.7647461891         0.8695156574         0.9323890805E-01     0.1110832214    
    0.6583604217         0.3562378883E-01     0.1786772370         0.4802740812         0.9823711514         0.9119856954E-01     0.2171089649         0.4417357445         0.9195613861E-01     0.2232566357    
    0.7494687438         0.1140469909         0.8160689473E-01     0.2463069081         0.6725124121         0.7145275474E-01     0.1097869992         0.7838590145         0.7564851046         0.7481467724E-01
    0.2274355650         0.3641157150         0.2634345293E-01     0.1914972305         0.2111157179         0.1644573212         0.1654538512E-01     0.1345967889         0.5220623016         0.6184132099E-01
    0.2600097537         0.9295262694    

                         STEP LENGTH (VM)
     1.000000000         0.1000000000         0.2000000000          1.000000000         0.1000000000         0.2000000000          1.000000000          1.000000000         0.1000000000         0.2000000000    
     1.000000000         0.1000000000         0.2000000000          1.000000000         0.2704788167         0.1000000000         0.2000000000          1.000000000         0.1000000000         0.2000000000    
     1.000000000          1.000000000         0.1000000000         0.2000000000          1.000000000         0.1000000000         0.2000000000          1.000000000          1.000000000         0.1000000000    
    0.2000000000          1.000000000         0.1000000000         0.2000000000          1.000000000          1.000000000         0.1000000000         0.2000000000          1.000000000         0.1000000000    
    0.2000000000          1.000000000    
 

 INTERMEDIATE RESULTS BEFORE NEXT TEMPERATURE REDUCTION

  CURRENT TEMPERATURE:              3.7500    
  MIN FUNCTION VALUE SO FAR:   0.925566942151488936E-01
  TOTAL MOVES:                    3360
     DOWNHILL:                    2395
     ACCEPTED UPHILL:              837
     REJECTED UPHILL:              128
  TRIALS OUT OF BOUNDS:           1617
  NEW MINIMA THIS TEMPERATURE:       0

                         CURRENT OPTIMAL X
    0.9577373862         0.2440689802E-01     0.2579396486         0.4962022901         0.7104596496E-01     0.2147028923         0.1866798401         0.8913323283         0.9323890805E-01     0.1110832214    
    0.6583604217         0.3562378883E-01     0.1786772370         0.4802740812         0.9823711514         0.9119856954E-01     0.2171089649         0.4417357445         0.9195613861E-01     0.2232566357    
    0.7494687438         0.1140469909         0.8160689473E-01     0.2463069081         0.6725124121         0.7145275474E-01     0.1097869992         0.7838590145         0.7564851046         0.7481467724E-01
    0.2274355650         0.3641157150         0.2634345293E-01     0.1914972305         0.2111157179         0.1644573212         0.1654538512E-01     0.1345967889         0.5220623016         0.6184132099E-01
    0.2600097537         0.9295262694    

                         STEP LENGTH (VM)
     1.000000000         0.1000000000         0.2000000000          1.000000000         0.1000000000         0.2000000000          1.000000000          1.000000000         0.1000000000         0.2000000000    
     1.000000000         0.1000000000         0.2000000000          1.000000000         0.2137115786         0.1000000000         0.2000000000          1.000000000         0.1000000000         0.2000000000    
     1.000000000          1.000000000         0.1000000000         0.2000000000          1.000000000         0.1000000000         0.2000000000          1.000000000          1.000000000         0.1000000000    
    0.2000000000          1.000000000         0.1000000000         0.2000000000          1.000000000          1.000000000         0.1000000000         0.2000000000          1.000000000         0.1000000000    
    0.2000000000          1.000000000    
 

 INTERMEDIATE RESULTS BEFORE NEXT TEMPERATURE REDUCTION

  CURRENT TEMPERATURE:              2.8125    
  MIN FUNCTION VALUE SO FAR:   0.925566942151488936E-01
  TOTAL MOVES:                    3360
     DOWNHILL:                    2421
     ACCEPTED UPHILL:              812
     REJECTED UPHILL:              127
  TRIALS OUT OF BOUNDS:           1645
  NEW MINIMA THIS TEMPERATURE:       0

                         CURRENT OPTIMAL X
    0.9577373862         0.2440689802E-01     0.2579396486         0.4962022901         0.7104596496E-01     0.2147028923         0.1866798401         0.8913323283         0.9323890805E-01     0.1110832214    
    0.6583604217         0.3562378883E-01     0.1786772370         0.4802740812         0.9823711514         0.9119856954E-01     0.2171089649         0.4417357445         0.9195613861E-01     0.2232566357    
    0.7494687438         0.1140469909         0.8160689473E-01     0.2463069081         0.6725124121         0.7145275474E-01     0.1097869992         0.7838590145         0.7564851046         0.7481467724E-01
    0.2274355650         0.3641157150         0.2634345293E-01     0.1914972305         0.2111157179         0.1644573212         0.1654538512E-01     0.1345967889         0.5220623016         0.6184132099E-01
    0.2600097537         0.9295262694    

                         STEP LENGTH (VM)
     1.000000000         0.1000000000         0.2000000000          1.000000000         0.1000000000         0.2000000000          1.000000000         0.9235638780         0.1000000000         0.2000000000    
     1.000000000         0.1000000000         0.2000000000          1.000000000         0.2369012238         0.1000000000         0.2000000000          1.000000000         0.1000000000         0.2000000000    
     1.000000000          1.000000000         0.1000000000         0.2000000000          1.000000000         0.1000000000         0.2000000000          1.000000000          1.000000000         0.1000000000    
    0.2000000000          1.000000000         0.1000000000         0.2000000000          1.000000000          1.000000000         0.1000000000         0.2000000000          1.000000000         0.1000000000    
    0.2000000000          1.000000000    
 

 INTERMEDIATE RESULTS BEFORE NEXT TEMPERATURE REDUCTION

  CURRENT TEMPERATURE:              2.1094    
  MIN FUNCTION VALUE SO FAR:   0.909257425496992067E-01
  TOTAL MOVES:                    3360
     DOWNHILL:                    2394
     ACCEPTED UPHILL:              835
     REJECTED UPHILL:              131
  TRIALS OUT OF BOUNDS:           1724
  NEW MINIMA THIS TEMPERATURE:       0

                         CURRENT OPTIMAL X
    0.9577373862         0.2271904349E-01     0.1276721001         0.7789269090         0.8721027374E-01     0.2046701193         0.7122799158         0.8913323283         0.1406112313E-01     0.2775196075    
    0.6583604217         0.3562378883E-01     0.1786772370         0.4802740812         0.9823711514         0.9119856954E-01     0.2171089649         0.4417357445         0.9195613861E-01     0.2232566357    
    0.7494687438         0.1140469909         0.8160689473E-01     0.2463069081         0.6725124121         0.7145275474E-01     0.1097869992         0.7838590145         0.7564851046         0.7481467724E-01
    0.2274355650         0.3641157150         0.2634345293E-01     0.1914972305         0.2111157179         0.1644573212         0.1654538512E-01     0.1345967889         0.5220623016         0.6184132099E-01
    0.2600097537         0.9295262694    

                         STEP LENGTH (VM)
     1.000000000         0.1000000000         0.2000000000          1.000000000         0.1000000000         0.2000000000          1.000000000          1.000000000         0.1000000000         0.2000000000    
     1.000000000         0.1000000000         0.2000000000          1.000000000         0.3504825209         0.1000000000         0.2000000000          1.000000000         0.1000000000         0.2000000000    
     1.000000000          1.000000000         0.1000000000         0.2000000000          1.000000000         0.1000000000         0.2000000000          1.000000000          1.000000000         0.1000000000    
    0.2000000000          1.000000000         0.1000000000         0.2000000000          1.000000000          1.000000000         0.1000000000         0.2000000000          1.000000000         0.1000000000    
    0.2000000000          1.000000000    
 

 INTERMEDIATE RESULTS BEFORE NEXT TEMPERATURE REDUCTION

  CURRENT TEMPERATURE:              1.5820    
  MIN FUNCTION VALUE SO FAR:   0.909257425496992067E-01
  TOTAL MOVES:                    3360
     DOWNHILL:                    2387
     ACCEPTED UPHILL:              825
     REJECTED UPHILL:              148
  TRIALS OUT OF BOUNDS:           1697
  NEW MINIMA THIS TEMPERATURE:       0

                         CURRENT OPTIMAL X
    0.9577373862         0.2271904349E-01     0.1276721001         0.7789269090         0.8721027374E-01     0.2046701193         0.7122799158         0.8913323283         0.1406112313E-01     0.2775196075    
    0.6583604217         0.3562378883E-01     0.1786772370         0.4802740812         0.9823711514         0.9119856954E-01     0.2171089649         0.4417357445         0.9195613861E-01     0.2232566357    
    0.7494687438         0.1140469909         0.8160689473E-01     0.2463069081         0.6725124121         0.7145275474E-01     0.1097869992         0.7838590145         0.7564851046         0.7481467724E-01
    0.2274355650         0.3641157150         0.2634345293E-01     0.1914972305         0.2111157179         0.1644573212         0.1654538512E-01     0.1345967889         0.5220623016         0.6184132099E-01
    0.2600097537         0.9295262694    

                         STEP LENGTH (VM)
     1.000000000         0.1000000000         0.2000000000          1.000000000         0.1000000000         0.2000000000          1.000000000         0.8888888668         0.1000000000         0.2000000000    
     1.000000000         0.1000000000         0.2000000000          1.000000000         0.1502067536         0.1000000000         0.2000000000          1.000000000         0.1000000000         0.2000000000    
     1.000000000          1.000000000         0.1000000000         0.2000000000          1.000000000         0.1000000000         0.2000000000          1.000000000          1.000000000         0.1000000000    
    0.2000000000          1.000000000         0.1000000000         0.2000000000          1.000000000          1.000000000         0.1000000000         0.2000000000          1.000000000         0.1000000000    
    0.2000000000          1.000000000    
 

 INTERMEDIATE RESULTS BEFORE NEXT TEMPERATURE REDUCTION

  CURRENT TEMPERATURE:              1.1865    
  MIN FUNCTION VALUE SO FAR:   0.908925807032708866E-01
  TOTAL MOVES:                    3360
     DOWNHILL:                    2420
     ACCEPTED UPHILL:              808
     REJECTED UPHILL:              132
  TRIALS OUT OF BOUNDS:           1692
  NEW MINIMA THIS TEMPERATURE:       0

                         CURRENT OPTIMAL X
    0.9577373862         0.1500861049E-01     0.2908818245         0.7789269090         0.8721027374E-01     0.2046701193         0.7122799158         0.8913323283         0.1406112313E-01     0.2775196075    
    0.6583604217         0.3562378883E-01     0.1786772370         0.4802740812         0.9823711514         0.9119856954E-01     0.2171089649         0.4417357445         0.9195613861E-01     0.2232566357    
    0.7494687438         0.1140469909         0.8160689473E-01     0.2463069081         0.6725124121         0.7145275474E-01     0.1097869992         0.7838590145         0.7564851046         0.7481467724E-01
    0.2274355650         0.3641157150         0.2634345293E-01     0.1914972305         0.2111157179         0.1644573212         0.1654538512E-01     0.1345967889         0.5220623016         0.6184132099E-01
    0.2600097537         0.9295262694    

                         STEP LENGTH (VM)
     1.000000000         0.1000000000         0.2000000000          1.000000000         0.1000000000         0.2000000000          1.000000000          1.000000000         0.1000000000         0.2000000000    
     1.000000000         0.1000000000         0.2000000000          1.000000000         0.1716647586         0.1000000000         0.2000000000          1.000000000         0.1000000000         0.2000000000    
     1.000000000          1.000000000         0.1000000000         0.2000000000          1.000000000         0.1000000000         0.2000000000          1.000000000          1.000000000         0.1000000000    
    0.2000000000          1.000000000         0.1000000000         0.2000000000          1.000000000          1.000000000         0.1000000000         0.2000000000          1.000000000         0.1000000000    
    0.2000000000          1.000000000    
 

 INTERMEDIATE RESULTS BEFORE NEXT TEMPERATURE REDUCTION

  CURRENT TEMPERATURE:             0.88989    
  MIN FUNCTION VALUE SO FAR:   0.637400797876768177E-01
  TOTAL MOVES:                    3360
     DOWNHILL:                    2390
     ACCEPTED UPHILL:              837
     REJECTED UPHILL:              133
  TRIALS OUT OF BOUNDS:           1637
  NEW MINIMA THIS TEMPERATURE:       0

                         CURRENT OPTIMAL X
    0.9582644105         0.8537943959E-01     0.2053362608         0.9003263116         0.8773241043E-01     0.2191020966         0.9417092800         0.6535504460         0.9311983585E-01     0.2085053802    
    0.9418837428         0.1432797909E-01     0.1473027706         0.3475037217         0.9959029186         0.9037228227E-01     0.2937499762         0.1020191908         0.1641654968E-02     0.2674569130    
    0.6412498951         0.1574617028         0.2101885080E-01     0.1323535562         0.6909883022         0.1851093769E-02     0.1503934622         0.1475049257         0.6444457769         0.3648880124E-01
    0.1248906732         0.8658003807E-01     0.6487005949E-01     0.2146802902         0.8816218376E-01     0.7669389248E-01     0.5442223549E-01     0.2854275942         0.9404828548         0.6657145619E-01
    0.1230783105         0.6178258657    

                         STEP LENGTH (VM)
     1.000000000         0.1000000000         0.2000000000          1.000000000         0.1000000000         0.2000000000          1.000000000          1.000000000         0.1000000000         0.2000000000    
     1.000000000         0.1000000000         0.2000000000          1.000000000         0.1979556696         0.1000000000         0.2000000000          1.000000000         0.1000000000         0.2000000000    
     1.000000000          1.000000000         0.1000000000         0.2000000000          1.000000000         0.1000000000         0.2000000000          1.000000000          1.000000000         0.1000000000    
    0.2000000000          1.000000000         0.1000000000         0.2000000000          1.000000000          1.000000000         0.1000000000         0.2000000000          1.000000000         0.1000000000    
    0.2000000000          1.000000000    
 

 INTERMEDIATE RESULTS BEFORE NEXT TEMPERATURE REDUCTION

  CURRENT TEMPERATURE:             0.66742    
  MIN FUNCTION VALUE SO FAR:   0.605360414635229827E-01
  TOTAL MOVES:                    3360
     DOWNHILL:                    2366
     ACCEPTED UPHILL:              823
     REJECTED UPHILL:              171
  TRIALS OUT OF BOUNDS:           1623
  NEW MINIMA THIS TEMPERATURE:       3

                         CURRENT OPTIMAL X
    0.9582644105         0.8698543906E-01     0.2077275991         0.4918615222         0.2869087458E-02     0.1023601532         0.5727187395         0.6535504460         0.3301331997E-01     0.2632388473    
    0.7365630269         0.1795476675E-02     0.2477314711         0.3927646875         0.9959029186         0.5135799050E-01     0.1811196208         0.8266350031         0.1125588417E-01     0.1696636438    
    0.9278628826         0.1574617028         0.1073746085E-01     0.1821294785         0.5054761171         0.6986275911E-01     0.2627631187         0.7644931674         0.6444457769         0.8497748971E-01
    0.1343141437         0.6454253197         0.6487005949E-01     0.2146802902         0.8816218376E-01     0.7669389248E-01     0.5442223549E-01     0.2854275942         0.9404828548         0.6657145619E-01
    0.1230783105         0.6178258657    

                         STEP LENGTH (VM)
     1.000000000         0.1000000000         0.2000000000          1.000000000         0.1000000000         0.2000000000          1.000000000         0.5765764133         0.1000000000         0.2000000000    
     1.000000000         0.1000000000         0.2000000000          1.000000000         0.1808483622         0.1000000000         0.2000000000          1.000000000         0.1000000000         0.2000000000    
     1.000000000          1.000000000         0.1000000000         0.2000000000          1.000000000         0.1000000000         0.2000000000          1.000000000          1.000000000         0.1000000000    
    0.2000000000          1.000000000         0.1000000000         0.2000000000          1.000000000          1.000000000         0.1000000000         0.2000000000          1.000000000         0.1000000000    
    0.2000000000          1.000000000    
 

 INTERMEDIATE RESULTS BEFORE NEXT TEMPERATURE REDUCTION

  CURRENT TEMPERATURE:             0.50056    
  MIN FUNCTION VALUE SO FAR:   0.594928858140768568E-01
  TOTAL MOVES:                    3360
     DOWNHILL:                    2382
     ACCEPTED UPHILL:              797
     REJECTED UPHILL:              181
  TRIALS OUT OF BOUNDS:           1626
  NEW MINIMA THIS TEMPERATURE:       2

                         CURRENT OPTIMAL X
    0.9582644105         0.3310467005E-01     0.1323317528         0.4918615222         0.2869087458E-02     0.1023601532         0.5727187395         0.6535504460         0.3301331997E-01     0.2632388473    
    0.7365630269         0.1795476675E-02     0.2477314711         0.3927646875         0.9959029186         0.5135799050E-01     0.1811196208         0.8266350031         0.1125588417E-01     0.1696636438    
    0.9278628826         0.1574617028         0.1073746085E-01     0.1821294785         0.5054761171         0.6986275911E-01     0.2627631187         0.7644931674         0.6444457769         0.8497748971E-01
    0.1343141437         0.6454253197         0.6487005949E-01     0.2146802902         0.8816218376E-01     0.7669389248E-01     0.5442223549E-01     0.2854275942         0.9404828548         0.6657145619E-01
    0.1230783105         0.6178258657    

                         STEP LENGTH (VM)
     1.000000000         0.1000000000         0.2000000000          1.000000000         0.1000000000         0.2000000000          1.000000000         0.5624997128         0.1000000000         0.2000000000    
     1.000000000         0.1000000000         0.2000000000          1.000000000         0.1858718477         0.1000000000         0.2000000000          1.000000000         0.1000000000         0.2000000000    
     1.000000000          1.000000000         0.1000000000         0.2000000000          1.000000000         0.1000000000         0.2000000000          1.000000000          1.000000000         0.1000000000    
    0.2000000000          1.000000000         0.1000000000         0.2000000000          1.000000000          1.000000000         0.1000000000         0.2000000000          1.000000000         0.1000000000    
    0.2000000000          1.000000000    
 

 INTERMEDIATE RESULTS BEFORE NEXT TEMPERATURE REDUCTION

  CURRENT TEMPERATURE:             0.37542    
  MIN FUNCTION VALUE SO FAR:   0.586621409245768888E-01
  TOTAL MOVES:                    3360
     DOWNHILL:                    2372
     ACCEPTED UPHILL:              798
     REJECTED UPHILL:              190
  TRIALS OUT OF BOUNDS:           1580
  NEW MINIMA THIS TEMPERATURE:       0

                         CURRENT OPTIMAL X
    0.9582644105         0.3976941109E-01     0.1136366963         0.2822759748         0.7392054200E-01     0.1261203289         0.6618400812         0.6535504460         0.5921136141E-01     0.2962993264    
    0.7365630269         0.1795476675E-02     0.2477314711         0.3927646875         0.9959029186         0.5135799050E-01     0.1811196208         0.8266350031         0.1125588417E-01     0.1696636438    
    0.9278628826         0.1574617028         0.1073746085E-01     0.1821294785         0.5054761171         0.6986275911E-01     0.2627631187         0.7644931674         0.6444457769         0.8497748971E-01
    0.1343141437         0.6454253197         0.6487005949E-01     0.2146802902         0.8816218376E-01     0.7669389248E-01     0.5442223549E-01     0.2854275942         0.9404828548         0.6657145619E-01
    0.1230783105         0.6178258657    

                         STEP LENGTH (VM)
     1.000000000         0.1000000000         0.2000000000          1.000000000         0.1000000000         0.2000000000          1.000000000         0.5175072529         0.1000000000         0.2000000000    
     1.000000000         0.1000000000         0.2000000000          1.000000000         0.1258814135         0.1000000000         0.2000000000          1.000000000         0.1000000000         0.2000000000    
     1.000000000          1.000000000         0.1000000000         0.2000000000          1.000000000         0.1000000000         0.2000000000          1.000000000          1.000000000         0.1000000000    
    0.2000000000          1.000000000         0.1000000000         0.2000000000          1.000000000          1.000000000         0.1000000000         0.2000000000          1.000000000         0.1000000000    
    0.2000000000          1.000000000    
 

 INTERMEDIATE RESULTS BEFORE NEXT TEMPERATURE REDUCTION

  CURRENT TEMPERATURE:             0.28157    
  MIN FUNCTION VALUE SO FAR:   0.423484293326771288E-01
  TOTAL MOVES:                    3360
     DOWNHILL:                    2314
     ACCEPTED UPHILL:              834
     REJECTED UPHILL:              212
  TRIALS OUT OF BOUNDS:           1622
  NEW MINIMA THIS TEMPERATURE:       2

                         CURRENT OPTIMAL X
    0.8987489939         0.6004613638E-01     0.2762590051         0.5515764952         0.9535712004E-01     0.2098291993         0.6610430479         0.9836882328         0.1310375333E-01     0.2785266876    
    0.6155308485         0.1551622748E-01     0.1558549166         0.4920005798E-02     0.9957367328         0.1031035781E-01     0.2849012017         0.4627447128         0.1610491276E-01     0.1666674256    
    0.9607772231         0.1336461306E-01     0.4989902377E-01     0.1204846263         0.3145297766         0.4263179302E-01     0.1929106832         0.8953557014         0.9511606693         0.6539150476E-01
    0.2127662301         0.8581792712         0.4413425922E-02     0.2623975158         0.7631481290         0.9882915020E-01     0.5939719081E-01     0.1197894454         0.4625359774         0.4479100108E-01
    0.2207454324         0.5969924331    

                         STEP LENGTH (VM)
     1.000000000         0.1000000000         0.2000000000          1.000000000         0.1000000000         0.2000000000          1.000000000         0.3215046149         0.1000000000         0.2000000000    
     1.000000000         0.1000000000         0.2000000000          1.000000000         0.6853000491E-01     0.1000000000         0.2000000000          1.000000000         0.1000000000         0.2000000000    
     1.000000000         0.8803087084         0.1000000000         0.2000000000          1.000000000         0.1000000000         0.2000000000          1.000000000          1.000000000         0.1000000000    
    0.2000000000          1.000000000         0.1000000000         0.2000000000          1.000000000          1.000000000         0.1000000000         0.2000000000          1.000000000         0.1000000000    
    0.2000000000          1.000000000    
 

 INTERMEDIATE RESULTS BEFORE NEXT TEMPERATURE REDUCTION

  CURRENT TEMPERATURE:             0.21118    
  MIN FUNCTION VALUE SO FAR:   0.290193649528150965E-01
  TOTAL MOVES:                    3360
     DOWNHILL:                    2348
     ACCEPTED UPHILL:              768
     REJECTED UPHILL:              244
  TRIALS OUT OF BOUNDS:           1639
  NEW MINIMA THIS TEMPERATURE:       5

                         CURRENT OPTIMAL X
    0.8987489939         0.1899346113E-01     0.1692846298         0.4499555230         0.9910833836E-02     0.1772527575         0.1054050326         0.9836882328         0.1426164508E-01     0.2628035665    
    0.1383807659         0.2153465748E-01     0.1580946922         0.5256846547         0.9957367328         0.5259020925E-01     0.1782960892         0.3075444698         0.7275691032E-01     0.2948567986    
    0.9149831533E-01     0.1336461306E-01     0.9844939113E-01     0.2055263400         0.4186247587         0.2142401934E-01     0.1380210757         0.1571099162         0.9511606693         0.7041534781E-01
    0.2838268399         0.5269107223         0.9333138466E-01     0.2648535490         0.3047541976         0.9882915020E-01     0.7457892299E-01     0.1534999609         0.1810266376         0.7245644927E-01
    0.2511488795         0.2021706700    

                         STEP LENGTH (VM)
     1.000000000         0.1000000000         0.2000000000          1.000000000         0.1000000000         0.2000000000          1.000000000         0.3071026561         0.1000000000         0.2000000000    
     1.000000000         0.1000000000         0.2000000000          1.000000000         0.6745920059E-01     0.1000000000         0.2000000000          1.000000000         0.1000000000         0.2000000000    
     1.000000000         0.7619046828         0.1000000000         0.2000000000          1.000000000         0.1000000000         0.2000000000          1.000000000         0.4169882047         0.1000000000    
    0.2000000000          1.000000000         0.1000000000         0.2000000000          1.000000000          1.000000000         0.1000000000         0.2000000000          1.000000000         0.1000000000    
    0.2000000000          1.000000000    
 

 INTERMEDIATE RESULTS BEFORE NEXT TEMPERATURE REDUCTION

  CURRENT TEMPERATURE:             0.15838    
  MIN FUNCTION VALUE SO FAR:   0.289714335880822960E-01
  TOTAL MOVES:                    3360
     DOWNHILL:                    2363
     ACCEPTED UPHILL:              762
     REJECTED UPHILL:              235
  TRIALS OUT OF BOUNDS:           1595
  NEW MINIMA THIS TEMPERATURE:       0

                         CURRENT OPTIMAL X
    0.8987489939         0.1849204898E-01     0.1959920049         0.4499555230         0.9910833836E-02     0.1772527575         0.1054050326         0.9836882328         0.1426164508E-01     0.2628035665    
    0.1383807659         0.2153465748E-01     0.1580946922         0.5256846547         0.9957367328         0.5259020925E-01     0.1782960892         0.3075444698         0.7275691032E-01     0.2948567986    
    0.9149831533E-01     0.1336461306E-01     0.9844939113E-01     0.2055263400         0.4186247587         0.2142401934E-01     0.1380210757         0.1571099162         0.9511606693         0.7041534781E-01
    0.2838268399         0.5269107223         0.9333138466E-01     0.2648535490         0.3047541976         0.9882915020E-01     0.7457892299E-01     0.1534999609         0.1810266376         0.7245644927E-01
    0.2511488795         0.2021706700    

                         STEP LENGTH (VM)
     1.000000000         0.1000000000         0.2000000000          1.000000000         0.1000000000         0.2000000000          1.000000000         0.2824140416         0.1000000000         0.2000000000    
     1.000000000         0.1000000000         0.2000000000          1.000000000         0.5296702964E-01     0.1000000000         0.2000000000          1.000000000         0.1000000000         0.2000000000    
     1.000000000          1.000000000         0.1000000000         0.2000000000          1.000000000         0.1000000000         0.2000000000          1.000000000         0.3214283303         0.1000000000    
    0.2000000000          1.000000000         0.1000000000         0.2000000000          1.000000000          1.000000000         0.1000000000         0.2000000000          1.000000000         0.1000000000    
    0.2000000000          1.000000000    
 

 INTERMEDIATE RESULTS BEFORE NEXT TEMPERATURE REDUCTION

  CURRENT TEMPERATURE:             0.11879    
  MIN FUNCTION VALUE SO FAR:   0.276413940203041886E-01
  TOTAL MOVES:                    3360
     DOWNHILL:                    2327
     ACCEPTED UPHILL:              756
     REJECTED UPHILL:              277
  TRIALS OUT OF BOUNDS:           1556
  NEW MINIMA THIS TEMPERATURE:       0

                         CURRENT OPTIMAL X
    0.9565501213         0.4072927833E-01     0.1369312048         0.8475731611         0.9910833836E-02     0.1772527575         0.1054050326         0.9836882328         0.1426164508E-01     0.2628035665    
    0.1383807659         0.2153465748E-01     0.1580946922         0.5256846547         0.9957367328         0.5259020925E-01     0.1782960892         0.3075444698         0.7275691032E-01     0.2948567986    
    0.9149831533E-01     0.1336461306E-01     0.9844939113E-01     0.2055263400         0.4186247587         0.2142401934E-01     0.1380210757         0.1571099162         0.9511606693         0.7041534781E-01
    0.2838268399         0.5269107223         0.9333138466E-01     0.2648535490         0.3047541976         0.9882915020E-01     0.7457892299E-01     0.1534999609         0.1810266376         0.7245644927E-01
    0.2511488795         0.2021706700    

                         STEP LENGTH (VM)
     1.000000000         0.1000000000         0.2000000000          1.000000000         0.1000000000         0.2000000000          1.000000000         0.1986207317         0.1000000000         0.2000000000    
     1.000000000         0.1000000000         0.2000000000          1.000000000         0.6420544035E-01     0.1000000000         0.2000000000          1.000000000         0.1000000000         0.2000000000    
     1.000000000         0.3326834736         0.1000000000         0.2000000000          1.000000000         0.1000000000         0.2000000000          1.000000000         0.2854335528         0.1000000000    
    0.2000000000          1.000000000         0.1000000000         0.2000000000          1.000000000         0.7283068012         0.1000000000         0.2000000000          1.000000000         0.1000000000    
    0.2000000000          1.000000000    
 

 INTERMEDIATE RESULTS BEFORE NEXT TEMPERATURE REDUCTION

  CURRENT TEMPERATURE:             0.89090E-01
  MIN FUNCTION VALUE SO FAR:   0.272711432348956562E-01
  TOTAL MOVES:                    3360
     DOWNHILL:                    2311
     ACCEPTED UPHILL:              782
     REJECTED UPHILL:              267
  TRIALS OUT OF BOUNDS:           1551
  NEW MINIMA THIS TEMPERATURE:       2

                         CURRENT OPTIMAL X
    0.9565501213         0.2670040727E-01     0.2335023999         0.1150957346         0.9910833836E-02     0.1772527575         0.1054050326         0.9836882328         0.1426164508E-01     0.2628035665    
    0.1383807659         0.2153465748E-01     0.1580946922         0.5256846547         0.9957367328         0.5259020925E-01     0.1782960892         0.3075444698         0.7275691032E-01     0.2948567986    
    0.9149831533E-01     0.1336461306E-01     0.9844939113E-01     0.2055263400         0.4186247587         0.2142401934E-01     0.1380210757         0.1571099162         0.9511606693         0.7041534781E-01
    0.2838268399         0.5269107223         0.9333138466E-01     0.2648535490         0.3047541976         0.9882915020E-01     0.7457892299E-01     0.1534999609         0.1810266376         0.7245644927E-01
    0.2511488795         0.2021706700    

                         STEP LENGTH (VM)
     1.000000000         0.1000000000         0.2000000000          1.000000000         0.1000000000         0.2000000000          1.000000000         0.2254612444         0.1000000000         0.2000000000    
     1.000000000         0.1000000000         0.2000000000          1.000000000         0.3491111000E-01     0.1000000000         0.2000000000          1.000000000         0.1000000000         0.2000000000    
     1.000000000         0.6648806056         0.1000000000         0.2000000000          1.000000000         0.1000000000         0.2000000000          1.000000000         0.1673884976         0.1000000000    
    0.2000000000          1.000000000         0.1000000000         0.2000000000          1.000000000         0.3742689951         0.1000000000         0.2000000000          1.000000000         0.1000000000    
    0.2000000000          1.000000000    
 

 INTERMEDIATE RESULTS BEFORE NEXT TEMPERATURE REDUCTION

  CURRENT TEMPERATURE:             0.66817E-01
  MIN FUNCTION VALUE SO FAR:   0.407085024569286968E-02
  TOTAL MOVES:                    3360
     DOWNHILL:                    2339
     ACCEPTED UPHILL:              736
     REJECTED UPHILL:              285
  TRIALS OUT OF BOUNDS:           1609
  NEW MINIMA THIS TEMPERATURE:       4

                         CURRENT OPTIMAL X
    0.9631066918         0.2946726084E-01     0.2977850556         0.5708932877         0.3624960780E-01     0.1102365851         0.6182761192         0.9770088712         0.2839112282E-02     0.2330365419    
    0.3211099505         0.4765607119E-01     0.2237915158         0.7926585078         0.9980306846         0.7094384432E-01     0.2620273709         0.4109096527E-01     0.9503442645E-01     0.2579867721    
    0.6695522070         0.6344833405E-02     0.3763681650E-01     0.1938537598         0.2858248353         0.5097302794E-01     0.1347779274         0.8392735124         0.9912753453         0.6212595105E-01
    0.2609655380         0.4692392945         0.2496320009E-02     0.2784231782         0.5266053081         0.2819239311E-01     0.9644739628E-01     0.2327911139         0.8381339312         0.7423680425E-01
    0.2973866582         0.8213030696    

                         STEP LENGTH (VM)
     1.000000000         0.1000000000         0.2000000000          1.000000000         0.1000000000         0.2000000000          1.000000000         0.2487928571         0.1000000000         0.2000000000    
     1.000000000         0.1000000000         0.2000000000          1.000000000         0.4569808215E-01     0.1000000000         0.2000000000          1.000000000         0.1000000000         0.2000000000    
     1.000000000         0.1422550377         0.1000000000         0.2000000000          1.000000000         0.1000000000         0.2000000000          1.000000000         0.1991144139         0.1000000000    
    0.2000000000          1.000000000         0.1000000000         0.2000000000          1.000000000         0.2763156513         0.1000000000         0.2000000000          1.000000000         0.1000000000    
    0.2000000000          1.000000000    
 

  SA ACHIEVED TERMINATION CRITERIA. IER = 0. 


  ****   RESULTS AFTER SA   ****   

                         SOLUTION
    0.9631066918         0.2946726084E-01     0.2977850556         0.5708932877         0.3624960780E-01     0.1102365851         0.6182761192         0.9770088712         0.2839112282E-02     0.2330365419    
    0.3211099505         0.4765607119E-01     0.2237915158         0.7926585078         0.9980306846         0.7094384432E-01     0.2620273709         0.4109096527E-01     0.9503442645E-01     0.2579867721    
    0.6695522070         0.6344833405E-02     0.3763681650E-01     0.1938537598         0.2858248353         0.5097302794E-01     0.1347779274         0.8392735124         0.9912753453         0.6212595105E-01
    0.2609655380         0.4692392945         0.2496320009E-02     0.2784231782         0.5266053081         0.2819239311E-01     0.9644739628E-01     0.2327911139         0.8381339312         0.7423680425E-01
    0.2973866582         0.8213030696    

                         FINAL STEP LENGTH
     1.000000000         0.1000000000         0.2000000000          1.000000000         0.1000000000         0.2000000000          1.000000000         0.2487928571         0.1000000000         0.2000000000    
     1.000000000         0.1000000000         0.2000000000          1.000000000         0.4569808215E-01     0.1000000000         0.2000000000          1.000000000         0.1000000000         0.2000000000    
     1.000000000         0.1422550377         0.1000000000         0.2000000000          1.000000000         0.1000000000         0.2000000000          1.000000000         0.1991144139         0.1000000000    
    0.2000000000          1.000000000         0.1000000000         0.2000000000          1.000000000         0.2763156513         0.1000000000         0.2000000000          1.000000000         0.1000000000    
    0.2000000000          1.000000000    

 OPTIMAL FUNCTION VALUE:  0.4070850245693E-02
 NUMBER OF FUNCTION EVALUATIONS:          53761
 NUMBER OF ACCEPTED EVALUATIONS:          50779
 NUMBER OF OUT OF BOUND EVALUATIONS:      26062
 FINAL TEMP:  0.6681730505079E-01  IER:   0
