
 SIMULATED PARALLEL ANNEALING by NEIGHBORHOOD EXAMPLE

 NUMBER OF PARAMETERS:  42   MAXIMAZATION:     F
 INITIAL TEMP:  5.0       RT: 0.75       EPS: 0.10E-02
 NS:  24   NT:   5   NEPS:  4
 MAXEVL:  100000000   IPRINT: 1   ISEED1:    7 ISEED2:    8

                         STARTING VALUES
    0.9999372157         0.9909748380E-01     0.1224540814         0.6253128906E-01     0.1594311149E-01     0.2453637876         0.5623725863         0.4900370978         0.5203864572E-02     0.1836375434    
    0.4189981026         0.2595767683E-01     0.1403532619         0.3446669742         0.9999962740         0.9312720445E-01     0.2542320785         0.6975592186         0.8378083691E-01     0.1949061901    
    0.4754028673         0.6867054817E-02     0.8552156125E-01     0.3132604112         0.3759514297         0.3711748960E-01     0.1765611037         0.4188078834         0.7398066012         0.6892930527E-01
    0.1463154849         0.9377881889         0.7868047888E-03     0.1445628879         0.6837290175         0.8234028197E-02     0.5453906819E-01     0.2642718706         0.4613077976E-01     0.9420266303E-01
    0.2536841085         0.2869144705    

                         INITIAL STEP LENGTH
    0.1500533667         0.2972924514E-01     0.3673622442E-01     0.1875938672E-01     0.4782933447E-02     0.7360913628E-01     0.1687117759         0.1470111293         0.1561159372E-02     0.5509126302E-01
    0.1256994308         0.7787303049E-02     0.4210597857E-01     0.1034000923         0.1500031671         0.2793816134E-01     0.7626962355E-01     0.2092677656         0.2513425107E-01     0.5847185703E-01
    0.1426208602         0.2060116445E-02     0.2565646837E-01     0.9397812336E-01     0.1127854289         0.1113524688E-01     0.5296833111E-01     0.1256423650         0.2219419804         0.2067879158E-01
    0.4389464547E-01     0.2028800394         0.2360414366E-03     0.4336886637E-01     0.2051187052         0.2470208459E-02     0.1636172046E-01     0.7928156118E-01     0.1383923393E-01     0.2826079891E-01
    0.7610523255E-01     0.8607434115E-01

                         LOWER BOUND
    0.8499466333         0.8423286123E-01     0.1040859692         0.5315159570E-01     0.1355164477E-01     0.2085592195         0.4780166984         0.4165315331         0.4423284886E-02     0.1560919119    
    0.3561483872         0.2206402531E-01     0.1193002726         0.2929669281         0.8499968329         0.7915812378E-01     0.2160972667         0.5929253358         0.7121371137E-01     0.1656702616    
    0.4040924372         0.5836996594E-02     0.7269332706E-01     0.2662713495         0.3195587152         0.3154986616E-01     0.1500769381         0.3559867009         0.6288356110         0.5858990948E-01
    0.1243681622         0.7971199606         0.6687840705E-03     0.1228784547         0.5811696649         0.6998923967E-02     0.4635820796E-01     0.2246310900         0.3921116280E-01     0.8007226358E-01
    0.2156314922         0.2438772999    

                         UPPER BOUND
     1.000000000         0.1139621064         0.1408221936         0.7191098242E-01     0.1833457821E-01     0.2821683557         0.6467284742         0.5635426625         0.5984444258E-02     0.2111831749    
    0.4818478180         0.2985132835E-01     0.1614062512         0.3963670203          1.000000000         0.1070962851         0.2923668903         0.8021931014         0.9634796245E-01     0.2241421186    
    0.5467132974         0.7897113040E-02     0.9834979544E-01     0.3602494729         0.4323441442         0.4268511304E-01     0.2030452693         0.4816290659         0.8507775914         0.7926870106E-01
    0.1682628076          1.000000000         0.9048255071E-03     0.1662473211         0.7862883701         0.9469132427E-02     0.6271992842E-01     0.3039126512         0.5305039672E-01     0.1083330625    
    0.2917367248         0.3299516411    

                         C VECTOR
     2.000000000          2.000000000          2.000000000          2.000000000          2.000000000          2.000000000          2.000000000          2.000000000          2.000000000          2.000000000    
     2.000000000          2.000000000          2.000000000          2.000000000          2.000000000          2.000000000          2.000000000          2.000000000          2.000000000          2.000000000    
     2.000000000          2.000000000          2.000000000          2.000000000          2.000000000          2.000000000          2.000000000          2.000000000          2.000000000          2.000000000    
     2.000000000          2.000000000          2.000000000          2.000000000          2.000000000          2.000000000          2.000000000          2.000000000          2.000000000          2.000000000    
     2.000000000          2.000000000    

  ****   END OF DRIVER ROUTINE OUTPUT   ****
  ****   BEFORE CALL TO SA.             ****
  

                         INITIAL X
    0.9999372157         0.9909748380E-01     0.1224540814         0.6253128906E-01     0.1594311149E-01     0.2453637876         0.5623725863         0.4900370978         0.5203864572E-02     0.1836375434    
    0.4189981026         0.2595767683E-01     0.1403532619         0.3446669742         0.9999962740         0.9312720445E-01     0.2542320785         0.6975592186         0.8378083691E-01     0.1949061901    
    0.4754028673         0.6867054817E-02     0.8552156125E-01     0.3132604112         0.3759514297         0.3711748960E-01     0.1765611037         0.4188078834         0.7398066012         0.6892930527E-01
    0.1463154849         0.9377881889         0.7868047888E-03     0.1445628879         0.6837290175         0.8234028197E-02     0.5453906819E-01     0.2642718706         0.4613077976E-01     0.9420266303E-01
    0.2536841085         0.2869144705    
  INITIAL F: 
 0.911785485460042955E-01

 INTERMEDIATE RESULTS BEFORE NEXT TEMPERATURE REDUCTION

  CURRENT TEMPERATURE:              5.0000    
  MIN FUNCTION VALUE SO FAR:   0.241252035945969598E-01
  TOTAL MOVES:                     420
     DOWNHILL:                     341
     ACCEPTED UPHILL:               78
     REJECTED UPHILL:                1
  TRIALS OUT OF BOUNDS:            210
  NEW MINIMA THIS TEMPERATURE:       1

                         CURRENT OPTIMAL X
    0.9968400297         0.9887417091E-01     0.1047205187         0.6544602884E-01     0.1582268216E-01     0.2617787427         0.5465229138         0.4456860225         0.4969641107E-02     0.2029553841    
    0.3581979651         0.2951748772E-01     0.1372734840         0.3485031256         0.9984822668         0.8680443215E-01     0.2907780822         0.6572144920         0.9230238588E-01     0.1838609089    
    0.5004271122         0.7574810578E-02     0.8166439479E-01     0.3527683403         0.3379908788         0.4106985268E-01     0.1615476371         0.4340557964         0.6496083166         0.6226462160E-01
    0.1267017669         0.8889615332         0.8083378724E-03     0.1539979442         0.7224490057         0.7296385093E-02     0.5702518581E-01     0.2630906487         0.4313395892E-01     0.8303988214E-01
    0.2517841649         0.2895206266    

                         STEP LENGTH (VM)
    0.1500533667         0.2972924514E-01     0.3673622442E-01     0.1875938672E-01     0.4782933447E-02     0.7360913628E-01     0.1687117759         0.1470111293         0.1561159372E-02     0.5509126302E-01
    0.1256994308         0.7787303049E-02     0.4210597857E-01     0.1034000923         0.1500031671         0.2793816134E-01     0.7626962355E-01     0.2092677656         0.2513425107E-01     0.5847185703E-01
    0.1426208602         0.2060116445E-02     0.2565646837E-01     0.9397812336E-01     0.1127854289         0.1113524688E-01     0.5296833111E-01     0.1256423650         0.2219419804         0.2067879158E-01
    0.4389464547E-01     0.2028800394         0.2360414366E-03     0.4336886637E-01     0.2051187052         0.2470208459E-02     0.1636172046E-01     0.7928156118E-01     0.1383923393E-01     0.2826079891E-01
    0.7610523255E-01     0.8607434115E-01
 

 INTERMEDIATE RESULTS BEFORE NEXT TEMPERATURE REDUCTION

  CURRENT TEMPERATURE:              3.7500    
  MIN FUNCTION VALUE SO FAR:   0.241252035945969598E-01
  TOTAL MOVES:                     420
     DOWNHILL:                     349
     ACCEPTED UPHILL:               70
     REJECTED UPHILL:                1
  TRIALS OUT OF BOUNDS:            226
  NEW MINIMA THIS TEMPERATURE:       0

                         CURRENT OPTIMAL X
    0.9968400297         0.9887417091E-01     0.1047205187         0.6544602884E-01     0.1582268216E-01     0.2617787427         0.5465229138         0.4456860225         0.4969641107E-02     0.2029553841    
    0.3581979651         0.2951748772E-01     0.1372734840         0.3485031256         0.9984822668         0.8680443215E-01     0.2907780822         0.6572144920         0.9230238588E-01     0.1838609089    
    0.5004271122         0.7574810578E-02     0.8166439479E-01     0.3527683403         0.3379908788         0.4106985268E-01     0.1615476371         0.4340557964         0.6496083166         0.6226462160E-01
    0.1267017669         0.8889615332         0.8083378724E-03     0.1539979442         0.7224490057         0.7296385093E-02     0.5702518581E-01     0.2630906487         0.4313395892E-01     0.8303988214E-01
    0.2517841649         0.2895206266    

                         STEP LENGTH (VM)
    0.1500533667         0.2972924514E-01     0.3673622442E-01     0.1875938672E-01     0.4782933447E-02     0.7360913628E-01     0.1687117759         0.1470111293         0.1561159372E-02     0.5509126302E-01
    0.1256994308         0.7787303049E-02     0.4210597857E-01     0.1034000923         0.1500031671         0.2793816134E-01     0.7626962355E-01     0.2092677656         0.2513425107E-01     0.5847185703E-01
    0.1426208602         0.2060116445E-02     0.2565646837E-01     0.9397812336E-01     0.1127854289         0.1113524688E-01     0.5296833111E-01     0.1256423650         0.2219419804         0.2067879158E-01
    0.4389464547E-01     0.2028800394         0.2360414366E-03     0.4336886637E-01     0.2051187052         0.2470208459E-02     0.1636172046E-01     0.7928156118E-01     0.1383923393E-01     0.2826079891E-01
    0.7610523255E-01     0.8607434115E-01
 

 INTERMEDIATE RESULTS BEFORE NEXT TEMPERATURE REDUCTION

  CURRENT TEMPERATURE:              2.8125    
  MIN FUNCTION VALUE SO FAR:   0.241252035945969598E-01
  TOTAL MOVES:                     420
     DOWNHILL:                     349
     ACCEPTED UPHILL:               71
     REJECTED UPHILL:                0
  TRIALS OUT OF BOUNDS:            204
  NEW MINIMA THIS TEMPERATURE:       0

                         CURRENT OPTIMAL X
    0.9968400297         0.9887417091E-01     0.1047205187         0.6544602884E-01     0.1582268216E-01     0.2617787427         0.5465229138         0.4456860225         0.4969641107E-02     0.2029553841    
    0.3581979651         0.2951748772E-01     0.1372734840         0.3485031256         0.9984822668         0.8680443215E-01     0.2907780822         0.6572144920         0.9230238588E-01     0.1838609089    
    0.5004271122         0.7574810578E-02     0.8166439479E-01     0.3527683403         0.3379908788         0.4106985268E-01     0.1615476371         0.4340557964         0.6496083166         0.6226462160E-01
    0.1267017669         0.8889615332         0.8083378724E-03     0.1539979442         0.7224490057         0.7296385093E-02     0.5702518581E-01     0.2630906487         0.4313395892E-01     0.8303988214E-01
    0.2517841649         0.2895206266    

                         STEP LENGTH (VM)
    0.1500533667         0.2972924514E-01     0.3673622442E-01     0.1875938672E-01     0.4782933447E-02     0.7360913628E-01     0.1687117759         0.1470111293         0.1561159372E-02     0.5509126302E-01
    0.1256994308         0.7787303049E-02     0.4210597857E-01     0.1034000923         0.1500031671         0.2793816134E-01     0.7626962355E-01     0.2092677656         0.2513425107E-01     0.5847185703E-01
    0.1426208602         0.2060116445E-02     0.2565646837E-01     0.9397812336E-01     0.1127854289         0.1113524688E-01     0.5296833111E-01     0.1256423650         0.2219419804         0.2067879158E-01
    0.4389464547E-01     0.2028800394         0.2360414366E-03     0.4336886637E-01     0.2051187052         0.2470208459E-02     0.1636172046E-01     0.7928156118E-01     0.1383923393E-01     0.2826079891E-01
    0.7610523255E-01     0.8607434115E-01
 

 INTERMEDIATE RESULTS BEFORE NEXT TEMPERATURE REDUCTION

  CURRENT TEMPERATURE:              2.1094    
  MIN FUNCTION VALUE SO FAR:   0.241252035945969598E-01
  TOTAL MOVES:                     420
     DOWNHILL:                     354
     ACCEPTED UPHILL:               66
     REJECTED UPHILL:                0
  TRIALS OUT OF BOUNDS:            226
  NEW MINIMA THIS TEMPERATURE:       0

                         CURRENT OPTIMAL X
    0.9968400297         0.9887417091E-01     0.1047205187         0.6544602884E-01     0.1582268216E-01     0.2617787427         0.5465229138         0.4456860225         0.4969641107E-02     0.2029553841    
    0.3581979651         0.2951748772E-01     0.1372734840         0.3485031256         0.9984822668         0.8680443215E-01     0.2907780822         0.6572144920         0.9230238588E-01     0.1838609089    
    0.5004271122         0.7574810578E-02     0.8166439479E-01     0.3527683403         0.3379908788         0.4106985268E-01     0.1615476371         0.4340557964         0.6496083166         0.6226462160E-01
    0.1267017669         0.8889615332         0.8083378724E-03     0.1539979442         0.7224490057         0.7296385093E-02     0.5702518581E-01     0.2630906487         0.4313395892E-01     0.8303988214E-01
    0.2517841649         0.2895206266    

                         STEP LENGTH (VM)
    0.1500533667         0.2972924514E-01     0.3673622442E-01     0.1875938672E-01     0.4782933447E-02     0.7360913628E-01     0.1687117759         0.1470111293         0.1561159372E-02     0.5509126302E-01
    0.1256994308         0.7787303049E-02     0.4210597857E-01     0.1034000923         0.1500031671         0.2793816134E-01     0.7626962355E-01     0.2092677656         0.2513425107E-01     0.5847185703E-01
    0.1426208602         0.2060116445E-02     0.2565646837E-01     0.9397812336E-01     0.1127854289         0.1113524688E-01     0.5296833111E-01     0.1256423650         0.2219419804         0.2067879158E-01
    0.4389464547E-01     0.2028800394         0.2360414366E-03     0.4336886637E-01     0.2051187052         0.2470208459E-02     0.1636172046E-01     0.7928156118E-01     0.1383923393E-01     0.2826079891E-01
    0.7610523255E-01     0.8607434115E-01
 

 INTERMEDIATE RESULTS BEFORE NEXT TEMPERATURE REDUCTION

  CURRENT TEMPERATURE:              1.5820    
  MIN FUNCTION VALUE SO FAR:   0.227659866980132186E-01
  TOTAL MOVES:                     420
     DOWNHILL:                     346
     ACCEPTED UPHILL:               71
     REJECTED UPHILL:                3
  TRIALS OUT OF BOUNDS:            227
  NEW MINIMA THIS TEMPERATURE:       0

                         CURRENT OPTIMAL X
    0.9789912518         0.8441908614E-01     0.1383408192         0.6039908863E-01     0.1471983720E-01     0.2453787049         0.5478926021         0.4456860225         0.4964709704E-02     0.1629390566    
    0.4381127487         0.2951748772E-01     0.1372734840         0.3485031256         0.9984822668         0.8680443215E-01     0.2907780822         0.6572144920         0.9230238588E-01     0.1838609089    
    0.5004271122         0.7574810578E-02     0.8166439479E-01     0.3527683403         0.3379908788         0.4106985268E-01     0.1615476371         0.4340557964         0.6496083166         0.6226462160E-01
    0.1267017669         0.8889615332         0.8083378724E-03     0.1539979442         0.7224490057         0.7296385093E-02     0.5702518581E-01     0.2630906487         0.4313395892E-01     0.8303988214E-01
    0.2517841649         0.2895206266    

                         STEP LENGTH (VM)
    0.1500533667         0.2972924514E-01     0.3673622442E-01     0.1875938672E-01     0.4782933447E-02     0.7360913628E-01     0.1687117759         0.1470111293         0.1561159372E-02     0.5509126302E-01
    0.1256994308         0.7787303049E-02     0.4210597857E-01     0.1034000923         0.1500031671         0.2793816134E-01     0.7626962355E-01     0.2092677656         0.2513425107E-01     0.5847185703E-01
    0.1426208602         0.2060116445E-02     0.2565646837E-01     0.9397812336E-01     0.1127854289         0.1113524688E-01     0.5296833111E-01     0.1256423650         0.2219419804         0.2067879158E-01
    0.4389464547E-01     0.2028800394         0.2360414366E-03     0.4336886637E-01     0.2051187052         0.2470208459E-02     0.1636172046E-01     0.7928156118E-01     0.1383923393E-01     0.2826079891E-01
    0.7610523255E-01     0.8607434115E-01
 

 INTERMEDIATE RESULTS BEFORE NEXT TEMPERATURE REDUCTION

  CURRENT TEMPERATURE:              1.1865    
  MIN FUNCTION VALUE SO FAR:   0.227659866980132186E-01
  TOTAL MOVES:                     420
     DOWNHILL:                     352
     ACCEPTED UPHILL:               63
     REJECTED UPHILL:                5
  TRIALS OUT OF BOUNDS:            206
  NEW MINIMA THIS TEMPERATURE:       0

                         CURRENT OPTIMAL X
    0.9789912518         0.8441908614E-01     0.1383408192         0.6039908863E-01     0.1471983720E-01     0.2453787049         0.5478926021         0.4456860225         0.4964709704E-02     0.1629390566    
    0.4381127487         0.2951748772E-01     0.1372734840         0.3485031256         0.9984822668         0.8680443215E-01     0.2907780822         0.6572144920         0.9230238588E-01     0.1838609089    
    0.5004271122         0.7574810578E-02     0.8166439479E-01     0.3527683403         0.3379908788         0.4106985268E-01     0.1615476371         0.4340557964         0.6496083166         0.6226462160E-01
    0.1267017669         0.8889615332         0.8083378724E-03     0.1539979442         0.7224490057         0.7296385093E-02     0.5702518581E-01     0.2630906487         0.4313395892E-01     0.8303988214E-01
    0.2517841649         0.2895206266    

                         STEP LENGTH (VM)
    0.1500533667         0.2972924514E-01     0.3673622442E-01     0.1875938672E-01     0.4782933447E-02     0.7360913628E-01     0.1687117759         0.1470111293         0.1561159372E-02     0.5509126302E-01
    0.1256994308         0.7787303049E-02     0.4210597857E-01     0.1034000923         0.1500031671         0.2793816134E-01     0.7626962355E-01     0.2092677656         0.2513425107E-01     0.5847185703E-01
    0.1426208602         0.2060116445E-02     0.2565646837E-01     0.9397812336E-01     0.1127854289         0.1113524688E-01     0.5296833111E-01     0.1256423650         0.2219419804         0.2067879158E-01
    0.4389464547E-01     0.2028800394         0.2360414366E-03     0.4336886637E-01     0.2051187052         0.2470208459E-02     0.1636172046E-01     0.7928156118E-01     0.1383923393E-01     0.2826079891E-01
    0.7610523255E-01     0.8607434115E-01
 

 INTERMEDIATE RESULTS BEFORE NEXT TEMPERATURE REDUCTION

  CURRENT TEMPERATURE:             0.88989    
  MIN FUNCTION VALUE SO FAR:   0.227659866980132186E-01
  TOTAL MOVES:                     420
     DOWNHILL:                     341
     ACCEPTED UPHILL:               74
     REJECTED UPHILL:                5
  TRIALS OUT OF BOUNDS:            221
  NEW MINIMA THIS TEMPERATURE:       0

                         CURRENT OPTIMAL X
    0.9789912518         0.8441908614E-01     0.1383408192         0.6039908863E-01     0.1471983720E-01     0.2453787049         0.5478926021         0.4456860225         0.4964709704E-02     0.1629390566    
    0.4381127487         0.2951748772E-01     0.1372734840         0.3485031256         0.9984822668         0.8680443215E-01     0.2907780822         0.6572144920         0.9230238588E-01     0.1838609089    
    0.5004271122         0.7574810578E-02     0.8166439479E-01     0.3527683403         0.3379908788         0.4106985268E-01     0.1615476371         0.4340557964         0.6496083166         0.6226462160E-01
    0.1267017669         0.8889615332         0.8083378724E-03     0.1539979442         0.7224490057         0.7296385093E-02     0.5702518581E-01     0.2630906487         0.4313395892E-01     0.8303988214E-01
    0.2517841649         0.2895206266    

                         STEP LENGTH (VM)
    0.1500533667         0.2972924514E-01     0.3673622442E-01     0.1875938672E-01     0.4782933447E-02     0.7360913628E-01     0.1687117759         0.1470111293         0.1561159372E-02     0.5509126302E-01
    0.1256994308         0.7787303049E-02     0.4210597857E-01     0.1034000923         0.1500031671         0.2793816134E-01     0.7626962355E-01     0.2092677656         0.2513425107E-01     0.5847185703E-01
    0.1426208602         0.2060116445E-02     0.2565646837E-01     0.9397812336E-01     0.1127854289         0.1113524688E-01     0.5296833111E-01     0.1256423650         0.2219419804         0.2067879158E-01
    0.4389464547E-01     0.2028800394         0.2360414366E-03     0.4336886637E-01     0.2051187052         0.2470208459E-02     0.1636172046E-01     0.7928156118E-01     0.1383923393E-01     0.2826079891E-01
    0.7610523255E-01     0.8607434115E-01
 

 INTERMEDIATE RESULTS BEFORE NEXT TEMPERATURE REDUCTION

  CURRENT TEMPERATURE:             0.66742    
  MIN FUNCTION VALUE SO FAR:   0.227659866980132186E-01
  TOTAL MOVES:                     420
     DOWNHILL:                     344
     ACCEPTED UPHILL:               70
     REJECTED UPHILL:                6
  TRIALS OUT OF BOUNDS:            195
  NEW MINIMA THIS TEMPERATURE:       0

                         CURRENT OPTIMAL X
    0.9789912518         0.8441908614E-01     0.1383408192         0.6039908863E-01     0.1471983720E-01     0.2453787049         0.5478926021         0.4456860225         0.4964709704E-02     0.1629390566    
    0.4381127487         0.2951748772E-01     0.1372734840         0.3485031256         0.9984822668         0.8680443215E-01     0.2907780822         0.6572144920         0.9230238588E-01     0.1838609089    
    0.5004271122         0.7574810578E-02     0.8166439479E-01     0.3527683403         0.3379908788         0.4106985268E-01     0.1615476371         0.4340557964         0.6496083166         0.6226462160E-01
    0.1267017669         0.8889615332         0.8083378724E-03     0.1539979442         0.7224490057         0.7296385093E-02     0.5702518581E-01     0.2630906487         0.4313395892E-01     0.8303988214E-01
    0.2517841649         0.2895206266    

                         STEP LENGTH (VM)
    0.1500533667         0.2972924514E-01     0.3673622442E-01     0.1875938672E-01     0.4782933447E-02     0.7360913628E-01     0.1687117759         0.1470111293         0.1561159372E-02     0.5509126302E-01
    0.1256994308         0.7787303049E-02     0.4210597857E-01     0.1034000923         0.1500031671         0.2793816134E-01     0.7626962355E-01     0.2092677656         0.2513425107E-01     0.5847185703E-01
    0.1426208602         0.2060116445E-02     0.2565646837E-01     0.9397812336E-01     0.1127854289         0.1113524688E-01     0.5296833111E-01     0.1256423650         0.2219419804         0.2067879158E-01
    0.4389464547E-01     0.2028800394         0.2360414366E-03     0.4336886637E-01     0.2051187052         0.2470208459E-02     0.1636172046E-01     0.7928156118E-01     0.1383923393E-01     0.2826079891E-01
    0.7610523255E-01     0.8607434115E-01
 

 INTERMEDIATE RESULTS BEFORE NEXT TEMPERATURE REDUCTION

  CURRENT TEMPERATURE:             0.50056    
  MIN FUNCTION VALUE SO FAR:   0.227659866980132186E-01
  TOTAL MOVES:                     420
     DOWNHILL:                     347
     ACCEPTED UPHILL:               66
     REJECTED UPHILL:                7
  TRIALS OUT OF BOUNDS:            195
  NEW MINIMA THIS TEMPERATURE:       0

                         CURRENT OPTIMAL X
    0.9789912518         0.8441908614E-01     0.1383408192         0.6039908863E-01     0.1471983720E-01     0.2453787049         0.5478926021         0.4456860225         0.4964709704E-02     0.1629390566    
    0.4381127487         0.2951748772E-01     0.1372734840         0.3485031256         0.9984822668         0.8680443215E-01     0.2907780822         0.6572144920         0.9230238588E-01     0.1838609089    
    0.5004271122         0.7574810578E-02     0.8166439479E-01     0.3527683403         0.3379908788         0.4106985268E-01     0.1615476371         0.4340557964         0.6496083166         0.6226462160E-01
    0.1267017669         0.8889615332         0.8083378724E-03     0.1539979442         0.7224490057         0.7296385093E-02     0.5702518581E-01     0.2630906487         0.4313395892E-01     0.8303988214E-01
    0.2517841649         0.2895206266    

                         STEP LENGTH (VM)
    0.1500533667         0.2972924514E-01     0.3673622442E-01     0.1875938672E-01     0.4782933447E-02     0.7360913628E-01     0.1687117759         0.1470111293         0.1561159372E-02     0.5509126302E-01
    0.1256994308         0.7787303049E-02     0.4210597857E-01     0.1034000923         0.1500031671         0.2793816134E-01     0.7626962355E-01     0.2092677656         0.2513425107E-01     0.5847185703E-01
    0.1426208602         0.2060116445E-02     0.2565646837E-01     0.9397812336E-01     0.1127854289         0.1113524688E-01     0.5296833111E-01     0.1256423650         0.2219419804         0.2067879158E-01
    0.4389464547E-01     0.2028800394         0.2360414366E-03     0.4336886637E-01     0.2051187052         0.2470208459E-02     0.1636172046E-01     0.7928156118E-01     0.1383923393E-01     0.2826079891E-01
    0.7610523255E-01     0.8607434115E-01
 

 INTERMEDIATE RESULTS BEFORE NEXT TEMPERATURE REDUCTION

  CURRENT TEMPERATURE:             0.37542    
  MIN FUNCTION VALUE SO FAR:   0.227659866980132186E-01
  TOTAL MOVES:                     420
     DOWNHILL:                     358
     ACCEPTED UPHILL:               52
     REJECTED UPHILL:               10
  TRIALS OUT OF BOUNDS:            199
  NEW MINIMA THIS TEMPERATURE:       0

                         CURRENT OPTIMAL X
    0.9789912518         0.8441908614E-01     0.1383408192         0.6039908863E-01     0.1471983720E-01     0.2453787049         0.5478926021         0.4456860225         0.4964709704E-02     0.1629390566    
    0.4381127487         0.2951748772E-01     0.1372734840         0.3485031256         0.9984822668         0.8680443215E-01     0.2907780822         0.6572144920         0.9230238588E-01     0.1838609089    
    0.5004271122         0.7574810578E-02     0.8166439479E-01     0.3527683403         0.3379908788         0.4106985268E-01     0.1615476371         0.4340557964         0.6496083166         0.6226462160E-01
    0.1267017669         0.8889615332         0.8083378724E-03     0.1539979442         0.7224490057         0.7296385093E-02     0.5702518581E-01     0.2630906487         0.4313395892E-01     0.8303988214E-01
    0.2517841649         0.2895206266    

                         STEP LENGTH (VM)
    0.1500533667         0.2972924514E-01     0.3673622442E-01     0.1875938672E-01     0.4782933447E-02     0.7360913628E-01     0.1687117759         0.1470111293         0.1561159372E-02     0.5509126302E-01
    0.1256994308         0.7787303049E-02     0.4210597857E-01     0.1034000923         0.1500031671         0.2793816134E-01     0.7626962355E-01     0.2092677656         0.2513425107E-01     0.5847185703E-01
    0.1426208602         0.2060116445E-02     0.2565646837E-01     0.9397812336E-01     0.1127854289         0.1113524688E-01     0.5296833111E-01     0.1256423650         0.2219419804         0.2067879158E-01
    0.4389464547E-01     0.2028800394         0.2360414366E-03     0.4336886637E-01     0.2051187052         0.2470208459E-02     0.1636172046E-01     0.7928156118E-01     0.1383923393E-01     0.2826079891E-01
    0.7610523255E-01     0.8607434115E-01
 

 INTERMEDIATE RESULTS BEFORE NEXT TEMPERATURE REDUCTION

  CURRENT TEMPERATURE:             0.28157    
  MIN FUNCTION VALUE SO FAR:   0.227659866980132186E-01
  TOTAL MOVES:                     420
     DOWNHILL:                     342
     ACCEPTED UPHILL:               70
     REJECTED UPHILL:                8
  TRIALS OUT OF BOUNDS:            198
  NEW MINIMA THIS TEMPERATURE:       0

                         CURRENT OPTIMAL X
    0.9789912518         0.8441908614E-01     0.1383408192         0.6039908863E-01     0.1471983720E-01     0.2453787049         0.5478926021         0.4456860225         0.4964709704E-02     0.1629390566    
    0.4381127487         0.2951748772E-01     0.1372734840         0.3485031256         0.9984822668         0.8680443215E-01     0.2907780822         0.6572144920         0.9230238588E-01     0.1838609089    
    0.5004271122         0.7574810578E-02     0.8166439479E-01     0.3527683403         0.3379908788         0.4106985268E-01     0.1615476371         0.4340557964         0.6496083166         0.6226462160E-01
    0.1267017669         0.8889615332         0.8083378724E-03     0.1539979442         0.7224490057         0.7296385093E-02     0.5702518581E-01     0.2630906487         0.4313395892E-01     0.8303988214E-01
    0.2517841649         0.2895206266    

                         STEP LENGTH (VM)
    0.1500533667         0.2972924514E-01     0.3673622442E-01     0.1875938672E-01     0.4782933447E-02     0.7360913628E-01     0.1687117759         0.1470111293         0.1561159372E-02     0.5509126302E-01
    0.1256994308         0.7787303049E-02     0.4210597857E-01     0.1034000923         0.8571609457E-01     0.2793816134E-01     0.7626962355E-01     0.2092677656         0.2513425107E-01     0.5847185703E-01
    0.1426208602         0.2060116445E-02     0.2565646837E-01     0.9397812336E-01     0.1127854289         0.1113524688E-01     0.5296833111E-01     0.1256423650         0.2219419804         0.2067879158E-01
    0.4389464547E-01     0.2028800394         0.2360414366E-03     0.4336886637E-01     0.2051187052         0.2470208459E-02     0.1636172046E-01     0.7928156118E-01     0.1383923393E-01     0.2826079891E-01
    0.7610523255E-01     0.8607434115E-01
 

 INTERMEDIATE RESULTS BEFORE NEXT TEMPERATURE REDUCTION

  CURRENT TEMPERATURE:             0.21118    
  MIN FUNCTION VALUE SO FAR:   0.227105581062051129E-01
  TOTAL MOVES:                     420
     DOWNHILL:                     336
     ACCEPTED UPHILL:               69
     REJECTED UPHILL:               15
  TRIALS OUT OF BOUNDS:            218
  NEW MINIMA THIS TEMPERATURE:       0

                         CURRENT OPTIMAL X
    0.9789912518         0.1112004781         0.1169635547         0.5991652117E-01     0.1495137245E-01     0.2281429288         0.6268402698         0.4456860225         0.4443132301E-02     0.1629390566    
    0.4381127487         0.2951748772E-01     0.1372734840         0.3485031256         0.9984822668         0.8680443215E-01     0.2907780822         0.6572144920         0.9230238588E-01     0.1838609089    
    0.5004271122         0.7574810578E-02     0.8166439479E-01     0.3527683403         0.3379908788         0.4106985268E-01     0.1615476371         0.4340557964         0.6496083166         0.6226462160E-01
    0.1267017669         0.8889615332         0.8083378724E-03     0.1539979442         0.7224490057         0.7296385093E-02     0.5702518581E-01     0.2630906487         0.4313395892E-01     0.8303988214E-01
    0.2517841649         0.2895206266    

                         STEP LENGTH (VM)
    0.1500533667         0.2972924514E-01     0.3673622442E-01     0.1875938672E-01     0.4782933447E-02     0.7360913628E-01     0.1687117759         0.1470111293         0.1561159372E-02     0.5509126302E-01
    0.1256994308         0.7787303049E-02     0.4210597857E-01     0.1034000923         0.1500031671         0.2793816134E-01     0.7626962355E-01     0.2092677656         0.2513425107E-01     0.5847185703E-01
    0.1426208602         0.2060116445E-02     0.2565646837E-01     0.9397812336E-01     0.1127854289         0.1113524688E-01     0.5296833111E-01     0.1256423650         0.1619576416         0.2067879158E-01
    0.4389464547E-01     0.2028800394         0.2360414366E-03     0.4336886637E-01     0.2051187052         0.2470208459E-02     0.1636172046E-01     0.7928156118E-01     0.1383923393E-01     0.2826079891E-01
    0.7610523255E-01     0.8607434115E-01
 

 INTERMEDIATE RESULTS BEFORE NEXT TEMPERATURE REDUCTION

  CURRENT TEMPERATURE:             0.15838    
  MIN FUNCTION VALUE SO FAR:   0.227097016883352661E-01
  TOTAL MOVES:                     420
     DOWNHILL:                     331
     ACCEPTED UPHILL:               73
     REJECTED UPHILL:               16
  TRIALS OUT OF BOUNDS:            197
  NEW MINIMA THIS TEMPERATURE:       1

                         CURRENT OPTIMAL X
    0.9789912518         0.9072762800E-01     0.1288531047         0.5425962082E-01     0.1768538425E-01     0.2775880196         0.5822915823         0.4456860225         0.4435160692E-02     0.1629390566    
    0.4381127487         0.2951748772E-01     0.1372734840         0.3485031256         0.9984822668         0.8680443215E-01     0.2907780822         0.6572144920         0.9230238588E-01     0.1838609089    
    0.5004271122         0.7574810578E-02     0.8166439479E-01     0.3527683403         0.3379908788         0.4106985268E-01     0.1615476371         0.4340557964         0.6496083166         0.6226462160E-01
    0.1267017669         0.8889615332         0.8083378724E-03     0.1539979442         0.7224490057         0.7296385093E-02     0.5702518581E-01     0.2630906487         0.4313395892E-01     0.8303988214E-01
    0.2517841649         0.2895206266    

                         STEP LENGTH (VM)
    0.1500533667         0.2972924514E-01     0.3673622442E-01     0.1875938672E-01     0.4782933447E-02     0.7360913628E-01     0.1687117759         0.1470111293         0.1561159372E-02     0.5509126302E-01
    0.1256994308         0.7787303049E-02     0.4210597857E-01     0.1034000923         0.9729934198E-01     0.2793816134E-01     0.7626962355E-01     0.2092677656         0.2513425107E-01     0.5847185703E-01
    0.1426208602         0.2060116445E-02     0.2565646837E-01     0.9397812336E-01     0.1127854289         0.1113524688E-01     0.5296833111E-01     0.1256423650         0.2219419804         0.2067879158E-01
    0.4389464547E-01     0.2028800394         0.2360414366E-03     0.4336886637E-01     0.2051187052         0.2470208459E-02     0.1636172046E-01     0.7928156118E-01     0.1383923393E-01     0.2826079891E-01
    0.7610523255E-01     0.8607434115E-01
 

 INTERMEDIATE RESULTS BEFORE NEXT TEMPERATURE REDUCTION

  CURRENT TEMPERATURE:             0.11879    
  MIN FUNCTION VALUE SO FAR:   0.223546140368909609E-01
  TOTAL MOVES:                     420
     DOWNHILL:                     344
     ACCEPTED UPHILL:               57
     REJECTED UPHILL:               19
  TRIALS OUT OF BOUNDS:            204
  NEW MINIMA THIS TEMPERATURE:       0

                         CURRENT OPTIMAL X
    0.9778655933         0.9164301010E-01     0.1145817305         0.6965628680E-01     0.1552228975E-01     0.2277891602         0.5806605887         0.4456860225         0.4577189099E-02     0.1645881940    
    0.4381127487         0.2951748772E-01     0.1372734840         0.3485031256         0.9984822668         0.8680443215E-01     0.2907780822         0.6572144920         0.9230238588E-01     0.1838609089    
    0.5004271122         0.7574810578E-02     0.8166439479E-01     0.3527683403         0.3379908788         0.4106985268E-01     0.1615476371         0.4340557964         0.6496083166         0.6226462160E-01
    0.1267017669         0.8889615332         0.8083378724E-03     0.1539979442         0.7224490057         0.7296385093E-02     0.5702518581E-01     0.2630906487         0.4313395892E-01     0.8303988214E-01
    0.2517841649         0.2895206266    

                         STEP LENGTH (VM)
    0.1500533667         0.2972924514E-01     0.3673622442E-01     0.1875938672E-01     0.4782933447E-02     0.7360913628E-01     0.1687117759         0.1470111099         0.1561159372E-02     0.5509126302E-01
    0.1256994308         0.7787303049E-02     0.4210597857E-01     0.1034000923         0.4968476998E-01     0.2793816134E-01     0.7626962355E-01     0.2092677656         0.2513425107E-01     0.5847185703E-01
    0.1426208602         0.2060116445E-02     0.2565646837E-01     0.9397812336E-01     0.1127854289         0.1113524688E-01     0.5296833111E-01     0.1256423650         0.8226420124E-01     0.2067879158E-01
    0.4389464547E-01     0.2028800394         0.2360414366E-03     0.4336886637E-01     0.2051187052         0.2470208459E-02     0.1636172046E-01     0.7928156118E-01     0.1383923393E-01     0.2826079891E-01
    0.7610523255E-01     0.8607434115E-01
 

 INTERMEDIATE RESULTS BEFORE NEXT TEMPERATURE REDUCTION

  CURRENT TEMPERATURE:             0.89090E-01
  MIN FUNCTION VALUE SO FAR:   0.222626234897327219E-01
  TOTAL MOVES:                     420
     DOWNHILL:                     350
     ACCEPTED UPHILL:               62
     REJECTED UPHILL:                8
  TRIALS OUT OF BOUNDS:            207
  NEW MINIMA THIS TEMPERATURE:       0

                         CURRENT OPTIMAL X
    0.9778655933         0.8623794426E-01     0.1241945025         0.6510834634E-01     0.1621900625E-01     0.2288889789         0.5790471026         0.4456860225         0.5936677974E-02     0.1645881940    
    0.4381127487         0.2951748772E-01     0.1372734840         0.3485031256         0.9984822668         0.8680443215E-01     0.2907780822         0.6572144920         0.9230238588E-01     0.1838609089    
    0.5004271122         0.7574810578E-02     0.8166439479E-01     0.3527683403         0.3379908788         0.4106985268E-01     0.1615476371         0.4340557964         0.6496083166         0.6226462160E-01
    0.1267017669         0.8889615332         0.8083378724E-03     0.1539979442         0.7224490057         0.7296385093E-02     0.5702518581E-01     0.2630906487         0.4313395892E-01     0.8303988214E-01
    0.2517841649         0.2895206266    

                         STEP LENGTH (VM)
    0.1500533667         0.2972924514E-01     0.3673622442E-01     0.1875938672E-01     0.4782933447E-02     0.7360913628E-01     0.1687117759         0.1306765389         0.1561159372E-02     0.5509126302E-01
    0.1256994308         0.7787303049E-02     0.4210597857E-01     0.1034000923         0.3785505468E-01     0.2793816134E-01     0.7626962355E-01     0.2092677656         0.2513425107E-01     0.5847185703E-01
    0.1426208602         0.2060116445E-02     0.2565646837E-01     0.9397812336E-01     0.1127854289         0.1113524688E-01     0.5296833111E-01     0.1256423650         0.1041156073         0.2067879158E-01
    0.4389464547E-01     0.2028800394         0.2360414366E-03     0.4336886637E-01     0.2051187052         0.2470208459E-02     0.1636172046E-01     0.7928156118E-01     0.1383923393E-01     0.2826079891E-01
    0.7610523255E-01     0.8607434115E-01
 

 INTERMEDIATE RESULTS BEFORE NEXT TEMPERATURE REDUCTION

  CURRENT TEMPERATURE:             0.66817E-01
  MIN FUNCTION VALUE SO FAR:   0.222621650867780956E-01
  TOTAL MOVES:                     420
     DOWNHILL:                     337
     ACCEPTED UPHILL:               62
     REJECTED UPHILL:               21
  TRIALS OUT OF BOUNDS:            193
  NEW MINIMA THIS TEMPERATURE:       0

                         CURRENT OPTIMAL X
    0.9778655933         0.9612217346E-01     0.1129551296         0.5908000217E-01     0.1549646618E-01     0.2306800443         0.6425935554         0.4456860225         0.5932033359E-02     0.1645881940    
    0.4381127487         0.2951748772E-01     0.1372734840         0.3485031256         0.9984822668         0.8680443215E-01     0.2907780822         0.6572144920         0.9230238588E-01     0.1838609089    
    0.5004271122         0.7574810578E-02     0.8166439479E-01     0.3527683403         0.3379908788         0.4106985268E-01     0.1615476371         0.4340557964         0.6496083166         0.6226462160E-01
    0.1267017669         0.8889615332         0.8083378724E-03     0.1539979442         0.7224490057         0.7296385093E-02     0.5702518581E-01     0.2630906487         0.4313395892E-01     0.8303988214E-01
    0.2517841649         0.2895206266    

                         STEP LENGTH (VM)
    0.1500533667         0.2972924514E-01     0.3673622442E-01     0.1875938672E-01     0.4782933447E-02     0.7360913628E-01     0.1687117759         0.1470111293         0.1561159372E-02     0.5509126302E-01
    0.1256994308         0.7787303049E-02     0.4210597857E-01     0.1034000923         0.2839128672E-01     0.2793816134E-01     0.7626962355E-01     0.2092677656         0.2513425107E-01     0.5847185703E-01
    0.1426208602         0.2060116445E-02     0.2565646837E-01     0.9397812336E-01     0.1127854289         0.1113524688E-01     0.5296833111E-01     0.1256423650         0.7808670401E-01     0.2067879158E-01
    0.4389464547E-01     0.2028800394         0.2360414366E-03     0.4336886637E-01     0.2051187052         0.2470208459E-02     0.1636172046E-01     0.7928156118E-01     0.1383923393E-01     0.2826079891E-01
    0.7610523255E-01     0.8607434115E-01
 

 INTERMEDIATE RESULTS BEFORE NEXT TEMPERATURE REDUCTION

  CURRENT TEMPERATURE:             0.50113E-01
  MIN FUNCTION VALUE SO FAR:   0.222507392662505687E-01
  TOTAL MOVES:                     420
     DOWNHILL:                     336
     ACCEPTED UPHILL:               64
     REJECTED UPHILL:               20
  TRIALS OUT OF BOUNDS:            207
  NEW MINIMA THIS TEMPERATURE:       1

                         CURRENT OPTIMAL X
    0.9778655933         0.1058876538         0.1192497000         0.5785507594E-01     0.1422202112E-01     0.2515437121         0.6176290794         0.4456860225         0.5816559860E-02     0.1645881940    
    0.4381127487         0.2951748772E-01     0.1372734840         0.3485031256         0.9984822668         0.8680443215E-01     0.2907780822         0.6572144920         0.9230238588E-01     0.1838609089    
    0.5004271122         0.7574810578E-02     0.8166439479E-01     0.3527683403         0.3379908788         0.4106985268E-01     0.1615476371         0.4340557964         0.6496083166         0.6226462160E-01
    0.1267017669         0.8889615332         0.8083378724E-03     0.1539979442         0.7224490057         0.7296385093E-02     0.5702518581E-01     0.2630906487         0.4313395892E-01     0.8303988214E-01
    0.2517841649         0.2895206266    

                         STEP LENGTH (VM)
    0.1500533667         0.2972924514E-01     0.3673622442E-01     0.1875938672E-01     0.4782933447E-02     0.7360913628E-01     0.1687117759         0.7151892545E-01     0.1561159372E-02     0.5509126302E-01
    0.1256994308         0.7787303049E-02     0.4210597857E-01     0.1034000923         0.2339325664E-01     0.2793816134E-01     0.7626962355E-01     0.2092677656         0.2513425107E-01     0.5847185703E-01
    0.1426208602         0.2060116445E-02     0.2565646837E-01     0.9397812336E-01     0.1127854289         0.1113524688E-01     0.5296833111E-01     0.1256423650         0.5288411020E-01     0.2067879158E-01
    0.4389464547E-01     0.2028800394         0.2360414366E-03     0.4336886637E-01     0.2051187052         0.2470208459E-02     0.1636172046E-01     0.7928156118E-01     0.1383923393E-01     0.2826079891E-01
    0.7610523255E-01     0.8607434115E-01
 

 INTERMEDIATE RESULTS BEFORE NEXT TEMPERATURE REDUCTION

  CURRENT TEMPERATURE:             0.37585E-01
  MIN FUNCTION VALUE SO FAR:   0.211983291792215076E-01
  TOTAL MOVES:                     420
     DOWNHILL:                     331
     ACCEPTED UPHILL:               66
     REJECTED UPHILL:               23
  TRIALS OUT OF BOUNDS:            205
  NEW MINIMA THIS TEMPERATURE:       0

                         CURRENT OPTIMAL X
    0.9959008778         0.9203018879E-01     0.1363796880         0.6949172469E-01     0.1775270423E-01     0.2649052502         0.6022800552         0.4345665276         0.4819686314E-02     0.2037677802    
    0.4680003200         0.2366802755E-01     0.1419991310         0.3780500380         0.9969897705         0.1061008638         0.2174038258         0.7901654053         0.9389612737E-01     0.1722689472    
    0.5363842950         0.7879086608E-02     0.8077851099E-01     0.2706052497         0.3623125952         0.3222584599E-01     0.1500948045         0.3895625562         0.6377643198         0.7494689789E-01
    0.1379455428         0.9183324577         0.8030999360E-03     0.1303371988         0.6763792799         0.7005780890E-02     0.6144372480E-01     0.2756832452         0.4404998200E-01     0.1031898772    
    0.2326952433         0.2641656182    

                         STEP LENGTH (VM)
    0.8651725308E-01     0.2972924514E-01     0.3673622442E-01     0.1875938672E-01     0.4782933447E-02     0.7360913628E-01     0.1687117759         0.1970419084E-01     0.1561159372E-02     0.5509126302E-01
    0.1256994308         0.7787303049E-02     0.4210597857E-01     0.1034000923         0.7892556765E-02     0.2793816134E-01     0.7626962355E-01     0.2092677656         0.2513425107E-01     0.5847185703E-01
    0.1426208602         0.2060116445E-02     0.2565646837E-01     0.9397812336E-01     0.1127854289         0.1113524688E-01     0.5296833111E-01     0.1256423650         0.2205205848E-01     0.2067879158E-01
    0.4389464547E-01     0.2028800394         0.2360414366E-03     0.4336886637E-01     0.2051187052         0.2470208459E-02     0.1636172046E-01     0.7928156118E-01     0.1383923393E-01     0.2826079891E-01
    0.7610523255E-01     0.8607434115E-01
 

 INTERMEDIATE RESULTS BEFORE NEXT TEMPERATURE REDUCTION

  CURRENT TEMPERATURE:             0.28189E-01
  MIN FUNCTION VALUE SO FAR:   0.211434511447543688E-01
  TOTAL MOVES:                     420
     DOWNHILL:                     344
     ACCEPTED UPHILL:               54
     REJECTED UPHILL:               22
  TRIALS OUT OF BOUNDS:            199
  NEW MINIMA THIS TEMPERATURE:       0

                         CURRENT OPTIMAL X
    0.9959008778         0.9400896824E-01     0.1384905671         0.5321569122E-01     0.1580588438E-01     0.2407841491         0.6301749920         0.4345665276         0.5119699652E-02     0.2037677802    
    0.4680003200         0.2366802755E-01     0.1419991310         0.3780500380         0.9969897705         0.1061008638         0.2174038258         0.7901654053         0.9389612737E-01     0.1722689472    
    0.5363842950         0.7879086608E-02     0.8077851099E-01     0.2706052497         0.3623125952         0.3222584599E-01     0.1500948045         0.3895625562         0.6377643198         0.7494689789E-01
    0.1379455428         0.9183324577         0.8030999360E-03     0.1303371988         0.6763792799         0.7005780890E-02     0.6144372480E-01     0.2756832452         0.4404998200E-01     0.1031898772    
    0.2326952433         0.2641656182    

                         STEP LENGTH (VM)
    0.1500533667         0.2972924514E-01     0.3673622442E-01     0.1875938672E-01     0.4782933447E-02     0.7360913628E-01     0.1687117759         0.2439566305E-01     0.1561159372E-02     0.5509126302E-01
    0.1256994308         0.7787303049E-02     0.4210597857E-01     0.1034000923         0.8879124649E-02     0.2793816134E-01     0.7626962355E-01     0.2092677656         0.2513425107E-01     0.5847185703E-01
    0.1426208602         0.2060116445E-02     0.2565646837E-01     0.9397812336E-01     0.1127854289         0.1113524688E-01     0.5296833111E-01     0.1256423650         0.2185516071E-01     0.2067879158E-01
    0.4389464547E-01     0.2028800394         0.2360414366E-03     0.4336886637E-01     0.2051187052         0.2470208459E-02     0.1636172046E-01     0.7928156118E-01     0.1383923393E-01     0.2826079891E-01
    0.7610523255E-01     0.8607434115E-01
 

 INTERMEDIATE RESULTS BEFORE NEXT TEMPERATURE REDUCTION

  CURRENT TEMPERATURE:             0.21141E-01
  MIN FUNCTION VALUE SO FAR:   0.211142244098567432E-01
  TOTAL MOVES:                     420
     DOWNHILL:                     341
     ACCEPTED UPHILL:               55
     REJECTED UPHILL:               24
  TRIALS OUT OF BOUNDS:            186
  NEW MINIMA THIS TEMPERATURE:       0

                         CURRENT OPTIMAL X
    0.9961458148         0.1137735991         0.1359252043         0.7160646862E-01     0.1832599402E-01     0.2220873445         0.5437295969         0.4345665276         0.5652603387E-02     0.2037677802    
    0.4680003200         0.2366802755E-01     0.1419991310         0.3780500380         0.9969897705         0.1061008638         0.2174038258         0.7901654053         0.9389612737E-01     0.1722689472    
    0.5363842950         0.7879086608E-02     0.8077851099E-01     0.2706052497         0.3623125952         0.3222584599E-01     0.1500948045         0.3895625562         0.6377643198         0.7494689789E-01
    0.1379455428         0.9183324577         0.8030999360E-03     0.1303371988         0.6763792799         0.7005780890E-02     0.6144372480E-01     0.2756832452         0.4404998200E-01     0.1031898772    
    0.2326952433         0.2641656182    

                         STEP LENGTH (VM)
    0.1000355665         0.2972924514E-01     0.3673622442E-01     0.1875938672E-01     0.4782933447E-02     0.7360913628E-01     0.1687117759         0.3692315486E-01     0.1561159372E-02     0.5509126302E-01
    0.1256994308         0.7787303049E-02     0.4210597857E-01     0.1034000923         0.1710053486E-01     0.2793816134E-01     0.7626962355E-01     0.2092677656         0.2513425107E-01     0.5847185703E-01
    0.1426208602         0.2060116445E-02     0.2565646837E-01     0.9397812336E-01     0.1127854289         0.1113524688E-01     0.5296833111E-01     0.1256423650         0.2458705315E-01     0.2067879158E-01
    0.4389464547E-01     0.2028800394         0.2360414366E-03     0.4336886637E-01     0.2051187052         0.2470208459E-02     0.1636172046E-01     0.7928156118E-01     0.1383923393E-01     0.2826079891E-01
    0.7610523255E-01     0.8607434115E-01
 

 INTERMEDIATE RESULTS BEFORE NEXT TEMPERATURE REDUCTION

  CURRENT TEMPERATURE:             0.15856E-01
  MIN FUNCTION VALUE SO FAR:   0.200549089292610117E-01
  TOTAL MOVES:                     420
     DOWNHILL:                     342
     ACCEPTED UPHILL:               55
     REJECTED UPHILL:               23
  TRIALS OUT OF BOUNDS:            207
  NEW MINIMA THIS TEMPERATURE:       0

                         CURRENT OPTIMAL X
    0.9995816587         0.1080097314         0.1407815844         0.6905723082E-01     0.1434972782E-01     0.2785455403         0.5917707753         0.4281054202         0.5216131291E-02     0.1774937465    
    0.3890782846         0.2732023959E-01     0.1212570247         0.3222170798         0.9992528729         0.1065350912         0.2422952155         0.6255180121         0.8770973704E-01     0.1815989342    
    0.4497120015         0.7473248525E-02     0.8729740276E-01     0.2893480788         0.3569975167         0.3645850612E-01     0.1870011514         0.4668400633         0.6302645146         0.6645169698E-01
    0.1517640858         0.9071713816         0.7764321555E-03     0.1246770672         0.6252707680         0.8283221036E-02     0.5186260625E-01     0.2708493390         0.4110732460E-01     0.9344649383E-01
    0.2468776339         0.3251757746    

                         STEP LENGTH (VM)
    0.2968087870E-01     0.2972924514E-01     0.3673622442E-01     0.1875938672E-01     0.4782933447E-02     0.7360913628E-01     0.1687117759         0.1885437680E-01     0.1561159372E-02     0.5509126302E-01
    0.1256994308         0.7787303049E-02     0.4210597857E-01     0.1034000923         0.5535307512E-02     0.2793816134E-01     0.7626962355E-01     0.2092677656         0.2513425107E-01     0.5847185703E-01
    0.1426208602         0.2060116445E-02     0.2565646837E-01     0.9397812336E-01     0.1127854289         0.1113524688E-01     0.5296833111E-01     0.1256423650         0.8143841703E-02     0.2067879158E-01
    0.4389464547E-01     0.2028800394         0.2360414366E-03     0.4336886637E-01     0.2051187052         0.2470208459E-02     0.1636172046E-01     0.7928156118E-01     0.1383923393E-01     0.2826079891E-01
    0.7610523255E-01     0.8607434115E-01
 

 INTERMEDIATE RESULTS BEFORE NEXT TEMPERATURE REDUCTION

  CURRENT TEMPERATURE:             0.11892E-01
  MIN FUNCTION VALUE SO FAR:   0.196761849489846020E-01
  TOTAL MOVES:                     420
     DOWNHILL:                     348
     ACCEPTED UPHILL:               52
     REJECTED UPHILL:               20
  TRIALS OUT OF BOUNDS:            193
  NEW MINIMA THIS TEMPERATURE:       2

                         CURRENT OPTIMAL X
    0.9995816587         0.1048168938         0.1299822019         0.6835697699E-01     0.1465547669E-01     0.2546110285         0.5432818834         0.4281054202         0.5565819230E-02     0.1803324747    
    0.3890782846         0.2732023959E-01     0.1212570247         0.3222170798         0.9992528729         0.1065350912         0.2422952155         0.6255180121         0.8770973704E-01     0.1815989342    
    0.4497120015         0.7473248525E-02     0.8729740276E-01     0.2893480788         0.3569975167         0.3645850612E-01     0.1870011514         0.4668400633         0.6302645146         0.6645169698E-01
    0.1517640858         0.9071713816         0.7764321555E-03     0.1246770672         0.6252707680         0.8283221036E-02     0.5186260625E-01     0.2708493390         0.4110732460E-01     0.9344649383E-01
    0.2468776339         0.3251757746    

                         STEP LENGTH (VM)
    0.2614743832E-01     0.2972924514E-01     0.3673622442E-01     0.1875938672E-01     0.4782933447E-02     0.7360913628E-01     0.1687117759         0.1436523798E-01     0.1561159372E-02     0.5509126302E-01
    0.1256994308         0.7787303049E-02     0.4210597857E-01     0.1034000923         0.7005621279E-02     0.2793816134E-01     0.7626962355E-01     0.2092677656         0.2513425107E-01     0.5847185703E-01
    0.1426208602         0.2060116445E-02     0.2565646837E-01     0.9397812336E-01     0.1127854289         0.1113524688E-01     0.5296833111E-01     0.1256423650         0.1299136571E-01     0.2067879158E-01
    0.4389464547E-01     0.2028800394         0.2360414366E-03     0.4336886637E-01     0.2051187052         0.2470208459E-02     0.1636172046E-01     0.7928156118E-01     0.1383923393E-01     0.2826079891E-01
    0.7610523255E-01     0.8607434115E-01
 

 INTERMEDIATE RESULTS BEFORE NEXT TEMPERATURE REDUCTION

  CURRENT TEMPERATURE:             0.89190E-02
  MIN FUNCTION VALUE SO FAR:   0.194236846016787451E-01
  TOTAL MOVES:                     420
     DOWNHILL:                     338
     ACCEPTED UPHILL:               55
     REJECTED UPHILL:               27
  TRIALS OUT OF BOUNDS:            212
  NEW MINIMA THIS TEMPERATURE:       0

                         CURRENT OPTIMAL X
    0.9995816587         0.1010623672         0.1380811333         0.5672503116E-01     0.1830184988E-01     0.2531227628         0.5048304336         0.4294974972         0.5902030769E-02     0.1690281012    
    0.3627236108         0.2828052743E-01     0.1296799943         0.3890792659         0.9992528729         0.7948264324E-01     0.2554245960         0.6323502541         0.7755736066E-01     0.2018975281    
    0.5106757644         0.7400364786E-02     0.8729740276E-01     0.2893480788         0.3569975167         0.3645850612E-01     0.1870011514         0.4668400633         0.6302645146         0.6645169698E-01
    0.1517640858         0.9071713816         0.7764321555E-03     0.1246770672         0.6252707680         0.8283221036E-02     0.5186260625E-01     0.2708493390         0.4110732460E-01     0.9344649383E-01
    0.2468776339         0.3251757746    

                         STEP LENGTH (VM)
    0.3583167089E-01     0.2972924514E-01     0.3673622442E-01     0.1875938672E-01     0.4782933447E-02     0.7360913628E-01     0.1687117759         0.8282659412E-02     0.1561159372E-02     0.5509126302E-01
    0.1256994308         0.7787303049E-02     0.4210597857E-01     0.1034000923         0.4039276976E-02     0.2793816134E-01     0.7626962355E-01     0.2092677656         0.2513425107E-01     0.5847185703E-01
    0.1426208602         0.2060116445E-02     0.2565646837E-01     0.9397812336E-01     0.1127854289         0.1113524688E-01     0.5296833111E-01     0.1256423650         0.1232513959E-01     0.2067879158E-01
    0.4389464547E-01     0.2028800394         0.2360414366E-03     0.4336886637E-01     0.2051187052         0.2470208459E-02     0.1636172046E-01     0.7928156118E-01     0.1383923393E-01     0.2826079891E-01
    0.7610523255E-01     0.8607434115E-01
 

 INTERMEDIATE RESULTS BEFORE NEXT TEMPERATURE REDUCTION

  CURRENT TEMPERATURE:             0.66893E-02
  MIN FUNCTION VALUE SO FAR:   0.194236846003913895E-01
  TOTAL MOVES:                     420
     DOWNHILL:                     335
     ACCEPTED UPHILL:               59
     REJECTED UPHILL:               26
  TRIALS OUT OF BOUNDS:            185
  NEW MINIMA THIS TEMPERATURE:       2

                         CURRENT OPTIMAL X
    0.9995816587         0.8543613503E-01     0.1278097147         0.5672503116E-01     0.1830184988E-01     0.2531227628         0.5048304336         0.4294974972         0.5902030769E-02     0.1690281012    
    0.3627236108         0.2828052743E-01     0.1296799943         0.3890792659         0.9992528729         0.7948264324E-01     0.2554245960         0.6323502541         0.7755736066E-01     0.2018975281    
    0.5106757644         0.7400364786E-02     0.8729740276E-01     0.2893480788         0.3569975167         0.3645850612E-01     0.1870011514         0.4668400633         0.6302645146         0.6645169698E-01
    0.1517640858         0.9071713816         0.7764321555E-03     0.1246770672         0.6252707680         0.8283221036E-02     0.5186260625E-01     0.2708493390         0.4110732460E-01     0.9344649383E-01
    0.2468776339         0.3251757746    

                         STEP LENGTH (VM)
    0.2138341468E-01     0.2972924514E-01     0.3673622442E-01     0.1875938672E-01     0.4782933447E-02     0.7360913628E-01     0.1687117759         0.4758122410E-02     0.1561159372E-02     0.5509126302E-01
    0.1256994308         0.7787303049E-02     0.4210597857E-01     0.1034000923         0.3408139519E-02     0.2793816134E-01     0.7626962355E-01     0.2092677656         0.2513425107E-01     0.5847185703E-01
    0.1426208602         0.2060116445E-02     0.2565646837E-01     0.9397812336E-01     0.1127854289         0.1113524688E-01     0.5296833111E-01     0.1256423650         0.3892149256E-02     0.2067879158E-01
    0.4389464547E-01     0.2028800394         0.2360414366E-03     0.4336886637E-01     0.2051187052         0.2470208459E-02     0.1636172046E-01     0.7928156118E-01     0.1383923393E-01     0.2826079891E-01
    0.7610523255E-01     0.8607434115E-01
 

 INTERMEDIATE RESULTS BEFORE NEXT TEMPERATURE REDUCTION

  CURRENT TEMPERATURE:             0.50170E-02
  MIN FUNCTION VALUE SO FAR:   0.194236846003913895E-01
  TOTAL MOVES:                     420
     DOWNHILL:                     341
     ACCEPTED UPHILL:               51
     REJECTED UPHILL:               28
  TRIALS OUT OF BOUNDS:            202
  NEW MINIMA THIS TEMPERATURE:       0

                         CURRENT OPTIMAL X
    0.9995816587         0.8543613503E-01     0.1278097147         0.5672503116E-01     0.1830184988E-01     0.2531227628         0.5048304336         0.4294974972         0.5902030769E-02     0.1690281012    
    0.3627236108         0.2828052743E-01     0.1296799943         0.3890792659         0.9992528729         0.7948264324E-01     0.2554245960         0.6323502541         0.7755736066E-01     0.2018975281    
    0.5106757644         0.7400364786E-02     0.8729740276E-01     0.2893480788         0.3569975167         0.3645850612E-01     0.1870011514         0.4668400633         0.6302645146         0.6645169698E-01
    0.1517640858         0.9071713816         0.7764321555E-03     0.1246770672         0.6252707680         0.8283221036E-02     0.5186260625E-01     0.2708493390         0.4110732460E-01     0.9344649383E-01
    0.2468776339         0.3251757746    

                         STEP LENGTH (VM)
    0.9003542989E-02     0.2972924514E-01     0.3673622442E-01     0.1875938672E-01     0.4782933447E-02     0.7360913628E-01     0.1687117759         0.5639255525E-02     0.1561159372E-02     0.5509126302E-01
    0.1083154327         0.7787303049E-02     0.4210597857E-01     0.1034000923         0.2152508729E-02     0.2793816134E-01     0.7626962355E-01     0.2092677656         0.2513425107E-01     0.5847185703E-01
    0.1426208602         0.2060116445E-02     0.2565646837E-01     0.9397812336E-01     0.1127854289         0.1113524688E-01     0.5296833111E-01     0.1256423650         0.7622125108E-02     0.2067879158E-01
    0.4389464547E-01     0.2028800394         0.2360414366E-03     0.4336886637E-01     0.2051187052         0.2470208459E-02     0.1636172046E-01     0.7928156118E-01     0.1383923393E-01     0.2826079891E-01
    0.7610523255E-01     0.8607434115E-01
 

 INTERMEDIATE RESULTS BEFORE NEXT TEMPERATURE REDUCTION

  CURRENT TEMPERATURE:             0.37627E-02
  MIN FUNCTION VALUE SO FAR:   0.191956317144937882E-01
  TOTAL MOVES:                     420
     DOWNHILL:                     336
     ACCEPTED UPHILL:               55
     REJECTED UPHILL:               29
  TRIALS OUT OF BOUNDS:            195
  NEW MINIMA THIS TEMPERATURE:       2

                         CURRENT OPTIMAL X
    0.9990267992         0.8539698621E-01     0.1195356551         0.5811337787E-01     0.1395677457E-01     0.2533727902         0.5462653795         0.4297122541         0.4804722938E-02     0.1637619671    
    0.3563731943         0.2436952470E-01     0.1427684631         0.3126477362         0.9998685489         0.8515697944E-01     0.2865919398         0.6256670434         0.8967930692E-01     0.1680663710    
    0.4485532995         0.7706991925E-02     0.8168178995E-01     0.2874766796         0.3826544832         0.3358808988E-01     0.1617434851         0.4311987032         0.6302645146         0.7440812968E-01
    0.1646908964         0.9412526490         0.7342592818E-03     0.1252505437         0.6905173970         0.7559660252E-02     0.4989499938E-01     0.2925713093         0.4100307099E-01     0.1055439140    
    0.2340711938         0.2921953663    

                         STEP LENGTH (VM)
    0.7113910156E-02     0.2972924514E-01     0.3673622442E-01     0.1875938672E-01     0.4782933447E-02     0.7360913628E-01     0.1687117759         0.4229441005E-02     0.1561159372E-02     0.5509126302E-01
    0.9427457133E-01     0.7787303049E-02     0.4210597857E-01     0.1034000923         0.2371122333E-02     0.2793816134E-01     0.7626962355E-01     0.2092677656         0.2513425107E-01     0.5847185703E-01
    0.1426208602         0.2060116445E-02     0.2565646837E-01     0.9397812336E-01     0.1127854289         0.1113524688E-01     0.5296833111E-01     0.1256423650         0.5716593724E-02     0.2067879158E-01
    0.4389464547E-01     0.2028800394         0.2360414366E-03     0.4336886637E-01     0.2051187052         0.2470208459E-02     0.1636172046E-01     0.7928156118E-01     0.1383923393E-01     0.2826079891E-01
    0.7610523255E-01     0.8607434115E-01
 

 INTERMEDIATE RESULTS BEFORE NEXT TEMPERATURE REDUCTION

  CURRENT TEMPERATURE:             0.28220E-02
  MIN FUNCTION VALUE SO FAR:   0.191893563290644088E-01
  TOTAL MOVES:                     420
     DOWNHILL:                     333
     ACCEPTED UPHILL:               53
     REJECTED UPHILL:               34
  TRIALS OUT OF BOUNDS:            206
  NEW MINIMA THIS TEMPERATURE:       0

                         CURRENT OPTIMAL X
    0.9990267992         0.1050471600         0.1160726804         0.5737621737E-01     0.1555918688E-01     0.2219377984         0.5948665166         0.4297122541         0.4798713059E-02     0.1637619671    
    0.3563731943         0.2436952470E-01     0.1427684631         0.3126477362         0.9998685489         0.8515697944E-01     0.2865919398         0.6256670434         0.8967930692E-01     0.1680663710    
    0.4485532995         0.7706991925E-02     0.8168178995E-01     0.2874766796         0.3826544832         0.3358808988E-01     0.1617434851         0.4311987032         0.6302645146         0.7440812968E-01
    0.1646908964         0.9412526490         0.7342592818E-03     0.1252505437         0.6905173970         0.7559660252E-02     0.4989499938E-01     0.2925713093         0.4100307099E-01     0.1055439140    
    0.2340711938         0.2921953663    

                         STEP LENGTH (VM)
    0.7836415292E-02     0.2972924514E-01     0.3673622442E-01     0.1875938672E-01     0.4782933447E-02     0.7360913628E-01     0.1687117759         0.1812617280E-02     0.1561159372E-02     0.5509126302E-01
    0.6648466685E-01     0.7787303049E-02     0.4210597857E-01     0.1034000923         0.1153518935E-02     0.2793816134E-01     0.7626962355E-01     0.2092677656         0.2513425107E-01     0.5847185703E-01
    0.1426208602         0.2060116445E-02     0.2565646837E-01     0.9397812336E-01     0.1127854289         0.1113524688E-01     0.5296833111E-01     0.1256423650         0.2594765861E-02     0.2067879158E-01
    0.4389464547E-01     0.2028800394         0.2360414366E-03     0.4336886637E-01     0.2051187052         0.2470208459E-02     0.1636172046E-01     0.7928156118E-01     0.1383923393E-01     0.2826079891E-01
    0.7610523255E-01     0.8607434115E-01
 

 INTERMEDIATE RESULTS BEFORE NEXT TEMPERATURE REDUCTION

  CURRENT TEMPERATURE:             0.21165E-02
  MIN FUNCTION VALUE SO FAR:   0.191893563290644088E-01
  TOTAL MOVES:                     420
     DOWNHILL:                     335
     ACCEPTED UPHILL:               55
     REJECTED UPHILL:               30
  TRIALS OUT OF BOUNDS:            210
  NEW MINIMA THIS TEMPERATURE:       0

                         CURRENT OPTIMAL X
    0.9990267992         0.1050471600         0.1160726804         0.5737621737E-01     0.1555918688E-01     0.2219377984         0.5948665166         0.4297122541         0.4798713059E-02     0.1637619671    
    0.3563731943         0.2436952470E-01     0.1427684631         0.3126477362         0.9998685489         0.8515697944E-01     0.2865919398         0.6256670434         0.8967930692E-01     0.1680663710    
    0.4485532995         0.7706991925E-02     0.8168178995E-01     0.2874766796         0.3826544832         0.3358808988E-01     0.1617434851         0.4311987032         0.6302645146         0.7440812968E-01
    0.1646908964         0.9412526490         0.7342592818E-03     0.1252505437         0.6905173970         0.7559660252E-02     0.4989499938E-01     0.2925713093         0.4100307099E-01     0.1055439140    
    0.2340711938         0.2921953663    

                         STEP LENGTH (VM)
    0.6965701778E-02     0.2972924514E-01     0.3673622442E-01     0.1875938672E-01     0.4782933447E-02     0.7360913628E-01     0.1687117759         0.2379059959E-02     0.1561159372E-02     0.5509126302E-01
    0.2975724700E-01     0.7787303049E-02     0.4210597857E-01     0.1034000923         0.7482284878E-03     0.2793816134E-01     0.7626962355E-01     0.2092677656         0.2513425107E-01     0.5847185703E-01
    0.1426208602         0.2060116445E-02     0.2565646837E-01     0.9397812336E-01     0.1127854289         0.1113524688E-01     0.5296833111E-01     0.1256423650         0.1482723333E-02     0.2067879158E-01
    0.4389464547E-01     0.2028800394         0.2360414366E-03     0.4336886637E-01     0.2051187052         0.2470208459E-02     0.1636172046E-01     0.7928156118E-01     0.1383923393E-01     0.2826079891E-01
    0.7610523255E-01     0.8607434115E-01
 

 INTERMEDIATE RESULTS BEFORE NEXT TEMPERATURE REDUCTION

  CURRENT TEMPERATURE:             0.15874E-02
  MIN FUNCTION VALUE SO FAR:   0.191438807313566647E-01
  TOTAL MOVES:                     420
     DOWNHILL:                     335
     ACCEPTED UPHILL:               55
     REJECTED UPHILL:               30
  TRIALS OUT OF BOUNDS:            182
  NEW MINIMA THIS TEMPERATURE:       0

                         CURRENT OPTIMAL X
    0.9992896665         0.9539788751E-01     0.1391958533         0.6727000993E-01     0.1369872642E-01     0.2187409119         0.6081237106         0.4297122541         0.4607705245E-02     0.1637619671    
    0.3563731943         0.2436952470E-01     0.1427684631         0.3126477362         0.9998685489         0.8515697944E-01     0.2865919398         0.6256670434         0.8967930692E-01     0.1680663710    
    0.4485532995         0.7706991925E-02     0.8168178995E-01     0.2874766796         0.3826544832         0.3358808988E-01     0.1617434851         0.4311987032         0.6302645146         0.7440812968E-01
    0.1646908964         0.9412526490         0.7342592818E-03     0.1252505437         0.6905173970         0.7559660252E-02     0.4989499938E-01     0.2925713093         0.4100307099E-01     0.1055439140    
    0.2340711938         0.2921953663    

                         STEP LENGTH (VM)
    0.6965701000E-02     0.2972924514E-01     0.3673622442E-01     0.1875938672E-01     0.4782933447E-02     0.7360913628E-01     0.1687117759         0.1359462688E-02     0.1561159372E-02     0.5509126302E-01
    0.4715007251E-01     0.7787303049E-02     0.4210597857E-01     0.1034000923         0.7482284878E-03     0.2793816134E-01     0.7626962355E-01     0.2092677656         0.2513425107E-01     0.5847185703E-01
    0.1426208602         0.2060116445E-02     0.2565646837E-01     0.9397812336E-01     0.1127854289         0.1113524688E-01     0.5296833111E-01     0.1256423650         0.2903666330E-02     0.2067879158E-01
    0.4389464547E-01     0.2028800394         0.2360414366E-03     0.4336886637E-01     0.2051187052         0.2470208459E-02     0.1636172046E-01     0.7928156118E-01     0.1383923393E-01     0.2826079891E-01
    0.7610523255E-01     0.8607434115E-01
 

 INTERMEDIATE RESULTS BEFORE NEXT TEMPERATURE REDUCTION

  CURRENT TEMPERATURE:             0.11905E-02
  MIN FUNCTION VALUE SO FAR:   0.191432843982299525E-01
  TOTAL MOVES:                     420
     DOWNHILL:                     334
     ACCEPTED UPHILL:               53
     REJECTED UPHILL:               33
  TRIALS OUT OF BOUNDS:            207
  NEW MINIMA THIS TEMPERATURE:       0

                         CURRENT OPTIMAL X
    0.9992896665         0.1070049590         0.1285121040         0.6172079380E-01     0.1372848701E-01     0.2176595292         0.5580610136         0.4297122541         0.4607705245E-02     0.1637619671    
    0.3563731943         0.2236089518E-01     0.1590437414         0.3880771108         0.9998685489         0.1030763057         0.2406124412         0.5980802516         0.7578541503E-01     0.1971878457    
    0.4517233658         0.7697679095E-02     0.7608474676E-01     0.3596875607         0.3839012177         0.4087126129E-01     0.1690144403         0.3778982540         0.6302645146         0.7719443679E-01
    0.1299818532         0.8354460182         0.7410020984E-03     0.1313903660         0.7833450029         0.9335058976E-02     0.4989499938E-01     0.2925713093         0.4100307099E-01     0.1055439140    
    0.2340711938         0.2921953663    

                         STEP LENGTH (VM)
    0.3033449700E-02     0.2972924514E-01     0.3673622442E-01     0.1875938672E-01     0.4782933447E-02     0.7360913628E-01     0.1687117759         0.6718579286E-03     0.1561159372E-02     0.4879091939E-01
    0.2233424084E-01     0.7787303049E-02     0.4210597857E-01     0.1034000923         0.8185745225E-03     0.2793816134E-01     0.7626962355E-01     0.2092677656         0.2513425107E-01     0.5847185703E-01
    0.1426208602         0.2060116445E-02     0.2565646837E-01     0.9397812336E-01     0.1127854289         0.1113524688E-01     0.5296833111E-01     0.1256423650         0.1221703257E-02     0.2067879158E-01
    0.4389464547E-01     0.2028800394         0.2360414366E-03     0.4336886637E-01     0.2051187052         0.2470208459E-02     0.1636172046E-01     0.7928156118E-01     0.1383923393E-01     0.2826079891E-01
    0.7610523255E-01     0.8607434115E-01
 

 INTERMEDIATE RESULTS BEFORE NEXT TEMPERATURE REDUCTION

  CURRENT TEMPERATURE:             0.89291E-03
  MIN FUNCTION VALUE SO FAR:   0.191432843982299525E-01
  TOTAL MOVES:                     420
     DOWNHILL:                     334
     ACCEPTED UPHILL:               47
     REJECTED UPHILL:               39
  TRIALS OUT OF BOUNDS:            195
  NEW MINIMA THIS TEMPERATURE:       0

                         CURRENT OPTIMAL X
    0.9992896665         0.1070049590         0.1285121040         0.6172079380E-01     0.1372848701E-01     0.2176595292         0.5580610136         0.4297122541         0.4607705245E-02     0.1637619671    
    0.3563731943         0.2236089518E-01     0.1590437414         0.3880771108         0.9998685489         0.1030763057         0.2406124412         0.5980802516         0.7578541503E-01     0.1971878457    
    0.4517233658         0.7697679095E-02     0.7608474676E-01     0.3596875607         0.3839012177         0.4087126129E-01     0.1690144403         0.3778982540         0.6302645146         0.7719443679E-01
    0.1299818532         0.8354460182         0.7410020984E-03     0.1313903660         0.7833450029         0.9335058976E-02     0.4989499938E-01     0.2925713093         0.4100307099E-01     0.1055439140    
    0.2340711938         0.2921953663    

                         STEP LENGTH (VM)
    0.3338399341E-02     0.2972924514E-01     0.3673622442E-01     0.1875938672E-01     0.4782933447E-02     0.7360913628E-01     0.1687117759         0.7558400884E-03     0.1561159372E-02     0.1733361384E-01
    0.3705219562E-02     0.7787303049E-02     0.4210597857E-01     0.1034000923         0.5457163246E-03     0.2793816134E-01     0.7626962355E-01     0.2092677656         0.2513425107E-01     0.5847185703E-01
    0.1426208602         0.2060116445E-02     0.2565646837E-01     0.9397812336E-01     0.1127854289         0.1113524688E-01     0.5296833111E-01     0.1256423650         0.1221703257E-02     0.2067879158E-01
    0.4389464547E-01     0.2028800394         0.2360414366E-03     0.4336886637E-01     0.2051187052         0.2470208459E-02     0.1636172046E-01     0.7928156118E-01     0.1383923393E-01     0.2826079891E-01
    0.7610523255E-01     0.8607434115E-01
 

 INTERMEDIATE RESULTS BEFORE NEXT TEMPERATURE REDUCTION

  CURRENT TEMPERATURE:             0.66968E-03
  MIN FUNCTION VALUE SO FAR:   0.191432843933442946E-01
  TOTAL MOVES:                     420
     DOWNHILL:                     345
     ACCEPTED UPHILL:               41
     REJECTED UPHILL:               34
  TRIALS OUT OF BOUNDS:            195
  NEW MINIMA THIS TEMPERATURE:       0

                         CURRENT OPTIMAL X
    0.9992896665         0.8498193039E-01     0.1285121040         0.6172079380E-01     0.1372848701E-01     0.2176595292         0.5580610136         0.4297122541         0.4607705245E-02     0.1637619671    
    0.3563731943         0.2236089518E-01     0.1590437414         0.3880771108         0.9998685489         0.1030763057         0.2406124412         0.5980802516         0.7578541503E-01     0.1971878457    
    0.4517233658         0.7697679095E-02     0.7608474676E-01     0.3596875607         0.3839012177         0.4087126129E-01     0.1690144403         0.3778982540         0.6302645146         0.7719443679E-01
    0.1299818532         0.8354460182         0.7410020984E-03     0.1313903660         0.7833450029         0.9335058976E-02     0.4989499938E-01     0.2925713093         0.4100307099E-01     0.1055439140    
    0.2340711938         0.2921953663    

                         STEP LENGTH (VM)
    0.3032202516E-02     0.2972924514E-01     0.3673622442E-01     0.1875938672E-01     0.4782933447E-02     0.7360913628E-01     0.1687117759         0.5515589163E-03     0.1561159372E-02     0.1540765637E-01
    0.2778914309E-02     0.7787303049E-02     0.4210597857E-01     0.1034000923         0.4092872359E-03     0.2793816134E-01     0.7626962355E-01     0.2092677656         0.2513425107E-01     0.5847185703E-01
    0.1426208602         0.2060116445E-02     0.2565646837E-01     0.9397812336E-01     0.1127854289         0.1113524688E-01     0.5296833111E-01     0.1256423650         0.8915130790E-03     0.2067879158E-01
    0.4389464547E-01     0.2028800394         0.2360414366E-03     0.4336886637E-01     0.2051187052         0.2470208459E-02     0.1636172046E-01     0.7928156118E-01     0.1383923393E-01     0.2826079891E-01
    0.7610523255E-01     0.8607434115E-01
 

 INTERMEDIATE RESULTS BEFORE NEXT TEMPERATURE REDUCTION

  CURRENT TEMPERATURE:             0.50226E-03
  MIN FUNCTION VALUE SO FAR:   0.191055149443644760E-01
  TOTAL MOVES:                     420
     DOWNHILL:                     332
     ACCEPTED UPHILL:               46
     REJECTED UPHILL:               42
  TRIALS OUT OF BOUNDS:            179
  NEW MINIMA THIS TEMPERATURE:       1

                         CURRENT OPTIMAL X
    0.9999516283         0.1052081303         0.1340170363         0.7094506143E-01     0.1457348309E-01     0.2359248591         0.5543776295         0.4300036875         0.5529881296E-02     0.1568255670    
    0.3567348056         0.2518710580E-01     0.1273897517         0.3515071440         0.9998544093         0.9587420291E-01     0.2382270334         0.7736149916         0.8610480910E-01     0.1814287557    
    0.4050780531         0.6892181357E-02     0.8103616578E-01     0.3591638174         0.4024342866         0.3527821169E-01     0.1727212633         0.4465500150         0.6305214033         0.7546344072E-01
    0.1659570276         0.8997624314         0.7753270506E-03     0.1418129954         0.7697092043         0.8095161335E-02     0.4710987778E-01     0.2719672197         0.4133517038E-01     0.8102488634E-01
    0.2682021662         0.2620094265    

                         STEP LENGTH (VM)
    0.1106344104E-02     0.2972924514E-01     0.3673622442E-01     0.1875938672E-01     0.4782933447E-02     0.7360913628E-01     0.1687117759         0.4357996159E-03     0.1561159372E-02     0.6603281106E-02
    0.3213119345E-02     0.7787303049E-02     0.4210597857E-01     0.1034000923         0.3069654212E-03     0.2793816134E-01     0.7626962355E-01     0.2092677656         0.2513425107E-01     0.5847185703E-01
    0.1426208602         0.2060116445E-02     0.2565646837E-01     0.9397812336E-01     0.1127854289         0.1113524688E-01     0.5296833111E-01     0.1256423650         0.8915129793E-03     0.2067879158E-01
    0.4389464547E-01     0.2028800394         0.2360414366E-03     0.4336886637E-01     0.2051187052         0.2470208459E-02     0.1636172046E-01     0.7928156118E-01     0.1383923393E-01     0.2826079891E-01
    0.7610523255E-01     0.8607434115E-01
 

 INTERMEDIATE RESULTS BEFORE NEXT TEMPERATURE REDUCTION

  CURRENT TEMPERATURE:             0.37670E-03
  MIN FUNCTION VALUE SO FAR:   0.190717394022153104E-01
  TOTAL MOVES:                     420
     DOWNHILL:                     335
     ACCEPTED UPHILL:               44
     REJECTED UPHILL:               41
  TRIALS OUT OF BOUNDS:            198
  NEW MINIMA THIS TEMPERATURE:       2

                         CURRENT OPTIMAL X
    0.9997684934         0.9001857416E-01     0.1387611005         0.6755313359E-01     0.1403213794E-01     0.2107584182         0.6232832394         0.4296854956         0.5768567645E-02     0.1568255670    
    0.3563904141         0.2495643109E-01     0.1324051449         0.3127822218         0.9998750537         0.9840222842E-01     0.2165794589         0.5992559628         0.8443788455E-01     0.1792819108    
    0.5107792710         0.6403991741E-02     0.7782196872E-01     0.2734148721         0.3349223910         0.3714894824E-01     0.1806478466         0.4566316496         0.6301363229         0.7872545129E-01
    0.1522164798         0.8827361939         0.8488547209E-03     0.1491325691         0.7643184920         0.9076008015E-02     0.5760619056E-01     0.2771357751         0.4964597251E-01     0.1070446514    
    0.2396023495         0.3016430233    

                         STEP LENGTH (VM)
    0.1705613461E-02     0.2972924514E-01     0.3673622442E-01     0.1875938672E-01     0.4782933447E-02     0.7360913628E-01     0.1687117759         0.3268496625E-03     0.1170869352E-02     0.2045711714E-02
    0.3913922635E-02     0.7787303049E-02     0.4210597857E-01     0.1034000923         0.2240017369E-03     0.2793816134E-01     0.7626962355E-01     0.2092677656         0.2513425107E-01     0.5847185703E-01
    0.1426208602         0.2060116445E-02     0.2565646837E-01     0.9397812336E-01     0.1127854289         0.1113524688E-01     0.5296833111E-01     0.1256423650         0.3855191040E-03     0.2067879158E-01
    0.4389464547E-01     0.2028800394         0.2360414366E-03     0.4336886637E-01     0.2051187052         0.2470208459E-02     0.1636172046E-01     0.7928156118E-01     0.1383923393E-01     0.2826079891E-01
    0.7610523255E-01     0.8607434115E-01
 

  SA ACHIEVED TERMINATION CRITERIA. IER = 0. 


  ****   RESULTS AFTER SA   ****   

                         SOLUTION
    0.9997684934         0.9001857416E-01     0.1387611005         0.6755313359E-01     0.1403213794E-01     0.2107584182         0.6232832394         0.4296854956         0.5768567645E-02     0.1568255670    
    0.3563904141         0.2495643109E-01     0.1324051449         0.3127822218         0.9998750537         0.9840222842E-01     0.2165794589         0.5992559628         0.8443788455E-01     0.1792819108    
    0.5107792710         0.6403991741E-02     0.7782196872E-01     0.2734148721         0.3349223910         0.3714894824E-01     0.1806478466         0.4566316496         0.6301363229         0.7872545129E-01
    0.1522164798         0.8827361939         0.8488547209E-03     0.1491325691         0.7643184920         0.9076008015E-02     0.5760619056E-01     0.2771357751         0.4964597251E-01     0.1070446514    
    0.2396023495         0.3016430233    

                         FINAL STEP LENGTH
    0.1705613461E-02     0.2972924514E-01     0.3673622442E-01     0.1875938672E-01     0.4782933447E-02     0.7360913628E-01     0.1687117759         0.3268496625E-03     0.1170869352E-02     0.2045711714E-02
    0.3913922635E-02     0.7787303049E-02     0.4210597857E-01     0.1034000923         0.2240017369E-03     0.2793816134E-01     0.7626962355E-01     0.2092677656         0.2513425107E-01     0.5847185703E-01
    0.1426208602         0.2060116445E-02     0.2565646837E-01     0.9397812336E-01     0.1127854289         0.1113524688E-01     0.5296833111E-01     0.1256423650         0.3855191040E-03     0.2067879158E-01
    0.4389464547E-01     0.2028800394         0.2360414366E-03     0.4336886637E-01     0.2051187052         0.2470208459E-02     0.1636172046E-01     0.7928156118E-01     0.1383923393E-01     0.2826079891E-01
    0.7610523255E-01     0.8607434115E-01

 OPTIMAL FUNCTION VALUE:  0.1907173940222E-01
 NUMBER OF FUNCTION EVALUATIONS:          14281
 NUMBER OF ACCEPTED EVALUATIONS:          13630
 NUMBER OF OUT OF BOUND EVALUATIONS:       6889
 FINAL TEMP:  0.3766965964524E-03  IER:   0
