
 SIMULATED PARALLEL ANNEALING by NEIGHBORHOOD EXAMPLE

 NUMBER OF PARAMETERS:  42   MAXIMAZATION:     F
 INITIAL TEMP:  5.0       RT: 0.75       EPS: 0.10E-02
 NS:  24   NT:  20   NEPS:  4
 MAXEVL:  100000000   IPRINT: 1   ISEED1:    7 ISEED2:    8

                         STARTING VALUES
    0.9999144111         0.8535776734E-01     0.1296151400         0.3973155022         0.8146742582E-01     0.1535944343         0.5825842023         0.6941765855         0.2620733381E-01     0.1036323761    
    0.1748405762E-02     0.3112094998E-01     0.1598761201         0.2268040180E-01     0.9999957897         0.9851166010E-01     0.1168387771         0.2379919291         0.6384759545E-01     0.2028014779    
    0.9422370195         0.9298628703E-02     0.5229544044E-01     0.2825355172         0.9609275460         0.9837008715E-01     0.1499680996         0.1953491569         0.7006412588         0.4901028872E-01
    0.1314473271         0.2998161316E-01     0.4584996700E-01     0.1827637434         0.5605972409         0.5738165950E-02     0.7554830313E-01     0.1279273748         0.6299467087         0.9082164168E-01
    0.2492772579         0.9488397241    

                         INITIAL STEP LENGTH
     1.000000000         0.1000000000         0.2000000000          1.000000000         0.1000000000         0.2000000000          1.000000000          1.000000000         0.1000000000         0.2000000000    
     1.000000000         0.1000000000         0.2000000000          1.000000000          1.000000000         0.1000000000         0.2000000000          1.000000000         0.1000000000         0.2000000000    
     1.000000000          1.000000000         0.1000000000         0.2000000000          1.000000000         0.1000000000         0.2000000000          1.000000000          1.000000000         0.1000000000    
    0.2000000000          1.000000000         0.1000000000         0.2000000000          1.000000000          1.000000000         0.1000000000         0.2000000000          1.000000000         0.1000000000    
    0.2000000000          1.000000000    

                         LOWER BOUND
     0.000000000          0.000000000         0.1000000000          0.000000000          0.000000000         0.1000000000          0.000000000          0.000000000          0.000000000         0.1000000000    
     0.000000000          0.000000000         0.1000000000          0.000000000          0.000000000          0.000000000         0.1000000000          0.000000000          0.000000000         0.1000000000    
     0.000000000          0.000000000          0.000000000         0.1000000000          0.000000000          0.000000000         0.1000000000          0.000000000          0.000000000          0.000000000    
    0.1000000000          0.000000000          0.000000000         0.1000000000          0.000000000          0.000000000          0.000000000         0.1000000000          0.000000000          0.000000000    
    0.1000000000          0.000000000    

                         UPPER BOUND
     1.000000000         0.1000000000         0.3000000000          1.000000000         0.1000000000         0.3000000000          1.000000000          1.000000000         0.1000000000         0.3000000000    
     1.000000000         0.1000000000         0.3000000000          1.000000000          1.000000000         0.1000000000         0.3000000000          1.000000000         0.1000000000         0.3000000000    
     1.000000000          1.000000000         0.1000000000         0.3000000000          1.000000000         0.1000000000         0.3000000000          1.000000000          1.000000000         0.1000000000    
    0.3000000000          1.000000000         0.1000000000         0.3000000000          1.000000000          1.000000000         0.1000000000         0.3000000000          1.000000000         0.1000000000    
    0.3000000000          1.000000000    

                         C VECTOR
     2.000000000          2.000000000          2.000000000          2.000000000          2.000000000          2.000000000          2.000000000          2.000000000          2.000000000          2.000000000    
     2.000000000          2.000000000          2.000000000          2.000000000          2.000000000          2.000000000          2.000000000          2.000000000          2.000000000          2.000000000    
     2.000000000          2.000000000          2.000000000          2.000000000          2.000000000          2.000000000          2.000000000          2.000000000          2.000000000          2.000000000    
     2.000000000          2.000000000          2.000000000          2.000000000          2.000000000          2.000000000          2.000000000          2.000000000          2.000000000          2.000000000    
     2.000000000          2.000000000    

  ****   END OF DRIVER ROUTINE OUTPUT   ****
  ****   BEFORE CALL TO SA.             ****
  

                         INITIAL X
    0.9999144111         0.8535776734E-01     0.1296151400         0.3973155022         0.8146742582E-01     0.1535944343         0.5825842023         0.6941765855         0.2620733381E-01     0.1036323761    
    0.1748405762E-02     0.3112094998E-01     0.1598761201         0.2268040180E-01     0.9999957897         0.9851166010E-01     0.1168387771         0.2379919291         0.6384759545E-01     0.2028014779    
    0.9422370195         0.9298628703E-02     0.5229544044E-01     0.2825355172         0.9609275460         0.9837008715E-01     0.1499680996         0.1953491569         0.7006412588         0.4901028872E-01
    0.1314473271         0.2998161316E-01     0.4584996700E-01     0.1827637434         0.5605972409         0.5738165950E-02     0.7554830313E-01     0.1279273748         0.6299467087         0.9082164168E-01
    0.2492772579         0.9488397241    
  INITIAL F: 
 0.882223046056672677E-01

 INTERMEDIATE RESULTS BEFORE NEXT TEMPERATURE REDUCTION

  CURRENT TEMPERATURE:              5.0000    
  MIN FUNCTION VALUE SO FAR:   0.610502915195165752E-01
  TOTAL MOVES:                    1680
     DOWNHILL:                    1222
     ACCEPTED UPHILL:              396
     REJECTED UPHILL:               62
  TRIALS OUT OF BOUNDS:            818
  NEW MINIMA THIS TEMPERATURE:       0

                         CURRENT OPTIMAL X
    0.8037613630         0.8535776734E-01     0.1296151400         0.3973155022         0.8146742582E-01     0.1535944343         0.5825842023         0.6941765855         0.2620733381E-01     0.1036323761    
    0.1748405762E-02     0.3112094998E-01     0.1598761201         0.2268040180E-01     0.9999957897         0.9851166010E-01     0.1168387771         0.2379919291         0.6384759545E-01     0.2028014779    
    0.9422370195         0.9298628703E-02     0.5229544044E-01     0.2825355172         0.9609275460         0.9837008715E-01     0.1499680996         0.1953491569         0.7006412588         0.4901028872E-01
    0.1314473271         0.2998161316E-01     0.4584996700E-01     0.1827637434         0.5605972409         0.5738165950E-02     0.7554830313E-01     0.1279273748         0.6299467087         0.9082164168E-01
    0.2492772579         0.9488397241    

                         STEP LENGTH (VM)
     1.000000000         0.1000000000         0.2000000000          1.000000000         0.1000000000         0.2000000000          1.000000000         0.8888888668         0.1000000000         0.2000000000    
     1.000000000         0.1000000000         0.2000000000          1.000000000         0.3076921940         0.1000000000         0.2000000000          1.000000000         0.1000000000         0.2000000000    
     1.000000000          1.000000000         0.1000000000         0.2000000000          1.000000000         0.1000000000         0.2000000000          1.000000000          1.000000000         0.1000000000    
    0.2000000000          1.000000000         0.1000000000         0.2000000000          1.000000000          1.000000000         0.1000000000         0.2000000000          1.000000000         0.1000000000    
    0.2000000000          1.000000000    
 

 INTERMEDIATE RESULTS BEFORE NEXT TEMPERATURE REDUCTION

  CURRENT TEMPERATURE:              3.7500    
  MIN FUNCTION VALUE SO FAR:   0.453959882198863296E-01
  TOTAL MOVES:                    1680
     DOWNHILL:                    1223
     ACCEPTED UPHILL:              402
     REJECTED UPHILL:               55
  TRIALS OUT OF BOUNDS:            810
  NEW MINIMA THIS TEMPERATURE:       0

                         CURRENT OPTIMAL X
    0.8370567560         0.8535776734E-01     0.1296151400         0.3973155022         0.8146742582E-01     0.1535944343         0.5825842023         0.6941765855         0.2620733381E-01     0.1036323761    
    0.1748405762E-02     0.3112094998E-01     0.1598761201         0.2268040180E-01     0.9999957897         0.9851166010E-01     0.1168387771         0.2379919291         0.6384759545E-01     0.2028014779    
    0.9422370195         0.9298628703E-02     0.5229544044E-01     0.2825355172         0.9609275460         0.9837008715E-01     0.1499680996         0.1953491569         0.7006412588         0.4901028872E-01
    0.1314473271         0.2998161316E-01     0.4584996700E-01     0.1827637434         0.5605972409         0.5738165950E-02     0.7554830313E-01     0.1279273748         0.6299467087         0.9082164168E-01
    0.2492772579         0.9488397241    

                         STEP LENGTH (VM)
     1.000000000         0.1000000000         0.2000000000          1.000000000         0.1000000000         0.2000000000          1.000000000         0.3726278988         0.1000000000         0.2000000000    
     1.000000000         0.1000000000         0.2000000000          1.000000000         0.2977920535         0.1000000000         0.2000000000          1.000000000         0.1000000000         0.2000000000    
     1.000000000          1.000000000         0.1000000000         0.2000000000          1.000000000         0.1000000000         0.2000000000          1.000000000          1.000000000         0.1000000000    
    0.2000000000          1.000000000         0.1000000000         0.2000000000          1.000000000          1.000000000         0.1000000000         0.2000000000          1.000000000         0.1000000000    
    0.2000000000          1.000000000    
 

 INTERMEDIATE RESULTS BEFORE NEXT TEMPERATURE REDUCTION

  CURRENT TEMPERATURE:              2.8125    
  MIN FUNCTION VALUE SO FAR:   0.453959882198863296E-01
  TOTAL MOVES:                    1680
     DOWNHILL:                    1195
     ACCEPTED UPHILL:              427
     REJECTED UPHILL:               58
  TRIALS OUT OF BOUNDS:            802
  NEW MINIMA THIS TEMPERATURE:       0

                         CURRENT OPTIMAL X
    0.8370567560         0.8535776734E-01     0.1296151400         0.3973155022         0.8146742582E-01     0.1535944343         0.5825842023         0.6941765855         0.2620733381E-01     0.1036323761    
    0.1748405762E-02     0.3112094998E-01     0.1598761201         0.2268040180E-01     0.9999957897         0.9851166010E-01     0.1168387771         0.2379919291         0.6384759545E-01     0.2028014779    
    0.9422370195         0.9298628703E-02     0.5229544044E-01     0.2825355172         0.9609275460         0.9837008715E-01     0.1499680996         0.1953491569         0.7006412588         0.4901028872E-01
    0.1314473271         0.2998161316E-01     0.4584996700E-01     0.1827637434         0.5605972409         0.5738165950E-02     0.7554830313E-01     0.1279273748         0.6299467087         0.9082164168E-01
    0.2492772579         0.9488397241    

                         STEP LENGTH (VM)
     1.000000000         0.1000000000         0.2000000000          1.000000000         0.1000000000         0.2000000000          1.000000000          1.000000000         0.1000000000         0.2000000000    
     1.000000000         0.1000000000         0.2000000000          1.000000000         0.2209295380         0.1000000000         0.2000000000          1.000000000         0.1000000000         0.2000000000    
     1.000000000          1.000000000         0.1000000000         0.2000000000          1.000000000         0.1000000000         0.2000000000          1.000000000          1.000000000         0.1000000000    
    0.2000000000          1.000000000         0.1000000000         0.2000000000          1.000000000          1.000000000         0.1000000000         0.2000000000          1.000000000         0.1000000000    
    0.2000000000          1.000000000    
 

 INTERMEDIATE RESULTS BEFORE NEXT TEMPERATURE REDUCTION

  CURRENT TEMPERATURE:              2.1094    
  MIN FUNCTION VALUE SO FAR:   0.453959882198863296E-01
  TOTAL MOVES:                    1680
     DOWNHILL:                    1220
     ACCEPTED UPHILL:              396
     REJECTED UPHILL:               64
  TRIALS OUT OF BOUNDS:            824
  NEW MINIMA THIS TEMPERATURE:       0

                         CURRENT OPTIMAL X
    0.8370567560         0.8535776734E-01     0.1296151400         0.3973155022         0.8146742582E-01     0.1535944343         0.5825842023         0.6941765855         0.2620733381E-01     0.1036323761    
    0.1748405762E-02     0.3112094998E-01     0.1598761201         0.2268040180E-01     0.9999957897         0.9851166010E-01     0.1168387771         0.2379919291         0.6384759545E-01     0.2028014779    
    0.9422370195         0.9298628703E-02     0.5229544044E-01     0.2825355172         0.9609275460         0.9837008715E-01     0.1499680996         0.1953491569         0.7006412588         0.4901028872E-01
    0.1314473271         0.2998161316E-01     0.4584996700E-01     0.1827637434         0.5605972409         0.5738165950E-02     0.7554830313E-01     0.1279273748         0.6299467087         0.9082164168E-01
    0.2492772579         0.9488397241    

                         STEP LENGTH (VM)
     1.000000000         0.1000000000         0.2000000000          1.000000000         0.1000000000         0.2000000000          1.000000000          1.000000000         0.1000000000         0.2000000000    
     1.000000000         0.1000000000         0.2000000000          1.000000000         0.2759959039         0.1000000000         0.2000000000          1.000000000         0.1000000000         0.2000000000    
     1.000000000          1.000000000         0.1000000000         0.2000000000          1.000000000         0.1000000000         0.2000000000          1.000000000          1.000000000         0.1000000000    
    0.2000000000          1.000000000         0.1000000000         0.2000000000          1.000000000          1.000000000         0.1000000000         0.2000000000          1.000000000         0.1000000000    
    0.2000000000          1.000000000    
 

 INTERMEDIATE RESULTS BEFORE NEXT TEMPERATURE REDUCTION

  CURRENT TEMPERATURE:              1.5820    
  MIN FUNCTION VALUE SO FAR:   0.453959882198863296E-01
  TOTAL MOVES:                    1680
     DOWNHILL:                    1183
     ACCEPTED UPHILL:              433
     REJECTED UPHILL:               64
  TRIALS OUT OF BOUNDS:            807
  NEW MINIMA THIS TEMPERATURE:       0

                         CURRENT OPTIMAL X
    0.8370567560         0.8535776734E-01     0.1296151400         0.3973155022         0.8146742582E-01     0.1535944343         0.5825842023         0.6941765855         0.2620733381E-01     0.1036323761    
    0.1748405762E-02     0.3112094998E-01     0.1598761201         0.2268040180E-01     0.9999957897         0.9851166010E-01     0.1168387771         0.2379919291         0.6384759545E-01     0.2028014779    
    0.9422370195         0.9298628703E-02     0.5229544044E-01     0.2825355172         0.9609275460         0.9837008715E-01     0.1499680996         0.1953491569         0.7006412588         0.4901028872E-01
    0.1314473271         0.2998161316E-01     0.4584996700E-01     0.1827637434         0.5605972409         0.5738165950E-02     0.7554830313E-01     0.1279273748         0.6299467087         0.9082164168E-01
    0.2492772579         0.9488397241    

                         STEP LENGTH (VM)
     1.000000000         0.1000000000         0.2000000000          1.000000000         0.1000000000         0.2000000000          1.000000000         0.5714285653         0.1000000000         0.2000000000    
     1.000000000         0.1000000000         0.2000000000          1.000000000         0.2507845828         0.1000000000         0.2000000000          1.000000000         0.1000000000         0.2000000000    
     1.000000000          1.000000000         0.1000000000         0.2000000000          1.000000000         0.1000000000         0.2000000000          1.000000000          1.000000000         0.1000000000    
    0.2000000000          1.000000000         0.1000000000         0.2000000000          1.000000000          1.000000000         0.1000000000         0.2000000000          1.000000000         0.1000000000    
    0.2000000000          1.000000000    
 

 INTERMEDIATE RESULTS BEFORE NEXT TEMPERATURE REDUCTION

  CURRENT TEMPERATURE:              1.1865    
  MIN FUNCTION VALUE SO FAR:   0.426758945759385666E-01
  TOTAL MOVES:                    1680
     DOWNHILL:                    1210
     ACCEPTED UPHILL:              401
     REJECTED UPHILL:               69
  TRIALS OUT OF BOUNDS:            828
  NEW MINIMA THIS TEMPERATURE:       0

                         CURRENT OPTIMAL X
    0.8584710360         0.6302279234E-02     0.1280137539         0.3973155022         0.8146742582E-01     0.1535944343         0.5825842023         0.6941765855         0.2620733381E-01     0.1036323761    
    0.1748405762E-02     0.3112094998E-01     0.1598761201         0.2268040180E-01     0.9999957897         0.9851166010E-01     0.1168387771         0.2379919291         0.6384759545E-01     0.2028014779    
    0.9422370195         0.9298628703E-02     0.5229544044E-01     0.2825355172         0.9609275460         0.9837008715E-01     0.1499680996         0.1953491569         0.7006412588         0.4901028872E-01
    0.1314473271         0.2998161316E-01     0.4584996700E-01     0.1827637434         0.5605972409         0.5738165950E-02     0.7554830313E-01     0.1279273748         0.6299467087         0.9082164168E-01
    0.2492772579         0.9488397241    

                         STEP LENGTH (VM)
     1.000000000         0.1000000000         0.2000000000          1.000000000         0.1000000000         0.2000000000          1.000000000         0.7499999860         0.1000000000         0.2000000000    
     1.000000000         0.1000000000         0.2000000000          1.000000000         0.1830049054         0.1000000000         0.2000000000          1.000000000         0.1000000000         0.2000000000    
     1.000000000          1.000000000         0.1000000000         0.2000000000          1.000000000         0.1000000000         0.2000000000          1.000000000          1.000000000         0.1000000000    
    0.2000000000          1.000000000         0.1000000000         0.2000000000          1.000000000          1.000000000         0.1000000000         0.2000000000          1.000000000         0.1000000000    
    0.2000000000          1.000000000    
 

 INTERMEDIATE RESULTS BEFORE NEXT TEMPERATURE REDUCTION

  CURRENT TEMPERATURE:             0.88989    
  MIN FUNCTION VALUE SO FAR:   0.348458244460343458E-01
  TOTAL MOVES:                    1680
     DOWNHILL:                    1201
     ACCEPTED UPHILL:              398
     REJECTED UPHILL:               81
  TRIALS OUT OF BOUNDS:            822
  NEW MINIMA THIS TEMPERATURE:       0

                         CURRENT OPTIMAL X
    0.9437308311         0.2119457126E-01     0.2777164459         0.5879592896E-01     0.2531886098E-02     0.2383731246         0.9513605237         0.6667654828         0.4701027274E-01     0.1633669113    
    0.1748405762E-02     0.3112094998E-01     0.1598761201         0.2268040180E-01     0.9999957897         0.9851166010E-01     0.1168387771         0.2379919291         0.6384759545E-01     0.2028014779    
    0.9422370195         0.9298628703E-02     0.5229544044E-01     0.2825355172         0.9609275460         0.9837008715E-01     0.1499680996         0.1953491569         0.7006412588         0.4901028872E-01
    0.1314473271         0.2998161316E-01     0.4584996700E-01     0.1827637434         0.5605972409         0.5738165950E-02     0.7554830313E-01     0.1279273748         0.6299467087         0.9082164168E-01
    0.2492772579         0.9488397241    

                         STEP LENGTH (VM)
     1.000000000         0.1000000000         0.2000000000          1.000000000         0.1000000000         0.2000000000          1.000000000          1.000000000         0.1000000000         0.2000000000    
     1.000000000         0.1000000000         0.2000000000          1.000000000         0.1539299303         0.1000000000         0.2000000000          1.000000000         0.1000000000         0.2000000000    
     1.000000000          1.000000000         0.1000000000         0.2000000000          1.000000000         0.1000000000         0.2000000000          1.000000000          1.000000000         0.1000000000    
    0.2000000000          1.000000000         0.1000000000         0.2000000000          1.000000000          1.000000000         0.1000000000         0.2000000000          1.000000000         0.1000000000    
    0.2000000000          1.000000000    
 

 INTERMEDIATE RESULTS BEFORE NEXT TEMPERATURE REDUCTION

  CURRENT TEMPERATURE:             0.66742    
  MIN FUNCTION VALUE SO FAR:   0.348458244460343458E-01
  TOTAL MOVES:                    1680
     DOWNHILL:                    1205
     ACCEPTED UPHILL:              392
     REJECTED UPHILL:               83
  TRIALS OUT OF BOUNDS:            816
  NEW MINIMA THIS TEMPERATURE:       0

                         CURRENT OPTIMAL X
    0.9437308311         0.2119457126E-01     0.2777164459         0.5879592896E-01     0.2531886098E-02     0.2383731246         0.9513605237         0.6667654828         0.4701027274E-01     0.1633669113    
    0.1748405762E-02     0.3112094998E-01     0.1598761201         0.2268040180E-01     0.9999957897         0.9851166010E-01     0.1168387771         0.2379919291         0.6384759545E-01     0.2028014779    
    0.9422370195         0.9298628703E-02     0.5229544044E-01     0.2825355172         0.9609275460         0.9837008715E-01     0.1499680996         0.1953491569         0.7006412588         0.4901028872E-01
    0.1314473271         0.2998161316E-01     0.4584996700E-01     0.1827637434         0.5605972409         0.5738165950E-02     0.7554830313E-01     0.1279273748         0.6299467087         0.9082164168E-01
    0.2492772579         0.9488397241    

                         STEP LENGTH (VM)
     1.000000000         0.1000000000         0.2000000000          1.000000000         0.1000000000         0.2000000000          1.000000000         0.4821427273         0.1000000000         0.2000000000    
     1.000000000         0.1000000000         0.2000000000          1.000000000         0.1515247035         0.1000000000         0.2000000000          1.000000000         0.1000000000         0.2000000000    
     1.000000000          1.000000000         0.1000000000         0.2000000000          1.000000000         0.1000000000         0.2000000000          1.000000000          1.000000000         0.1000000000    
    0.2000000000          1.000000000         0.1000000000         0.2000000000          1.000000000          1.000000000         0.1000000000         0.2000000000          1.000000000         0.1000000000    
    0.2000000000          1.000000000    
 

 INTERMEDIATE RESULTS BEFORE NEXT TEMPERATURE REDUCTION

  CURRENT TEMPERATURE:             0.50056    
  MIN FUNCTION VALUE SO FAR:   0.348458244460343458E-01
  TOTAL MOVES:                    1680
     DOWNHILL:                    1192
     ACCEPTED UPHILL:              413
     REJECTED UPHILL:               75
  TRIALS OUT OF BOUNDS:            875
  NEW MINIMA THIS TEMPERATURE:       0

                         CURRENT OPTIMAL X
    0.9437308311         0.2119457126E-01     0.2777164459         0.5879592896E-01     0.2531886098E-02     0.2383731246         0.9513605237         0.6667654828         0.4701027274E-01     0.1633669113    
    0.1748405762E-02     0.3112094998E-01     0.1598761201         0.2268040180E-01     0.9999957897         0.9851166010E-01     0.1168387771         0.2379919291         0.6384759545E-01     0.2028014779    
    0.9422370195         0.9298628703E-02     0.5229544044E-01     0.2825355172         0.9609275460         0.9837008715E-01     0.1499680996         0.1953491569         0.7006412588         0.4901028872E-01
    0.1314473271         0.2998161316E-01     0.4584996700E-01     0.1827637434         0.5605972409         0.5738165950E-02     0.7554830313E-01     0.1279273748         0.6299467087         0.9082164168E-01
    0.2492772579         0.9488397241    

                         STEP LENGTH (VM)
     1.000000000         0.1000000000         0.2000000000          1.000000000         0.1000000000         0.2000000000          1.000000000          1.000000000         0.1000000000         0.2000000000    
     1.000000000         0.1000000000         0.2000000000          1.000000000         0.1026684348         0.1000000000         0.2000000000          1.000000000         0.1000000000         0.2000000000    
     1.000000000          1.000000000         0.1000000000         0.2000000000          1.000000000         0.1000000000         0.2000000000          1.000000000          1.000000000         0.1000000000    
    0.2000000000          1.000000000         0.1000000000         0.2000000000          1.000000000          1.000000000         0.1000000000         0.2000000000          1.000000000         0.1000000000    
    0.2000000000          1.000000000    
 

 INTERMEDIATE RESULTS BEFORE NEXT TEMPERATURE REDUCTION

  CURRENT TEMPERATURE:             0.37542    
  MIN FUNCTION VALUE SO FAR:   0.345303230580796816E-01
  TOTAL MOVES:                    1680
     DOWNHILL:                    1216
     ACCEPTED UPHILL:              366
     REJECTED UPHILL:               98
  TRIALS OUT OF BOUNDS:            810
  NEW MINIMA THIS TEMPERATURE:       0

                         CURRENT OPTIMAL X
    0.9437308311         0.5032031536E-01     0.2974112749         0.4195231199         0.4347223043E-02     0.1852026343         0.2800027728         0.6667654828         0.3373704553E-01     0.2790799116    
    0.1748405762E-02     0.3112094998E-01     0.1598761201         0.2268040180E-01     0.9999957897         0.9851166010E-01     0.1168387771         0.2379919291         0.6384759545E-01     0.2028014779    
    0.9422370195         0.9298628703E-02     0.5229544044E-01     0.2825355172         0.9609275460         0.9837008715E-01     0.1499680996         0.1953491569         0.7006412588         0.4901028872E-01
    0.1314473271         0.2998161316E-01     0.4584996700E-01     0.1827637434         0.5605972409         0.5738165950E-02     0.7554830313E-01     0.1279273748         0.6299467087         0.9082164168E-01
    0.2492772579         0.9488397241    

                         STEP LENGTH (VM)
     1.000000000         0.1000000000         0.2000000000          1.000000000         0.1000000000         0.2000000000          1.000000000         0.3485084559         0.1000000000         0.2000000000    
     1.000000000         0.1000000000         0.2000000000          1.000000000         0.2135136910         0.1000000000         0.2000000000          1.000000000         0.1000000000         0.2000000000    
     1.000000000          1.000000000         0.1000000000         0.2000000000          1.000000000         0.1000000000         0.2000000000          1.000000000          1.000000000         0.1000000000    
    0.2000000000          1.000000000         0.1000000000         0.2000000000          1.000000000          1.000000000         0.1000000000         0.2000000000          1.000000000         0.1000000000    
    0.2000000000          1.000000000    
 

 INTERMEDIATE RESULTS BEFORE NEXT TEMPERATURE REDUCTION

  CURRENT TEMPERATURE:             0.28157    
  MIN FUNCTION VALUE SO FAR:   0.345067666887033386E-01
  TOTAL MOVES:                    1680
     DOWNHILL:                    1163
     ACCEPTED UPHILL:              400
     REJECTED UPHILL:              117
  TRIALS OUT OF BOUNDS:            810
  NEW MINIMA THIS TEMPERATURE:       0

                         CURRENT OPTIMAL X
    0.9437308311         0.4064080715E-01     0.1499600649         0.7418295145         0.4347223043E-02     0.1852026343         0.2800027728         0.6667654828         0.3373704553E-01     0.2790799116    
    0.1748405762E-02     0.3112094998E-01     0.1598761201         0.2268040180E-01     0.9999957897         0.9851166010E-01     0.1168387771         0.2379919291         0.6384759545E-01     0.2028014779    
    0.9422370195         0.9298628703E-02     0.5229544044E-01     0.2825355172         0.9609275460         0.9837008715E-01     0.1499680996         0.1953491569         0.7006412588         0.4901028872E-01
    0.1314473271         0.2998161316E-01     0.4584996700E-01     0.1827637434         0.5605972409         0.5738165950E-02     0.7554830313E-01     0.1279273748         0.6299467087         0.9082164168E-01
    0.2492772579         0.9488397241    

                         STEP LENGTH (VM)
     1.000000000         0.1000000000         0.2000000000          1.000000000         0.1000000000         0.2000000000          1.000000000         0.3503619919         0.1000000000         0.2000000000    
     1.000000000         0.1000000000         0.2000000000          1.000000000         0.9691396473E-01     0.1000000000         0.2000000000          1.000000000         0.1000000000         0.2000000000    
     1.000000000         0.4615384589         0.1000000000         0.2000000000          1.000000000         0.1000000000         0.2000000000          1.000000000          1.000000000         0.1000000000    
    0.2000000000          1.000000000         0.1000000000         0.2000000000          1.000000000          1.000000000         0.1000000000         0.2000000000          1.000000000         0.1000000000    
    0.2000000000          1.000000000    
 

 INTERMEDIATE RESULTS BEFORE NEXT TEMPERATURE REDUCTION

  CURRENT TEMPERATURE:             0.21118    
  MIN FUNCTION VALUE SO FAR:   0.345003536633076147E-01
  TOTAL MOVES:                    1680
     DOWNHILL:                    1193
     ACCEPTED UPHILL:              365
     REJECTED UPHILL:              122
  TRIALS OUT OF BOUNDS:            823
  NEW MINIMA THIS TEMPERATURE:       0

                         CURRENT OPTIMAL X
    0.9437308311         0.4423349500E-01     0.1170934439         0.7418295145         0.4347223043E-02     0.1852026343         0.2800027728         0.6667654828         0.3373704553E-01     0.2790799116    
    0.1748405762E-02     0.3112094998E-01     0.1598761201         0.2268040180E-01     0.9999957897         0.9851166010E-01     0.1168387771         0.2379919291         0.6384759545E-01     0.2028014779    
    0.9422370195         0.9298628703E-02     0.5229544044E-01     0.2825355172         0.9609275460         0.9837008715E-01     0.1499680996         0.1953491569         0.7006412588         0.4901028872E-01
    0.1314473271         0.2998161316E-01     0.4584996700E-01     0.1827637434         0.5605972409         0.5738165950E-02     0.7554830313E-01     0.1279273748         0.6299467087         0.9082164168E-01
    0.2492772579         0.9488397241    

                         STEP LENGTH (VM)
     1.000000000         0.1000000000         0.2000000000          1.000000000         0.1000000000         0.2000000000          1.000000000         0.5407973697         0.1000000000         0.2000000000    
     1.000000000         0.1000000000         0.2000000000          1.000000000         0.1185667108         0.1000000000         0.2000000000          1.000000000         0.1000000000         0.2000000000    
     1.000000000         0.6666666377         0.1000000000         0.2000000000          1.000000000         0.1000000000         0.2000000000          1.000000000         0.5580250072         0.1000000000    
    0.2000000000          1.000000000         0.1000000000         0.2000000000          1.000000000          1.000000000         0.1000000000         0.2000000000          1.000000000         0.1000000000    
    0.2000000000          1.000000000    
 

 INTERMEDIATE RESULTS BEFORE NEXT TEMPERATURE REDUCTION

  CURRENT TEMPERATURE:             0.15838    
  MIN FUNCTION VALUE SO FAR:   0.345003536633076147E-01
  TOTAL MOVES:                    1680
     DOWNHILL:                    1134
     ACCEPTED UPHILL:              409
     REJECTED UPHILL:              137
  TRIALS OUT OF BOUNDS:            772
  NEW MINIMA THIS TEMPERATURE:       0

                         CURRENT OPTIMAL X
    0.9437308311         0.4423349500E-01     0.1170934439         0.7418295145         0.4347223043E-02     0.1852026343         0.2800027728         0.6667654828         0.3373704553E-01     0.2790799116    
    0.1748405762E-02     0.3112094998E-01     0.1598761201         0.2268040180E-01     0.9999957897         0.9851166010E-01     0.1168387771         0.2379919291         0.6384759545E-01     0.2028014779    
    0.9422370195         0.9298628703E-02     0.5229544044E-01     0.2825355172         0.9609275460         0.9837008715E-01     0.1499680996         0.1953491569         0.7006412588         0.4901028872E-01
    0.1314473271         0.2998161316E-01     0.4584996700E-01     0.1827637434         0.5605972409         0.5738165950E-02     0.7554830313E-01     0.1279273748         0.6299467087         0.9082164168E-01
    0.2492772579         0.9488397241    

                         STEP LENGTH (VM)
    0.3265306053         0.1000000000         0.2000000000          1.000000000         0.1000000000         0.2000000000          1.000000000         0.2124520072         0.1000000000         0.2000000000    
     1.000000000         0.1000000000         0.2000000000          1.000000000         0.4640853230E-01     0.1000000000         0.2000000000          1.000000000         0.1000000000         0.2000000000    
     1.000000000         0.2383496264         0.1000000000         0.2000000000          1.000000000         0.1000000000         0.2000000000          1.000000000         0.2859946725         0.1000000000    
    0.2000000000          1.000000000         0.1000000000         0.2000000000          1.000000000         0.7499999222         0.1000000000         0.2000000000          1.000000000         0.1000000000    
    0.2000000000          1.000000000    
 

 INTERMEDIATE RESULTS BEFORE NEXT TEMPERATURE REDUCTION

  CURRENT TEMPERATURE:             0.11879    
  MIN FUNCTION VALUE SO FAR:   0.345003536633076147E-01
  TOTAL MOVES:                    1680
     DOWNHILL:                    1179
     ACCEPTED UPHILL:              379
     REJECTED UPHILL:              122
  TRIALS OUT OF BOUNDS:            794
  NEW MINIMA THIS TEMPERATURE:       0

                         CURRENT OPTIMAL X
    0.9437308311         0.4423349500E-01     0.1170934439         0.7418295145         0.4347223043E-02     0.1852026343         0.2800027728         0.6667654828         0.3373704553E-01     0.2790799116    
    0.1748405762E-02     0.3112094998E-01     0.1598761201         0.2268040180E-01     0.9999957897         0.9851166010E-01     0.1168387771         0.2379919291         0.6384759545E-01     0.2028014779    
    0.9422370195         0.9298628703E-02     0.5229544044E-01     0.2825355172         0.9609275460         0.9837008715E-01     0.1499680996         0.1953491569         0.7006412588         0.4901028872E-01
    0.1314473271         0.2998161316E-01     0.4584996700E-01     0.1827637434         0.5605972409         0.5738165950E-02     0.7554830313E-01     0.1279273748         0.6299467087         0.9082164168E-01
    0.2492772579         0.9488397241    

                         STEP LENGTH (VM)
     1.000000000         0.1000000000         0.2000000000          1.000000000         0.1000000000         0.2000000000          1.000000000         0.1205808348         0.1000000000         0.2000000000    
     1.000000000         0.1000000000         0.2000000000          1.000000000         0.3350539424E-01     0.1000000000         0.2000000000          1.000000000         0.1000000000         0.2000000000    
     1.000000000         0.1081870291         0.1000000000         0.2000000000          1.000000000         0.1000000000         0.2000000000          1.000000000         0.2144959241         0.1000000000    
    0.2000000000          1.000000000         0.1000000000         0.2000000000          1.000000000         0.2484186213         0.1000000000         0.2000000000          1.000000000         0.1000000000    
    0.2000000000          1.000000000    
 

 INTERMEDIATE RESULTS BEFORE NEXT TEMPERATURE REDUCTION

  CURRENT TEMPERATURE:             0.89090E-01
  MIN FUNCTION VALUE SO FAR:   0.345003536633076147E-01
  TOTAL MOVES:                    1680
     DOWNHILL:                    1169
     ACCEPTED UPHILL:              372
     REJECTED UPHILL:              139
  TRIALS OUT OF BOUNDS:            764
  NEW MINIMA THIS TEMPERATURE:       0

                         CURRENT OPTIMAL X
    0.9437308311         0.4423349500E-01     0.1170934439         0.7418295145         0.4347223043E-02     0.1852026343         0.2800027728         0.6667654828         0.3373704553E-01     0.2790799116    
    0.1748405762E-02     0.3112094998E-01     0.1598761201         0.2268040180E-01     0.9999957897         0.9851166010E-01     0.1168387771         0.2379919291         0.6384759545E-01     0.2028014779    
    0.9422370195         0.9298628703E-02     0.5229544044E-01     0.2825355172         0.9609275460         0.9837008715E-01     0.1499680996         0.1953491569         0.7006412588         0.4901028872E-01
    0.1314473271         0.2998161316E-01     0.4584996700E-01     0.1827637434         0.5605972409         0.5738165950E-02     0.7554830313E-01     0.1279273748         0.6299467087         0.9082164168E-01
    0.2492772579         0.9488397241    

                         STEP LENGTH (VM)
     1.000000000         0.1000000000         0.2000000000          1.000000000         0.1000000000         0.2000000000          1.000000000         0.2500934131         0.1000000000         0.2000000000    
     1.000000000         0.1000000000         0.2000000000          1.000000000         0.5025805986E-01     0.1000000000         0.2000000000          1.000000000         0.1000000000         0.2000000000    
     1.000000000         0.2723234821         0.1000000000         0.2000000000          1.000000000         0.1000000000         0.2000000000          1.000000000         0.1981006169         0.1000000000    
    0.2000000000          1.000000000         0.1000000000         0.2000000000          1.000000000          1.000000000         0.1000000000         0.2000000000          1.000000000         0.1000000000    
    0.2000000000          1.000000000    
 

 INTERMEDIATE RESULTS BEFORE NEXT TEMPERATURE REDUCTION

  CURRENT TEMPERATURE:             0.66817E-01
  MIN FUNCTION VALUE SO FAR:   0.345003536633076147E-01
  TOTAL MOVES:                    1680
     DOWNHILL:                    1182
     ACCEPTED UPHILL:              370
     REJECTED UPHILL:              128
  TRIALS OUT OF BOUNDS:            767
  NEW MINIMA THIS TEMPERATURE:       0

                         CURRENT OPTIMAL X
    0.9437308311         0.4423349500E-01     0.1170934439         0.7418295145         0.4347223043E-02     0.1852026343         0.2800027728         0.6667654828         0.3373704553E-01     0.2790799116    
    0.1748405762E-02     0.3112094998E-01     0.1598761201         0.2268040180E-01     0.9999957897         0.9851166010E-01     0.1168387771         0.2379919291         0.6384759545E-01     0.2028014779    
    0.9422370195         0.9298628703E-02     0.5229544044E-01     0.2825355172         0.9609275460         0.9837008715E-01     0.1499680996         0.1953491569         0.7006412588         0.4901028872E-01
    0.1314473271         0.2998161316E-01     0.4584996700E-01     0.1827637434         0.5605972409         0.5738165950E-02     0.7554830313E-01     0.1279273748         0.6299467087         0.9082164168E-01
    0.2492772579         0.9488397241    

                         STEP LENGTH (VM)
    0.6666666377         0.1000000000         0.2000000000          1.000000000         0.1000000000         0.2000000000          1.000000000         0.2823876422         0.1000000000         0.2000000000    
     1.000000000         0.1000000000         0.2000000000          1.000000000         0.4427493332E-01     0.1000000000         0.2000000000          1.000000000         0.1000000000         0.2000000000    
     1.000000000         0.2310666231         0.1000000000         0.2000000000          1.000000000         0.1000000000         0.2000000000          1.000000000         0.2413076140         0.1000000000    
    0.2000000000          1.000000000         0.1000000000         0.2000000000          1.000000000         0.4512799274         0.1000000000         0.2000000000          1.000000000         0.1000000000    
    0.2000000000          1.000000000    
 

 INTERMEDIATE RESULTS BEFORE NEXT TEMPERATURE REDUCTION

  CURRENT TEMPERATURE:             0.50113E-01
  MIN FUNCTION VALUE SO FAR:   0.345003536633076147E-01
  TOTAL MOVES:                    1680
     DOWNHILL:                    1186
     ACCEPTED UPHILL:              349
     REJECTED UPHILL:              145
  TRIALS OUT OF BOUNDS:            751
  NEW MINIMA THIS TEMPERATURE:       0

                         CURRENT OPTIMAL X
    0.9437308311         0.4423349500E-01     0.1170934439         0.7418295145         0.4347223043E-02     0.1852026343         0.2800027728         0.6667654828         0.3373704553E-01     0.2790799116    
    0.1748405762E-02     0.3112094998E-01     0.1598761201         0.2268040180E-01     0.9999957897         0.9851166010E-01     0.1168387771         0.2379919291         0.6384759545E-01     0.2028014779    
    0.9422370195         0.9298628703E-02     0.5229544044E-01     0.2825355172         0.9609275460         0.9837008715E-01     0.1499680996         0.1953491569         0.7006412588         0.4901028872E-01
    0.1314473271         0.2998161316E-01     0.4584996700E-01     0.1827637434         0.5605972409         0.5738165950E-02     0.7554830313E-01     0.1279273748         0.6299467087         0.9082164168E-01
    0.2492772579         0.9488397241    

                         STEP LENGTH (VM)
    0.2765696479         0.1000000000         0.2000000000          1.000000000         0.1000000000         0.2000000000          1.000000000         0.7814374943E-01     0.1000000000         0.2000000000    
     1.000000000         0.1000000000         0.2000000000          1.000000000         0.1198418653E-01     0.1000000000         0.2000000000          1.000000000         0.1000000000         0.2000000000    
     1.000000000         0.5750138306E-01     0.1000000000         0.2000000000          1.000000000         0.1000000000         0.2000000000          1.000000000         0.8680558387E-01     0.1000000000    
    0.2000000000          1.000000000         0.1000000000         0.2000000000          1.000000000         0.1396959400         0.1000000000         0.2000000000          1.000000000         0.1000000000    
    0.2000000000          1.000000000    
 

 INTERMEDIATE RESULTS BEFORE NEXT TEMPERATURE REDUCTION

  CURRENT TEMPERATURE:             0.37585E-01
  MIN FUNCTION VALUE SO FAR:   0.345003536633076147E-01
  TOTAL MOVES:                    1680
     DOWNHILL:                    1182
     ACCEPTED UPHILL:              347
     REJECTED UPHILL:              151
  TRIALS OUT OF BOUNDS:            765
  NEW MINIMA THIS TEMPERATURE:       0

                         CURRENT OPTIMAL X
    0.9437308311         0.4423349500E-01     0.1170934439         0.7418295145         0.4347223043E-02     0.1852026343         0.2800027728         0.6667654828         0.3373704553E-01     0.2790799116    
    0.1748405762E-02     0.3112094998E-01     0.1598761201         0.2268040180E-01     0.9999957897         0.9851166010E-01     0.1168387771         0.2379919291         0.6384759545E-01     0.2028014779    
    0.9422370195         0.9298628703E-02     0.5229544044E-01     0.2825355172         0.9609275460         0.9837008715E-01     0.1499680996         0.1953491569         0.7006412588         0.4901028872E-01
    0.1314473271         0.2998161316E-01     0.4584996700E-01     0.1827637434         0.5605972409         0.5738165950E-02     0.7554830313E-01     0.1279273748         0.6299467087         0.9082164168E-01
    0.2492772579         0.9488397241    

                         STEP LENGTH (VM)
    0.9999999033         0.1000000000         0.2000000000          1.000000000         0.1000000000         0.2000000000          1.000000000         0.1130292655         0.1000000000         0.2000000000    
     1.000000000         0.1000000000         0.2000000000          1.000000000         0.1124384319E-01     0.1000000000         0.2000000000          1.000000000         0.1000000000         0.2000000000    
     1.000000000         0.1994577995         0.1000000000         0.2000000000          1.000000000         0.1000000000         0.2000000000          1.000000000         0.2103364682         0.1000000000    
    0.2000000000          1.000000000         0.1000000000         0.2000000000          1.000000000         0.1429467803         0.1000000000         0.2000000000          1.000000000         0.1000000000    
    0.2000000000          1.000000000    
 

 INTERMEDIATE RESULTS BEFORE NEXT TEMPERATURE REDUCTION

  CURRENT TEMPERATURE:             0.28189E-01
  MIN FUNCTION VALUE SO FAR:   0.321263279633220433E-01
  TOTAL MOVES:                    1680
     DOWNHILL:                    1194
     ACCEPTED UPHILL:              346
     REJECTED UPHILL:              140
  TRIALS OUT OF BOUNDS:            775
  NEW MINIMA THIS TEMPERATURE:       0

                         CURRENT OPTIMAL X
    0.9972955585         0.6980450749E-01     0.1554505110         0.1939615011         0.6809189916E-01     0.2514010429         0.2271910310         0.6667654828         0.2311694026E-01     0.1150592779    
    0.3205130100         0.6545099020E-01     0.2852937937         0.2702509761         0.9999957897         0.6638560295E-01     0.1937573076         0.7822978497         0.7960885763E-01     0.1529627204    
    0.8155524727E-01     0.2340476960E-02     0.6311910749E-01     0.1299758673         0.8520737290         0.7628589869E-02     0.2594600916         0.7218216658         0.7006412588         0.8418042660E-01
    0.1272492766         0.5112394691         0.2975376844E-01     0.2198851466         0.9484724998         0.5738165950E-02     0.4078491926E-01     0.2640852213         0.7868291140         0.4676761627E-01
    0.1252413869         0.7253772020    

                         STEP LENGTH (VM)
    0.2184636532         0.1000000000         0.2000000000          1.000000000         0.1000000000         0.2000000000          1.000000000         0.4420880212E-01     0.1000000000         0.2000000000    
     1.000000000         0.1000000000         0.2000000000          1.000000000         0.1198727755E-01     0.1000000000         0.2000000000          1.000000000         0.1000000000         0.2000000000    
     1.000000000         0.4784747127E-01     0.1000000000         0.2000000000          1.000000000         0.1000000000         0.2000000000          1.000000000         0.3721545010E-01     0.1000000000    
    0.2000000000          1.000000000         0.1000000000         0.2000000000          1.000000000         0.2173099460         0.1000000000         0.2000000000          1.000000000         0.1000000000    
    0.2000000000          1.000000000    
 

 INTERMEDIATE RESULTS BEFORE NEXT TEMPERATURE REDUCTION

  CURRENT TEMPERATURE:             0.21141E-01
  MIN FUNCTION VALUE SO FAR:   0.317238145126761406E-01
  TOTAL MOVES:                    1680
     DOWNHILL:                    1184
     ACCEPTED UPHILL:              324
     REJECTED UPHILL:              172
  TRIALS OUT OF BOUNDS:            732
  NEW MINIMA THIS TEMPERATURE:       0

                         CURRENT OPTIMAL X
    0.9972955585         0.2106151581E-01     0.1554505110         0.1939615011         0.6809189916E-01     0.2514010429         0.2271910310         0.6667654828         0.2311694026E-01     0.1150592779    
    0.3205130100         0.6545099020E-01     0.2852937937         0.2702509761         0.9999957897         0.6638560295E-01     0.1937573076         0.7822978497         0.7960885763E-01     0.1529627204    
    0.8155524727E-01     0.2340476960E-02     0.6311910749E-01     0.1299758673         0.8520737290         0.7628589869E-02     0.2594600916         0.7218216658         0.7006412588         0.8418042660E-01
    0.1272492766         0.5112394691         0.2975376844E-01     0.2198851466         0.9484724998         0.5738165950E-02     0.4078491926E-01     0.2640852213         0.7868291140         0.4676761627E-01
    0.1252413869         0.7253772020    

                         STEP LENGTH (VM)
    0.1019152307         0.1000000000         0.2000000000          1.000000000         0.1000000000         0.2000000000          1.000000000         0.2867596611E-01     0.1000000000         0.2000000000    
     1.000000000         0.1000000000         0.2000000000          1.000000000         0.1279150779E-01     0.1000000000         0.2000000000          1.000000000         0.1000000000         0.2000000000    
     1.000000000         0.1207965346         0.1000000000         0.2000000000          1.000000000         0.1000000000         0.2000000000          1.000000000         0.6085383721E-01     0.1000000000    
    0.2000000000          1.000000000         0.1000000000         0.2000000000          1.000000000         0.3956764691E-01     0.1000000000         0.2000000000          1.000000000         0.1000000000    
    0.2000000000          1.000000000    
 

 INTERMEDIATE RESULTS BEFORE NEXT TEMPERATURE REDUCTION

  CURRENT TEMPERATURE:             0.15856E-01
  MIN FUNCTION VALUE SO FAR:   0.265820911408476412E-01
  TOTAL MOVES:                    1680
     DOWNHILL:                    1149
     ACCEPTED UPHILL:              354
     REJECTED UPHILL:              177
  TRIALS OUT OF BOUNDS:            784
  NEW MINIMA THIS TEMPERATURE:       0

                         CURRENT OPTIMAL X
    0.9972955585         0.3912726641E-01     0.1717999697         0.5186488032         0.4772263169E-01     0.2057367325         0.8392248750         0.6667654828         0.2311694026E-01     0.1024642587    
    0.3205130100         0.6057473421E-01     0.1991224527         0.3408409953         0.9999957897         0.6814618707E-01     0.1237683654         0.9245225191         0.4288702011E-01     0.1803038239    
    0.1496253014         0.2340476960E-02     0.9198629261E-01     0.2807258844         0.3170989752         0.2244898081E-01     0.2082811117         0.1810743809         0.7006412588         0.9673672915E-01
    0.1252515078         0.6980142593         0.7644128799E-02     0.1062472582         0.6901435852         0.5738165950E-02     0.6857578754E-01     0.2982345343         0.8169239759E-01     0.4371452332E-02
    0.1209355116         0.7684326172    

                         STEP LENGTH (VM)
    0.1553138713         0.1000000000         0.2000000000          1.000000000         0.1000000000         0.2000000000          1.000000000         0.2882249057E-01     0.1000000000         0.2000000000    
     1.000000000         0.1000000000         0.2000000000          1.000000000         0.8745860692E-02     0.1000000000         0.2000000000          1.000000000         0.1000000000         0.2000000000    
     1.000000000         0.2543084024E-01     0.1000000000         0.2000000000          1.000000000         0.1000000000         0.2000000000          1.000000000         0.2199356387E-01     0.1000000000    
    0.2000000000          1.000000000         0.1000000000         0.2000000000          1.000000000         0.5138004308E-01     0.1000000000         0.2000000000          1.000000000         0.1000000000    
    0.2000000000          1.000000000    
 

 INTERMEDIATE RESULTS BEFORE NEXT TEMPERATURE REDUCTION

  CURRENT TEMPERATURE:             0.11892E-01
  MIN FUNCTION VALUE SO FAR:   0.265820911408476412E-01
  TOTAL MOVES:                    1680
     DOWNHILL:                    1171
     ACCEPTED UPHILL:              314
     REJECTED UPHILL:              195
  TRIALS OUT OF BOUNDS:            765
  NEW MINIMA THIS TEMPERATURE:       0

                         CURRENT OPTIMAL X
    0.9972955585         0.3912726641E-01     0.1717999697         0.5186488032         0.4772263169E-01     0.2057367325         0.8392248750         0.6667654828         0.2311694026E-01     0.1024642587    
    0.3205130100         0.6057473421E-01     0.1991224527         0.3408409953         0.9999957897         0.6814618707E-01     0.1237683654         0.9245225191         0.4288702011E-01     0.1803038239    
    0.1496253014         0.2340476960E-02     0.9198629261E-01     0.2807258844         0.3170989752         0.2244898081E-01     0.2082811117         0.1810743809         0.7006412588         0.9673672915E-01
    0.1252515078         0.6980142593         0.7644128799E-02     0.1062472582         0.6901435852         0.5738165950E-02     0.6857578754E-01     0.2982345343         0.8169239759E-01     0.4371452332E-02
    0.1209355116         0.7684326172    

                         STEP LENGTH (VM)
    0.5148139516E-01     0.1000000000         0.2000000000          1.000000000         0.1000000000         0.2000000000          1.000000000         0.1590817597E-01     0.1000000000         0.2000000000    
     1.000000000         0.1000000000         0.2000000000          1.000000000         0.6133758725E-02     0.1000000000         0.2000000000          1.000000000         0.1000000000         0.2000000000    
     1.000000000         0.1821909784E-01     0.1000000000         0.2000000000          1.000000000         0.1000000000         0.2000000000          1.000000000         0.1561558267E-01     0.1000000000    
    0.2000000000          1.000000000         0.1000000000         0.2000000000          1.000000000         0.3012652108E-01     0.1000000000         0.2000000000          1.000000000         0.1000000000    
    0.2000000000          1.000000000    
 

 INTERMEDIATE RESULTS BEFORE NEXT TEMPERATURE REDUCTION

  CURRENT TEMPERATURE:             0.89190E-02
  MIN FUNCTION VALUE SO FAR:   0.265771036244122350E-01
  TOTAL MOVES:                    1680
     DOWNHILL:                    1159
     ACCEPTED UPHILL:              310
     REJECTED UPHILL:              211
  TRIALS OUT OF BOUNDS:            722
  NEW MINIMA THIS TEMPERATURE:       0

                         CURRENT OPTIMAL X
    0.9972955585         0.9817966819E-01     0.1533133984         0.8228631616         0.4328252077E-01     0.1107517958         0.5293619633E-01     0.6692399389         0.2311694026E-01     0.1024642587    
    0.3205130100         0.1783788204E-02     0.2684634209         0.2360059619         0.9999957897         0.6814618707E-01     0.2478211641         0.9677737951         0.5903148651E-02     0.1984193444    
    0.9626818299         0.2340476960E-02     0.5481266380E-01     0.2537803411         0.5023217201E-01     0.2290397882E-01     0.1879360080         0.3825771809         0.7006412588         0.1113131046E-01
    0.1213649392         0.8409079313         0.9967218637E-01     0.2387879610         0.9032818079         0.5738165950E-02     0.6757340431E-01     0.2608390093         0.8323763013         0.9180160761E-01
    0.1494454622         0.5041500330    

                         STEP LENGTH (VM)
    0.5060270791E-01     0.1000000000         0.2000000000          1.000000000         0.1000000000         0.2000000000          1.000000000         0.9429505175E-02     0.1000000000         0.2000000000    
     1.000000000         0.1000000000         0.2000000000          1.000000000         0.5766075807E-02     0.1000000000         0.2000000000          1.000000000         0.1000000000         0.2000000000    
     1.000000000         0.1660001813E-01     0.1000000000         0.2000000000          1.000000000         0.1000000000         0.2000000000          1.000000000         0.1529025051E-01     0.1000000000    
    0.2000000000          1.000000000         0.1000000000         0.2000000000          1.000000000         0.3192387115E-01     0.1000000000         0.2000000000          1.000000000         0.1000000000    
    0.2000000000          1.000000000    
 

 INTERMEDIATE RESULTS BEFORE NEXT TEMPERATURE REDUCTION

  CURRENT TEMPERATURE:             0.66893E-02
  MIN FUNCTION VALUE SO FAR:   0.189642498794760916E-01
  TOTAL MOVES:                    1680
     DOWNHILL:                    1129
     ACCEPTED UPHILL:              299
     REJECTED UPHILL:              252
  TRIALS OUT OF BOUNDS:            714
  NEW MINIMA THIS TEMPERATURE:       7

                         CURRENT OPTIMAL X
    0.9954274997         0.7168601751E-01     0.1503888726         0.5357936025         0.4089925289E-01     0.2714774609         0.1061989069         0.7155034282         0.7860495104E-02     0.1024519995    
    0.7595621267E-01     0.3741278052E-01     0.2795729995         0.8481910825         0.9993743242         0.6220857501E-01     0.1826084137         0.1768846512         0.3453213573E-01     0.2483695388    
    0.3670683503         0.6067875270E-02     0.5711328983E-01     0.1895974994         0.4180663824         0.5247812271E-01     0.1883257031         0.6573500037         0.6799140123         0.8450520039E-01
    0.1531092167         0.4300569892         0.5203074217E-01     0.2021448255         0.8703992963         0.6071607225E-02     0.9247078300E-01     0.1057111144         0.3128929734         0.5791472793E-01
    0.2510243893         0.2462627888    

                         STEP LENGTH (VM)
    0.1022228567E-01     0.1000000000         0.2000000000          1.000000000         0.1000000000         0.2000000000          1.000000000         0.8381778549E-02     0.1456154484E-02     0.2878351731E-02
    0.5694293166E-01     0.1000000000         0.2000000000          1.000000000         0.2695041461E-02     0.1000000000         0.2000000000          1.000000000         0.1000000000         0.2000000000    
     1.000000000         0.1022078316E-01     0.1000000000         0.2000000000          1.000000000         0.1000000000         0.2000000000          1.000000000         0.8293592577E-02     0.1000000000    
    0.2000000000          1.000000000         0.1000000000         0.2000000000          1.000000000         0.8277500162E-02     0.1000000000         0.2000000000          1.000000000         0.1000000000    
    0.2000000000          1.000000000    
 

 INTERMEDIATE RESULTS BEFORE NEXT TEMPERATURE REDUCTION

  CURRENT TEMPERATURE:             0.50170E-02
  MIN FUNCTION VALUE SO FAR:   0.189263004594758533E-01
  TOTAL MOVES:                    1680
     DOWNHILL:                    1161
     ACCEPTED UPHILL:              256
     REJECTED UPHILL:              263
  TRIALS OUT OF BOUNDS:            697
  NEW MINIMA THIS TEMPERATURE:       0

                         CURRENT OPTIMAL X
    0.9954274997         0.5771491528E-01     0.2977218270         0.5042020082         0.4970386028E-01     0.1424469352         0.7459100485         0.7155034282         0.7860495104E-02     0.1024519995    
    0.7595621267E-01     0.3942936063E-01     0.2574208140         0.8459013104         0.9993743242         0.7693191767E-01     0.1632267952         0.5155544877         0.3453213573E-01     0.2483695388    
    0.3670683503         0.6067875270E-02     0.5711328983E-01     0.1895974994         0.4180663824         0.5247812271E-01     0.1883257031         0.6573500037         0.6799140123         0.8450520039E-01
    0.1531092167         0.4300569892         0.5203074217E-01     0.2021448255         0.8703992963         0.6071607225E-02     0.9247078300E-01     0.1057111144         0.3128929734         0.5791472793E-01
    0.2510243893         0.2462627888    

                         STEP LENGTH (VM)
    0.2848804440E-01     0.1000000000         0.2000000000          1.000000000         0.1000000000         0.2000000000          1.000000000         0.6286331652E-02     0.1092115483E-02     0.3675730798E-02
    0.4270718339E-01     0.1000000000         0.2000000000          1.000000000         0.2294425932E-02     0.1000000000         0.2000000000          1.000000000         0.1000000000         0.2000000000    
     1.000000000         0.9971248180E-02     0.1000000000         0.2000000000          1.000000000         0.1000000000         0.2000000000          1.000000000         0.8164000584E-02     0.1000000000    
    0.2000000000          1.000000000         0.1000000000         0.2000000000          1.000000000         0.9717981188E-02     0.1000000000         0.2000000000          1.000000000         0.1000000000    
    0.2000000000          1.000000000    
 

 INTERMEDIATE RESULTS BEFORE NEXT TEMPERATURE REDUCTION

  CURRENT TEMPERATURE:             0.37627E-02
  MIN FUNCTION VALUE SO FAR:   0.177993415539801081E-01
  TOTAL MOVES:                    1680
     DOWNHILL:                    1151
     ACCEPTED UPHILL:              271
     REJECTED UPHILL:              258
  TRIALS OUT OF BOUNDS:            678
  NEW MINIMA THIS TEMPERATURE:       0

                         CURRENT OPTIMAL X
    0.9976047756         0.4791001678E-01     0.1729610324         0.9893919230         0.4914153814E-01     0.2977587223         0.8311825991         0.7243517137         0.7051330425E-02     0.1009932761    
    0.4532892017E-01     0.7216184139E-01     0.2361285210         0.6442424655         0.9988764674         0.6054629087E-01     0.1892516136         0.8420759439         0.2656210661E-01     0.2878452301    
    0.7935032845         0.5581158387E-02     0.8773995042E-01     0.1218432665         0.3883937001         0.7012156844E-01     0.2260340691         0.7096946239E-01     0.6705188517         0.5926817656E-02
    0.2362653732         0.9406939745         0.5703012943E-01     0.1316955328         0.5664435625         0.5824751554E-02     0.9801138043E-01     0.2369472504         0.2326929569         0.8167993426E-01
    0.2179832578         0.7593512535E-02

                         STEP LENGTH (VM)
    0.2037988344E-01     0.1000000000         0.2000000000          1.000000000         0.1000000000         0.2000000000          1.000000000         0.8983503647E-02     0.1119445448E-02     0.3196244868E-02
    0.2316482595E-01     0.1000000000         0.2000000000          1.000000000         0.2581227704E-02     0.1000000000         0.2000000000          1.000000000         0.1000000000         0.2000000000    
     1.000000000         0.1206921124E-01     0.1000000000         0.2000000000          1.000000000         0.1000000000         0.2000000000          1.000000000         0.8163996814E-02     0.1000000000    
    0.2000000000          1.000000000         0.1000000000         0.2000000000          1.000000000         0.1924834722E-01     0.1000000000         0.2000000000          1.000000000         0.1000000000    
    0.2000000000          1.000000000    
 

 INTERMEDIATE RESULTS BEFORE NEXT TEMPERATURE REDUCTION

  CURRENT TEMPERATURE:             0.28220E-02
  MIN FUNCTION VALUE SO FAR:   0.168870334484336748E-01
  TOTAL MOVES:                    1680
     DOWNHILL:                    1129
     ACCEPTED UPHILL:              253
     REJECTED UPHILL:              298
  TRIALS OUT OF BOUNDS:            754
  NEW MINIMA THIS TEMPERATURE:       7

                         CURRENT OPTIMAL X
    0.9995130911         0.1136226654E-01     0.2203120232         0.8033081293         0.6642965078E-01     0.2049374104         0.9971994162E-01     0.7231001323         0.7208501086E-02     0.1012875847    
    0.1151416139E-01     0.4587984085E-01     0.2300181508         0.6141538024         0.9999586075         0.9757828116E-01     0.2935310841         0.3714287281E-01     0.1773369312E-02     0.2589840174    
    0.1295626163E-02     0.1271347281E-02     0.6243621707E-01     0.2504315257         0.9758144617E-01     0.6086926460E-01     0.1219671726         0.8124737144         0.6721554227         0.7413256168E-02
    0.2412165046         0.8835375309E-01     0.3427869081E-02     0.1722778916         0.8486359119         0.1210621224E-02     0.8044526577E-01     0.2140293837         0.6352999210         0.6121410728E-01
    0.1980788231         0.6606165767    

                         STEP LENGTH (VM)
    0.1210885285E-01     0.1000000000         0.2000000000          1.000000000         0.1000000000         0.2000000000          1.000000000         0.7309119801E-02     0.6071989393E-03     0.1624675307E-02
    0.1937079932E-01     0.1000000000         0.2000000000          1.000000000         0.1480400418E-02     0.1000000000         0.2000000000          1.000000000         0.1000000000         0.2000000000    
     1.000000000         0.1119302501E-01     0.1000000000         0.2000000000          1.000000000         0.1000000000         0.2000000000          1.000000000         0.4579946261E-02     0.1000000000    
    0.2000000000          1.000000000         0.1000000000         0.2000000000          1.000000000         0.1027195207E-01     0.1000000000         0.2000000000          1.000000000         0.1000000000    
    0.2000000000          1.000000000    
 

 INTERMEDIATE RESULTS BEFORE NEXT TEMPERATURE REDUCTION

  CURRENT TEMPERATURE:             0.21165E-02
  MIN FUNCTION VALUE SO FAR:   0.165649103541413156E-01
  TOTAL MOVES:                    1680
     DOWNHILL:                    1147
     ACCEPTED UPHILL:              262
     REJECTED UPHILL:              271
  TRIALS OUT OF BOUNDS:            693
  NEW MINIMA THIS TEMPERATURE:       1

                         CURRENT OPTIMAL X
    0.9995130911         0.9587513208E-01     0.2790376902         0.6348006725         0.9631317854E-02     0.1331034422         0.5298520923         0.7232996001         0.6886081768E-02     0.1015953410    
    0.1502958391E-01     0.2959649563E-01     0.2251340389         0.2931259871         0.9997697954         0.7731378675E-01     0.2549886703         0.3753693104         0.5954122543E-02     0.2646157026    
    0.6730256081         0.8262837811E-02     0.8469579220E-01     0.2675649643         0.8342143893         0.2540590167E-01     0.2907367349         0.4625088573         0.6681566387         0.3541087948E-01
    0.2350308299         0.5232226849E-01     0.9690203071E-01     0.1371824861         0.3556694388         0.1214944976E-02     0.1386792660E-01     0.2601531386         0.6321835518E-01     0.1549717188E-01
    0.1475273848         0.7742978334    

                         STEP LENGTH (VM)
    0.1291855466E-01     0.1000000000         0.2000000000          1.000000000         0.1000000000         0.2000000000          1.000000000         0.4176638908E-02     0.3488161773E-03     0.1421590027E-02
    0.1020354496E-01     0.1000000000         0.2000000000          1.000000000         0.1470426004E-02     0.1000000000         0.2000000000          1.000000000         0.1000000000         0.2000000000    
     1.000000000         0.9188863184E-02     0.1000000000         0.2000000000          1.000000000         0.1000000000         0.2000000000          1.000000000         0.4071061591E-02     0.1000000000    
    0.2000000000          1.000000000         0.1000000000         0.2000000000          1.000000000         0.1223891486E-01     0.1000000000         0.2000000000          1.000000000         0.1000000000    
    0.2000000000          1.000000000    
 

 INTERMEDIATE RESULTS BEFORE NEXT TEMPERATURE REDUCTION

  CURRENT TEMPERATURE:             0.15874E-02
  MIN FUNCTION VALUE SO FAR:   0.165471409173230111E-01
  TOTAL MOVES:                    1680
     DOWNHILL:                    1146
     ACCEPTED UPHILL:              251
     REJECTED UPHILL:              283
  TRIALS OUT OF BOUNDS:            729
  NEW MINIMA THIS TEMPERATURE:       0

                         CURRENT OPTIMAL X
    0.9995130911         0.9492897391E-01     0.2339146137         0.1311928034E-01     0.5767164826E-01     0.1953148723         0.6094892621         0.7232996001         0.6886081768E-02     0.1015953410    
    0.1502958391E-01     0.1048512459E-01     0.2657234430         0.1369128227         0.9997697954         0.7731378675E-01     0.2704303980         0.7565695047         0.7580622435E-01     0.1930242062    
    0.9418339729         0.7362370389E-02     0.8469579220E-01     0.2675649643         0.8342143893         0.2540590167E-01     0.2907367349         0.4625088573         0.6681566387         0.3541087948E-01
    0.2350308299         0.5232226849E-01     0.9690203071E-01     0.1371824861         0.3556694388         0.1214944976E-02     0.1386792660E-01     0.2601531386         0.6321835518E-01     0.1549717188E-01
    0.1475273848         0.7742978334    

                         STEP LENGTH (VM)
    0.1588954798E-01     0.1000000000         0.2000000000          1.000000000         0.1000000000         0.2000000000          1.000000000         0.3509297784E-02     0.3100587755E-03     0.4449147225E-03
    0.1299833847E-01     0.1000000000         0.2000000000          1.000000000         0.1362014309E-02     0.1000000000         0.2000000000          1.000000000         0.1000000000         0.2000000000    
     1.000000000         0.1185761007E-01     0.1000000000         0.2000000000          1.000000000         0.1000000000         0.2000000000          1.000000000         0.2114035398E-02     0.1221210088E-01
    0.5079364584E-01     0.3404255144         0.1000000000         0.2000000000          1.000000000         0.1090027792E-01     0.8648647721E-01     0.2000000000          1.000000000         0.1000000000    
    0.2000000000          1.000000000    
 

 INTERMEDIATE RESULTS BEFORE NEXT TEMPERATURE REDUCTION

  CURRENT TEMPERATURE:             0.11905E-02
  MIN FUNCTION VALUE SO FAR:   0.165400254989204187E-01
  TOTAL MOVES:                    1680
     DOWNHILL:                    1146
     ACCEPTED UPHILL:              229
     REJECTED UPHILL:              305
  TRIALS OUT OF BOUNDS:            679
  NEW MINIMA THIS TEMPERATURE:       0

                         CURRENT OPTIMAL X
    0.9995130911         0.9492897391E-01     0.1204269886         0.2798703313         0.1910411716E-01     0.1234928012         0.4561945796         0.7232996001         0.6886081768E-02     0.1015953410    
    0.1502958391E-01     0.1354600787E-01     0.1280950308         0.5309371948         0.9997697954         0.9787078500E-01     0.1217888474         0.8701077104         0.1394696236E-01     0.2588156343    
    0.9909133911         0.6853559166E-02     0.8469579220E-01     0.2675649643         0.8342143893         0.2540590167E-01     0.2907367349         0.4625088573         0.6681566387         0.3541087948E-01
    0.2350308299         0.5232226849E-01     0.9690203071E-01     0.1371824861         0.3556694388         0.1214944976E-02     0.1386792660E-01     0.2601531386         0.6321835518E-01     0.1549717188E-01
    0.1475273848         0.7742978334    

                         STEP LENGTH (VM)
    0.1141505977E-01     0.1000000000         0.2000000000          1.000000000         0.1000000000         0.2000000000          1.000000000         0.2047089777E-02     0.1827662960E-03     0.4026374130E-03
    0.8356071704E-02     0.1000000000         0.2000000000          1.000000000         0.5834121764E-03     0.1000000000         0.2000000000          1.000000000         0.1000000000         0.2000000000    
     1.000000000         0.1063504880E-01     0.1000000000         0.2000000000          1.000000000         0.1000000000         0.2000000000          1.000000000         0.1685396459E-02     0.6686691669E-02
    0.3282674589E-01     0.1941900254         0.1000000000         0.2000000000          1.000000000         0.9015532592E-02     0.1000000000         0.2000000000          1.000000000         0.1000000000    
    0.2000000000          1.000000000    
 

 INTERMEDIATE RESULTS BEFORE NEXT TEMPERATURE REDUCTION

  CURRENT TEMPERATURE:             0.89291E-03
  MIN FUNCTION VALUE SO FAR:   0.159819847630118250E-01
  TOTAL MOVES:                    1680
     DOWNHILL:                    1166
     ACCEPTED UPHILL:              243
     REJECTED UPHILL:              271
  TRIALS OUT OF BOUNDS:            690
  NEW MINIMA THIS TEMPERATURE:       1

                         CURRENT OPTIMAL X
    0.9998389002         0.8970894217E-01     0.2257497430         0.9458006620         0.8584143519E-01     0.1122205615         0.4536270499         0.7271577488         0.7050409045E-02     0.1009221411    
    0.2810281031E-02     0.8416013122E-01     0.2902975082         0.3788667917         0.9999732747         0.6300324202E-01     0.1768323183         0.6946730614         0.5693897605E-01     0.2272562742    
    0.9842603207         0.3278958468E-02     0.8741685748E-01     0.1394718766         0.2441269755         0.8355771303E-01     0.1955884576         0.5778002739E-01     0.6688997520         0.6160014868E-01
    0.1783618569         0.8644216657         0.8293362260E-01     0.2889116883         0.6499993801E-01     0.4945008949E-02     0.9503121376E-01     0.2212607384         0.4512372613         0.3067731857E-02
    0.2358467698         0.5333471298    

                         STEP LENGTH (VM)
    0.6586462649E-02     0.1000000000         0.2000000000          1.000000000         0.1000000000         0.2000000000          1.000000000         0.1114438214E-02     0.2029515808E-03     0.4164313355E-03
    0.6389242609E-02     0.1000000000         0.2000000000          1.000000000         0.4421524893E-03     0.1000000000         0.2000000000          1.000000000         0.1000000000         0.2000000000    
     1.000000000         0.7267458272E-02     0.1000000000         0.2000000000          1.000000000         0.1000000000         0.2000000000          1.000000000         0.1829689465E-02     0.1000000000    
    0.2000000000          1.000000000         0.1000000000         0.2000000000          1.000000000         0.1191337279E-01     0.8888888668E-01     0.2000000000          1.000000000         0.1000000000    
    0.2000000000          1.000000000    
 

 INTERMEDIATE RESULTS BEFORE NEXT TEMPERATURE REDUCTION

  CURRENT TEMPERATURE:             0.66968E-03
  MIN FUNCTION VALUE SO FAR:   0.159456307326987234E-01
  TOTAL MOVES:                    1680
     DOWNHILL:                    1163
     ACCEPTED UPHILL:              232
     REJECTED UPHILL:              285
  TRIALS OUT OF BOUNDS:            708
  NEW MINIMA THIS TEMPERATURE:       0

                         CURRENT OPTIMAL X
    0.9998389002         0.2891781330E-01     0.2496219516         0.9676486254         0.4972273111E-02     0.2431444407         0.2598690987         0.7270161421         0.7058034129E-02     0.1008423506    
    0.6562577163E-03     0.1542714238E-01     0.1041502476         0.4093381166         0.9999732747         0.6686056852E-01     0.2917750478         0.3567561507         0.5944167376E-01     0.2113181829    
    0.9657154083         0.4792789046E-02     0.8116143942E-01     0.1650962830         0.8570844531         0.4450866580E-01     0.2815632463         0.6547769308         0.6681293164         0.3541458845E-01
    0.2937071919         0.5167815089         0.1347424388E-01     0.1232183456         0.3621746302         0.8584057063E-03     0.4024151004E-01     0.2895663857         0.3031630516         0.9898504019E-01
    0.1480409026         0.5729890466    

                         STEP LENGTH (VM)
    0.5754707319E-02     0.1000000000         0.2000000000          1.000000000         0.1000000000         0.2000000000          1.000000000         0.8250136131E-03     0.1800870802E-03     0.4164310750E-03
    0.3762266252E-02     0.1000000000         0.2000000000          1.000000000         0.2654507495E-03     0.1000000000         0.2000000000          1.000000000         0.1000000000         0.2000000000    
     1.000000000         0.1298996638E-01     0.1000000000         0.2000000000          1.000000000         0.1000000000         0.2000000000          1.000000000         0.1201747942E-02     0.1000000000    
    0.2000000000          1.000000000         0.1000000000         0.2000000000          1.000000000         0.7736989693E-02     0.1000000000         0.2000000000          1.000000000         0.1000000000    
    0.2000000000          1.000000000    
 

 INTERMEDIATE RESULTS BEFORE NEXT TEMPERATURE REDUCTION

  CURRENT TEMPERATURE:             0.50226E-03
  MIN FUNCTION VALUE SO FAR:   0.158430909877844694E-01
  TOTAL MOVES:                    1680
     DOWNHILL:                    1172
     ACCEPTED UPHILL:              209
     REJECTED UPHILL:              299
  TRIALS OUT OF BOUNDS:            698
  NEW MINIMA THIS TEMPERATURE:       3

                         CURRENT OPTIMAL X
    0.9998871647         0.7177555561E-01     0.2495883703         0.7584307790         0.3618848324E-02     0.2693809271         0.9598752260         0.7275574586         0.6984064476E-02     0.1007266380    
    0.6766851715E-03     0.9829946160E-01     0.1713700771         0.4987244606         0.9999919227         0.9631683230E-01     0.1771657467         0.8410514593         0.6904913187E-01     0.2788740873    
    0.1358863115         0.3865689237E-02     0.3988048434E-01     0.2723969817         0.6099594831         0.2054085135E-01     0.1372467518         0.8904994130         0.6677000188         0.5457268953E-01
    0.2721349001         0.3143047690         0.6644827127E-02     0.2461333871         0.4821636677         0.1646601599E-02     0.4765644670E-01     0.2153951883         0.1379406452E-01     0.3590723872E-01
    0.2061553836         0.3807712197    

                         STEP LENGTH (VM)
    0.1245625925E-02     0.1000000000         0.2000000000          1.000000000         0.1000000000         0.2000000000          1.000000000         0.1185259774E-02     0.1402600671E-03     0.3066197064E-03
    0.6308513721E-02     0.1000000000         0.2000000000          1.000000000         0.1616301984E-03     0.9999998882E-01     0.2000000000          1.000000000         0.1000000000         0.2000000000    
     1.000000000         0.7409904635E-02     0.1000000000         0.2000000000          1.000000000         0.1000000000         0.2000000000          1.000000000         0.6464877365E-03     0.1000000000    
    0.2000000000          1.000000000         0.1000000000         0.2000000000          1.000000000         0.1295979537E-01     0.1000000000         0.2000000000          1.000000000         0.1000000000    
    0.2000000000          1.000000000    
 

 INTERMEDIATE RESULTS BEFORE NEXT TEMPERATURE REDUCTION

  CURRENT TEMPERATURE:             0.37670E-03
  MIN FUNCTION VALUE SO FAR:   0.157388284490147523E-01
  TOTAL MOVES:                    1680
     DOWNHILL:                    1165
     ACCEPTED UPHILL:              229
     REJECTED UPHILL:              286
  TRIALS OUT OF BOUNDS:            680
  NEW MINIMA THIS TEMPERATURE:       0

                         CURRENT OPTIMAL X
    0.9998206330         0.8395629525E-01     0.1542660356         0.9454277158         0.3532847762E-01     0.1072185397         0.7449541688         0.7281234711         0.6923670141E-02     0.1001783592    
    0.1006254263E-02     0.6165590882E-01     0.1074423313         0.5599839687         0.9998946363         0.7148827314E-01     0.2733238578         0.5346004367         0.8691557050E-01     0.1173852682    
    0.2344555855         0.5953486310E-02     0.8799980283E-01     0.1262601018         0.1846386194         0.7615581155E-01     0.2351423502         0.4806110263         0.6657322662         0.7971775532E-02
    0.1029472113         0.6678271890         0.3871870041E-01     0.2192493439         0.9916548729         0.3424573738E-02     0.7649595737E-01     0.1449595690         0.3439806700         0.5737950206E-01
    0.1400040984         0.1702433825    

                         STEP LENGTH (VM)
    0.3014886376E-02     0.1000000000         0.2000000000          1.000000000         0.1000000000         0.2000000000          1.000000000         0.5324461713E-03     0.1048103270E-03     0.1789390803E-03
    0.1513771692E-02     0.1000000000         0.2000000000          1.000000000         0.1439591842E-03     0.1000000000         0.2000000000          1.000000000         0.1000000000         0.2000000000    
     1.000000000         0.9879868468E-02     0.1000000000         0.2000000000          1.000000000         0.1000000000         0.2000000000          1.000000000         0.5679992734E-03     0.1000000000    
    0.2000000000          1.000000000         0.1000000000         0.2000000000          1.000000000         0.1021523331E-01     0.8888888668E-01     0.2000000000          1.000000000         0.1000000000    
    0.2000000000          1.000000000    
 

 INTERMEDIATE RESULTS BEFORE NEXT TEMPERATURE REDUCTION

  CURRENT TEMPERATURE:             0.28252E-03
  MIN FUNCTION VALUE SO FAR:   0.155561426909015532E-01
  TOTAL MOVES:                    1680
     DOWNHILL:                    1107
     ACCEPTED UPHILL:              250
     REJECTED UPHILL:              323
  TRIALS OUT OF BOUNDS:            699
  NEW MINIMA THIS TEMPERATURE:       0

                         CURRENT OPTIMAL X
    0.9997146278         0.9749848247E-01     0.2055749416         0.4843952656         0.1437516809E-01     0.1117653489         0.9880111217         0.7296518198         0.6855553756E-02     0.1000130038    
    0.1485734197E-03     0.2495504022E-01     0.2552942157         0.7398430109         0.9999535471         0.6866036654E-01     0.2557657838         0.6240010262E-01     0.8351121545E-01     0.2992226958    
    0.1746428013         0.3392197660E-02     0.8174782991E-01     0.1069952846         0.5248726606         0.3137445450E-02     0.2087393165         0.9574215412         0.6657217499         0.3207463026E-01
    0.1118821144         0.7698531151         0.1679366231E-01     0.1219766140         0.5033667088         0.4425164410E-02     0.9618988675E-01     0.1309863925         0.2474319935E-01     0.7849379182E-01
    0.1805145860         0.5483745933    

                         STEP LENGTH (VM)
    0.1795618304E-02     0.1000000000         0.2000000000          1.000000000         0.1000000000         0.2000000000          1.000000000         0.5072626391E-03     0.7225018009E-04     0.1059943873E-03
    0.2016318017E-02     0.1000000000         0.2000000000          1.000000000         0.1492909336E-03     0.1000000000         0.2000000000          1.000000000         0.1000000000         0.2000000000    
     1.000000000         0.6691124710E-02     0.5714285653E-01     0.2000000000          1.000000000         0.1000000000         0.2000000000          1.000000000         0.5391553740E-03     0.1164746543E-01
    0.4189852539E-01     0.1351681064         0.1000000000         0.2000000000          1.000000000         0.8478229324E-02     0.1000000000         0.2000000000          1.000000000         0.1000000000    
    0.2000000000          1.000000000    
 

 INTERMEDIATE RESULTS BEFORE NEXT TEMPERATURE REDUCTION

  CURRENT TEMPERATURE:             0.21189E-03
  MIN FUNCTION VALUE SO FAR:   0.154948713029673391E-01
  TOTAL MOVES:                    1680
     DOWNHILL:                    1161
     ACCEPTED UPHILL:              200
     REJECTED UPHILL:              319
  TRIALS OUT OF BOUNDS:            691
  NEW MINIMA THIS TEMPERATURE:       3

                         CURRENT OPTIMAL X
    0.9997560387         0.5630010962E-01     0.2477994084         0.6015957594         0.6817606091E-01     0.1823925018         0.4872542024         0.7301573167         0.6813852911E-02     0.1000360808    
    0.1485734197E-03     0.4230064154E-02     0.1897215724         0.1385343671         0.9999906677         0.9037213326E-01     0.2977118134         0.7839199305         0.4880978465E-01     0.1508336663    
    0.1506070495         0.3955511559E-02     0.7384853201E-01     0.1806574821         0.7217687964         0.3335751295E-01     0.2101033568         0.4093538523         0.6658127917         0.3444075911E-01
    0.1118821144         0.8788196198         0.3322746158E-01     0.2298802495         0.9343615770         0.1913667986E-02     0.6099478006E-01     0.2767240882         0.8095939159         0.5851763487E-02
    0.1096677423         0.4259322882    

                         STEP LENGTH (VM)
    0.1133245613E-02     0.1000000000         0.2000000000          1.000000000         0.1000000000         0.2000000000          1.000000000         0.3924098933E-03     0.3954231937E-04     0.1050479241E-03
    0.8483553135E-03     0.1000000000         0.2000000000          1.000000000         0.1616464589E-03     0.6997635127E-01     0.2000000000          1.000000000         0.1000000000         0.2000000000    
     1.000000000         0.8657633477E-02     0.1000000000         0.2000000000          1.000000000         0.1000000000         0.2000000000          1.000000000         0.3651421277E-03     0.1710721659E-01
    0.4423963076E-01     0.1771558130         0.1000000000         0.2000000000          1.000000000         0.7075809445E-02     0.1000000000         0.2000000000          1.000000000         0.1000000000    
    0.2000000000          1.000000000    
 

  SA ACHIEVED TERMINATION CRITERIA. IER = 0. 


  ****   RESULTS AFTER SA   ****   

                         SOLUTION
    0.9997560387         0.5630010962E-01     0.2477994084         0.6015957594         0.6817606091E-01     0.1823925018         0.4872542024         0.7301573167         0.6813852911E-02     0.1000360808    
    0.1485734197E-03     0.4230064154E-02     0.1897215724         0.1385343671         0.9999906677         0.9037213326E-01     0.2977118134         0.7839199305         0.4880978465E-01     0.1508336663    
    0.1506070495         0.3955511559E-02     0.7384853201E-01     0.1806574821         0.7217687964         0.3335751295E-01     0.2101033568         0.4093538523         0.6658127917         0.3444075911E-01
    0.1118821144         0.8788196198         0.3322746158E-01     0.2298802495         0.9343615770         0.1913667986E-02     0.6099478006E-01     0.2767240882         0.8095939159         0.5851763487E-02
    0.1096677423         0.4259322882    

                         FINAL STEP LENGTH
    0.1133245613E-02     0.1000000000         0.2000000000          1.000000000         0.1000000000         0.2000000000          1.000000000         0.3924098933E-03     0.3954231937E-04     0.1050479241E-03
    0.8483553135E-03     0.1000000000         0.2000000000          1.000000000         0.1616464589E-03     0.6997635127E-01     0.2000000000          1.000000000         0.1000000000         0.2000000000    
     1.000000000         0.8657633477E-02     0.1000000000         0.2000000000          1.000000000         0.1000000000         0.2000000000          1.000000000         0.3651421277E-03     0.1710721659E-01
    0.4423963076E-01     0.1771558130         0.1000000000         0.2000000000          1.000000000         0.7075809445E-02     0.1000000000         0.2000000000          1.000000000         0.1000000000    
    0.2000000000          1.000000000    

 OPTIMAL FUNCTION VALUE:  0.1549487130297E-01
 NUMBER OF FUNCTION EVALUATIONS:          60481
 NUMBER OF ACCEPTED EVALUATIONS:          54102
 NUMBER OF OUT OF BOUND EVALUATIONS:      27346
 FINAL TEMP:  0.2118918355045E-03  IER:   0
