
 SIMULATED PARALLEL ANNEALING by NEIGHBORHOOD EXAMPLE

 NUMBER OF PARAMETERS:  42   MAXIMAZATION:     F
 INITIAL TEMP:  5.0       RT: 0.75       EPS: 0.10E-02
 NS:  24   NT:   5   NEPS:  4
 MAXEVL:  100000000   IPRINT: 1   ISEED1:    7 ISEED2:    8

                         STARTING VALUES
    0.9997604319         0.2999443461E-01     0.3378008085         0.5266134955         0.6420479871E-01     0.2946225870         0.8061162867         0.5144612027         0.3512507755E-01     0.1312821574    
    0.2317602236         0.8280704103E-01     0.9391033019E-01     0.8303171081         0.9999810483         0.8463723085E-01     0.1257030718         0.8377731491         0.6689034924E-01     0.1938131515    
    0.8914851632         0.1821218805E-02     0.6106637052E-01     0.2444176321         0.6096348769         0.6962481326E-01     0.1363858866         0.4168465349         0.6836387072         0.3794908886E-01
    0.2702254717         0.3276541129         0.7330865552E-01     0.2245240129         0.5650739906         0.1354323015E-01     0.5200223933E-01     0.1243022608         0.4701620996         0.4180207587E-01
    0.4119630959         0.1107700621    

                         INITIAL STEP LENGTH
    0.2001916545         0.1199777384E-01     0.1351203234         0.2106453982         0.2568191948E-01     0.1178490348         0.3224465147         0.2057844811         0.1405003102E-01     0.5251286296E-01
    0.9270408944E-01     0.3312281641E-01     0.3756413208E-01     0.3321268432         0.2000151614         0.3385489234E-01     0.5028122872E-01     0.3297814807         0.2675613970E-01     0.7752526060E-01
    0.2868118694         0.7284875220E-03     0.2442654821E-01     0.9776705284E-01     0.2438539508         0.2784992530E-01     0.5455435464E-01     0.1667386140         0.2734554829         0.1517963554E-01
    0.1080901887         0.1310616452         0.2932346221E-01     0.8980960516E-01     0.2260295962         0.5417292060E-02     0.2080089573E-01     0.4972090432E-01     0.1880648398         0.1672083035E-01
    0.1647852384         0.4430802484E-01

                         LOWER BOUND
    0.7998083455         0.2399554769E-01     0.2702406468         0.4212907964         0.5136383897E-01     0.2356980696         0.6448930294         0.4115689622         0.2810006204E-01     0.1050257259    
    0.1854081789         0.6624563282E-01     0.7512826415E-01     0.6642536865         0.7999848386         0.6770978468E-01     0.1005624574         0.6702185193         0.5351227939E-01     0.1550505212    
    0.7131881306         0.1456975044E-02     0.4885309642E-01     0.1955341057         0.4877079015         0.5569985061E-01     0.1091087093         0.3334772279         0.5469109658         0.3035927109E-01
    0.2161803774         0.2621232903         0.5864692442E-01     0.1796192103         0.4520591925         0.1083458412E-01     0.4160179146E-01     0.1000000000         0.3761296797         0.3344166070E-01
    0.3295704767         0.8861604968E-01

                         UPPER BOUND
     1.000000000         0.3599332153E-01     0.4053609702         0.6319361946         0.7704575845E-01     0.3535471044         0.9673395440         0.6173534432         0.4215009306E-01     0.1575385889    
    0.2781122683         0.9936844924E-01     0.1126923962         0.9963805297          1.000000000         0.1015646770         0.1508436862          1.000000000         0.8026841909E-01     0.2325757818    
     1.000000000         0.2185462566E-02     0.7327964462E-01     0.2933011585         0.7315618523         0.8354977591E-01     0.1636630639         0.5002158419         0.8203664486         0.4553890663E-01
    0.3242705660         0.3931849355         0.8797038662E-01     0.2694288155         0.6780887887         0.1625187618E-01     0.6240268720E-01     0.1491627130         0.5641945195         0.5016249104E-01
    0.4943557151         0.1329240745    

                         C VECTOR
     2.000000000          2.000000000          2.000000000          2.000000000          2.000000000          2.000000000          2.000000000          2.000000000          2.000000000          2.000000000    
     2.000000000          2.000000000          2.000000000          2.000000000          2.000000000          2.000000000          2.000000000          2.000000000          2.000000000          2.000000000    
     2.000000000          2.000000000          2.000000000          2.000000000          2.000000000          2.000000000          2.000000000          2.000000000          2.000000000          2.000000000    
     2.000000000          2.000000000          2.000000000          2.000000000          2.000000000          2.000000000          2.000000000          2.000000000          2.000000000          2.000000000    
     2.000000000          2.000000000    

  ****   END OF DRIVER ROUTINE OUTPUT   ****
  ****   BEFORE CALL TO SA.             ****
  

                         INITIAL X
    0.9997604319         0.2999443461E-01     0.3378008085         0.5266134955         0.6420479871E-01     0.2946225870         0.8061162867         0.5144612027         0.3512507755E-01     0.1312821574    
    0.2317602236         0.8280704103E-01     0.9391033019E-01     0.8303171081         0.9999810483         0.8463723085E-01     0.1257030718         0.8377731491         0.6689034924E-01     0.1938131515    
    0.8914851632         0.1821218805E-02     0.6106637052E-01     0.2444176321         0.6096348769         0.6962481326E-01     0.1363858866         0.4168465349         0.6836387072         0.3794908886E-01
    0.2702254717         0.3276541129         0.7330865552E-01     0.2245240129         0.5650739906         0.1354323015E-01     0.5200223933E-01     0.1243022608         0.4701620996         0.4180207587E-01
    0.4119630959         0.1107700621    
  INITIAL F: 
 0.949681914548087536E-01

 INTERMEDIATE RESULTS BEFORE NEXT TEMPERATURE REDUCTION

  CURRENT TEMPERATURE:              5.0000    
  MIN FUNCTION VALUE SO FAR:   0.484490552667297750E-01
  TOTAL MOVES:                     840
     DOWNHILL:                     622
     ACCEPTED UPHILL:              217
     REJECTED UPHILL:                1
  TRIALS OUT OF BOUNDS:            427
  NEW MINIMA THIS TEMPERATURE:       0

                         CURRENT OPTIMAL X
    0.9104507973         0.3365268303E-01     0.3826596709         0.4255186539         0.5250391047E-01     0.2931448464         0.7199373621         0.4629801620         0.4082636386E-01     0.1533054499    
    0.2064582951         0.7771582348E-01     0.1098911225         0.9791534309         0.9982339355         0.9677726500E-01     0.1043632282         0.8341730005         0.6103736554E-01     0.2264571411    
    0.8246165691         0.2013124924E-02     0.6685337872E-01     0.2762143468         0.6340794055         0.7171034028E-01     0.1288157016         0.3927196081         0.5694677943         0.3065067255E-01
    0.3226088772         0.3503268919         0.7674688988E-01     0.2102628841         0.4520969826         0.1101623818E-01     0.5083850018E-01     0.1067256023         0.5220910689         0.4573043474E-01
    0.4659600786         0.1080397067    

                         STEP LENGTH (VM)
    0.2001916545         0.1199777384E-01     0.1351203234         0.2106453982         0.2568191948E-01     0.1178490348         0.3224465147         0.2057844811         0.1405003102E-01     0.5251286296E-01
    0.9270408944E-01     0.3312281641E-01     0.3756413208E-01     0.3321268432         0.2000151614         0.3385489234E-01     0.5028122872E-01     0.3297814807         0.2675613970E-01     0.7752526060E-01
    0.2868118694         0.7284875220E-03     0.2442654821E-01     0.9776705284E-01     0.2438539508         0.2784992530E-01     0.5455435464E-01     0.1667386140         0.2734554829         0.1517963554E-01
    0.1080901887         0.1310616452         0.2932346221E-01     0.8980960516E-01     0.2260295962         0.5417292060E-02     0.2080089573E-01     0.4916271296E-01     0.1880648398         0.1672083035E-01
    0.1647852384         0.4430802484E-01
 

 INTERMEDIATE RESULTS BEFORE NEXT TEMPERATURE REDUCTION

  CURRENT TEMPERATURE:              3.7500    
  MIN FUNCTION VALUE SO FAR:   0.289164982232089952E-01
  TOTAL MOVES:                     840
     DOWNHILL:                     637
     ACCEPTED UPHILL:              202
     REJECTED UPHILL:                1
  TRIALS OUT OF BOUNDS:            413
  NEW MINIMA THIS TEMPERATURE:       3

                         CURRENT OPTIMAL X
    0.9585073206         0.2992086919E-01     0.3609934217         0.4255186539         0.5250391047E-01     0.2931448464         0.7199373621         0.4629801620         0.4082636386E-01     0.1533054499    
    0.2064582951         0.7771582348E-01     0.1098911225         0.9791534309         0.9982339355         0.9677726500E-01     0.1043632282         0.8341730005         0.6103736554E-01     0.2264571411    
    0.8246165691         0.2013124924E-02     0.6685337872E-01     0.2762143468         0.6340794055         0.7171034028E-01     0.1288157016         0.3927196081         0.5694677943         0.3065067255E-01
    0.3226088772         0.3503268919         0.7674688988E-01     0.2102628841         0.4520969826         0.1101623818E-01     0.5083850018E-01     0.1067256023         0.5220910689         0.4573043474E-01
    0.4659600786         0.1080397067    

                         STEP LENGTH (VM)
    0.2001916545         0.1199777384E-01     0.1351203234         0.2106453982         0.2568191948E-01     0.1178490348         0.3224465147         0.2057844811         0.1405003102E-01     0.5251286296E-01
    0.9270408944E-01     0.3312281641E-01     0.3756413208E-01     0.3321268432         0.2000151614         0.3385489234E-01     0.5028122872E-01     0.3297814807         0.2675613970E-01     0.7752526060E-01
    0.2868118694         0.7284875220E-03     0.2442654821E-01     0.9776705284E-01     0.2438539508         0.2784992530E-01     0.5455435464E-01     0.1667386140         0.2734554829         0.1517963554E-01
    0.1080901887         0.1310616452         0.2932346221E-01     0.8980960516E-01     0.2260295962         0.5417292060E-02     0.2080089573E-01     0.4916271296E-01     0.1880648398         0.1672083035E-01
    0.1647852384         0.4430802484E-01
 

 INTERMEDIATE RESULTS BEFORE NEXT TEMPERATURE REDUCTION

  CURRENT TEMPERATURE:              2.8125    
  MIN FUNCTION VALUE SO FAR:   0.244155131712468013E-01
  TOTAL MOVES:                     840
     DOWNHILL:                     655
     ACCEPTED UPHILL:              180
     REJECTED UPHILL:                5
  TRIALS OUT OF BOUNDS:            426
  NEW MINIMA THIS TEMPERATURE:       0

                         CURRENT OPTIMAL X
    0.9776654045         0.3104450127E-01     0.3628558547         0.4881333067         0.5736338081E-01     0.3232693327         0.6888677715         0.4694847052         0.3027621608E-01     0.1114639948    
    0.2194568137         0.7172564409E-01     0.1017806702         0.6877602516         0.9944075279         0.9543345072E-01     0.1281764676         0.8945679162         0.7444306991E-01     0.1668691059    
    0.7794358789         0.1937248087E-02     0.5587041544E-01     0.2323018413         0.5341029856         0.6479740452E-01     0.1256545911         0.4457063743         0.5732114963         0.3360502932E-01
    0.2252638243         0.3591718650         0.8706214004E-01     0.2508532196         0.5422114391         0.1237235294E-01     0.6127972977E-01     0.1041184912         0.5430636325         0.4774531221E-01
    0.3867956743         0.1253879224    

                         STEP LENGTH (VM)
    0.2001916545         0.1199777384E-01     0.1351203234         0.2106453982         0.2568191948E-01     0.1178490348         0.3224465147         0.2057844811         0.1405003102E-01     0.5251286296E-01
    0.9270408944E-01     0.3312281641E-01     0.3756413208E-01     0.3321268432         0.2000151614         0.3385489234E-01     0.5028122872E-01     0.3297814807         0.2675613970E-01     0.7752526060E-01
    0.2868118694         0.7284875220E-03     0.2442654821E-01     0.9776705284E-01     0.2438539508         0.2784992530E-01     0.5455435464E-01     0.1667386140         0.2734554829         0.1517963554E-01
    0.1080901887         0.1310616452         0.2932346221E-01     0.8980960516E-01     0.2260295962         0.5417292060E-02     0.2080089573E-01     0.4916271296E-01     0.1880648398         0.1672083035E-01
    0.1647852384         0.4430802484E-01
 

 INTERMEDIATE RESULTS BEFORE NEXT TEMPERATURE REDUCTION

  CURRENT TEMPERATURE:              2.1094    
  MIN FUNCTION VALUE SO FAR:   0.244155131712468013E-01
  TOTAL MOVES:                     840
     DOWNHILL:                     639
     ACCEPTED UPHILL:              199
     REJECTED UPHILL:                2
  TRIALS OUT OF BOUNDS:            378
  NEW MINIMA THIS TEMPERATURE:       0

                         CURRENT OPTIMAL X
    0.9776654045         0.3104450127E-01     0.3628558547         0.4881333067         0.5736338081E-01     0.3232693327         0.6888677715         0.4694847052         0.3027621608E-01     0.1114639948    
    0.2194568137         0.7172564409E-01     0.1017806702         0.6877602516         0.9944075279         0.9543345072E-01     0.1281764676         0.8945679162         0.7444306991E-01     0.1668691059    
    0.7794358789         0.1937248087E-02     0.5587041544E-01     0.2323018413         0.5341029856         0.6479740452E-01     0.1256545911         0.4457063743         0.5732114963         0.3360502932E-01
    0.2252638243         0.3591718650         0.8706214004E-01     0.2508532196         0.5422114391         0.1237235294E-01     0.6127972977E-01     0.1041184912         0.5430636325         0.4774531221E-01
    0.3867956743         0.1253879224    

                         STEP LENGTH (VM)
    0.2001916545         0.1199777384E-01     0.1351203234         0.2106453982         0.2568191948E-01     0.1178490348         0.3224465147         0.2057844811         0.1405003102E-01     0.5251286296E-01
    0.9270408944E-01     0.3312281641E-01     0.3756413208E-01     0.3321268432         0.2000151614         0.3385489234E-01     0.5028122872E-01     0.3297814807         0.2675613970E-01     0.7752526060E-01
    0.2868118694         0.7284875220E-03     0.2442654821E-01     0.9776705284E-01     0.2438539508         0.2784992530E-01     0.5455435464E-01     0.1667386140         0.2734554829         0.1517963554E-01
    0.1080901887         0.1310616452         0.2932346221E-01     0.8980960516E-01     0.2260295962         0.5417292060E-02     0.2080089573E-01     0.4916271296E-01     0.1880648398         0.1672083035E-01
    0.1647852384         0.4430802484E-01
 

 INTERMEDIATE RESULTS BEFORE NEXT TEMPERATURE REDUCTION

  CURRENT TEMPERATURE:              1.5820    
  MIN FUNCTION VALUE SO FAR:   0.244155131712468013E-01
  TOTAL MOVES:                     840
     DOWNHILL:                     641
     ACCEPTED UPHILL:              193
     REJECTED UPHILL:                6
  TRIALS OUT OF BOUNDS:            426
  NEW MINIMA THIS TEMPERATURE:       0

                         CURRENT OPTIMAL X
    0.9776654045         0.3104450127E-01     0.3628558547         0.4881333067         0.5736338081E-01     0.3232693327         0.6888677715         0.4694847052         0.3027621608E-01     0.1114639948    
    0.2194568137         0.7172564409E-01     0.1017806702         0.6877602516         0.9944075279         0.9543345072E-01     0.1281764676         0.8945679162         0.7444306991E-01     0.1668691059    
    0.7794358789         0.1937248087E-02     0.5587041544E-01     0.2323018413         0.5341029856         0.6479740452E-01     0.1256545911         0.4457063743         0.5732114963         0.3360502932E-01
    0.2252638243         0.3591718650         0.8706214004E-01     0.2508532196         0.5422114391         0.1237235294E-01     0.6127972977E-01     0.1041184912         0.5430636325         0.4774531221E-01
    0.3867956743         0.1253879224    

                         STEP LENGTH (VM)
    0.2001916545         0.1199777384E-01     0.1351203234         0.2106453982         0.2568191948E-01     0.1178490348         0.3224465147         0.2057844811         0.1405003102E-01     0.5251286296E-01
    0.9270408944E-01     0.3312281641E-01     0.3756413208E-01     0.3321268432         0.2000151614         0.3385489234E-01     0.5028122872E-01     0.3297814807         0.2675613970E-01     0.7752526060E-01
    0.2868118694         0.7284875220E-03     0.2442654821E-01     0.9776705284E-01     0.2438539508         0.2784992530E-01     0.5455435464E-01     0.1667386140         0.2734554829         0.1517963554E-01
    0.1080901887         0.1310616452         0.2932346221E-01     0.8980960516E-01     0.2260295962         0.5417292060E-02     0.2080089573E-01     0.4916271296E-01     0.1880648398         0.1672083035E-01
    0.1647852384         0.4430802484E-01
 

 INTERMEDIATE RESULTS BEFORE NEXT TEMPERATURE REDUCTION

  CURRENT TEMPERATURE:              1.1865    
  MIN FUNCTION VALUE SO FAR:   0.244155131712468013E-01
  TOTAL MOVES:                     840
     DOWNHILL:                     641
     ACCEPTED UPHILL:              191
     REJECTED UPHILL:                8
  TRIALS OUT OF BOUNDS:            414
  NEW MINIMA THIS TEMPERATURE:       0

                         CURRENT OPTIMAL X
    0.9776654045         0.3104450127E-01     0.3628558547         0.4881333067         0.5736338081E-01     0.3232693327         0.6888677715         0.4694847052         0.3027621608E-01     0.1114639948    
    0.2194568137         0.7172564409E-01     0.1017806702         0.6877602516         0.9944075279         0.9543345072E-01     0.1281764676         0.8945679162         0.7444306991E-01     0.1668691059    
    0.7794358789         0.1937248087E-02     0.5587041544E-01     0.2323018413         0.5341029856         0.6479740452E-01     0.1256545911         0.4457063743         0.5732114963         0.3360502932E-01
    0.2252638243         0.3591718650         0.8706214004E-01     0.2508532196         0.5422114391         0.1237235294E-01     0.6127972977E-01     0.1041184912         0.5430636325         0.4774531221E-01
    0.3867956743         0.1253879224    

                         STEP LENGTH (VM)
    0.2001916545         0.1199777384E-01     0.1351203234         0.2106453982         0.2568191948E-01     0.1178490348         0.3224465147         0.2057844811         0.1405003102E-01     0.5251286296E-01
    0.9270408944E-01     0.3312281641E-01     0.3756413208E-01     0.3321268432         0.2000151614         0.3385489234E-01     0.5028122872E-01     0.3297814807         0.2675613970E-01     0.7752526060E-01
    0.2868118694         0.7284875220E-03     0.2442654821E-01     0.9776705284E-01     0.2438539508         0.2784992530E-01     0.5455435464E-01     0.1667386140         0.2734554829         0.1517963554E-01
    0.1080901887         0.1310616452         0.2932346221E-01     0.8980960516E-01     0.2260295962         0.5417292060E-02     0.2080089573E-01     0.4916271296E-01     0.1880648398         0.1672083035E-01
    0.1647852384         0.4430802484E-01
 

 INTERMEDIATE RESULTS BEFORE NEXT TEMPERATURE REDUCTION

  CURRENT TEMPERATURE:             0.88989    
  MIN FUNCTION VALUE SO FAR:   0.244155131712468013E-01
  TOTAL MOVES:                     840
     DOWNHILL:                     603
     ACCEPTED UPHILL:              227
     REJECTED UPHILL:               10
  TRIALS OUT OF BOUNDS:            456
  NEW MINIMA THIS TEMPERATURE:       0

                         CURRENT OPTIMAL X
    0.9776654045         0.3104450127E-01     0.3628558547         0.4881333067         0.5736338081E-01     0.3232693327         0.6888677715         0.4694847052         0.3027621608E-01     0.1114639948    
    0.2194568137         0.7172564409E-01     0.1017806702         0.6877602516         0.9944075279         0.9543345072E-01     0.1281764676         0.8945679162         0.7444306991E-01     0.1668691059    
    0.7794358789         0.1937248087E-02     0.5587041544E-01     0.2323018413         0.5341029856         0.6479740452E-01     0.1256545911         0.4457063743         0.5732114963         0.3360502932E-01
    0.2252638243         0.3591718650         0.8706214004E-01     0.2508532196         0.5422114391         0.1237235294E-01     0.6127972977E-01     0.1041184912         0.5430636325         0.4774531221E-01
    0.3867956743         0.1253879224    

                         STEP LENGTH (VM)
    0.2001916545         0.1199777384E-01     0.1351203234         0.2106453982         0.2568191948E-01     0.1178490348         0.3224465147         0.2057844811         0.1405003102E-01     0.5251286296E-01
    0.9270408944E-01     0.3312281641E-01     0.3756413208E-01     0.3321268432         0.2000151614         0.3385489234E-01     0.5028122872E-01     0.3297814807         0.2675613970E-01     0.7752526060E-01
    0.2868118694         0.7284875220E-03     0.2442654821E-01     0.9776705284E-01     0.2438539508         0.2784992530E-01     0.5455435464E-01     0.1667386140         0.2734554829         0.1517963554E-01
    0.1080901887         0.1310616452         0.2932346221E-01     0.8980960516E-01     0.2260295962         0.5417292060E-02     0.2080089573E-01     0.4916271296E-01     0.1880648398         0.1672083035E-01
    0.1647852384         0.4430802484E-01
 

 INTERMEDIATE RESULTS BEFORE NEXT TEMPERATURE REDUCTION

  CURRENT TEMPERATURE:             0.66742    
  MIN FUNCTION VALUE SO FAR:   0.244155131712468013E-01
  TOTAL MOVES:                     840
     DOWNHILL:                     621
     ACCEPTED UPHILL:              211
     REJECTED UPHILL:                8
  TRIALS OUT OF BOUNDS:            429
  NEW MINIMA THIS TEMPERATURE:       0

                         CURRENT OPTIMAL X
    0.9776654045         0.3104450127E-01     0.3628558547         0.4881333067         0.5736338081E-01     0.3232693327         0.6888677715         0.4694847052         0.3027621608E-01     0.1114639948    
    0.2194568137         0.7172564409E-01     0.1017806702         0.6877602516         0.9944075279         0.9543345072E-01     0.1281764676         0.8945679162         0.7444306991E-01     0.1668691059    
    0.7794358789         0.1937248087E-02     0.5587041544E-01     0.2323018413         0.5341029856         0.6479740452E-01     0.1256545911         0.4457063743         0.5732114963         0.3360502932E-01
    0.2252638243         0.3591718650         0.8706214004E-01     0.2508532196         0.5422114391         0.1237235294E-01     0.6127972977E-01     0.1041184912         0.5430636325         0.4774531221E-01
    0.3867956743         0.1253879224    

                         STEP LENGTH (VM)
    0.2001916545         0.1199777384E-01     0.1351203234         0.2106453982         0.2568191948E-01     0.1178490348         0.3224465147         0.2057844811         0.1405003102E-01     0.5251286296E-01
    0.9270408944E-01     0.3312281641E-01     0.3756413208E-01     0.3321268432         0.2000151614         0.3385489234E-01     0.5028122872E-01     0.3297814807         0.2675613970E-01     0.7752526060E-01
    0.2868118694         0.7284875220E-03     0.2442654821E-01     0.9776705284E-01     0.2438539508         0.2784992530E-01     0.5455435464E-01     0.1667386140         0.2734554829         0.1517963554E-01
    0.1080901887         0.1310616452         0.2932346221E-01     0.8980960516E-01     0.2260295962         0.5417292060E-02     0.2080089573E-01     0.4916271296E-01     0.1880648398         0.1672083035E-01
    0.1647852384         0.4430802484E-01
 

 INTERMEDIATE RESULTS BEFORE NEXT TEMPERATURE REDUCTION

  CURRENT TEMPERATURE:             0.50056    
  MIN FUNCTION VALUE SO FAR:   0.244155131712468013E-01
  TOTAL MOVES:                     840
     DOWNHILL:                     629
     ACCEPTED UPHILL:              202
     REJECTED UPHILL:                9
  TRIALS OUT OF BOUNDS:            440
  NEW MINIMA THIS TEMPERATURE:       0

                         CURRENT OPTIMAL X
    0.9776654045         0.3104450127E-01     0.3628558547         0.4881333067         0.5736338081E-01     0.3232693327         0.6888677715         0.4694847052         0.3027621608E-01     0.1114639948    
    0.2194568137         0.7172564409E-01     0.1017806702         0.6877602516         0.9944075279         0.9543345072E-01     0.1281764676         0.8945679162         0.7444306991E-01     0.1668691059    
    0.7794358789         0.1937248087E-02     0.5587041544E-01     0.2323018413         0.5341029856         0.6479740452E-01     0.1256545911         0.4457063743         0.5732114963         0.3360502932E-01
    0.2252638243         0.3591718650         0.8706214004E-01     0.2508532196         0.5422114391         0.1237235294E-01     0.6127972977E-01     0.1041184912         0.5430636325         0.4774531221E-01
    0.3867956743         0.1253879224    

                         STEP LENGTH (VM)
    0.2001916545         0.1199777384E-01     0.1351203234         0.2106453982         0.2568191948E-01     0.1178490348         0.3224465147         0.2057844811         0.1405003102E-01     0.5251286296E-01
    0.9270408944E-01     0.3312281641E-01     0.3756413208E-01     0.3321268432         0.2000151614         0.3385489234E-01     0.5028122872E-01     0.3297814807         0.2675613970E-01     0.7752526060E-01
    0.2868118694         0.7284875220E-03     0.2442654821E-01     0.9776705284E-01     0.2438539508         0.2784992530E-01     0.5455435464E-01     0.1667386140         0.2734554829         0.1517963554E-01
    0.1080901887         0.1310616452         0.2932346221E-01     0.8980960516E-01     0.2260295962         0.5417292060E-02     0.2080089573E-01     0.4916271296E-01     0.1880648398         0.1672083035E-01
    0.1647852384         0.4430802484E-01
 

 INTERMEDIATE RESULTS BEFORE NEXT TEMPERATURE REDUCTION

  CURRENT TEMPERATURE:             0.37542    
  MIN FUNCTION VALUE SO FAR:   0.243964810817492786E-01
  TOTAL MOVES:                     840
     DOWNHILL:                     630
     ACCEPTED UPHILL:              190
     REJECTED UPHILL:               20
  TRIALS OUT OF BOUNDS:            440
  NEW MINIMA THIS TEMPERATURE:       1

                         CURRENT OPTIMAL X
    0.9776654045         0.3442912431E-01     0.3628558547         0.4881333067         0.5736338081E-01     0.3232693327         0.6888677715         0.4694847052         0.3027621608E-01     0.1114639948    
    0.2194568137         0.7172564409E-01     0.1017806702         0.6877602516         0.9944075279         0.9543345072E-01     0.1281764676         0.8945679162         0.7444306991E-01     0.1668691059    
    0.7794358789         0.1937248087E-02     0.5587041544E-01     0.2323018413         0.5341029856         0.6479740452E-01     0.1256545911         0.4457063743         0.5732114963         0.3360502932E-01
    0.2252638243         0.3591718650         0.8706214004E-01     0.2508532196         0.5422114391         0.1237235294E-01     0.6127972977E-01     0.1041184912         0.5430636325         0.4774531221E-01
    0.3867956743         0.1253879224    

                         STEP LENGTH (VM)
    0.2001916545         0.1199777384E-01     0.1351203234         0.2106453982         0.2568191948E-01     0.1178490348         0.3224465147         0.2057844811         0.1405003102E-01     0.5251286296E-01
    0.9270408944E-01     0.3312281641E-01     0.3756413208E-01     0.3321268432         0.1297395478         0.3385489234E-01     0.5028122872E-01     0.3297814807         0.2675613970E-01     0.7752526060E-01
    0.2868118694         0.7284875220E-03     0.2442654821E-01     0.9776705284E-01     0.2438539508         0.2784992530E-01     0.5455435464E-01     0.1667386140         0.2734554829         0.1517963554E-01
    0.1080901887         0.1310616452         0.2932346221E-01     0.8980960516E-01     0.2260295962         0.5417292060E-02     0.2080089573E-01     0.4916271296E-01     0.1880648398         0.1672083035E-01
    0.1647852384         0.4430802484E-01
 

 INTERMEDIATE RESULTS BEFORE NEXT TEMPERATURE REDUCTION

  CURRENT TEMPERATURE:             0.28157    
  MIN FUNCTION VALUE SO FAR:   0.243935519236627638E-01
  TOTAL MOVES:                     840
     DOWNHILL:                     618
     ACCEPTED UPHILL:              207
     REJECTED UPHILL:               15
  TRIALS OUT OF BOUNDS:            418
  NEW MINIMA THIS TEMPERATURE:       0

                         CURRENT OPTIMAL X
    0.9776654045         0.3149732291E-01     0.4014856030         0.5334271467         0.5736338081E-01     0.3232693327         0.6888677715         0.4694847052         0.3027621608E-01     0.1114639948    
    0.2194568137         0.7172564409E-01     0.1017806702         0.6877602516         0.9944075279         0.9543345072E-01     0.1281764676         0.8945679162         0.7444306991E-01     0.1668691059    
    0.7794358789         0.1937248087E-02     0.5587041544E-01     0.2323018413         0.5341029856         0.6479740452E-01     0.1256545911         0.4457063743         0.5732114963         0.3360502932E-01
    0.2252638243         0.3591718650         0.8706214004E-01     0.2508532196         0.5422114391         0.1237235294E-01     0.6127972977E-01     0.1041184912         0.5430636325         0.4774531221E-01
    0.3867956743         0.1253879224    

                         STEP LENGTH (VM)
    0.2001916545         0.1199777384E-01     0.1351203234         0.2106453982         0.2568191948E-01     0.1178490348         0.3224465147         0.2057844811         0.1405003102E-01     0.5251286296E-01
    0.9270408944E-01     0.3312281641E-01     0.3756413208E-01     0.3321268432         0.2000151614         0.3385489234E-01     0.5028122872E-01     0.3297814807         0.2675613970E-01     0.7752526060E-01
    0.2868118694         0.7284875220E-03     0.2442654821E-01     0.9776705284E-01     0.2438539508         0.2784992530E-01     0.5455435464E-01     0.1667386140         0.2734554829         0.1517963554E-01
    0.1080901887         0.1310616452         0.2932346221E-01     0.8980960516E-01     0.2260295962         0.5417292060E-02     0.2080089573E-01     0.4916271296E-01     0.1880648398         0.1672083035E-01
    0.1647852384         0.4430802484E-01
 

 INTERMEDIATE RESULTS BEFORE NEXT TEMPERATURE REDUCTION

  CURRENT TEMPERATURE:             0.21118    
  MIN FUNCTION VALUE SO FAR:   0.240409341692980894E-01
  TOTAL MOVES:                     840
     DOWNHILL:                     621
     ACCEPTED UPHILL:              187
     REJECTED UPHILL:               32
  TRIALS OUT OF BOUNDS:            415
  NEW MINIMA THIS TEMPERATURE:       0

                         CURRENT OPTIMAL X
    0.9932672895         0.3552156558E-01     0.2965826336         0.5091615537         0.6621022817E-01     0.3156287296         0.7687246387         0.5555742220         0.3674794788E-01     0.1390980911    
    0.2297032438         0.9075511950E-01     0.8372050373E-01     0.8132566150         0.9944075279         0.9664952733E-01     0.1126959946         0.9905498979         0.7963080442E-01     0.1577953616    
    0.7766292719         0.1616991605E-02     0.5958805851E-01     0.2009142371         0.5245739959         0.8246384035E-01     0.1108672313         0.3955857719         0.6878908632         0.3806709347E-01
    0.2468610123         0.3216963414         0.7771987202E-01     0.2583450065         0.6671811183         0.1559974975E-01     0.5899150820E-01     0.1129775174         0.4127171520         0.5003673512E-01
    0.3477261542         0.1180458812    

                         STEP LENGTH (VM)
    0.2001916545         0.1199777384E-01     0.1351203234         0.2106453982         0.2568191948E-01     0.1178490348         0.3224465147         0.2057844811         0.1405003102E-01     0.5251286296E-01
    0.9270408944E-01     0.3312281641E-01     0.3756413208E-01     0.3321268432         0.4688999927E-01     0.3385489234E-01     0.5028122872E-01     0.3297814807         0.2675613970E-01     0.7752526060E-01
    0.2868118694         0.7284875220E-03     0.2442654821E-01     0.9776705284E-01     0.2438539508         0.2784992530E-01     0.5455435464E-01     0.1667386140         0.2734554829         0.1517963554E-01
    0.1080901887         0.1310616452         0.2932346221E-01     0.8980960516E-01     0.2260295962         0.5417292060E-02     0.2080089573E-01     0.4916271296E-01     0.1880648398         0.1672083035E-01
    0.1647852384         0.4430802484E-01
 

 INTERMEDIATE RESULTS BEFORE NEXT TEMPERATURE REDUCTION

  CURRENT TEMPERATURE:             0.15838    
  MIN FUNCTION VALUE SO FAR:   0.232880813249131159E-01
  TOTAL MOVES:                     840
     DOWNHILL:                     604
     ACCEPTED UPHILL:              202
     REJECTED UPHILL:               34
  TRIALS OUT OF BOUNDS:            427
  NEW MINIMA THIS TEMPERATURE:       0

                         CURRENT OPTIMAL X
    0.9898698623         0.2847302391E-01     0.2965826336         0.5091615537         0.6621022817E-01     0.3156287296         0.7687246387         0.5555742220         0.3674794788E-01     0.1390980911    
    0.2297032438         0.9075511950E-01     0.8372050373E-01     0.8132566150         0.9944075279         0.9664952733E-01     0.1126959946         0.9905498979         0.7963080442E-01     0.1577953616    
    0.7766292719         0.1616991605E-02     0.5958805851E-01     0.2009142371         0.5245739959         0.8246384035E-01     0.1108672313         0.3955857719         0.6878908632         0.3806709347E-01
    0.2468610123         0.3216963414         0.7771987202E-01     0.2583450065         0.6671811183         0.1559974975E-01     0.5899150820E-01     0.1129775174         0.4127171520         0.5003673512E-01
    0.3477261542         0.1180458812    

                         STEP LENGTH (VM)
    0.2001916545         0.1199777384E-01     0.1351203234         0.2106453982         0.2568191948E-01     0.1178490348         0.3224465147         0.2057844811         0.1405003102E-01     0.5251286296E-01
    0.9270408944E-01     0.3312281641E-01     0.3756413208E-01     0.3321268432         0.5421655616E-01     0.3385489234E-01     0.5028122872E-01     0.3297814807         0.2675613970E-01     0.7752526060E-01
    0.2868118694         0.7284875220E-03     0.2442654821E-01     0.9776705284E-01     0.2438539508         0.2784992530E-01     0.5455435464E-01     0.1667386140         0.2734554829         0.1517963554E-01
    0.1080901887         0.1310616452         0.2932346221E-01     0.8980960516E-01     0.2260295962         0.5417292060E-02     0.2080089573E-01     0.4916271296E-01     0.1880648398         0.1672083035E-01
    0.1647852384         0.4430802484E-01
 

 INTERMEDIATE RESULTS BEFORE NEXT TEMPERATURE REDUCTION

  CURRENT TEMPERATURE:             0.11879    
  MIN FUNCTION VALUE SO FAR:   0.206807576273757912E-01
  TOTAL MOVES:                     840
     DOWNHILL:                     599
     ACCEPTED UPHILL:              205
     REJECTED UPHILL:               36
  TRIALS OUT OF BOUNDS:            422
  NEW MINIMA THIS TEMPERATURE:       1

                         CURRENT OPTIMAL X
    0.9889837539         0.2605025997E-01     0.3039562973         0.5501733846         0.7053806343E-01     0.2854526987         0.8661439767         0.5130222784         0.3229631940E-01     0.1055421620    
    0.2215737518         0.7383560173E-01     0.9520351650E-01     0.7785865784         0.9993025020         0.7086848397E-01     0.1246998278         0.9131205541         0.7161702512E-01     0.1960300072    
    0.8740948346         0.2030460854E-02     0.4998680299E-01     0.2454720365         0.7258784147         0.7330196202E-01     0.1320143692         0.4224193115         0.6420966974         0.3771725700E-01
    0.2719483274         0.2782983405         0.6439788622E-01     0.1977787014         0.4753949490         0.1300212852E-01     0.5198328977E-01     0.1100727936         0.5635368335         0.3395624642E-01
    0.4606652043         0.1284374806    

                         STEP LENGTH (VM)
    0.2001916545         0.1199777384E-01     0.1351203234         0.2106453982         0.2568191948E-01     0.1178490348         0.3224465147         0.1829195138         0.1405003102E-01     0.5251286296E-01
    0.9270408944E-01     0.3312281641E-01     0.3756413208E-01     0.3321268432         0.4066241098E-01     0.3385489234E-01     0.5028122872E-01     0.3297814807         0.2675613970E-01     0.7752526060E-01
    0.2868118694         0.7284875220E-03     0.2442654821E-01     0.9776705284E-01     0.2438539508         0.2784992530E-01     0.5455435464E-01     0.1667386140         0.2050916083         0.1517963554E-01
    0.1080901887         0.1310616452         0.2932346221E-01     0.8980960516E-01     0.2260295962         0.5417292060E-02     0.2080089573E-01     0.4916271296E-01     0.1880648398         0.1672083035E-01
    0.1647852384         0.4430802484E-01
 

 INTERMEDIATE RESULTS BEFORE NEXT TEMPERATURE REDUCTION

  CURRENT TEMPERATURE:             0.89090E-01
  MIN FUNCTION VALUE SO FAR:   0.205548409975095658E-01
  TOTAL MOVES:                     840
     DOWNHILL:                     617
     ACCEPTED UPHILL:              184
     REJECTED UPHILL:               39
  TRIALS OUT OF BOUNDS:            398
  NEW MINIMA THIS TEMPERATURE:       0

                         CURRENT OPTIMAL X
    0.9889837539         0.2671083915E-01     0.3039562973         0.5501733846         0.7053806343E-01     0.2854526987         0.8661439767         0.5130222784         0.3229631940E-01     0.1055421620    
    0.2215737518         0.7383560173E-01     0.9520351650E-01     0.7785865784         0.9993025020         0.7086848397E-01     0.1246998278         0.9131205541         0.7161702512E-01     0.1960300072    
    0.8740948346         0.2030460854E-02     0.4998680299E-01     0.2454720365         0.7258784147         0.7330196202E-01     0.1320143692         0.4224193115         0.6420966974         0.3771725700E-01
    0.2719483274         0.2782983405         0.6439788622E-01     0.1977787014         0.4753949490         0.1300212852E-01     0.5198328977E-01     0.1100727936         0.5635368335         0.3395624642E-01
    0.4606652043         0.1284374806    

                         STEP LENGTH (VM)
    0.2001916545         0.1199777384E-01     0.1351203234         0.2106453982         0.2568191948E-01     0.1178490348         0.3224465147         0.1371896328         0.1405003102E-01     0.5251286296E-01
    0.9270408944E-01     0.3312281641E-01     0.3756413208E-01     0.3321268432         0.4819248140E-01     0.3385489234E-01     0.5028122872E-01     0.3297814807         0.2675613970E-01     0.7752526060E-01
    0.2868118694         0.7284875220E-03     0.2442654821E-01     0.9776705284E-01     0.2438539508         0.2784992530E-01     0.5455435464E-01     0.1667386140         0.1823036473         0.1517963554E-01
    0.1080901887         0.1310616452         0.2932346221E-01     0.8980960516E-01     0.2260295962         0.5417292060E-02     0.2080089573E-01     0.4916271296E-01     0.1880648398         0.1672083035E-01
    0.1647852384         0.4430802484E-01
 

 INTERMEDIATE RESULTS BEFORE NEXT TEMPERATURE REDUCTION

  CURRENT TEMPERATURE:             0.66817E-01
  MIN FUNCTION VALUE SO FAR:   0.205548409975095658E-01
  TOTAL MOVES:                     840
     DOWNHILL:                     629
     ACCEPTED UPHILL:              168
     REJECTED UPHILL:               43
  TRIALS OUT OF BOUNDS:            409
  NEW MINIMA THIS TEMPERATURE:       0

                         CURRENT OPTIMAL X
    0.9889837539         0.2671083915E-01     0.3039562973         0.5501733846         0.7053806343E-01     0.2854526987         0.8661439767         0.5130222784         0.3229631940E-01     0.1055421620    
    0.2215737518         0.7383560173E-01     0.9520351650E-01     0.7785865784         0.9993025020         0.7086848397E-01     0.1246998278         0.9131205541         0.7161702512E-01     0.1960300072    
    0.8740948346         0.2030460854E-02     0.4998680299E-01     0.2454720365         0.7258784147         0.7330196202E-01     0.1320143692         0.4224193115         0.6420966974         0.3771725700E-01
    0.2719483274         0.2782983405         0.6439788622E-01     0.1977787014         0.4753949490         0.1300212852E-01     0.5198328977E-01     0.1100727936         0.5635368335         0.3395624642E-01
    0.4606652043         0.1284374806    

                         STEP LENGTH (VM)
    0.2001916545         0.1199777384E-01     0.1351203234         0.2106453982         0.2568191948E-01     0.1178490348         0.3224465147         0.5002926501E-01     0.1405003102E-01     0.5251286296E-01
    0.9270408944E-01     0.3312281641E-01     0.3756413208E-01     0.3321268432         0.2381713086E-01     0.3385489234E-01     0.5028122872E-01     0.3297814807         0.2675613970E-01     0.7752526060E-01
    0.2868118694         0.7284875220E-03     0.2442654821E-01     0.9776705284E-01     0.2438539508         0.2784992530E-01     0.5455435464E-01     0.1667386140         0.8868825796E-01     0.1517963554E-01
    0.1080901887         0.1310616452         0.2932346221E-01     0.8980960516E-01     0.2260295962         0.5417292060E-02     0.2080089573E-01     0.4916271296E-01     0.1880648398         0.1672083035E-01
    0.1647852384         0.4430802484E-01
 

 INTERMEDIATE RESULTS BEFORE NEXT TEMPERATURE REDUCTION

  CURRENT TEMPERATURE:             0.50113E-01
  MIN FUNCTION VALUE SO FAR:   0.205548409975095658E-01
  TOTAL MOVES:                     840
     DOWNHILL:                     621
     ACCEPTED UPHILL:              178
     REJECTED UPHILL:               41
  TRIALS OUT OF BOUNDS:            388
  NEW MINIMA THIS TEMPERATURE:       0

                         CURRENT OPTIMAL X
    0.9889837539         0.2671083915E-01     0.3039562973         0.5501733846         0.7053806343E-01     0.2854526987         0.8661439767         0.5130222784         0.3229631940E-01     0.1055421620    
    0.2215737518         0.7383560173E-01     0.9520351650E-01     0.7785865784         0.9993025020         0.7086848397E-01     0.1246998278         0.9131205541         0.7161702512E-01     0.1960300072    
    0.8740948346         0.2030460854E-02     0.4998680299E-01     0.2454720365         0.7258784147         0.7330196202E-01     0.1320143692         0.4224193115         0.6420966974         0.3771725700E-01
    0.2719483274         0.2782983405         0.6439788622E-01     0.1977787014         0.4753949490         0.1300212852E-01     0.5198328977E-01     0.1100727936         0.5635368335         0.3395624642E-01
    0.4606652043         0.1284374806    

                         STEP LENGTH (VM)
    0.2001916545         0.1199777384E-01     0.1351203234         0.2106453982         0.2568191948E-01     0.1178490348         0.3224465147         0.5002926501E-01     0.1405003102E-01     0.5251286296E-01
    0.9270408944E-01     0.3312281641E-01     0.3756413208E-01     0.3321268432         0.2117078009E-01     0.3385489234E-01     0.5028122872E-01     0.3297814807         0.2675613970E-01     0.7752526060E-01
    0.2868118694         0.7284875220E-03     0.2442654821E-01     0.9776705284E-01     0.2438539508         0.2784992530E-01     0.5455435464E-01     0.1667386140         0.6651618480E-01     0.1517963554E-01
    0.1080901887         0.1310616452         0.2932346221E-01     0.8980960516E-01     0.2260295962         0.5417292060E-02     0.2080089573E-01     0.4916271296E-01     0.1880648398         0.1672083035E-01
    0.1647852384         0.4430802484E-01
 

 INTERMEDIATE RESULTS BEFORE NEXT TEMPERATURE REDUCTION

  CURRENT TEMPERATURE:             0.37585E-01
  MIN FUNCTION VALUE SO FAR:   0.205548409975095658E-01
  TOTAL MOVES:                     840
     DOWNHILL:                     612
     ACCEPTED UPHILL:              185
     REJECTED UPHILL:               43
  TRIALS OUT OF BOUNDS:            404
  NEW MINIMA THIS TEMPERATURE:       0

                         CURRENT OPTIMAL X
    0.9889837539         0.2671083915E-01     0.3039562973         0.5501733846         0.7053806343E-01     0.2854526987         0.8661439767         0.5130222784         0.3229631940E-01     0.1055421620    
    0.2215737518         0.7383560173E-01     0.9520351650E-01     0.7785865784         0.9993025020         0.7086848397E-01     0.1246998278         0.9131205541         0.7161702512E-01     0.1960300072    
    0.8740948346         0.2030460854E-02     0.4998680299E-01     0.2454720365         0.7258784147         0.7330196202E-01     0.1320143692         0.4224193115         0.6420966974         0.3771725700E-01
    0.2719483274         0.2782983405         0.6439788622E-01     0.1977787014         0.4753949490         0.1300212852E-01     0.5198328977E-01     0.1100727936         0.5635368335         0.3395624642E-01
    0.4606652043         0.1284374806    

                         STEP LENGTH (VM)
    0.2001916545         0.1199777384E-01     0.1351203234         0.2106453982         0.2568191948E-01     0.1178490348         0.3224465147         0.5051687030E-01     0.1405003102E-01     0.5251286296E-01
    0.9270408944E-01     0.3312281641E-01     0.3756413208E-01     0.3321268432         0.1587808477E-01     0.3385489234E-01     0.5028122872E-01     0.3297814807         0.2675613970E-01     0.7752526060E-01
    0.2868118694         0.7284875220E-03     0.2442654821E-01     0.9776705284E-01     0.2438539508         0.2784992530E-01     0.5455435464E-01     0.1667386140         0.5752750501E-01     0.1517963554E-01
    0.1080901887         0.1310616452         0.2932346221E-01     0.8980960516E-01     0.2260295962         0.5417292060E-02     0.2080089573E-01     0.4916271296E-01     0.1880648398         0.1672083035E-01
    0.1647852384         0.4430802484E-01
 

 INTERMEDIATE RESULTS BEFORE NEXT TEMPERATURE REDUCTION

  CURRENT TEMPERATURE:             0.28189E-01
  MIN FUNCTION VALUE SO FAR:   0.205547164064994979E-01
  TOTAL MOVES:                     840
     DOWNHILL:                     626
     ACCEPTED UPHILL:              168
     REJECTED UPHILL:               46
  TRIALS OUT OF BOUNDS:            386
  NEW MINIMA THIS TEMPERATURE:       0

                         CURRENT OPTIMAL X
    0.9889837539         0.2502094260E-01     0.3423422651         0.6033472725         0.6228977451E-01     0.2598595221         0.7850944169         0.5130222784         0.2992968382E-01     0.1055421620    
    0.2215737518         0.7383560173E-01     0.9520351650E-01     0.7785865784         0.9993025020         0.7086848397E-01     0.1246998278         0.9131205541         0.7161702512E-01     0.1960300072    
    0.8740948346         0.2030460854E-02     0.4998680299E-01     0.2454720365         0.7258784147         0.7330196202E-01     0.1320143692         0.4224193115         0.6420966974         0.3771725700E-01
    0.2719483274         0.2782983405         0.6439788622E-01     0.1977787014         0.4753949490         0.1300212852E-01     0.5198328977E-01     0.1100727936         0.5635368335         0.3395624642E-01
    0.4606652043         0.1284374806    

                         STEP LENGTH (VM)
    0.2001916545         0.1199777384E-01     0.1351203234         0.2106453982         0.2568191948E-01     0.1178490348         0.3224465147         0.3788765202E-01     0.1405003102E-01     0.5251286296E-01
    0.9270408944E-01     0.3312281641E-01     0.3756413208E-01     0.3321268432         0.2117077568E-01     0.3385489234E-01     0.5028122872E-01     0.3297814807         0.2675613970E-01     0.7752526060E-01
    0.2868118694         0.7284875220E-03     0.2442654821E-01     0.9776705284E-01     0.2438539508         0.2784992530E-01     0.5455435464E-01     0.1667386140         0.2724986775E-01     0.1517963554E-01
    0.1080901887         0.1310616452         0.2932346221E-01     0.8980960516E-01     0.2260295962         0.5417292060E-02     0.2080089573E-01     0.4916271296E-01     0.1880648398         0.1672083035E-01
    0.1647852384         0.4430802484E-01
 

 INTERMEDIATE RESULTS BEFORE NEXT TEMPERATURE REDUCTION

  CURRENT TEMPERATURE:             0.21141E-01
  MIN FUNCTION VALUE SO FAR:   0.192922611859977257E-01
  TOTAL MOVES:                     840
     DOWNHILL:                     623
     ACCEPTED UPHILL:              158
     REJECTED UPHILL:               59
  TRIALS OUT OF BOUNDS:            393
  NEW MINIMA THIS TEMPERATURE:       1

                         CURRENT OPTIMAL X
    0.9995690870         0.3458349148E-01     0.3865817099         0.5743866465         0.6967436330E-01     0.3054303149         0.7379863122         0.5093325395         0.3115690645E-01     0.1534997453    
    0.2310424157         0.7314871637E-01     0.9532481191E-01     0.6694765252         0.9993025020         0.9399075487E-01     0.1116197678         0.8191768736         0.6255390417E-01     0.1603499101    
    0.7711629579         0.2109853899E-02     0.6075779659E-01     0.2901671637         0.4929645093         0.6484498301E-01     0.1412653185         0.3510766959         0.6449266711         0.3636920835E-01
    0.2267211901         0.3596143612         0.7977242328E-01     0.2576986608         0.5601907660         0.1232997836E-01     0.5886036394E-01     0.1303386706         0.3842162180         0.4237347900E-01
    0.3676259673         0.1062959547    

                         STEP LENGTH (VM)
    0.9482761523E-01     0.1199777384E-01     0.1351203234         0.2106453982         0.2568191948E-01     0.1178490348         0.3224465147         0.1773980388E-01     0.1405003102E-01     0.5251286296E-01
    0.9270408944E-01     0.3312281641E-01     0.3756413208E-01     0.3321268432         0.7888821658E-02     0.3385489234E-01     0.5028122872E-01     0.3297814807         0.2675613970E-01     0.7752526060E-01
    0.2868118694         0.7284875220E-03     0.2442654821E-01     0.9776705284E-01     0.2438539508         0.2784992530E-01     0.5455435464E-01     0.1667386140         0.2724986414E-01     0.1517963554E-01
    0.1080901887         0.1310616452         0.2932346221E-01     0.8980960516E-01     0.2260295962         0.5417292060E-02     0.2080089573E-01     0.4916271296E-01     0.1880648398         0.1672083035E-01
    0.1647852384         0.4430802484E-01
 

 INTERMEDIATE RESULTS BEFORE NEXT TEMPERATURE REDUCTION

  CURRENT TEMPERATURE:             0.15856E-01
  MIN FUNCTION VALUE SO FAR:   0.192420175066598843E-01
  TOTAL MOVES:                     840
     DOWNHILL:                     600
     ACCEPTED UPHILL:              168
     REJECTED UPHILL:               72
  TRIALS OUT OF BOUNDS:            381
  NEW MINIMA THIS TEMPERATURE:       0

                         CURRENT OPTIMAL X
    0.9995690870         0.2786002902E-01     0.3402609863         0.5160493323         0.6967436330E-01     0.3054303149         0.7379863122         0.5093325395         0.3115690645E-01     0.1534997453    
    0.2310424157         0.7314871637E-01     0.9532481191E-01     0.6694765252         0.9993025020         0.9399075487E-01     0.1116197678         0.8191768736         0.6255390417E-01     0.1603499101    
    0.7711629579         0.2109853899E-02     0.6075779659E-01     0.2901671637         0.4929645093         0.6484498301E-01     0.1412653185         0.3510766959         0.6449266711         0.3636920835E-01
    0.2267211901         0.3596143612         0.7977242328E-01     0.2576986608         0.5601907660         0.1232997836E-01     0.5886036394E-01     0.1303386706         0.3842162180         0.4237347900E-01
    0.3676259673         0.1062959547    

                         STEP LENGTH (VM)
    0.1150877507         0.1199777384E-01     0.1351203234         0.2106453982         0.2568191948E-01     0.1178490348         0.3224465147         0.1576871417E-01     0.1405003102E-01     0.5251286296E-01
    0.9270408944E-01     0.3312281641E-01     0.3756413208E-01     0.3321268432         0.9614500431E-02     0.3385489234E-01     0.5028122872E-01     0.3297814807         0.2675613970E-01     0.7752526060E-01
    0.2868118694         0.7284875220E-03     0.2442654821E-01     0.9776705284E-01     0.2438539508         0.2784992530E-01     0.5455435464E-01     0.1667386140         0.1767558730E-01     0.1517963554E-01
    0.1080901887         0.1310616452         0.2932346221E-01     0.8980960516E-01     0.2260295962         0.5417292060E-02     0.2080089573E-01     0.4916271296E-01     0.1880648398         0.1672083035E-01
    0.1647852384         0.4430802484E-01
 

 INTERMEDIATE RESULTS BEFORE NEXT TEMPERATURE REDUCTION

  CURRENT TEMPERATURE:             0.11892E-01
  MIN FUNCTION VALUE SO FAR:   0.192228516261094759E-01
  TOTAL MOVES:                     840
     DOWNHILL:                     599
     ACCEPTED UPHILL:              171
     REJECTED UPHILL:               70
  TRIALS OUT OF BOUNDS:            410
  NEW MINIMA THIS TEMPERATURE:       0

                         CURRENT OPTIMAL X
    0.9995690870         0.2955735283E-01     0.2713900930         0.5470632630         0.6967436330E-01     0.3054303149         0.7379863122         0.5093325395         0.3115690645E-01     0.1534997453    
    0.2310424157         0.7314871637E-01     0.9532481191E-01     0.6694765252         0.9993025020         0.9399075487E-01     0.1116197678         0.8191768736         0.6255390417E-01     0.1603499101    
    0.7711629579         0.2109853899E-02     0.6075779659E-01     0.2901671637         0.4929645093         0.6484498301E-01     0.1412653185         0.3510766959         0.6449266711         0.3636920835E-01
    0.2267211901         0.3596143612         0.7977242328E-01     0.2576986608         0.5601907660         0.1232997836E-01     0.5886036394E-01     0.1303386706         0.3842162180         0.4237347900E-01
    0.3676259673         0.1062959547    

                         STEP LENGTH (VM)
    0.3268764175E-01     0.1199777384E-01     0.1351203234         0.2106453982         0.2568191948E-01     0.1178490348         0.3224465147         0.1401663447E-01     0.1405003102E-01     0.5251286296E-01
    0.9270408944E-01     0.3312281641E-01     0.3756413208E-01     0.3321268432         0.3837804312E-02     0.3385489234E-01     0.5028122872E-01     0.3297814807         0.2675613970E-01     0.7752526060E-01
    0.2868118694         0.7284875220E-03     0.2442654821E-01     0.9776705284E-01     0.2438539508         0.2784992530E-01     0.5455435464E-01     0.1667386140         0.1289839998E-01     0.1517963554E-01
    0.1080901887         0.1310616452         0.2932346221E-01     0.8980960516E-01     0.2260295962         0.5417292060E-02     0.2080089573E-01     0.4916271296E-01     0.1880648398         0.1672083035E-01
    0.1647852384         0.4430802484E-01
 

 INTERMEDIATE RESULTS BEFORE NEXT TEMPERATURE REDUCTION

  CURRENT TEMPERATURE:             0.89190E-02
  MIN FUNCTION VALUE SO FAR:   0.192228516261094759E-01
  TOTAL MOVES:                     840
     DOWNHILL:                     590
     ACCEPTED UPHILL:              178
     REJECTED UPHILL:               72
  TRIALS OUT OF BOUNDS:            393
  NEW MINIMA THIS TEMPERATURE:       0

                         CURRENT OPTIMAL X
    0.9995690870         0.2955735283E-01     0.2713900930         0.5470632630         0.6967436330E-01     0.3054303149         0.7379863122         0.5093325395         0.3115690645E-01     0.1534997453    
    0.2310424157         0.7314871637E-01     0.9532481191E-01     0.6694765252         0.9993025020         0.9399075487E-01     0.1116197678         0.8191768736         0.6255390417E-01     0.1603499101    
    0.7711629579         0.2109853899E-02     0.6075779659E-01     0.2901671637         0.4929645093         0.6484498301E-01     0.1412653185         0.3510766959         0.6449266711         0.3636920835E-01
    0.2267211901         0.3596143612         0.7977242328E-01     0.2576986608         0.5601907660         0.1232997836E-01     0.5886036394E-01     0.1303386706         0.3842162180         0.4237347900E-01
    0.3676259673         0.1062959547    

                         STEP LENGTH (VM)
    0.5569800099E-01     0.1199777384E-01     0.1351203234         0.2106453982         0.2568191948E-01     0.1178490348         0.3224465147         0.9091870879E-02     0.1405003102E-01     0.5251286296E-01
    0.9270408944E-01     0.3312281641E-01     0.3756413208E-01     0.3321268432         0.2489386216E-02     0.3385489234E-01     0.5028122872E-01     0.3297814807         0.2675613970E-01     0.7752526060E-01
    0.2868118694         0.7284875220E-03     0.2442654821E-01     0.9776705284E-01     0.2438539508         0.2784992530E-01     0.5455435464E-01     0.1667386140         0.8366529596E-02     0.1517963554E-01
    0.1080901887         0.1310616452         0.2932346221E-01     0.8980960516E-01     0.2260295962         0.5417292060E-02     0.2080089573E-01     0.4916271296E-01     0.1880648398         0.1672083035E-01
    0.1647852384         0.4430802484E-01
 

 INTERMEDIATE RESULTS BEFORE NEXT TEMPERATURE REDUCTION

  CURRENT TEMPERATURE:             0.66893E-02
  MIN FUNCTION VALUE SO FAR:   0.192203059707078232E-01
  TOTAL MOVES:                     840
     DOWNHILL:                     605
     ACCEPTED UPHILL:              136
     REJECTED UPHILL:               99
  TRIALS OUT OF BOUNDS:            392
  NEW MINIMA THIS TEMPERATURE:       1

                         CURRENT OPTIMAL X
    0.9995690870         0.2562991279E-01     0.3268304955         0.4943128954         0.6967436330E-01     0.3054303149         0.7379863122         0.5093325395         0.3115690645E-01     0.1534997453    
    0.2310424157         0.7314871637E-01     0.9532481191E-01     0.6694765252         0.9993025020         0.9399075487E-01     0.1116197678         0.8191768736         0.6255390417E-01     0.1603499101    
    0.7711629579         0.2109853899E-02     0.6075779659E-01     0.2901671637         0.4929645093         0.6484498301E-01     0.1412653185         0.3510766959         0.6449266711         0.3636920835E-01
    0.2267211901         0.3596143612         0.7977242328E-01     0.2576986608         0.5601907660         0.1232997836E-01     0.5886036394E-01     0.1303386706         0.3842162180         0.4237347900E-01
    0.3676259673         0.1062959547    

                         STEP LENGTH (VM)
    0.9528377663E-02     0.1199777384E-01     0.1351203234         0.2106453982         0.2568191948E-01     0.1178490348         0.3224465147         0.6818903032E-02     0.1405003102E-01     0.5251286296E-01
    0.9270408944E-01     0.3312281641E-01     0.3756413208E-01     0.3321268432         0.2878352521E-02     0.3385489234E-01     0.5028122872E-01     0.3297814807         0.2675613970E-01     0.7752526060E-01
    0.2868118694         0.7284875220E-03     0.2442654821E-01     0.9776705284E-01     0.2438539508         0.2784992530E-01     0.5455435464E-01     0.1667386140         0.1098106907E-01     0.1517963554E-01
    0.1080901887         0.1310616452         0.2932346221E-01     0.8980960516E-01     0.2260295962         0.5417292060E-02     0.2080089573E-01     0.4916271296E-01     0.1880648398         0.1672083035E-01
    0.1647852384         0.4430802484E-01
 

 INTERMEDIATE RESULTS BEFORE NEXT TEMPERATURE REDUCTION

  CURRENT TEMPERATURE:             0.50170E-02
  MIN FUNCTION VALUE SO FAR:   0.191309404016319316E-01
  TOTAL MOVES:                     840
     DOWNHILL:                     588
     ACCEPTED UPHILL:              134
     REJECTED UPHILL:              118
  TRIALS OUT OF BOUNDS:            392
  NEW MINIMA THIS TEMPERATURE:       0

                         CURRENT OPTIMAL X
    0.9995690870         0.3307331537E-01     0.3262805177         0.4682168693         0.6890540047E-01     0.3259937479         0.8242386930         0.5093325395         0.2974767055E-01     0.1534997453    
    0.2310424157         0.7314871637E-01     0.9532481191E-01     0.6694765252         0.9993025020         0.9399075487E-01     0.1116197678         0.8191768736         0.6255390417E-01     0.1603499101    
    0.7711629579         0.2109853899E-02     0.6075779659E-01     0.2901671637         0.4929645093         0.6484498301E-01     0.1412653185         0.3510766959         0.6449266711         0.3636920835E-01
    0.2267211901         0.3596143612         0.7977242328E-01     0.2576986608         0.5601907660         0.1232997836E-01     0.5886036394E-01     0.1303386706         0.3842162180         0.4237347900E-01
    0.3676259673         0.1062959547    

                         STEP LENGTH (VM)
    0.1270450069E-01     0.1199777384E-01     0.1351203234         0.2106453982         0.2568191948E-01     0.1178490348         0.3224465147         0.4196247605E-02     0.1405003102E-01     0.5251286296E-01
    0.9270408944E-01     0.3312281641E-01     0.3756413208E-01     0.3321268432         0.1475191588E-02     0.3385489234E-01     0.5028122872E-01     0.3297814807         0.2675613970E-01     0.7752526060E-01
    0.2868118694         0.7284875220E-03     0.2442654821E-01     0.9776705284E-01     0.2438539508         0.2784992530E-01     0.5455435464E-01     0.1667386140         0.8013211591E-02     0.1517963554E-01
    0.1080901887         0.1310616452         0.2932346221E-01     0.8980960516E-01     0.2260295962         0.5417292060E-02     0.2080089573E-01     0.4916271296E-01     0.1880648398         0.1672083035E-01
    0.1647852384         0.4430802484E-01
 

 INTERMEDIATE RESULTS BEFORE NEXT TEMPERATURE REDUCTION

  CURRENT TEMPERATURE:             0.37627E-02
  MIN FUNCTION VALUE SO FAR:   0.191140579941424908E-01
  TOTAL MOVES:                     840
     DOWNHILL:                     586
     ACCEPTED UPHILL:              153
     REJECTED UPHILL:              101
  TRIALS OUT OF BOUNDS:            407
  NEW MINIMA THIS TEMPERATURE:       0

                         CURRENT OPTIMAL X
    0.9995690870         0.3307331537E-01     0.3282641844         0.6018738158         0.6890540047E-01     0.3259937479         0.8242386930         0.5093325395         0.2974767055E-01     0.1534997453    
    0.2310424157         0.7314871637E-01     0.9532481191E-01     0.6694765252         0.9993025020         0.9399075487E-01     0.1116197678         0.8191768736         0.6255390417E-01     0.1603499101    
    0.7711629579         0.2109853899E-02     0.6075779659E-01     0.2901671637         0.4929645093         0.6484498301E-01     0.1412653185         0.3510766959         0.6449266711         0.3636920835E-01
    0.2267211901         0.3596143612         0.7977242328E-01     0.2576986608         0.5601907660         0.1232997836E-01     0.5886036394E-01     0.1303386706         0.3842162180         0.4237347900E-01
    0.3676259673         0.1062959547    

                         STEP LENGTH (VM)
    0.7146281369E-02     0.1199777384E-01     0.1351203234         0.2106453982         0.2568191948E-01     0.1178490348         0.3224465147         0.2131427279E-02     0.1405003102E-01     0.5251286296E-01
    0.9270408944E-01     0.3312281641E-01     0.3756413208E-01     0.3321268432         0.9568808901E-03     0.3385489234E-01     0.5028122872E-01     0.3297814807         0.2675613970E-01     0.7752526060E-01
    0.2868118694         0.7284875220E-03     0.2442654821E-01     0.9776705284E-01     0.2438539508         0.2784992530E-01     0.5455435464E-01     0.1667386140         0.3434233439E-02     0.1517963554E-01
    0.1080901887         0.1310616452         0.2932346221E-01     0.8980960516E-01     0.2260295962         0.5417292060E-02     0.2080089573E-01     0.4916271296E-01     0.1880648398         0.1672083035E-01
    0.1647852384         0.4430802484E-01
 

 INTERMEDIATE RESULTS BEFORE NEXT TEMPERATURE REDUCTION

  CURRENT TEMPERATURE:             0.28220E-02
  MIN FUNCTION VALUE SO FAR:   0.191140579941424908E-01
  TOTAL MOVES:                     840
     DOWNHILL:                     569
     ACCEPTED UPHILL:              146
     REJECTED UPHILL:              125
  TRIALS OUT OF BOUNDS:            383
  NEW MINIMA THIS TEMPERATURE:       0

                         CURRENT OPTIMAL X
    0.9995690870         0.3307331537E-01     0.3282641844         0.6018738158         0.6890540047E-01     0.3259937479         0.8242386930         0.5093325395         0.2974767055E-01     0.1534997453    
    0.2310424157         0.7314871637E-01     0.9532481191E-01     0.6694765252         0.9993025020         0.9399075487E-01     0.1116197678         0.8191768736         0.6255390417E-01     0.1603499101    
    0.7711629579         0.2109853899E-02     0.6075779659E-01     0.2901671637         0.4929645093         0.6484498301E-01     0.1412653185         0.3510766959         0.6449266711         0.3636920835E-01
    0.2267211901         0.3596143612         0.7977242328E-01     0.2576986608         0.5601907660         0.1232997836E-01     0.5886036394E-01     0.1303386706         0.3842162180         0.4237347900E-01
    0.3676259673         0.1062959547    

                         STEP LENGTH (VM)
    0.2766302092E-02     0.1199777384E-01     0.1351203234         0.2106453982         0.2568191948E-01     0.1178490348         0.3224465147         0.1198927800E-02     0.7174483868E-02     0.5251286296E-01
    0.9270408944E-01     0.3312281641E-01     0.3756413208E-01     0.3321268432         0.6151376423E-03     0.3385489234E-01     0.5028122872E-01     0.3297814807         0.2675613970E-01     0.7752526060E-01
    0.2868118694         0.7284875220E-03     0.2442654821E-01     0.9776705284E-01     0.2438539508         0.2784992530E-01     0.5455435464E-01     0.1667386140         0.2411971728E-02     0.1517963554E-01
    0.1080901887         0.1310616452         0.2932346221E-01     0.8980960516E-01     0.2260295962         0.5417292060E-02     0.1848968464E-01     0.4916271296E-01     0.1880648398         0.1672083035E-01
    0.1647852384         0.4430802484E-01
 

 INTERMEDIATE RESULTS BEFORE NEXT TEMPERATURE REDUCTION

  CURRENT TEMPERATURE:             0.21165E-02
  MIN FUNCTION VALUE SO FAR:   0.191140579941424908E-01
  TOTAL MOVES:                     840
     DOWNHILL:                     577
     ACCEPTED UPHILL:              133
     REJECTED UPHILL:              130
  TRIALS OUT OF BOUNDS:            367
  NEW MINIMA THIS TEMPERATURE:       0

                         CURRENT OPTIMAL X
    0.9995690870         0.3307331537E-01     0.3282641844         0.6018738158         0.6890540047E-01     0.3259937479         0.8242386930         0.5093325395         0.2974767055E-01     0.1534997453    
    0.2310424157         0.7314871637E-01     0.9532481191E-01     0.6694765252         0.9993025020         0.9399075487E-01     0.1116197678         0.8191768736         0.6255390417E-01     0.1603499101    
    0.7711629579         0.2109853899E-02     0.6075779659E-01     0.2901671637         0.4929645093         0.6484498301E-01     0.1412653185         0.3510766959         0.6449266711         0.3636920835E-01
    0.2267211901         0.3596143612         0.7977242328E-01     0.2576986608         0.5601907660         0.1232997836E-01     0.5886036394E-01     0.1303386706         0.3842162180         0.4237347900E-01
    0.3676259673         0.1062959547    

                         STEP LENGTH (VM)
    0.1844201315E-02     0.1199777384E-01     0.1351203234         0.2106453982         0.2568191948E-01     0.1178490348         0.3224465147         0.6122184462E-03     0.1106066048E-01     0.5251286296E-01
    0.9270408944E-01     0.3312281641E-01     0.3756413208E-01     0.3321268432         0.4613532232E-03     0.3385489234E-01     0.5028122872E-01     0.3297814807         0.2675613970E-01     0.7752526060E-01
    0.2868118694         0.7284875220E-03     0.2442654821E-01     0.9776705284E-01     0.2438539508         0.2784992530E-01     0.5455435464E-01     0.1667386140         0.1378269544E-02     0.1517963554E-01
    0.1080901887         0.1310616452         0.2932346221E-01     0.8980960516E-01     0.2260295962         0.4815370600E-02     0.2080089573E-01     0.4916271296E-01     0.1880648398         0.1672083035E-01
    0.1647852384         0.4430802484E-01
 

 INTERMEDIATE RESULTS BEFORE NEXT TEMPERATURE REDUCTION

  CURRENT TEMPERATURE:             0.15874E-02
  MIN FUNCTION VALUE SO FAR:   0.186139842579236409E-01
  TOTAL MOVES:                     840
     DOWNHILL:                     591
     ACCEPTED UPHILL:              139
     REJECTED UPHILL:              110
  TRIALS OUT OF BOUNDS:            370
  NEW MINIMA THIS TEMPERATURE:       3

                         CURRENT OPTIMAL X
    0.9993473478         0.3502885296E-01     0.3942279141         0.4713710605         0.7066328586E-01     0.3217871176         0.9553579764         0.5093756968         0.2870887650E-01     0.1373209681    
    0.1999117478         0.8023637280E-01     0.1022495116         0.8305666801         0.9999154672         0.9653930713E-01     0.1067530259         0.9354046261         0.5842270381E-01     0.1948091560    
    0.7789424396         0.1652280568E-02     0.6464362499E-01     0.2826197167         0.5662719469         0.6820399068E-01     0.1278998428         0.4939704446         0.6449956470         0.4308989483E-01
    0.2387434644         0.3133308149         0.8517344115E-01     0.2049506477         0.4915180468         0.1437836421E-01     0.4781317611E-01     0.1336262210         0.5047594642         0.3372229834E-01
    0.4073709537         0.1296143417    

                         STEP LENGTH (VM)
    0.9930313544E-03     0.1199777384E-01     0.1351203234         0.2106453982         0.2568191948E-01     0.1178490348         0.3224465147         0.3061092041E-03     0.5530329897E-02     0.5251286296E-01
    0.9270408944E-01     0.3312281641E-01     0.3756413208E-01     0.3321268432         0.2244421012E-03     0.3385489234E-01     0.5028122872E-01     0.3297814807         0.2675613970E-01     0.7752526060E-01
    0.2868118694         0.7284875220E-03     0.2442654821E-01     0.9776705284E-01     0.2438539508         0.2784992530E-01     0.5455435464E-01     0.1667386140         0.5108643743E-03     0.1517963554E-01
    0.1080901887         0.1310616452         0.2932346221E-01     0.8980960516E-01     0.2260295962         0.1834426796E-02     0.2080089573E-01     0.4916271296E-01     0.1880648398         0.1672083035E-01
    0.1647852384         0.4430802484E-01
 

 INTERMEDIATE RESULTS BEFORE NEXT TEMPERATURE REDUCTION

  CURRENT TEMPERATURE:             0.11905E-02
  MIN FUNCTION VALUE SO FAR:   0.186116554143778666E-01
  TOTAL MOVES:                     840
     DOWNHILL:                     577
     ACCEPTED UPHILL:              141
     REJECTED UPHILL:              122
  TRIALS OUT OF BOUNDS:            343
  NEW MINIMA THIS TEMPERATURE:       0

                         CURRENT OPTIMAL X
    0.9993473478         0.3421395379E-01     0.3942279141         0.4713710605         0.7066328586E-01     0.3217871176         0.9553579764         0.5093756968         0.2870887650E-01     0.1373209681    
    0.1999117478         0.8023637280E-01     0.1022495116         0.8305666801         0.9999154672         0.9653930713E-01     0.1067530259         0.9354046261         0.5842270381E-01     0.1948091560    
    0.7789424396         0.1652280568E-02     0.6464362499E-01     0.2826197167         0.5662719469         0.6820399068E-01     0.1278998428         0.4939704446         0.6449956470         0.4308989483E-01
    0.2387434644         0.3133308149         0.8517344115E-01     0.2049506477         0.4915180468         0.1437836421E-01     0.4781317611E-01     0.1336262210         0.5047594642         0.3372229834E-01
    0.4073709537         0.1296143417    

                         STEP LENGTH (VM)
    0.5431965186E-03     0.1199777384E-01     0.1351203234         0.2106453982         0.2568191948E-01     0.1178490348         0.3224465147         0.2003461007E-03     0.3781145519E-02     0.3688145574E-01
    0.9270408944E-01     0.3312281641E-01     0.3756413208E-01     0.3321268432         0.1200429777E-03     0.3385489234E-01     0.5028122872E-01     0.3297814807         0.2675613970E-01     0.7752526060E-01
    0.2868118694         0.7284875220E-03     0.2442654821E-01     0.9776705284E-01     0.2438539508         0.2784992530E-01     0.5455435464E-01     0.1667386140         0.2934752166E-03     0.1517963554E-01
    0.1080901887         0.1310616452         0.2932346221E-01     0.8980960516E-01     0.2260295962         0.1439070838E-03     0.2080089573E-01     0.4916271296E-01     0.1880648398         0.1672083035E-01
    0.1647852384         0.4430802484E-01
 

 INTERMEDIATE RESULTS BEFORE NEXT TEMPERATURE REDUCTION

  CURRENT TEMPERATURE:             0.89291E-03
  MIN FUNCTION VALUE SO FAR:   0.185563670034862745E-01
  TOTAL MOVES:                     840
     DOWNHILL:                     586
     ACCEPTED UPHILL:              130
     REJECTED UPHILL:              124
  TRIALS OUT OF BOUNDS:            355
  NEW MINIMA THIS TEMPERATURE:       1

                         CURRENT OPTIMAL X
    0.9998628877         0.3408806496E-01     0.3882904200         0.4955223487         0.6200387415E-01     0.2700337731         0.6718152273         0.5093258292         0.2870887650E-01     0.1373209681    
    0.1999117478         0.7198247539E-01     0.9593004631E-01     0.8767466433         0.9999154672         0.1013654267         0.1305581854         0.9660212099         0.7699472785E-01     0.2143287644    
    0.8748232149         0.2011664928E-02     0.7308265943E-01     0.2422947560         0.7019549452         0.6073423457E-01     0.1430065090         0.3542553328         0.6450032622         0.4308989483E-01
    0.3005605021         0.3133308149         0.8517344115E-01     0.2049506477         0.4915180468         0.1437836421E-01     0.4781317611E-01     0.1336262210         0.5047594642         0.3372229834E-01
    0.4073709537         0.1296143417    

                         STEP LENGTH (VM)
    0.4387356144E-03     0.1199777384E-01     0.1351203234         0.2106453982         0.2568191948E-01     0.1178490348         0.3224465147         0.2003460742E-03     0.1635089860E-02     0.1405007762E-01
    0.6180271670E-01     0.3312281641E-01     0.3756413208E-01     0.3321268432         0.6232999587E-04     0.3385489234E-01     0.5028122872E-01     0.3297814807         0.2675613970E-01     0.7752526060E-01
    0.2868118694         0.7284875220E-03     0.2442654821E-01     0.9776705284E-01     0.2438539508         0.2784992530E-01     0.5455435464E-01     0.1667386140         0.1296083614E-03     0.1517963554E-01
    0.1080901887         0.1310616452         0.2932346221E-01     0.8980960516E-01     0.2260295962         0.2610632066E-04     0.2080089573E-01     0.4916271296E-01     0.1880648398         0.1672083035E-01
    0.1647852384         0.4430802484E-01
 

 INTERMEDIATE RESULTS BEFORE NEXT TEMPERATURE REDUCTION

  CURRENT TEMPERATURE:             0.66968E-03
  MIN FUNCTION VALUE SO FAR:   0.185153283508355977E-01
  TOTAL MOVES:                     840
     DOWNHILL:                     595
     ACCEPTED UPHILL:              150
     REJECTED UPHILL:               95
  TRIALS OUT OF BOUNDS:            343
  NEW MINIMA THIS TEMPERATURE:       3

                         CURRENT OPTIMAL X
    0.9997802681         0.2555551997E-01     0.2999013706         0.5828863683         0.7701531773E-01     0.2520738662         0.8080131942         0.5091083687         0.3121353585E-01     0.1180079032    
    0.2166392534         0.6728616983E-01     0.9862249140E-01     0.9669042510         0.9998939483         0.9651598616E-01     0.1354495206         0.9994500895         0.8005210174E-01     0.1571365833    
    0.8350828879         0.1773655526E-02     0.7146139492E-01     0.2705945473         0.6230793022         0.5836240996E-01     0.1103082783         0.3566499992         0.6447583646         0.3790641687E-01
    0.2367200063         0.3641051627         0.7172897549E-01     0.2506643151         0.6646003966         0.1437842170E-01     0.4269932246E-01     0.1048693579         0.4459303517         0.3486350299E-01
    0.4774862043         0.1222626900    

                         STEP LENGTH (VM)
    0.1807213243E-02     0.1199777384E-01     0.1351203234         0.2106453982         0.2568191948E-01     0.1178490348         0.3224465147         0.2544936163E-03     0.1635089860E-02     0.8891063454E-02
    0.8799641783E-01     0.3312281641E-01     0.3756413208E-01     0.3321268432         0.4155332877E-04     0.3385489234E-01     0.5028122872E-01     0.3297814807         0.2675613970E-01     0.7752526060E-01
    0.2868118694         0.7284875220E-03     0.2442654821E-01     0.9776705284E-01     0.2438539508         0.2784992530E-01     0.5455435464E-01     0.1667386140         0.2247894339E-03     0.1517963554E-01
    0.1080901887         0.1310616452         0.2932346221E-01     0.8980960516E-01     0.2260295962         0.8169111820E-06     0.2080089573E-01     0.4916271296E-01     0.1880648398         0.1672083035E-01
    0.1647852384         0.4430802484E-01
 

  SA ACHIEVED TERMINATION CRITERIA. IER = 0. 


  ****   RESULTS AFTER SA   ****   

                         SOLUTION
    0.9997802681         0.2555551997E-01     0.2999013706         0.5828863683         0.7701531773E-01     0.2520738662         0.8080131942         0.5091083687         0.3121353585E-01     0.1180079032    
    0.2166392534         0.6728616983E-01     0.9862249140E-01     0.9669042510         0.9998939483         0.9651598616E-01     0.1354495206         0.9994500895         0.8005210174E-01     0.1571365833    
    0.8350828879         0.1773655526E-02     0.7146139492E-01     0.2705945473         0.6230793022         0.5836240996E-01     0.1103082783         0.3566499992         0.6447583646         0.3790641687E-01
    0.2367200063         0.3641051627         0.7172897549E-01     0.2506643151         0.6646003966         0.1437842170E-01     0.4269932246E-01     0.1048693579         0.4459303517         0.3486350299E-01
    0.4774862043         0.1222626900    

                         FINAL STEP LENGTH
    0.1807213243E-02     0.1199777384E-01     0.1351203234         0.2106453982         0.2568191948E-01     0.1178490348         0.3224465147         0.2544936163E-03     0.1635089860E-02     0.8891063454E-02
    0.8799641783E-01     0.3312281641E-01     0.3756413208E-01     0.3321268432         0.4155332877E-04     0.3385489234E-01     0.5028122872E-01     0.3297814807         0.2675613970E-01     0.7752526060E-01
    0.2868118694         0.7284875220E-03     0.2442654821E-01     0.9776705284E-01     0.2438539508         0.2784992530E-01     0.5455435464E-01     0.1667386140         0.2247894339E-03     0.1517963554E-01
    0.1080901887         0.1310616452         0.2932346221E-01     0.8980960516E-01     0.2260295962         0.8169111820E-06     0.2080089573E-01     0.4916271296E-01     0.1880648398         0.1672083035E-01
    0.1647852384         0.4430802484E-01

 OPTIMAL FUNCTION VALUE:  0.1851532835084E-01
 NUMBER OF FUNCTION EVALUATIONS:          26881
 NUMBER OF ACCEPTED EVALUATIONS:          25184
 NUMBER OF OUT OF BOUND EVALUATIONS:      12845
 FINAL TEMP:  0.6696828381376E-03  IER:   0
