
 SIMULATED PARALLEL ANNEALING by NEIGHBORHOOD EXAMPLE

 NUMBER OF PARAMETERS:  42   MAXIMAZATION:     F
 INITIAL TEMP:  5.0       RT: 0.75       EPS: 0.10E-02
 NS:  24   NT:   5   NEPS:  4
 MAXEVL:  100000000   IPRINT: 1   ISEED1:    7 ISEED2:    8

                         STARTING VALUES
    0.9999469302         0.3628501843E-01     0.2575178515         0.6132524105         0.8932204440E-01     0.2979302057         0.8334406771         0.5238826043         0.5303820344E-01     0.1839149770    
    0.2807643802         0.9757932525E-01     0.1151194175         0.8640935597         0.9999770232         0.1080232722         0.1544350381         0.7829680960         0.7473010828E-01     0.1546251167    
    0.7363914065         0.1551796142E-02     0.6486700060E-01     0.2375765311         0.6000749795         0.8021148918E-01     0.1519541132         0.3959470201         0.7325751210         0.2847953551E-01
    0.2866950525         0.4135466957         0.6056292674E-01     0.2975686431         0.5145019110         0.1845680626E-01     0.4272960804E-01     0.1190840193         0.4298805270         0.5173457521E-01
    0.3462010767         0.1175330536    

                         INITIAL STEP LENGTH
    0.1500451093         0.1088550553E-01     0.7725535545E-01     0.1839757231         0.2679661332E-01     0.8937906171E-01     0.2500322031         0.1571647813         0.1591146103E-01     0.5517449310E-01
    0.8422931406E-01     0.2927379757E-01     0.3453582525E-01     0.2592280679         0.1500195303         0.3240698166E-01     0.4633051143E-01     0.2348904288         0.2241903248E-01     0.4638753501E-01
    0.2209174219         0.4655388426E-03     0.1946010018E-01     0.7127295933E-01     0.1800224939         0.2406344675E-01     0.4558623396E-01     0.1187841060         0.2197725363         0.8543860653E-02
    0.8600851575E-01     0.1240640087         0.1816887802E-01     0.8927059293E-01     0.1543505733         0.5537041878E-02     0.1281888241E-01     0.3572520579E-01     0.1289641581         0.1552037256E-01
    0.1038603230         0.3525991608E-01

                         LOWER BOUND
    0.8499548907         0.3084226567E-01     0.2188901738         0.5212645489         0.7592373774E-01     0.2532406748         0.7084245755         0.4453002137         0.4508247292E-01     0.1563277305    
    0.2386497232         0.8294242646E-01     0.9785150487E-01     0.7344795257         0.8499804697         0.9181978137E-01     0.1312697824         0.6655228816         0.6352059204E-01     0.1314313492    
    0.6259326955         0.1319026721E-02     0.5513695051E-01     0.2019400514         0.5100637326         0.6817976580E-01     0.1291609962         0.3365549671         0.6226888528         0.2420760518E-01
    0.2436907946         0.3515146913         0.5147848773E-01     0.2529333466         0.4373266243         0.1568828532E-01     0.3632016683E-01     0.1012214164         0.3653984479         0.4397438893E-01
    0.2942709152         0.9990309556E-01

                         UPPER BOUND
     1.000000000         0.4172777119E-01     0.2961455292         0.7052402721         0.1027203511         0.3426197366         0.9584567787         0.6024649949         0.6099393396E-01     0.2115022235    
    0.3228790372         0.1122162240         0.1323873301         0.9937075937          1.000000000         0.1242267630         0.1776002938         0.9004133104         0.8593962452E-01     0.1778188842    
    0.8468501175         0.1784565563E-02     0.7459705069E-01     0.2732130108         0.6900862264         0.9224321256E-01     0.1747472302         0.4553390731         0.8424613891         0.3275146584E-01
    0.3296993104         0.4755787001         0.6964736575E-01     0.3422039396         0.5916771976         0.2122532720E-01     0.4913904925E-01     0.1369466222         0.4943626060         0.5949476149E-01
    0.3981312382         0.1351630116    

                         C VECTOR
     2.000000000          2.000000000          2.000000000          2.000000000          2.000000000          2.000000000          2.000000000          2.000000000          2.000000000          2.000000000    
     2.000000000          2.000000000          2.000000000          2.000000000          2.000000000          2.000000000          2.000000000          2.000000000          2.000000000          2.000000000    
     2.000000000          2.000000000          2.000000000          2.000000000          2.000000000          2.000000000          2.000000000          2.000000000          2.000000000          2.000000000    
     2.000000000          2.000000000          2.000000000          2.000000000          2.000000000          2.000000000          2.000000000          2.000000000          2.000000000          2.000000000    
     2.000000000          2.000000000    

  ****   END OF DRIVER ROUTINE OUTPUT   ****
  ****   BEFORE CALL TO SA.             ****
  

                         INITIAL X
    0.9999469302         0.3628501843E-01     0.2575178515         0.6132524105         0.8932204440E-01     0.2979302057         0.8334406771         0.5238826043         0.5303820344E-01     0.1839149770    
    0.2807643802         0.9757932525E-01     0.1151194175         0.8640935597         0.9999770232         0.1080232722         0.1544350381         0.7829680960         0.7473010828E-01     0.1546251167    
    0.7363914065         0.1551796142E-02     0.6486700060E-01     0.2375765311         0.6000749795         0.8021148918E-01     0.1519541132         0.3959470201         0.7325751210         0.2847953551E-01
    0.2866950525         0.4135466957         0.6056292674E-01     0.2975686431         0.5145019110         0.1845680626E-01     0.4272960804E-01     0.1190840193         0.4298805270         0.5173457521E-01
    0.3462010767         0.1175330536    
  INITIAL F: 
 0.830188200376894558E-01

 INTERMEDIATE RESULTS BEFORE NEXT TEMPERATURE REDUCTION

  CURRENT TEMPERATURE:              5.0000    
  MIN FUNCTION VALUE SO FAR:   0.214612798028951390E-01
  TOTAL MOVES:                     420
     DOWNHILL:                     316
     ACCEPTED UPHILL:              104
     REJECTED UPHILL:                0
  TRIALS OUT OF BOUNDS:            228
  NEW MINIMA THIS TEMPERATURE:       1

                         CURRENT OPTIMAL X
    0.9208931711         0.3591042613E-01     0.2702371739         0.5917053552         0.8802822722E-01     0.2729475213         0.8001757939         0.5802907228         0.5698860691E-01     0.1669688974    
    0.2706206847         0.1072364866         0.1273261276         0.9074344297         0.9926880258         0.1196596491         0.1339080746         0.8600752033         0.7303984163E-01     0.1640719962    
    0.7990748020         0.1328976892E-02     0.6045056818E-01     0.2318087932         0.5309732633         0.8596215579E-01     0.1691619002         0.4335723447         0.7819064447         0.3016355373E-01
    0.2474134231         0.3638831969         0.6143917585E-01     0.3065529419         0.5290120673         0.1821446701E-01     0.4419978664E-01     0.1093256613         0.3926796699         0.4773512189E-01
    0.3002305651         0.1283786389    

                         STEP LENGTH (VM)
    0.1500451093         0.1088550553E-01     0.7725535545E-01     0.1839757231         0.2679661332E-01     0.8937906171E-01     0.2500322031         0.1571647813         0.1591146103E-01     0.5517449310E-01
    0.8422931406E-01     0.2927379757E-01     0.3453582525E-01     0.2592280679         0.1500195303         0.3240698166E-01     0.4633051143E-01     0.2348904288         0.2241903248E-01     0.4638753501E-01
    0.2209174219         0.4655388426E-03     0.1946010018E-01     0.7127295933E-01     0.1800224939         0.2406344675E-01     0.4558623396E-01     0.1187841060         0.2197725363         0.8543860653E-02
    0.8600851575E-01     0.1240640087         0.1816887802E-01     0.8927059293E-01     0.1543505733         0.5537041878E-02     0.1281888241E-01     0.3572520579E-01     0.1289641581         0.1552037256E-01
    0.1038603230         0.3525991608E-01
 

 INTERMEDIATE RESULTS BEFORE NEXT TEMPERATURE REDUCTION

  CURRENT TEMPERATURE:              3.7500    
  MIN FUNCTION VALUE SO FAR:   0.164224546759799105E-01
  TOTAL MOVES:                     420
     DOWNHILL:                     317
     ACCEPTED UPHILL:              101
     REJECTED UPHILL:                2
  TRIALS OUT OF BOUNDS:            196
  NEW MINIMA THIS TEMPERATURE:       0

                         CURRENT OPTIMAL X
    0.9934161390         0.3840646500E-01     0.2868692039         0.6984946774         0.8655852610E-01     0.3332875042         0.8640673275         0.5929544701         0.4775694767E-01     0.1881477635    
    0.3096041521         0.1064385089         0.1036604601         0.9661624514         0.9880085980         0.1144420764         0.1601654607         0.6675449546         0.7141069368E-01     0.1640352228    
    0.7162216172         0.1746040521E-02     0.7231546364E-01     0.2347373235         0.6540376288         0.8624599525E-01     0.1295532415         0.3610349963         0.8100264090         0.2702144875E-01
    0.2862512969         0.3707177439         0.6133961705E-01     0.3301142965         0.5170166328         0.1697178824E-01     0.4796769186E-01     0.1230587460         0.4624512791         0.4662583241E-01
    0.3819374079         0.1299235443    

                         STEP LENGTH (VM)
    0.1500451093         0.1088550553E-01     0.7725535545E-01     0.1839757231         0.2679661332E-01     0.8937906171E-01     0.2500322031         0.1571647813         0.1591146103E-01     0.5517449310E-01
    0.8422931406E-01     0.2927379757E-01     0.3453582525E-01     0.2592280679         0.1500195303         0.3240698166E-01     0.4633051143E-01     0.2348904288         0.2241903248E-01     0.4638753501E-01
    0.2209174219         0.4655388426E-03     0.1946010018E-01     0.7127295933E-01     0.1800224939         0.2406344675E-01     0.4558623396E-01     0.1187841060         0.2197725363         0.8543860653E-02
    0.8600851575E-01     0.1240640087         0.1816887802E-01     0.8927059293E-01     0.1543505733         0.5537041878E-02     0.1281888241E-01     0.3572520579E-01     0.1289641581         0.1552037256E-01
    0.1038603230         0.3525991608E-01
 

 INTERMEDIATE RESULTS BEFORE NEXT TEMPERATURE REDUCTION

  CURRENT TEMPERATURE:              2.8125    
  MIN FUNCTION VALUE SO FAR:   0.108233258069239564E-01
  TOTAL MOVES:                     420
     DOWNHILL:                     312
     ACCEPTED UPHILL:              108
     REJECTED UPHILL:                0
  TRIALS OUT OF BOUNDS:            214
  NEW MINIMA THIS TEMPERATURE:       0

                         CURRENT OPTIMAL X
    0.9955746519         0.3840646500E-01     0.2868692039         0.6984946774         0.8655852610E-01     0.3332875042         0.8640673275         0.5929544701         0.4775694767E-01     0.1881477635    
    0.3096041521         0.1064385089         0.1036604601         0.9661624514         0.9880085980         0.1144420764         0.1601654607         0.6675449546         0.7141069368E-01     0.1640352228    
    0.7162216172         0.1746040521E-02     0.7231546364E-01     0.2347373235         0.6540376288         0.8624599525E-01     0.1295532415         0.3610349963         0.8100264090         0.2702144875E-01
    0.2862512969         0.3707177439         0.6133961705E-01     0.3301142965         0.5170166328         0.1697178824E-01     0.4796769186E-01     0.1230587460         0.4624512791         0.4662583241E-01
    0.3819374079         0.1299235443    

                         STEP LENGTH (VM)
    0.1500451093         0.1088550553E-01     0.7725535545E-01     0.1839757231         0.2679661332E-01     0.8937906171E-01     0.2500322031         0.1571647813         0.1591146103E-01     0.5517449310E-01
    0.8422931406E-01     0.2927379757E-01     0.3453582525E-01     0.2592280679         0.1500195303         0.3240698166E-01     0.4633051143E-01     0.2348904288         0.2241903248E-01     0.4638753501E-01
    0.2209174219         0.4655388426E-03     0.1946010018E-01     0.7127295933E-01     0.1800224939         0.2406344675E-01     0.4558623396E-01     0.1187841060         0.2197725363         0.8543860653E-02
    0.8600851575E-01     0.1240640087         0.1816887802E-01     0.8927059293E-01     0.1543505733         0.5537041878E-02     0.1281888241E-01     0.3572520579E-01     0.1289641581         0.1552037256E-01
    0.1038603230         0.3525991608E-01
 

 INTERMEDIATE RESULTS BEFORE NEXT TEMPERATURE REDUCTION

  CURRENT TEMPERATURE:              2.1094    
  MIN FUNCTION VALUE SO FAR:   0.108233258069239564E-01
  TOTAL MOVES:                     420
     DOWNHILL:                     319
     ACCEPTED UPHILL:               99
     REJECTED UPHILL:                2
  TRIALS OUT OF BOUNDS:            191
  NEW MINIMA THIS TEMPERATURE:       0

                         CURRENT OPTIMAL X
    0.9955746519         0.3840646500E-01     0.2868692039         0.6984946774         0.8655852610E-01     0.3332875042         0.8640673275         0.5929544701         0.4775694767E-01     0.1881477635    
    0.3096041521         0.1064385089         0.1036604601         0.9661624514         0.9880085980         0.1144420764         0.1601654607         0.6675449546         0.7141069368E-01     0.1640352228    
    0.7162216172         0.1746040521E-02     0.7231546364E-01     0.2347373235         0.6540376288         0.8624599525E-01     0.1295532415         0.3610349963         0.8100264090         0.2702144875E-01
    0.2862512969         0.3707177439         0.6133961705E-01     0.3301142965         0.5170166328         0.1697178824E-01     0.4796769186E-01     0.1230587460         0.4624512791         0.4662583241E-01
    0.3819374079         0.1299235443    

                         STEP LENGTH (VM)
    0.1500451093         0.1088550553E-01     0.7725535545E-01     0.1839757231         0.2679661332E-01     0.8937906171E-01     0.2500322031         0.1571647813         0.1591146103E-01     0.5517449310E-01
    0.8422931406E-01     0.2927379757E-01     0.3453582525E-01     0.2592280679         0.1500195303         0.3240698166E-01     0.4633051143E-01     0.2348904288         0.2241903248E-01     0.4638753501E-01
    0.2209174219         0.4655388426E-03     0.1946010018E-01     0.7127295933E-01     0.1800224939         0.2406344675E-01     0.4558623396E-01     0.1187841060         0.2197725363         0.8543860653E-02
    0.8600851575E-01     0.1240640087         0.1816887802E-01     0.8927059293E-01     0.1543505733         0.5537041878E-02     0.1281888241E-01     0.3572520579E-01     0.1289641581         0.1552037256E-01
    0.1038603230         0.3525991608E-01
 

 INTERMEDIATE RESULTS BEFORE NEXT TEMPERATURE REDUCTION

  CURRENT TEMPERATURE:              1.5820    
  MIN FUNCTION VALUE SO FAR:   0.108233258069239564E-01
  TOTAL MOVES:                     420
     DOWNHILL:                     317
     ACCEPTED UPHILL:              101
     REJECTED UPHILL:                2
  TRIALS OUT OF BOUNDS:            219
  NEW MINIMA THIS TEMPERATURE:       0

                         CURRENT OPTIMAL X
    0.9955746519         0.3840646500E-01     0.2868692039         0.6984946774         0.8655852610E-01     0.3332875042         0.8640673275         0.5929544701         0.4775694767E-01     0.1881477635    
    0.3096041521         0.1064385089         0.1036604601         0.9661624514         0.9880085980         0.1144420764         0.1601654607         0.6675449546         0.7141069368E-01     0.1640352228    
    0.7162216172         0.1746040521E-02     0.7231546364E-01     0.2347373235         0.6540376288         0.8624599525E-01     0.1295532415         0.3610349963         0.8100264090         0.2702144875E-01
    0.2862512969         0.3707177439         0.6133961705E-01     0.3301142965         0.5170166328         0.1697178824E-01     0.4796769186E-01     0.1230587460         0.4624512791         0.4662583241E-01
    0.3819374079         0.1299235443    

                         STEP LENGTH (VM)
    0.1500451093         0.1088550553E-01     0.7725535545E-01     0.1839757231         0.2679661332E-01     0.8937906171E-01     0.2500322031         0.1571647813         0.1591146103E-01     0.5517449310E-01
    0.8422931406E-01     0.2927379757E-01     0.3453582525E-01     0.2592280679         0.1500195303         0.3240698166E-01     0.4633051143E-01     0.2348904288         0.2241903248E-01     0.4638753501E-01
    0.2209174219         0.4655388426E-03     0.1946010018E-01     0.7127295933E-01     0.1800224939         0.2406344675E-01     0.4558623396E-01     0.1187841060         0.2197725363         0.8543860653E-02
    0.8600851575E-01     0.1240640087         0.1816887802E-01     0.8927059293E-01     0.1543505733         0.5537041878E-02     0.1281888241E-01     0.3572520579E-01     0.1289641581         0.1552037256E-01
    0.1038603230         0.3525991608E-01
 

 INTERMEDIATE RESULTS BEFORE NEXT TEMPERATURE REDUCTION

  CURRENT TEMPERATURE:              1.1865    
  MIN FUNCTION VALUE SO FAR:   0.108233258069239564E-01
  TOTAL MOVES:                     420
     DOWNHILL:                     319
     ACCEPTED UPHILL:               97
     REJECTED UPHILL:                4
  TRIALS OUT OF BOUNDS:            210
  NEW MINIMA THIS TEMPERATURE:       0

                         CURRENT OPTIMAL X
    0.9955746519         0.3840646500E-01     0.2868692039         0.6984946774         0.8655852610E-01     0.3332875042         0.8640673275         0.5929544701         0.4775694767E-01     0.1881477635    
    0.3096041521         0.1064385089         0.1036604601         0.9661624514         0.9880085980         0.1144420764         0.1601654607         0.6675449546         0.7141069368E-01     0.1640352228    
    0.7162216172         0.1746040521E-02     0.7231546364E-01     0.2347373235         0.6540376288         0.8624599525E-01     0.1295532415         0.3610349963         0.8100264090         0.2702144875E-01
    0.2862512969         0.3707177439         0.6133961705E-01     0.3301142965         0.5170166328         0.1697178824E-01     0.4796769186E-01     0.1230587460         0.4624512791         0.4662583241E-01
    0.3819374079         0.1299235443    

                         STEP LENGTH (VM)
    0.1500451093         0.1088550553E-01     0.7725535545E-01     0.1839757231         0.2679661332E-01     0.8937906171E-01     0.2500322031         0.1571647813         0.1591146103E-01     0.5517449310E-01
    0.8422931406E-01     0.2927379757E-01     0.3453582525E-01     0.2592280679         0.1500195303         0.3240698166E-01     0.4633051143E-01     0.2348904288         0.2241903248E-01     0.4638753501E-01
    0.2209174219         0.4655388426E-03     0.1946010018E-01     0.7127295933E-01     0.1800224939         0.2406344675E-01     0.4558623396E-01     0.1187841060         0.2197725363         0.8543860653E-02
    0.8600851575E-01     0.1240640087         0.1816887802E-01     0.8927059293E-01     0.1543505733         0.5537041878E-02     0.1281888241E-01     0.3572520579E-01     0.1289641581         0.1552037256E-01
    0.1038603230         0.3525991608E-01
 

 INTERMEDIATE RESULTS BEFORE NEXT TEMPERATURE REDUCTION

  CURRENT TEMPERATURE:             0.88989    
  MIN FUNCTION VALUE SO FAR:   0.108233258069239564E-01
  TOTAL MOVES:                     420
     DOWNHILL:                     330
     ACCEPTED UPHILL:               86
     REJECTED UPHILL:                4
  TRIALS OUT OF BOUNDS:            192
  NEW MINIMA THIS TEMPERATURE:       0

                         CURRENT OPTIMAL X
    0.9955746519         0.3840646500E-01     0.2868692039         0.6984946774         0.8655852610E-01     0.3332875042         0.8640673275         0.5929544701         0.4775694767E-01     0.1881477635    
    0.3096041521         0.1064385089         0.1036604601         0.9661624514         0.9880085980         0.1144420764         0.1601654607         0.6675449546         0.7141069368E-01     0.1640352228    
    0.7162216172         0.1746040521E-02     0.7231546364E-01     0.2347373235         0.6540376288         0.8624599525E-01     0.1295532415         0.3610349963         0.8100264090         0.2702144875E-01
    0.2862512969         0.3707177439         0.6133961705E-01     0.3301142965         0.5170166328         0.1697178824E-01     0.4796769186E-01     0.1230587460         0.4624512791         0.4662583241E-01
    0.3819374079         0.1299235443    

                         STEP LENGTH (VM)
    0.1500451093         0.1088550553E-01     0.7725535545E-01     0.1839757231         0.2679661332E-01     0.8937906171E-01     0.2500322031         0.1571647813         0.1591146103E-01     0.5517449310E-01
    0.8422931406E-01     0.2927379757E-01     0.3453582525E-01     0.2592280679         0.1500195303         0.3240698166E-01     0.4633051143E-01     0.2348904288         0.2241903248E-01     0.4638753501E-01
    0.2209174219         0.4655388426E-03     0.1946010018E-01     0.7127295933E-01     0.1800224939         0.2406344675E-01     0.4558623396E-01     0.1187841060         0.2197725363         0.8543860653E-02
    0.8600851575E-01     0.1240640087         0.1816887802E-01     0.8927059293E-01     0.1543505733         0.5537041878E-02     0.1281888241E-01     0.3572520579E-01     0.1289641581         0.1552037256E-01
    0.1038603230         0.3525991608E-01
 

 INTERMEDIATE RESULTS BEFORE NEXT TEMPERATURE REDUCTION

  CURRENT TEMPERATURE:             0.66742    
  MIN FUNCTION VALUE SO FAR:   0.108233258069239564E-01
  TOTAL MOVES:                     420
     DOWNHILL:                     327
     ACCEPTED UPHILL:               87
     REJECTED UPHILL:                6
  TRIALS OUT OF BOUNDS:            213
  NEW MINIMA THIS TEMPERATURE:       0

                         CURRENT OPTIMAL X
    0.9955746519         0.3840646500E-01     0.2868692039         0.6984946774         0.8655852610E-01     0.3332875042         0.8640673275         0.5929544701         0.4775694767E-01     0.1881477635    
    0.3096041521         0.1064385089         0.1036604601         0.9661624514         0.9880085980         0.1144420764         0.1601654607         0.6675449546         0.7141069368E-01     0.1640352228    
    0.7162216172         0.1746040521E-02     0.7231546364E-01     0.2347373235         0.6540376288         0.8624599525E-01     0.1295532415         0.3610349963         0.8100264090         0.2702144875E-01
    0.2862512969         0.3707177439         0.6133961705E-01     0.3301142965         0.5170166328         0.1697178824E-01     0.4796769186E-01     0.1230587460         0.4624512791         0.4662583241E-01
    0.3819374079         0.1299235443    

                         STEP LENGTH (VM)
    0.1500451093         0.1088550553E-01     0.7725535545E-01     0.1839757231         0.2679661332E-01     0.8937906171E-01     0.2500322031         0.1571647813         0.1591146103E-01     0.5517449310E-01
    0.8422931406E-01     0.2927379757E-01     0.3453582525E-01     0.2592280679         0.1500195303         0.3240698166E-01     0.4633051143E-01     0.2348904288         0.2241903248E-01     0.4638753501E-01
    0.2209174219         0.4655388426E-03     0.1946010018E-01     0.7127295933E-01     0.1800224939         0.2406344675E-01     0.4558623396E-01     0.1187841060         0.2197725363         0.8543860653E-02
    0.8600851575E-01     0.1240640087         0.1816887802E-01     0.8927059293E-01     0.1543505733         0.5537041878E-02     0.1281888241E-01     0.3572520579E-01     0.1289641581         0.1552037256E-01
    0.1038603230         0.3525991608E-01
 

 INTERMEDIATE RESULTS BEFORE NEXT TEMPERATURE REDUCTION

  CURRENT TEMPERATURE:             0.50056    
  MIN FUNCTION VALUE SO FAR:   0.100336268013352763E-01
  TOTAL MOVES:                     420
     DOWNHILL:                     310
     ACCEPTED UPHILL:              100
     REJECTED UPHILL:               10
  TRIALS OUT OF BOUNDS:            186
  NEW MINIMA THIS TEMPERATURE:       0

                         CURRENT OPTIMAL X
    0.9976414325         0.3570627021E-01     0.2382525654         0.6135926795         0.8655852610E-01     0.3332875042         0.8640673275         0.5929544701         0.4775694767E-01     0.1881477635    
    0.3096041521         0.1064385089         0.1036604601         0.9661624514         0.9880085980         0.1144420764         0.1601654607         0.6675449546         0.7141069368E-01     0.1640352228    
    0.7162216172         0.1746040521E-02     0.7231546364E-01     0.2347373235         0.6540376288         0.8624599525E-01     0.1295532415         0.3610349963         0.8100264090         0.2702144875E-01
    0.2862512969         0.3707177439         0.6133961705E-01     0.3301142965         0.5170166328         0.1697178824E-01     0.4796769186E-01     0.1230587460         0.4624512791         0.4662583241E-01
    0.3819374079         0.1299235443    

                         STEP LENGTH (VM)
    0.1500451093         0.1088550553E-01     0.7725535545E-01     0.1839757231         0.2679661332E-01     0.8937906171E-01     0.2500322031         0.1571647813         0.1591146103E-01     0.5517449310E-01
    0.8422931406E-01     0.2927379757E-01     0.3453582525E-01     0.2592280679         0.1500195303         0.3240698166E-01     0.4633051143E-01     0.2348904288         0.2241903248E-01     0.4638753501E-01
    0.2209174219         0.4655388426E-03     0.1946010018E-01     0.7127295933E-01     0.1800224939         0.2406344675E-01     0.4558623396E-01     0.1187841060         0.2197725363         0.8543860653E-02
    0.8600851575E-01     0.1240640087         0.1816887802E-01     0.8927059293E-01     0.1543505733         0.5537041878E-02     0.1281888241E-01     0.3572520579E-01     0.1289641581         0.1552037256E-01
    0.1038603230         0.3525991608E-01
 

 INTERMEDIATE RESULTS BEFORE NEXT TEMPERATURE REDUCTION

  CURRENT TEMPERATURE:             0.37542    
  MIN FUNCTION VALUE SO FAR:   0.100336268013352763E-01
  TOTAL MOVES:                     420
     DOWNHILL:                     317
     ACCEPTED UPHILL:               94
     REJECTED UPHILL:                9
  TRIALS OUT OF BOUNDS:            215
  NEW MINIMA THIS TEMPERATURE:       0

                         CURRENT OPTIMAL X
    0.9976414325         0.3570627021E-01     0.2382525654         0.6135926795         0.8655852610E-01     0.3332875042         0.8640673275         0.5929544701         0.4775694767E-01     0.1881477635    
    0.3096041521         0.1064385089         0.1036604601         0.9661624514         0.9880085980         0.1144420764         0.1601654607         0.6675449546         0.7141069368E-01     0.1640352228    
    0.7162216172         0.1746040521E-02     0.7231546364E-01     0.2347373235         0.6540376288         0.8624599525E-01     0.1295532415         0.3610349963         0.8100264090         0.2702144875E-01
    0.2862512969         0.3707177439         0.6133961705E-01     0.3301142965         0.5170166328         0.1697178824E-01     0.4796769186E-01     0.1230587460         0.4624512791         0.4662583241E-01
    0.3819374079         0.1299235443    

                         STEP LENGTH (VM)
    0.1500451093         0.1088550553E-01     0.7725535545E-01     0.1839757231         0.2679661332E-01     0.8937906171E-01     0.2500322031         0.1571647813         0.1591146103E-01     0.5517449310E-01
    0.8422931406E-01     0.2927379757E-01     0.3453582525E-01     0.2592280679         0.1500195303         0.3240698166E-01     0.4633051143E-01     0.2348904288         0.2241903248E-01     0.4638753501E-01
    0.2209174219         0.4655388426E-03     0.1946010018E-01     0.7127295933E-01     0.1800224939         0.2406344675E-01     0.4558623396E-01     0.1187841060         0.2197725363         0.8543860653E-02
    0.8600851575E-01     0.1240640087         0.1816887802E-01     0.8927059293E-01     0.1543505733         0.5537041878E-02     0.1281888241E-01     0.3572520579E-01     0.1289641581         0.1552037256E-01
    0.1038603230         0.3525991608E-01
 

 INTERMEDIATE RESULTS BEFORE NEXT TEMPERATURE REDUCTION

  CURRENT TEMPERATURE:             0.28157    
  MIN FUNCTION VALUE SO FAR:   0.100203619298009101E-01
  TOTAL MOVES:                     420
     DOWNHILL:                     313
     ACCEPTED UPHILL:               90
     REJECTED UPHILL:               17
  TRIALS OUT OF BOUNDS:            209
  NEW MINIMA THIS TEMPERATURE:       0

                         CURRENT OPTIMAL X
    0.9976414325         0.3353789401E-01     0.2382525654         0.6135926795         0.8655852610E-01     0.3332875042         0.8640673275         0.5929544701         0.4775694767E-01     0.1881477635    
    0.3096041521         0.1064385089         0.1036604601         0.9661624514         0.9880085980         0.1144420764         0.1601654607         0.6675449546         0.7141069368E-01     0.1640352228    
    0.7162216172         0.1746040521E-02     0.7231546364E-01     0.2347373235         0.6540376288         0.8624599525E-01     0.1295532415         0.3610349963         0.8100264090         0.2702144875E-01
    0.2862512969         0.3707177439         0.6133961705E-01     0.3301142965         0.5170166328         0.1697178824E-01     0.4796769186E-01     0.1230587460         0.4624512791         0.4662583241E-01
    0.3819374079         0.1299235443    

                         STEP LENGTH (VM)
    0.1500451093         0.1088550553E-01     0.7725535545E-01     0.1839757231         0.2679661332E-01     0.8937906171E-01     0.2500322031         0.1571647813         0.1591146103E-01     0.5517449310E-01
    0.8422931406E-01     0.2927379757E-01     0.3453582525E-01     0.2592280679         0.1125146456         0.3240698166E-01     0.4633051143E-01     0.2348904288         0.2241903248E-01     0.4638753501E-01
    0.2209174219         0.4655388426E-03     0.1946010018E-01     0.7127295933E-01     0.1800224939         0.2406344675E-01     0.4558623396E-01     0.1187841060         0.2197725363         0.8543860653E-02
    0.8600851575E-01     0.1240640087         0.1816887802E-01     0.8927059293E-01     0.1543505733         0.5537041878E-02     0.1281888241E-01     0.3572520579E-01     0.1289641581         0.1552037256E-01
    0.1038603230         0.3525991608E-01
 

 INTERMEDIATE RESULTS BEFORE NEXT TEMPERATURE REDUCTION

  CURRENT TEMPERATURE:             0.21118    
  MIN FUNCTION VALUE SO FAR:   0.989979776384916459E-02
  TOTAL MOVES:                     420
     DOWNHILL:                     306
     ACCEPTED UPHILL:              107
     REJECTED UPHILL:                7
  TRIALS OUT OF BOUNDS:            208
  NEW MINIMA THIS TEMPERATURE:       0

                         CURRENT OPTIMAL X
    0.9986383517         0.3103706680E-01     0.2554379331         0.5374192013         0.9565225670E-01     0.3138997908         0.9379133738         0.5929544701         0.4915544248E-01     0.1628118651    
    0.3096041521         0.1064385089         0.1036604601         0.9661624514         0.9880085980         0.1144420764         0.1601654607         0.6675449546         0.7141069368E-01     0.1640352228    
    0.7162216172         0.1746040521E-02     0.7231546364E-01     0.2347373235         0.6540376288         0.8624599525E-01     0.1295532415         0.3610349963         0.8100264090         0.2702144875E-01
    0.2862512969         0.3707177439         0.6133961705E-01     0.3301142965         0.5170166328         0.1697178824E-01     0.4796769186E-01     0.1230587460         0.4624512791         0.4662583241E-01
    0.3819374079         0.1299235443    

                         STEP LENGTH (VM)
    0.1500451093         0.1088550553E-01     0.7725535545E-01     0.1839757231         0.2679661332E-01     0.8937906171E-01     0.2500322031         0.1571647813         0.1591146103E-01     0.5517449310E-01
    0.8422931406E-01     0.2927379757E-01     0.3453582525E-01     0.2592280679         0.1500195303         0.3240698166E-01     0.4633051143E-01     0.2348904288         0.2241903248E-01     0.4638753501E-01
    0.2209174219         0.4655388426E-03     0.1946010018E-01     0.7127295933E-01     0.1800224939         0.2406344675E-01     0.4558623396E-01     0.1187841060         0.2197725363         0.8543860653E-02
    0.8600851575E-01     0.1240640087         0.1816887802E-01     0.8927059293E-01     0.1543505733         0.5537041878E-02     0.1281888241E-01     0.3572520579E-01     0.1289641581         0.1552037256E-01
    0.1038603230         0.3525991608E-01
 

 INTERMEDIATE RESULTS BEFORE NEXT TEMPERATURE REDUCTION

  CURRENT TEMPERATURE:             0.15838    
  MIN FUNCTION VALUE SO FAR:   0.989979776384916459E-02
  TOTAL MOVES:                     420
     DOWNHILL:                     311
     ACCEPTED UPHILL:               89
     REJECTED UPHILL:               20
  TRIALS OUT OF BOUNDS:            190
  NEW MINIMA THIS TEMPERATURE:       0

                         CURRENT OPTIMAL X
    0.9986383517         0.3103706680E-01     0.2554379331         0.5374192013         0.9565225670E-01     0.3138997908         0.9379133738         0.5929544701         0.4915544248E-01     0.1628118651    
    0.3096041521         0.1064385089         0.1036604601         0.9661624514         0.9880085980         0.1144420764         0.1601654607         0.6675449546         0.7141069368E-01     0.1640352228    
    0.7162216172         0.1746040521E-02     0.7231546364E-01     0.2347373235         0.6540376288         0.8624599525E-01     0.1295532415         0.3610349963         0.8100264090         0.2702144875E-01
    0.2862512969         0.3707177439         0.6133961705E-01     0.3301142965         0.5170166328         0.1697178824E-01     0.4796769186E-01     0.1230587460         0.4624512791         0.4662583241E-01
    0.3819374079         0.1299235443    

                         STEP LENGTH (VM)
    0.1500451093         0.1088550553E-01     0.7725535545E-01     0.1839757231         0.2679661332E-01     0.8937906171E-01     0.2500322031         0.1571647813         0.1591146103E-01     0.5517449310E-01
    0.8422931406E-01     0.2927379757E-01     0.3453582525E-01     0.2592280679         0.1500195303         0.3240698166E-01     0.4633051143E-01     0.2348904288         0.2241903248E-01     0.4638753501E-01
    0.2209174219         0.4655388426E-03     0.1946010018E-01     0.7127295933E-01     0.1800224939         0.2406344675E-01     0.4558623396E-01     0.1187841060         0.2197725363         0.8543860653E-02
    0.8600851575E-01     0.1240640087         0.1816887802E-01     0.8927059293E-01     0.1543505733         0.5537041878E-02     0.1281888241E-01     0.3572520579E-01     0.1289641581         0.1552037256E-01
    0.1038603230         0.3525991608E-01
 

 INTERMEDIATE RESULTS BEFORE NEXT TEMPERATURE REDUCTION

  CURRENT TEMPERATURE:             0.11879    
  MIN FUNCTION VALUE SO FAR:   0.989979776384916459E-02
  TOTAL MOVES:                     420
     DOWNHILL:                     317
     ACCEPTED UPHILL:               90
     REJECTED UPHILL:               13
  TRIALS OUT OF BOUNDS:            224
  NEW MINIMA THIS TEMPERATURE:       0

                         CURRENT OPTIMAL X
    0.9986383517         0.3103706680E-01     0.2554379331         0.5374192013         0.9565225670E-01     0.3138997908         0.9379133738         0.5929544701         0.4915544248E-01     0.1628118651    
    0.3096041521         0.1064385089         0.1036604601         0.9661624514         0.9880085980         0.1144420764         0.1601654607         0.6675449546         0.7141069368E-01     0.1640352228    
    0.7162216172         0.1746040521E-02     0.7231546364E-01     0.2347373235         0.6540376288         0.8624599525E-01     0.1295532415         0.3610349963         0.8100264090         0.2702144875E-01
    0.2862512969         0.3707177439         0.6133961705E-01     0.3301142965         0.5170166328         0.1697178824E-01     0.4796769186E-01     0.1230587460         0.4624512791         0.4662583241E-01
    0.3819374079         0.1299235443    

                         STEP LENGTH (VM)
    0.1500451093         0.1088550553E-01     0.7725535545E-01     0.1839757231         0.2679661332E-01     0.8937906171E-01     0.2500322031         0.1571647813         0.1591146103E-01     0.5517449310E-01
    0.8422931406E-01     0.2927379757E-01     0.3453582525E-01     0.2592280679         0.8438598264E-01     0.3240698166E-01     0.4633051143E-01     0.2348904288         0.2241903248E-01     0.4638753501E-01
    0.2209174219         0.4655388426E-03     0.1946010018E-01     0.7127295933E-01     0.1800224939         0.2406344675E-01     0.4558623396E-01     0.1187841060         0.2197725363         0.8543860653E-02
    0.8600851575E-01     0.1240640087         0.1816887802E-01     0.8927059293E-01     0.1543505733         0.5537041878E-02     0.1281888241E-01     0.3572520579E-01     0.1289641581         0.1552037256E-01
    0.1038603230         0.3525991608E-01
 

 INTERMEDIATE RESULTS BEFORE NEXT TEMPERATURE REDUCTION

  CURRENT TEMPERATURE:             0.89090E-01
  MIN FUNCTION VALUE SO FAR:   0.873119732189558094E-02
  TOTAL MOVES:                     420
     DOWNHILL:                     312
     ACCEPTED UPHILL:               84
     REJECTED UPHILL:               24
  TRIALS OUT OF BOUNDS:            204
  NEW MINIMA THIS TEMPERATURE:       0

                         CURRENT OPTIMAL X
    0.9928016300         0.4045026453E-01     0.2527398003         0.5401495119         0.9795607773E-01     0.3074229794         0.7480127762         0.4685298379         0.5910637833E-01     0.1909573610    
    0.2458154334         0.1114414599         0.1100398552         0.7907940241         0.9963041680         0.9378127768E-01     0.1599513274         0.7353407090         0.6679183112E-01     0.1518377171    
    0.8100205485         0.1335016582E-02     0.5785455789E-01     0.2089077145         0.5339919195         0.6904423439E-01     0.1677523617         0.3706134301         0.6902301737         0.2785180791E-01
    0.3222399248         0.3536386528         0.5969003044E-01     0.3347949482         0.5408239891         0.1777363973E-01     0.4098468698E-01     0.1227095199         0.4333560037         0.5561511517E-01
    0.3137573669         0.1182191136    

                         STEP LENGTH (VM)
    0.1500451093         0.1088550553E-01     0.7725535545E-01     0.1839757231         0.2679661332E-01     0.8937906171E-01     0.2500322031         0.1571647813         0.1591146103E-01     0.5517449310E-01
    0.8422931406E-01     0.2927379757E-01     0.3453582525E-01     0.2592280679         0.2795073314E-01     0.3240698166E-01     0.4633051143E-01     0.2348904288         0.2241903248E-01     0.4638753501E-01
    0.2209174219         0.4655388426E-03     0.1946010018E-01     0.7127295933E-01     0.1800224939         0.2406344675E-01     0.4558623396E-01     0.1187841060         0.1302355682         0.8543860653E-02
    0.8600851575E-01     0.1240640087         0.1816887802E-01     0.8927059293E-01     0.1543505733         0.5537041878E-02     0.1281888241E-01     0.3572520579E-01     0.1289641581         0.1552037256E-01
    0.1038603230         0.3525991608E-01
 

 INTERMEDIATE RESULTS BEFORE NEXT TEMPERATURE REDUCTION

  CURRENT TEMPERATURE:             0.66817E-01
  MIN FUNCTION VALUE SO FAR:   0.749138464601882201E-02
  TOTAL MOVES:                     420
     DOWNHILL:                     310
     ACCEPTED UPHILL:               89
     REJECTED UPHILL:               21
  TRIALS OUT OF BOUNDS:            193
  NEW MINIMA THIS TEMPERATURE:       0

                         CURRENT OPTIMAL X
    0.9914719007         0.3180149040E-01     0.2839697456         0.5356152711         0.1025254955         0.3021122044         0.8021952210         0.5592538549         0.5986128620E-01     0.1873153356    
    0.3045996940         0.8494923749E-01     0.1314102055         0.9690387226         0.9980943203         0.9557233095E-01     0.1328056231         0.8683457964         0.7370003669E-01     0.1332988790    
    0.7061428323         0.1444614370E-02     0.5982985384E-01     0.2681011354         0.6613236012         0.8582682880E-01     0.1338247663         0.4520461258         0.7921706879         0.2945646963E-01
    0.3191985579         0.4523089561         0.5630700118E-01     0.2585959889         0.5356780733         0.1601392104E-01     0.4836204182E-01     0.1285952958         0.4093886113         0.5315655403E-01
    0.3369894712         0.1194653717    

                         STEP LENGTH (VM)
    0.1500451093         0.1088550553E-01     0.7725535545E-01     0.1839757231         0.2679661332E-01     0.8937906171E-01     0.2500322031         0.1178735838         0.1591146103E-01     0.5517449310E-01
    0.8422931406E-01     0.2927379757E-01     0.3453582525E-01     0.2592280679         0.1359765351E-01     0.3240698166E-01     0.4633051143E-01     0.2348904288         0.2241903248E-01     0.4638753501E-01
    0.2209174219         0.4655388426E-03     0.1946010018E-01     0.7127295933E-01     0.1800224939         0.2406344675E-01     0.4558623396E-01     0.1187841060         0.1147313104         0.8543860653E-02
    0.8600851575E-01     0.1240640087         0.1816887802E-01     0.8927059293E-01     0.1543505733         0.5537041878E-02     0.1281888241E-01     0.3572520579E-01     0.1289641581         0.1552037256E-01
    0.1038603230         0.3525991608E-01
 

 INTERMEDIATE RESULTS BEFORE NEXT TEMPERATURE REDUCTION

  CURRENT TEMPERATURE:             0.50113E-01
  MIN FUNCTION VALUE SO FAR:   0.749138464601882201E-02
  TOTAL MOVES:                     420
     DOWNHILL:                     313
     ACCEPTED UPHILL:               85
     REJECTED UPHILL:               22
  TRIALS OUT OF BOUNDS:            193
  NEW MINIMA THIS TEMPERATURE:       0

                         CURRENT OPTIMAL X
    0.9914719007         0.3180149040E-01     0.2839697456         0.5356152711         0.1025254955         0.3021122044         0.8021952210         0.5592538549         0.5986128620E-01     0.1873153356    
    0.3045996940         0.8494923749E-01     0.1314102055         0.9690387226         0.9980943203         0.9557233095E-01     0.1328056231         0.8683457964         0.7370003669E-01     0.1332988790    
    0.7061428323         0.1444614370E-02     0.5982985384E-01     0.2681011354         0.6613236012         0.8582682880E-01     0.1338247663         0.4520461258         0.7921706879         0.2945646963E-01
    0.3191985579         0.4523089561         0.5630700118E-01     0.2585959889         0.5356780733         0.1601392104E-01     0.4836204182E-01     0.1285952958         0.4093886113         0.5315655403E-01
    0.3369894712         0.1194653717    

                         STEP LENGTH (VM)
    0.1500451093         0.1088550553E-01     0.7725535545E-01     0.1839757231         0.2679661332E-01     0.8937906171E-01     0.2500322031         0.7645853975E-01     0.1591146103E-01     0.5517449310E-01
    0.8422931406E-01     0.2927379757E-01     0.3453582525E-01     0.2592280679         0.2751399720E-01     0.3240698166E-01     0.4633051143E-01     0.2348904288         0.2241903248E-01     0.4638753501E-01
    0.2209174219         0.4655388426E-03     0.1946010018E-01     0.7127295933E-01     0.1800224939         0.2406344675E-01     0.4558623396E-01     0.1187841060         0.6615138357E-01     0.8543860653E-02
    0.8600851575E-01     0.1240640087         0.1816887802E-01     0.8927059293E-01     0.1543505733         0.5537041878E-02     0.1281888241E-01     0.3572520579E-01     0.1289641581         0.1552037256E-01
    0.1038603230         0.3525991608E-01
 

 INTERMEDIATE RESULTS BEFORE NEXT TEMPERATURE REDUCTION

  CURRENT TEMPERATURE:             0.37585E-01
  MIN FUNCTION VALUE SO FAR:   0.749138464601882201E-02
  TOTAL MOVES:                     420
     DOWNHILL:                     294
     ACCEPTED UPHILL:               95
     REJECTED UPHILL:               31
  TRIALS OUT OF BOUNDS:            200
  NEW MINIMA THIS TEMPERATURE:       0

                         CURRENT OPTIMAL X
    0.9914719007         0.3180149040E-01     0.2839697456         0.5356152711         0.1025254955         0.3021122044         0.8021952210         0.5592538549         0.5986128620E-01     0.1873153356    
    0.3045996940         0.8494923749E-01     0.1314102055         0.9690387226         0.9980943203         0.9557233095E-01     0.1328056231         0.8683457964         0.7370003669E-01     0.1332988790    
    0.7061428323         0.1444614370E-02     0.5982985384E-01     0.2681011354         0.6613236012         0.8582682880E-01     0.1338247663         0.4520461258         0.7921706879         0.2945646963E-01
    0.3191985579         0.4523089561         0.5630700118E-01     0.2585959889         0.5356780733         0.1601392104E-01     0.4836204182E-01     0.1285952958         0.4093886113         0.5315655403E-01
    0.3369894712         0.1194653717    

                         STEP LENGTH (VM)
    0.1500451093         0.1088550553E-01     0.7725535545E-01     0.1839757231         0.2679661332E-01     0.8937906171E-01     0.2500322031         0.9318383597E-01     0.1591146103E-01     0.5517449310E-01
    0.8422931406E-01     0.2927379757E-01     0.3453582525E-01     0.2592280679         0.2063549752E-01     0.3240698166E-01     0.4633051143E-01     0.2348904288         0.2241903248E-01     0.4638753501E-01
    0.2209174219         0.4655388426E-03     0.1946010018E-01     0.7127295933E-01     0.1800224939         0.2406344675E-01     0.4558623396E-01     0.1187841060         0.8820183655E-01     0.8543860653E-02
    0.8600851575E-01     0.1240640087         0.1816887802E-01     0.8927059293E-01     0.1543505733         0.5537041878E-02     0.1281888241E-01     0.3572520579E-01     0.1289641581         0.1552037256E-01
    0.1038603230         0.3525991608E-01
 

 INTERMEDIATE RESULTS BEFORE NEXT TEMPERATURE REDUCTION

  CURRENT TEMPERATURE:             0.28189E-01
  MIN FUNCTION VALUE SO FAR:   0.742139657345598780E-02
  TOTAL MOVES:                     420
     DOWNHILL:                     290
     ACCEPTED UPHILL:               76
     REJECTED UPHILL:               54
  TRIALS OUT OF BOUNDS:            204
  NEW MINIMA THIS TEMPERATURE:       1

                         CURRENT OPTIMAL X
    0.9960638372         0.4043926887E-01     0.2579036628         0.5222636985         0.8793908096E-01     0.3256906801         0.8909933343         0.5592538549         0.5744379574E-01     0.1622907150    
    0.2873472604         0.9771745664E-01     0.1272659475         0.7801795772         0.9980943203         0.9902039173E-01     0.1500973159         0.7577046585         0.8359112981E-01     0.1535296777    
    0.7761433632         0.1538742908E-02     0.6788290264E-01     0.2106653050         0.6077521849         0.8611753278E-01     0.1577426372         0.4364277286         0.7921706879         0.2939263161E-01
    0.3243284843         0.3561863211         0.6295747866E-01     0.2739861644         0.5430423602         0.1668582848E-01     0.4364335864E-01     0.1124473104         0.4869602648         0.5621242766E-01
    0.3221723343         0.1121114001    

                         STEP LENGTH (VM)
    0.1333734272         0.1088550553E-01     0.7725535545E-01     0.1839757231         0.2679661332E-01     0.8937906171E-01     0.2500322031         0.3822926487E-01     0.1591146103E-01     0.5517449310E-01
    0.8422931406E-01     0.2927379757E-01     0.3453582525E-01     0.2592280679         0.6053327632E-02     0.3240698166E-01     0.4633051143E-01     0.2348904288         0.2241903248E-01     0.4638753501E-01
    0.2209174219         0.4655388426E-03     0.1946010018E-01     0.7127295933E-01     0.1800224939         0.2406344675E-01     0.4558623396E-01     0.1187841060         0.4480093126E-01     0.8543860653E-02
    0.8600851575E-01     0.1240640087         0.1816887802E-01     0.8927059293E-01     0.1543505733         0.5537041878E-02     0.1281888241E-01     0.3572520579E-01     0.1289641581         0.1552037256E-01
    0.1038603230         0.3525991608E-01
 

 INTERMEDIATE RESULTS BEFORE NEXT TEMPERATURE REDUCTION

  CURRENT TEMPERATURE:             0.21141E-01
  MIN FUNCTION VALUE SO FAR:   0.657940035371196337E-02
  TOTAL MOVES:                     420
     DOWNHILL:                     299
     ACCEPTED UPHILL:               76
     REJECTED UPHILL:               45
  TRIALS OUT OF BOUNDS:            195
  NEW MINIMA THIS TEMPERATURE:       2

                         CURRENT OPTIMAL X
    0.9970889906         0.3934951124E-01     0.2446447663         0.5278407986         0.1025563120         0.2839453995         0.9502527222         0.5551827905         0.4700900957E-01     0.2014952773    
    0.3020444966         0.1110622681         0.1226010342         0.9475022881         0.9992260265         0.1021382540         0.1755311634         0.7848007414         0.7122623648E-01     0.1643483906    
    0.7091894178         0.1665141834E-02     0.7006591570E-01     0.2143060799         0.6247211548         0.8650510892E-01     0.1712995320         0.4340301430         0.7904682484         0.2972999238E-01
    0.2627079364         0.4379246157         0.6488197526E-01     0.2921070473         0.4785417264         0.1761461841E-01     0.4665273229E-01     0.1058957323         0.3712909049         0.5583123475E-01
    0.3369123245         0.1075988467    

                         STEP LENGTH (VM)
    0.4058403578E-01     0.1088550553E-01     0.7725535545E-01     0.1839757231         0.2679661332E-01     0.8937906171E-01     0.2500322031         0.1843196241E-01     0.1591146103E-01     0.5517449310E-01
    0.8422931406E-01     0.2927379757E-01     0.3453582525E-01     0.2592280679         0.2483416148E-02     0.3240698166E-01     0.4633051143E-01     0.2348904288         0.2241903248E-01     0.4638753501E-01
    0.2209174219         0.4655388426E-03     0.1946010018E-01     0.7127295933E-01     0.1800224939         0.2406344675E-01     0.4558623396E-01     0.1187841060         0.2240046424E-01     0.8543860653E-02
    0.8600851575E-01     0.1240640087         0.1816887802E-01     0.8927059293E-01     0.1543505733         0.5537041878E-02     0.1281888241E-01     0.3572520579E-01     0.1289641581         0.1552037256E-01
    0.1038603230         0.3525991608E-01
 

 INTERMEDIATE RESULTS BEFORE NEXT TEMPERATURE REDUCTION

  CURRENT TEMPERATURE:             0.15856E-01
  MIN FUNCTION VALUE SO FAR:   0.622125943383765138E-02
  TOTAL MOVES:                     420
     DOWNHILL:                     306
     ACCEPTED UPHILL:               77
     REJECTED UPHILL:               37
  TRIALS OUT OF BOUNDS:            197
  NEW MINIMA THIS TEMPERATURE:       5

                         CURRENT OPTIMAL X
    0.9970889906         0.3916573108E-01     0.2688624083         0.6686171283         0.1008358692         0.3004827530         0.9010863116         0.5537643728         0.5811858683E-01     0.1923179602    
    0.2603693556         0.9708418620E-01     0.1083606992         0.9245565345         0.9996361347         0.1207011444         0.1619896945         0.8283907027         0.8452592609E-01     0.1565700668    
    0.8463544982         0.1538618346E-02     0.6045434833E-01     0.2303125901         0.5151902248         0.7694756138E-01     0.1355495813         0.4175576822         0.7904682484         0.2747142437E-01
    0.3065992133         0.4325168641         0.6138333789E-01     0.3300687971         0.5043963520         0.1700087474E-01     0.4218795553E-01     0.1044418201         0.3799274489         0.4517755986E-01
    0.3744615791         0.1134108343    

                         STEP LENGTH (VM)
    0.3687683328E-01     0.1088550553E-01     0.7725535545E-01     0.1839757231         0.2679661332E-01     0.8937906171E-01     0.2500322031         0.1115503967E-01     0.1591146103E-01     0.5517449310E-01
    0.8422931406E-01     0.2927379757E-01     0.3453582525E-01     0.2592280679         0.3632260480E-02     0.3240698166E-01     0.4633051143E-01     0.2348904288         0.2241903248E-01     0.4638753501E-01
    0.2209174219         0.4655388426E-03     0.1946010018E-01     0.7127295933E-01     0.1800224939         0.2406344675E-01     0.4558623396E-01     0.1187841060         0.1120023142E-01     0.8543860653E-02
    0.8600851575E-01     0.1240640087         0.1816887802E-01     0.8927059293E-01     0.1543505733         0.5537041878E-02     0.1281888241E-01     0.3572520579E-01     0.1289641581         0.1552037256E-01
    0.1038603230         0.3525991608E-01
 

 INTERMEDIATE RESULTS BEFORE NEXT TEMPERATURE REDUCTION

  CURRENT TEMPERATURE:             0.11892E-01
  MIN FUNCTION VALUE SO FAR:   0.594327587117966013E-02
  TOTAL MOVES:                     420
     DOWNHILL:                     287
     ACCEPTED UPHILL:               74
     REJECTED UPHILL:               59
  TRIALS OUT OF BOUNDS:            203
  NEW MINIMA THIS TEMPERATURE:       0

                         CURRENT OPTIMAL X
    0.9970889906         0.3737725393E-01     0.2289219313         0.6446724649         0.8492541517E-01     0.2942900896         0.7969885317         0.5420006895         0.5035834938E-01     0.1580582739    
    0.2760426843         0.9439194405E-01     0.1296790416         0.9557329398         0.9999624142         0.1188802014         0.1513616584         0.7999728689         0.6913454375E-01     0.1501522237    
    0.8121306863         0.1514662038E-02     0.7180706826E-01     0.2643107899         0.6104303834         0.6837333514E-01     0.1512733717         0.3968487397         0.7794706680         0.2694975702E-01
    0.3018971298         0.3608181890         0.5215197295E-01     0.3296509542         0.5576893483         0.1799584826E-01     0.4333112198E-01     0.1336393693         0.4671401502         0.4872857206E-01
    0.3153692271         0.1118683521    

                         STEP LENGTH (VM)
    0.2371627318E-01     0.1088550553E-01     0.7725535545E-01     0.1839757231         0.2679661332E-01     0.8937906171E-01     0.2500322031         0.1322078620E-01     0.1591146103E-01     0.5517449310E-01
    0.8422931406E-01     0.2927379757E-01     0.3453582525E-01     0.2592280679         0.2946354683E-03     0.3240698166E-01     0.4633051143E-01     0.2348904288         0.2241903248E-01     0.4638753501E-01
    0.2209174219         0.4655388426E-03     0.1946010018E-01     0.7127295933E-01     0.1800224939         0.2406344675E-01     0.4558623396E-01     0.1187841060         0.8849565130E-02     0.8543860653E-02
    0.8600851575E-01     0.1240640087         0.1816887802E-01     0.8927059293E-01     0.1543505733         0.5537041878E-02     0.1281888241E-01     0.3572520579E-01     0.1289641581         0.1552037256E-01
    0.1038603230         0.3525991608E-01
 

 INTERMEDIATE RESULTS BEFORE NEXT TEMPERATURE REDUCTION

  CURRENT TEMPERATURE:             0.89190E-02
  MIN FUNCTION VALUE SO FAR:   0.572535564852888652E-02
  TOTAL MOVES:                     420
     DOWNHILL:                     291
     ACCEPTED UPHILL:               64
     REJECTED UPHILL:               65
  TRIALS OUT OF BOUNDS:            200
  NEW MINIMA THIS TEMPERATURE:       1

                         CURRENT OPTIMAL X
    0.9993762981         0.3106035967E-01     0.2471057715         0.6401378184         0.9040224371E-01     0.3030053176         0.9541896094         0.5387493598         0.6001234782E-01     0.2021890521    
    0.2412290991         0.1064976385         0.1126685562         0.9059461704         0.9999196617         0.9395435157E-01     0.1506551168         0.7288508332         0.6999251471E-01     0.1449288255    
    0.7915710934         0.1339584920E-02     0.7326691887E-01     0.2601053104         0.6370019280         0.8917428266E-01     0.1506850758         0.4348032811         0.7764021741         0.2955605268E-01
    0.3171445152         0.4614513139         0.5514287052E-01     0.2974002512         0.4677139758         0.1766120621E-01     0.4719001893E-01     0.1109280648         0.4137709995         0.4922468936E-01
    0.3589785487         0.1145700293    

                         STEP LENGTH (VM)
    0.3010657078E-02     0.1088550553E-01     0.7725535545E-01     0.1839757231         0.2679661332E-01     0.8937906171E-01     0.2500322031         0.2189526226E-02     0.1591146103E-01     0.5517449310E-01
    0.8422931406E-01     0.2927379757E-01     0.3453582525E-01     0.2592280679         0.1685211812E-03     0.3240698166E-01     0.4633051143E-01     0.2348904288         0.2241903248E-01     0.4638753501E-01
    0.2209174219         0.4655388426E-03     0.1946010018E-01     0.7127295933E-01     0.1800224939         0.2406344675E-01     0.4558623396E-01     0.1187841060         0.4305193706E-02     0.8543860653E-02
    0.8600851575E-01     0.1240640087         0.1816887802E-01     0.8927059293E-01     0.1543505733         0.3192528526E-02     0.1281888241E-01     0.1824265813E-01     0.1289641581         0.1552037256E-01
    0.1038603230         0.3525991608E-01
 

 INTERMEDIATE RESULTS BEFORE NEXT TEMPERATURE REDUCTION

  CURRENT TEMPERATURE:             0.66893E-02
  MIN FUNCTION VALUE SO FAR:   0.562062143748095783E-02
  TOTAL MOVES:                     420
     DOWNHILL:                     285
     ACCEPTED UPHILL:               49
     REJECTED UPHILL:               86
  TRIALS OUT OF BOUNDS:            180
  NEW MINIMA THIS TEMPERATURE:       0

                         CURRENT OPTIMAL X
    0.9993762981         0.3867366286E-01     0.2425840637         0.5215836759         0.9377872046E-01     0.3102916337         0.8914631092         0.5387493598         0.4512296284E-01     0.1722289909    
    0.3184484426         0.9416272254E-01     0.1297577420         0.7904113134         0.9999454822         0.1003953325         0.1550591043         0.7175957826         0.7375273416E-01     0.1471544778    
    0.7858747576         0.1523740580E-02     0.6834555920E-01     0.2372809626         0.6036795678         0.7916163963E-01     0.1737146366         0.3770010610         0.7764021741         0.3005043166E-01
    0.3029788125         0.4656901709         0.6013456606E-01     0.2608520949         0.5792092966         0.1645988444E-01     0.4719001893E-01     0.1318171843         0.4786567234         0.4775319622E-01
    0.3745963847         0.1177281187    

                         STEP LENGTH (VM)
    0.1133140080E-02     0.1088550553E-01     0.7725535545E-01     0.1839757231         0.2679661332E-01     0.8937906171E-01     0.2500322031         0.4682695837E-03     0.1591146103E-01     0.5517449310E-01
    0.8422931406E-01     0.2927379757E-01     0.3453582525E-01     0.2592280679         0.1715304729E-03     0.3240698166E-01     0.4633051143E-01     0.2348904288         0.2241903248E-01     0.4638753501E-01
    0.2209174219         0.4655388426E-03     0.1946010018E-01     0.7127295933E-01     0.1800224939         0.2406344675E-01     0.4558623396E-01     0.1187841060         0.8580262602E-03     0.8543860653E-02
    0.8600851575E-01     0.1240640087         0.1816887802E-01     0.8927059293E-01     0.1543505733         0.6884275701E-03     0.4927377818E-02     0.1402438398E-01     0.1146348044         0.1552037256E-01
    0.1038603230         0.3525991608E-01
 

 INTERMEDIATE RESULTS BEFORE NEXT TEMPERATURE REDUCTION

  CURRENT TEMPERATURE:             0.50170E-02
  MIN FUNCTION VALUE SO FAR:   0.561712951390737868E-02
  TOTAL MOVES:                     420
     DOWNHILL:                     276
     ACCEPTED UPHILL:               63
     REJECTED UPHILL:               81
  TRIALS OUT OF BOUNDS:            176
  NEW MINIMA THIS TEMPERATURE:       0

                         CURRENT OPTIMAL X
    0.9993762981         0.3867366286E-01     0.2362072934         0.5355467458         0.9377872046E-01     0.3102916337         0.8914631092         0.5387493598         0.4512296284E-01     0.1722289909    
    0.3184484426         0.9416272254E-01     0.1297577420         0.7904113134         0.9999454822         0.1003953325         0.1550591043         0.7175957826         0.7375273416E-01     0.1471544778    
    0.7858747576         0.1523740580E-02     0.6834555920E-01     0.2372809626         0.6036795678         0.7916163963E-01     0.1737146366         0.3770010610         0.7764021741         0.3005043166E-01
    0.3029788125         0.4656901709         0.6013456606E-01     0.2608520949         0.5792092966         0.1645988444E-01     0.4719001893E-01     0.1318171843         0.4786567234         0.4775319622E-01
    0.3745963847         0.1177281187    

                         STEP LENGTH (VM)
    0.1703598857E-03     0.9676004674E-02     0.5011158121E-01     0.1839757231         0.2679661332E-01     0.8937906171E-01     0.2500322031         0.1234996684E-03     0.1591146103E-01     0.5517449310E-01
    0.8422931406E-01     0.2927379757E-01     0.3453582525E-01     0.2592280679         0.3247914162E-04     0.3240698166E-01     0.4633051143E-01     0.2348904288         0.2241903248E-01     0.4638753501E-01
    0.2209174219         0.4655388426E-03     0.1946010018E-01     0.7127295933E-01     0.1800224939         0.2406344675E-01     0.4558623396E-01     0.1187841060         0.1669108731E-03     0.8543860653E-02
    0.7645201210E-01     0.1240640087         0.1816887802E-01     0.8927059293E-01     0.1543505733         0.5297895942E-04     0.9775519814E-03     0.1051828661E-01     0.5853692091E-01     0.1552037256E-01
    0.1038603230         0.3525991608E-01
 

 INTERMEDIATE RESULTS BEFORE NEXT TEMPERATURE REDUCTION

  CURRENT TEMPERATURE:             0.37627E-02
  MIN FUNCTION VALUE SO FAR:   0.561712951390737868E-02
  TOTAL MOVES:                     420
     DOWNHILL:                     276
     ACCEPTED UPHILL:               50
     REJECTED UPHILL:               94
  TRIALS OUT OF BOUNDS:            178
  NEW MINIMA THIS TEMPERATURE:       0

                         CURRENT OPTIMAL X
    0.9993762981         0.3867366286E-01     0.2362072934         0.5355467458         0.9377872046E-01     0.3102916337         0.8914631092         0.5387493598         0.4512296284E-01     0.1722289909    
    0.3184484426         0.9416272254E-01     0.1297577420         0.7904113134         0.9999454822         0.1003953325         0.1550591043         0.7175957826         0.7375273416E-01     0.1471544778    
    0.7858747576         0.1523740580E-02     0.6834555920E-01     0.2372809626         0.6036795678         0.7916163963E-01     0.1737146366         0.3770010610         0.7764021741         0.3005043166E-01
    0.3029788125         0.4656901709         0.6013456606E-01     0.2608520949         0.5792092966         0.1645988444E-01     0.4719001893E-01     0.1318171843         0.4786567234         0.4775319622E-01
    0.3745963847         0.1177281187    

                         STEP LENGTH (VM)
    0.3179527378E-04     0.5529144851E-02     0.7725535545E-01     0.1839757231         0.2679661332E-01     0.8937906171E-01     0.2500322031         0.3528561698E-04     0.1591146103E-01     0.5517449310E-01
    0.8422931406E-01     0.2927379757E-01     0.3453582525E-01     0.2592280679         0.3930971495E-05     0.3240698166E-01     0.4633051143E-01     0.2348904288         0.2241903248E-01     0.4638753501E-01
    0.2209174219         0.4655388426E-03     0.1946010018E-01     0.7127295933E-01     0.1800224939         0.2406344675E-01     0.4558623396E-01     0.1187841060         0.3246898242E-04     0.8543860653E-02
    0.6450638561E-01     0.1240640087         0.1816887802E-01     0.8927059293E-01     0.1543505733         0.6311888805E-05     0.3623358606E-03     0.2427296746E-02     0.6299152740E-02     0.1552037256E-01
    0.1038603230         0.3525991608E-01
 

 INTERMEDIATE RESULTS BEFORE NEXT TEMPERATURE REDUCTION

  CURRENT TEMPERATURE:             0.28220E-02
  MIN FUNCTION VALUE SO FAR:   0.561712951390737868E-02
  TOTAL MOVES:                     420
     DOWNHILL:                     303
     ACCEPTED UPHILL:               68
     REJECTED UPHILL:               49
  TRIALS OUT OF BOUNDS:            157
  NEW MINIMA THIS TEMPERATURE:       0

                         CURRENT OPTIMAL X
    0.9993762981         0.3867366286E-01     0.2362072934         0.5355467458         0.9377872046E-01     0.3102916337         0.8914631092         0.5387493598         0.4512296284E-01     0.1722289909    
    0.3184484426         0.9416272254E-01     0.1297577420         0.7904113134         0.9999454822         0.1003953325         0.1550591043         0.7175957826         0.7375273416E-01     0.1471544778    
    0.7858747576         0.1523740580E-02     0.6834555920E-01     0.2372809626         0.6036795678         0.7916163963E-01     0.1737146366         0.3770010610         0.7764021741         0.3005043166E-01
    0.3029788125         0.4656901709         0.6013456606E-01     0.2608520949         0.5792092966         0.1645988444E-01     0.4719001893E-01     0.1318171843         0.4786567234         0.4775319622E-01
    0.3745963847         0.1177281187    

                         STEP LENGTH (VM)
    0.2841279551E-04     0.1088550553E-01     0.7725535545E-01     0.1839757231         0.2679661332E-01     0.8937906171E-01     0.2500322031         0.1046935758E-04     0.1591146103E-01     0.5517449310E-01
    0.8422931406E-01     0.2927379757E-01     0.3453582525E-01     0.2592280679         0.1135613810E-04     0.3240698166E-01     0.4633051143E-01     0.2348904288         0.2241903248E-01     0.4638753501E-01
    0.2209174219         0.4655388426E-03     0.1946010018E-01     0.7127295933E-01     0.1800224939         0.2406344675E-01     0.4558623396E-01     0.1187841060         0.3246897879E-04     0.8543860653E-02
    0.8600851575E-01     0.1240640087         0.1816887802E-01     0.8927059293E-01     0.1543505733         0.1993227999E-05     0.4076277538E-03     0.8685324912E-02     0.6443779826E-01     0.1552037256E-01
    0.1038603230         0.3525991608E-01
 

 INTERMEDIATE RESULTS BEFORE NEXT TEMPERATURE REDUCTION

  CURRENT TEMPERATURE:             0.21165E-02
  MIN FUNCTION VALUE SO FAR:   0.561555894330819424E-02
  TOTAL MOVES:                     420
     DOWNHILL:                     278
     ACCEPTED UPHILL:               67
     REJECTED UPHILL:               75
  TRIALS OUT OF BOUNDS:            170
  NEW MINIMA THIS TEMPERATURE:       1

                         CURRENT OPTIMAL X
    0.9993892292         0.3883191493E-01     0.2217019203         0.5759311834         0.9877573496E-01     0.3095853261         0.9246733428         0.5387493598         0.4564019200E-01     0.1631254253    
    0.2958152424         0.9502081048E-01     0.1222598859         0.7589213724         0.9999454822         0.1133240045         0.1329842682         0.7735395585         0.7807323781E-01     0.1347903557    
    0.8137857351         0.1656146369E-02     0.6327237629E-01     0.2199881741         0.6790349920         0.6933668677E-01     0.1454699740         0.4237139006         0.7763981055         0.3005043166E-01
    0.3029788125         0.4656901709         0.5332861385E-01     0.3106277405         0.4786728542         0.1646165269E-01     0.4711377688E-01     0.1318171843         0.4786567234         0.5554907511E-01
    0.3636336437         0.1065834469    

                         STEP LENGTH (VM)
    0.6217997570E-05     0.7060868352E-02     0.7725535545E-01     0.1839757231         0.2679661332E-01     0.8937906171E-01     0.2500322031         0.4832011165E-05     0.1591146103E-01     0.5517449310E-01
    0.8422931406E-01     0.2927379757E-01     0.3453582525E-01     0.2592280679         0.3156918563E-05     0.3240698166E-01     0.4633051143E-01     0.2348904288         0.2241903248E-01     0.4638753501E-01
    0.2209174219         0.4655388426E-03     0.1946010018E-01     0.7127295933E-01     0.1800224939         0.2406344675E-01     0.4558623396E-01     0.1187841060         0.7290331755E-05     0.4676031188E-02
    0.8600851575E-01     0.1240640087         0.1816887802E-01     0.8927059293E-01     0.1543505733         0.7272588271E-06     0.6114414396E-03     0.1158043214E-01     0.1146348044         0.1552037256E-01
    0.1038603230         0.3525991608E-01
 

 INTERMEDIATE RESULTS BEFORE NEXT TEMPERATURE REDUCTION

  CURRENT TEMPERATURE:             0.15874E-02
  MIN FUNCTION VALUE SO FAR:   0.560787080347654836E-02
  TOTAL MOVES:                     420
     DOWNHILL:                     286
     ACCEPTED UPHILL:               73
     REJECTED UPHILL:               61
  TRIALS OUT OF BOUNDS:            166
  NEW MINIMA THIS TEMPERATURE:       0

                         CURRENT OPTIMAL X
    0.9993937821         0.3184621337E-01     0.2931437481         0.6764541148         0.7908322334E-01     0.3080527855         0.8867765226         0.5387487808         0.4574608526E-01     0.1753505504    
    0.2606079077         0.8661733217E-01     0.1071454190         0.8668708351         0.9999458444         0.9966566038E-01     0.1512718982         0.6855746525         0.7072929589E-01     0.1686340079    
    0.8174164267         0.1707634780E-02     0.5896775710E-01     0.2468423681         0.5538204386         0.8087278584E-01     0.1646391312         0.4044154171         0.7764032886         0.3237660223E-01
    0.3243949494         0.3785299858         0.6931864076E-01     0.2707778226         0.5460580502         0.1646190084E-01     0.4763998092E-01     0.1207861302         0.4063435533         0.4715073007E-01
    0.3953365605         0.1091098209    

                         STEP LENGTH (VM)
    0.9637066745E-05     0.1088550553E-01     0.7725535545E-01     0.1839757231         0.2679661332E-01     0.8937906171E-01     0.2500322031         0.3803922835E-05     0.1591146103E-01     0.5517449310E-01
    0.8422931406E-01     0.2927379757E-01     0.3453582525E-01     0.2592280679         0.4231613045E-05     0.3240698166E-01     0.4633051143E-01     0.2348904288         0.2241903248E-01     0.4638753501E-01
    0.2209174219         0.4655388426E-03     0.1946010018E-01     0.7127295933E-01     0.1800224939         0.2406344675E-01     0.4558623396E-01     0.1187841060         0.4165903413E-05     0.8543860653E-02
    0.8600851575E-01     0.1240640087         0.1816887802E-01     0.8927059293E-01     0.1543505733         0.2785246498E-06     0.2240403075E-02     0.3572520579E-01     0.1289641581         0.1552037256E-01
    0.1038603230         0.3525991608E-01
 

 INTERMEDIATE RESULTS BEFORE NEXT TEMPERATURE REDUCTION

  CURRENT TEMPERATURE:             0.11905E-02
  MIN FUNCTION VALUE SO FAR:   0.560539072675616829E-02
  TOTAL MOVES:                     420
     DOWNHILL:                     285
     ACCEPTED UPHILL:               55
     REJECTED UPHILL:               80
  TRIALS OUT OF BOUNDS:            173
  NEW MINIMA THIS TEMPERATURE:       1

                         CURRENT OPTIMAL X
    0.9993937821         0.3129937964E-01     0.2931437481         0.6764541148         0.7908322334E-01     0.3080527855         0.8867765226         0.5387487808         0.4574608526E-01     0.1753505504    
    0.2606079077         0.8661733217E-01     0.1071454190         0.8668708351         0.9999458444         0.9966566038E-01     0.1512718982         0.6855746525         0.7072929589E-01     0.1686340079    
    0.8174164267         0.1707634780E-02     0.5896775710E-01     0.2468423681         0.5538204386         0.8087278584E-01     0.1646391312         0.4044154171         0.7764032886         0.3237660223E-01
    0.3243949494         0.3785299858         0.6931864076E-01     0.2707778226         0.5460580502         0.1646190084E-01     0.4763998092E-01     0.1207861302         0.4063435533         0.4715073007E-01
    0.3953365605         0.1091098209    

                         STEP LENGTH (VM)
    0.6424710337E-05     0.1613774280E-02     0.3169450383E-01     0.1839756988         0.2679661332E-01     0.8937906171E-01     0.2500322031         0.1850556837E-05     0.1591146103E-01     0.5517449310E-01
    0.8422931406E-01     0.2927379757E-01     0.3453582525E-01     0.2592280679         0.2821074926E-05     0.3240698166E-01     0.4633051143E-01     0.2348904288         0.2241903248E-01     0.4638753501E-01
    0.2209174219         0.4655388426E-03     0.1946010018E-01     0.7127295933E-01     0.1800224939         0.2406344675E-01     0.4558623396E-01     0.1187841060         0.3124427502E-05     0.4339738590E-02
    0.4184197927E-01     0.1240640087         0.1816887802E-01     0.8927059293E-01     0.1543505733         0.1856830918E-06     0.4878296353E-03     0.7818281827E-02     0.2770776086E-01     0.1552037256E-01
    0.1038603230         0.3525991608E-01
 

  SA ACHIEVED TERMINATION CRITERIA. IER = 0. 


  ****   RESULTS AFTER SA   ****   

                         SOLUTION
    0.9993937821         0.3129937964E-01     0.2931437481         0.6764541148         0.7908322334E-01     0.3080527855         0.8867765226         0.5387487808         0.4574608526E-01     0.1753505504    
    0.2606079077         0.8661733217E-01     0.1071454190         0.8668708351         0.9999458444         0.9966566038E-01     0.1512718982         0.6855746525         0.7072929589E-01     0.1686340079    
    0.8174164267         0.1707634780E-02     0.5896775710E-01     0.2468423681         0.5538204386         0.8087278584E-01     0.1646391312         0.4044154171         0.7764032886         0.3237660223E-01
    0.3243949494         0.3785299858         0.6931864076E-01     0.2707778226         0.5460580502         0.1646190084E-01     0.4763998092E-01     0.1207861302         0.4063435533         0.4715073007E-01
    0.3953365605         0.1091098209    

                         FINAL STEP LENGTH
    0.6424710337E-05     0.1613774280E-02     0.3169450383E-01     0.1839756988         0.2679661332E-01     0.8937906171E-01     0.2500322031         0.1850556837E-05     0.1591146103E-01     0.5517449310E-01
    0.8422931406E-01     0.2927379757E-01     0.3453582525E-01     0.2592280679         0.2821074926E-05     0.3240698166E-01     0.4633051143E-01     0.2348904288         0.2241903248E-01     0.4638753501E-01
    0.2209174219         0.4655388426E-03     0.1946010018E-01     0.7127295933E-01     0.1800224939         0.2406344675E-01     0.4558623396E-01     0.1187841060         0.3124427502E-05     0.4339738590E-02
    0.4184197927E-01     0.1240640087         0.1816887802E-01     0.8927059293E-01     0.1543505733         0.1856830918E-06     0.4878296353E-03     0.7818281827E-02     0.2770776086E-01     0.1552037256E-01
    0.1038603230         0.3525991608E-01

 OPTIMAL FUNCTION VALUE:  0.5605390726756E-02
 NUMBER OF FUNCTION EVALUATIONS:          12601
 NUMBER OF ACCEPTED EVALUATIONS:          11620
 NUMBER OF OUT OF BOUND EVALUATIONS:       5884
 FINAL TEMP:  0.1190547267800E-02  IER:   0
