
 SIMULATED PARALLEL ANNEALING by NEIGHBORHOOD EXAMPLE

 NUMBER OF PARAMETERS:  42   MAXIMAZATION:     F
 INITIAL TEMP:  5.0       RT: 0.75       EPS: 0.10E-02
 NS:  24   NT:   5   NEPS:  4
 MAXEVL:  100000000   IPRINT: 1   ISEED1:    7 ISEED2:    8

                         STARTING VALUES
    0.9999425411         0.2829230316E-01     0.3456086040         0.6953006007         0.7715882319E-01     0.2259308449         0.7912201250         0.5066489924         0.2509486801E-01     0.1010030655    
    0.1849566909         0.6023084394E-01     0.8337224461E-01     0.9741991034         0.9999984254         0.1003730023         0.1111256931         0.8639031842         0.8780322312E-01     0.1506654193    
    0.8158041622         0.1748550816E-02     0.5830737733E-01     0.2566633316         0.5666523448         0.5119245914E-01     0.1186847774         0.4076572693         0.6395888399         0.3957228766E-01
    0.2698350058         0.3597851780         0.6239662107E-01     0.2396393748         0.6057788571         0.1436518187E-01     0.3581845787E-01     0.1255789763         0.5338538523         0.2992901079E-01
    0.4474832325         0.1023805067    

                         INITIAL STEP LENGTH
    0.2000459671         0.1131692126E-01     0.1382434416         0.2781202403         0.3086352928E-01     0.9037233796E-01     0.3164880500         0.2026595970         0.1003794720E-01     0.4040122620E-01
    0.7398267636E-01     0.2409233758E-01     0.3334889784E-01     0.2206407173         0.2000012597         0.4014920092E-01     0.4445027724E-01     0.3088774526         0.3512128925E-01     0.6026616772E-01
    0.3263216649         0.6994203264E-03     0.2332295093E-01     0.1026653326         0.2266609379         0.2047698366E-01     0.4747391096E-01     0.1630629077         0.2558355360         0.1582891506E-01
    0.1079340023         0.1439140712         0.2495864843E-01     0.9585574992E-01     0.2423115428         0.5746072748E-02     0.1432738315E-01     0.5023159052E-01     0.2135415409         0.1197160432E-01
    0.1789932930         0.4095220268E-01

                         LOWER BOUND
    0.7999540329         0.2263384253E-01     0.2764868832         0.5562404806         0.6172705855E-01     0.1807446759         0.6329761000         0.4053191939         0.2007589441E-01     0.1000000000    
    0.1479653527         0.4818467515E-01     0.6669779569E-01     0.7793592827         0.7999987403         0.8029840184E-01     0.1000000000         0.6911225474         0.7024257850E-01     0.1205323354    
    0.6526433298         0.1398840653E-02     0.4664590186E-01     0.2053306653         0.4533218758         0.4095396731E-01     0.9494782192E-01     0.3261258154         0.5116710719         0.3165783013E-01
    0.2158680046         0.2878281424         0.4991729686E-01     0.1917114998         0.4846230857         0.1149214550E-01     0.2865476630E-01     0.1004631810         0.4270830818         0.2394320863E-01
    0.3579865860         0.8190440536E-01

                         UPPER BOUND
     1.000000000         0.3395076379E-01     0.4147303248         0.8343607208         0.9259058783E-01     0.2711170139         0.9494641500         0.6079787909         0.3011384161E-01     0.1212036786    
    0.2219480291         0.7227701273E-01     0.1000466935          1.000000000          1.000000000         0.1204476028         0.1333508317          1.000000000         0.1053638677         0.1807985032    
    0.9789649946         0.2098260979E-02     0.6996885280E-01     0.3079959979         0.6799828138         0.6143095097E-01     0.1424217329         0.4891887232         0.7675066079         0.4748674519E-01
    0.3238020070         0.4317422136         0.7487594528E-01     0.2875672498         0.7269346285         0.1723821824E-01     0.4298214944E-01     0.1506947716         0.6406246228         0.3591481295E-01
    0.5369798790         0.1228566080    

                         C VECTOR
     2.000000000          2.000000000          2.000000000          2.000000000          2.000000000          2.000000000          2.000000000          2.000000000          2.000000000          2.000000000    
     2.000000000          2.000000000          2.000000000          2.000000000          2.000000000          2.000000000          2.000000000          2.000000000          2.000000000          2.000000000    
     2.000000000          2.000000000          2.000000000          2.000000000          2.000000000          2.000000000          2.000000000          2.000000000          2.000000000          2.000000000    
     2.000000000          2.000000000          2.000000000          2.000000000          2.000000000          2.000000000          2.000000000          2.000000000          2.000000000          2.000000000    
     2.000000000          2.000000000    

  ****   END OF DRIVER ROUTINE OUTPUT   ****
  ****   BEFORE CALL TO SA.             ****
  

                         INITIAL X
    0.9999425411         0.2829230316E-01     0.3456086040         0.6953006007         0.7715882319E-01     0.2259308449         0.7912201250         0.5066489924         0.2509486801E-01     0.1010030655    
    0.1849566909         0.6023084394E-01     0.8337224461E-01     0.9741991034         0.9999984254         0.1003730023         0.1111256931         0.8639031842         0.8780322312E-01     0.1506654193    
    0.8158041622         0.1748550816E-02     0.5830737733E-01     0.2566633316         0.5666523448         0.5119245914E-01     0.1186847774         0.4076572693         0.6395888399         0.3957228766E-01
    0.2698350058         0.3597851780         0.6239662107E-01     0.2396393748         0.6057788571         0.1436518187E-01     0.3581845787E-01     0.1255789763         0.5338538523         0.2992901079E-01
    0.4474832325         0.1023805067    
  INITIAL F: 
 0.106138352604213254    

 INTERMEDIATE RESULTS BEFORE NEXT TEMPERATURE REDUCTION

  CURRENT TEMPERATURE:              5.0000    
  MIN FUNCTION VALUE SO FAR:   0.239602734442821812E-01
  TOTAL MOVES:                     840
     DOWNHILL:                     635
     ACCEPTED UPHILL:              204
     REJECTED UPHILL:                1
  TRIALS OUT OF BOUNDS:            406
  NEW MINIMA THIS TEMPERATURE:       1

                         CURRENT OPTIMAL X
    0.9221048550         0.3071717039E-01     0.2905210857         0.7241916285         0.8586635632E-01     0.2074701745         0.6731815436         0.5440405535         0.2509486801E-01     0.1010030655    
    0.1849566909         0.6023084394E-01     0.8337224461E-01     0.9741991034         0.9999984254         0.1003730023         0.1111256931         0.8639031842         0.8780322312E-01     0.1506654193    
    0.8158041622         0.1748550816E-02     0.5830737733E-01     0.2566633316         0.5666523448         0.5119245914E-01     0.1186847774         0.4076572693         0.6395888399         0.3957228766E-01
    0.2698350058         0.3597851780         0.6239662107E-01     0.2396393748         0.6057788571         0.1436518187E-01     0.3581845787E-01     0.1255789763         0.5338538523         0.2992901079E-01
    0.4474832325         0.1023805067    

                         STEP LENGTH (VM)
    0.2000459671         0.1131692126E-01     0.1382434416         0.2781202403         0.3086352928E-01     0.9037233796E-01     0.3164880500         0.2026595970         0.1003794720E-01     0.2120367860E-01
    0.7398267636E-01     0.2409233758E-01     0.3334889784E-01     0.2206407173         0.2000012597         0.4014920092E-01     0.3335083172E-01     0.3088774526         0.3512128925E-01     0.6026616772E-01
    0.3263216649         0.6994203264E-03     0.2332295093E-01     0.1026653326         0.2266609379         0.2047698366E-01     0.4747391096E-01     0.1630629077         0.2558355360         0.1582891506E-01
    0.1079340023         0.1439140712         0.2495864843E-01     0.9585574992E-01     0.2423115428         0.5746072748E-02     0.1432738315E-01     0.5023159052E-01     0.2135415409         0.1197160432E-01
    0.1789932930         0.4095220268E-01
 

 INTERMEDIATE RESULTS BEFORE NEXT TEMPERATURE REDUCTION

  CURRENT TEMPERATURE:              3.7500    
  MIN FUNCTION VALUE SO FAR:   0.180150089298746277E-01
  TOTAL MOVES:                     840
     DOWNHILL:                     667
     ACCEPTED UPHILL:              170
     REJECTED UPHILL:                3
  TRIALS OUT OF BOUNDS:            407
  NEW MINIMA THIS TEMPERATURE:       0

                         CURRENT OPTIMAL X
    0.9794015163         0.2576778531E-01     0.4136944229         0.8301894351         0.7811170422E-01     0.2706512067         0.8671777505         0.4885461197         0.3002436700E-01     0.1025026502    
    0.1806655392         0.6846505288E-01     0.9891298872E-01     0.8401622261         0.9954254567         0.1159355842         0.1209037925         0.9549640858         0.1003786285         0.1413715454    
    0.9590520243         0.1547607071E-02     0.4970556060E-01     0.2392214217         0.4603298738         0.4657281371E-01     0.1395222453         0.3613748542         0.5785874205         0.4278339040E-01
    0.3056888276         0.3896513509         0.7019969022E-01     0.2275141928         0.4902411401         0.1462124922E-01     0.3309607919E-01     0.1253853670         0.4801195398         0.3587239376E-01
    0.4438206333         0.9052377253E-01

                         STEP LENGTH (VM)
    0.2000459671         0.1131692126E-01     0.1382434416         0.2781202403         0.3086352928E-01     0.9037233796E-01     0.3164880500         0.2026595970         0.1003794720E-01     0.2120367860E-01
    0.7398267636E-01     0.2409233758E-01     0.3334889784E-01     0.2206407173         0.2000012597         0.4014920092E-01     0.3335083172E-01     0.3088774526         0.3512128925E-01     0.6026616772E-01
    0.3263216649         0.6994203264E-03     0.2332295093E-01     0.1026653326         0.2266609379         0.2047698366E-01     0.4747391096E-01     0.1630629077         0.2558355360         0.1582891506E-01
    0.1079340023         0.1439140712         0.2495864843E-01     0.9585574992E-01     0.2423115428         0.5746072748E-02     0.1432738315E-01     0.5023159052E-01     0.2135415409         0.1197160432E-01
    0.1789932930         0.4095220268E-01
 

 INTERMEDIATE RESULTS BEFORE NEXT TEMPERATURE REDUCTION

  CURRENT TEMPERATURE:              2.8125    
  MIN FUNCTION VALUE SO FAR:   0.156729287883768664E-01
  TOTAL MOVES:                     840
     DOWNHILL:                     641
     ACCEPTED UPHILL:              194
     REJECTED UPHILL:                5
  TRIALS OUT OF BOUNDS:            439
  NEW MINIMA THIS TEMPERATURE:       0

                         CURRENT OPTIMAL X
    0.9794015163         0.2885109568E-01     0.4136944229         0.8301894351         0.7811170422E-01     0.2706512067         0.8671777505         0.4885461197         0.3002436700E-01     0.1025026502    
    0.1806655392         0.6846505288E-01     0.9891298872E-01     0.8401622261         0.9954254567         0.1159355842         0.1209037925         0.9549640858         0.1003786285         0.1413715454    
    0.9590520243         0.1547607071E-02     0.4970556060E-01     0.2392214217         0.4603298738         0.4657281371E-01     0.1395222453         0.3613748542         0.5785874205         0.4278339040E-01
    0.3056888276         0.3896513509         0.7019969022E-01     0.2275141928         0.4902411401         0.1462124922E-01     0.3309607919E-01     0.1253853670         0.4801195398         0.3587239376E-01
    0.4438206333         0.9052377253E-01

                         STEP LENGTH (VM)
    0.2000459671         0.1131692126E-01     0.1382434416         0.2781202403         0.3086352928E-01     0.9037233796E-01     0.3164880500         0.2026595970         0.1003794720E-01     0.2120367860E-01
    0.7398267636E-01     0.2409233758E-01     0.3334889784E-01     0.2206407173         0.2000012597         0.4014920092E-01     0.3335083172E-01     0.3088774526         0.3512128925E-01     0.6026616772E-01
    0.3263216649         0.6994203264E-03     0.2332295093E-01     0.1026653326         0.2266609379         0.2047698366E-01     0.4747391096E-01     0.1630629077         0.2558355360         0.1582891506E-01
    0.1079340023         0.1439140712         0.2495864843E-01     0.9585574992E-01     0.2423115428         0.5746072748E-02     0.1432738315E-01     0.5023159052E-01     0.2135415409         0.1197160432E-01
    0.1789932930         0.4095220268E-01
 

 INTERMEDIATE RESULTS BEFORE NEXT TEMPERATURE REDUCTION

  CURRENT TEMPERATURE:              2.1094    
  MIN FUNCTION VALUE SO FAR:   0.156729287883768664E-01
  TOTAL MOVES:                     840
     DOWNHILL:                     653
     ACCEPTED UPHILL:              184
     REJECTED UPHILL:                3
  TRIALS OUT OF BOUNDS:            393
  NEW MINIMA THIS TEMPERATURE:       0

                         CURRENT OPTIMAL X
    0.9794015163         0.2885109568E-01     0.4136944229         0.8301894351         0.7811170422E-01     0.2706512067         0.8671777505         0.4885461197         0.3002436700E-01     0.1025026502    
    0.1806655392         0.6846505288E-01     0.9891298872E-01     0.8401622261         0.9954254567         0.1159355842         0.1209037925         0.9549640858         0.1003786285         0.1413715454    
    0.9590520243         0.1547607071E-02     0.4970556060E-01     0.2392214217         0.4603298738         0.4657281371E-01     0.1395222453         0.3613748542         0.5785874205         0.4278339040E-01
    0.3056888276         0.3896513509         0.7019969022E-01     0.2275141928         0.4902411401         0.1462124922E-01     0.3309607919E-01     0.1253853670         0.4801195398         0.3587239376E-01
    0.4438206333         0.9052377253E-01

                         STEP LENGTH (VM)
    0.2000459671         0.1131692126E-01     0.1382434416         0.2781202403         0.3086352928E-01     0.9037233796E-01     0.3164880500         0.2026595970         0.1003794720E-01     0.2120367860E-01
    0.7398267636E-01     0.2409233758E-01     0.3334889784E-01     0.2206407173         0.2000012597         0.4014920092E-01     0.3335083172E-01     0.3088774526         0.3512128925E-01     0.6026616772E-01
    0.3263216649         0.6994203264E-03     0.2332295093E-01     0.1026653326         0.2266609379         0.2047698366E-01     0.4747391096E-01     0.1630629077         0.2558355360         0.1582891506E-01
    0.1079340023         0.1439140712         0.2495864843E-01     0.9585574992E-01     0.2423115428         0.5746072748E-02     0.1432738315E-01     0.5023159052E-01     0.2135415409         0.1197160432E-01
    0.1789932930         0.4095220268E-01
 

 INTERMEDIATE RESULTS BEFORE NEXT TEMPERATURE REDUCTION

  CURRENT TEMPERATURE:              1.5820    
  MIN FUNCTION VALUE SO FAR:   0.156729287883768664E-01
  TOTAL MOVES:                     840
     DOWNHILL:                     646
     ACCEPTED UPHILL:              189
     REJECTED UPHILL:                5
  TRIALS OUT OF BOUNDS:            398
  NEW MINIMA THIS TEMPERATURE:       0

                         CURRENT OPTIMAL X
    0.9794015163         0.2885109568E-01     0.4136944229         0.8301894351         0.7811170422E-01     0.2706512067         0.8671777505         0.4885461197         0.3002436700E-01     0.1025026502    
    0.1806655392         0.6846505288E-01     0.9891298872E-01     0.8401622261         0.9954254567         0.1159355842         0.1209037925         0.9549640858         0.1003786285         0.1413715454    
    0.9590520243         0.1547607071E-02     0.4970556060E-01     0.2392214217         0.4603298738         0.4657281371E-01     0.1395222453         0.3613748542         0.5785874205         0.4278339040E-01
    0.3056888276         0.3896513509         0.7019969022E-01     0.2275141928         0.4902411401         0.1462124922E-01     0.3309607919E-01     0.1253853670         0.4801195398         0.3587239376E-01
    0.4438206333         0.9052377253E-01

                         STEP LENGTH (VM)
    0.2000459671         0.1131692126E-01     0.1382434416         0.2781202403         0.3086352928E-01     0.9037233796E-01     0.3164880500         0.2026595970         0.1003794720E-01     0.2120367860E-01
    0.7398267636E-01     0.2409233758E-01     0.3334889784E-01     0.2206407173         0.2000012597         0.4014920092E-01     0.3335083172E-01     0.3088774526         0.3512128925E-01     0.6026616772E-01
    0.3263216649         0.6994203264E-03     0.2332295093E-01     0.1026653326         0.2266609379         0.2047698366E-01     0.4747391096E-01     0.1630629077         0.2558355360         0.1582891506E-01
    0.1079340023         0.1439140712         0.2495864843E-01     0.9585574992E-01     0.2423115428         0.5746072748E-02     0.1432738315E-01     0.5023159052E-01     0.2135415409         0.1197160432E-01
    0.1789932930         0.4095220268E-01
 

 INTERMEDIATE RESULTS BEFORE NEXT TEMPERATURE REDUCTION

  CURRENT TEMPERATURE:              1.1865    
  MIN FUNCTION VALUE SO FAR:   0.156729287883768664E-01
  TOTAL MOVES:                     840
     DOWNHILL:                     635
     ACCEPTED UPHILL:              199
     REJECTED UPHILL:                6
  TRIALS OUT OF BOUNDS:            408
  NEW MINIMA THIS TEMPERATURE:       0

                         CURRENT OPTIMAL X
    0.9794015163         0.2885109568E-01     0.4136944229         0.8301894351         0.7811170422E-01     0.2706512067         0.8671777505         0.4885461197         0.3002436700E-01     0.1025026502    
    0.1806655392         0.6846505288E-01     0.9891298872E-01     0.8401622261         0.9954254567         0.1159355842         0.1209037925         0.9549640858         0.1003786285         0.1413715454    
    0.9590520243         0.1547607071E-02     0.4970556060E-01     0.2392214217         0.4603298738         0.4657281371E-01     0.1395222453         0.3613748542         0.5785874205         0.4278339040E-01
    0.3056888276         0.3896513509         0.7019969022E-01     0.2275141928         0.4902411401         0.1462124922E-01     0.3309607919E-01     0.1253853670         0.4801195398         0.3587239376E-01
    0.4438206333         0.9052377253E-01

                         STEP LENGTH (VM)
    0.2000459671         0.1131692126E-01     0.1382434416         0.2781202403         0.3086352928E-01     0.9037233796E-01     0.3164880500         0.2026595970         0.1003794720E-01     0.2120367860E-01
    0.7398267636E-01     0.2409233758E-01     0.3334889784E-01     0.2206407173         0.2000012597         0.4014920092E-01     0.3335083172E-01     0.3088774526         0.3512128925E-01     0.6026616772E-01
    0.3263216649         0.6994203264E-03     0.2332295093E-01     0.1026653326         0.2266609379         0.2047698366E-01     0.4747391096E-01     0.1630629077         0.2558355360         0.1582891506E-01
    0.1079340023         0.1439140712         0.2495864843E-01     0.9585574992E-01     0.2423115428         0.5746072748E-02     0.1432738315E-01     0.5023159052E-01     0.2135415409         0.1197160432E-01
    0.1789932930         0.4095220268E-01
 

 INTERMEDIATE RESULTS BEFORE NEXT TEMPERATURE REDUCTION

  CURRENT TEMPERATURE:             0.88989    
  MIN FUNCTION VALUE SO FAR:   0.156729287883768664E-01
  TOTAL MOVES:                     840
     DOWNHILL:                     630
     ACCEPTED UPHILL:              196
     REJECTED UPHILL:               14
  TRIALS OUT OF BOUNDS:            422
  NEW MINIMA THIS TEMPERATURE:       0

                         CURRENT OPTIMAL X
    0.9794015163         0.2885109568E-01     0.4136944229         0.8301894351         0.7811170422E-01     0.2706512067         0.8671777505         0.4885461197         0.3002436700E-01     0.1025026502    
    0.1806655392         0.6846505288E-01     0.9891298872E-01     0.8401622261         0.9954254567         0.1159355842         0.1209037925         0.9549640858         0.1003786285         0.1413715454    
    0.9590520243         0.1547607071E-02     0.4970556060E-01     0.2392214217         0.4603298738         0.4657281371E-01     0.1395222453         0.3613748542         0.5785874205         0.4278339040E-01
    0.3056888276         0.3896513509         0.7019969022E-01     0.2275141928         0.4902411401         0.1462124922E-01     0.3309607919E-01     0.1253853670         0.4801195398         0.3587239376E-01
    0.4438206333         0.9052377253E-01

                         STEP LENGTH (VM)
    0.2000459671         0.1131692126E-01     0.1382434416         0.2781202403         0.3086352928E-01     0.9037233796E-01     0.3164880500         0.2026595970         0.1003794720E-01     0.2120367860E-01
    0.7398267636E-01     0.2409233758E-01     0.3334889784E-01     0.2206407173         0.2000012597         0.4014920092E-01     0.3335083172E-01     0.3088774526         0.3512128925E-01     0.6026616772E-01
    0.3263216649         0.6994203264E-03     0.2332295093E-01     0.1026653326         0.2266609379         0.2047698366E-01     0.4747391096E-01     0.1630629077         0.2558355360         0.1582891506E-01
    0.1079340023         0.1439140712         0.2495864843E-01     0.9585574992E-01     0.2423115428         0.5746072748E-02     0.1432738315E-01     0.5023159052E-01     0.2135415409         0.1197160432E-01
    0.1789932930         0.4095220268E-01
 

 INTERMEDIATE RESULTS BEFORE NEXT TEMPERATURE REDUCTION

  CURRENT TEMPERATURE:             0.66742    
  MIN FUNCTION VALUE SO FAR:   0.156729287883768664E-01
  TOTAL MOVES:                     840
     DOWNHILL:                     650
     ACCEPTED UPHILL:              165
     REJECTED UPHILL:               25
  TRIALS OUT OF BOUNDS:            408
  NEW MINIMA THIS TEMPERATURE:       0

                         CURRENT OPTIMAL X
    0.9794015163         0.2885109568E-01     0.4136944229         0.8301894351         0.7811170422E-01     0.2706512067         0.8671777505         0.4885461197         0.3002436700E-01     0.1025026502    
    0.1806655392         0.6846505288E-01     0.9891298872E-01     0.8401622261         0.9954254567         0.1159355842         0.1209037925         0.9549640858         0.1003786285         0.1413715454    
    0.9590520243         0.1547607071E-02     0.4970556060E-01     0.2392214217         0.4603298738         0.4657281371E-01     0.1395222453         0.3613748542         0.5785874205         0.4278339040E-01
    0.3056888276         0.3896513509         0.7019969022E-01     0.2275141928         0.4902411401         0.1462124922E-01     0.3309607919E-01     0.1253853670         0.4801195398         0.3587239376E-01
    0.4438206333         0.9052377253E-01

                         STEP LENGTH (VM)
    0.2000459671         0.1131692126E-01     0.1382434416         0.2781202403         0.3086352928E-01     0.9037233796E-01     0.3164880500         0.2026595970         0.1003794720E-01     0.2120367860E-01
    0.7398267636E-01     0.2409233758E-01     0.3334889784E-01     0.2206407173         0.2000012597         0.4014920092E-01     0.3335083172E-01     0.3088774526         0.3512128925E-01     0.6026616772E-01
    0.3263216649         0.6994203264E-03     0.2332295093E-01     0.1026653326         0.2266609379         0.2047698366E-01     0.4747391096E-01     0.1630629077         0.2558355360         0.1582891506E-01
    0.1079340023         0.1439140712         0.2495864843E-01     0.9585574992E-01     0.2423115428         0.5746072748E-02     0.1432738315E-01     0.5023159052E-01     0.2135415409         0.1197160432E-01
    0.1789932930         0.4095220268E-01
 

 INTERMEDIATE RESULTS BEFORE NEXT TEMPERATURE REDUCTION

  CURRENT TEMPERATURE:             0.50056    
  MIN FUNCTION VALUE SO FAR:   0.149232117573699658E-01
  TOTAL MOVES:                     840
     DOWNHILL:                     631
     ACCEPTED UPHILL:              190
     REJECTED UPHILL:               19
  TRIALS OUT OF BOUNDS:            407
  NEW MINIMA THIS TEMPERATURE:       0

                         CURRENT OPTIMAL X
    0.9994144167         0.2841083487E-01     0.2866483004         0.7600131438         0.6680385519E-01     0.2093285715         0.9425396647         0.5614388075         0.2252808900E-01     0.1158054220    
    0.1541501843         0.7043747436E-01     0.7849463603E-01     0.9793609488         0.9954254567         0.1170385662         0.1268029731         0.7850878164         0.7360872766E-01     0.1749016763    
    0.7688960025         0.1882833829E-02     0.5266943897E-01     0.2560393740         0.6498675596         0.5204462975E-01     0.1033945633         0.4182980537         0.6668914331         0.4230768842E-01
    0.2563670397         0.2911640288         0.7336692380E-01     0.2784591168         0.6001666376         0.1705970903E-01     0.3728869900E-01     0.1239094149         0.4475401923         0.3402168334E-01
    0.3843854043         0.1198967932    

                         STEP LENGTH (VM)
    0.2000459671         0.1131692126E-01     0.1382434416         0.2781202403         0.3086352928E-01     0.9037233796E-01     0.3164880500         0.2026595970         0.1003794720E-01     0.2120367860E-01
    0.7398267636E-01     0.2409233758E-01     0.3334889784E-01     0.2206407173         0.2000012597         0.4014920092E-01     0.3335083172E-01     0.3088774526         0.3512128925E-01     0.6026616772E-01
    0.3263216649         0.6994203264E-03     0.2332295093E-01     0.1026653326         0.2266609379         0.2047698366E-01     0.4747391096E-01     0.1630629077         0.2558355360         0.1582891506E-01
    0.1079340023         0.1439140712         0.2495864843E-01     0.9585574992E-01     0.2423115428         0.5746072748E-02     0.1432738315E-01     0.5023159052E-01     0.2135415409         0.1197160432E-01
    0.1789932930         0.4095220268E-01
 

 INTERMEDIATE RESULTS BEFORE NEXT TEMPERATURE REDUCTION

  CURRENT TEMPERATURE:             0.37542    
  MIN FUNCTION VALUE SO FAR:   0.142325805874964420E-01
  TOTAL MOVES:                     840
     DOWNHILL:                     627
     ACCEPTED UPHILL:              192
     REJECTED UPHILL:               21
  TRIALS OUT OF BOUNDS:            414
  NEW MINIMA THIS TEMPERATURE:       0

                         CURRENT OPTIMAL X
    0.9994144167         0.2621305189E-01     0.2859465532         0.7600131438         0.6680385519E-01     0.2093285715         0.9425396647         0.5614388075         0.2252808900E-01     0.1158054220    
    0.1541501843         0.7043747436E-01     0.7849463603E-01     0.9793609488         0.9954254567         0.1170385662         0.1268029731         0.7850878164         0.7360872766E-01     0.1749016763    
    0.7688960025         0.1882833829E-02     0.5266943897E-01     0.2560393740         0.6498675596         0.5204462975E-01     0.1033945633         0.4182980537         0.6668914331         0.4230768842E-01
    0.2563670397         0.2911640288         0.7336692380E-01     0.2784591168         0.6001666376         0.1705970903E-01     0.3728869900E-01     0.1239094149         0.4475401923         0.3402168334E-01
    0.3843854043         0.1198967932    

                         STEP LENGTH (VM)
    0.2000459671         0.1131692126E-01     0.1382434416         0.2781202403         0.3086352928E-01     0.9037233796E-01     0.3164880500         0.2026595970         0.1003794720E-01     0.2120367860E-01
    0.7398267636E-01     0.2409233758E-01     0.3334889784E-01     0.2206407173         0.2000012597         0.4014920092E-01     0.3335083172E-01     0.3088774526         0.3512128925E-01     0.6026616772E-01
    0.3263216649         0.6994203264E-03     0.2332295093E-01     0.1026653326         0.2266609379         0.2047698366E-01     0.4747391096E-01     0.1630629077         0.2558355360         0.1582891506E-01
    0.1079340023         0.1439140712         0.2495864843E-01     0.9585574992E-01     0.2423115428         0.5746072748E-02     0.1432738315E-01     0.5023159052E-01     0.2135415409         0.1197160432E-01
    0.1789932930         0.4095220268E-01
 

 INTERMEDIATE RESULTS BEFORE NEXT TEMPERATURE REDUCTION

  CURRENT TEMPERATURE:             0.28157    
  MIN FUNCTION VALUE SO FAR:   0.134794231583578381E-01
  TOTAL MOVES:                     840
     DOWNHILL:                     636
     ACCEPTED UPHILL:              180
     REJECTED UPHILL:               24
  TRIALS OUT OF BOUNDS:            400
  NEW MINIMA THIS TEMPERATURE:       1

                         CURRENT OPTIMAL X
    0.9994144167         0.3249085792E-01     0.2859465532         0.7600131438         0.6680385519E-01     0.2093285715         0.9425396647         0.5614388075         0.2252808900E-01     0.1158054220    
    0.1541501843         0.7043747436E-01     0.7849463603E-01     0.9793609488         0.9954254567         0.1170385662         0.1268029731         0.7850878164         0.7360872766E-01     0.1749016763    
    0.7688960025         0.1882833829E-02     0.5266943897E-01     0.2560393740         0.6498675596         0.5204462975E-01     0.1033945633         0.4182980537         0.6668914331         0.4230768842E-01
    0.2563670397         0.2911640288         0.7336692380E-01     0.2784591168         0.6001666376         0.1705970903E-01     0.3728869900E-01     0.1239094149         0.4475401923         0.3402168334E-01
    0.3843854043         0.1198967932    

                         STEP LENGTH (VM)
    0.2000459671         0.1131692126E-01     0.1382434416         0.2781202403         0.3086352928E-01     0.9037233796E-01     0.3164880500         0.2026595970         0.1003794720E-01     0.2120367860E-01
    0.7398267636E-01     0.2409233758E-01     0.3334889784E-01     0.2206407173         0.1500009420         0.4014920092E-01     0.3335083172E-01     0.3088774526         0.3512128925E-01     0.6026616772E-01
    0.3263216649         0.6994203264E-03     0.2332295093E-01     0.1026653326         0.2266609379         0.2047698366E-01     0.4747391096E-01     0.1630629077         0.2558355360         0.1582891506E-01
    0.1079340023         0.1439140712         0.2495864843E-01     0.9585574992E-01     0.2423115428         0.5746072748E-02     0.1432738315E-01     0.5023159052E-01     0.2135415409         0.1197160432E-01
    0.1789932930         0.4095220268E-01
 

 INTERMEDIATE RESULTS BEFORE NEXT TEMPERATURE REDUCTION

  CURRENT TEMPERATURE:             0.21118    
  MIN FUNCTION VALUE SO FAR:   0.134794231583578381E-01
  TOTAL MOVES:                     840
     DOWNHILL:                     620
     ACCEPTED UPHILL:              186
     REJECTED UPHILL:               34
  TRIALS OUT OF BOUNDS:            431
  NEW MINIMA THIS TEMPERATURE:       0

                         CURRENT OPTIMAL X
    0.9994144167         0.3249085792E-01     0.2859465532         0.7600131438         0.6680385519E-01     0.2093285715         0.9425396647         0.5614388075         0.2252808900E-01     0.1158054220    
    0.1541501843         0.7043747436E-01     0.7849463603E-01     0.9793609488         0.9954254567         0.1170385662         0.1268029731         0.7850878164         0.7360872766E-01     0.1749016763    
    0.7688960025         0.1882833829E-02     0.5266943897E-01     0.2560393740         0.6498675596         0.5204462975E-01     0.1033945633         0.4182980537         0.6668914331         0.4230768842E-01
    0.2563670397         0.2911640288         0.7336692380E-01     0.2784591168         0.6001666376         0.1705970903E-01     0.3728869900E-01     0.1239094149         0.4475401923         0.3402168334E-01
    0.3843854043         0.1198967932    

                         STEP LENGTH (VM)
    0.2000459671         0.1131692126E-01     0.1382434416         0.2781202403         0.3086352928E-01     0.9037233796E-01     0.3164880500         0.2026595970         0.1003794720E-01     0.2120367860E-01
    0.7398267636E-01     0.2409233758E-01     0.3334889784E-01     0.2206407173         0.7297342884E-01     0.4014920092E-01     0.3335083172E-01     0.3088774526         0.3512128925E-01     0.6026616772E-01
    0.3263216649         0.6994203264E-03     0.2332295093E-01     0.1026653326         0.2266609379         0.2047698366E-01     0.4747391096E-01     0.1630629077         0.2558355360         0.1582891506E-01
    0.1079340023         0.1439140712         0.2495864843E-01     0.9585574992E-01     0.2423115428         0.5746072748E-02     0.1432738315E-01     0.5023159052E-01     0.2135415409         0.1197160432E-01
    0.1789932930         0.4095220268E-01
 

 INTERMEDIATE RESULTS BEFORE NEXT TEMPERATURE REDUCTION

  CURRENT TEMPERATURE:             0.15838    
  MIN FUNCTION VALUE SO FAR:   0.131202215524832636E-01
  TOTAL MOVES:                     840
     DOWNHILL:                     615
     ACCEPTED UPHILL:              185
     REJECTED UPHILL:               40
  TRIALS OUT OF BOUNDS:            403
  NEW MINIMA THIS TEMPERATURE:       0

                         CURRENT OPTIMAL X
    0.9975179214         0.2475679596E-01     0.2787021199         0.7600131438         0.6680385519E-01     0.2093285715         0.9425396647         0.5614388075         0.2252808900E-01     0.1158054220    
    0.1541501843         0.7043747436E-01     0.7849463603E-01     0.9793609488         0.9954254567         0.1170385662         0.1268029731         0.7850878164         0.7360872766E-01     0.1749016763    
    0.7688960025         0.1882833829E-02     0.5266943897E-01     0.2560393740         0.6498675596         0.5204462975E-01     0.1033945633         0.4182980537         0.6668914331         0.4230768842E-01
    0.2563670397         0.2911640288         0.7336692380E-01     0.2784591168         0.6001666376         0.1705970903E-01     0.3728869900E-01     0.1239094149         0.4475401923         0.3402168334E-01
    0.3843854043         0.1198967932    

                         STEP LENGTH (VM)
    0.2000459671         0.1131692126E-01     0.1382434416         0.2781202403         0.3086352928E-01     0.9037233796E-01     0.3164880500         0.1801418595         0.1003794720E-01     0.2120367860E-01
    0.7398267636E-01     0.2409233758E-01     0.3334889784E-01     0.2206407173         0.4864895044E-01     0.4014920092E-01     0.3335083172E-01     0.3088774526         0.3512128925E-01     0.6026616772E-01
    0.3263216649         0.6994203264E-03     0.2332295093E-01     0.1026653326         0.2266609379         0.2047698366E-01     0.4747391096E-01     0.1630629077         0.2558355360         0.1582891506E-01
    0.1079340023         0.1439140712         0.2495864843E-01     0.9585574992E-01     0.2423115428         0.5746072748E-02     0.1432738315E-01     0.5023159052E-01     0.2135415409         0.1197160432E-01
    0.1789932930         0.4095220268E-01
 

 INTERMEDIATE RESULTS BEFORE NEXT TEMPERATURE REDUCTION

  CURRENT TEMPERATURE:             0.11879    
  MIN FUNCTION VALUE SO FAR:   0.131202215524832636E-01
  TOTAL MOVES:                     840
     DOWNHILL:                     625
     ACCEPTED UPHILL:              180
     REJECTED UPHILL:               35
  TRIALS OUT OF BOUNDS:            398
  NEW MINIMA THIS TEMPERATURE:       0

                         CURRENT OPTIMAL X
    0.9975179214         0.2475679596E-01     0.2787021199         0.7600131438         0.6680385519E-01     0.2093285715         0.9425396647         0.5614388075         0.2252808900E-01     0.1158054220    
    0.1541501843         0.7043747436E-01     0.7849463603E-01     0.9793609488         0.9954254567         0.1170385662         0.1268029731         0.7850878164         0.7360872766E-01     0.1749016763    
    0.7688960025         0.1882833829E-02     0.5266943897E-01     0.2560393740         0.6498675596         0.5204462975E-01     0.1033945633         0.4182980537         0.6668914331         0.4230768842E-01
    0.2563670397         0.2911640288         0.7336692380E-01     0.2784591168         0.6001666376         0.1705970903E-01     0.3728869900E-01     0.1239094149         0.4475401923         0.3402168334E-01
    0.3843854043         0.1198967932    

                         STEP LENGTH (VM)
    0.2000459671         0.1131692126E-01     0.1382434416         0.2781202403         0.3086352928E-01     0.9037233796E-01     0.3164880500         0.1557983483         0.1003794720E-01     0.2120367860E-01
    0.7398267636E-01     0.2409233758E-01     0.3334889784E-01     0.2206407173         0.3648671215E-01     0.4014920092E-01     0.3335083172E-01     0.3088774526         0.3512128925E-01     0.6026616772E-01
    0.3263216649         0.6994203264E-03     0.2332295093E-01     0.1026653326         0.2266609379         0.2047698366E-01     0.4747391096E-01     0.1630629077         0.2558355360         0.1582891506E-01
    0.1079340023         0.1439140712         0.2495864843E-01     0.9585574992E-01     0.2423115428         0.5746072748E-02     0.1432738315E-01     0.5023159052E-01     0.2135415409         0.1197160432E-01
    0.1789932930         0.4095220268E-01
 

 INTERMEDIATE RESULTS BEFORE NEXT TEMPERATURE REDUCTION

  CURRENT TEMPERATURE:             0.89090E-01
  MIN FUNCTION VALUE SO FAR:   0.131202215524832636E-01
  TOTAL MOVES:                     840
     DOWNHILL:                     613
     ACCEPTED UPHILL:              183
     REJECTED UPHILL:               44
  TRIALS OUT OF BOUNDS:            425
  NEW MINIMA THIS TEMPERATURE:       0

                         CURRENT OPTIMAL X
    0.9975179214         0.2475679596E-01     0.2787021199         0.7600131438         0.6680385519E-01     0.2093285715         0.9425396647         0.5614388075         0.2252808900E-01     0.1158054220    
    0.1541501843         0.7043747436E-01     0.7849463603E-01     0.9793609488         0.9954254567         0.1170385662         0.1268029731         0.7850878164         0.7360872766E-01     0.1749016763    
    0.7688960025         0.1882833829E-02     0.5266943897E-01     0.2560393740         0.6498675596         0.5204462975E-01     0.1033945633         0.4182980537         0.6668914331         0.4230768842E-01
    0.2563670397         0.2911640288         0.7336692380E-01     0.2784591168         0.6001666376         0.1705970903E-01     0.3728869900E-01     0.1239094149         0.4475401923         0.3402168334E-01
    0.3843854043         0.1198967932    

                         STEP LENGTH (VM)
    0.2000459671         0.1131692126E-01     0.1382434416         0.2781202403         0.3086352928E-01     0.9037233796E-01     0.3164880500         0.1406856025         0.1003794720E-01     0.2120367860E-01
    0.7398267636E-01     0.2409233758E-01     0.3334889784E-01     0.2206407173         0.3729800423E-01     0.4014920092E-01     0.3335083172E-01     0.3088774526         0.3512128925E-01     0.6026616772E-01
    0.3263216649         0.6994203264E-03     0.2332295093E-01     0.1026653326         0.2266609379         0.2047698366E-01     0.4747391096E-01     0.1630629077         0.1049581654         0.1582891506E-01
    0.1079340023         0.1439140712         0.2495864843E-01     0.9585574992E-01     0.2423115428         0.5746072748E-02     0.1432738315E-01     0.5023159052E-01     0.2135415409         0.1197160432E-01
    0.1789932930         0.4095220268E-01
 

 INTERMEDIATE RESULTS BEFORE NEXT TEMPERATURE REDUCTION

  CURRENT TEMPERATURE:             0.66817E-01
  MIN FUNCTION VALUE SO FAR:   0.128142057724954257E-01
  TOTAL MOVES:                     840
     DOWNHILL:                     617
     ACCEPTED UPHILL:              157
     REJECTED UPHILL:               66
  TRIALS OUT OF BOUNDS:            404
  NEW MINIMA THIS TEMPERATURE:       1

                         CURRENT OPTIMAL X
    0.9975179214         0.2942377161E-01     0.2787021199         0.7600131438         0.6680385519E-01     0.2093285715         0.9425396647         0.5614388075         0.2252808900E-01     0.1158054220    
    0.1541501843         0.7043747436E-01     0.7849463603E-01     0.9793609488         0.9954254567         0.1170385662         0.1268029731         0.7850878164         0.7360872766E-01     0.1749016763    
    0.7688960025         0.1882833829E-02     0.5266943897E-01     0.2560393740         0.6498675596         0.5204462975E-01     0.1033945633         0.4182980537         0.6668914331         0.4230768842E-01
    0.2563670397         0.2911640288         0.7336692380E-01     0.2784591168         0.6001666376         0.1705970903E-01     0.3728869900E-01     0.1239094149         0.4475401923         0.3402168334E-01
    0.3843854043         0.1198967932    

                         STEP LENGTH (VM)
    0.2000459671         0.1131692126E-01     0.1382434416         0.2781202403         0.3086352928E-01     0.9037233796E-01     0.3164880500         0.8336924024E-01     0.1003794720E-01     0.2120367860E-01
    0.7398267636E-01     0.2409233758E-01     0.3334889784E-01     0.2206407173         0.2797349894E-01     0.4014920092E-01     0.3335083172E-01     0.3088774526         0.3512128925E-01     0.6026616772E-01
    0.3263216649         0.6994203264E-03     0.2332295093E-01     0.1026653326         0.2266609379         0.2047698366E-01     0.4747391096E-01     0.1630629077         0.1049581515         0.1582891506E-01
    0.1079340023         0.1439140712         0.2495864843E-01     0.9585574992E-01     0.2423115428         0.5746072748E-02     0.1432738315E-01     0.5023159052E-01     0.2135415409         0.1197160432E-01
    0.1789932930         0.4095220268E-01
 

 INTERMEDIATE RESULTS BEFORE NEXT TEMPERATURE REDUCTION

  CURRENT TEMPERATURE:             0.50113E-01
  MIN FUNCTION VALUE SO FAR:   0.128142057724954257E-01
  TOTAL MOVES:                     840
     DOWNHILL:                     597
     ACCEPTED UPHILL:              177
     REJECTED UPHILL:               66
  TRIALS OUT OF BOUNDS:            383
  NEW MINIMA THIS TEMPERATURE:       0

                         CURRENT OPTIMAL X
    0.9975179214         0.2942377161E-01     0.2787021199         0.7600131438         0.6680385519E-01     0.2093285715         0.9425396647         0.5614388075         0.2252808900E-01     0.1158054220    
    0.1541501843         0.7043747436E-01     0.7849463603E-01     0.9793609488         0.9954254567         0.1170385662         0.1268029731         0.7850878164         0.7360872766E-01     0.1749016763    
    0.7688960025         0.1882833829E-02     0.5266943897E-01     0.2560393740         0.6498675596         0.5204462975E-01     0.1033945633         0.4182980537         0.6668914331         0.4230768842E-01
    0.2563670397         0.2911640288         0.7336692380E-01     0.2784591168         0.6001666376         0.1705970903E-01     0.3728869900E-01     0.1239094149         0.4475401923         0.3402168334E-01
    0.3843854043         0.1198967932    

                         STEP LENGTH (VM)
    0.2000459671         0.1131692126E-01     0.1382434416         0.2781202403         0.3086352928E-01     0.9037233796E-01     0.3164880500         0.4055800744E-01     0.1003794720E-01     0.2120367860E-01
    0.7398267636E-01     0.2409233758E-01     0.3334889784E-01     0.2206407173         0.2210251659E-01     0.4014920092E-01     0.3335083172E-01     0.3088774526         0.3512128925E-01     0.6026616772E-01
    0.3263216649         0.6994203264E-03     0.2332295093E-01     0.1026653326         0.2266609379         0.2047698366E-01     0.4747391096E-01     0.1630629077         0.9329611096E-01     0.1582891506E-01
    0.1079340023         0.1439140712         0.2495864843E-01     0.9585574992E-01     0.2423115428         0.5746072748E-02     0.1432738315E-01     0.5023159052E-01     0.2135415409         0.1197160432E-01
    0.1789932930         0.4095220268E-01
 

 INTERMEDIATE RESULTS BEFORE NEXT TEMPERATURE REDUCTION

  CURRENT TEMPERATURE:             0.37585E-01
  MIN FUNCTION VALUE SO FAR:   0.128142057724954257E-01
  TOTAL MOVES:                     840
     DOWNHILL:                     602
     ACCEPTED UPHILL:              148
     REJECTED UPHILL:               90
  TRIALS OUT OF BOUNDS:            411
  NEW MINIMA THIS TEMPERATURE:       0

                         CURRENT OPTIMAL X
    0.9975179214         0.2942377161E-01     0.2787021199         0.7600131438         0.6680385519E-01     0.2093285715         0.9425396647         0.5614388075         0.2252808900E-01     0.1158054220    
    0.1541501843         0.7043747436E-01     0.7849463603E-01     0.9793609488         0.9954254567         0.1170385662         0.1268029731         0.7850878164         0.7360872766E-01     0.1749016763    
    0.7688960025         0.1882833829E-02     0.5266943897E-01     0.2560393740         0.6498675596         0.5204462975E-01     0.1033945633         0.4182980537         0.6668914331         0.4230768842E-01
    0.2563670397         0.2911640288         0.7336692380E-01     0.2784591168         0.6001666376         0.1705970903E-01     0.3728869900E-01     0.1239094149         0.4475401923         0.3402168334E-01
    0.3843854043         0.1198967932    

                         STEP LENGTH (VM)
    0.2000459671         0.1131692126E-01     0.1382434416         0.2781202403         0.3086352928E-01     0.9037233796E-01     0.3164880500         0.3605156127E-01     0.1003794720E-01     0.2120367860E-01
    0.7398267636E-01     0.2409233758E-01     0.3334889784E-01     0.2206407173         0.1301493518E-01     0.4014920092E-01     0.3335083172E-01     0.3088774526         0.3512128925E-01     0.6026616772E-01
    0.3263216649         0.6994203264E-03     0.2332295093E-01     0.1026653326         0.2266609379         0.2047698366E-01     0.4747391096E-01     0.1630629077         0.3724085506E-01     0.1582891506E-01
    0.1079340023         0.1439140712         0.2495864843E-01     0.9585574992E-01     0.2423115428         0.5746072748E-02     0.1432738315E-01     0.5023159052E-01     0.2135415409         0.1197160432E-01
    0.1789932930         0.4095220268E-01
 

 INTERMEDIATE RESULTS BEFORE NEXT TEMPERATURE REDUCTION

  CURRENT TEMPERATURE:             0.28189E-01
  MIN FUNCTION VALUE SO FAR:   0.127795182118998971E-01
  TOTAL MOVES:                     840
     DOWNHILL:                     599
     ACCEPTED UPHILL:              156
     REJECTED UPHILL:               85
  TRIALS OUT OF BOUNDS:            396
  NEW MINIMA THIS TEMPERATURE:       0

                         CURRENT OPTIMAL X
    0.9975179214         0.2746207464E-01     0.3049706065         0.7749006820         0.6941202807E-01     0.2214097976         0.9223773888         0.5614388075         0.2254435940E-01     0.1158054220    
    0.1541501843         0.7043747436E-01     0.7849463603E-01     0.9793609488         0.9954254567         0.1170385662         0.1268029731         0.7850878164         0.7360872766E-01     0.1749016763    
    0.7688960025         0.1882833829E-02     0.5266943897E-01     0.2560393740         0.6498675596         0.5204462975E-01     0.1033945633         0.4182980537         0.6668914331         0.4230768842E-01
    0.2563670397         0.2911640288         0.7336692380E-01     0.2784591168         0.6001666376         0.1705970903E-01     0.3728869900E-01     0.1239094149         0.4475401923         0.3402168334E-01
    0.3843854043         0.1198967932    

                         STEP LENGTH (VM)
    0.2000459671         0.1131692126E-01     0.1382434416         0.2781202403         0.3086352928E-01     0.9037233796E-01     0.3164880500         0.2703867045E-01     0.1003794720E-01     0.2120367860E-01
    0.7398267636E-01     0.2409233758E-01     0.3334889784E-01     0.2206407173         0.1542510654E-01     0.4014920092E-01     0.3335083172E-01     0.3088774526         0.3512128925E-01     0.6026616772E-01
    0.3263216649         0.6994203264E-03     0.2332295093E-01     0.1026653326         0.2266609379         0.2047698366E-01     0.4747391096E-01     0.1630629077         0.2837397810E-01     0.1582891506E-01
    0.1079340023         0.1439140712         0.2495864843E-01     0.9585574992E-01     0.2423115428         0.5746072748E-02     0.1432738315E-01     0.5023159052E-01     0.2135415409         0.1197160432E-01
    0.1789932930         0.4095220268E-01
 

 INTERMEDIATE RESULTS BEFORE NEXT TEMPERATURE REDUCTION

  CURRENT TEMPERATURE:             0.21141E-01
  MIN FUNCTION VALUE SO FAR:   0.126105776948528953E-01
  TOTAL MOVES:                     840
     DOWNHILL:                     571
     ACCEPTED UPHILL:              171
     REJECTED UPHILL:               98
  TRIALS OUT OF BOUNDS:            386
  NEW MINIMA THIS TEMPERATURE:       0

                         CURRENT OPTIMAL X
    0.9975179214         0.2746207464E-01     0.3049706065         0.6457849938         0.8207099316E-01     0.2055096151         0.6895776848         0.5550824053         0.2533473758E-01     0.1121551338    
    0.1958482453         0.7166037918E-01     0.9735042106E-01     0.8843594239         0.9954254567         0.1008349096         0.1032226742         0.7747929421         0.7180297194E-01     0.1568983882    
    0.8503540764         0.1739470725E-02     0.5063519837E-01     0.2560393740         0.6498675596         0.5204462975E-01     0.1033945633         0.4182980537         0.6668914331         0.4230768842E-01
    0.2563670397         0.2911640288         0.7336692380E-01     0.2784591168         0.6001666376         0.1705970903E-01     0.3728869900E-01     0.1239094149         0.4475401923         0.3402168334E-01
    0.3843854043         0.1198967932    

                         STEP LENGTH (VM)
    0.1500344725         0.1131692126E-01     0.1382434416         0.2781202403         0.3086352928E-01     0.9037233796E-01     0.3164880500         0.1753859680E-01     0.1003794720E-01     0.2120367860E-01
    0.7398267636E-01     0.2409233758E-01     0.3334889784E-01     0.2206407173         0.7834974471E-02     0.4014920092E-01     0.3335083172E-01     0.3088774526         0.3512128925E-01     0.6026616772E-01
    0.3263216649         0.6994203264E-03     0.2332295093E-01     0.1026653326         0.2266609379         0.2047698366E-01     0.4747391096E-01     0.1630629077         0.1891598458E-01     0.1582891506E-01
    0.1079340023         0.1439140712         0.2495864843E-01     0.9585574992E-01     0.2423115428         0.5746072748E-02     0.1432738315E-01     0.5023159052E-01     0.2135415409         0.1197160432E-01
    0.1789932930         0.4095220268E-01
 

 INTERMEDIATE RESULTS BEFORE NEXT TEMPERATURE REDUCTION

  CURRENT TEMPERATURE:             0.15856E-01
  MIN FUNCTION VALUE SO FAR:   0.109852371924009668E-01
  TOTAL MOVES:                     840
     DOWNHILL:                     598
     ACCEPTED UPHILL:              130
     REJECTED UPHILL:              112
  TRIALS OUT OF BOUNDS:            404
  NEW MINIMA THIS TEMPERATURE:       1

                         CURRENT OPTIMAL X
    0.9962782398         0.3055628020E-01     0.3404008312         0.6878824103         0.7539341231E-01     0.2157991411         0.9282076020         0.5565707867         0.2180016262E-01     0.1100278737    
    0.2093193396         0.5984237023E-01     0.7418954494E-01     0.9791820398         0.9993940220         0.1044785636         0.1299405886         0.9601965796         0.9730092993E-01     0.1207356975    
    0.6623308758         0.1863605417E-02     0.6954124631E-01     0.2634599804         0.5561805606         0.5896617000E-01     0.1242497675         0.4481814326         0.6684244300         0.3243505033E-01
    0.2936100057         0.3260377928         0.5242380198E-01     0.2569945442         0.5221015709         0.1499848464E-01     0.3869956470E-01     0.1142806577         0.5476852907         0.2728618169E-01
    0.3850033537         0.1189605066    

                         STEP LENGTH (VM)
    0.6924667924E-01     0.1131692126E-01     0.1382434416         0.2781202403         0.3086352928E-01     0.9037233796E-01     0.3164880500         0.1002205521E-01     0.1003794720E-01     0.2120367860E-01
    0.7398267636E-01     0.2409233758E-01     0.3334889784E-01     0.2206407173         0.6964420657E-02     0.4014920092E-01     0.3335083172E-01     0.3088774526         0.3512128925E-01     0.6026616772E-01
    0.3263216649         0.6994203264E-03     0.2332295093E-01     0.1026653326         0.2266609379         0.2047698366E-01     0.4747391096E-01     0.1630629077         0.1418698817E-01     0.1582891506E-01
    0.1079340023         0.1439140712         0.2495864843E-01     0.9585574992E-01     0.2423115428         0.5746072748E-02     0.1432738315E-01     0.5023159052E-01     0.2135415409         0.1197160432E-01
    0.1789932930         0.4095220268E-01
 

 INTERMEDIATE RESULTS BEFORE NEXT TEMPERATURE REDUCTION

  CURRENT TEMPERATURE:             0.11892E-01
  MIN FUNCTION VALUE SO FAR:   0.109764933092919865E-01
  TOTAL MOVES:                     840
     DOWNHILL:                     585
     ACCEPTED UPHILL:              137
     REJECTED UPHILL:              118
  TRIALS OUT OF BOUNDS:            405
  NEW MINIMA THIS TEMPERATURE:       1

                         CURRENT OPTIMAL X
    0.9962782398         0.3055628020E-01     0.3199643267         0.6878824103         0.7539341231E-01     0.2157991411         0.9282076020         0.5565707867         0.2180016262E-01     0.1100278737    
    0.2093193396         0.5984237023E-01     0.7418954494E-01     0.9791820398         0.9993940220         0.1044785636         0.1299405886         0.9601965796         0.9730092993E-01     0.1207356975    
    0.6623308758         0.1863605417E-02     0.6954124631E-01     0.2634599804         0.5561805606         0.5896617000E-01     0.1242497675         0.4481814326         0.6684244300         0.3243505033E-01
    0.2936100057         0.3260377928         0.5242380198E-01     0.2569945442         0.5221015709         0.1499848464E-01     0.3869956470E-01     0.1142806577         0.5476852907         0.2728618169E-01
    0.3850033537         0.1189605066    

                         STEP LENGTH (VM)
    0.3720716342E-01     0.1131692126E-01     0.1382434416         0.2781202403         0.3086352928E-01     0.9037233796E-01     0.3164880500         0.1127481090E-01     0.1003794720E-01     0.2120367860E-01
    0.7398267636E-01     0.2409233758E-01     0.3334889784E-01     0.2206407173         0.6776191615E-02     0.4014920092E-01     0.3335083172E-01     0.3088774526         0.3512128925E-01     0.6026616772E-01
    0.3263216649         0.6994203264E-03     0.2332295093E-01     0.1026653326         0.2266609379         0.2047698366E-01     0.4747391096E-01     0.1630629077         0.1261065584E-01     0.1582891506E-01
    0.1079340023         0.1439140712         0.2495864843E-01     0.9585574992E-01     0.2423115428         0.5746072748E-02     0.1432738315E-01     0.5023159052E-01     0.2135415409         0.1197160432E-01
    0.1789932930         0.4095220268E-01
 

 INTERMEDIATE RESULTS BEFORE NEXT TEMPERATURE REDUCTION

  CURRENT TEMPERATURE:             0.89190E-02
  MIN FUNCTION VALUE SO FAR:   0.109550984572343822E-01
  TOTAL MOVES:                     840
     DOWNHILL:                     584
     ACCEPTED UPHILL:              118
     REJECTED UPHILL:              138
  TRIALS OUT OF BOUNDS:            376
  NEW MINIMA THIS TEMPERATURE:       0

                         CURRENT OPTIMAL X
    0.9962782398         0.3159858916E-01     0.2803998218         0.7253490693         0.6355555701E-01     0.2391136383         0.8468032528         0.5565707867         0.2180016262E-01     0.1100278737    
    0.2093193396         0.5876327228E-01     0.7258967716E-01     0.9306344080         0.9993940220         0.1130775516         0.1175527936         0.7626241704         0.8670422583E-01     0.1252965559    
    0.7436152198         0.1987397677E-02     0.6986163283E-01     0.2269082269         0.5223056366         0.4720320669E-01     0.1043805631         0.4633738364         0.6684244300         0.3243505033E-01
    0.2996151043         0.3260377928         0.5242380198E-01     0.2569945442         0.5221015709         0.1499848464E-01     0.3869956470E-01     0.1142806577         0.5476852907         0.2728618169E-01
    0.3850033537         0.1189605066    

                         STEP LENGTH (VM)
    0.2413437593E-01     0.1131692126E-01     0.1382434416         0.2781202403         0.3086352928E-01     0.9037233796E-01     0.3164880500         0.3758269902E-02     0.1003794623E-01     0.2120367860E-01
    0.7398267636E-01     0.2409233758E-01     0.3334889784E-01     0.2206407173         0.1388010749E-02     0.4014920092E-01     0.3335083172E-01     0.3088774526         0.3512128925E-01     0.6026616772E-01
    0.3263216649         0.6994203264E-03     0.2332295093E-01     0.1026653326         0.2266609379         0.2047698366E-01     0.4747391096E-01     0.1630629077         0.6134913450E-02     0.1582891506E-01
    0.1079340023         0.1439140712         0.2495864843E-01     0.9585574992E-01     0.2423115428         0.5746072748E-02     0.1432738315E-01     0.5023159052E-01     0.2135415409         0.1197160432E-01
    0.1789932930         0.4095220268E-01
 

 INTERMEDIATE RESULTS BEFORE NEXT TEMPERATURE REDUCTION

  CURRENT TEMPERATURE:             0.66893E-02
  MIN FUNCTION VALUE SO FAR:   0.109506133277124853E-01
  TOTAL MOVES:                     840
     DOWNHILL:                     560
     ACCEPTED UPHILL:              119
     REJECTED UPHILL:              161
  TRIALS OUT OF BOUNDS:            352
  NEW MINIMA THIS TEMPERATURE:       2

                         CURRENT OPTIMAL X
    0.9962782398         0.2913259651E-01     0.3320326004         0.6276928063         0.8334557410E-01     0.2421957871         0.7421276635         0.5565707867         0.2218532956E-01     0.1100278737    
    0.2087962640         0.6351572733E-01     0.8028117930E-01     0.8348316587         0.9992981255         0.9723173691E-01     0.1287363701         0.9810107709         0.8445943138E-01     0.1415168943    
    0.8577645579         0.1915523315E-02     0.5850220494E-01     0.2096630107         0.6216152731         0.5792018882E-01     0.1116311058         0.4541622954         0.6693951717         0.3957767680E-01
    0.2568362445         0.3397318334         0.5612560076E-01     0.2160456516         0.6503864412         0.1152014084E-01     0.3780550805E-01     0.1090894931         0.4388957214         0.2673635696E-01
    0.4545037718         0.1157703254    

                         STEP LENGTH (VM)
    0.9342339049E-02     0.1131692126E-01     0.1382434416         0.2781202403         0.3086352928E-01     0.9037233796E-01     0.3164880500         0.1705881318E-02     0.3764229534E-02     0.1100960110E-01
    0.7398267636E-01     0.2409233758E-01     0.3334889784E-01     0.2206407173         0.5839986626E-03     0.4014920092E-01     0.3335083172E-01     0.3088774526         0.3512128925E-01     0.6026616772E-01
    0.3263216649         0.6994203264E-03     0.2332295093E-01     0.1026653326         0.2266609379         0.2047698366E-01     0.4747391096E-01     0.1630629077         0.3635504018E-02     0.1582891506E-01
    0.1079340023         0.1439140712         0.2495864843E-01     0.9585574992E-01     0.2423115428         0.5746072748E-02     0.1432738315E-01     0.4465030158E-01     0.2135415409         0.1197160432E-01
    0.1789932930         0.4095220268E-01
 

 INTERMEDIATE RESULTS BEFORE NEXT TEMPERATURE REDUCTION

  CURRENT TEMPERATURE:             0.50170E-02
  MIN FUNCTION VALUE SO FAR:   0.105563208186257411E-01
  TOTAL MOVES:                     840
     DOWNHILL:                     555
     ACCEPTED UPHILL:              139
     REJECTED UPHILL:              146
  TRIALS OUT OF BOUNDS:            380
  NEW MINIMA THIS TEMPERATURE:       0

                         CURRENT OPTIMAL X
    0.9983807063         0.2665215789E-01     0.3979205359         0.7653354549         0.8378193504E-01     0.2189908914         0.8259707710         0.5566369345         0.2218532956E-01     0.1079736426    
    0.2087962640         0.5371534131E-01     0.8959854302E-01     0.9810236828         0.9992981255         0.8431048470E-01     0.1301174489         0.9190535906         0.7955249548E-01     0.1565830842    
    0.8041366547         0.1406145597E-02     0.5183528408E-01     0.2771786631         0.4952588379         0.4775338687E-01     0.1211889692         0.4865953983         0.6693951717         0.4094998937E-01
    0.3019684688         0.3887570914         0.5844713131E-01     0.2015100687         0.7259124039         0.1152014084E-01     0.3780550805E-01     0.1088059938         0.6327999413         0.2465185612E-01
    0.4643988678         0.8278555839E-01

                         STEP LENGTH (VM)
    0.1743176910E-02     0.1131692126E-01     0.1382434416         0.2781202403         0.3086352928E-01     0.9037233796E-01     0.3164880500         0.7310919720E-03     0.1372710409E-02     0.6524207615E-02
    0.7398267636E-01     0.2409233758E-01     0.3334889784E-01     0.2206407173         0.4573110681E-03     0.4014920092E-01     0.3335083172E-01     0.3088774526         0.3512128925E-01     0.6026616772E-01
    0.3263216649         0.6994203264E-03     0.2332295093E-01     0.1026653326         0.2266609379         0.2047698366E-01     0.4747391096E-01     0.1630629077         0.1360656284E-02     0.1582891506E-01
    0.1079340023         0.1439140712         0.2495864843E-01     0.9585574992E-01     0.2423115428         0.2357362879E-02     0.7342962667E-02     0.5023159052E-01     0.2135415409         0.1197160432E-01
    0.1789932930         0.4095220268E-01
 

 INTERMEDIATE RESULTS BEFORE NEXT TEMPERATURE REDUCTION

  CURRENT TEMPERATURE:             0.37627E-02
  MIN FUNCTION VALUE SO FAR:   0.102262998507354885E-01
  TOTAL MOVES:                     840
     DOWNHILL:                     563
     ACCEPTED UPHILL:              126
     REJECTED UPHILL:              151
  TRIALS OUT OF BOUNDS:            354
  NEW MINIMA THIS TEMPERATURE:       0

                         CURRENT OPTIMAL X
    0.9992262183         0.2714295398E-01     0.4131437881         0.7280452940         0.8415554137E-01     0.2529496983         0.7240514050         0.5561928643         0.2279156796E-01     0.1066113236    
    0.1915019590         0.7017549923E-01     0.8985231300E-01     0.8284279392         0.9998506552         0.1081780218         0.1166695954         0.8649850281         0.7793324842E-01     0.1797265321    
    0.7071809812         0.1756279943E-02     0.4973243510E-01     0.2530326226         0.5787299735         0.6060374372E-01     0.9611618519E-01     0.3287403187         0.6693516668         0.3630151001E-01
    0.2332618241         0.3736541401         0.7380352865E-01     0.2425405037         0.7148003161         0.1536426984E-01     0.3668137332E-01     0.1469760380         0.4705245464         0.2610137418E-01
    0.5300079789         0.1219197771    

                         STEP LENGTH (VM)
    0.5653546304E-03     0.1131692126E-01     0.1382434416         0.2781202403         0.3086352928E-01     0.9037233796E-01     0.3164880500         0.2050688803E-03     0.3031171723E-03     0.1360259418E-02
    0.2766919524E-01     0.2409233758E-01     0.3334889784E-01     0.2206407173         0.1742137308E-03     0.4014920092E-01     0.3335083172E-01     0.3088774526         0.3512128925E-01     0.6026616772E-01
    0.3263216649         0.6994203264E-03     0.2332295093E-01     0.1026653326         0.2266609379         0.2047698366E-01     0.4747391096E-01     0.1630629077         0.3220252790E-03     0.1582891506E-01
    0.1079340023         0.1439140712         0.2495864843E-01     0.9585574992E-01     0.2423115428         0.1064347197E-02     0.4233780111E-02     0.2280015382E-01     0.1423610211         0.1197160432E-01
    0.1789932930         0.4095220268E-01
 

 INTERMEDIATE RESULTS BEFORE NEXT TEMPERATURE REDUCTION

  CURRENT TEMPERATURE:             0.28220E-02
  MIN FUNCTION VALUE SO FAR:   0.997386239647885496E-02
  TOTAL MOVES:                     840
     DOWNHILL:                     545
     ACCEPTED UPHILL:              131
     REJECTED UPHILL:              164
  TRIALS OUT OF BOUNDS:            323
  NEW MINIMA THIS TEMPERATURE:       0

                         CURRENT OPTIMAL X
    0.9996988354         0.2745342904E-01     0.3732291265         0.5810405395         0.7468500253E-01     0.2527364316         0.8304763242         0.5560596735         0.2270063058E-01     0.1062600287    
    0.1818710228         0.7029775582E-01     0.9664930613E-01     0.9963397416         0.9999172780         0.8516677378E-01     0.1147945641         0.7597215108         0.9671877646E-01     0.1340588500    
    0.7804700902         0.2014226774E-02     0.4783413788E-01     0.2478135250         0.5317416733         0.5065273762E-01     0.1412072149         0.3617093733         0.6697003183         0.4690533890E-01
    0.2748428423         0.3829704855         0.7310548097E-01     0.2054786925         0.5947129721         0.1518927583E-01     0.4048458931E-01     0.1392661907         0.6188750395         0.3332084437E-01
    0.4535838731         0.1066680326    

                         STEP LENGTH (VM)
    0.2826772976E-03     0.1131692126E-01     0.1382434416         0.2781202403         0.3086352928E-01     0.9037233796E-01     0.3164880500         0.1041619673E-03     0.2694374798E-03     0.2040388718E-02
    0.2119342172E-01     0.2409233758E-01     0.3334889784E-01     0.2206407173         0.1548566457E-03     0.4014920092E-01     0.3335083172E-01     0.3088774526         0.3512128925E-01     0.6026616772E-01
    0.3263216649         0.6994203264E-03     0.2332295093E-01     0.1026653326         0.2266609379         0.2047698366E-01     0.4747391096E-01     0.1630629077         0.2717087949E-03     0.1582891506E-01
    0.1079340023         0.1439140712         0.2495864843E-01     0.9585574992E-01     0.2423115428         0.4602582208E-03     0.2419302895E-02     0.2280015382E-01     0.1898146520         0.1197160432E-01
    0.1789932930         0.4095220268E-01
 

 INTERMEDIATE RESULTS BEFORE NEXT TEMPERATURE REDUCTION

  CURRENT TEMPERATURE:             0.21165E-02
  MIN FUNCTION VALUE SO FAR:   0.986538177070774708E-02
  TOTAL MOVES:                     840
     DOWNHILL:                     615
     ACCEPTED UPHILL:              136
     REJECTED UPHILL:               89
  TRIALS OUT OF BOUNDS:            346
  NEW MINIMA THIS TEMPERATURE:       1

                         CURRENT OPTIMAL X
    0.9999117368         0.3094638686E-01     0.3294346180         0.7370002294         0.7562514426E-01     0.2281805307         0.6845858325         0.5559324174         0.2267337687E-01     0.1086804249    
    0.1639253283         0.6715461719E-01     0.8207638717E-01     0.9280970264         0.9999530739         0.9490527658E-01     0.1221877780         0.7825227324         0.8656666695E-01     0.1516847619    
    0.7384677402         0.1850680044E-02     0.5664883062E-01     0.2119132783         0.6072539605         0.4619650195E-01     0.1074908863         0.4339896703         0.6698606833         0.3986849411E-01
    0.2651201449         0.4146341586         0.7083414675E-01     0.2402012467         0.6564375947         0.1518927583E-01     0.4086772674E-01     0.1176756323         0.4286877972         0.3484420338E-01
    0.4121612168         0.1199159472    

                         STEP LENGTH (VM)
    0.3818350418E-02     0.1131692126E-01     0.1382434416         0.2781202403         0.3086352928E-01     0.9037233796E-01     0.3164880500         0.5297611296E-03     0.1431123003E-02     0.5441034476E-02
    0.3767718715E-01     0.2409233758E-01     0.3334889784E-01     0.2206407173         0.1223558485E-03     0.4014920092E-01     0.3335083172E-01     0.3088774526         0.3512128925E-01     0.6026616772E-01
    0.3263216649         0.6994203264E-03     0.2332295093E-01     0.1026653326         0.2266609379         0.2047698366E-01     0.4747391096E-01     0.1630629077         0.6239238494E-03     0.1582891506E-01
    0.1079340023         0.1439140712         0.2495864843E-01     0.9585574992E-01     0.2423115428         0.1367340324E-04     0.1432738315E-01     0.5023159052E-01     0.2135415409         0.1197160432E-01
    0.1789932930         0.4095220268E-01
 

 INTERMEDIATE RESULTS BEFORE NEXT TEMPERATURE REDUCTION

  CURRENT TEMPERATURE:             0.15874E-02
  MIN FUNCTION VALUE SO FAR:   0.986538177070774708E-02
  TOTAL MOVES:                     840
     DOWNHILL:                     578
     ACCEPTED UPHILL:              133
     REJECTED UPHILL:              129
  TRIALS OUT OF BOUNDS:            319
  NEW MINIMA THIS TEMPERATURE:       0

                         CURRENT OPTIMAL X
    0.9999117368         0.3094638686E-01     0.3294346180         0.7370002294         0.7562514426E-01     0.2281805307         0.6845858325         0.5559324174         0.2267337687E-01     0.1086804249    
    0.1639253283         0.6715461719E-01     0.8207638717E-01     0.9280970264         0.9999530739         0.9490527658E-01     0.1221877780         0.7825227324         0.8656666695E-01     0.1516847619    
    0.7384677402         0.1850680044E-02     0.5664883062E-01     0.2119132783         0.6072539605         0.4619650195E-01     0.1074908863         0.4339896703         0.6698606833         0.3986849411E-01
    0.2651201449         0.4146341586         0.7083414675E-01     0.2402012467         0.6564375947         0.1518927583E-01     0.4086772674E-01     0.1176756323         0.4286877972         0.3484420338E-01
    0.4121612168         0.1199159472    

                         STEP LENGTH (VM)
    0.2262726019E-02     0.1131692126E-01     0.1382434416         0.2781202403         0.3086352928E-01     0.9037233796E-01     0.3164880500         0.5297610253E-03     0.7334683994E-03     0.1701636008E-02
    0.2896504095E-01     0.2409233758E-01     0.3334889784E-01     0.2206407173         0.9322349394E-04     0.4014920092E-01     0.3335083172E-01     0.3088774526         0.3512128925E-01     0.6026616772E-01
    0.3263216649         0.6994203264E-03     0.2332295093E-01     0.1026653326         0.2266609379         0.2047698366E-01     0.4747391096E-01     0.1630629077         0.4867884694E-03     0.1582891506E-01
    0.1079340023         0.1439140712         0.2495864843E-01     0.9585574992E-01     0.2423115428         0.7202450418E-05     0.1074553716E-01     0.3767369219E-01     0.2135415409         0.1197160432E-01
    0.1789932930         0.4095220268E-01
 

 INTERMEDIATE RESULTS BEFORE NEXT TEMPERATURE REDUCTION

  CURRENT TEMPERATURE:             0.11905E-02
  MIN FUNCTION VALUE SO FAR:   0.985024887593237246E-02
  TOTAL MOVES:                     840
     DOWNHILL:                     586
     ACCEPTED UPHILL:              114
     REJECTED UPHILL:              140
  TRIALS OUT OF BOUNDS:            358
  NEW MINIMA THIS TEMPERATURE:       0

                         CURRENT OPTIMAL X
    0.9999495053         0.2954799239E-01     0.3204271812         0.7413385641         0.6697689256E-01     0.2078474959         0.8043115487         0.5567539462         0.2282084186E-01     0.1076524568    
    0.1502863103         0.6078290994E-01     0.7393180145E-01     0.9876045359         0.9998787644         0.1033335400         0.1312942746         0.9037210611         0.7209647805E-01     0.1320042948    
    0.8432457551         0.2025853627E-02     0.5060629564E-01     0.2363152965         0.5453286036         0.6039295079E-01     0.1227968418         0.3946046292         0.6696711955         0.3799996932E-01
    0.2574922035         0.2931809615         0.5304232130E-01     0.2594485901         0.6215494280         0.1519802194E-01     0.3118995971E-01     0.1487801154         0.5642831492         0.2651928604E-01
    0.4727737406         0.8359993214E-01

                         STEP LENGTH (VM)
    0.1100785511E-02     0.1131692126E-01     0.1228830561         0.2781202403         0.3086352928E-01     0.9037233796E-01     0.3164880500         0.1833787964E-03     0.2743139522E-03     0.1015492370E-02
    0.1314725220E-01     0.2409233758E-01     0.3334889784E-01     0.2206407173         0.4016543615E-04     0.4014920092E-01     0.3335083172E-01     0.3088774526         0.3512128925E-01     0.6026616772E-01
    0.3263216649         0.6994203264E-03     0.2332295093E-01     0.1026653326         0.2266609379         0.2047698366E-01     0.4747391096E-01     0.1630629077         0.1854432164E-03     0.1582891506E-01
    0.1079340023         0.1439140712         0.2495864843E-01     0.9585574992E-01     0.2423115428         0.3677846993E-05     0.5877900599E-02     0.1503814738E-01     0.6392927502E-01     0.1197160432E-01
    0.1789932930         0.4095220268E-01
 

 INTERMEDIATE RESULTS BEFORE NEXT TEMPERATURE REDUCTION

  CURRENT TEMPERATURE:             0.89291E-03
  MIN FUNCTION VALUE SO FAR:   0.982130341146672178E-02
  TOTAL MOVES:                     840
     DOWNHILL:                     606
     ACCEPTED UPHILL:              150
     REJECTED UPHILL:               84
  TRIALS OUT OF BOUNDS:            330
  NEW MINIMA THIS TEMPERATURE:       1

                         CURRENT OPTIMAL X
    0.9997397632         0.2942597264E-01     0.3943510879         0.8318728888         0.6868891245E-01     0.2575050153         0.7745893137         0.5569200603         0.2246016066E-01     0.1067756697    
    0.1632762681         0.5837786734E-01     0.7784721021E-01     0.7847727685         0.9999410944         0.1198381382         0.1200019162         0.8915209547         0.7247507846E-01     0.1724159309    
    0.8191745468         0.1865062979E-02     0.4712886298E-01     0.2882637878         0.5491314786         0.4929352988E-01     0.1179583994         0.4272349951         0.6695960016         0.3197454776E-01
    0.2591483647         0.3704968723         0.6882958116E-01     0.1935694045         0.6351388330         0.1520002451E-01     0.3899678682E-01     0.1447658974         0.5802633146         0.2549852100E-01
    0.3880373454         0.9430524980E-01

                         STEP LENGTH (VM)
    0.1467713559E-02     0.1131692126E-01     0.1382434416         0.2781202403         0.3086352928E-01     0.9037233796E-01     0.3164880500         0.3710554681E-03     0.6244391030E-03     0.1767708776E-02
    0.1752966797E-01     0.2409233758E-01     0.3334889784E-01     0.2206407173         0.7865730710E-04     0.4014920092E-01     0.3335083172E-01     0.3088774526         0.3512128925E-01     0.6026616772E-01
    0.3263216649         0.6994203264E-03     0.2332295093E-01     0.1026653326         0.2266609379         0.2047698366E-01     0.4747391096E-01     0.1630629077         0.3811887299E-03     0.1582891506E-01
    0.1079340023         0.1439140712         0.2495864843E-01     0.9585574992E-01     0.2423115428         0.6436231757E-05     0.1432738315E-01     0.5023159052E-01     0.2135415409         0.1197160432E-01
    0.1789932930         0.4095220268E-01
 

 INTERMEDIATE RESULTS BEFORE NEXT TEMPERATURE REDUCTION

  CURRENT TEMPERATURE:             0.66968E-03
  MIN FUNCTION VALUE SO FAR:   0.978586705525394222E-02
  TOTAL MOVES:                     840
     DOWNHILL:                     625
     ACCEPTED UPHILL:              131
     REJECTED UPHILL:               84
  TRIALS OUT OF BOUNDS:            352
  NEW MINIMA THIS TEMPERATURE:       1

                         CURRENT OPTIMAL X
    0.9999433162         0.2713866592E-01     0.4009799721         0.6833414020         0.8115027218E-01     0.2667164543         0.8960725469         0.5574758351         0.2299652822E-01     0.1059076671    
    0.1526885909         0.4944405045E-01     0.7853327191E-01     0.8135725147         0.9998677971         0.8101213282E-01     0.1117066949         0.8299864801         0.8224117905E-01     0.1419408463    
    0.9276396942         0.2094853637E-02     0.5861235397E-01     0.2611662044         0.5309632650         0.5413718162E-01     0.1282712940         0.4829294119         0.6699497925         0.4583942233E-01
    0.2771209429         0.3749965374         0.5639392844E-01     0.2142754426         0.6871826441         0.1519613580E-01     0.3041232339E-01     0.1019639057         0.6193529033         0.3475517495E-01
    0.5176168351         0.9676371969E-01

                         STEP LENGTH (VM)
    0.1817169034E-02     0.1131692126E-01     0.1382434416         0.2781202403         0.3086352928E-01     0.9037233796E-01     0.3164880500         0.5084833646E-03     0.4229005021E-03     0.1147459983E-02
    0.7956728462E-02     0.2409233758E-01     0.3334889784E-01     0.2206407173         0.8288617997E-04     0.4014920092E-01     0.3335083172E-01     0.3088774526         0.3512128925E-01     0.6026616772E-01
    0.3263216649         0.6994203264E-03     0.2332295093E-01     0.1026653326         0.2266609379         0.2047698366E-01     0.4747391096E-01     0.1630629077         0.3811886794E-03     0.1582891506E-01
    0.1079340023         0.1439140712         0.2495864843E-01     0.9585574992E-01     0.2423115428         0.1001191507E-04     0.1432738315E-01     0.5023159052E-01     0.2135415409         0.1197160432E-01
    0.1789932930         0.4095220268E-01
 

 INTERMEDIATE RESULTS BEFORE NEXT TEMPERATURE REDUCTION

  CURRENT TEMPERATURE:             0.50226E-03
  MIN FUNCTION VALUE SO FAR:   0.978586705525394222E-02
  TOTAL MOVES:                     840
     DOWNHILL:                     638
     ACCEPTED UPHILL:              115
     REJECTED UPHILL:               87
  TRIALS OUT OF BOUNDS:            343
  NEW MINIMA THIS TEMPERATURE:       0

                         CURRENT OPTIMAL X
    0.9999433162         0.2713866592E-01     0.4009799721         0.6833414020         0.8115027218E-01     0.2667164543         0.8960725469         0.5574758351         0.2299652822E-01     0.1059076671    
    0.1526885909         0.4944405045E-01     0.7853327191E-01     0.8135725147         0.9998677971         0.8101213282E-01     0.1117066949         0.8299864801         0.8224117905E-01     0.1419408463    
    0.9276396942         0.2094853637E-02     0.5861235397E-01     0.2611662044         0.5309632650         0.5413718162E-01     0.1282712940         0.4829294119         0.6699497925         0.4583942233E-01
    0.2771209429         0.3749965374         0.5639392844E-01     0.2142754426         0.6871826441         0.1519613580E-01     0.3041232339E-01     0.1019639057         0.6193529033         0.3475517495E-01
    0.5176168351         0.9676371969E-01

                         STEP LENGTH (VM)
    0.3151651944E-02     0.1131692126E-01     0.1382434416         0.2781202403         0.3086352928E-01     0.9037233796E-01     0.3164880500         0.5226078366E-03     0.2429428136E-03     0.1147459855E-02
    0.6713488793E-02     0.2409233758E-01     0.3334889784E-01     0.2206407173         0.1105148963E-03     0.4014920092E-01     0.3335083172E-01     0.3088774526         0.3512128925E-01     0.6026616772E-01
    0.3263216649         0.6994203264E-03     0.2332295093E-01     0.1026653326         0.2266609379         0.2047698366E-01     0.4747391096E-01     0.1630629077         0.4288372182E-03     0.1582891506E-01
    0.1079340023         0.1439140712         0.2495864843E-01     0.9585574992E-01     0.2423115428         0.5772635493E-05     0.1432738315E-01     0.5023159052E-01     0.2135415409         0.1197160432E-01
    0.1789932930         0.4095220268E-01
 

 INTERMEDIATE RESULTS BEFORE NEXT TEMPERATURE REDUCTION

  CURRENT TEMPERATURE:             0.37670E-03
  MIN FUNCTION VALUE SO FAR:   0.970844487456646449E-02
  TOTAL MOVES:                     840
     DOWNHILL:                     626
     ACCEPTED UPHILL:              115
     REJECTED UPHILL:               99
  TRIALS OUT OF BOUNDS:            340
  NEW MINIMA THIS TEMPERATURE:       0

                         CURRENT OPTIMAL X
    0.9998872547         0.3049144399E-01     0.3859060031         0.6256653413         0.8954806471E-01     0.2448137609         0.7526583909         0.5575691408         0.2344642747E-01     0.1037392657    
    0.1539278338         0.7159871525E-01     0.8076026860E-01     0.9704275149         0.9998999909         0.9529932094E-01     0.1234703939         0.7578968615         0.9336902902E-01     0.1618680218    
    0.7276480708         0.1476135630E-02     0.4708998448E-01     0.2080621448         0.4585552078         0.5478385882E-01     0.1027578405         0.4657584294         0.6702562073         0.3822225624E-01
    0.3047580222         0.2966041371         0.6061778277E-01     0.2448786123         0.5648169337         0.1519821693E-01     0.3339697342E-01     0.1140764914         0.4871019287         0.2944607762E-01
    0.3845150840         0.8388152403E-01

                         STEP LENGTH (VM)
    0.1292985373E-02     0.1131692126E-01     0.1382434416         0.2781202403         0.3086352928E-01     0.9037233796E-01     0.3164880500         0.2542416419E-03     0.1537372270E-03     0.8605947613E-03
    0.6532041746E-02     0.2409233758E-01     0.3334889784E-01     0.2206407173         0.9823546096E-04     0.4014920092E-01     0.3335083172E-01     0.3088774526         0.3512128925E-01     0.6026616772E-01
    0.3263216649         0.6994203264E-03     0.2332295093E-01     0.1026653326         0.2266609379         0.2047698366E-01     0.4747391096E-01     0.1630629077         0.3777850910E-03     0.1582891506E-01
    0.1079340023         0.1439140712         0.2495864843E-01     0.9585574992E-01     0.2423115428         0.6552720790E-05     0.1432738315E-01     0.5023159052E-01     0.2135415409         0.1197160432E-01
    0.1789932930         0.4095220268E-01
 

 INTERMEDIATE RESULTS BEFORE NEXT TEMPERATURE REDUCTION

  CURRENT TEMPERATURE:             0.28252E-03
  MIN FUNCTION VALUE SO FAR:   0.963738237969825884E-02
  TOTAL MOVES:                     840
     DOWNHILL:                     621
     ACCEPTED UPHILL:              123
     REJECTED UPHILL:               96
  TRIALS OUT OF BOUNDS:            336
  NEW MINIMA THIS TEMPERATURE:       2

                         CURRENT OPTIMAL X
    0.9999214966         0.3167640017E-01     0.4118121049         0.8286465234         0.8472768206E-01     0.1961319938         0.7405582787         0.5576772270         0.2346102620E-01     0.1030274616    
    0.1504655556         0.5003530818E-01     0.9872366356E-01     0.8027473711         0.9999984289         0.9004291126E-01     0.1081836107         0.8635610472         0.8997285643E-01     0.1615235172    
    0.6989564079         0.1838785966E-02     0.5055511981E-01     0.2137548847         0.4836955231         0.5667645967E-01     0.1136527180         0.4553856937         0.6700601419         0.3286348600E-01
    0.2570319025         0.3843471001         0.5875145271E-01     0.1933126936         0.5945241168         0.1520609967E-01     0.3972256358E-01     0.1389331857         0.6077977270         0.3574641631E-01
    0.4712970036         0.1000237069    

                         STEP LENGTH (VM)
    0.5440171590E-03     0.1131692126E-01     0.1382434416         0.2781202403         0.3086352928E-01     0.9037233796E-01     0.3164880500         0.2413308771E-03     0.1329619118E-03     0.7649730008E-03
    0.3953197344E-02     0.2409233758E-01     0.3334889784E-01     0.2206407173         0.3224750287E-04     0.4014920092E-01     0.3335083172E-01     0.3088774526         0.3512128925E-01     0.6026616772E-01
    0.3263216649         0.6994203264E-03     0.2332295093E-01     0.1026653326         0.2266609379         0.2047698366E-01     0.4747391096E-01     0.1630629077         0.2450497853E-03     0.1582891506E-01
    0.1079340023         0.1439140712         0.2495864843E-01     0.9585574992E-01     0.2423115428         0.6552720790E-05     0.1432738315E-01     0.5023159052E-01     0.2135415409         0.1197160432E-01
    0.1789932930         0.4095220268E-01
 

 INTERMEDIATE RESULTS BEFORE NEXT TEMPERATURE REDUCTION

  CURRENT TEMPERATURE:             0.21189E-03
  MIN FUNCTION VALUE SO FAR:   0.962320112579506844E-02
  TOTAL MOVES:                     840
     DOWNHILL:                     620
     ACCEPTED UPHILL:              128
     REJECTED UPHILL:               92
  TRIALS OUT OF BOUNDS:            338
  NEW MINIMA THIS TEMPERATURE:       1

                         CURRENT OPTIMAL X
    0.9999308825         0.2400996567E-01     0.4032909323         0.8137173928         0.8989516226E-01     0.2381657025         0.7116517111         0.5575365600         0.2369165771E-01     0.1026499171    
    0.1493438445         0.6300044342E-01     0.7497863963E-01     0.8650115982         0.9999849992         0.1190987415         0.1113038741         0.7038423831         0.7897362236E-01     0.1619280213    
    0.6528750994         0.1670352987E-02     0.5018518257E-01     0.2605239378         0.5452271972         0.4940128134E-01     0.9996431535E-01     0.4810531872         0.6699517425         0.4692198655E-01
    0.2658704364         0.3604538804         0.5390989429E-01     0.2129038437         0.7131428063         0.1520473056E-01     0.3368804518E-01     0.1143701764         0.4377429276         0.2794329564E-01
    0.4614028358         0.1004965148    

                         STEP LENGTH (VM)
    0.1538863084E-02     0.1131692126E-01     0.1382434416         0.2781202403         0.3086352928E-01     0.9037233796E-01     0.3164880500         0.2145163091E-03     0.1171331018E-03     0.3278455622E-03
    0.2018653947E-02     0.2409233758E-01     0.3334889784E-01     0.2206407173         0.5592924475E-04     0.4014920092E-01     0.3335083172E-01     0.3088774526         0.3512128925E-01     0.6026616772E-01
    0.3263216649         0.6994203264E-03     0.2332295093E-01     0.1026653326         0.2266609379         0.2047698366E-01     0.4747391096E-01     0.1630629077         0.2450497579E-03     0.1582891506E-01
    0.1079340023         0.1439140712         0.2495864843E-01     0.9585574992E-01     0.2423115428         0.5667217372E-05     0.1432738315E-01     0.5023159052E-01     0.2135415409         0.1197160432E-01
    0.1789932930         0.4095220268E-01
 

 INTERMEDIATE RESULTS BEFORE NEXT TEMPERATURE REDUCTION

  CURRENT TEMPERATURE:             0.15892E-03
  MIN FUNCTION VALUE SO FAR:   0.961299226153253424E-02
  TOTAL MOVES:                     840
     DOWNHILL:                     628
     ACCEPTED UPHILL:              119
     REJECTED UPHILL:               93
  TRIALS OUT OF BOUNDS:            346
  NEW MINIMA THIS TEMPERATURE:       2

                         CURRENT OPTIMAL X
    0.9999308825         0.3046029638E-01     0.3500230590         0.8276626631         0.8288294905E-01     0.2677313457         0.7128348899         0.5576592473         0.2368823713E-01     0.1023442732    
    0.1500669188         0.5064147031E-01     0.9975543659E-01     0.8215774862         0.9999773693         0.1044177100         0.1144972273         0.8144734538         0.8952962882E-01     0.1618407825    
    0.9447662943         0.1821772849E-02     0.6434956616E-01     0.3061246087         0.6683753752         0.4519144492E-01     0.9704773657E-01     0.4557140119         0.6699517425         0.4134895365E-01
    0.2762642241         0.4265791644         0.5668836440E-01     0.2051567054         0.6538731434         0.1520478470E-01     0.3366334642E-01     0.1285885305         0.5080588703         0.2650027386E-01
    0.4839116381         0.8655458442E-01

                         STEP LENGTH (VM)
    0.7102444962E-03     0.1131692126E-01     0.1382434416         0.2781202403         0.3086352928E-01     0.9037233796E-01     0.3164880500         0.1906811590E-03     0.6728921341E-04     0.3278455187E-03
    0.2980668120E-02     0.2409233758E-01     0.3334889784E-01     0.2206407173         0.7457231372E-04     0.4014920092E-01     0.3335083172E-01     0.3088774526         0.3512128925E-01     0.6026616772E-01
    0.3263216649         0.6994203264E-03     0.2332295093E-01     0.1026653326         0.2266609379         0.2047698366E-01     0.4747391096E-01     0.1630629077         0.1378404837E-03     0.1582891506E-01
    0.1079340023         0.1439140712         0.2495864843E-01     0.9585574992E-01     0.2423115428         0.7964736424E-05     0.1432738315E-01     0.5023159052E-01     0.2135415409         0.1197160432E-01
    0.1789932930         0.4095220268E-01
 

  SA ACHIEVED TERMINATION CRITERIA. IER = 0. 


  ****   RESULTS AFTER SA   ****   

                         SOLUTION
    0.9999308825         0.3046029638E-01     0.3500230590         0.8276626631         0.8288294905E-01     0.2677313457         0.7128348899         0.5576592473         0.2368823713E-01     0.1023442732    
    0.1500669188         0.5064147031E-01     0.9975543659E-01     0.8215774862         0.9999773693         0.1044177100         0.1144972273         0.8144734538         0.8952962882E-01     0.1618407825    
    0.9447662943         0.1821772849E-02     0.6434956616E-01     0.3061246087         0.6683753752         0.4519144492E-01     0.9704773657E-01     0.4557140119         0.6699517425         0.4134895365E-01
    0.2762642241         0.4265791644         0.5668836440E-01     0.2051567054         0.6538731434         0.1520478470E-01     0.3366334642E-01     0.1285885305         0.5080588703         0.2650027386E-01
    0.4839116381         0.8655458442E-01

                         FINAL STEP LENGTH
    0.7102444962E-03     0.1131692126E-01     0.1382434416         0.2781202403         0.3086352928E-01     0.9037233796E-01     0.3164880500         0.1906811590E-03     0.6728921341E-04     0.3278455187E-03
    0.2980668120E-02     0.2409233758E-01     0.3334889784E-01     0.2206407173         0.7457231372E-04     0.4014920092E-01     0.3335083172E-01     0.3088774526         0.3512128925E-01     0.6026616772E-01
    0.3263216649         0.6994203264E-03     0.2332295093E-01     0.1026653326         0.2266609379         0.2047698366E-01     0.4747391096E-01     0.1630629077         0.1378404837E-03     0.1582891506E-01
    0.1079340023         0.1439140712         0.2495864843E-01     0.9585574992E-01     0.2423115428         0.7964736424E-05     0.1432738315E-01     0.5023159052E-01     0.2135415409         0.1197160432E-01
    0.1789932930         0.4095220268E-01

 OPTIMAL FUNCTION VALUE:  0.9612992261533E-02
 NUMBER OF FUNCTION EVALUATIONS:          31081
 NUMBER OF ACCEPTED EVALUATIONS:          28413
 NUMBER OF OUT OF BOUND EVALUATIONS:      14141
 FINAL TEMP:  0.1589188766283E-03  IER:   0
