
 SIMULATED PARALLEL ANNEALING by NEIGHBORHOOD EXAMPLE

 NUMBER OF PARAMETERS:  42   MAXIMAZATION:     F
 INITIAL TEMP:  5.0       RT: 0.75       EPS: 0.10E-02
 NS:  24   NT:   5   NEPS:  4
 MAXEVL:  100000000   IPRINT: 1   ISEED1:    7 ISEED2:    8

                         STARTING VALUES
    0.9898557866         0.3576741815E-01     0.2290606499         0.6546486616         0.9800378084E-01     0.2560790420         0.8876053095         0.6255386703         0.5251721740E-01     0.1882575274    
    0.2772574424         0.8273814321E-01     0.1255022883         0.7128390670         0.9993411069         0.9829211235E-01     0.1492367744         0.8464093804         0.7928333879E-01     0.1385639668    
    0.7305167913         0.1579440896E-02     0.5575271249E-01     0.1968956709         0.5934448242         0.7087036371E-01     0.1669074297         0.4182736278         0.7043798555         0.2278103232E-01
    0.2851697087         0.4822847843         0.6391054988E-01     0.2449162245         0.5623775125         0.1779697761E-01     0.4748938680E-01     0.1479458451         0.4093368053         0.4829760194E-01
    0.2838678479         0.1169669032    

                         INITIAL STEP LENGTH
    0.1586225814         0.1073022544E-01     0.6871819497E-01     0.1963945985         0.2940113425E-01     0.7682371260E-01     0.2455354869         0.1876616011         0.1575516522E-01     0.5647725822E-01
    0.8317723272E-01     0.2482144296E-01     0.3765068649E-01     0.2138517201         0.1505600591         0.2948763371E-01     0.4477103232E-01     0.2539228141         0.2378500164E-01     0.4156919004E-01
    0.2191550374         0.4738322688E-03     0.1672581375E-01     0.5906870127E-01     0.1780334473         0.2126110911E-01     0.5007222891E-01     0.1254820883         0.2113139566         0.6834309696E-02
    0.8555091261E-01     0.1446854353         0.1917316496E-01     0.7347486735E-01     0.1687132538         0.5339093283E-02     0.1424681604E-01     0.4438375353E-01     0.1228010416         0.1448928058E-01
    0.8516035437E-01     0.3509007096E-01

                         LOWER BOUND
    0.8413774186         0.3040230543E-01     0.1947015524         0.5564513624         0.8330321371E-01     0.2176671857         0.7544645131         0.5317078698         0.4463963479E-01     0.1600188983    
    0.2356688260         0.7032742173E-01     0.1066769451         0.6059132069         0.8494399409         0.8354829550E-01     0.1268512582         0.7194479733         0.6739083797E-01     0.1177793718    
    0.6209392726         0.1342524762E-02     0.4738980562E-01     0.1673613203         0.5044281006         0.6023980915E-01     0.1418713152         0.3555325836         0.5987228772         0.1936387747E-01
    0.2423942524         0.4099420667         0.5432396740E-01     0.2081787908         0.4780208856         0.1512743097E-01     0.4036597878E-01     0.1257539683         0.3479362845         0.4105296165E-01
    0.2412876707         0.9942186772E-01

                         UPPER BOUND
     1.000000000         0.4113253087E-01     0.2634197474         0.7528459608         0.1127043480         0.2944908983          1.000000000         0.7193694708         0.6039480001E-01     0.2164961565    
    0.3188460588         0.9514886469E-01     0.1443276315         0.8197649270          1.000000000         0.1130359292         0.1716222906         0.9733707875         0.9117583961E-01     0.1593485618    
    0.8400943100         0.1816357030E-02     0.6411561936E-01     0.2264300215         0.6824615478         0.8150091827E-01     0.1919435442         0.4810146720         0.8100368338         0.2619818717E-01
    0.3279451650         0.5546275019         0.7349713236E-01     0.2816536582         0.6467341394         0.2046652425E-01     0.5461279482E-01     0.1701377219         0.4707373261         0.5554224223E-01
    0.3264480251         0.1345119387    

                         C VECTOR
     2.000000000          2.000000000          2.000000000          2.000000000          2.000000000          2.000000000          2.000000000          2.000000000          2.000000000          2.000000000    
     2.000000000          2.000000000          2.000000000          2.000000000          2.000000000          2.000000000          2.000000000          2.000000000          2.000000000          2.000000000    
     2.000000000          2.000000000          2.000000000          2.000000000          2.000000000          2.000000000          2.000000000          2.000000000          2.000000000          2.000000000    
     2.000000000          2.000000000          2.000000000          2.000000000          2.000000000          2.000000000          2.000000000          2.000000000          2.000000000          2.000000000    
     2.000000000          2.000000000    

  ****   END OF DRIVER ROUTINE OUTPUT   ****
  ****   BEFORE CALL TO SA.             ****
  

                         INITIAL X
    0.9898557866         0.3576741815E-01     0.2290606499         0.6546486616         0.9800378084E-01     0.2560790420         0.8876053095         0.6255386703         0.5251721740E-01     0.1882575274    
    0.2772574424         0.8273814321E-01     0.1255022883         0.7128390670         0.9993411069         0.9829211235E-01     0.1492367744         0.8464093804         0.7928333879E-01     0.1385639668    
    0.7305167913         0.1579440896E-02     0.5575271249E-01     0.1968956709         0.5934448242         0.7087036371E-01     0.1669074297         0.4182736278         0.7043798555         0.2278103232E-01
    0.2851697087         0.4822847843         0.6391054988E-01     0.2449162245         0.5623775125         0.1779697761E-01     0.4748938680E-01     0.1479458451         0.4093368053         0.4829760194E-01
    0.2838678479         0.1169669032    
  INITIAL F: 
 0.411162609637067800    

 INTERMEDIATE RESULTS BEFORE NEXT TEMPERATURE REDUCTION

  CURRENT TEMPERATURE:              5.0000    
  MIN FUNCTION VALUE SO FAR:   0.241667604598379895E-01
  TOTAL MOVES:                     420
     DOWNHILL:                     306
     ACCEPTED UPHILL:              114
     REJECTED UPHILL:                0
  TRIALS OUT OF BOUNDS:            212
  NEW MINIMA THIS TEMPERATURE:       6

                         CURRENT OPTIMAL X
    0.8728160624         0.3328170584E-01     0.2151285992         0.5713015504         0.1117474696         0.2792163548         0.8012583358         0.5790573458         0.5404448431E-01     0.1626461325    
    0.3029492485         0.9417520261E-01     0.1221533009         0.6081094895         0.9696966806         0.8408813001E-01     0.1713349372         0.7253314997         0.7780413687E-01     0.1405032956    
    0.8115798466         0.1685988605E-02     0.5961563883E-01     0.1865759661         0.5766836319         0.7815190266E-01     0.1844628966         0.3886548511         0.7663938528         0.2166470129E-01
    0.2727518301         0.4530160315         0.6304921079E-01     0.2218274750         0.5509803886         0.1792690522E-01     0.5351437494E-01     0.1674256256         0.4646449738         0.5429932548E-01
    0.2498155047         0.1250317974    

                         STEP LENGTH (VM)
    0.1586225814         0.1073022544E-01     0.6871819497E-01     0.1963945985         0.2940113425E-01     0.7682371260E-01     0.2455354869         0.1876616011         0.1575516522E-01     0.5647725822E-01
    0.8317723272E-01     0.2482144296E-01     0.3765068649E-01     0.2138517201         0.1505600591         0.2948763371E-01     0.4477103232E-01     0.2539228141         0.2378500164E-01     0.4156919004E-01
    0.2191550374         0.4738322688E-03     0.1672581375E-01     0.5906870127E-01     0.1780334473         0.2126110911E-01     0.5007222891E-01     0.1254820883         0.2113139566         0.6834309696E-02
    0.8555091261E-01     0.1446854353         0.1917316496E-01     0.7347486735E-01     0.1687132538         0.5339093283E-02     0.1424681604E-01     0.4438375353E-01     0.1228010416         0.1448928058E-01
    0.8516035437E-01     0.3509007096E-01
 

 INTERMEDIATE RESULTS BEFORE NEXT TEMPERATURE REDUCTION

  CURRENT TEMPERATURE:              3.7500    
  MIN FUNCTION VALUE SO FAR:   0.281213454263190468E-02
  TOTAL MOVES:                     420
     DOWNHILL:                     305
     ACCEPTED UPHILL:              113
     REJECTED UPHILL:                2
  TRIALS OUT OF BOUNDS:            190
  NEW MINIMA THIS TEMPERATURE:       1

                         CURRENT OPTIMAL X
    0.9986423795         0.3167367207E-01     0.2399974663         0.6225610279         0.1044848048         0.2856034566         0.9019036965         0.5391803898         0.5439126534E-01     0.2038909092    
    0.3181644029         0.8805833212E-01     0.1373934909         0.6817773420         0.9929928687         0.1087518567         0.1446478227         0.8931252340         0.6895577368E-01     0.1509711213    
    0.7222592842         0.1757302254E-02     0.4812671592E-01     0.2247473897         0.5935456770         0.8022509580E-01     0.1676853792         0.3658131344         0.7880901146         0.2494677262E-01
    0.3082065182         0.4907615324         0.6975748422E-01     0.2644865643         0.5157526057         0.1600173228E-01     0.4687408037E-01     0.1607296380         0.4054836602         0.4309128191E-01
    0.2885796263         0.1293832741    

                         STEP LENGTH (VM)
    0.1586225814         0.1073022544E-01     0.6871819497E-01     0.1963945985         0.2940113425E-01     0.7682371260E-01     0.2455354869         0.1876616011         0.1575516522E-01     0.5647725822E-01
    0.8317723272E-01     0.2482144296E-01     0.3765068649E-01     0.2138517201         0.1505600591         0.2948763371E-01     0.4477103232E-01     0.2539228141         0.2378500164E-01     0.4156919004E-01
    0.2191550374         0.4738322688E-03     0.1672581375E-01     0.5906870127E-01     0.1780334473         0.2126110911E-01     0.5007222891E-01     0.1254820883         0.2113139566         0.6834309696E-02
    0.8555091261E-01     0.1446854353         0.1917316496E-01     0.7347486735E-01     0.1687132538         0.5339093283E-02     0.1424681604E-01     0.4438375353E-01     0.1228010416         0.1448928058E-01
    0.8516035437E-01     0.3509007096E-01
 

 INTERMEDIATE RESULTS BEFORE NEXT TEMPERATURE REDUCTION

  CURRENT TEMPERATURE:              2.8125    
  MIN FUNCTION VALUE SO FAR:   0.188689216831109080E-03
  TOTAL MOVES:                     420
     DOWNHILL:                     315
     ACCEPTED UPHILL:              105
     REJECTED UPHILL:                0
  TRIALS OUT OF BOUNDS:            218
  NEW MINIMA THIS TEMPERATURE:       0

                         CURRENT OPTIMAL X
    0.9824152157         0.3167367207E-01     0.2399974663         0.6225610279         0.1044848048         0.2856034566         0.9019036965         0.5391803898         0.5439126534E-01     0.2038909092    
    0.3181644029         0.8805833212E-01     0.1373934909         0.6817773420         0.9929928687         0.1087518567         0.1446478227         0.8931252340         0.6895577368E-01     0.1509711213    
    0.7222592842         0.1757302254E-02     0.4812671592E-01     0.2247473897         0.5935456770         0.8022509580E-01     0.1676853792         0.3658131344         0.7880901146         0.2494677262E-01
    0.3082065182         0.4907615324         0.6975748422E-01     0.2644865643         0.5157526057         0.1600173228E-01     0.4687408037E-01     0.1607296380         0.4054836602         0.4309128191E-01
    0.2885796263         0.1293832741    

                         STEP LENGTH (VM)
    0.1586225814         0.1073022544E-01     0.6871819497E-01     0.1963945985         0.2940113425E-01     0.7682371260E-01     0.2455354869         0.1876616011         0.1575516522E-01     0.5647725822E-01
    0.8317723272E-01     0.2482144296E-01     0.3765068649E-01     0.2138517201         0.1505600591         0.2948763371E-01     0.4477103232E-01     0.2539228141         0.2378500164E-01     0.4156919004E-01
    0.2191550374         0.4738322688E-03     0.1672581375E-01     0.5906870127E-01     0.1780334473         0.2126110911E-01     0.5007222891E-01     0.1254820883         0.2113139566         0.6834309696E-02
    0.8555091261E-01     0.1446854353         0.1917316496E-01     0.7347486735E-01     0.1687132538         0.5339093283E-02     0.1424681604E-01     0.4438375353E-01     0.1228010416         0.1448928058E-01
    0.8516035437E-01     0.3509007096E-01
 

 INTERMEDIATE RESULTS BEFORE NEXT TEMPERATURE REDUCTION

  CURRENT TEMPERATURE:              2.1094    
  MIN FUNCTION VALUE SO FAR:   0.188689216831109080E-03
  TOTAL MOVES:                     420
     DOWNHILL:                     310
     ACCEPTED UPHILL:              110
     REJECTED UPHILL:                0
  TRIALS OUT OF BOUNDS:            204
  NEW MINIMA THIS TEMPERATURE:       0

                         CURRENT OPTIMAL X
    0.9824152157         0.3167367207E-01     0.2399974663         0.6225610279         0.1044848048         0.2856034566         0.9019036965         0.5391803898         0.5439126534E-01     0.2038909092    
    0.3181644029         0.8805833212E-01     0.1373934909         0.6817773420         0.9929928687         0.1087518567         0.1446478227         0.8931252340         0.6895577368E-01     0.1509711213    
    0.7222592842         0.1757302254E-02     0.4812671592E-01     0.2247473897         0.5935456770         0.8022509580E-01     0.1676853792         0.3658131344         0.7880901146         0.2494677262E-01
    0.3082065182         0.4907615324         0.6975748422E-01     0.2644865643         0.5157526057         0.1600173228E-01     0.4687408037E-01     0.1607296380         0.4054836602         0.4309128191E-01
    0.2885796263         0.1293832741    

                         STEP LENGTH (VM)
    0.1586225814         0.1073022544E-01     0.6871819497E-01     0.1963945985         0.2940113425E-01     0.7682371260E-01     0.2455354869         0.1876616011         0.1575516522E-01     0.5647725822E-01
    0.8317723272E-01     0.2482144296E-01     0.3765068649E-01     0.2138517201         0.1505600591         0.2948763371E-01     0.4477103232E-01     0.2539228141         0.2378500164E-01     0.4156919004E-01
    0.2191550374         0.4738322688E-03     0.1672581375E-01     0.5906870127E-01     0.1780334473         0.2126110911E-01     0.5007222891E-01     0.1254820883         0.2113139566         0.6834309696E-02
    0.8555091261E-01     0.1446854353         0.1917316496E-01     0.7347486735E-01     0.1687132538         0.5339093283E-02     0.1424681604E-01     0.4438375353E-01     0.1228010416         0.1448928058E-01
    0.8516035437E-01     0.3509007096E-01
 

 INTERMEDIATE RESULTS BEFORE NEXT TEMPERATURE REDUCTION

  CURRENT TEMPERATURE:              1.5820    
  MIN FUNCTION VALUE SO FAR:   0.188689216831109080E-03
  TOTAL MOVES:                     420
     DOWNHILL:                     302
     ACCEPTED UPHILL:              115
     REJECTED UPHILL:                3
  TRIALS OUT OF BOUNDS:            232
  NEW MINIMA THIS TEMPERATURE:       0

                         CURRENT OPTIMAL X
    0.9824152157         0.3167367207E-01     0.2399974663         0.6225610279         0.1044848048         0.2856034566         0.9019036965         0.5391803898         0.5439126534E-01     0.2038909092    
    0.3181644029         0.8805833212E-01     0.1373934909         0.6817773420         0.9929928687         0.1087518567         0.1446478227         0.8931252340         0.6895577368E-01     0.1509711213    
    0.7222592842         0.1757302254E-02     0.4812671592E-01     0.2247473897         0.5935456770         0.8022509580E-01     0.1676853792         0.3658131344         0.7880901146         0.2494677262E-01
    0.3082065182         0.4907615324         0.6975748422E-01     0.2644865643         0.5157526057         0.1600173228E-01     0.4687408037E-01     0.1607296380         0.4054836602         0.4309128191E-01
    0.2885796263         0.1293832741    

                         STEP LENGTH (VM)
    0.1586225814         0.1073022544E-01     0.6871819497E-01     0.1963945985         0.2940113425E-01     0.7682371260E-01     0.2455354869         0.1876616011         0.1575516522E-01     0.5647725822E-01
    0.8317723272E-01     0.2482144296E-01     0.3765068649E-01     0.2138517201         0.1505600591         0.2948763371E-01     0.4477103232E-01     0.2539228141         0.2378500164E-01     0.4156919004E-01
    0.2191550374         0.4738322688E-03     0.1672581375E-01     0.5906870127E-01     0.1780334473         0.2126110911E-01     0.5007222891E-01     0.1254820883         0.2113139566         0.6834309696E-02
    0.8555091261E-01     0.1446854353         0.1917316496E-01     0.7347486735E-01     0.1687132538         0.5339093283E-02     0.1424681604E-01     0.4438375353E-01     0.1228010416         0.1448928058E-01
    0.8516035437E-01     0.3509007096E-01
 

 INTERMEDIATE RESULTS BEFORE NEXT TEMPERATURE REDUCTION

  CURRENT TEMPERATURE:              1.1865    
  MIN FUNCTION VALUE SO FAR:   0.188689216831109080E-03
  TOTAL MOVES:                     420
     DOWNHILL:                     309
     ACCEPTED UPHILL:              109
     REJECTED UPHILL:                2
  TRIALS OUT OF BOUNDS:            206
  NEW MINIMA THIS TEMPERATURE:       0

                         CURRENT OPTIMAL X
    0.9824152157         0.3167367207E-01     0.2399974663         0.6225610279         0.1044848048         0.2856034566         0.9019036965         0.5391803898         0.5439126534E-01     0.2038909092    
    0.3181644029         0.8805833212E-01     0.1373934909         0.6817773420         0.9929928687         0.1087518567         0.1446478227         0.8931252340         0.6895577368E-01     0.1509711213    
    0.7222592842         0.1757302254E-02     0.4812671592E-01     0.2247473897         0.5935456770         0.8022509580E-01     0.1676853792         0.3658131344         0.7880901146         0.2494677262E-01
    0.3082065182         0.4907615324         0.6975748422E-01     0.2644865643         0.5157526057         0.1600173228E-01     0.4687408037E-01     0.1607296380         0.4054836602         0.4309128191E-01
    0.2885796263         0.1293832741    

                         STEP LENGTH (VM)
    0.1586225814         0.1073022544E-01     0.6871819497E-01     0.1963945985         0.2940113425E-01     0.7682371260E-01     0.2455354869         0.1876616011         0.1575516522E-01     0.5647725822E-01
    0.8317723272E-01     0.2482144296E-01     0.3765068649E-01     0.2138517201         0.1505600591         0.2948763371E-01     0.4477103232E-01     0.2539228141         0.2378500164E-01     0.4156919004E-01
    0.2191550374         0.4738322688E-03     0.1672581375E-01     0.5906870127E-01     0.1780334473         0.2126110911E-01     0.5007222891E-01     0.1254820883         0.2113139566         0.6834309696E-02
    0.8555091261E-01     0.1446854353         0.1917316496E-01     0.7347486735E-01     0.1687132538         0.5339093283E-02     0.1424681604E-01     0.4438375353E-01     0.1228010416         0.1448928058E-01
    0.8516035437E-01     0.3509007096E-01
 

 INTERMEDIATE RESULTS BEFORE NEXT TEMPERATURE REDUCTION

  CURRENT TEMPERATURE:             0.88989    
  MIN FUNCTION VALUE SO FAR:   0.188689216831109080E-03
  TOTAL MOVES:                     420
     DOWNHILL:                     295
     ACCEPTED UPHILL:              124
     REJECTED UPHILL:                1
  TRIALS OUT OF BOUNDS:            200
  NEW MINIMA THIS TEMPERATURE:       0

                         CURRENT OPTIMAL X
    0.9824152157         0.3167367207E-01     0.2399974663         0.6225610279         0.1044848048         0.2856034566         0.9019036965         0.5391803898         0.5439126534E-01     0.2038909092    
    0.3181644029         0.8805833212E-01     0.1373934909         0.6817773420         0.9929928687         0.1087518567         0.1446478227         0.8931252340         0.6895577368E-01     0.1509711213    
    0.7222592842         0.1757302254E-02     0.4812671592E-01     0.2247473897         0.5935456770         0.8022509580E-01     0.1676853792         0.3658131344         0.7880901146         0.2494677262E-01
    0.3082065182         0.4907615324         0.6975748422E-01     0.2644865643         0.5157526057         0.1600173228E-01     0.4687408037E-01     0.1607296380         0.4054836602         0.4309128191E-01
    0.2885796263         0.1293832741    

                         STEP LENGTH (VM)
    0.1586225814         0.1073022544E-01     0.6871819497E-01     0.1963945985         0.2940113425E-01     0.7682371260E-01     0.2455354869         0.1876616011         0.1575516522E-01     0.5647725822E-01
    0.8317723272E-01     0.2482144296E-01     0.3765068649E-01     0.2138517201         0.1505600591         0.2948763371E-01     0.4477103232E-01     0.2539228141         0.2378500164E-01     0.4156919004E-01
    0.2191550374         0.4738322688E-03     0.1672581375E-01     0.5906870127E-01     0.1780334473         0.2126110911E-01     0.5007222891E-01     0.1254820883         0.2113139566         0.6834309696E-02
    0.8555091261E-01     0.1446854353         0.1917316496E-01     0.7347486735E-01     0.1687132538         0.5339093283E-02     0.1424681604E-01     0.4438375353E-01     0.1228010416         0.1448928058E-01
    0.8516035437E-01     0.3509007096E-01
 

 INTERMEDIATE RESULTS BEFORE NEXT TEMPERATURE REDUCTION

  CURRENT TEMPERATURE:             0.66742    
  MIN FUNCTION VALUE SO FAR:   0.188689216831109080E-03
  TOTAL MOVES:                     420
     DOWNHILL:                     306
     ACCEPTED UPHILL:              113
     REJECTED UPHILL:                1
  TRIALS OUT OF BOUNDS:            211
  NEW MINIMA THIS TEMPERATURE:       0

                         CURRENT OPTIMAL X
    0.9824152157         0.3167367207E-01     0.2399974663         0.6225610279         0.1044848048         0.2856034566         0.9019036965         0.5391803898         0.5439126534E-01     0.2038909092    
    0.3181644029         0.8805833212E-01     0.1373934909         0.6817773420         0.9929928687         0.1087518567         0.1446478227         0.8931252340         0.6895577368E-01     0.1509711213    
    0.7222592842         0.1757302254E-02     0.4812671592E-01     0.2247473897         0.5935456770         0.8022509580E-01     0.1676853792         0.3658131344         0.7880901146         0.2494677262E-01
    0.3082065182         0.4907615324         0.6975748422E-01     0.2644865643         0.5157526057         0.1600173228E-01     0.4687408037E-01     0.1607296380         0.4054836602         0.4309128191E-01
    0.2885796263         0.1293832741    

                         STEP LENGTH (VM)
    0.1586225814         0.1073022544E-01     0.6871819497E-01     0.1963945985         0.2940113425E-01     0.7682371260E-01     0.2455354869         0.1876616011         0.1575516522E-01     0.5647725822E-01
    0.8317723272E-01     0.2482144296E-01     0.3765068649E-01     0.2138517201         0.1505600591         0.2948763371E-01     0.4477103232E-01     0.2539228141         0.2378500164E-01     0.4156919004E-01
    0.2191550374         0.4738322688E-03     0.1672581375E-01     0.5906870127E-01     0.1780334473         0.2126110911E-01     0.5007222891E-01     0.1254820883         0.2113139566         0.6834309696E-02
    0.8555091261E-01     0.1446854353         0.1917316496E-01     0.7347486735E-01     0.1687132538         0.5339093283E-02     0.1424681604E-01     0.4438375353E-01     0.1228010416         0.1448928058E-01
    0.8516035437E-01     0.3509007096E-01
 

 INTERMEDIATE RESULTS BEFORE NEXT TEMPERATURE REDUCTION

  CURRENT TEMPERATURE:             0.50056    
  MIN FUNCTION VALUE SO FAR:   0.163288165460775248E-03
  TOTAL MOVES:                     420
     DOWNHILL:                     306
     ACCEPTED UPHILL:              112
     REJECTED UPHILL:                2
  TRIALS OUT OF BOUNDS:            210
  NEW MINIMA THIS TEMPERATURE:       1

                         CURRENT OPTIMAL X
    0.9824152157         0.3496589591E-01     0.2317162788         0.6499761996         0.1044848048         0.2856034566         0.9019036965         0.5391803898         0.5439126534E-01     0.2038909092    
    0.3181644029         0.8805833212E-01     0.1373934909         0.6817773420         0.9929928687         0.1087518567         0.1446478227         0.8931252340         0.6895577368E-01     0.1509711213    
    0.7222592842         0.1757302254E-02     0.4812671592E-01     0.2247473897         0.5935456770         0.8022509580E-01     0.1676853792         0.3658131344         0.7880901146         0.2494677262E-01
    0.3082065182         0.4907615324         0.6975748422E-01     0.2644865643         0.5157526057         0.1600173228E-01     0.4687408037E-01     0.1607296380         0.4054836602         0.4309128191E-01
    0.2885796263         0.1293832741    

                         STEP LENGTH (VM)
    0.1586225814         0.1073022544E-01     0.6871819497E-01     0.1963945985         0.2940113425E-01     0.7682371260E-01     0.2455354869         0.1876616011         0.1575516522E-01     0.5647725822E-01
    0.8317723272E-01     0.2482144296E-01     0.3765068649E-01     0.2138517201         0.1505600591         0.2948763371E-01     0.4477103232E-01     0.2539228141         0.2378500164E-01     0.4156919004E-01
    0.2191550374         0.4738322688E-03     0.1672581375E-01     0.5906870127E-01     0.1780334473         0.2126110911E-01     0.5007222891E-01     0.1254820883         0.2113139566         0.6834309696E-02
    0.8555091261E-01     0.1446854353         0.1917316496E-01     0.7347486735E-01     0.1687132538         0.5339093283E-02     0.1424681604E-01     0.4438375353E-01     0.1228010416         0.1448928058E-01
    0.8516035437E-01     0.3509007096E-01
 

 INTERMEDIATE RESULTS BEFORE NEXT TEMPERATURE REDUCTION

  CURRENT TEMPERATURE:             0.37542    
  MIN FUNCTION VALUE SO FAR:   0.163288165460775248E-03
  TOTAL MOVES:                     420
     DOWNHILL:                     308
     ACCEPTED UPHILL:              103
     REJECTED UPHILL:                9
  TRIALS OUT OF BOUNDS:            205
  NEW MINIMA THIS TEMPERATURE:       0

                         CURRENT OPTIMAL X
    0.9824152157         0.3496589591E-01     0.2317162788         0.6499761996         0.1044848048         0.2856034566         0.9019036965         0.5391803898         0.5439126534E-01     0.2038909092    
    0.3181644029         0.8805833212E-01     0.1373934909         0.6817773420         0.9929928687         0.1087518567         0.1446478227         0.8931252340         0.6895577368E-01     0.1509711213    
    0.7222592842         0.1757302254E-02     0.4812671592E-01     0.2247473897         0.5935456770         0.8022509580E-01     0.1676853792         0.3658131344         0.7880901146         0.2494677262E-01
    0.3082065182         0.4907615324         0.6975748422E-01     0.2644865643         0.5157526057         0.1600173228E-01     0.4687408037E-01     0.1607296380         0.4054836602         0.4309128191E-01
    0.2885796263         0.1293832741    

                         STEP LENGTH (VM)
    0.1586225814         0.1073022544E-01     0.6871819497E-01     0.1963945985         0.2940113425E-01     0.7682371260E-01     0.2455354869         0.1876616011         0.1575516522E-01     0.5647725822E-01
    0.8317723272E-01     0.2482144296E-01     0.3765068649E-01     0.2138517201         0.1505600591         0.2948763371E-01     0.4477103232E-01     0.2539228141         0.2378500164E-01     0.4156919004E-01
    0.2191550374         0.4738322688E-03     0.1672581375E-01     0.5906870127E-01     0.1780334473         0.2126110911E-01     0.5007222891E-01     0.1254820883         0.2113139566         0.6834309696E-02
    0.8555091261E-01     0.1446854353         0.1917316496E-01     0.7347486735E-01     0.1687132538         0.5339093283E-02     0.1424681604E-01     0.4438375353E-01     0.1228010416         0.1448928058E-01
    0.8516035437E-01     0.3509007096E-01
 

 INTERMEDIATE RESULTS BEFORE NEXT TEMPERATURE REDUCTION

  CURRENT TEMPERATURE:             0.28157    
  MIN FUNCTION VALUE SO FAR:   0.163288165460775248E-03
  TOTAL MOVES:                     420
     DOWNHILL:                     305
     ACCEPTED UPHILL:              106
     REJECTED UPHILL:                9
  TRIALS OUT OF BOUNDS:            206
  NEW MINIMA THIS TEMPERATURE:       0

                         CURRENT OPTIMAL X
    0.9824152157         0.3496589591E-01     0.2317162788         0.6499761996         0.1044848048         0.2856034566         0.9019036965         0.5391803898         0.5439126534E-01     0.2038909092    
    0.3181644029         0.8805833212E-01     0.1373934909         0.6817773420         0.9929928687         0.1087518567         0.1446478227         0.8931252340         0.6895577368E-01     0.1509711213    
    0.7222592842         0.1757302254E-02     0.4812671592E-01     0.2247473897         0.5935456770         0.8022509580E-01     0.1676853792         0.3658131344         0.7880901146         0.2494677262E-01
    0.3082065182         0.4907615324         0.6975748422E-01     0.2644865643         0.5157526057         0.1600173228E-01     0.4687408037E-01     0.1607296380         0.4054836602         0.4309128191E-01
    0.2885796263         0.1293832741    

                         STEP LENGTH (VM)
    0.1586225814         0.1073022544E-01     0.6871819497E-01     0.1963945985         0.2940113425E-01     0.7682371260E-01     0.2455354869         0.1876616011         0.1575516522E-01     0.5647725822E-01
    0.8317723272E-01     0.2482144296E-01     0.3765068649E-01     0.2138517201         0.1505600591         0.2948763371E-01     0.4477103232E-01     0.2539228141         0.2378500164E-01     0.4156919004E-01
    0.2191550374         0.4738322688E-03     0.1672581375E-01     0.5906870127E-01     0.1780334473         0.2126110911E-01     0.5007222891E-01     0.1254820883         0.2113139566         0.6834309696E-02
    0.8555091261E-01     0.1446854353         0.1917316496E-01     0.7347486735E-01     0.1687132538         0.5339093283E-02     0.1424681604E-01     0.4438375353E-01     0.1228010416         0.1448928058E-01
    0.8516035437E-01     0.3509007096E-01
 

 INTERMEDIATE RESULTS BEFORE NEXT TEMPERATURE REDUCTION

  CURRENT TEMPERATURE:             0.21118    
  MIN FUNCTION VALUE SO FAR:   0.163288165460775248E-03
  TOTAL MOVES:                     420
     DOWNHILL:                     299
     ACCEPTED UPHILL:              115
     REJECTED UPHILL:                6
  TRIALS OUT OF BOUNDS:            202
  NEW MINIMA THIS TEMPERATURE:       0

                         CURRENT OPTIMAL X
    0.9824152157         0.3496589591E-01     0.2317162788         0.6499761996         0.1044848048         0.2856034566         0.9019036965         0.5391803898         0.5439126534E-01     0.2038909092    
    0.3181644029         0.8805833212E-01     0.1373934909         0.6817773420         0.9929928687         0.1087518567         0.1446478227         0.8931252340         0.6895577368E-01     0.1509711213    
    0.7222592842         0.1757302254E-02     0.4812671592E-01     0.2247473897         0.5935456770         0.8022509580E-01     0.1676853792         0.3658131344         0.7880901146         0.2494677262E-01
    0.3082065182         0.4907615324         0.6975748422E-01     0.2644865643         0.5157526057         0.1600173228E-01     0.4687408037E-01     0.1607296380         0.4054836602         0.4309128191E-01
    0.2885796263         0.1293832741    

                         STEP LENGTH (VM)
    0.1586225814         0.1073022544E-01     0.6871819497E-01     0.1963945985         0.2940113425E-01     0.7682371260E-01     0.2455354869         0.1876616011         0.1575516522E-01     0.5647725822E-01
    0.8317723272E-01     0.2482144296E-01     0.3765068649E-01     0.2138517201         0.1505600591         0.2948763371E-01     0.4477103232E-01     0.2539228141         0.2378500164E-01     0.4156919004E-01
    0.2191550374         0.4738322688E-03     0.1672581375E-01     0.5906870127E-01     0.1780334473         0.2126110911E-01     0.5007222891E-01     0.1254820883         0.2113139566         0.6834309696E-02
    0.8555091261E-01     0.1446854353         0.1917316496E-01     0.7347486735E-01     0.1687132538         0.5339093283E-02     0.1424681604E-01     0.4438375353E-01     0.1228010416         0.1448928058E-01
    0.8516035437E-01     0.3509007096E-01
 

 INTERMEDIATE RESULTS BEFORE NEXT TEMPERATURE REDUCTION

  CURRENT TEMPERATURE:             0.15838    
  MIN FUNCTION VALUE SO FAR:   0.163288165460775248E-03
  TOTAL MOVES:                     420
     DOWNHILL:                     316
     ACCEPTED UPHILL:               92
     REJECTED UPHILL:               12
  TRIALS OUT OF BOUNDS:            204
  NEW MINIMA THIS TEMPERATURE:       0

                         CURRENT OPTIMAL X
    0.9824152157         0.3496589591E-01     0.2317162788         0.6499761996         0.1044848048         0.2856034566         0.9019036965         0.5391803898         0.5439126534E-01     0.2038909092    
    0.3181644029         0.8805833212E-01     0.1373934909         0.6817773420         0.9929928687         0.1087518567         0.1446478227         0.8931252340         0.6895577368E-01     0.1509711213    
    0.7222592842         0.1757302254E-02     0.4812671592E-01     0.2247473897         0.5935456770         0.8022509580E-01     0.1676853792         0.3658131344         0.7880901146         0.2494677262E-01
    0.3082065182         0.4907615324         0.6975748422E-01     0.2644865643         0.5157526057         0.1600173228E-01     0.4687408037E-01     0.1607296380         0.4054836602         0.4309128191E-01
    0.2885796263         0.1293832741    

                         STEP LENGTH (VM)
    0.1586225814         0.1073022544E-01     0.6871819497E-01     0.1963945985         0.2940113425E-01     0.7682371260E-01     0.2455354869         0.1876616011         0.1575516522E-01     0.5647725822E-01
    0.8317723272E-01     0.2482144296E-01     0.3765068649E-01     0.2138517201         0.9766056459E-01     0.2948763371E-01     0.4477103232E-01     0.2539228141         0.2378500164E-01     0.4156919004E-01
    0.2191550374         0.4738322688E-03     0.1672581375E-01     0.5906870127E-01     0.1780334473         0.2126110911E-01     0.5007222891E-01     0.1254820883         0.2113139566         0.6834309696E-02
    0.8555091261E-01     0.1446854353         0.1917316496E-01     0.7347486735E-01     0.1687132538         0.5339093283E-02     0.1424681604E-01     0.4438375353E-01     0.1228010416         0.1448928058E-01
    0.8516035437E-01     0.3509007096E-01
 

 INTERMEDIATE RESULTS BEFORE NEXT TEMPERATURE REDUCTION

  CURRENT TEMPERATURE:             0.11879    
  MIN FUNCTION VALUE SO FAR:   0.163288165460775248E-03
  TOTAL MOVES:                     420
     DOWNHILL:                     297
     ACCEPTED UPHILL:              108
     REJECTED UPHILL:               15
  TRIALS OUT OF BOUNDS:            226
  NEW MINIMA THIS TEMPERATURE:       0

                         CURRENT OPTIMAL X
    0.9824152157         0.3496589591E-01     0.2317162788         0.6499761996         0.1044848048         0.2856034566         0.9019036965         0.5391803898         0.5439126534E-01     0.2038909092    
    0.3181644029         0.8805833212E-01     0.1373934909         0.6817773420         0.9929928687         0.1087518567         0.1446478227         0.8931252340         0.6895577368E-01     0.1509711213    
    0.7222592842         0.1757302254E-02     0.4812671592E-01     0.2247473897         0.5935456770         0.8022509580E-01     0.1676853792         0.3658131344         0.7880901146         0.2494677262E-01
    0.3082065182         0.4907615324         0.6975748422E-01     0.2644865643         0.5157526057         0.1600173228E-01     0.4687408037E-01     0.1607296380         0.4054836602         0.4309128191E-01
    0.2885796263         0.1293832741    

                         STEP LENGTH (VM)
    0.1586225814         0.1073022544E-01     0.6871819497E-01     0.1963945985         0.2940113425E-01     0.7682371260E-01     0.2455354869         0.1876616011         0.1575516522E-01     0.5647725822E-01
    0.8317723272E-01     0.2482144296E-01     0.3765068649E-01     0.2138517201         0.5493406553E-01     0.2948763371E-01     0.4477103232E-01     0.2539228141         0.2378500164E-01     0.4156919004E-01
    0.2191550374         0.4738322688E-03     0.1672581375E-01     0.5906870127E-01     0.1780334473         0.2126110911E-01     0.5007222891E-01     0.1254820883         0.2113139566         0.6834309696E-02
    0.8555091261E-01     0.1446854353         0.1917316496E-01     0.7347486735E-01     0.1687132538         0.5339093283E-02     0.1424681604E-01     0.4438375353E-01     0.1228010416         0.1448928058E-01
    0.8516035437E-01     0.3509007096E-01
 

 INTERMEDIATE RESULTS BEFORE NEXT TEMPERATURE REDUCTION

  CURRENT TEMPERATURE:             0.89090E-01
  MIN FUNCTION VALUE SO FAR:   0.163288165460775248E-03
  TOTAL MOVES:                     420
     DOWNHILL:                     290
     ACCEPTED UPHILL:              112
     REJECTED UPHILL:               18
  TRIALS OUT OF BOUNDS:            202
  NEW MINIMA THIS TEMPERATURE:       0

                         CURRENT OPTIMAL X
    0.9824152157         0.3496589591E-01     0.2317162788         0.6499761996         0.1044848048         0.2856034566         0.9019036965         0.5391803898         0.5439126534E-01     0.2038909092    
    0.3181644029         0.8805833212E-01     0.1373934909         0.6817773420         0.9929928687         0.1087518567         0.1446478227         0.8931252340         0.6895577368E-01     0.1509711213    
    0.7222592842         0.1757302254E-02     0.4812671592E-01     0.2247473897         0.5935456770         0.8022509580E-01     0.1676853792         0.3658131344         0.7880901146         0.2494677262E-01
    0.3082065182         0.4907615324         0.6975748422E-01     0.2644865643         0.5157526057         0.1600173228E-01     0.4687408037E-01     0.1607296380         0.4054836602         0.4309128191E-01
    0.2885796263         0.1293832741    

                         STEP LENGTH (VM)
    0.1586225814         0.1073022544E-01     0.6871819497E-01     0.1963945985         0.2940113425E-01     0.7682371260E-01     0.2455354869         0.1876616011         0.1575516522E-01     0.5647725822E-01
    0.8317723272E-01     0.2482144296E-01     0.3765068649E-01     0.2138517201         0.5646000468E-01     0.2948763371E-01     0.4477103232E-01     0.2539228141         0.2378500164E-01     0.4156919004E-01
    0.2191550374         0.4738322688E-03     0.1672581375E-01     0.5906870127E-01     0.1780334473         0.2126110911E-01     0.5007222891E-01     0.1254820883         0.1542020577         0.6834309696E-02
    0.8555091261E-01     0.1446854353         0.1917316496E-01     0.7347486735E-01     0.1687132538         0.5339093283E-02     0.1424681604E-01     0.4438375353E-01     0.1228010416         0.1448928058E-01
    0.8516035437E-01     0.3509007096E-01
 

 INTERMEDIATE RESULTS BEFORE NEXT TEMPERATURE REDUCTION

  CURRENT TEMPERATURE:             0.66817E-01
  MIN FUNCTION VALUE SO FAR:   0.163288165460775248E-03
  TOTAL MOVES:                     420
     DOWNHILL:                     300
     ACCEPTED UPHILL:              102
     REJECTED UPHILL:               18
  TRIALS OUT OF BOUNDS:            210
  NEW MINIMA THIS TEMPERATURE:       0

                         CURRENT OPTIMAL X
    0.9824152157         0.3496589591E-01     0.2317162788         0.6499761996         0.1044848048         0.2856034566         0.9019036965         0.5391803898         0.5439126534E-01     0.2038909092    
    0.3181644029         0.8805833212E-01     0.1373934909         0.6817773420         0.9929928687         0.1087518567         0.1446478227         0.8931252340         0.6895577368E-01     0.1509711213    
    0.7222592842         0.1757302254E-02     0.4812671592E-01     0.2247473897         0.5935456770         0.8022509580E-01     0.1676853792         0.3658131344         0.7880901146         0.2494677262E-01
    0.3082065182         0.4907615324         0.6975748422E-01     0.2644865643         0.5157526057         0.1600173228E-01     0.4687408037E-01     0.1607296380         0.4054836602         0.4309128191E-01
    0.2885796263         0.1293832741    

                         STEP LENGTH (VM)
    0.1586225814         0.1073022544E-01     0.6871819497E-01     0.1963945985         0.2940113425E-01     0.7682371260E-01     0.2455354869         0.1876616011         0.1575516522E-01     0.5647725822E-01
    0.8317723272E-01     0.2482144296E-01     0.3765068649E-01     0.2138517201         0.6080307142E-01     0.2948763371E-01     0.4477103232E-01     0.2539228141         0.2378500164E-01     0.4156919004E-01
    0.2191550374         0.4738322688E-03     0.1672581375E-01     0.5906870127E-01     0.1780334473         0.2126110911E-01     0.5007222891E-01     0.1254820883         0.1528252229         0.6834309696E-02
    0.8555091261E-01     0.1446854353         0.1917316496E-01     0.7347486735E-01     0.1687132538         0.5339093283E-02     0.1424681604E-01     0.4438375353E-01     0.1228010416         0.1448928058E-01
    0.8516035437E-01     0.3509007096E-01
 

 INTERMEDIATE RESULTS BEFORE NEXT TEMPERATURE REDUCTION

  CURRENT TEMPERATURE:             0.50113E-01
  MIN FUNCTION VALUE SO FAR:   0.604310469862270679E-04
  TOTAL MOVES:                     420
     DOWNHILL:                     285
     ACCEPTED UPHILL:              107
     REJECTED UPHILL:               28
  TRIALS OUT OF BOUNDS:            203
  NEW MINIMA THIS TEMPERATURE:       0

                         CURRENT OPTIMAL X
    0.9824152157         0.3436455309E-01     0.2415291083         0.6218725026         0.9678446349E-01     0.2312731233         0.8771292111         0.5391803898         0.5460651022E-01     0.1968554725    
    0.2421751781         0.7881160482E-01     0.1115734439         0.7939674022         0.9929928687         0.9913960243E-01     0.1395981705         0.7324909805         0.7602085463E-01     0.1200507518    
    0.7657439980         0.1781078770E-02     0.6367406935E-01     0.2155620450         0.5708497344         0.7142766955E-01     0.1718717093         0.4578819650         0.7872215942         0.2579630992E-01
    0.2967479886         0.4121043172         0.5772462618E-01     0.2767066565         0.5474550641         0.1992939426E-01     0.4476560167E-01     0.1368067378         0.4099557799         0.5184302979E-01
    0.3231604422         0.1031277180    

                         STEP LENGTH (VM)
    0.1586225814         0.1073022544E-01     0.6871819497E-01     0.1963945985         0.2940113425E-01     0.7682371260E-01     0.2455354869         0.5897057866E-01     0.1575516522E-01     0.5647725822E-01
    0.8317723272E-01     0.2482144296E-01     0.3765068649E-01     0.2138517201         0.1690278360E-01     0.2948763371E-01     0.4477103232E-01     0.2539228141         0.2378500164E-01     0.4156919004E-01
    0.2191550374         0.4738322688E-03     0.1672581375E-01     0.5906870127E-01     0.1780334473         0.2126110911E-01     0.5007222891E-01     0.1254820883         0.6434745351E-01     0.6834309696E-02
    0.8555091261E-01     0.1446854353         0.1917316496E-01     0.7347486735E-01     0.1687132538         0.5339093283E-02     0.1424681604E-01     0.4438375353E-01     0.1228010416         0.1448928058E-01
    0.8516035437E-01     0.3509007096E-01
 

 INTERMEDIATE RESULTS BEFORE NEXT TEMPERATURE REDUCTION

  CURRENT TEMPERATURE:             0.37585E-01
  MIN FUNCTION VALUE SO FAR:   0.604310469862270679E-04
  TOTAL MOVES:                     420
     DOWNHILL:                     297
     ACCEPTED UPHILL:               94
     REJECTED UPHILL:               29
  TRIALS OUT OF BOUNDS:            221
  NEW MINIMA THIS TEMPERATURE:       0

                         CURRENT OPTIMAL X
    0.9824152157         0.3436455309E-01     0.2415291083         0.6218725026         0.9678446349E-01     0.2312731233         0.8771292111         0.5391803898         0.5460651022E-01     0.1968554725    
    0.2421751781         0.7881160482E-01     0.1115734439         0.7939674022         0.9929928687         0.9913960243E-01     0.1395981705         0.7324909805         0.7602085463E-01     0.1200507518    
    0.7657439980         0.1781078770E-02     0.6367406935E-01     0.2155620450         0.5708497344         0.7142766955E-01     0.1718717093         0.4578819650         0.7872215942         0.2579630992E-01
    0.2967479886         0.4121043172         0.5772462618E-01     0.2767066565         0.5474550641         0.1992939426E-01     0.4476560167E-01     0.1368067378         0.4099557799         0.5184302979E-01
    0.3231604422         0.1031277180    

                         STEP LENGTH (VM)
    0.1586225814         0.1073022544E-01     0.6871819497E-01     0.1963945985         0.2940113425E-01     0.7682371260E-01     0.2455354869         0.1464938985E-01     0.1575516522E-01     0.5647725822E-01
    0.8317723272E-01     0.2482144296E-01     0.3765068649E-01     0.2138517201         0.8585539841E-02     0.2948763371E-01     0.4477103232E-01     0.2539228141         0.2378500164E-01     0.4156919004E-01
    0.2191550374         0.4738322688E-03     0.1672581375E-01     0.5906870127E-01     0.1780334473         0.2126110911E-01     0.5007222891E-01     0.1254820883         0.5719773503E-01     0.6834309696E-02
    0.8555091261E-01     0.1446854353         0.1917316496E-01     0.7347486735E-01     0.1687132538         0.5339093283E-02     0.1424681604E-01     0.4438375353E-01     0.1228010416         0.1448928058E-01
    0.8516035437E-01     0.3509007096E-01
 

 INTERMEDIATE RESULTS BEFORE NEXT TEMPERATURE REDUCTION

  CURRENT TEMPERATURE:             0.28189E-01
  MIN FUNCTION VALUE SO FAR:   0.186263024128113395E-04
  TOTAL MOVES:                     420
     DOWNHILL:                     286
     ACCEPTED UPHILL:               94
     REJECTED UPHILL:               40
  TRIALS OUT OF BOUNDS:            201
  NEW MINIMA THIS TEMPERATURE:       0

                         CURRENT OPTIMAL X
    0.9824152157         0.3354821711E-01     0.2059983022         0.6545919459         0.1056548189         0.2907543156         0.8519499787         0.5391803898         0.4935684257E-01     0.1719412936    
    0.2900859313         0.7881160482E-01     0.1115734439         0.7939674022         0.9929928687         0.9913960243E-01     0.1395981705         0.7324909805         0.7602085463E-01     0.1200507518    
    0.7657439980         0.1781078770E-02     0.6367406935E-01     0.2155620450         0.5708497344         0.7142766955E-01     0.1718717093         0.4578819650         0.7872215942         0.2579630992E-01
    0.2967479886         0.4121043172         0.5772462618E-01     0.2767066565         0.5474550641         0.1992939426E-01     0.4476560167E-01     0.1368067378         0.4099557799         0.5184302979E-01
    0.3231604422         0.1031277180    

                         STEP LENGTH (VM)
    0.1586225814         0.1073022544E-01     0.6871819497E-01     0.1963945985         0.2940113425E-01     0.7682371260E-01     0.2455354869         0.2604335488E-01     0.1575516522E-01     0.5647725822E-01
    0.8317723272E-01     0.2482144296E-01     0.3765068649E-01     0.2138517201         0.1764805102E-01     0.2948763371E-01     0.4477103232E-01     0.2539228141         0.2378500164E-01     0.4156919004E-01
    0.2191550374         0.4738322688E-03     0.1672581375E-01     0.5906870127E-01     0.1780334473         0.2126110911E-01     0.5007222891E-01     0.1254820883         0.4211490942E-01     0.6834309696E-02
    0.8555091261E-01     0.1446854353         0.1917316496E-01     0.7347486735E-01     0.1687132538         0.5339093283E-02     0.1424681604E-01     0.4438375353E-01     0.1228010416         0.1448928058E-01
    0.8516035437E-01     0.3509007096E-01
 

 INTERMEDIATE RESULTS BEFORE NEXT TEMPERATURE REDUCTION

  CURRENT TEMPERATURE:             0.21141E-01
  MIN FUNCTION VALUE SO FAR:   0.436541485483456171E-05
  TOTAL MOVES:                     420
     DOWNHILL:                     280
     ACCEPTED UPHILL:               95
     REJECTED UPHILL:               45
  TRIALS OUT OF BOUNDS:            194
  NEW MINIMA THIS TEMPERATURE:       0

                         CURRENT OPTIMAL X
    0.9824152157         0.4060036792E-01     0.2291266803         0.5962900621         0.9712867331E-01     0.2832262382         0.9621404140         0.5391803898         0.5148566413E-01     0.1747503421    
    0.2900859313         0.9307373622E-01     0.1337340515         0.7867455861         0.9929928687         0.1040717969         0.1589740991         0.7262438968         0.7780714097E-01     0.1384844593    
    0.7082656112         0.1510254593E-02     0.6367406935E-01     0.2155620450         0.5708497344         0.7142766955E-01     0.1718717093         0.4578819650         0.7872215942         0.2579630992E-01
    0.2967479886         0.4121043172         0.5772462618E-01     0.2767066565         0.5474550641         0.1992939426E-01     0.4476560167E-01     0.1368067378         0.4099557799         0.5184302979E-01
    0.3231604422         0.1031277180    

                         STEP LENGTH (VM)
    0.6859354476E-01     0.1073022544E-01     0.6871819497E-01     0.1963945985         0.2940113425E-01     0.7682371260E-01     0.2455354869         0.1496107448E-01     0.1575516522E-01     0.5647725822E-01
    0.8317723272E-01     0.2482144296E-01     0.3765068649E-01     0.2138517201         0.1323603802E-01     0.2948763371E-01     0.4477103232E-01     0.2539228141         0.2378500164E-01     0.4156919004E-01
    0.2191550374         0.4738322688E-03     0.1672581375E-01     0.5906870127E-01     0.1780334473         0.2126110911E-01     0.5007222891E-01     0.1254820883         0.2139169926E-01     0.6834309696E-02
    0.8555091261E-01     0.1446854353         0.1917316496E-01     0.7347486735E-01     0.1687132538         0.5339093283E-02     0.1424681604E-01     0.4438375353E-01     0.1228010416         0.1448928058E-01
    0.8516035437E-01     0.3509007096E-01
 

 INTERMEDIATE RESULTS BEFORE NEXT TEMPERATURE REDUCTION

  CURRENT TEMPERATURE:             0.15856E-01
  MIN FUNCTION VALUE SO FAR:   0.436541485483456171E-05
  TOTAL MOVES:                     420
     DOWNHILL:                     284
     ACCEPTED UPHILL:               94
     REJECTED UPHILL:               42
  TRIALS OUT OF BOUNDS:            204
  NEW MINIMA THIS TEMPERATURE:       0

                         CURRENT OPTIMAL X
    0.9824152157         0.4060036792E-01     0.2291266803         0.5962900621         0.9712867331E-01     0.2832262382         0.9621404140         0.5391803898         0.5148566413E-01     0.1747503421    
    0.2900859313         0.9307373622E-01     0.1337340515         0.7867455861         0.9929928687         0.1040717969         0.1589740991         0.7262438968         0.7780714097E-01     0.1384844593    
    0.7082656112         0.1510254593E-02     0.6367406935E-01     0.2155620450         0.5708497344         0.7142766955E-01     0.1718717093         0.4578819650         0.7872215942         0.2579630992E-01
    0.2967479886         0.4121043172         0.5772462618E-01     0.2767066565         0.5474550641         0.1992939426E-01     0.4476560167E-01     0.1368067378         0.4099557799         0.5184302979E-01
    0.3231604422         0.1031277180    

                         STEP LENGTH (VM)
    0.7716772298E-01     0.1073022544E-01     0.6871819497E-01     0.1963945985         0.2940113425E-01     0.7682371260E-01     0.2455354869         0.1139891271E-01     0.1575516522E-01     0.5647725822E-01
    0.8317723272E-01     0.2482144296E-01     0.3765068649E-01     0.2138517201         0.1456664358E-01     0.2948763371E-01     0.4477103232E-01     0.2539228141         0.2378500164E-01     0.4156919004E-01
    0.2191550374         0.4738322688E-03     0.1672581375E-01     0.5906870127E-01     0.1780334473         0.2126110911E-01     0.5007222891E-01     0.1254820883         0.1901484148E-01     0.6834309696E-02
    0.8555091261E-01     0.1446854353         0.1917316496E-01     0.7347486735E-01     0.1687132538         0.5339093283E-02     0.1424681604E-01     0.4438375353E-01     0.1228010416         0.1448928058E-01
    0.8516035437E-01     0.3509007096E-01
 

 INTERMEDIATE RESULTS BEFORE NEXT TEMPERATURE REDUCTION

  CURRENT TEMPERATURE:             0.11892E-01
  MIN FUNCTION VALUE SO FAR:   0.436541485483456171E-05
  TOTAL MOVES:                     420
     DOWNHILL:                     288
     ACCEPTED UPHILL:               87
     REJECTED UPHILL:               45
  TRIALS OUT OF BOUNDS:            200
  NEW MINIMA THIS TEMPERATURE:       0

                         CURRENT OPTIMAL X
    0.9824152157         0.4060036792E-01     0.2291266803         0.5962900621         0.9712867331E-01     0.2832262382         0.9621404140         0.5391803898         0.5148566413E-01     0.1747503421    
    0.2900859313         0.9307373622E-01     0.1337340515         0.7867455861         0.9929928687         0.1040717969         0.1589740991         0.7262438968         0.7780714097E-01     0.1384844593    
    0.7082656112         0.1510254593E-02     0.6367406935E-01     0.2155620450         0.5708497344         0.7142766955E-01     0.1718717093         0.4578819650         0.7872215942         0.2579630992E-01
    0.2967479886         0.4121043172         0.5772462618E-01     0.2767066565         0.5474550641         0.1992939426E-01     0.4476560167E-01     0.1368067378         0.4099557799         0.5184302979E-01
    0.3231604422         0.1031277180    

                         STEP LENGTH (VM)
    0.5879444950E-01     0.1073022544E-01     0.6871819497E-01     0.1963945985         0.2940113425E-01     0.7682371260E-01     0.2455354869         0.8549184370E-02     0.1575516522E-01     0.5647725822E-01
    0.8317723272E-01     0.2482144296E-01     0.3765068649E-01     0.2138517201         0.5451843054E-02     0.2948763371E-01     0.4477103232E-01     0.2539228141         0.2378500164E-01     0.4156919004E-01
    0.2191550374         0.4738322688E-03     0.1672581375E-01     0.5906870127E-01     0.1780334473         0.2126110911E-01     0.5007222891E-01     0.1254820883         0.1604377047E-01     0.6834309696E-02
    0.8555091261E-01     0.1446854353         0.1917316496E-01     0.7347486735E-01     0.1687132538         0.5339093283E-02     0.1424681604E-01     0.4438375353E-01     0.1228010416         0.1448928058E-01
    0.8516035437E-01     0.3509007096E-01
 

 INTERMEDIATE RESULTS BEFORE NEXT TEMPERATURE REDUCTION

  CURRENT TEMPERATURE:             0.89190E-02
  MIN FUNCTION VALUE SO FAR:   0.436541485483456171E-05
  TOTAL MOVES:                     420
     DOWNHILL:                     282
     ACCEPTED UPHILL:               74
     REJECTED UPHILL:               64
  TRIALS OUT OF BOUNDS:            197
  NEW MINIMA THIS TEMPERATURE:       0

                         CURRENT OPTIMAL X
    0.9824152157         0.4060036792E-01     0.2291266803         0.5962900621         0.9712867331E-01     0.2832262382         0.9621404140         0.5391803898         0.5148566413E-01     0.1747503421    
    0.2900859313         0.9307373622E-01     0.1337340515         0.7867455861         0.9929928687         0.1040717969         0.1589740991         0.7262438968         0.7780714097E-01     0.1384844593    
    0.7082656112         0.1510254593E-02     0.6367406935E-01     0.2155620450         0.5708497344         0.7142766955E-01     0.1718717093         0.4578819650         0.7872215942         0.2579630992E-01
    0.2967479886         0.4121043172         0.5772462618E-01     0.2767066565         0.5474550641         0.1992939426E-01     0.4476560167E-01     0.1368067378         0.4099557799         0.5184302979E-01
    0.3231604422         0.1031277180    

                         STEP LENGTH (VM)
    0.2921126685E-01     0.1073022544E-01     0.6871819497E-01     0.1963945985         0.2940113425E-01     0.7682371260E-01     0.2455354869         0.1082005914E-01     0.1575516522E-01     0.5647725822E-01
    0.8317723272E-01     0.2482144296E-01     0.3765068649E-01     0.2138517201         0.6005545231E-02     0.2948763371E-01     0.4477103232E-01     0.2539228141         0.2378500164E-01     0.4156919004E-01
    0.2191550374         0.4738322688E-03     0.1672581375E-01     0.5906870127E-01     0.1780334473         0.2126110911E-01     0.5007222891E-01     0.1254820883         0.1069584652E-01     0.6834309696E-02
    0.8555091261E-01     0.1446854353         0.1917316496E-01     0.7347486735E-01     0.1687132538         0.5339093283E-02     0.1424681604E-01     0.4438375353E-01     0.1228010416         0.1448928058E-01
    0.8516035437E-01     0.3509007096E-01
 

 INTERMEDIATE RESULTS BEFORE NEXT TEMPERATURE REDUCTION

  CURRENT TEMPERATURE:             0.66893E-02
  MIN FUNCTION VALUE SO FAR:   0.436541485483456171E-05
  TOTAL MOVES:                     420
     DOWNHILL:                     287
     ACCEPTED UPHILL:               73
     REJECTED UPHILL:               60
  TRIALS OUT OF BOUNDS:            192
  NEW MINIMA THIS TEMPERATURE:       0

                         CURRENT OPTIMAL X
    0.9824152157         0.4060036792E-01     0.2291266803         0.5962900621         0.9712867331E-01     0.2832262382         0.9621404140         0.5391803898         0.5148566413E-01     0.1747503421    
    0.2900859313         0.9307373622E-01     0.1337340515         0.7867455861         0.9929928687         0.1040717969         0.1589740991         0.7262438968         0.7780714097E-01     0.1384844593    
    0.7082656112         0.1510254593E-02     0.6367406935E-01     0.2155620450         0.5708497344         0.7142766955E-01     0.1718717093         0.4578819650         0.7872215942         0.2579630992E-01
    0.2967479886         0.4121043172         0.5772462618E-01     0.2767066565         0.5474550641         0.1992939426E-01     0.4476560167E-01     0.1368067378         0.4099557799         0.5184302979E-01
    0.3231604422         0.1031277180    

                         STEP LENGTH (VM)
    0.2587061153E-01     0.1073022544E-01     0.6871819497E-01     0.1963945985         0.2940113425E-01     0.7682371260E-01     0.2455354869         0.7366848031E-02     0.1575516522E-01     0.5647725822E-01
    0.8317723272E-01     0.2482144296E-01     0.3765068649E-01     0.2138517201         0.3212069434E-02     0.2948763371E-01     0.4477103232E-01     0.2539228141         0.2378500164E-01     0.4156919004E-01
    0.2191550374         0.4738322688E-03     0.1672581375E-01     0.5906870127E-01     0.1780334473         0.2126110911E-01     0.5007222891E-01     0.1254820883         0.3964483553E-02     0.6834309696E-02
    0.8555091261E-01     0.1446854353         0.1917316496E-01     0.7347486735E-01     0.1687132538         0.5339093283E-02     0.1424681604E-01     0.4438375353E-01     0.1228010416         0.1448928058E-01
    0.8516035437E-01     0.3509007096E-01
 

 INTERMEDIATE RESULTS BEFORE NEXT TEMPERATURE REDUCTION

  CURRENT TEMPERATURE:             0.50170E-02
  MIN FUNCTION VALUE SO FAR:   0.436541485483456171E-05
  TOTAL MOVES:                     420
     DOWNHILL:                     270
     ACCEPTED UPHILL:               84
     REJECTED UPHILL:               66
  TRIALS OUT OF BOUNDS:            193
  NEW MINIMA THIS TEMPERATURE:       0

                         CURRENT OPTIMAL X
    0.9824152157         0.4060036792E-01     0.2291266803         0.5962900621         0.9712867331E-01     0.2832262382         0.9621404140         0.5391803898         0.5148566413E-01     0.1747503421    
    0.2900859313         0.9307373622E-01     0.1337340515         0.7867455861         0.9929928687         0.1040717969         0.1589740991         0.7262438968         0.7780714097E-01     0.1384844593    
    0.7082656112         0.1510254593E-02     0.6367406935E-01     0.2155620450         0.5708497344         0.7142766955E-01     0.1718717093         0.4578819650         0.7872215942         0.2579630992E-01
    0.2967479886         0.4121043172         0.5772462618E-01     0.2767066565         0.5474550641         0.1992939426E-01     0.4476560167E-01     0.1368067378         0.4099557799         0.5184302979E-01
    0.3231604422         0.1031277180    

                         STEP LENGTH (VM)
    0.1592037475E-01     0.1073022544E-01     0.6871819497E-01     0.1963945985         0.2940113425E-01     0.7682371260E-01     0.2455354869         0.3609160649E-02     0.1575516522E-01     0.5647725822E-01
    0.8317723272E-01     0.2482144296E-01     0.3765068649E-01     0.2138517201         0.2409051712E-02     0.2948763371E-01     0.4477103232E-01     0.2539228141         0.2378500164E-01     0.4156919004E-01
    0.2191550374         0.4738322688E-03     0.1672581375E-01     0.5906870127E-01     0.1780334473         0.2126110911E-01     0.5007222891E-01     0.1254820883         0.2571556863E-02     0.6834309696E-02
    0.8555091261E-01     0.1446854353         0.1917316496E-01     0.7347486735E-01     0.1687132538         0.3463195135E-02     0.1424681604E-01     0.4438375353E-01     0.1228010416         0.1448928058E-01
    0.8516035437E-01     0.3509007096E-01
 

 INTERMEDIATE RESULTS BEFORE NEXT TEMPERATURE REDUCTION

  CURRENT TEMPERATURE:             0.37627E-02
  MIN FUNCTION VALUE SO FAR:   0.436541485483456171E-05
  TOTAL MOVES:                     420
     DOWNHILL:                     275
     ACCEPTED UPHILL:               70
     REJECTED UPHILL:               75
  TRIALS OUT OF BOUNDS:            197
  NEW MINIMA THIS TEMPERATURE:       0

                         CURRENT OPTIMAL X
    0.9824152157         0.4060036792E-01     0.2291266803         0.5962900621         0.9712867331E-01     0.2832262382         0.9621404140         0.5391803898         0.5148566413E-01     0.1747503421    
    0.2900859313         0.9307373622E-01     0.1337340515         0.7867455861         0.9929928687         0.1040717969         0.1589740991         0.7262438968         0.7780714097E-01     0.1384844593    
    0.7082656112         0.1510254593E-02     0.6367406935E-01     0.2155620450         0.5708497344         0.7142766955E-01     0.1718717093         0.4578819650         0.7872215942         0.2579630992E-01
    0.2967479886         0.4121043172         0.5772462618E-01     0.2767066565         0.5474550641         0.1992939426E-01     0.4476560167E-01     0.1368067378         0.4099557799         0.5184302979E-01
    0.3231604422         0.1031277180    

                         STEP LENGTH (VM)
    0.4645458808E-02     0.6186796412E-02     0.6871819497E-01     0.1963945985         0.2940113425E-01     0.7682371260E-01     0.2455354869         0.1184769912E-02     0.1575516522E-01     0.5647725822E-01
    0.8317723272E-01     0.2482144296E-01     0.3765068649E-01     0.2138517201         0.9226155246E-03     0.2948763371E-01     0.4477103232E-01     0.2539228141         0.2378500164E-01     0.4156919004E-01
    0.2191550374         0.4738322688E-03     0.1672581375E-01     0.5906870127E-01     0.1780334473         0.2126110911E-01     0.5007222891E-01     0.1254820883         0.9796406567E-03     0.6834309696E-02
    0.8555091261E-01     0.1446854353         0.1917316496E-01     0.7347486735E-01     0.1687132538         0.2246396813E-02     0.9497876947E-02     0.3945222438E-01     0.1228010416         0.1448928058E-01
    0.8516035437E-01     0.3509007096E-01
 

 INTERMEDIATE RESULTS BEFORE NEXT TEMPERATURE REDUCTION

  CURRENT TEMPERATURE:             0.28220E-02
  MIN FUNCTION VALUE SO FAR:   0.436541485483456171E-05
  TOTAL MOVES:                     420
     DOWNHILL:                     271
     ACCEPTED UPHILL:               70
     REJECTED UPHILL:               79
  TRIALS OUT OF BOUNDS:            161
  NEW MINIMA THIS TEMPERATURE:       0

                         CURRENT OPTIMAL X
    0.9824152157         0.4060036792E-01     0.2291266803         0.5962900621         0.9712867331E-01     0.2832262382         0.9621404140         0.5391803898         0.5148566413E-01     0.1747503421    
    0.2900859313         0.9307373622E-01     0.1337340515         0.7867455861         0.9929928687         0.1040717969         0.1589740991         0.7262438968         0.7780714097E-01     0.1384844593    
    0.7082656112         0.1510254593E-02     0.6367406935E-01     0.2155620450         0.5708497344         0.7142766955E-01     0.1718717093         0.4578819650         0.7872215942         0.2579630992E-01
    0.2967479886         0.4121043172         0.5772462618E-01     0.2767066565         0.5474550641         0.1992939426E-01     0.4476560167E-01     0.1368067378         0.4099557799         0.5184302979E-01
    0.3231604422         0.1031277180    

                         STEP LENGTH (VM)
    0.1291401620E-02     0.6392473311E-02     0.6871819497E-01     0.1963945985         0.2940113425E-01     0.7682371260E-01     0.2455354869         0.3075844831E-03     0.1575516522E-01     0.5647725822E-01
    0.8317723272E-01     0.2482144296E-01     0.3765068649E-01     0.2138517201         0.1824953721E-03     0.2948763371E-01     0.4477103232E-01     0.2539228141         0.2378500164E-01     0.4156919004E-01
    0.2191550374         0.4738322688E-03     0.1672581375E-01     0.5906870127E-01     0.1780334473         0.2126110911E-01     0.5007222891E-01     0.1254820883         0.1750226300E-03     0.3548583135E-02
    0.7418867314E-01     0.1446854353         0.1917316496E-01     0.7347486735E-01     0.1687132538         0.2908185569E-03     0.2247853856E-02     0.6858149961E-02     0.3360433673E-01     0.1448928058E-01
    0.8516035437E-01     0.3509007096E-01
 

 INTERMEDIATE RESULTS BEFORE NEXT TEMPERATURE REDUCTION

  CURRENT TEMPERATURE:             0.21165E-02
  MIN FUNCTION VALUE SO FAR:   0.436541485483456171E-05
  TOTAL MOVES:                     420
     DOWNHILL:                     272
     ACCEPTED UPHILL:               61
     REJECTED UPHILL:               87
  TRIALS OUT OF BOUNDS:            161
  NEW MINIMA THIS TEMPERATURE:       0

                         CURRENT OPTIMAL X
    0.9824152157         0.4060036792E-01     0.2291266803         0.5962900621         0.9712867331E-01     0.2832262382         0.9621404140         0.5391803898         0.5148566413E-01     0.1747503421    
    0.2900859313         0.9307373622E-01     0.1337340515         0.7867455861         0.9929928687         0.1040717969         0.1589740991         0.7262438968         0.7780714097E-01     0.1384844593    
    0.7082656112         0.1510254593E-02     0.6367406935E-01     0.2155620450         0.5708497344         0.7142766955E-01     0.1718717093         0.4578819650         0.7872215942         0.2579630992E-01
    0.2967479886         0.4121043172         0.5772462618E-01     0.2767066565         0.5474550641         0.1992939426E-01     0.4476560167E-01     0.1368067378         0.4099557799         0.5184302979E-01
    0.3231604422         0.1031277180    

                         STEP LENGTH (VM)
    0.2444253048E-03     0.4425557532E-02     0.6871819497E-01     0.1963945985         0.2940113425E-01     0.7682371260E-01     0.2455354869         0.5225274626E-04     0.1575516522E-01     0.5647725822E-01
    0.8317723272E-01     0.2482144296E-01     0.3765068649E-01     0.2138517201         0.8239649461E-04     0.2948763371E-01     0.4477103232E-01     0.2539228141         0.2378500164E-01     0.4156919004E-01
    0.2191550374         0.4738322688E-03     0.1672581375E-01     0.5906870127E-01     0.1780334473         0.2126110911E-01     0.5007222891E-01     0.1254820883         0.7500969638E-04     0.1424161796E-02
    0.6594548560E-01     0.1085140623         0.1917316496E-01     0.7347486735E-01     0.1687132538         0.3227089277E-04     0.1498569173E-02     0.8209896206E-03     0.4816746768E-02     0.1448928058E-01
    0.8516035437E-01     0.3509007096E-01
 

 INTERMEDIATE RESULTS BEFORE NEXT TEMPERATURE REDUCTION

  CURRENT TEMPERATURE:             0.15874E-02
  MIN FUNCTION VALUE SO FAR:   0.436541485483456171E-05
  TOTAL MOVES:                     420
     DOWNHILL:                     258
     ACCEPTED UPHILL:               49
     REJECTED UPHILL:              113
  TRIALS OUT OF BOUNDS:            158
  NEW MINIMA THIS TEMPERATURE:       0

                         CURRENT OPTIMAL X
    0.9824152157         0.4060036792E-01     0.2291266803         0.5962900621         0.9712867331E-01     0.2832262382         0.9621404140         0.5391803898         0.5148566413E-01     0.1747503421    
    0.2900859313         0.9307373622E-01     0.1337340515         0.7867455861         0.9929928687         0.1040717969         0.1589740991         0.7262438968         0.7780714097E-01     0.1384844593    
    0.7082656112         0.1510254593E-02     0.6367406935E-01     0.2155620450         0.5708497344         0.7142766955E-01     0.1718717093         0.4578819650         0.7872215942         0.2579630992E-01
    0.2967479886         0.4121043172         0.5772462618E-01     0.2767066565         0.5474550641         0.1992939426E-01     0.4476560167E-01     0.1368067378         0.4099557799         0.5184302979E-01
    0.3231604422         0.1031277180    

                         STEP LENGTH (VM)
    0.2070107280E-04     0.8018348746E-03     0.2276117022E-01     0.1122254751         0.2940113425E-01     0.7682371260E-01     0.2455354869         0.1794882122E-05     0.1575516522E-01     0.5647725822E-01
    0.8317723272E-01     0.2482144296E-01     0.3765068649E-01     0.2138517201         0.1016041652E-04     0.2948763371E-01     0.4477103232E-01     0.2539228141         0.2378500164E-01     0.4156919004E-01
    0.2191550374         0.4664285875E-03     0.1672581375E-01     0.5906870127E-01     0.1780334473         0.2126110911E-01     0.5007222891E-01     0.1254820883         0.9891387757E-05     0.4155608809E-03
    0.1304416153E-01     0.2935076785E-01     0.1917316496E-01     0.7347486735E-01     0.1687132538         0.2804140356E-05     0.1302163631E-03     0.5378877529E-04     0.1410653031E-02     0.1448928058E-01
    0.8516035437E-01     0.3509007096E-01
 

 INTERMEDIATE RESULTS BEFORE NEXT TEMPERATURE REDUCTION

  CURRENT TEMPERATURE:             0.11905E-02
  MIN FUNCTION VALUE SO FAR:   0.436541485483456171E-05
  TOTAL MOVES:                     420
     DOWNHILL:                     255
     ACCEPTED UPHILL:               51
     REJECTED UPHILL:              114
  TRIALS OUT OF BOUNDS:            134
  NEW MINIMA THIS TEMPERATURE:       0

                         CURRENT OPTIMAL X
    0.9824152157         0.4060036792E-01     0.2291266803         0.5962900621         0.9712867331E-01     0.2832262382         0.9621404140         0.5391803898         0.5148566413E-01     0.1747503421    
    0.2900859313         0.9307373622E-01     0.1337340515         0.7867455861         0.9929928687         0.1040717969         0.1589740991         0.7262438968         0.7780714097E-01     0.1384844593    
    0.7082656112         0.1510254593E-02     0.6367406935E-01     0.2155620450         0.5708497344         0.7142766955E-01     0.1718717093         0.4578819650         0.7872215942         0.2579630992E-01
    0.2967479886         0.4121043172         0.5772462618E-01     0.2767066565         0.5474550641         0.1992939426E-01     0.4476560167E-01     0.1368067378         0.4099557799         0.5184302979E-01
    0.3231604422         0.1031277180    

                         STEP LENGTH (VM)
    0.5285379919E-05     0.7320216646E-04     0.4032273615E-02     0.1245318151E-01     0.2940113425E-01     0.7682371260E-01     0.2455354869         0.2729372129E-06     0.1021956649E-01     0.5647725822E-01
    0.8317723272E-01     0.2482144296E-01     0.3765068649E-01     0.2138517201         0.6138169907E-06     0.2948763371E-01     0.4477103232E-01     0.2539228141         0.2378500164E-01     0.4156919004E-01
    0.2191550374         0.9155124218E-04     0.1672581375E-01     0.5906870127E-01     0.1780334473         0.2126110911E-01     0.5007222891E-01     0.1254820883         0.4161752511E-05     0.9631831706E-04
    0.1105784423E-02     0.4168156153E-02     0.1917316496E-01     0.7347486735E-01     0.1687132538         0.1589572763E-06     0.1293489748E-04     0.8311268458E-05     0.3167370509E-03     0.1448928058E-01
    0.8516035437E-01     0.3509007096E-01
 

 INTERMEDIATE RESULTS BEFORE NEXT TEMPERATURE REDUCTION

  CURRENT TEMPERATURE:             0.89291E-03
  MIN FUNCTION VALUE SO FAR:   0.436541485483456171E-05
  TOTAL MOVES:                     420
     DOWNHILL:                     242
     ACCEPTED UPHILL:               42
     REJECTED UPHILL:              136
  TRIALS OUT OF BOUNDS:            134
  NEW MINIMA THIS TEMPERATURE:       0

                         CURRENT OPTIMAL X
    0.9824152157         0.4060036792E-01     0.2291266803         0.5962900621         0.9712867331E-01     0.2832262382         0.9621404140         0.5391803898         0.5148566413E-01     0.1747503421    
    0.2900859313         0.9307373622E-01     0.1337340515         0.7867455861         0.9929928687         0.1040717969         0.1589740991         0.7262438968         0.7780714097E-01     0.1384844593    
    0.7082656112         0.1510254593E-02     0.6367406935E-01     0.2155620450         0.5708497344         0.7142766955E-01     0.1718717093         0.4578819650         0.7872215942         0.2579630992E-01
    0.2967479886         0.4121043172         0.5772462618E-01     0.2767066565         0.5474550641         0.1992939426E-01     0.4476560167E-01     0.1368067378         0.4099557799         0.5184302979E-01
    0.3231604422         0.1031277180    

                         STEP LENGTH (VM)
    0.5028459923E-06     0.8392975922E-05     0.1234850862E-03     0.8786562469E-03     0.2940113425E-01     0.7682371260E-01     0.2455354869         0.1160763156E-07     0.1575516522E-01     0.5647725822E-01
    0.8317723272E-01     0.2482144296E-01     0.3765068649E-01     0.2138517201         0.6823149726E-07     0.2948763371E-01     0.4477103232E-01     0.2539228141         0.2378500164E-01     0.4156919004E-01
    0.2191550374         0.1123980020E-04     0.1672581375E-01     0.5906870127E-01     0.1780334473         0.2126110911E-01     0.5007222891E-01     0.1254820883         0.4068342904E-06     0.1360380691E-04
    0.2011906179E-03     0.3735758514E-03     0.1917316496E-01     0.7347486735E-01     0.1687132538         0.8905115911E-08     0.6456805019E-06     0.9076668798E-06     0.5300626546E-04     0.1448928058E-01
    0.8516035437E-01     0.3509007096E-01
 

 INTERMEDIATE RESULTS BEFORE NEXT TEMPERATURE REDUCTION

  CURRENT TEMPERATURE:             0.66968E-03
  MIN FUNCTION VALUE SO FAR:   0.436541485483456171E-05
  TOTAL MOVES:                     420
     DOWNHILL:                     243
     ACCEPTED UPHILL:               51
     REJECTED UPHILL:              126
  TRIALS OUT OF BOUNDS:            149
  NEW MINIMA THIS TEMPERATURE:       0

                         CURRENT OPTIMAL X
    0.9824152157         0.4060036792E-01     0.2291266803         0.5962900621         0.9712867331E-01     0.2832262382         0.9621404140         0.5391803898         0.5148566413E-01     0.1747503421    
    0.2900859313         0.9307373622E-01     0.1337340515         0.7867455861         0.9929928687         0.1040717969         0.1589740991         0.7262438968         0.7780714097E-01     0.1384844593    
    0.7082656112         0.1510254593E-02     0.6367406935E-01     0.2155620450         0.5708497344         0.7142766955E-01     0.1718717093         0.4578819650         0.7872215942         0.2579630992E-01
    0.2967479886         0.4121043172         0.5772462618E-01     0.2767066565         0.5474550641         0.1992939426E-01     0.4476560167E-01     0.1368067378         0.4099557799         0.5184302979E-01
    0.3231604422         0.1031277180    

                         STEP LENGTH (VM)
    0.5090405122E-07     0.3823645018E-06     0.9749935861E-05     0.4241773046E-04     0.2940113425E-01     0.7682371260E-01     0.2455354869         0.4392426129E-09     0.1575516522E-01     0.5647725822E-01
    0.8317723272E-01     0.2482144296E-01     0.3765068649E-01     0.2138517201         0.8609510541E-08     0.2948763371E-01     0.4477103232E-01     0.2539228141         0.2378500164E-01     0.4156919004E-01
    0.2191550374         0.1281877921E-05     0.1672581375E-01     0.5906870127E-01     0.1780334473         0.2126110911E-01     0.5007222891E-01     0.1254820883         0.3301444575E-07     0.6037707268E-06
    0.1273584743E-04     0.1601938809E-04     0.1917316496E-01     0.7347486735E-01     0.1687132538         0.6014271288E-09     0.1443725680E-07     0.9526532190E-07     0.1620070850E-05     0.1448928058E-01
    0.8516035437E-01     0.3509007096E-01
 

 INTERMEDIATE RESULTS BEFORE NEXT TEMPERATURE REDUCTION

  CURRENT TEMPERATURE:             0.50226E-03
  MIN FUNCTION VALUE SO FAR:   0.436541485483456171E-05
  TOTAL MOVES:                     420
     DOWNHILL:                     240
     ACCEPTED UPHILL:               45
     REJECTED UPHILL:              135
  TRIALS OUT OF BOUNDS:            125
  NEW MINIMA THIS TEMPERATURE:       0

                         CURRENT OPTIMAL X
    0.9824152157         0.4060036792E-01     0.2291266803         0.5962900621         0.9712867331E-01     0.2832262382         0.9621404140         0.5391803898         0.5148566413E-01     0.1747503421    
    0.2900859313         0.9307373622E-01     0.1337340515         0.7867455861         0.9929928687         0.1040717969         0.1589740991         0.7262438968         0.7780714097E-01     0.1384844593    
    0.7082656112         0.1510254593E-02     0.6367406935E-01     0.2155620450         0.5708497344         0.7142766955E-01     0.1718717093         0.4578819650         0.7872215942         0.2579630992E-01
    0.2967479886         0.4121043172         0.5772462618E-01     0.2767066565         0.5474550641         0.1992939426E-01     0.4476560167E-01     0.1368067378         0.4099557799         0.5184302979E-01
    0.3231604422         0.1031277180    

                         STEP LENGTH (VM)
    0.7569184822E-09     0.6232263974E-08     0.2808925531E-06     0.1726163906E-05     0.2940113425E-01     0.7682371260E-01     0.2455354869         0.4611667717E-11     0.8045190687E-02     0.5647725822E-01
    0.8317723272E-01     0.2482144296E-01     0.3765068649E-01     0.2138517201         0.1916928961E-09     0.2948763371E-01     0.4477103232E-01     0.2539228141         0.2378500164E-01     0.4156919004E-01
    0.2191550374         0.5401241003E-07     0.1672581375E-01     0.5906870127E-01     0.1780334473         0.2126110911E-01     0.5007222891E-01     0.1254820883         0.1001281364E-08     0.1372420715E-07
    0.8986582082E-07     0.3824739967E-06     0.1917316496E-01     0.7347486735E-01     0.1687132538         0.1221628229E-10     0.3887474828E-09     0.2137006488E-07     0.8445721991E-07     0.1448928058E-01
    0.8516035437E-01     0.3509007096E-01
 

 INTERMEDIATE RESULTS BEFORE NEXT TEMPERATURE REDUCTION

  CURRENT TEMPERATURE:             0.37670E-03
  MIN FUNCTION VALUE SO FAR:   0.436541485483456171E-05
  TOTAL MOVES:                     420
     DOWNHILL:                     260
     ACCEPTED UPHILL:               56
     REJECTED UPHILL:              104
  TRIALS OUT OF BOUNDS:            147
  NEW MINIMA THIS TEMPERATURE:       0

                         CURRENT OPTIMAL X
    0.9824152157         0.4060036792E-01     0.2291266803         0.5962900621         0.9712867331E-01     0.2832262382         0.9621404140         0.5391803898         0.5148566413E-01     0.1747503421    
    0.2900859313         0.9307373622E-01     0.1337340515         0.7867455861         0.9929928687         0.1040717969         0.1589740991         0.7262438968         0.7780714097E-01     0.1384844593    
    0.7082656112         0.1510254593E-02     0.6367406935E-01     0.2155620450         0.5708497344         0.7142766955E-01     0.1718717093         0.4578819650         0.7872215942         0.2579630992E-01
    0.2967479886         0.4121043172         0.5772462618E-01     0.2767066565         0.5474550641         0.1992939426E-01     0.4476560167E-01     0.1368067378         0.4099557799         0.5184302979E-01
    0.3231604422         0.1031277180    

                         STEP LENGTH (VM)
    0.1063260830E-10     0.3278914346E-08     0.1892752324E-06     0.8272857845E-06     0.2940113425E-01     0.7682371260E-01     0.2455354869         0.8008184463E-13     0.6033892320E-02     0.5647725822E-01
    0.8317723272E-01     0.2482144296E-01     0.3765068649E-01     0.2138517201         0.4776312589E-11     0.2948763371E-01     0.4477103232E-01     0.2539228141         0.2378500164E-01     0.4156919004E-01
    0.2191550374         0.4234153290E-08     0.1672581375E-01     0.5906870127E-01     0.1780334473         0.2126110911E-01     0.5007222891E-01     0.1254820883         0.1843401852E-10     0.2326271741E-09
    0.2831967972E-08     0.1010330329E-07     0.1917316496E-01     0.7347486735E-01     0.1687132538         0.1396787667E-12     0.7962963793E-10     0.9241108606E-08     0.3081547055E-07     0.1448928058E-01
    0.8516035437E-01     0.3509007096E-01
 

 INTERMEDIATE RESULTS BEFORE NEXT TEMPERATURE REDUCTION

  CURRENT TEMPERATURE:             0.28252E-03
  MIN FUNCTION VALUE SO FAR:   0.436541485483456171E-05
  TOTAL MOVES:                     420
     DOWNHILL:                     245
     ACCEPTED UPHILL:               56
     REJECTED UPHILL:              119
  TRIALS OUT OF BOUNDS:            127
  NEW MINIMA THIS TEMPERATURE:       0

                         CURRENT OPTIMAL X
    0.9824152157         0.4060036792E-01     0.2291266803         0.5962900621         0.9712867331E-01     0.2832262382         0.9621404140         0.5391803898         0.5148566413E-01     0.1747503421    
    0.2900859313         0.9307373622E-01     0.1337340515         0.7867455861         0.9929928687         0.1040717969         0.1589740991         0.7262438968         0.7780714097E-01     0.1384844593    
    0.7082656112         0.1510254593E-02     0.6367406935E-01     0.2155620450         0.5708497344         0.7142766955E-01     0.1718717093         0.4578819650         0.7872215942         0.2579630992E-01
    0.2967479886         0.4121043172         0.5772462618E-01     0.2767066565         0.5474550641         0.1992939426E-01     0.4476560167E-01     0.1368067378         0.4099557799         0.5184302979E-01
    0.3231604422         0.1031277180    

                         STEP LENGTH (VM)
    0.1101858726E-12     0.1053213296E-08     0.8778883174E-07     0.5001672486E-06     0.2940113425E-01     0.7682371260E-01     0.2455354869         0.1757815244E-14     0.1575516522E-01     0.5647725822E-01
    0.8317723272E-01     0.2482144296E-01     0.3765068649E-01     0.2138517201         0.5081903109E-13     0.2948763371E-01     0.4477103232E-01     0.2539228141         0.2378500164E-01     0.4156919004E-01
    0.2191550374         0.3625661139E-08     0.1672581375E-01     0.5906870127E-01     0.1780334473         0.2126110911E-01     0.5007222891E-01     0.1254820883         0.2477486504E-12     0.2586520276E-10
    0.1066635158E-08     0.3753133683E-08     0.1917316496E-01     0.7347486735E-01     0.1687132538         0.1345357924E-14     0.2951522935E-10     0.3046914858E-08     0.1103837666E-07     0.1448928058E-01
    0.8516035437E-01     0.3509007096E-01
 

 INTERMEDIATE RESULTS BEFORE NEXT TEMPERATURE REDUCTION

  CURRENT TEMPERATURE:             0.21189E-03
  MIN FUNCTION VALUE SO FAR:   0.436541479319801210E-05
  TOTAL MOVES:                     420
     DOWNHILL:                     239
     ACCEPTED UPHILL:               38
     REJECTED UPHILL:              143
  TRIALS OUT OF BOUNDS:            122
  NEW MINIMA THIS TEMPERATURE:       0

                         CURRENT OPTIMAL X
    0.9824152157         0.4060036792E-01     0.2291266803         0.5962900621         0.9712867331E-01     0.2832262382         0.9621404140         0.5391803898         0.5148566413E-01     0.1747503421    
    0.2900859313         0.9307373622E-01     0.1337340515         0.7867455861         0.9929928687         0.1040717969         0.1589740991         0.7262438968         0.7780714097E-01     0.1384844593    
    0.7082656112         0.1510254593E-02     0.6367406935E-01     0.2155620450         0.5708497344         0.7142766955E-01     0.1718717093         0.4578819650         0.7872215942         0.2579630992E-01
    0.2967479886         0.4121043172         0.5772462618E-01     0.2767066565         0.5474550641         0.1992939426E-01     0.4476560167E-01     0.1368067378         0.4099557799         0.5184302979E-01
    0.3231604422         0.1031277180    

                         STEP LENGTH (VM)
    0.3930234223E-14     0.1642951551E-09     0.2275949778E-07     0.1282032666E-06     0.2940113425E-01     0.7682371260E-01     0.2455354869         0.3007355711E-15     0.8835800780E-03     0.7876492816E-02
    0.1120179679E-01     0.2482144296E-01     0.3765068649E-01     0.2138517201         0.1159063443E-14     0.2948763371E-01     0.4477103232E-01     0.2539228141         0.2378500164E-01     0.4156919004E-01
    0.2191550374         0.5585477564E-08     0.1672581375E-01     0.5906870127E-01     0.1780334473         0.2126110911E-01     0.5007222891E-01     0.1254820883         0.3739124499E-14     0.3541979969E-11
    0.3040132312E-09     0.5234235426E-09     0.1917316496E-01     0.7347486735E-01     0.1687132538         0.1526421572E-16     0.4314736447E-12     0.9486418132E-10     0.1345580815E-09     0.1448928058E-01
    0.8516035437E-01     0.3509007096E-01
 

  SA ACHIEVED TERMINATION CRITERIA. IER = 0. 


  ****   RESULTS AFTER SA   ****   

                         SOLUTION
    0.9824152157         0.4060036792E-01     0.2291266803         0.5962900621         0.9712867331E-01     0.2832262382         0.9621404140         0.5391803898         0.5148566413E-01     0.1747503421    
    0.2900859313         0.9307373622E-01     0.1337340515         0.7867455861         0.9929928687         0.1040717969         0.1589740991         0.7262438968         0.7780714097E-01     0.1384844593    
    0.7082656112         0.1510254593E-02     0.6367406935E-01     0.2155620450         0.5708497344         0.7142766955E-01     0.1718717093         0.4578819650         0.7872215942         0.2579630992E-01
    0.2967479886         0.4121043172         0.5772462618E-01     0.2767066565         0.5474550641         0.1992939426E-01     0.4476560167E-01     0.1368067378         0.4099557799         0.5184302979E-01
    0.3231604422         0.1031277180    

                         FINAL STEP LENGTH
    0.3930234223E-14     0.1642951551E-09     0.2275949778E-07     0.1282032666E-06     0.2940113425E-01     0.7682371260E-01     0.2455354869         0.3007355711E-15     0.8835800780E-03     0.7876492816E-02
    0.1120179679E-01     0.2482144296E-01     0.3765068649E-01     0.2138517201         0.1159063443E-14     0.2948763371E-01     0.4477103232E-01     0.2539228141         0.2378500164E-01     0.4156919004E-01
    0.2191550374         0.5585477564E-08     0.1672581375E-01     0.5906870127E-01     0.1780334473         0.2126110911E-01     0.5007222891E-01     0.1254820883         0.3739124499E-14     0.3541979969E-11
    0.3040132312E-09     0.5234235426E-09     0.1917316496E-01     0.7347486735E-01     0.1687132538         0.1526421572E-16     0.4314736447E-12     0.9486418132E-10     0.1345580815E-09     0.1448928058E-01
    0.8516035437E-01     0.3509007096E-01

 OPTIMAL FUNCTION VALUE:  0.4365414793198E-05
 NUMBER OF FUNCTION EVALUATIONS:          15121
 NUMBER OF ACCEPTED EVALUATIONS:          13372
 NUMBER OF OUT OF BOUND EVALUATIONS:       6758
 FINAL TEMP:  0.2118918355045E-03  IER:   0
