
 SIMULATED PARALLEL ANNEALING by NEIGHBORHOOD EXAMPLE

 NUMBER OF PARAMETERS:  42   MAXIMAZATION:     F
 INITIAL TEMP:  5.0       RT: 0.75       EPS: 0.10E-02
 NS:  24   NT:  20   NEPS:  4
 MAXEVL:  100000000   IPRINT: 1   ISEED1:    7 ISEED2:    8

                         STARTING VALUES
    0.8240231872         0.2989830971E-01     0.2149215460         0.6966518164         0.9711321592E-01     0.2204213262         0.6710401773         0.5546335928         0.6009134054E-01     0.2680613160    
    0.3091368675         0.3266251683E-01     0.1915646672         0.7112748027         0.9701380573         0.9112735391E-01     0.1166071534         0.3809523582         0.7120710611E-01     0.2024267673    
    0.5787453055         0.7569789886E-03     0.8777672648E-01     0.2521849751         0.5471782684         0.6654410362E-01     0.1780090570         0.2724745870         0.5341120362         0.1340222955E-01
    0.1387805700         0.8483284116         0.4826869965E-01     0.2914459944         0.9011306167         0.1498413086E-01     0.7477809787E-01     0.2537624121         0.5970653296         0.7495075464E-02
    0.1713386536         0.1796405315    

                         INITIAL STEP LENGTH
     1.000000000         0.1000000000         0.2000000000          1.000000000         0.1000000000         0.2000000000          1.000000000          1.000000000         0.1000000000         0.2000000000    
     1.000000000         0.1000000000         0.2000000000          1.000000000          1.000000000         0.1000000000         0.2000000000          1.000000000         0.1000000000         0.2000000000    
     1.000000000          1.000000000         0.1000000000         0.2000000000          1.000000000         0.1000000000         0.2000000000          1.000000000          1.000000000         0.1000000000    
    0.2000000000          1.000000000         0.1000000000         0.2000000000          1.000000000          1.000000000         0.1000000000         0.2000000000          1.000000000         0.1000000000    
    0.2000000000          1.000000000    

                         LOWER BOUND
     0.000000000          0.000000000         0.1000000000          0.000000000          0.000000000         0.1000000000          0.000000000          0.000000000          0.000000000         0.1000000000    
     0.000000000          0.000000000         0.1000000000          0.000000000          0.000000000          0.000000000         0.1000000000          0.000000000          0.000000000         0.1000000000    
     0.000000000          0.000000000          0.000000000         0.1000000000          0.000000000          0.000000000         0.1000000000          0.000000000          0.000000000          0.000000000    
    0.1000000000          0.000000000          0.000000000         0.1000000000          0.000000000          0.000000000          0.000000000         0.1000000000          0.000000000          0.000000000    
    0.1000000000          0.000000000    

                         UPPER BOUND
     1.000000000         0.1000000000         0.3000000000          1.000000000         0.1000000000         0.3000000000          1.000000000          1.000000000         0.1000000000         0.3000000000    
     1.000000000         0.1000000000         0.3000000000          1.000000000          1.000000000         0.1000000000         0.3000000000          1.000000000         0.1000000000         0.3000000000    
     1.000000000          1.000000000         0.1000000000         0.3000000000          1.000000000         0.1000000000         0.3000000000          1.000000000          1.000000000         0.1000000000    
    0.3000000000          1.000000000         0.1000000000         0.3000000000          1.000000000          1.000000000         0.1000000000         0.3000000000          1.000000000         0.1000000000    
    0.3000000000          1.000000000    

                         C VECTOR
     2.000000000          2.000000000          2.000000000          2.000000000          2.000000000          2.000000000          2.000000000          2.000000000          2.000000000          2.000000000    
     2.000000000          2.000000000          2.000000000          2.000000000          2.000000000          2.000000000          2.000000000          2.000000000          2.000000000          2.000000000    
     2.000000000          2.000000000          2.000000000          2.000000000          2.000000000          2.000000000          2.000000000          2.000000000          2.000000000          2.000000000    
     2.000000000          2.000000000          2.000000000          2.000000000          2.000000000          2.000000000          2.000000000          2.000000000          2.000000000          2.000000000    
     2.000000000          2.000000000    

  ****   END OF DRIVER ROUTINE OUTPUT   ****
  ****   BEFORE CALL TO SA.             ****
  

                         INITIAL X
    0.8240231872         0.2989830971E-01     0.2149215460         0.6966518164         0.9711321592E-01     0.2204213262         0.6710401773         0.5546335928         0.6009134054E-01     0.2680613160    
    0.3091368675         0.3266251683E-01     0.1915646672         0.7112748027         0.9701380573         0.9112735391E-01     0.1166071534         0.3809523582         0.7120710611E-01     0.2024267673    
    0.5787453055         0.7569789886E-03     0.8777672648E-01     0.2521849751         0.5471782684         0.6654410362E-01     0.1780090570         0.2724745870         0.5341120362         0.1340222955E-01
    0.1387805700         0.8483284116         0.4826869965E-01     0.2914459944         0.9011306167         0.1498413086E-01     0.7477809787E-01     0.2537624121         0.5970653296         0.7495075464E-02
    0.1713386536         0.1796405315    
  INITIAL F: 
 0.467904553817332092E-01

 INTERMEDIATE RESULTS BEFORE NEXT TEMPERATURE REDUCTION

  CURRENT TEMPERATURE:              5.0000    
  MIN FUNCTION VALUE SO FAR:   0.319429356423521771E-01
  TOTAL MOVES:                    3360
     DOWNHILL:                    2432
     ACCEPTED UPHILL:              812
     REJECTED UPHILL:              116
  TRIALS OUT OF BOUNDS:           1591
  NEW MINIMA THIS TEMPERATURE:       0

                         CURRENT OPTIMAL X
    0.9112071395         0.3469547034E-01     0.2149215460         0.6966518164         0.9711321592E-01     0.2204213262         0.6710401773         0.5546335928         0.6009134054E-01     0.2680613160    
    0.3091368675         0.3266251683E-01     0.1915646672         0.7112748027         0.9701380573         0.9112735391E-01     0.1166071534         0.3809523582         0.7120710611E-01     0.2024267673    
    0.5787453055         0.7569789886E-03     0.8777672648E-01     0.2521849751         0.5471782684         0.6654410362E-01     0.1780090570         0.2724745870         0.5341120362         0.1340222955E-01
    0.1387805700         0.8483284116         0.4826869965E-01     0.2914459944         0.9011306167         0.1498413086E-01     0.7477809787E-01     0.2537624121         0.5970653296         0.7495075464E-02
    0.1713386536         0.1796405315    

                         STEP LENGTH (VM)
     1.000000000         0.1000000000         0.2000000000          1.000000000         0.1000000000         0.2000000000          1.000000000          1.000000000         0.1000000000         0.2000000000    
     1.000000000         0.1000000000         0.2000000000          1.000000000         0.2534731493         0.1000000000         0.2000000000          1.000000000         0.1000000000         0.2000000000    
     1.000000000          1.000000000         0.1000000000         0.2000000000          1.000000000         0.1000000000         0.2000000000          1.000000000          1.000000000         0.1000000000    
    0.2000000000          1.000000000         0.1000000000         0.2000000000          1.000000000          1.000000000         0.1000000000         0.2000000000          1.000000000         0.1000000000    
    0.2000000000          1.000000000    
 

 INTERMEDIATE RESULTS BEFORE NEXT TEMPERATURE REDUCTION

  CURRENT TEMPERATURE:              3.7500    
  MIN FUNCTION VALUE SO FAR:   0.319429356423521771E-01
  TOTAL MOVES:                    3360
     DOWNHILL:                    2443
     ACCEPTED UPHILL:              798
     REJECTED UPHILL:              119
  TRIALS OUT OF BOUNDS:           1669
  NEW MINIMA THIS TEMPERATURE:       0

                         CURRENT OPTIMAL X
    0.9112071395         0.3469547034E-01     0.2149215460         0.6966518164         0.9711321592E-01     0.2204213262         0.6710401773         0.5546335928         0.6009134054E-01     0.2680613160    
    0.3091368675         0.3266251683E-01     0.1915646672         0.7112748027         0.9701380573         0.9112735391E-01     0.1166071534         0.3809523582         0.7120710611E-01     0.2024267673    
    0.5787453055         0.7569789886E-03     0.8777672648E-01     0.2521849751         0.5471782684         0.6654410362E-01     0.1780090570         0.2724745870         0.5341120362         0.1340222955E-01
    0.1387805700         0.8483284116         0.4826869965E-01     0.2914459944         0.9011306167         0.1498413086E-01     0.7477809787E-01     0.2537624121         0.5970653296         0.7495075464E-02
    0.1713386536         0.1796405315    

                         STEP LENGTH (VM)
     1.000000000         0.1000000000         0.2000000000          1.000000000         0.1000000000         0.2000000000          1.000000000          1.000000000         0.1000000000         0.2000000000    
     1.000000000         0.1000000000         0.2000000000          1.000000000         0.2605139391         0.1000000000         0.2000000000          1.000000000         0.1000000000         0.2000000000    
     1.000000000          1.000000000         0.1000000000         0.2000000000          1.000000000         0.1000000000         0.2000000000          1.000000000          1.000000000         0.1000000000    
    0.2000000000          1.000000000         0.1000000000         0.2000000000          1.000000000          1.000000000         0.1000000000         0.2000000000          1.000000000         0.1000000000    
    0.2000000000          1.000000000    
 

 INTERMEDIATE RESULTS BEFORE NEXT TEMPERATURE REDUCTION

  CURRENT TEMPERATURE:              2.8125    
  MIN FUNCTION VALUE SO FAR:   0.256031231294889805E-01
  TOTAL MOVES:                    3360
     DOWNHILL:                    2380
     ACCEPTED UPHILL:              850
     REJECTED UPHILL:              130
  TRIALS OUT OF BOUNDS:           1676
  NEW MINIMA THIS TEMPERATURE:       0

                         CURRENT OPTIMAL X
    0.9331452250         0.3469547034E-01     0.2149215460         0.6966518164         0.9711321592E-01     0.2204213262         0.6710401773         0.5546335928         0.6009134054E-01     0.2680613160    
    0.3091368675         0.3266251683E-01     0.1915646672         0.7112748027         0.9701380573         0.9112735391E-01     0.1166071534         0.3809523582         0.7120710611E-01     0.2024267673    
    0.5787453055         0.7569789886E-03     0.8777672648E-01     0.2521849751         0.5471782684         0.6654410362E-01     0.1780090570         0.2724745870         0.5341120362         0.1340222955E-01
    0.1387805700         0.8483284116         0.4826869965E-01     0.2914459944         0.9011306167         0.1498413086E-01     0.7477809787E-01     0.2537624121         0.5970653296         0.7495075464E-02
    0.1713386536         0.1796405315    

                         STEP LENGTH (VM)
     1.000000000         0.1000000000         0.2000000000          1.000000000         0.1000000000         0.2000000000          1.000000000         0.9999998675         0.1000000000         0.2000000000    
     1.000000000         0.1000000000         0.2000000000          1.000000000         0.2096669186         0.1000000000         0.2000000000          1.000000000         0.1000000000         0.2000000000    
     1.000000000          1.000000000         0.1000000000         0.2000000000          1.000000000         0.1000000000         0.2000000000          1.000000000          1.000000000         0.1000000000    
    0.2000000000          1.000000000         0.1000000000         0.2000000000          1.000000000          1.000000000         0.1000000000         0.2000000000          1.000000000         0.1000000000    
    0.2000000000          1.000000000    
 

 INTERMEDIATE RESULTS BEFORE NEXT TEMPERATURE REDUCTION

  CURRENT TEMPERATURE:              2.1094    
  MIN FUNCTION VALUE SO FAR:   0.256031231294889805E-01
  TOTAL MOVES:                    3360
     DOWNHILL:                    2437
     ACCEPTED UPHILL:              806
     REJECTED UPHILL:              117
  TRIALS OUT OF BOUNDS:           1666
  NEW MINIMA THIS TEMPERATURE:       0

                         CURRENT OPTIMAL X
    0.9331452250         0.3469547034E-01     0.2149215460         0.6966518164         0.9711321592E-01     0.2204213262         0.6710401773         0.5546335928         0.6009134054E-01     0.2680613160    
    0.3091368675         0.3266251683E-01     0.1915646672         0.7112748027         0.9701380573         0.9112735391E-01     0.1166071534         0.3809523582         0.7120710611E-01     0.2024267673    
    0.5787453055         0.7569789886E-03     0.8777672648E-01     0.2521849751         0.5471782684         0.6654410362E-01     0.1780090570         0.2724745870         0.5341120362         0.1340222955E-01
    0.1387805700         0.8483284116         0.4826869965E-01     0.2914459944         0.9011306167         0.1498413086E-01     0.7477809787E-01     0.2537624121         0.5970653296         0.7495075464E-02
    0.1713386536         0.1796405315    

                         STEP LENGTH (VM)
     1.000000000         0.1000000000         0.2000000000          1.000000000         0.1000000000         0.2000000000          1.000000000          1.000000000         0.1000000000         0.2000000000    
     1.000000000         0.1000000000         0.2000000000          1.000000000         0.2115557622         0.1000000000         0.2000000000          1.000000000         0.1000000000         0.2000000000    
     1.000000000          1.000000000         0.1000000000         0.2000000000          1.000000000         0.1000000000         0.2000000000          1.000000000          1.000000000         0.1000000000    
    0.2000000000          1.000000000         0.1000000000         0.2000000000          1.000000000          1.000000000         0.1000000000         0.2000000000          1.000000000         0.1000000000    
    0.2000000000          1.000000000    
 

 INTERMEDIATE RESULTS BEFORE NEXT TEMPERATURE REDUCTION

  CURRENT TEMPERATURE:              1.5820    
  MIN FUNCTION VALUE SO FAR:   0.256031231294889805E-01
  TOTAL MOVES:                    3360
     DOWNHILL:                    2431
     ACCEPTED UPHILL:              808
     REJECTED UPHILL:              121
  TRIALS OUT OF BOUNDS:           1655
  NEW MINIMA THIS TEMPERATURE:       0

                         CURRENT OPTIMAL X
    0.9331452250         0.3469547034E-01     0.2149215460         0.6966518164         0.9711321592E-01     0.2204213262         0.6710401773         0.5546335928         0.6009134054E-01     0.2680613160    
    0.3091368675         0.3266251683E-01     0.1915646672         0.7112748027         0.9701380573         0.9112735391E-01     0.1166071534         0.3809523582         0.7120710611E-01     0.2024267673    
    0.5787453055         0.7569789886E-03     0.8777672648E-01     0.2521849751         0.5471782684         0.6654410362E-01     0.1780090570         0.2724745870         0.5341120362         0.1340222955E-01
    0.1387805700         0.8483284116         0.4826869965E-01     0.2914459944         0.9011306167         0.1498413086E-01     0.7477809787E-01     0.2537624121         0.5970653296         0.7495075464E-02
    0.1713386536         0.1796405315    

                         STEP LENGTH (VM)
     1.000000000         0.1000000000         0.2000000000          1.000000000         0.1000000000         0.2000000000          1.000000000          1.000000000         0.1000000000         0.2000000000    
     1.000000000         0.1000000000         0.2000000000          1.000000000         0.2134616219         0.1000000000         0.2000000000          1.000000000         0.1000000000         0.2000000000    
     1.000000000          1.000000000         0.1000000000         0.2000000000          1.000000000         0.1000000000         0.2000000000          1.000000000          1.000000000         0.1000000000    
    0.2000000000          1.000000000         0.1000000000         0.2000000000          1.000000000          1.000000000         0.1000000000         0.2000000000          1.000000000         0.1000000000    
    0.2000000000          1.000000000    
 

 INTERMEDIATE RESULTS BEFORE NEXT TEMPERATURE REDUCTION

  CURRENT TEMPERATURE:              1.1865    
  MIN FUNCTION VALUE SO FAR:   0.256031231294889805E-01
  TOTAL MOVES:                    3360
     DOWNHILL:                    2415
     ACCEPTED UPHILL:              831
     REJECTED UPHILL:              114
  TRIALS OUT OF BOUNDS:           1635
  NEW MINIMA THIS TEMPERATURE:       0

                         CURRENT OPTIMAL X
    0.9331452250         0.3469547034E-01     0.2149215460         0.6966518164         0.9711321592E-01     0.2204213262         0.6710401773         0.5546335928         0.6009134054E-01     0.2680613160    
    0.3091368675         0.3266251683E-01     0.1915646672         0.7112748027         0.9701380573         0.9112735391E-01     0.1166071534         0.3809523582         0.7120710611E-01     0.2024267673    
    0.5787453055         0.7569789886E-03     0.8777672648E-01     0.2521849751         0.5471782684         0.6654410362E-01     0.1780090570         0.2724745870         0.5341120362         0.1340222955E-01
    0.1387805700         0.8483284116         0.4826869965E-01     0.2914459944         0.9011306167         0.1498413086E-01     0.7477809787E-01     0.2537624121         0.5970653296         0.7495075464E-02
    0.1713386536         0.1796405315    

                         STEP LENGTH (VM)
     1.000000000         0.1000000000         0.2000000000          1.000000000         0.1000000000         0.2000000000          1.000000000         0.7901234175         0.1000000000         0.2000000000    
     1.000000000         0.1000000000         0.2000000000          1.000000000         0.1817307320         0.1000000000         0.2000000000          1.000000000         0.1000000000         0.2000000000    
     1.000000000          1.000000000         0.1000000000         0.2000000000          1.000000000         0.1000000000         0.2000000000          1.000000000          1.000000000         0.1000000000    
    0.2000000000          1.000000000         0.1000000000         0.2000000000          1.000000000          1.000000000         0.1000000000         0.2000000000          1.000000000         0.1000000000    
    0.2000000000          1.000000000    
 

 INTERMEDIATE RESULTS BEFORE NEXT TEMPERATURE REDUCTION

  CURRENT TEMPERATURE:             0.88989    
  MIN FUNCTION VALUE SO FAR:   0.255405867330471548E-01
  TOTAL MOVES:                    3360
     DOWNHILL:                    2425
     ACCEPTED UPHILL:              785
     REJECTED UPHILL:              150
  TRIALS OUT OF BOUNDS:           1647
  NEW MINIMA THIS TEMPERATURE:       0

                         CURRENT OPTIMAL X
    0.9331452250         0.3045628071E-01     0.1196578622         0.6966518164         0.9711321592E-01     0.2204213262         0.6710401773         0.5546335928         0.6009134054E-01     0.2680613160    
    0.3091368675         0.3266251683E-01     0.1915646672         0.7112748027         0.9701380573         0.9112735391E-01     0.1166071534         0.3809523582         0.7120710611E-01     0.2024267673    
    0.5787453055         0.7569789886E-03     0.8777672648E-01     0.2521849751         0.5471782684         0.6654410362E-01     0.1780090570         0.2724745870         0.5341120362         0.1340222955E-01
    0.1387805700         0.8483284116         0.4826869965E-01     0.2914459944         0.9011306167         0.1498413086E-01     0.7477809787E-01     0.2537624121         0.5970653296         0.7495075464E-02
    0.1713386536         0.1796405315    

                         STEP LENGTH (VM)
     1.000000000         0.1000000000         0.2000000000          1.000000000         0.1000000000         0.2000000000          1.000000000         0.7499999860         0.1000000000         0.2000000000    
     1.000000000         0.1000000000         0.2000000000          1.000000000         0.2026215484         0.1000000000         0.2000000000          1.000000000         0.1000000000         0.2000000000    
     1.000000000          1.000000000         0.1000000000         0.2000000000          1.000000000         0.1000000000         0.2000000000          1.000000000          1.000000000         0.1000000000    
    0.2000000000          1.000000000         0.1000000000         0.2000000000          1.000000000          1.000000000         0.1000000000         0.2000000000          1.000000000         0.1000000000    
    0.2000000000          1.000000000    
 

 INTERMEDIATE RESULTS BEFORE NEXT TEMPERATURE REDUCTION

  CURRENT TEMPERATURE:             0.66742    
  MIN FUNCTION VALUE SO FAR:   0.255194347973913827E-01
  TOTAL MOVES:                    3360
     DOWNHILL:                    2403
     ACCEPTED UPHILL:              794
     REJECTED UPHILL:              163
  TRIALS OUT OF BOUNDS:           1612
  NEW MINIMA THIS TEMPERATURE:       0

                         CURRENT OPTIMAL X
    0.9331452250         0.3339712620E-01     0.1731005788         0.2169111967         0.9711321592E-01     0.2204213262         0.6710401773         0.5546335928         0.6009134054E-01     0.2680613160    
    0.3091368675         0.3266251683E-01     0.1915646672         0.7112748027         0.9701380573         0.9112735391E-01     0.1166071534         0.3809523582         0.7120710611E-01     0.2024267673    
    0.5787453055         0.7569789886E-03     0.8777672648E-01     0.2521849751         0.5471782684         0.6654410362E-01     0.1780090570         0.2724745870         0.5341120362         0.1340222955E-01
    0.1387805700         0.8483284116         0.4826869965E-01     0.2914459944         0.9011306167         0.1498413086E-01     0.7477809787E-01     0.2537624121         0.5970653296         0.7495075464E-02
    0.1713386536         0.1796405315    

                         STEP LENGTH (VM)
     1.000000000         0.1000000000         0.2000000000          1.000000000         0.1000000000         0.2000000000          1.000000000         0.4615383978         0.1000000000         0.2000000000    
     1.000000000         0.1000000000         0.2000000000          1.000000000         0.3526200485         0.1000000000         0.2000000000          1.000000000         0.1000000000         0.2000000000    
     1.000000000          1.000000000         0.1000000000         0.2000000000          1.000000000         0.1000000000         0.2000000000          1.000000000          1.000000000         0.1000000000    
    0.2000000000          1.000000000         0.1000000000         0.2000000000          1.000000000          1.000000000         0.1000000000         0.2000000000          1.000000000         0.1000000000    
    0.2000000000          1.000000000    
 

 INTERMEDIATE RESULTS BEFORE NEXT TEMPERATURE REDUCTION

  CURRENT TEMPERATURE:             0.50056    
  MIN FUNCTION VALUE SO FAR:   0.252578307486365228E-01
  TOTAL MOVES:                    3360
     DOWNHILL:                    2423
     ACCEPTED UPHILL:              768
     REJECTED UPHILL:              169
  TRIALS OUT OF BOUNDS:           1600
  NEW MINIMA THIS TEMPERATURE:       1

                         CURRENT OPTIMAL X
    0.9435804486         0.1079213023E-01     0.1890786767         0.2169111967         0.9711321592E-01     0.2204213262         0.6710401773         0.5546335928         0.6009134054E-01     0.2680613160    
    0.3091368675         0.3266251683E-01     0.1915646672         0.7112748027         0.9701380573         0.9112735391E-01     0.1166071534         0.3809523582         0.7120710611E-01     0.2024267673    
    0.5787453055         0.7569789886E-03     0.8777672648E-01     0.2521849751         0.5471782684         0.6654410362E-01     0.1780090570         0.2724745870         0.5341120362         0.1340222955E-01
    0.1387805700         0.8483284116         0.4826869965E-01     0.2914459944         0.9011306167         0.1498413086E-01     0.7477809787E-01     0.2537624121         0.5970653296         0.7495075464E-02
    0.1713386536         0.1796405315    

                         STEP LENGTH (VM)
     1.000000000         0.1000000000         0.2000000000          1.000000000         0.1000000000         0.2000000000          1.000000000         0.7788457029         0.1000000000         0.2000000000    
     1.000000000         0.1000000000         0.2000000000          1.000000000         0.1075297132         0.1000000000         0.2000000000          1.000000000         0.1000000000         0.2000000000    
     1.000000000          1.000000000         0.1000000000         0.2000000000          1.000000000         0.1000000000         0.2000000000          1.000000000          1.000000000         0.1000000000    
    0.2000000000          1.000000000         0.1000000000         0.2000000000          1.000000000          1.000000000         0.1000000000         0.2000000000          1.000000000         0.1000000000    
    0.2000000000          1.000000000    
 

 INTERMEDIATE RESULTS BEFORE NEXT TEMPERATURE REDUCTION

  CURRENT TEMPERATURE:             0.37542    
  MIN FUNCTION VALUE SO FAR:   0.252578307486365228E-01
  TOTAL MOVES:                    3360
     DOWNHILL:                    2392
     ACCEPTED UPHILL:              799
     REJECTED UPHILL:              169
  TRIALS OUT OF BOUNDS:           1657
  NEW MINIMA THIS TEMPERATURE:       0

                         CURRENT OPTIMAL X
    0.9435804486         0.1079213023E-01     0.1890786767         0.2169111967         0.9711321592E-01     0.2204213262         0.6710401773         0.5546335928         0.6009134054E-01     0.2680613160    
    0.3091368675         0.3266251683E-01     0.1915646672         0.7112748027         0.9701380573         0.9112735391E-01     0.1166071534         0.3809523582         0.7120710611E-01     0.2024267673    
    0.5787453055         0.7569789886E-03     0.8777672648E-01     0.2521849751         0.5471782684         0.6654410362E-01     0.1780090570         0.2724745870         0.5341120362         0.1340222955E-01
    0.1387805700         0.8483284116         0.4826869965E-01     0.2914459944         0.9011306167         0.1498413086E-01     0.7477809787E-01     0.2537624121         0.5970653296         0.7495075464E-02
    0.1713386536         0.1796405315    

                         STEP LENGTH (VM)
     1.000000000         0.1000000000         0.2000000000          1.000000000         0.1000000000         0.2000000000          1.000000000         0.4018834123         0.1000000000         0.2000000000    
     1.000000000         0.1000000000         0.2000000000          1.000000000         0.1046999320         0.1000000000         0.2000000000          1.000000000         0.1000000000         0.2000000000    
     1.000000000          1.000000000         0.1000000000         0.2000000000          1.000000000         0.1000000000         0.2000000000          1.000000000          1.000000000         0.1000000000    
    0.2000000000          1.000000000         0.1000000000         0.2000000000          1.000000000          1.000000000         0.1000000000         0.2000000000          1.000000000         0.1000000000    
    0.2000000000          1.000000000    
 

 INTERMEDIATE RESULTS BEFORE NEXT TEMPERATURE REDUCTION

  CURRENT TEMPERATURE:             0.28157    
  MIN FUNCTION VALUE SO FAR:   0.252578307486365228E-01
  TOTAL MOVES:                    3360
     DOWNHILL:                    2390
     ACCEPTED UPHILL:              729
     REJECTED UPHILL:              241
  TRIALS OUT OF BOUNDS:           1596
  NEW MINIMA THIS TEMPERATURE:       0

                         CURRENT OPTIMAL X
    0.9435804486         0.1079213023E-01     0.1890786767         0.2169111967         0.9711321592E-01     0.2204213262         0.6710401773         0.5546335928         0.6009134054E-01     0.2680613160    
    0.3091368675         0.3266251683E-01     0.1915646672         0.7112748027         0.9701380573         0.9112735391E-01     0.1166071534         0.3809523582         0.7120710611E-01     0.2024267673    
    0.5787453055         0.7569789886E-03     0.8777672648E-01     0.2521849751         0.5471782684         0.6654410362E-01     0.1780090570         0.2724745870         0.5341120362         0.1340222955E-01
    0.1387805700         0.8483284116         0.4826869965E-01     0.2914459944         0.9011306167         0.1498413086E-01     0.7477809787E-01     0.2537624121         0.5970653296         0.7495075464E-02
    0.1713386536         0.1796405315    

                         STEP LENGTH (VM)
     1.000000000         0.1000000000         0.2000000000          1.000000000         0.1000000000         0.2000000000          1.000000000         0.2569865807         0.1000000000         0.2000000000    
     1.000000000         0.1000000000         0.2000000000          1.000000000         0.1063617916         0.1000000000         0.2000000000          1.000000000         0.1000000000         0.2000000000    
     1.000000000         0.5765765541         0.1000000000         0.2000000000          1.000000000         0.1000000000         0.2000000000          1.000000000         0.6486483557         0.1000000000    
    0.2000000000          1.000000000         0.1000000000         0.2000000000          1.000000000          1.000000000         0.1000000000         0.2000000000          1.000000000         0.1000000000    
    0.2000000000          1.000000000    
 

 INTERMEDIATE RESULTS BEFORE NEXT TEMPERATURE REDUCTION

  CURRENT TEMPERATURE:             0.21118    
  MIN FUNCTION VALUE SO FAR:   0.247714168551895764E-01
  TOTAL MOVES:                    3360
     DOWNHILL:                    2393
     ACCEPTED UPHILL:              752
     REJECTED UPHILL:              215
  TRIALS OUT OF BOUNDS:           1630
  NEW MINIMA THIS TEMPERATURE:       0

                         CURRENT OPTIMAL X
    0.9435804486         0.8477202058E-01     0.2037214398         0.2100002766         0.3521249890E-01     0.2218186498         0.6469051242         0.5546335928         0.4207557440E-01     0.1076542497    
    0.3091368675         0.3266251683E-01     0.1915646672         0.7112748027         0.9701380573         0.9112735391E-01     0.1166071534         0.3809523582         0.7120710611E-01     0.2024267673    
    0.5787453055         0.7569789886E-03     0.8777672648E-01     0.2521849751         0.5471782684         0.6654410362E-01     0.1780090570         0.2724745870         0.5341120362         0.1340222955E-01
    0.1387805700         0.8483284116         0.4826869965E-01     0.2914459944         0.9011306167         0.1498413086E-01     0.7477809787E-01     0.2537624121         0.5970653296         0.7495075464E-02
    0.1713386536         0.1796405315    

                         STEP LENGTH (VM)
     1.000000000         0.1000000000         0.2000000000          1.000000000         0.1000000000         0.2000000000          1.000000000         0.2798076637         0.1000000000         0.2000000000    
     1.000000000         0.1000000000         0.2000000000          1.000000000         0.9369963143E-01     0.1000000000         0.2000000000          1.000000000         0.1000000000         0.2000000000    
     1.000000000          1.000000000         0.1000000000         0.2000000000          1.000000000         0.1000000000         0.2000000000          1.000000000         0.3904854062         0.1000000000    
    0.2000000000          1.000000000         0.1000000000         0.2000000000          1.000000000          1.000000000         0.1000000000         0.2000000000          1.000000000         0.1000000000    
    0.2000000000          1.000000000    
 

 INTERMEDIATE RESULTS BEFORE NEXT TEMPERATURE REDUCTION

  CURRENT TEMPERATURE:             0.15838    
  MIN FUNCTION VALUE SO FAR:   0.247035625290067395E-01
  TOTAL MOVES:                    3360
     DOWNHILL:                    2363
     ACCEPTED UPHILL:              774
     REJECTED UPHILL:              223
  TRIALS OUT OF BOUNDS:           1595
  NEW MINIMA THIS TEMPERATURE:       2

                         CURRENT OPTIMAL X
    0.9435804486         0.8477202058E-01     0.2760501027         0.9619776011         0.6621613503E-01     0.2097035766         0.8765688539         0.5546335928         0.6677637100E-01     0.2436953425    
    0.8736979961         0.3092876076E-01     0.1643170714         0.2919550538         0.9701380573         0.9112735391E-01     0.2995495677         0.7154543400         0.1063354015E-01     0.1126356840    
    0.8954991698         0.7569789886E-03     0.1897681355E-01     0.2805815697         0.7390741110         0.6654410362E-01     0.1780090570         0.2724745870         0.5341120362         0.1340222955E-01
    0.1387805700         0.8483284116         0.4826869965E-01     0.2914459944         0.9011306167         0.1498413086E-01     0.7477809787E-01     0.2537624121         0.5970653296         0.7495075464E-02
    0.1713386536         0.1796405315    

                         STEP LENGTH (VM)
     1.000000000         0.1000000000         0.2000000000          1.000000000         0.1000000000         0.2000000000          1.000000000         0.3167513232         0.1000000000         0.2000000000    
     1.000000000         0.1000000000         0.2000000000          1.000000000         0.9404350528E-01     0.1000000000         0.2000000000          1.000000000         0.1000000000         0.2000000000    
     1.000000000          1.000000000         0.1000000000         0.2000000000          1.000000000         0.1000000000         0.2000000000          1.000000000         0.3894393251         0.1000000000    
    0.2000000000          1.000000000         0.1000000000         0.2000000000          1.000000000         0.7619046828         0.1000000000         0.2000000000          1.000000000         0.1000000000    
    0.2000000000          1.000000000    
 

 INTERMEDIATE RESULTS BEFORE NEXT TEMPERATURE REDUCTION

  CURRENT TEMPERATURE:             0.11879    
  MIN FUNCTION VALUE SO FAR:   0.246905527904747180E-01
  TOTAL MOVES:                    3360
     DOWNHILL:                    2368
     ACCEPTED UPHILL:              739
     REJECTED UPHILL:              253
  TRIALS OUT OF BOUNDS:           1585
  NEW MINIMA THIS TEMPERATURE:       2

                         CURRENT OPTIMAL X
    0.9435804486         0.4620794654E-01     0.2104878545         0.4570929408         0.6621613503E-01     0.2097035766         0.8765688539         0.5546335928         0.6677637100E-01     0.2436953425    
    0.8736979961         0.3092876076E-01     0.1643170714         0.2919550538         0.9701380573         0.9112735391E-01     0.2995495677         0.7154543400         0.1063354015E-01     0.1126356840    
    0.8954991698         0.7569789886E-03     0.1897681355E-01     0.2805815697         0.7390741110         0.6654410362E-01     0.1780090570         0.2724745870         0.5341120362         0.1340222955E-01
    0.1387805700         0.8483284116         0.4826869965E-01     0.2914459944         0.9011306167         0.1498413086E-01     0.7477809787E-01     0.2537624121         0.5970653296         0.7495075464E-02
    0.1713386536         0.1796405315    

                         STEP LENGTH (VM)
     1.000000000         0.1000000000         0.2000000000          1.000000000         0.1000000000         0.2000000000          1.000000000         0.2224644857         0.1000000000         0.2000000000    
     1.000000000         0.1000000000         0.2000000000          1.000000000         0.7229766792E-01     0.1000000000         0.2000000000          1.000000000         0.1000000000         0.2000000000    
     1.000000000         0.4605449697         0.1000000000         0.2000000000          1.000000000         0.1000000000         0.2000000000          1.000000000         0.3769089579         0.1000000000    
    0.2000000000          1.000000000         0.1000000000         0.2000000000          1.000000000          1.000000000         0.1000000000         0.2000000000          1.000000000         0.1000000000    
    0.2000000000          1.000000000    
 

 INTERMEDIATE RESULTS BEFORE NEXT TEMPERATURE REDUCTION

  CURRENT TEMPERATURE:             0.89090E-01
  MIN FUNCTION VALUE SO FAR:   0.245942662649201171E-01
  TOTAL MOVES:                    3360
     DOWNHILL:                    2300
     ACCEPTED UPHILL:              789
     REJECTED UPHILL:              271
  TRIALS OUT OF BOUNDS:           1556
  NEW MINIMA THIS TEMPERATURE:       0

                         CURRENT OPTIMAL X
    0.9435804486         0.3457148671E-01     0.1544255614         0.4232361913         0.5983388424E-01     0.2848352671         0.6534526944         0.5546335928         0.6550523043E-01     0.2187551856    
    0.2219273448         0.3092876076E-01     0.1643170714         0.2919550538         0.9701380573         0.9112735391E-01     0.2995495677         0.7154543400         0.1063354015E-01     0.1126356840    
    0.8954991698         0.7569789886E-03     0.1897681355E-01     0.2805815697         0.7390741110         0.6654410362E-01     0.1780090570         0.2724745870         0.5341120362         0.1340222955E-01
    0.1387805700         0.8483284116         0.4826869965E-01     0.2914459944         0.9011306167         0.1498413086E-01     0.7477809787E-01     0.2537624121         0.5970653296         0.7495075464E-02
    0.1713386536         0.1796405315    

                         STEP LENGTH (VM)
    0.8888888668         0.1000000000         0.2000000000          1.000000000         0.1000000000         0.2000000000          1.000000000         0.1711080119         0.1000000000         0.2000000000    
     1.000000000         0.1000000000         0.2000000000          1.000000000         0.4922392712E-01     0.1000000000         0.2000000000          1.000000000         0.1000000000         0.2000000000    
     1.000000000         0.3686572425         0.1000000000         0.2000000000          1.000000000         0.1000000000         0.2000000000          1.000000000         0.2496830470         0.1000000000    
    0.2000000000          1.000000000         0.1000000000         0.2000000000          1.000000000         0.7297296409         0.1000000000         0.2000000000          1.000000000         0.1000000000    
    0.2000000000          1.000000000    
 

 INTERMEDIATE RESULTS BEFORE NEXT TEMPERATURE REDUCTION

  CURRENT TEMPERATURE:             0.66817E-01
  MIN FUNCTION VALUE SO FAR:   0.244718527522536089E-01
  TOTAL MOVES:                    3360
     DOWNHILL:                    2331
     ACCEPTED UPHILL:              730
     REJECTED UPHILL:              299
  TRIALS OUT OF BOUNDS:           1532
  NEW MINIMA THIS TEMPERATURE:       1

                         CURRENT OPTIMAL X
    0.9435804486         0.9973690510E-01     0.2799631715         0.3974468708         0.1135397553E-01     0.1900483727         0.8749133348E-01     0.5284137209         0.3878041506E-01     0.1979644775    
    0.4741013646         0.5960040689E-01     0.2985093713         0.6900222898         0.9753263632         0.9492302537E-01     0.2634696484         0.6728112698E-01     0.2885966301E-01     0.1753430128    
    0.7887043357         0.7569789886E-03     0.8182137609E-01     0.1260311842         0.9152132273E-01     0.2458174825E-01     0.2162008047         0.3685395122         0.5341120362         0.9516921639E-01
    0.1997615576         0.7500985861         0.3268855810E-02     0.2194615364         0.8040527701         0.1498413086E-01     0.7436496616E-01     0.2512534261         0.8906536102         0.9007117152E-01
    0.2733942032         0.7392551303    

                         STEP LENGTH (VM)
    0.3065668492         0.1000000000         0.2000000000          1.000000000         0.1000000000         0.2000000000          1.000000000         0.7135001811E-01     0.1000000000         0.2000000000    
     1.000000000         0.1000000000         0.2000000000          1.000000000         0.3438509465E-01     0.1000000000         0.2000000000          1.000000000         0.1000000000         0.2000000000    
     1.000000000         0.1889413610         0.1000000000         0.2000000000          1.000000000         0.1000000000         0.2000000000          1.000000000         0.1263592983         0.1000000000    
    0.2000000000          1.000000000         0.1000000000         0.2000000000          1.000000000         0.2395464232         0.1000000000         0.2000000000          1.000000000         0.1000000000    
    0.2000000000          1.000000000    
 

 INTERMEDIATE RESULTS BEFORE NEXT TEMPERATURE REDUCTION

  CURRENT TEMPERATURE:             0.50113E-01
  MIN FUNCTION VALUE SO FAR:   0.223537409984432278E-01
  TOTAL MOVES:                    3360
     DOWNHILL:                    2359
     ACCEPTED UPHILL:              726
     REJECTED UPHILL:              275
  TRIALS OUT OF BOUNDS:           1485
  NEW MINIMA THIS TEMPERATURE:       0

                         CURRENT OPTIMAL X
    0.9794062990         0.5611706972E-01     0.2988182664         0.6090915203E-01     0.5589118004E-01     0.1210081339         0.4296810031         0.5284137209         0.6810126901E-01     0.2043303967    
    0.3452017903         0.9283405542E-02     0.2795812726         0.2711714506         0.9753263632         0.2283141017E-01     0.2691097975         0.1608356237         0.2885966301E-01     0.1753430128    
    0.7887043357         0.7569789886E-03     0.8182137609E-01     0.1260311842         0.9152132273E-01     0.2458174825E-01     0.2162008047         0.3685395122         0.5341120362         0.9516921639E-01
    0.1997615576         0.7500985861         0.3268855810E-02     0.2194615364         0.8040527701         0.1498413086E-01     0.7436496616E-01     0.2512534261         0.8906536102         0.9007117152E-01
    0.2733942032         0.7392551303    

                         STEP LENGTH (VM)
     1.000000000         0.1000000000         0.2000000000          1.000000000         0.1000000000         0.2000000000          1.000000000         0.1497843240         0.1000000000         0.2000000000    
     1.000000000         0.1000000000         0.2000000000          1.000000000         0.2236373578E-01     0.1000000000         0.2000000000          1.000000000         0.1000000000         0.2000000000    
     1.000000000         0.3512203753         0.1000000000         0.2000000000          1.000000000         0.1000000000         0.2000000000          1.000000000         0.1865772897         0.1000000000    
    0.2000000000          1.000000000         0.1000000000         0.2000000000          1.000000000         0.2502403857         0.1000000000         0.2000000000          1.000000000         0.1000000000    
    0.2000000000          1.000000000    
 

 INTERMEDIATE RESULTS BEFORE NEXT TEMPERATURE REDUCTION

  CURRENT TEMPERATURE:             0.37585E-01
  MIN FUNCTION VALUE SO FAR:   0.193743775437693611E-01
  TOTAL MOVES:                    3360
     DOWNHILL:                    2360
     ACCEPTED UPHILL:              693
     REJECTED UPHILL:              307
  TRIALS OUT OF BOUNDS:           1502
  NEW MINIMA THIS TEMPERATURE:       0

                         CURRENT OPTIMAL X
    0.9794062990         0.2804610133E-01     0.1961378336         0.8931946754E-01     0.3908711076E-01     0.2940616250         0.7844585180E-01     0.5284137209         0.5341851115E-01     0.1758741617    
    0.2442738414         0.1104085445E-01     0.1672685742         0.5206370950         0.9753263632         0.7858280540E-01     0.1481426001         0.1208189726         0.9995492697E-01     0.2004144549    
    0.2905523181         0.7569789886E-03     0.7195453048E-01     0.1205920100         0.2829509974E-01     0.6539061069E-01     0.1191973209         0.2708415389         0.5341120362         0.2505378127E-01
    0.1383590579         0.7500985861         0.3268855810E-02     0.2194615364         0.8040527701         0.1498413086E-01     0.7436496616E-01     0.2512534261         0.8906536102         0.9007117152E-01
    0.2733942032         0.7392551303    

                         STEP LENGTH (VM)
    0.2253562759         0.1000000000         0.2000000000          1.000000000         0.1000000000         0.2000000000          1.000000000         0.3893694715E-01     0.1000000000         0.2000000000    
     1.000000000         0.1000000000         0.2000000000          1.000000000         0.1956825998E-01     0.1000000000         0.2000000000          1.000000000         0.1000000000         0.2000000000    
     1.000000000         0.6390517523E-01     0.1000000000         0.2000000000          1.000000000         0.1000000000         0.2000000000          1.000000000         0.8674411471E-01     0.1000000000    
    0.2000000000          1.000000000         0.1000000000         0.2000000000          1.000000000         0.4047432610         0.1000000000         0.2000000000          1.000000000         0.1000000000    
    0.2000000000          1.000000000    
 

 INTERMEDIATE RESULTS BEFORE NEXT TEMPERATURE REDUCTION

  CURRENT TEMPERATURE:             0.28189E-01
  MIN FUNCTION VALUE SO FAR:   0.190742475707982306E-01
  TOTAL MOVES:                    3360
     DOWNHILL:                    2319
     ACCEPTED UPHILL:              698
     REJECTED UPHILL:              343
  TRIALS OUT OF BOUNDS:           1499
  NEW MINIMA THIS TEMPERATURE:       1

                         CURRENT OPTIMAL X
    0.9686484391         0.6803452373E-01     0.2117533684         0.6691986322         0.9367709756E-01     0.1375162840         0.5737853646         0.5284137209         0.5341851115E-01     0.2942041278    
    0.3187358975         0.1104085445E-01     0.1672685742         0.5206370950         0.9753263632         0.7858280540E-01     0.1481426001         0.1208189726         0.9995492697E-01     0.2004144549    
    0.2905523181         0.7569789886E-03     0.7195453048E-01     0.1205920100         0.2829509974E-01     0.6539061069E-01     0.1191973209         0.2708415389         0.5341120362         0.2505378127E-01
    0.1383590579         0.7500985861         0.3268855810E-02     0.2194615364         0.8040527701         0.1498413086E-01     0.7436496616E-01     0.2512534261         0.8906536102         0.9007117152E-01
    0.2733942032         0.7392551303    

                         STEP LENGTH (VM)
    0.1548162543         0.1000000000         0.2000000000          1.000000000         0.1000000000         0.2000000000          1.000000000         0.1827329019E-01     0.1000000000         0.2000000000    
     1.000000000         0.1000000000         0.2000000000          1.000000000         0.1816093379E-01     0.1000000000         0.2000000000          1.000000000         0.1000000000         0.2000000000    
     1.000000000         0.7506318783E-01     0.1000000000         0.2000000000          1.000000000         0.1000000000         0.2000000000          1.000000000         0.5215639520E-01     0.1000000000    
    0.2000000000          1.000000000         0.1000000000         0.2000000000          1.000000000         0.2110746742         0.1000000000         0.2000000000          1.000000000         0.1000000000    
    0.2000000000          1.000000000    
 

 INTERMEDIATE RESULTS BEFORE NEXT TEMPERATURE REDUCTION

  CURRENT TEMPERATURE:             0.21141E-01
  MIN FUNCTION VALUE SO FAR:   0.190315059310200985E-01
  TOTAL MOVES:                    3360
     DOWNHILL:                    2345
     ACCEPTED UPHILL:              697
     REJECTED UPHILL:              318
  TRIALS OUT OF BOUNDS:           1435
  NEW MINIMA THIS TEMPERATURE:       0

                         CURRENT OPTIMAL X
    0.9686484391         0.9063193202E-01     0.1394119859         0.3123382330         0.4363370538E-01     0.1898482323         0.9330062866         0.5284137209         0.2874446511E-01     0.1740411401    
    0.1110094190         0.7672371268E-01     0.2157127976         0.5701645017         0.9753263632         0.5504156351E-01     0.2151216984         0.7334359884         0.5584577322E-01     0.1090811133    
    0.4579283595         0.7569789886E-03     0.6978673339E-01     0.1986625791         0.4777704477         0.3329592943E-01     0.2504099965         0.4983627200         0.5341120362         0.2477941513E-01
    0.2610902667         0.1513137221         0.8281915188E-01     0.2340559006         0.4489216208         0.1498413086E-01     0.6543273330E-01     0.2048650146         0.7791271210         0.7599659562E-01
    0.2516728282         0.6560450792    

                         STEP LENGTH (VM)
    0.1706542851         0.1000000000         0.2000000000          1.000000000         0.1000000000         0.2000000000          1.000000000         0.4903894382E-01     0.1000000000         0.2000000000    
     1.000000000         0.1000000000         0.2000000000          1.000000000         0.9610184475E-02     0.1000000000         0.2000000000          1.000000000         0.1000000000         0.2000000000    
     1.000000000         0.6907350211E-01     0.1000000000         0.2000000000          1.000000000         0.1000000000         0.2000000000          1.000000000         0.3909664935E-01     0.1000000000    
    0.2000000000          1.000000000         0.1000000000         0.2000000000          1.000000000         0.1008117370         0.1000000000         0.2000000000          1.000000000         0.1000000000    
    0.2000000000          1.000000000    
 

 INTERMEDIATE RESULTS BEFORE NEXT TEMPERATURE REDUCTION

  CURRENT TEMPERATURE:             0.15856E-01
  MIN FUNCTION VALUE SO FAR:   0.305230830914682283E-02
  TOTAL MOVES:                    3360
     DOWNHILL:                    2322
     ACCEPTED UPHILL:              695
     REJECTED UPHILL:              343
  TRIALS OUT OF BOUNDS:           1531
  NEW MINIMA THIS TEMPERATURE:       3

                         CURRENT OPTIMAL X
    0.9426984857         0.6955633163E-01     0.2444008946         0.6020414829E-01     0.9251289964E-01     0.2857739687         0.3760224581         0.4884487115         0.2482991815E-01     0.2032503486    
    0.1457606554         0.7442701459E-01     0.2978557110         0.3371322155E-01     0.9992192003         0.4624795914E-01     0.2961221218         0.7205051184E-01     0.8331395984E-01     0.1448420167    
    0.3152668476E-01     0.4147215902E-02     0.8335492015E-01     0.1891031265         0.2433720231         0.9756169319E-01     0.1437682033         0.3481434584         0.5464039944         0.5169009566E-01
    0.2961269379         0.6032524705         0.9209231138E-01     0.2821425557         0.6636217237         0.9653174715E-02     0.9024423957E-01     0.2067955613         0.1672407389         0.4216772914E-01
    0.1764378667         0.9330423474    

                         STEP LENGTH (VM)
    0.8752634175E-01     0.1000000000         0.2000000000          1.000000000         0.1000000000         0.2000000000          1.000000000         0.1859433482E-01     0.1000000000         0.2000000000    
     1.000000000         0.1000000000         0.2000000000          1.000000000         0.5357461457E-02     0.1000000000         0.2000000000          1.000000000         0.1000000000         0.2000000000    
     1.000000000         0.1671568625E-01     0.1000000000         0.2000000000          1.000000000         0.1000000000         0.2000000000          1.000000000         0.1418951258E-01     0.1000000000    
    0.2000000000          1.000000000         0.1000000000         0.2000000000          1.000000000         0.2748728249E-01     0.1000000000         0.2000000000          1.000000000         0.1000000000    
    0.2000000000          1.000000000    
 

  SA ACHIEVED TERMINATION CRITERIA. IER = 0. 


  ****   RESULTS AFTER SA   ****   

                         SOLUTION
    0.9426984857         0.6955633163E-01     0.2444008946         0.6020414829E-01     0.9251289964E-01     0.2857739687         0.3760224581         0.4884487115         0.2482991815E-01     0.2032503486    
    0.1457606554         0.7442701459E-01     0.2978557110         0.3371322155E-01     0.9992192003         0.4624795914E-01     0.2961221218         0.7205051184E-01     0.8331395984E-01     0.1448420167    
    0.3152668476E-01     0.4147215902E-02     0.8335492015E-01     0.1891031265         0.2433720231         0.9756169319E-01     0.1437682033         0.3481434584         0.5464039944         0.5169009566E-01
    0.2961269379         0.6032524705         0.9209231138E-01     0.2821425557         0.6636217237         0.9653174715E-02     0.9024423957E-01     0.2067955613         0.1672407389         0.4216772914E-01
    0.1764378667         0.9330423474    

                         FINAL STEP LENGTH
    0.8752634175E-01     0.1000000000         0.2000000000          1.000000000         0.1000000000         0.2000000000          1.000000000         0.1859433482E-01     0.1000000000         0.2000000000    
     1.000000000         0.1000000000         0.2000000000          1.000000000         0.5357461457E-02     0.1000000000         0.2000000000          1.000000000         0.1000000000         0.2000000000    
     1.000000000         0.1671568625E-01     0.1000000000         0.2000000000          1.000000000         0.1000000000         0.2000000000          1.000000000         0.1418951258E-01     0.1000000000    
    0.2000000000          1.000000000         0.1000000000         0.2000000000          1.000000000         0.2748728249E-01     0.1000000000         0.2000000000          1.000000000         0.1000000000    
    0.2000000000          1.000000000    

 OPTIMAL FUNCTION VALUE:  0.3052308309147E-02
 NUMBER OF FUNCTION EVALUATIONS:          70561
 NUMBER OF ACCEPTED EVALUATIONS:          66104
 NUMBER OF OUT OF BOUND EVALUATIONS:      33354
 FINAL TEMP:  0.1585605969467E-01  IER:   0
