
 SIMULATED PARALLEL ANNEALING by NEIGHBORHOOD EXAMPLE

 NUMBER OF PARAMETERS:  42   MAXIMAZATION:     F
 INITIAL TEMP:  5.0       RT: 0.75       EPS: 0.10E-02
 NS:  24   NT:   5   NEPS:  4
 MAXEVL:  100000000   IPRINT: 1   ISEED1:    7 ISEED2:    8

                         STARTING VALUES
    0.9920948317         0.3879622817E-01     0.2041392326         0.1399486661         0.3780311346E-01     0.1796309948         0.4222737551         0.6361558971         0.6362628937E-02     0.1380752802    
    0.9397706985         0.4114107490E-01     0.2042868376         0.4466331005E-01     0.9884389760         0.9440618157E-01     0.2152112126         0.1169844270         0.5618481040E-01     0.2983768225    
    0.8466151357         0.1443916559E-01     0.3809977174E-01     0.1683738589         0.9286264181         0.6531269550E-01     0.2851266742         0.1868256927         0.7071144765         0.9607354403E-01
    0.2357887149         0.6778126955E-01     0.3424512744E-01     0.2654740810         0.8628123999         0.5127191635E-02     0.3393834233E-01     0.2942435861         0.8788208961         0.3045877218E-01
    0.1827162862         0.5964363217    

                         INITIAL STEP LENGTH
     1.000000000         0.1000000000         0.2000000000          1.000000000         0.1000000000         0.2000000000          1.000000000          1.000000000         0.1000000000         0.2000000000    
     1.000000000         0.1000000000         0.2000000000          1.000000000          1.000000000         0.1000000000         0.2000000000          1.000000000         0.1000000000         0.2000000000    
     1.000000000          1.000000000         0.1000000000         0.2000000000          1.000000000         0.1000000000         0.2000000000          1.000000000          1.000000000         0.1000000000    
    0.2000000000          1.000000000         0.1000000000         0.2000000000          1.000000000          1.000000000         0.1000000000         0.2000000000          1.000000000         0.1000000000    
    0.2000000000          1.000000000    

                         LOWER BOUND
     0.000000000          0.000000000         0.1000000000          0.000000000          0.000000000         0.1000000000          0.000000000          0.000000000          0.000000000         0.1000000000    
     0.000000000          0.000000000         0.1000000000          0.000000000          0.000000000          0.000000000         0.1000000000          0.000000000          0.000000000         0.1000000000    
     0.000000000          0.000000000          0.000000000         0.1000000000          0.000000000          0.000000000         0.1000000000          0.000000000          0.000000000          0.000000000    
    0.1000000000          0.000000000          0.000000000         0.1000000000          0.000000000          0.000000000          0.000000000         0.1000000000          0.000000000          0.000000000    
    0.1000000000          0.000000000    

                         UPPER BOUND
     1.000000000         0.1000000000         0.3000000000          1.000000000         0.1000000000         0.3000000000          1.000000000          1.000000000         0.1000000000         0.3000000000    
     1.000000000         0.1000000000         0.3000000000          1.000000000          1.000000000         0.1000000000         0.3000000000          1.000000000         0.1000000000         0.3000000000    
     1.000000000          1.000000000         0.1000000000         0.3000000000          1.000000000         0.1000000000         0.3000000000          1.000000000          1.000000000         0.1000000000    
    0.3000000000          1.000000000         0.1000000000         0.3000000000          1.000000000          1.000000000         0.1000000000         0.3000000000          1.000000000         0.1000000000    
    0.3000000000          1.000000000    

                         C VECTOR
     2.000000000          2.000000000          2.000000000          2.000000000          2.000000000          2.000000000          2.000000000          2.000000000          2.000000000          2.000000000    
     2.000000000          2.000000000          2.000000000          2.000000000          2.000000000          2.000000000          2.000000000          2.000000000          2.000000000          2.000000000    
     2.000000000          2.000000000          2.000000000          2.000000000          2.000000000          2.000000000          2.000000000          2.000000000          2.000000000          2.000000000    
     2.000000000          2.000000000          2.000000000          2.000000000          2.000000000          2.000000000          2.000000000          2.000000000          2.000000000          2.000000000    
     2.000000000          2.000000000    

  ****   END OF DRIVER ROUTINE OUTPUT   ****
  ****   BEFORE CALL TO SA.             ****
  

                         INITIAL X
    0.9920948317         0.3879622817E-01     0.2041392326         0.1399486661         0.3780311346E-01     0.1796309948         0.4222737551         0.6361558971         0.6362628937E-02     0.1380752802    
    0.9397706985         0.4114107490E-01     0.2042868376         0.4466331005E-01     0.9884389760         0.9440618157E-01     0.2152112126         0.1169844270         0.5618481040E-01     0.2983768225    
    0.8466151357         0.1443916559E-01     0.3809977174E-01     0.1683738589         0.9286264181         0.6531269550E-01     0.2851266742         0.1868256927         0.7071144765         0.9607354403E-01
    0.2357887149         0.6778126955E-01     0.3424512744E-01     0.2654740810         0.8628123999         0.5127191635E-02     0.3393834233E-01     0.2942435861         0.8788208961         0.3045877218E-01
    0.1827162862         0.5964363217    
  INITIAL F: 
 0.828607339778208996E-01

 INTERMEDIATE RESULTS BEFORE NEXT TEMPERATURE REDUCTION

  CURRENT TEMPERATURE:              5.0000    
  MIN FUNCTION VALUE SO FAR:   0.828607339778208996E-01
  TOTAL MOVES:                     840
     DOWNHILL:                     605
     ACCEPTED UPHILL:              205
     REJECTED UPHILL:               30
  TRIALS OUT OF BOUNDS:            395
  NEW MINIMA THIS TEMPERATURE:       0

                         CURRENT OPTIMAL X
    0.9920948317         0.3879622817E-01     0.2041392326         0.1399486661         0.3780311346E-01     0.1796309948         0.4222737551         0.6361558971         0.6362628937E-02     0.1380752802    
    0.9397706985         0.4114107490E-01     0.2042868376         0.4466331005E-01     0.9884389760         0.9440618157E-01     0.2152112126         0.1169844270         0.5618481040E-01     0.2983768225    
    0.8466151357         0.1443916559E-01     0.3809977174E-01     0.1683738589         0.9286264181         0.6531269550E-01     0.2851266742         0.1868256927         0.7071144765         0.9607354403E-01
    0.2357887149         0.6778126955E-01     0.3424512744E-01     0.2654740810         0.8628123999         0.5127191635E-02     0.3393834233E-01     0.2942435861         0.8788208961         0.3045877218E-01
    0.1827162862         0.5964363217    

                         STEP LENGTH (VM)
     1.000000000         0.1000000000         0.2000000000          1.000000000         0.1000000000         0.2000000000          1.000000000          1.000000000         0.1000000000         0.2000000000    
     1.000000000         0.1000000000         0.2000000000          1.000000000         0.3072545437         0.1000000000         0.2000000000          1.000000000         0.1000000000         0.2000000000    
     1.000000000          1.000000000         0.1000000000         0.2000000000          1.000000000         0.1000000000         0.2000000000          1.000000000          1.000000000         0.1000000000    
    0.2000000000          1.000000000         0.1000000000         0.2000000000          1.000000000          1.000000000         0.1000000000         0.2000000000          1.000000000         0.1000000000    
    0.2000000000          1.000000000    
 

 INTERMEDIATE RESULTS BEFORE NEXT TEMPERATURE REDUCTION

  CURRENT TEMPERATURE:              3.7500    
  MIN FUNCTION VALUE SO FAR:   0.828607339778208996E-01
  TOTAL MOVES:                     840
     DOWNHILL:                     590
     ACCEPTED UPHILL:              223
     REJECTED UPHILL:               27
  TRIALS OUT OF BOUNDS:            399
  NEW MINIMA THIS TEMPERATURE:       0

                         CURRENT OPTIMAL X
    0.9920948317         0.3879622817E-01     0.2041392326         0.1399486661         0.3780311346E-01     0.1796309948         0.4222737551         0.6361558971         0.6362628937E-02     0.1380752802    
    0.9397706985         0.4114107490E-01     0.2042868376         0.4466331005E-01     0.9884389760         0.9440618157E-01     0.2152112126         0.1169844270         0.5618481040E-01     0.2983768225    
    0.8466151357         0.1443916559E-01     0.3809977174E-01     0.1683738589         0.9286264181         0.6531269550E-01     0.2851266742         0.1868256927         0.7071144765         0.9607354403E-01
    0.2357887149         0.6778126955E-01     0.3424512744E-01     0.2654740810         0.8628123999         0.5127191635E-02     0.3393834233E-01     0.2942435861         0.8788208961         0.3045877218E-01
    0.1827162862         0.5964363217    

                         STEP LENGTH (VM)
     1.000000000         0.1000000000         0.2000000000          1.000000000         0.1000000000         0.2000000000          1.000000000          1.000000000         0.1000000000         0.2000000000    
     1.000000000         0.1000000000         0.2000000000          1.000000000         0.3072545437         0.1000000000         0.2000000000          1.000000000         0.1000000000         0.2000000000    
     1.000000000          1.000000000         0.1000000000         0.2000000000          1.000000000         0.1000000000         0.2000000000          1.000000000          1.000000000         0.1000000000    
    0.2000000000          1.000000000         0.1000000000         0.2000000000          1.000000000          1.000000000         0.1000000000         0.2000000000          1.000000000         0.1000000000    
    0.2000000000          1.000000000    
 

 INTERMEDIATE RESULTS BEFORE NEXT TEMPERATURE REDUCTION

  CURRENT TEMPERATURE:              2.8125    
  MIN FUNCTION VALUE SO FAR:   0.793646847369763320E-01
  TOTAL MOVES:                     840
     DOWNHILL:                     606
     ACCEPTED UPHILL:              193
     REJECTED UPHILL:               41
  TRIALS OUT OF BOUNDS:            400
  NEW MINIMA THIS TEMPERATURE:       0

                         CURRENT OPTIMAL X
    0.9920948317         0.1625903249E-01     0.2041392326         0.1399486661         0.3780311346E-01     0.1796309948         0.4222737551         0.6361558971         0.6362628937E-02     0.1380752802    
    0.9397706985         0.4114107490E-01     0.2042868376         0.4466331005E-01     0.9884389760         0.9440618157E-01     0.2152112126         0.1169844270         0.5618481040E-01     0.2983768225    
    0.8466151357         0.1443916559E-01     0.3809977174E-01     0.1683738589         0.9286264181         0.6531269550E-01     0.2851266742         0.1868256927         0.7071144765         0.9607354403E-01
    0.2357887149         0.6778126955E-01     0.3424512744E-01     0.2654740810         0.8628123999         0.5127191635E-02     0.3393834233E-01     0.2942435861         0.8788208961         0.3045877218E-01
    0.1827162862         0.5964363217    

                         STEP LENGTH (VM)
     1.000000000         0.1000000000         0.2000000000          1.000000000         0.1000000000         0.2000000000          1.000000000          1.000000000         0.1000000000         0.2000000000    
     1.000000000         0.1000000000         0.2000000000          1.000000000         0.2362076661         0.1000000000         0.2000000000          1.000000000         0.1000000000         0.2000000000    
     1.000000000          1.000000000         0.1000000000         0.2000000000          1.000000000         0.1000000000         0.2000000000          1.000000000          1.000000000         0.1000000000    
    0.2000000000          1.000000000         0.1000000000         0.2000000000          1.000000000          1.000000000         0.1000000000         0.2000000000          1.000000000         0.1000000000    
    0.2000000000          1.000000000    
 

 INTERMEDIATE RESULTS BEFORE NEXT TEMPERATURE REDUCTION

  CURRENT TEMPERATURE:              2.1094    
  MIN FUNCTION VALUE SO FAR:   0.793646847369763320E-01
  TOTAL MOVES:                     840
     DOWNHILL:                     604
     ACCEPTED UPHILL:              195
     REJECTED UPHILL:               41
  TRIALS OUT OF BOUNDS:            398
  NEW MINIMA THIS TEMPERATURE:       0

                         CURRENT OPTIMAL X
    0.9920948317         0.1625903249E-01     0.2041392326         0.1399486661         0.3780311346E-01     0.1796309948         0.4222737551         0.6361558971         0.6362628937E-02     0.1380752802    
    0.9397706985         0.4114107490E-01     0.2042868376         0.4466331005E-01     0.9884389760         0.9440618157E-01     0.2152112126         0.1169844270         0.5618481040E-01     0.2983768225    
    0.8466151357         0.1443916559E-01     0.3809977174E-01     0.1683738589         0.9286264181         0.6531269550E-01     0.2851266742         0.1868256927         0.7071144765         0.9607354403E-01
    0.2357887149         0.6778126955E-01     0.3424512744E-01     0.2654740810         0.8628123999         0.5127191635E-02     0.3393834233E-01     0.2942435861         0.8788208961         0.3045877218E-01
    0.1827162862         0.5964363217    

                         STEP LENGTH (VM)
     1.000000000         0.1000000000         0.2000000000          1.000000000         0.1000000000         0.2000000000          1.000000000         0.6428570668         0.1000000000         0.2000000000    
     1.000000000         0.1000000000         0.2000000000          1.000000000         0.2731150863         0.1000000000         0.2000000000          1.000000000         0.1000000000         0.2000000000    
     1.000000000          1.000000000         0.1000000000         0.2000000000          1.000000000         0.1000000000         0.2000000000          1.000000000          1.000000000         0.1000000000    
    0.2000000000          1.000000000         0.1000000000         0.2000000000          1.000000000          1.000000000         0.1000000000         0.2000000000          1.000000000         0.1000000000    
    0.2000000000          1.000000000    
 

 INTERMEDIATE RESULTS BEFORE NEXT TEMPERATURE REDUCTION

  CURRENT TEMPERATURE:              1.5820    
  MIN FUNCTION VALUE SO FAR:   0.793646847369763320E-01
  TOTAL MOVES:                     840
     DOWNHILL:                     596
     ACCEPTED UPHILL:              215
     REJECTED UPHILL:               29
  TRIALS OUT OF BOUNDS:            409
  NEW MINIMA THIS TEMPERATURE:       0

                         CURRENT OPTIMAL X
    0.9920948317         0.1625903249E-01     0.2041392326         0.1399486661         0.3780311346E-01     0.1796309948         0.4222737551         0.6361558971         0.6362628937E-02     0.1380752802    
    0.9397706985         0.4114107490E-01     0.2042868376         0.4466331005E-01     0.9884389760         0.9440618157E-01     0.2152112126         0.1169844270         0.5618481040E-01     0.2983768225    
    0.8466151357         0.1443916559E-01     0.3809977174E-01     0.1683738589         0.9286264181         0.6531269550E-01     0.2851266742         0.1868256927         0.7071144765         0.9607354403E-01
    0.2357887149         0.6778126955E-01     0.3424512744E-01     0.2654740810         0.8628123999         0.5127191635E-02     0.3393834233E-01     0.2942435861         0.8788208961         0.3045877218E-01
    0.1827162862         0.5964363217    

                         STEP LENGTH (VM)
     1.000000000         0.1000000000         0.2000000000          1.000000000         0.1000000000         0.2000000000          1.000000000          1.000000000         0.1000000000         0.2000000000    
     1.000000000         0.1000000000         0.2000000000          1.000000000         0.3186342298         0.1000000000         0.2000000000          1.000000000         0.1000000000         0.2000000000    
     1.000000000          1.000000000         0.1000000000         0.2000000000          1.000000000         0.1000000000         0.2000000000          1.000000000          1.000000000         0.1000000000    
    0.2000000000          1.000000000         0.1000000000         0.2000000000          1.000000000          1.000000000         0.1000000000         0.2000000000          1.000000000         0.1000000000    
    0.2000000000          1.000000000    
 

 INTERMEDIATE RESULTS BEFORE NEXT TEMPERATURE REDUCTION

  CURRENT TEMPERATURE:              1.1865    
  MIN FUNCTION VALUE SO FAR:   0.714042510891825799E-01
  TOTAL MOVES:                     840
     DOWNHILL:                     588
     ACCEPTED UPHILL:              216
     REJECTED UPHILL:               36
  TRIALS OUT OF BOUNDS:            432
  NEW MINIMA THIS TEMPERATURE:       0

                         CURRENT OPTIMAL X
    0.9920948317         0.3256461620E-01     0.2961767316         0.9539614320         0.8273870349E-01     0.2344457388         0.2157531381         0.6534863052         0.6362628937E-02     0.1380752802    
    0.9397706985         0.4114107490E-01     0.2042868376         0.4466331005E-01     0.9884389760         0.9440618157E-01     0.2152112126         0.1169844270         0.5618481040E-01     0.2983768225    
    0.8466151357         0.1443916559E-01     0.3809977174E-01     0.1683738589         0.9286264181         0.6531269550E-01     0.2851266742         0.1868256927         0.7071144765         0.9607354403E-01
    0.2357887149         0.6778126955E-01     0.3424512744E-01     0.2654740810         0.8628123999         0.5127191635E-02     0.3393834233E-01     0.2942435861         0.8788208961         0.3045877218E-01
    0.1827162862         0.5964363217    

                         STEP LENGTH (VM)
     1.000000000         0.1000000000         0.2000000000          1.000000000         0.1000000000         0.2000000000          1.000000000          1.000000000         0.1000000000         0.2000000000    
     1.000000000         0.1000000000         0.2000000000          1.000000000         0.2832304194         0.1000000000         0.2000000000          1.000000000         0.1000000000         0.2000000000    
     1.000000000          1.000000000         0.1000000000         0.2000000000          1.000000000         0.1000000000         0.2000000000          1.000000000          1.000000000         0.1000000000    
    0.2000000000          1.000000000         0.1000000000         0.2000000000          1.000000000          1.000000000         0.1000000000         0.2000000000          1.000000000         0.1000000000    
    0.2000000000          1.000000000    
 

 INTERMEDIATE RESULTS BEFORE NEXT TEMPERATURE REDUCTION

  CURRENT TEMPERATURE:             0.88989    
  MIN FUNCTION VALUE SO FAR:   0.644368160695206749E-01
  TOTAL MOVES:                     840
     DOWNHILL:                     608
     ACCEPTED UPHILL:              197
     REJECTED UPHILL:               35
  TRIALS OUT OF BOUNDS:            413
  NEW MINIMA THIS TEMPERATURE:       3

                         CURRENT OPTIMAL X
    0.9605143835         0.1057825089E-01     0.2941202879         0.6944964528         0.8273870349E-01     0.2344457388         0.2157531381         0.6534863052         0.6362628937E-02     0.1380752802    
    0.9397706985         0.4114107490E-01     0.2042868376         0.4466331005E-01     0.9884389760         0.9440618157E-01     0.2152112126         0.1169844270         0.5618481040E-01     0.2983768225    
    0.8466151357         0.1443916559E-01     0.3809977174E-01     0.1683738589         0.9286264181         0.6531269550E-01     0.2851266742         0.1868256927         0.7071144765         0.9607354403E-01
    0.2357887149         0.6778126955E-01     0.3424512744E-01     0.2654740810         0.8628123999         0.5127191635E-02     0.3393834233E-01     0.2942435861         0.8788208961         0.3045877218E-01
    0.1827162862         0.5964363217    

                         STEP LENGTH (VM)
     1.000000000         0.1000000000         0.2000000000          1.000000000         0.1000000000         0.2000000000          1.000000000         0.7499999860         0.1000000000         0.2000000000    
     1.000000000         0.1000000000         0.2000000000          1.000000000         0.1633040192         0.1000000000         0.2000000000          1.000000000         0.1000000000         0.2000000000    
     1.000000000          1.000000000         0.1000000000         0.2000000000          1.000000000         0.1000000000         0.2000000000          1.000000000          1.000000000         0.1000000000    
    0.2000000000          1.000000000         0.1000000000         0.2000000000          1.000000000          1.000000000         0.1000000000         0.2000000000          1.000000000         0.1000000000    
    0.2000000000          1.000000000    
 

 INTERMEDIATE RESULTS BEFORE NEXT TEMPERATURE REDUCTION

  CURRENT TEMPERATURE:             0.66742    
  MIN FUNCTION VALUE SO FAR:   0.636493713925435634E-01
  TOTAL MOVES:                     840
     DOWNHILL:                     596
     ACCEPTED UPHILL:              206
     REJECTED UPHILL:               38
  TRIALS OUT OF BOUNDS:            419
  NEW MINIMA THIS TEMPERATURE:       0

                         CURRENT OPTIMAL X
    0.9605143835         0.4325560331E-01     0.1643350363         0.6944964528         0.8273870349E-01     0.2344457388         0.2157531381         0.6534863052         0.6362628937E-02     0.1380752802    
    0.9397706985         0.4114107490E-01     0.2042868376         0.4466331005E-01     0.9884389760         0.9440618157E-01     0.2152112126         0.1169844270         0.5618481040E-01     0.2983768225    
    0.8466151357         0.1443916559E-01     0.3809977174E-01     0.1683738589         0.9286264181         0.6531269550E-01     0.2851266742         0.1868256927         0.7071144765         0.9607354403E-01
    0.2357887149         0.6778126955E-01     0.3424512744E-01     0.2654740810         0.8628123999         0.5127191635E-02     0.3393834233E-01     0.2942435861         0.8788208961         0.3045877218E-01
    0.1827162862         0.5964363217    

                         STEP LENGTH (VM)
     1.000000000         0.1000000000         0.2000000000          1.000000000         0.1000000000         0.2000000000          1.000000000         0.8437497817         0.1000000000         0.2000000000    
     1.000000000         0.1000000000         0.2000000000          1.000000000         0.1633040010         0.1000000000         0.2000000000          1.000000000         0.1000000000         0.2000000000    
     1.000000000          1.000000000         0.1000000000         0.2000000000          1.000000000         0.1000000000         0.2000000000          1.000000000          1.000000000         0.1000000000    
    0.2000000000          1.000000000         0.1000000000         0.2000000000          1.000000000          1.000000000         0.1000000000         0.2000000000          1.000000000         0.1000000000    
    0.2000000000          1.000000000    
 

 INTERMEDIATE RESULTS BEFORE NEXT TEMPERATURE REDUCTION

  CURRENT TEMPERATURE:             0.50056    
  MIN FUNCTION VALUE SO FAR:   0.628621403531552936E-01
  TOTAL MOVES:                     840
     DOWNHILL:                     581
     ACCEPTED UPHILL:              212
     REJECTED UPHILL:               47
  TRIALS OUT OF BOUNDS:            406
  NEW MINIMA THIS TEMPERATURE:       0

                         CURRENT OPTIMAL X
    0.9605143835         0.3446215391E-02     0.2705296278         0.6944964528         0.8273870349E-01     0.2344457388         0.2157531381         0.6534863052         0.6362628937E-02     0.1380752802    
    0.9397706985         0.4114107490E-01     0.2042868376         0.4466331005E-01     0.9884389760         0.9440618157E-01     0.2152112126         0.1169844270         0.5618481040E-01     0.2983768225    
    0.8466151357         0.1443916559E-01     0.3809977174E-01     0.1683738589         0.9286264181         0.6531269550E-01     0.2851266742         0.1868256927         0.7071144765         0.9607354403E-01
    0.2357887149         0.6778126955E-01     0.3424512744E-01     0.2654740810         0.8628123999         0.5127191635E-02     0.3393834233E-01     0.2942435861         0.8788208961         0.3045877218E-01
    0.1827162862         0.5964363217    

                         STEP LENGTH (VM)
     1.000000000         0.1000000000         0.2000000000          1.000000000         0.1000000000         0.2000000000          1.000000000         0.4207450575         0.1000000000         0.2000000000    
     1.000000000         0.1000000000         0.2000000000          1.000000000         0.1633039827         0.1000000000         0.2000000000          1.000000000         0.1000000000         0.2000000000    
     1.000000000          1.000000000         0.1000000000         0.2000000000          1.000000000         0.1000000000         0.2000000000          1.000000000          1.000000000         0.1000000000    
    0.2000000000          1.000000000         0.1000000000         0.2000000000          1.000000000          1.000000000         0.1000000000         0.2000000000          1.000000000         0.1000000000    
    0.2000000000          1.000000000    
 

 INTERMEDIATE RESULTS BEFORE NEXT TEMPERATURE REDUCTION

  CURRENT TEMPERATURE:             0.37542    
  MIN FUNCTION VALUE SO FAR:   0.623718844271072825E-01
  TOTAL MOVES:                     840
     DOWNHILL:                     587
     ACCEPTED UPHILL:              208
     REJECTED UPHILL:               45
  TRIALS OUT OF BOUNDS:            387
  NEW MINIMA THIS TEMPERATURE:       0

                         CURRENT OPTIMAL X
    0.9605143835         0.4016770720E-01     0.1398163557         0.4401292205         0.8273870349E-01     0.2344457388         0.2157531381         0.6534863052         0.6362628937E-02     0.1380752802    
    0.9397706985         0.4114107490E-01     0.2042868376         0.4466331005E-01     0.9884389760         0.9440618157E-01     0.2152112126         0.1169844270         0.5618481040E-01     0.2983768225    
    0.8466151357         0.1443916559E-01     0.3809977174E-01     0.1683738589         0.9286264181         0.6531269550E-01     0.2851266742         0.1868256927         0.7071144765         0.9607354403E-01
    0.2357887149         0.6778126955E-01     0.3424512744E-01     0.2654740810         0.8628123999         0.5127191635E-02     0.3393834233E-01     0.2942435861         0.8788208961         0.3045877218E-01
    0.1827162862         0.5964363217    

                         STEP LENGTH (VM)
     1.000000000         0.1000000000         0.2000000000          1.000000000         0.1000000000         0.2000000000          1.000000000         0.3739955974         0.1000000000         0.2000000000    
     1.000000000         0.1000000000         0.2000000000          1.000000000         0.1088693171         0.1000000000         0.2000000000          1.000000000         0.1000000000         0.2000000000    
     1.000000000          1.000000000         0.1000000000         0.2000000000          1.000000000         0.1000000000         0.2000000000          1.000000000          1.000000000         0.1000000000    
    0.2000000000          1.000000000         0.1000000000         0.2000000000          1.000000000          1.000000000         0.1000000000         0.2000000000          1.000000000         0.1000000000    
    0.2000000000          1.000000000    
 

 INTERMEDIATE RESULTS BEFORE NEXT TEMPERATURE REDUCTION

  CURRENT TEMPERATURE:             0.28157    
  MIN FUNCTION VALUE SO FAR:   0.540082093980174260E-01
  TOTAL MOVES:                     840
     DOWNHILL:                     599
     ACCEPTED UPHILL:              195
     REJECTED UPHILL:               46
  TRIALS OUT OF BOUNDS:            419
  NEW MINIMA THIS TEMPERATURE:       0

                         CURRENT OPTIMAL X
    0.9605143835         0.7194707990E-01     0.1711699605         0.4931164384         0.7339711785E-01     0.2221836329         0.1475057006         0.7573963126         0.2879369259E-02     0.2829731703    
    0.4399396181         0.9928171039E-01     0.2559326649         0.8626427650         0.9884389760         0.6980528235E-01     0.1411756158         0.3141712547         0.1210953593E-01     0.1354665995    
    0.3365434408         0.1443916559E-01     0.6927762032E-01     0.1498618960         0.1963710785         0.6307666301E-01     0.2530883432         0.6619151831         0.7727116531         0.9607354403E-01
    0.2357887149         0.6778126955E-01     0.3424512744E-01     0.2654740810         0.8628123999         0.5127191635E-02     0.3393834233E-01     0.2942435861         0.8788208961         0.3045877218E-01
    0.1827162862         0.5964363217    

                         STEP LENGTH (VM)
     1.000000000         0.1000000000         0.2000000000          1.000000000         0.1000000000         0.2000000000          1.000000000         0.5121380653         0.1000000000         0.2000000000    
     1.000000000         0.1000000000         0.2000000000          1.000000000         0.5249055642E-01     0.1000000000         0.2000000000          1.000000000         0.1000000000         0.2000000000    
     1.000000000          1.000000000         0.1000000000         0.2000000000          1.000000000         0.1000000000         0.2000000000          1.000000000         0.5765765541         0.1000000000    
    0.2000000000          1.000000000         0.1000000000         0.2000000000          1.000000000          1.000000000         0.1000000000         0.2000000000          1.000000000         0.1000000000    
    0.2000000000          1.000000000    
 

 INTERMEDIATE RESULTS BEFORE NEXT TEMPERATURE REDUCTION

  CURRENT TEMPERATURE:             0.21118    
  MIN FUNCTION VALUE SO FAR:   0.295910553346014904E-01
  TOTAL MOVES:                     840
     DOWNHILL:                     575
     ACCEPTED UPHILL:              211
     REJECTED UPHILL:               54
  TRIALS OUT OF BOUNDS:            398
  NEW MINIMA THIS TEMPERATURE:       0

                         CURRENT OPTIMAL X
    0.9605143835         0.2809633017E-01     0.1605214953         0.9780623317         0.2499721646E-01     0.1441444516         0.3649039865         0.7827772394         0.2879369259E-02     0.2829731703    
    0.4399396181         0.9928171039E-01     0.2559326649         0.8626427650         0.9884389760         0.6980528235E-01     0.1411756158         0.3141712547         0.1210953593E-01     0.1354665995    
    0.3365434408         0.1443916559E-01     0.6927762032E-01     0.1498618960         0.1963710785         0.6307666301E-01     0.2530883432         0.6619151831         0.7727116531         0.9607354403E-01
    0.2357887149         0.6778126955E-01     0.3424512744E-01     0.2654740810         0.8628123999         0.5127191635E-02     0.3393834233E-01     0.2942435861         0.8788208961         0.3045877218E-01
    0.1827162862         0.5964363217    

                         STEP LENGTH (VM)
     1.000000000         0.1000000000         0.2000000000          1.000000000         0.1000000000         0.2000000000          1.000000000         0.5121380653         0.1000000000         0.2000000000    
     1.000000000         0.1000000000         0.2000000000          1.000000000         0.1218942109         0.1000000000         0.2000000000          1.000000000         0.1000000000         0.2000000000    
     1.000000000          1.000000000         0.1000000000         0.2000000000          1.000000000         0.1000000000         0.2000000000          1.000000000          1.000000000         0.1000000000    
    0.2000000000          1.000000000         0.1000000000         0.2000000000          1.000000000          1.000000000         0.1000000000         0.2000000000          1.000000000         0.1000000000    
    0.2000000000          1.000000000    
 

 INTERMEDIATE RESULTS BEFORE NEXT TEMPERATURE REDUCTION

  CURRENT TEMPERATURE:             0.15838    
  MIN FUNCTION VALUE SO FAR:   0.246393485308382676E-01
  TOTAL MOVES:                     840
     DOWNHILL:                     576
     ACCEPTED UPHILL:              198
     REJECTED UPHILL:               66
  TRIALS OUT OF BOUNDS:            405
  NEW MINIMA THIS TEMPERATURE:       0

                         CURRENT OPTIMAL X
    0.9605143835         0.3454300165E-01     0.1605214953         0.9780623317         0.2499721646E-01     0.1441444516         0.3649039865         0.7827772394         0.2879369259E-02     0.2829731703    
    0.4399396181         0.9928171039E-01     0.2559326649         0.8626427650         0.9884389760         0.6980528235E-01     0.1411756158         0.3141712547         0.1210953593E-01     0.1354665995    
    0.3365434408         0.1443916559E-01     0.6927762032E-01     0.1498618960         0.1963710785         0.6307666301E-01     0.2530883432         0.6619151831         0.7727116531         0.9607354403E-01
    0.2357887149         0.6778126955E-01     0.3424512744E-01     0.2654740810         0.8628123999         0.5127191635E-02     0.3393834233E-01     0.2942435861         0.8788208961         0.3045877218E-01
    0.1827162862         0.5964363217    

                         STEP LENGTH (VM)
     1.000000000         0.1000000000         0.2000000000          1.000000000         0.1000000000         0.2000000000          1.000000000         0.2363714134         0.1000000000         0.2000000000    
     1.000000000         0.1000000000         0.2000000000          1.000000000         0.3491838746E-01     0.1000000000         0.2000000000          1.000000000         0.1000000000         0.2000000000    
     1.000000000         0.5614034543         0.1000000000         0.2000000000          1.000000000         0.1000000000         0.2000000000          1.000000000         0.5925925521         0.1000000000    
    0.2000000000          1.000000000         0.1000000000         0.2000000000          1.000000000          1.000000000         0.1000000000         0.2000000000          1.000000000         0.1000000000    
    0.2000000000          1.000000000    
 

 INTERMEDIATE RESULTS BEFORE NEXT TEMPERATURE REDUCTION

  CURRENT TEMPERATURE:             0.11879    
  MIN FUNCTION VALUE SO FAR:   0.246393485308382676E-01
  TOTAL MOVES:                     840
     DOWNHILL:                     591
     ACCEPTED UPHILL:              190
     REJECTED UPHILL:               59
  TRIALS OUT OF BOUNDS:            411
  NEW MINIMA THIS TEMPERATURE:       0

                         CURRENT OPTIMAL X
    0.9605143835         0.3454300165E-01     0.1605214953         0.9780623317         0.2499721646E-01     0.1441444516         0.3649039865         0.7827772394         0.2879369259E-02     0.2829731703    
    0.4399396181         0.9928171039E-01     0.2559326649         0.8626427650         0.9884389760         0.6980528235E-01     0.1411756158         0.3141712547         0.1210953593E-01     0.1354665995    
    0.3365434408         0.1443916559E-01     0.6927762032E-01     0.1498618960         0.1963710785         0.6307666301E-01     0.2530883432         0.6619151831         0.7727116531         0.9607354403E-01
    0.2357887149         0.6778126955E-01     0.3424512744E-01     0.2654740810         0.8628123999         0.5127191635E-02     0.3393834233E-01     0.2942435861         0.8788208961         0.3045877218E-01
    0.1827162862         0.5964363217    

                         STEP LENGTH (VM)
     1.000000000         0.1000000000         0.2000000000          1.000000000         0.1000000000         0.2000000000          1.000000000         0.2101079178         0.1000000000         0.2000000000    
     1.000000000         0.1000000000         0.2000000000          1.000000000         0.3019968322E-01     0.1000000000         0.2000000000          1.000000000         0.1000000000         0.2000000000    
     1.000000000         0.8732940911         0.1000000000         0.2000000000          1.000000000         0.1000000000         0.2000000000          1.000000000         0.4682212525         0.1000000000    
    0.2000000000          1.000000000         0.1000000000         0.2000000000          1.000000000         0.5472972205         0.1000000000         0.2000000000          1.000000000         0.1000000000    
    0.2000000000          1.000000000    
 

 INTERMEDIATE RESULTS BEFORE NEXT TEMPERATURE REDUCTION

  CURRENT TEMPERATURE:             0.89090E-01
  MIN FUNCTION VALUE SO FAR:   0.239461761373651605E-01
  TOTAL MOVES:                     840
     DOWNHILL:                     569
     ACCEPTED UPHILL:              205
     REJECTED UPHILL:               66
  TRIALS OUT OF BOUNDS:            412
  NEW MINIMA THIS TEMPERATURE:       0

                         CURRENT OPTIMAL X
    0.9881141782         0.3454300165E-01     0.1605214953         0.9780623317         0.2499721646E-01     0.1441444516         0.3649039865         0.7827772394         0.2879369259E-02     0.2829731703    
    0.4399396181         0.9928171039E-01     0.2559326649         0.8626427650         0.9884389760         0.6980528235E-01     0.1411756158         0.3141712547         0.1210953593E-01     0.1354665995    
    0.3365434408         0.1443916559E-01     0.6927762032E-01     0.1498618960         0.1963710785         0.6307666301E-01     0.2530883432         0.6619151831         0.7727116531         0.9607354403E-01
    0.2357887149         0.6778126955E-01     0.3424512744E-01     0.2654740810         0.8628123999         0.5127191635E-02     0.3393834233E-01     0.2942435861         0.8788208961         0.3045877218E-01
    0.1827162862         0.5964363217    

                         STEP LENGTH (VM)
     1.000000000         0.1000000000         0.2000000000          1.000000000         0.1000000000         0.2000000000          1.000000000         0.2101078900         0.1000000000         0.2000000000    
     1.000000000         0.1000000000         0.2000000000          1.000000000         0.3523295959E-01     0.1000000000         0.2000000000          1.000000000         0.1000000000         0.2000000000    
     1.000000000         0.3100225440         0.1000000000         0.2000000000          1.000000000         0.1000000000         0.2000000000          1.000000000         0.3037110784         0.1000000000    
    0.2000000000          1.000000000         0.1000000000         0.2000000000          1.000000000         0.4104728534         0.1000000000         0.2000000000          1.000000000         0.1000000000    
    0.2000000000          1.000000000    
 

 INTERMEDIATE RESULTS BEFORE NEXT TEMPERATURE REDUCTION

  CURRENT TEMPERATURE:             0.66817E-01
  MIN FUNCTION VALUE SO FAR:   0.212004594494366039E-01
  TOTAL MOVES:                     840
     DOWNHILL:                     576
     ACCEPTED UPHILL:              201
     REJECTED UPHILL:               63
  TRIALS OUT OF BOUNDS:            370
  NEW MINIMA THIS TEMPERATURE:       0

                         CURRENT OPTIMAL X
    0.9881141782         0.1734567285E-01     0.2282484651         0.9387291670         0.2499721646E-01     0.1441444516         0.3649039865         0.7827772394         0.2879369259E-02     0.2829731703    
    0.4399396181         0.9928171039E-01     0.2559326649         0.8626427650         0.9884389760         0.6980528235E-01     0.1411756158         0.3141712547         0.1210953593E-01     0.1354665995    
    0.3365434408         0.1443916559E-01     0.6927762032E-01     0.1498618960         0.1963710785         0.6307666301E-01     0.2530883432         0.6619151831         0.7727116531         0.9607354403E-01
    0.2357887149         0.6778126955E-01     0.3424512744E-01     0.2654740810         0.8628123999         0.5127191635E-02     0.3393834233E-01     0.2942435861         0.8788208961         0.3045877218E-01
    0.1827162862         0.5964363217    

                         STEP LENGTH (VM)
     1.000000000         0.1000000000         0.2000000000          1.000000000         0.1000000000         0.2000000000          1.000000000         0.2101078665         0.1000000000         0.2000000000    
     1.000000000         0.1000000000         0.2000000000          1.000000000         0.3523295493E-01     0.1000000000         0.2000000000          1.000000000         0.1000000000         0.2000000000    
     1.000000000         0.3584635302         0.1000000000         0.2000000000          1.000000000         0.1000000000         0.2000000000          1.000000000         0.2001287508         0.1000000000    
    0.2000000000          1.000000000         0.1000000000         0.2000000000          1.000000000         0.1063573276         0.1000000000         0.2000000000          1.000000000         0.1000000000    
    0.2000000000          1.000000000    
 

 INTERMEDIATE RESULTS BEFORE NEXT TEMPERATURE REDUCTION

  CURRENT TEMPERATURE:             0.50113E-01
  MIN FUNCTION VALUE SO FAR:   0.212004594494366039E-01
  TOTAL MOVES:                     840
     DOWNHILL:                     580
     ACCEPTED UPHILL:              164
     REJECTED UPHILL:               96
  TRIALS OUT OF BOUNDS:            376
  NEW MINIMA THIS TEMPERATURE:       0

                         CURRENT OPTIMAL X
    0.9881141782         0.1734567285E-01     0.2282484651         0.9387291670         0.2499721646E-01     0.1441444516         0.3649039865         0.7827772394         0.2879369259E-02     0.2829731703    
    0.4399396181         0.9928171039E-01     0.2559326649         0.8626427650         0.9884389760         0.6980528235E-01     0.1411756158         0.3141712547         0.1210953593E-01     0.1354665995    
    0.3365434408         0.1443916559E-01     0.6927762032E-01     0.1498618960         0.1963710785         0.6307666301E-01     0.2530883432         0.6619151831         0.7727116531         0.9607354403E-01
    0.2357887149         0.6778126955E-01     0.3424512744E-01     0.2654740810         0.8628123999         0.5127191635E-02     0.3393834233E-01     0.2942435861         0.8788208961         0.3045877218E-01
    0.1827162862         0.5964363217    

                         STEP LENGTH (VM)
    0.5925925521         0.1000000000         0.2000000000          1.000000000         0.1000000000         0.2000000000          1.000000000         0.1022146230         0.1000000000         0.2000000000    
     1.000000000         0.1000000000         0.2000000000          1.000000000         0.1714035362E-01     0.1000000000         0.2000000000          1.000000000         0.1000000000         0.2000000000    
     1.000000000         0.1536272227         0.1000000000         0.2000000000          1.000000000         0.1000000000         0.2000000000          1.000000000         0.8420318275E-01     0.1000000000    
    0.2000000000          1.000000000         0.1000000000         0.2000000000          1.000000000         0.7469814495E-01     0.1000000000         0.2000000000          1.000000000         0.1000000000    
    0.2000000000          1.000000000    
 

 INTERMEDIATE RESULTS BEFORE NEXT TEMPERATURE REDUCTION

  CURRENT TEMPERATURE:             0.37585E-01
  MIN FUNCTION VALUE SO FAR:   0.210128811776968405E-01
  TOTAL MOVES:                     840
     DOWNHILL:                     572
     ACCEPTED UPHILL:              179
     REJECTED UPHILL:               89
  TRIALS OUT OF BOUNDS:            363
  NEW MINIMA THIS TEMPERATURE:       0

                         CURRENT OPTIMAL X
    0.9881141782         0.4433877468E-01     0.2282484651         0.9387291670         0.2499721646E-01     0.1441444516         0.3649039865         0.7827772394         0.2879369259E-02     0.2829731703    
    0.4399396181         0.9928171039E-01     0.2559326649         0.8626427650         0.9884389760         0.6980528235E-01     0.1411756158         0.3141712547         0.1210953593E-01     0.1354665995    
    0.3365434408         0.1443916559E-01     0.6927762032E-01     0.1498618960         0.1963710785         0.6307666301E-01     0.2530883432         0.6619151831         0.7727116531         0.9607354403E-01
    0.2357887149         0.6778126955E-01     0.3424512744E-01     0.2654740810         0.8628123999         0.5127191635E-02     0.3393834233E-01     0.2942435861         0.8788208961         0.3045877218E-01
    0.1827162862         0.5964363217    

                         STEP LENGTH (VM)
    0.3843843527         0.1000000000         0.2000000000          1.000000000         0.1000000000         0.2000000000          1.000000000         0.1022146230         0.1000000000         0.2000000000    
     1.000000000         0.1000000000         0.2000000000          1.000000000         0.2708598519E-01     0.1000000000         0.2000000000          1.000000000         0.1000000000         0.2000000000    
     1.000000000         0.1536272024         0.1000000000         0.2000000000          1.000000000         0.1000000000         0.2000000000          1.000000000         0.7484727170E-01     0.1000000000    
    0.2000000000          1.000000000         0.1000000000         0.2000000000          1.000000000         0.8900202942E-01     0.1000000000         0.2000000000          1.000000000         0.1000000000    
    0.2000000000          1.000000000    
 

 INTERMEDIATE RESULTS BEFORE NEXT TEMPERATURE REDUCTION

  CURRENT TEMPERATURE:             0.28189E-01
  MIN FUNCTION VALUE SO FAR:   0.210128811776968405E-01
  TOTAL MOVES:                     840
     DOWNHILL:                     575
     ACCEPTED UPHILL:              168
     REJECTED UPHILL:               97
  TRIALS OUT OF BOUNDS:            381
  NEW MINIMA THIS TEMPERATURE:       0

                         CURRENT OPTIMAL X
    0.9881141782         0.4433877468E-01     0.2282484651         0.9387291670         0.2499721646E-01     0.1441444516         0.3649039865         0.7827772394         0.2879369259E-02     0.2829731703    
    0.4399396181         0.9928171039E-01     0.2559326649         0.8626427650         0.9884389760         0.6980528235E-01     0.1411756158         0.3141712547         0.1210953593E-01     0.1354665995    
    0.3365434408         0.1443916559E-01     0.6927762032E-01     0.1498618960         0.1963710785         0.6307666301E-01     0.2530883432         0.6619151831         0.7727116531         0.9607354403E-01
    0.2357887149         0.6778126955E-01     0.3424512744E-01     0.2654740810         0.8628123999         0.5127191635E-02     0.3393834233E-01     0.2942435861         0.8788208961         0.3045877218E-01
    0.1827162862         0.5964363217    

                         STEP LENGTH (VM)
    0.3780233461         0.1000000000         0.2000000000          1.000000000         0.1000000000         0.2000000000          1.000000000         0.7787779991E-01     0.1000000000         0.2000000000    
     1.000000000         0.1000000000         0.2000000000          1.000000000         0.2063693895E-01     0.1000000000         0.2000000000          1.000000000         0.1000000000         0.2000000000    
     1.000000000         0.5643447523E-01     0.1000000000         0.2000000000          1.000000000         0.1000000000         0.2000000000          1.000000000         0.6653090652E-01     0.1000000000    
    0.2000000000          1.000000000         0.1000000000         0.2000000000          1.000000000         0.5691285726E-01     0.1000000000         0.2000000000          1.000000000         0.1000000000    
    0.2000000000          1.000000000    
 

 INTERMEDIATE RESULTS BEFORE NEXT TEMPERATURE REDUCTION

  CURRENT TEMPERATURE:             0.21141E-01
  MIN FUNCTION VALUE SO FAR:   0.186137967531208037E-01
  TOTAL MOVES:                     840
     DOWNHILL:                     572
     ACCEPTED UPHILL:              154
     REJECTED UPHILL:              114
  TRIALS OUT OF BOUNDS:            403
  NEW MINIMA THIS TEMPERATURE:       0

                         CURRENT OPTIMAL X
    0.9570010030         0.1690962911E-01     0.2517426968         0.7862224579         0.2649540901E-01     0.2174252748         0.9687120318         0.7547774854         0.3841908574E-01     0.1326693654    
    0.3595709801E-02     0.3035826087E-01     0.1946504951         0.4387611747         0.9970593142         0.4272763729E-01     0.2226488709         0.2460307479         0.3654338121E-01     0.1437327623    
    0.9266884923         0.4523312795E-02     0.6518066525E-01     0.2972031713         0.9710640907         0.1228148937E-01     0.2745289803         0.2178253531         0.7814399682         0.7526699901E-01
    0.2525775671         0.5328227282         0.8617556095E-02     0.2332170486         0.1092931628         0.6742870590E-02     0.2294848561E-01     0.2220774770         0.6030076742         0.9129840136E-01
    0.1886277199         0.7393605709    

                         STEP LENGTH (VM)
    0.2089076184         0.1000000000         0.2000000000          1.000000000         0.1000000000         0.2000000000          1.000000000         0.4490251351E-01     0.1000000000         0.2000000000    
     1.000000000         0.1000000000         0.2000000000          1.000000000         0.7143555618E-02     0.1000000000         0.2000000000          1.000000000         0.1000000000         0.2000000000    
     1.000000000         0.8332901311E-01     0.1000000000         0.2000000000          1.000000000         0.1000000000         0.2000000000          1.000000000         0.2488226613E-01     0.1000000000    
    0.2000000000          1.000000000         0.1000000000         0.2000000000          1.000000000         0.2768733506E-01     0.1000000000         0.2000000000          1.000000000         0.1000000000    
    0.2000000000          1.000000000    
 

 INTERMEDIATE RESULTS BEFORE NEXT TEMPERATURE REDUCTION

  CURRENT TEMPERATURE:             0.15856E-01
  MIN FUNCTION VALUE SO FAR:   0.177065267569859186E-01
  TOTAL MOVES:                     840
     DOWNHILL:                     558
     ACCEPTED UPHILL:              166
     REJECTED UPHILL:              116
  TRIALS OUT OF BOUNDS:            392
  NEW MINIMA THIS TEMPERATURE:       0

                         CURRENT OPTIMAL X
    0.9570010030         0.8604113460E-01     0.1630783796         0.3555333614         0.1440469027E-01     0.2426216125         0.2475895882         0.7547774854         0.3218153715E-01     0.1772374272    
    0.9817396402         0.7796074748E-01     0.2571288943         0.3660799861         0.9970593142         0.4272763729E-01     0.2886072993         0.6935974956         0.1291708946E-01     0.2651735425    
    0.7089655995         0.4523312795E-02     0.9776843190E-01     0.2901048541         0.9255099297         0.2557233572E-01     0.1112073183         0.8395900130         0.7836921691         0.7223162055E-01
    0.2715589762         0.6255297661         0.5682278872E-01     0.2100495577         0.5562793612         0.3467598554E-02     0.2294848561E-01     0.2220774770         0.6030076742         0.9129840136E-01
    0.1886277199         0.7393605709    

                         STEP LENGTH (VM)
    0.2070423302         0.1000000000         0.2000000000          1.000000000         0.1000000000         0.2000000000          1.000000000         0.5051531662E-01     0.1000000000         0.2000000000    
     1.000000000         0.1000000000         0.2000000000          1.000000000         0.7143554927E-02     0.1000000000         0.2000000000          1.000000000         0.1000000000         0.2000000000    
     1.000000000         0.5047814718E-01     0.1000000000         0.2000000000          1.000000000         0.1000000000         0.2000000000          1.000000000         0.3317635175E-01     0.1000000000    
    0.2000000000          1.000000000         0.1000000000         0.2000000000          1.000000000         0.2336118601E-01     0.1000000000         0.2000000000          1.000000000         0.1000000000    
    0.2000000000          1.000000000    
 

 INTERMEDIATE RESULTS BEFORE NEXT TEMPERATURE REDUCTION

  CURRENT TEMPERATURE:             0.11892E-01
  MIN FUNCTION VALUE SO FAR:   0.136939654052257165E-01
  TOTAL MOVES:                     840
     DOWNHILL:                     598
     ACCEPTED UPHILL:              141
     REJECTED UPHILL:              101
  TRIALS OUT OF BOUNDS:            367
  NEW MINIMA THIS TEMPERATURE:       2

                         CURRENT OPTIMAL X
    0.9948012301         0.5253705978E-01     0.1493571877         0.1542736292         0.2074307203E-02     0.2833712339         0.2618772388         0.8234063996         0.9934242368E-01     0.1306674361    
    0.7712566853         0.8434211612E-01     0.1172275543         0.9103600383         0.9963668205         0.6582422256E-01     0.1376039505         0.6389241219         0.7305729389E-01     0.1180155635    
    0.6648352146         0.2319394367E-02     0.4180614352E-01     0.1342157960         0.5705505610E-01     0.8473275304E-01     0.1260180831         0.6132746935         0.8364325545         0.4881188273E-01
    0.1424117446         0.6683034897         0.3519961238E-01     0.1620146990         0.8967520595         0.1961714570E-01     0.8710824847E-01     0.1674667239         0.4002286792         0.9388445616E-01
    0.1624319911         0.6840733290    

                         STEP LENGTH (VM)
    0.2589152768E-01     0.1000000000         0.2000000000          1.000000000         0.1000000000         0.2000000000          1.000000000         0.2841486137E-01     0.1000000000         0.2000000000    
     1.000000000         0.1000000000         0.2000000000          1.000000000         0.3475242824E-02     0.1000000000         0.2000000000          1.000000000         0.1000000000         0.2000000000    
     1.000000000         0.2389323224E-01     0.1000000000         0.2000000000          1.000000000         0.1000000000         0.2000000000          1.000000000         0.1639603291E-01     0.1000000000    
    0.2000000000          1.000000000         0.1000000000         0.2000000000          1.000000000         0.4153098961E-01     0.1000000000         0.2000000000          1.000000000         0.1000000000    
    0.2000000000          1.000000000    
 

 INTERMEDIATE RESULTS BEFORE NEXT TEMPERATURE REDUCTION

  CURRENT TEMPERATURE:             0.89190E-02
  MIN FUNCTION VALUE SO FAR:   0.136939654052257165E-01
  TOTAL MOVES:                     840
     DOWNHILL:                     564
     ACCEPTED UPHILL:              162
     REJECTED UPHILL:              114
  TRIALS OUT OF BOUNDS:            341
  NEW MINIMA THIS TEMPERATURE:       0

                         CURRENT OPTIMAL X
    0.9948012301         0.5253705978E-01     0.1493571877         0.1542736292         0.2074307203E-02     0.2833712339         0.2618772388         0.8234063996         0.9934242368E-01     0.1306674361    
    0.7712566853         0.8434211612E-01     0.1172275543         0.9103600383         0.9963668205         0.6582422256E-01     0.1376039505         0.6389241219         0.7305729389E-01     0.1180155635    
    0.6648352146         0.2319394367E-02     0.4180614352E-01     0.1342157960         0.5705505610E-01     0.8473275304E-01     0.1260180831         0.6132746935         0.8364325545         0.4881188273E-01
    0.1424117446         0.6683034897         0.3519961238E-01     0.1620146990         0.8967520595         0.1961714570E-01     0.8710824847E-01     0.1674667239         0.4002286792         0.9388445616E-01
    0.1624319911         0.6840733290    

                         STEP LENGTH (VM)
    0.3548097856E-01     0.1000000000         0.2000000000          1.000000000         0.1000000000         0.2000000000          1.000000000         0.1843126117E-01     0.1000000000         0.2000000000    
     1.000000000         0.1000000000         0.2000000000          1.000000000         0.3475242824E-02     0.1000000000         0.2000000000          1.000000000         0.1000000000         0.2000000000    
     1.000000000         0.1830119534E-01     0.1000000000         0.2000000000          1.000000000         0.1000000000         0.2000000000          1.000000000         0.1457424918E-01     0.1000000000    
    0.2000000000          1.000000000         0.1000000000         0.2000000000          1.000000000         0.2555752954E-01     0.1000000000         0.2000000000          1.000000000         0.1000000000    
    0.2000000000          1.000000000    
 

 INTERMEDIATE RESULTS BEFORE NEXT TEMPERATURE REDUCTION

  CURRENT TEMPERATURE:             0.66893E-02
  MIN FUNCTION VALUE SO FAR:   0.130840924478189402E-01
  TOTAL MOVES:                     840
     DOWNHILL:                     564
     ACCEPTED UPHILL:              142
     REJECTED UPHILL:              134
  TRIALS OUT OF BOUNDS:            392
  NEW MINIMA THIS TEMPERATURE:       0

                         CURRENT OPTIMAL X
    0.9948012301         0.6598204374E-01     0.1825489998         0.1615576148         0.7749121189E-01     0.2763346553         0.4370447397         0.8234063996         0.8543186784E-01     0.1975051045    
    0.9243258238         0.3355741501E-04     0.1460618258         0.8454180956         0.9964693787         0.5220617652E-01     0.1356644630         0.9567985535         0.4518955946E-01     0.2776249290    
    0.4938884974         0.2319394367E-02     0.8777019382E-01     0.2128131270         0.8621826768         0.4002377391E-01     0.2559686542         0.2357337475         0.8381104418         0.4881188273E-01
    0.1424117446         0.6683034897         0.3519961238E-01     0.1620146990         0.8967520595         0.1961714570E-01     0.8710824847E-01     0.1674667239         0.4002286792         0.9388445616E-01
    0.1624319911         0.6840733290    

                         STEP LENGTH (VM)
    0.2589152175E-01     0.1000000000         0.2000000000          1.000000000         0.1000000000         0.2000000000          1.000000000         0.1555137465E-01     0.1000000000         0.2000000000    
     1.000000000         0.1000000000         0.2000000000          1.000000000         0.1234625579E-02     0.1000000000         0.2000000000          1.000000000         0.1000000000         0.2000000000    
     1.000000000         0.1830119357E-01     0.1000000000         0.2000000000          1.000000000         0.1000000000         0.2000000000          1.000000000         0.1418034751E-01     0.1000000000    
    0.2000000000          1.000000000         0.1000000000         0.2000000000          1.000000000         0.1437610983E-01     0.1000000000         0.2000000000          1.000000000         0.1000000000    
    0.2000000000          1.000000000    
 

 INTERMEDIATE RESULTS BEFORE NEXT TEMPERATURE REDUCTION

  CURRENT TEMPERATURE:             0.50170E-02
  MIN FUNCTION VALUE SO FAR:   0.130204850155972718E-01
  TOTAL MOVES:                     840
     DOWNHILL:                     514
     ACCEPTED UPHILL:               94
     REJECTED UPHILL:              232
  TRIALS OUT OF BOUNDS:            355
  NEW MINIMA THIS TEMPERATURE:       0

                         CURRENT OPTIMAL X
    0.9948012301         0.6500006914E-01     0.2728603005         0.5033321977         0.2780566216E-01     0.1067653537         0.4727356434         0.8234063996         0.8543186784E-01     0.2039981961    
    0.3347984552         0.4206631184E-01     0.1484374881         0.6255712509         0.9964693787         0.9629737139E-01     0.1349509001         0.9673601389E-01     0.3964319229E-01     0.2591505051    
    0.1900392771         0.2319394367E-02     0.5383108258E-01     0.2128131270         0.8621826768         0.4002377391E-01     0.2559686542         0.2357337475         0.8381104418         0.4881188273E-01
    0.1424117446         0.6683034897         0.3519961238E-01     0.1620146990         0.8967520595         0.1961714570E-01     0.8710824847E-01     0.1674667239         0.4002286792         0.9388445616E-01
    0.1624319911         0.6840733290    

                         STEP LENGTH (VM)
    0.3770906380E-02     0.8437498935E-01     0.2000000000          1.000000000         0.1000000000         0.2000000000          1.000000000         0.1725669603E-02     0.4210526299E-01     0.9729729411E-01
    0.3312248346         0.1000000000         0.2000000000          1.000000000         0.2849135759E-03     0.1000000000         0.2000000000          1.000000000         0.1000000000         0.2000000000    
     1.000000000         0.2784989451E-02     0.5106382938E-01     0.2000000000          1.000000000         0.1000000000         0.2000000000          1.000000000         0.2348441483E-02     0.1000000000    
    0.2000000000          1.000000000         0.1000000000         0.2000000000          1.000000000         0.1823639160E-02     0.4210525829E-01     0.1777777734          1.000000000         0.1000000000    
    0.2000000000          1.000000000    
 

 INTERMEDIATE RESULTS BEFORE NEXT TEMPERATURE REDUCTION

  CURRENT TEMPERATURE:             0.37627E-02
  MIN FUNCTION VALUE SO FAR:   0.130199795889335279E-01
  TOTAL MOVES:                     840
     DOWNHILL:                     553
     ACCEPTED UPHILL:              106
     REJECTED UPHILL:              181
  TRIALS OUT OF BOUNDS:            359
  NEW MINIMA THIS TEMPERATURE:       0

                         CURRENT OPTIMAL X
    0.9948012301         0.8561035991E-01     0.1769245386         0.5033321977         0.2780566216E-01     0.1067653537         0.4727356434         0.8234063996         0.8543186784E-01     0.2039981961    
    0.3347984552         0.4206631184E-01     0.1484374881         0.6255712509         0.9964693787         0.9629737139E-01     0.1349509001         0.9673601389E-01     0.3964319229E-01     0.2591505051    
    0.1900392771         0.2319394367E-02     0.5383108258E-01     0.2128131270         0.8621826768         0.4002377391E-01     0.2559686542         0.2357337475         0.8381104418         0.4881188273E-01
    0.1424117446         0.6683034897         0.3519961238E-01     0.1620146990         0.8967520595         0.1961714570E-01     0.8710824847E-01     0.1674667239         0.4002286792         0.9388445616E-01
    0.1624319911         0.6840733290    

                         STEP LENGTH (VM)
    0.9945247432E-03     0.1000000000         0.2000000000          1.000000000         0.1000000000         0.2000000000          1.000000000         0.5843536820E-03     0.1000000000         0.2000000000    
     1.000000000         0.1000000000         0.2000000000          1.000000000         0.1628077559E-03     0.1000000000         0.2000000000          1.000000000         0.1000000000         0.2000000000    
     1.000000000         0.1229943446E-02     0.1000000000         0.2000000000          1.000000000         0.1000000000         0.2000000000          1.000000000         0.6709832321E-03     0.1000000000    
    0.2000000000          1.000000000         0.1000000000         0.2000000000          1.000000000         0.2207162258E-03     0.7901234175E-01     0.2000000000          1.000000000         0.1000000000    
    0.2000000000          1.000000000    
 

 INTERMEDIATE RESULTS BEFORE NEXT TEMPERATURE REDUCTION

  CURRENT TEMPERATURE:             0.28220E-02
  MIN FUNCTION VALUE SO FAR:   0.127303782060109727E-01
  TOTAL MOVES:                     840
     DOWNHILL:                     593
     ACCEPTED UPHILL:              127
     REJECTED UPHILL:              120
  TRIALS OUT OF BOUNDS:            388
  NEW MINIMA THIS TEMPERATURE:       6

                         CURRENT OPTIMAL X
    0.9956275122         0.7353488803E-01     0.1209174514         0.9937813878         0.5442523956E-01     0.2849032640         0.6916058660         0.8230630524         0.8638438582E-01     0.1651560068    
    0.4857923985         0.9527900815E-01     0.2614606738         0.5372921824         0.9965641243         0.7688380480E-01     0.1519241095         0.9924671650         0.9768500328E-01     0.2361439228    
    0.9843151569         0.2886915609E-02     0.2684606314E-01     0.2734625101         0.3470525742         0.8557087183E-01     0.1620131135         0.5052430034         0.8385434999         0.1932857633E-01
    0.2903855324         0.9735451937         0.4700952768E-02     0.2106672883         0.8631803989         0.1944222535E-01     0.6024355888E-01     0.1961796403         0.1484182477         0.4753251672E-01
    0.1577686548         0.3098439574    

                         STEP LENGTH (VM)
    0.9453661193E-03     0.1000000000         0.2000000000          1.000000000         0.1000000000         0.2000000000          1.000000000         0.8817478132E-03     0.1000000000         0.2000000000    
     1.000000000         0.1000000000         0.2000000000          1.000000000         0.3470551446E-03     0.1000000000         0.2000000000          1.000000000         0.1000000000         0.2000000000    
     1.000000000         0.6034141713E-02     0.1000000000         0.2000000000          1.000000000         0.1000000000         0.2000000000          1.000000000         0.7005678828E-03     0.1000000000    
    0.2000000000          1.000000000         0.1000000000         0.2000000000          1.000000000         0.1536319659E-03     0.1000000000         0.2000000000          1.000000000         0.1000000000    
    0.2000000000          1.000000000    
 

 INTERMEDIATE RESULTS BEFORE NEXT TEMPERATURE REDUCTION

  CURRENT TEMPERATURE:             0.21165E-02
  MIN FUNCTION VALUE SO FAR:   0.126639953055605048E-01
  TOTAL MOVES:                     840
     DOWNHILL:                     559
     ACCEPTED UPHILL:              109
     REJECTED UPHILL:              172
  TRIALS OUT OF BOUNDS:            373
  NEW MINIMA THIS TEMPERATURE:       1

                         CURRENT OPTIMAL X
    0.9962344810         0.5080743432E-01     0.1184098363         0.5784302950E-01     0.1928079128E-01     0.1010939837         0.1991347671         0.8230630524         0.5085491538E-01     0.2757926226    
    0.2940939069         0.9527900815E-01     0.2614606738         0.5372921824         0.9965641243         0.7688380480E-01     0.1519241095         0.9924671650         0.9768500328E-01     0.2361439228    
    0.9843151569         0.2886915609E-02     0.2684606314E-01     0.2734625101         0.3470525742         0.8557087183E-01     0.1620131135         0.5052430034         0.8385434999         0.1932857633E-01
    0.2903855324         0.9735451937         0.4700952768E-02     0.2106672883         0.8631803989         0.1944222535E-01     0.6024355888E-01     0.1961796403         0.1484182477         0.4753251672E-01
    0.1577686548         0.3098439574    

                         STEP LENGTH (VM)
    0.2216242578E-03     0.1000000000         0.2000000000          1.000000000         0.1000000000         0.2000000000          1.000000000         0.2067101015E-03     0.1000000000         0.2000000000    
    0.7499999860         0.1000000000         0.2000000000          1.000000000         0.4187017807E-04     0.1000000000         0.2000000000          1.000000000         0.1000000000         0.2000000000    
     1.000000000         0.2538834966E-02     0.1000000000         0.2000000000          1.000000000         0.1000000000         0.2000000000          1.000000000         0.8760900590E-04     0.3461538377E-01
    0.1142857131         0.8437498935         0.1000000000         0.2000000000          1.000000000         0.4659439857E-05     0.7499999860E-01     0.2000000000          1.000000000         0.1000000000    
    0.2000000000          1.000000000    
 

 INTERMEDIATE RESULTS BEFORE NEXT TEMPERATURE REDUCTION

  CURRENT TEMPERATURE:             0.15874E-02
  MIN FUNCTION VALUE SO FAR:   0.126002403913878513E-01
  TOTAL MOVES:                     840
     DOWNHILL:                     570
     ACCEPTED UPHILL:              178
     REJECTED UPHILL:               92
  TRIALS OUT OF BOUNDS:            367
  NEW MINIMA THIS TEMPERATURE:       1

                         CURRENT OPTIMAL X
    0.9947643925         0.5498782396E-01     0.1976017594         0.8098077774E-01     0.4700004458E-01     0.2398803949         0.2830523252         0.8229590007         0.2819373608E-01     0.2001206279    
    0.1373844147         0.5830782652E-02     0.2424189448         0.4737575650         0.9967389088         0.8890926242E-01     0.2528536439         0.8124709129E-01     0.1086211205E-02     0.1313502908    
    0.4707146883         0.2158888915E-02     0.9681011438E-01     0.2693120837         0.9949986935         0.4074891806E-01     0.2468324065         0.2286862135         0.8377818385         0.7640722394E-01
    0.2854294419         0.5754520893         0.4788185954E-01     0.1981418014         0.3728993535         0.1939800040E-01     0.9577810833E-01     0.1502408981         0.5428897738         0.3820574284E-01
    0.2651815414         0.1397206187    

                         STEP LENGTH (VM)
    0.1959219412E-02     0.1000000000         0.2000000000          1.000000000         0.1000000000         0.2000000000          1.000000000         0.5975725167E-03     0.1000000000         0.2000000000    
     1.000000000         0.1000000000         0.2000000000          1.000000000         0.3376751333E-03     0.1000000000         0.2000000000          1.000000000         0.1000000000         0.2000000000    
     1.000000000         0.1147764727E-01     0.1000000000         0.2000000000          1.000000000         0.1000000000         0.2000000000          1.000000000         0.4257418511E-03     0.1000000000    
    0.2000000000          1.000000000         0.1000000000         0.2000000000          1.000000000         0.7739352245E-04     0.7901234175E-01     0.2000000000          1.000000000         0.1000000000    
    0.2000000000          1.000000000    
 

 INTERMEDIATE RESULTS BEFORE NEXT TEMPERATURE REDUCTION

  CURRENT TEMPERATURE:             0.11905E-02
  MIN FUNCTION VALUE SO FAR:   0.125254931343194986E-01
  TOTAL MOVES:                     840
     DOWNHILL:                     491
     ACCEPTED UPHILL:               85
     REJECTED UPHILL:              264
  TRIALS OUT OF BOUNDS:            340
  NEW MINIMA THIS TEMPERATURE:       0

                         CURRENT OPTIMAL X
    0.9952124086         0.5498782396E-01     0.1976017594         0.8098077774E-01     0.4700004458E-01     0.2398803949         0.2830523252         0.8229590007         0.2819373608E-01     0.2001206279    
    0.1373844147         0.5830782652E-02     0.2424189448         0.4737575650         0.9967389088         0.8890926242E-01     0.2528536439         0.8124709129E-01     0.1086211205E-02     0.1313502908    
    0.4707146883         0.2158888915E-02     0.9681011438E-01     0.2693120837         0.9949986935         0.4074891806E-01     0.2468324065         0.2286862135         0.8377818385         0.7640722394E-01
    0.2854294419         0.5754520893         0.4788185954E-01     0.1981418014         0.3728993535         0.1939800040E-01     0.9577810833E-01     0.1502408981         0.5428897738         0.3820574284E-01
    0.2651815414         0.1397206187    

                         STEP LENGTH (VM)
    0.8249579228E-04     0.3461538377E-01     0.1702702520          1.000000000         0.1000000000         0.2000000000          1.000000000         0.5929912371E-04     0.9999998675E-01     0.2000000000    
     1.000000000         0.1000000000         0.2000000000          1.000000000         0.1671859224E-04     0.7499998867E-01     0.2000000000          1.000000000         0.1000000000         0.2000000000    
     1.000000000         0.2942410905E-03     0.1000000000         0.2000000000          1.000000000         0.1000000000         0.2000000000          1.000000000         0.1478148513E-04     0.4879477757E-02
    0.2564321294E-01     0.9616204672E-01     0.1000000000         0.2000000000          1.000000000         0.6313861342E-05     0.4241021503E-02     0.1723712239E-01     0.7080588739E-01     0.1000000000    
    0.2000000000          1.000000000    
 

 INTERMEDIATE RESULTS BEFORE NEXT TEMPERATURE REDUCTION

  CURRENT TEMPERATURE:             0.89291E-03
  MIN FUNCTION VALUE SO FAR:   0.124654279383383804E-01
  TOTAL MOVES:                     840
     DOWNHILL:                     606
     ACCEPTED UPHILL:              142
     REJECTED UPHILL:               92
  TRIALS OUT OF BOUNDS:            311
  NEW MINIMA THIS TEMPERATURE:       3

                         CURRENT OPTIMAL X
    0.9952356867         0.7658378200E-01     0.1439382237         0.1122564077         0.2878500819E-01     0.1281792641         0.6573923230         0.8229957978         0.2819373608E-01     0.2001206279    
    0.1373844147         0.5830782652E-02     0.2424189448         0.4737575650         0.9967389088         0.8890926242E-01     0.2528536439         0.8124709129E-01     0.1086211205E-02     0.1313502908    
    0.4707146883         0.2158888915E-02     0.9681011438E-01     0.2693120837         0.9949986935         0.4074891806E-01     0.2468324065         0.2286862135         0.8377818385         0.7640722394E-01
    0.2854294419         0.5754520893         0.4788185954E-01     0.1981418014         0.3728993535         0.1939800040E-01     0.9577810833E-01     0.1502408981         0.5428897738         0.3820574284E-01
    0.2651815414         0.1397206187    

                         STEP LENGTH (VM)
    0.1050102499E-02     0.1000000000         0.2000000000          1.000000000         0.1000000000         0.2000000000          1.000000000         0.4624936056E-03     0.1000000000         0.2000000000    
     1.000000000         0.1000000000         0.2000000000          1.000000000         0.2612376342E-03     0.7499998867E-01     0.2000000000          1.000000000         0.1000000000         0.2000000000    
     1.000000000         0.8978437799E-02     0.1000000000         0.2000000000          1.000000000         0.1000000000         0.2000000000          1.000000000         0.2699297278E-03     0.1000000000    
    0.2000000000          1.000000000         0.1000000000         0.2000000000          1.000000000         0.6813706655E-04     0.2927297976E-01     0.2000000000          1.000000000         0.1000000000    
    0.2000000000          1.000000000    
 

 INTERMEDIATE RESULTS BEFORE NEXT TEMPERATURE REDUCTION

  CURRENT TEMPERATURE:             0.66968E-03
  MIN FUNCTION VALUE SO FAR:   0.120915962385856890E-01
  TOTAL MOVES:                     840
     DOWNHILL:                     571
     ACCEPTED UPHILL:              128
     REJECTED UPHILL:              141
  TRIALS OUT OF BOUNDS:            355
  NEW MINIMA THIS TEMPERATURE:       5

                         CURRENT OPTIMAL X
    0.9967313851         0.3473616242E-01     0.2263852000         0.4520999193         0.5875023007E-01     0.2889011383         0.9797644615         0.8228768624         0.3288885355E-01     0.1410363436    
    0.9189909697E-01     0.3075445890E-01     0.2700830221         0.6514979005         0.9971104619         0.8605931490E-01     0.1681784272         0.9301908016         0.8659235835E-01     0.1280191422    
    0.5648331046         0.1442081513E-01     0.8461160660E-01     0.1291820765         0.4024558663         0.7564271688E-01     0.1052500367         0.4104769230E-01     0.8378890246         0.9319794178E-01
    0.2591223717         0.3176645041         0.7822661996E-01     0.1575772047         0.7896059155         0.1938724883E-01     0.7861897945E-01     0.1307258487         0.8166054487         0.8631619215E-01
    0.2365059137         0.9744949937    

                         STEP LENGTH (VM)
    0.1050102292E-02     0.1000000000         0.2000000000          1.000000000         0.1000000000         0.2000000000          1.000000000         0.4624935539E-03     0.6179692496E-01     0.1499999972    
    0.7499999860         0.1000000000         0.2000000000          1.000000000         0.4547469507E-03     0.9999996233E-01     0.2000000000          1.000000000         0.1000000000         0.2000000000    
     1.000000000         0.7765134561E-02     0.1000000000         0.2000000000          1.000000000         0.1000000000         0.2000000000          1.000000000         0.4161416293E-03     0.1000000000    
    0.2000000000          1.000000000         0.1000000000         0.2000000000          1.000000000         0.7665419162E-04     0.1000000000         0.2000000000          1.000000000         0.1000000000    
    0.2000000000          1.000000000    
 

 INTERMEDIATE RESULTS BEFORE NEXT TEMPERATURE REDUCTION

  CURRENT TEMPERATURE:             0.50226E-03
  MIN FUNCTION VALUE SO FAR:   0.118475639618438322E-01
  TOTAL MOVES:                     840
     DOWNHILL:                     582
     ACCEPTED UPHILL:               82
     REJECTED UPHILL:              176
  TRIALS OUT OF BOUNDS:            322
  NEW MINIMA THIS TEMPERATURE:       2

                         CURRENT OPTIMAL X
    0.9980281187         0.3576148152E-01     0.1928460240         0.3895813227         0.8839675784E-01     0.2694729805         0.2511674762         0.8226900238         0.3288885355E-01     0.1410363436    
    0.9189909697E-01     0.3940049410E-01     0.2946256399         0.6649370790         0.9971104619         0.8605931490E-01     0.1633558035         0.4216727614         0.9981150031E-01     0.2647943020    
    0.8147571683         0.1442081513E-01     0.1340639591E-01     0.1737937570         0.1325941682         0.2897719741E-01     0.2283386469         0.2742528319         0.8378095399         0.7966525555E-01
    0.1857607007         0.1008340120         0.7652867436E-01     0.1887679577         0.1596421003E-01     0.1945260132E-01     0.5441979170E-01     0.2516930938         0.1019108295E-01     0.1777136326E-01
    0.1874158502         0.3860886693    

                         STEP LENGTH (VM)
    0.9579879921E-03     0.1000000000         0.2000000000          1.000000000         0.1000000000         0.2000000000          1.000000000         0.2701584345E-03     0.1633323883E-02     0.1368459907E-01
    0.1222410835         0.1000000000         0.2000000000          1.000000000         0.1376066318E-03     0.8888885320E-01     0.2000000000          1.000000000         0.1000000000         0.2000000000    
     1.000000000         0.5348073951E-04     0.1000000000         0.2000000000          1.000000000         0.1000000000         0.2000000000          1.000000000         0.2764131633E-03     0.5106382938E-01
    0.1777777734         0.7499999860         0.1000000000         0.2000000000          1.000000000         0.2286452246E-04     0.8888888668E-01     0.2000000000          1.000000000         0.1000000000    
    0.2000000000          1.000000000    
 

 INTERMEDIATE RESULTS BEFORE NEXT TEMPERATURE REDUCTION

  CURRENT TEMPERATURE:             0.37670E-03
  MIN FUNCTION VALUE SO FAR:   0.116055009215714211E-01
  TOTAL MOVES:                     840
     DOWNHILL:                     597
     ACCEPTED UPHILL:              110
     REJECTED UPHILL:              133
  TRIALS OUT OF BOUNDS:            318
  NEW MINIMA THIS TEMPERATURE:       2

                         CURRENT OPTIMAL X
    0.9997098580         0.9977509379E-01     0.1610251427         0.8747449517         0.8937906027E-01     0.1123180389         0.6873129010         0.8228609915         0.3467245551E-01     0.1297216039    
    0.1410733603E-01     0.4805058241E-01     0.1168872595         0.3531104326E-01     0.9970964560         0.7448275089E-01     0.1418903470         0.9988224506E-01     0.8798801899E-01     0.2930506945    
    0.3466438055         0.1440494252E-01     0.3942032456E-01     0.2641112208         0.5050426722E-01     0.2885472178E-01     0.1035601139         0.2640351653         0.8381222410         0.8910745262E-01
    0.2909489393         0.2977304459         0.4629027843E-02     0.2241659164         0.2931022644E-01     0.1946599768E-01     0.8101501465E-01     0.2273824096         0.9771758318         0.6878215075E-02
    0.2425835371         0.2241516113E-01

                         STEP LENGTH (VM)
    0.1541986365E-02     0.1000000000         0.2000000000          1.000000000         0.1000000000         0.2000000000          1.000000000         0.8638396950E-03     0.2177764975E-02     0.1368459726E-01
    0.2139218803         0.1000000000         0.2000000000          1.000000000         0.1591076519E-03     0.1000000000         0.2000000000          1.000000000         0.1000000000         0.2000000000    
     1.000000000         0.8022109317E-04     0.1000000000         0.2000000000          1.000000000         0.1000000000         0.2000000000          1.000000000         0.7098015748E-03     0.1000000000    
    0.2000000000          1.000000000         0.1000000000         0.2000000000          1.000000000         0.5430323047E-04     0.1000000000         0.2000000000          1.000000000         0.1000000000    
    0.2000000000          1.000000000    
 

 INTERMEDIATE RESULTS BEFORE NEXT TEMPERATURE REDUCTION

  CURRENT TEMPERATURE:             0.28252E-03
  MIN FUNCTION VALUE SO FAR:   0.113381574106301564E-01
  TOTAL MOVES:                     840
     DOWNHILL:                     571
     ACCEPTED UPHILL:              127
     REJECTED UPHILL:              142
  TRIALS OUT OF BOUNDS:            343
  NEW MINIMA THIS TEMPERATURE:       7

                         CURRENT OPTIMAL X
    0.9999857785         0.5318250060E-01     0.1846091866         0.5084676743         0.3647524118E-01     0.1954755664         0.5028612614         0.8230226561         0.3626894268E-01     0.1093797042    
    0.5647339032E-01     0.7157490253E-01     0.1620583296         0.4393986464         0.9972209501         0.6798543930E-01     0.2329708099         0.8475504518         0.9761692286E-01     0.2714034438    
    0.2082245946         0.1440379372E-01     0.2420672178E-01     0.2919097304         0.9085136056         0.7702223063E-01     0.2536040783         0.5913715959         0.8383084684         0.7033996582E-01
    0.2481602311         0.2762079239         0.6311669350E-01     0.1885495782         0.6863575578         0.1945685821E-01     0.8739204407E-01     0.1086323261         0.9606326818         0.3592457175E-01
    0.1571152806         0.9308526516    

                         STEP LENGTH (VM)
    0.1541986161E-02     0.1000000000         0.2000000000          1.000000000         0.1000000000         0.2000000000          1.000000000         0.5227965345E-03     0.1883472209E-02     0.8876495394E-02
    0.1092367039         0.1000000000         0.2000000000          1.000000000         0.2069642071E-03     0.6486485536E-01     0.2000000000          1.000000000         0.1000000000         0.2000000000    
     1.000000000         0.9024872010E-04     0.1000000000         0.2000000000          1.000000000         0.1000000000         0.2000000000          1.000000000         0.4832690445E-03     0.5106382938E-01
    0.1777777734          1.000000000         0.1000000000         0.2000000000          1.000000000         0.6614713618E-04     0.9999999033E-01     0.2000000000          1.000000000         0.1000000000    
    0.2000000000          1.000000000    
 

 INTERMEDIATE RESULTS BEFORE NEXT TEMPERATURE REDUCTION

  CURRENT TEMPERATURE:             0.21189E-03
  MIN FUNCTION VALUE SO FAR:   0.113132520587536645E-01
  TOTAL MOVES:                     840
     DOWNHILL:                     602
     ACCEPTED UPHILL:               93
     REJECTED UPHILL:              145
  TRIALS OUT OF BOUNDS:            353
  NEW MINIMA THIS TEMPERATURE:       2

                         CURRENT OPTIMAL X
    0.9999857785         0.5267080665E-01     0.1651919603         0.1098891497         0.5048251152E-02     0.2219645858         0.5468395352         0.8230226561         0.3626894268E-01     0.1093797042    
    0.5647339032E-01     0.3375288844E-01     0.2776266575         0.6112731695         0.9972209501         0.8815633633E-01     0.2497876048         0.7943794727         0.5404706597E-01     0.1667515397    
    0.6614096761         0.1440379372E-01     0.8383386135E-01     0.2380461574         0.7251886725         0.8358818293E-01     0.1693631172         0.9727293849         0.8383084684         0.9162397368E-01
    0.1751586556         0.5615088940         0.3701469898E-01     0.2386535525         0.4276680946         0.1945685821E-01     0.6097100377E-01     0.1964272261         0.8581852913E-01     0.9701712728E-01
    0.1260913968         0.6849851012    

                         STEP LENGTH (VM)
    0.9202174694E-03     0.1000000000         0.2000000000          1.000000000         0.1000000000         0.2000000000          1.000000000         0.3454191002E-03     0.7599193974E-03     0.5072282356E-02
    0.5598517403E-01     0.1000000000         0.2000000000          1.000000000         0.1472629805E-03     0.1000000000         0.2000000000          1.000000000         0.1000000000         0.2000000000    
     1.000000000         0.8022108254E-04     0.1000000000         0.2000000000          1.000000000         0.1000000000         0.2000000000          1.000000000         0.3813857643E-03     0.1000000000    
    0.2000000000          1.000000000         0.1000000000         0.2000000000          1.000000000         0.3799941059E-04     0.9999999033E-01     0.2000000000          1.000000000         0.1000000000    
    0.2000000000          1.000000000    
 

 INTERMEDIATE RESULTS BEFORE NEXT TEMPERATURE REDUCTION

  CURRENT TEMPERATURE:             0.15892E-03
  MIN FUNCTION VALUE SO FAR:   0.111698028378045544E-01
  TOTAL MOVES:                     840
     DOWNHILL:                     607
     ACCEPTED UPHILL:               99
     REJECTED UPHILL:              134
  TRIALS OUT OF BOUNDS:            323
  NEW MINIMA THIS TEMPERATURE:       3

                         CURRENT OPTIMAL X
    0.9996389047         0.6503538489E-01     0.1976331592         0.9902140498         0.6289261580E-01     0.2649229407         0.4607830644         0.8234527670         0.3592147974E-01     0.1031871295    
    0.5871595384E-01     0.4073115587E-01     0.1462018490         0.6031181216         0.9974163099         0.9594271692E-01     0.1489590883         0.2067204714         0.6844679713E-01     0.2074677229    
    0.2218590379         0.1445383345E-01     0.6189881563E-01     0.1793043256         0.6299659014         0.2216796279E-01     0.1988528848         0.6825142503         0.8383568428         0.5669311285E-01
    0.1077439308         0.1908419132         0.2551414371E-01     0.1298786163         0.5890109539         0.1944760612E-01     0.5760006309E-01     0.1286696315         0.8570137024         0.4273651242E-01
    0.2092042327         0.2294418216    

                         STEP LENGTH (VM)
    0.1418668323E-02     0.1000000000         0.2000000000          1.000000000         0.1000000000         0.2000000000          1.000000000         0.3865403912E-03     0.5789861475E-03     0.2134137732E-02
    0.3199152767E-01     0.1000000000         0.2000000000          1.000000000         0.1208311403E-03     0.8571426759E-01     0.2000000000          1.000000000         0.1000000000         0.2000000000    
     1.000000000         0.9507682735E-04     0.1000000000         0.2000000000          1.000000000         0.1000000000         0.2000000000          1.000000000         0.3813857643E-03     0.1000000000    
    0.2000000000          1.000000000         0.1000000000         0.2000000000          1.000000000         0.6412398560E-04     0.1000000000         0.2000000000          1.000000000         0.1000000000    
    0.2000000000          1.000000000    
 

 INTERMEDIATE RESULTS BEFORE NEXT TEMPERATURE REDUCTION

  CURRENT TEMPERATURE:             0.11919E-03
  MIN FUNCTION VALUE SO FAR:   0.109645779952433076E-01
  TOTAL MOVES:                     840
     DOWNHILL:                     592
     ACCEPTED UPHILL:              116
     REJECTED UPHILL:              132
  TRIALS OUT OF BOUNDS:            333
  NEW MINIMA THIS TEMPERATURE:       2

                         CURRENT OPTIMAL X
    0.9994382179         0.9081422687E-01     0.2833650351         0.6265203953         0.2146029472E-01     0.2665410757         0.3581421971         0.8238698710         0.3556768643E-01     0.1013865611    
    0.1442658020E-02     0.8367684484E-01     0.2608975887         0.4234188795         0.9975739404         0.8297833800E-01     0.2186632752         0.1264958978         0.5211104155E-01     0.2928223848    
    0.8446573019         0.1444613171E-01     0.6957818270E-01     0.2177305698         0.4473941922         0.7997093797E-01     0.2823232889         0.9724028111         0.8388935182         0.5276111364E-01
    0.1060114503         0.2553736567         0.7952393889E-01     0.1951333046         0.9701155424         0.1946774552E-01     0.4497807026E-01     0.1265314460         0.3698076606         0.6846329570E-01
    0.2485320330         0.4272727966    

                         STEP LENGTH (VM)
    0.1418668323E-02     0.1000000000         0.2000000000          1.000000000         0.1000000000         0.2000000000          1.000000000         0.2820699809E-03     0.2861398384E-03     0.1108109704E-02
    0.1452097662E-01     0.1000000000         0.2000000000          1.000000000         0.6613054724E-04     0.1000000000         0.2000000000          1.000000000         0.1000000000         0.2000000000    
     1.000000000         0.7130761918E-04     0.1000000000         0.2000000000          1.000000000         0.1000000000         0.2000000000          1.000000000         0.3390095219E-03     0.4864864706E-01
    0.2000000000          1.000000000         0.1000000000         0.2000000000          1.000000000         0.8549863223E-04     0.1000000000         0.2000000000          1.000000000         0.1000000000    
    0.2000000000          1.000000000    
 

 INTERMEDIATE RESULTS BEFORE NEXT TEMPERATURE REDUCTION

  CURRENT TEMPERATURE:             0.89392E-04
  MIN FUNCTION VALUE SO FAR:   0.109000229950504401E-01
  TOTAL MOVES:                     840
     DOWNHILL:                     573
     ACCEPTED UPHILL:              103
     REJECTED UPHILL:              164
  TRIALS OUT OF BOUNDS:            296
  NEW MINIMA THIS TEMPERATURE:      10

                         CURRENT OPTIMAL X
    0.9999408965         0.9132912755E-01     0.2746868610         0.1694414020         0.3508524299E-01     0.1740666151         0.2383158207         0.8238650192         0.3556768643E-01     0.1012288109    
    0.2444487780E-02     0.4407517910E-01     0.1957507968         0.4290150404         0.9975707405         0.7770484090E-01     0.2278704286         0.8969101310         0.5365072489E-01     0.1094975948    
    0.4980569482         0.1439438074E-01     0.2054959536E-01     0.1081414223         0.2666847110         0.2369444370E-01     0.2117722631         0.8761074543         0.8388828117         0.5276111364E-01
    0.1060114503         0.2553736567         0.6369950175E-01     0.2197955370         0.1629904509         0.1946454348E-01     0.6842034459E-01     0.1825062513         0.8869621158         0.5067290068E-01
    0.1061348557         0.4562548399    

                         STEP LENGTH (VM)
    0.1110914746E-02     0.1000000000         0.2000000000          1.000000000         0.1000000000         0.2000000000          1.000000000         0.2820699435E-03     0.3219072561E-03     0.4825638502E-03
    0.7943097342E-02     0.1000000000         0.2000000000          1.000000000         0.7439684778E-04     0.7499999860E-01     0.2000000000          1.000000000         0.1000000000         0.2000000000    
     1.000000000         0.9771783802E-04     0.1000000000         0.2000000000          1.000000000         0.1000000000         0.2000000000          1.000000000         0.2308149703E-03     0.1328668573E-01
    0.1285714134         0.7872338670         0.1000000000         0.2000000000          1.000000000         0.9885777396E-04     0.1000000000         0.2000000000          1.000000000         0.1000000000    
    0.2000000000          1.000000000    
 

  SA ACHIEVED TERMINATION CRITERIA. IER = 0. 


  ****   RESULTS AFTER SA   ****   

                         SOLUTION
    0.9999408965         0.9132912755E-01     0.2746868610         0.1694414020         0.3508524299E-01     0.1740666151         0.2383158207         0.8238650192         0.3556768643E-01     0.1012288109    
    0.2444487780E-02     0.4407517910E-01     0.1957507968         0.4290150404         0.9975707405         0.7770484090E-01     0.2278704286         0.8969101310         0.5365072489E-01     0.1094975948    
    0.4980569482         0.1439438074E-01     0.2054959536E-01     0.1081414223         0.2666847110         0.2369444370E-01     0.2117722631         0.8761074543         0.8388828117         0.5276111364E-01
    0.1060114503         0.2553736567         0.6369950175E-01     0.2197955370         0.1629904509         0.1946454348E-01     0.6842034459E-01     0.1825062513         0.8869621158         0.5067290068E-01
    0.1061348557         0.4562548399    

                         FINAL STEP LENGTH
    0.1110914746E-02     0.1000000000         0.2000000000          1.000000000         0.1000000000         0.2000000000          1.000000000         0.2820699435E-03     0.3219072561E-03     0.4825638502E-03
    0.7943097342E-02     0.1000000000         0.2000000000          1.000000000         0.7439684778E-04     0.7499999860E-01     0.2000000000          1.000000000         0.1000000000         0.2000000000    
     1.000000000         0.9771783802E-04     0.1000000000         0.2000000000          1.000000000         0.1000000000         0.2000000000          1.000000000         0.2308149703E-03     0.1328668573E-01
    0.1285714134         0.7872338670         0.1000000000         0.2000000000          1.000000000         0.9885777396E-04     0.1000000000         0.2000000000          1.000000000         0.1000000000    
    0.2000000000          1.000000000    

 OPTIMAL FUNCTION VALUE:  0.1090002299505E-01
 NUMBER OF FUNCTION EVALUATIONS:          32761
 NUMBER OF ACCEPTED EVALUATIONS:          28856
 NUMBER OF OUT OF BOUND EVALUATIONS:      14624
 FINAL TEMP:  0.8939186810344E-04  IER:   0
