
 SIMULATED PARALLEL ANNEALING by NEIGHBORHOOD EXAMPLE

 NUMBER OF PARAMETERS:  42   MAXIMAZATION:     F
 INITIAL TEMP:  5.0       RT: 0.75       EPS: 0.10E-02
 NS:  24   NT:   5   NEPS:  4
 MAXEVL:  100000000   IPRINT: 1   ISEED1:    7 ISEED2:    8

                         STARTING VALUES
    0.9995573369         0.7712225542E-01     0.1466792015         0.7635738611E-01     0.4322478733E-01     0.1788361980         0.1196735611         0.8572810434         0.2644522146E-01     0.1016692621    
    0.1072264373         0.3739464954E-01     0.1173687827         0.6875945096         0.9999978073         0.2174862170E-01     0.2479694330         0.9997060402         0.9003329624E-01     0.2377851173    
    0.3817049752         0.2329289937E-02     0.9821755884E-01     0.1594080924         0.5428164596         0.3439601627E-01     0.3081587156         0.9673826281         0.9435283566         0.6678233740E-03
    0.1324139636         0.3783506668         0.3953693190E-01     0.2373965485         0.7934543529         0.2243819793E-01     0.2170437487E-01     0.2057016965         0.3345014998         0.7247447891E-01
    0.2694900208         0.7063231520E-01

                         INITIAL STEP LENGTH
    0.2003541305         0.3084890217E-01     0.5867168060E-01     0.3054295444E-01     0.1728991493E-01     0.7153447920E-01     0.4786942444E-01     0.3141751653         0.1057808858E-01     0.4066770484E-01
    0.4289057492E-01     0.1495785982E-01     0.4694751308E-01     0.2750378038         0.2000017542         0.8699448680E-02     0.9918777320E-01     0.2002351678         0.3601331850E-01     0.9511404692E-01
    0.1526819901         0.9317159748E-03     0.3928702354E-01     0.6376323696E-01     0.2171265838         0.1375840651E-01     0.1232634862         0.2260938975         0.2451773147         0.2671293496E-03
    0.5296558544E-01     0.1513402667         0.1581477276E-01     0.9495861940E-01     0.3173817412         0.8975279172E-02     0.8681749948E-02     0.8228067860E-01     0.1338005999         0.2898979156E-01
    0.1077960083         0.2825292608E-01

                         LOWER BOUND
    0.7996458695         0.6169780434E-01     0.1173433612         0.6108590889E-01     0.3457982986E-01     0.1430689584         0.9573884888E-01     0.6858248347         0.2115617717E-01     0.1000000000    
    0.8578114984E-01     0.2991571963E-01     0.9389502616E-01     0.5500756077         0.7999982458         0.1739889736E-01     0.1983755464         0.7997648322         0.7202663699E-01     0.1902280938    
    0.3053639802         0.1863431950E-02     0.7857404707E-01     0.1275264739         0.4342531677         0.2751681302E-01     0.2465269725         0.7739061025         0.7548226853         0.5342586992E-03
    0.1059311709         0.3026805334         0.3162954552E-01     0.1899172388         0.6347634823         0.1795055834E-01     0.1736349990E-01     0.1645613572         0.2676011998         0.5797958313E-01
    0.2155920166         0.5650585216E-01

                         UPPER BOUND
     1.000000000         0.9254670650E-01     0.1760150418         0.9162886333E-01     0.5186974480E-01     0.2146034376         0.1436082733          1.000000000         0.3173426575E-01     0.1220031145    
    0.1286717248         0.4487357945E-01     0.1408425392         0.8251134115          1.000000000         0.2609834604E-01     0.2975633196          1.000000000         0.1080399555         0.2853421408    
    0.4580459702         0.2795147924E-02     0.1178610706         0.1912897109         0.6513797515         0.4127521952E-01     0.3697904587          1.000000000          1.000000000         0.8013880488E-03
    0.1588967563         0.4540208002         0.4744431828E-01     0.2848758582         0.9521452235         0.2692583752E-01     0.2604524984E-01     0.2468420358         0.4014017998         0.8696937469E-01
    0.3233880250         0.8475877824E-01

                         C VECTOR
     2.000000000          2.000000000          2.000000000          2.000000000          2.000000000          2.000000000          2.000000000          2.000000000          2.000000000          2.000000000    
     2.000000000          2.000000000          2.000000000          2.000000000          2.000000000          2.000000000          2.000000000          2.000000000          2.000000000          2.000000000    
     2.000000000          2.000000000          2.000000000          2.000000000          2.000000000          2.000000000          2.000000000          2.000000000          2.000000000          2.000000000    
     2.000000000          2.000000000          2.000000000          2.000000000          2.000000000          2.000000000          2.000000000          2.000000000          2.000000000          2.000000000    
     2.000000000          2.000000000    

  ****   END OF DRIVER ROUTINE OUTPUT   ****
  ****   BEFORE CALL TO SA.             ****
  

                         INITIAL X
    0.9995573369         0.7712225542E-01     0.1466792015         0.7635738611E-01     0.4322478733E-01     0.1788361980         0.1196735611         0.8572810434         0.2644522146E-01     0.1016692621    
    0.1072264373         0.3739464954E-01     0.1173687827         0.6875945096         0.9999978073         0.2174862170E-01     0.2479694330         0.9997060402         0.9003329624E-01     0.2377851173    
    0.3817049752         0.2329289937E-02     0.9821755884E-01     0.1594080924         0.5428164596         0.3439601627E-01     0.3081587156         0.9673826281         0.9435283566         0.6678233740E-03
    0.1324139636         0.3783506668         0.3953693190E-01     0.2373965485         0.7934543529         0.2243819793E-01     0.2170437487E-01     0.2057016965         0.3345014998         0.7247447891E-01
    0.2694900208         0.7063231520E-01
  INITIAL F: 
 0.713995652332393288E-01

 INTERMEDIATE RESULTS BEFORE NEXT TEMPERATURE REDUCTION

  CURRENT TEMPERATURE:              5.0000    
  MIN FUNCTION VALUE SO FAR:   0.245151307054586286E-01
  TOTAL MOVES:                     840
     DOWNHILL:                     622
     ACCEPTED UPHILL:              216
     REJECTED UPHILL:                2
  TRIALS OUT OF BOUNDS:            438
  NEW MINIMA THIS TEMPERATURE:       1

                         CURRENT OPTIMAL X
    0.9215997447         0.8373222381E-01     0.1232995949         0.7953017693E-01     0.4810279417E-01     0.1642236023         0.1018199993         0.9008790771         0.3128774716E-01     0.1149242541    
    0.9235738650E-01     0.3739464954E-01     0.1173687827         0.6875945096         0.9999978073         0.2174862170E-01     0.2479694330         0.9997060402         0.9003329624E-01     0.2377851173    
    0.3817049752         0.2329289937E-02     0.9821755884E-01     0.1594080924         0.5428164596         0.3439601627E-01     0.3081587156         0.9673826281         0.9435283566         0.6678233740E-03
    0.1324139636         0.3783506668         0.3953693190E-01     0.2373965485         0.7934543529         0.2243819793E-01     0.2170437487E-01     0.2057016965         0.3345014998         0.7247447891E-01
    0.2694900208         0.7063231520E-01

                         STEP LENGTH (VM)
    0.2003541305         0.3084890217E-01     0.5867168060E-01     0.3054295444E-01     0.1728991493E-01     0.7153447920E-01     0.4786942444E-01     0.3141751653         0.1057808858E-01     0.2200311452E-01
    0.4289057492E-01     0.1495785982E-01     0.4694751308E-01     0.2750378038         0.2000017542         0.8699448680E-02     0.9918777320E-01     0.2002351678         0.3601331850E-01     0.9511404692E-01
    0.1526819901         0.9317159748E-03     0.3928702354E-01     0.6376323696E-01     0.2171265838         0.1375840651E-01     0.1232634862         0.2260938975         0.2451773147         0.2671293496E-03
    0.5296558544E-01     0.1513402667         0.1581477276E-01     0.9495861940E-01     0.3173817412         0.8975279172E-02     0.8681749948E-02     0.8228067860E-01     0.1338005999         0.2898979156E-01
    0.1077960083         0.2825292608E-01
 

 INTERMEDIATE RESULTS BEFORE NEXT TEMPERATURE REDUCTION

  CURRENT TEMPERATURE:              3.7500    
  MIN FUNCTION VALUE SO FAR:   0.240703733976242520E-01
  TOTAL MOVES:                     840
     DOWNHILL:                     625
     ACCEPTED UPHILL:              214
     REJECTED UPHILL:                1
  TRIALS OUT OF BOUNDS:            415
  NEW MINIMA THIS TEMPERATURE:       0

                         CURRENT OPTIMAL X
    0.9532700936         0.9198035502E-01     0.1360023730         0.6159192287E-01     0.3728476446E-01     0.1838240402         0.1170137251         0.7956697474         0.2294982388E-01     0.1206230870    
    0.1131000006         0.3988542254E-01     0.9497493098E-01     0.6736082050         0.9987231381         0.2239105452E-01     0.2070592452         0.9046647490         0.9774132223E-01     0.2257163223    
    0.4294735559         0.2051964918E-02     0.9611640104E-01     0.1783023743         0.5181186901         0.4079904636E-01     0.2806712900         0.9410374193         0.8419057200         0.6002260932E-03
    0.1483244823         0.4453441270         0.4133793108E-01     0.2021722501         0.7250460463         0.1797561145E-01     0.2492086101E-01     0.1915648495         0.3348350121         0.7861718926E-01
    0.2398851731         0.8145335475E-01

                         STEP LENGTH (VM)
    0.2003541305         0.3084890217E-01     0.5867168060E-01     0.3054295444E-01     0.1728991493E-01     0.7153447920E-01     0.4786942444E-01     0.3141751653         0.1057808858E-01     0.2200311452E-01
    0.4289057492E-01     0.1495785982E-01     0.4694751308E-01     0.2750378038         0.2000017542         0.8699448680E-02     0.9918777320E-01     0.2002351678         0.3601331850E-01     0.9511404692E-01
    0.1526819901         0.9317159748E-03     0.3928702354E-01     0.6376323696E-01     0.2171265838         0.1375840651E-01     0.1232634862         0.2260938975         0.2451773147         0.2671293496E-03
    0.5296558544E-01     0.1513402667         0.1581477276E-01     0.9495861940E-01     0.3173817412         0.8975279172E-02     0.8681749948E-02     0.8228067860E-01     0.1338005999         0.2898979156E-01
    0.1077960083         0.2825292608E-01
 

 INTERMEDIATE RESULTS BEFORE NEXT TEMPERATURE REDUCTION

  CURRENT TEMPERATURE:              2.8125    
  MIN FUNCTION VALUE SO FAR:   0.240703733976242520E-01
  TOTAL MOVES:                     840
     DOWNHILL:                     627
     ACCEPTED UPHILL:              212
     REJECTED UPHILL:                1
  TRIALS OUT OF BOUNDS:            453
  NEW MINIMA THIS TEMPERATURE:       0

                         CURRENT OPTIMAL X
    0.9532700936         0.9198035502E-01     0.1360023730         0.6159192287E-01     0.3728476446E-01     0.1838240402         0.1170137251         0.7956697474         0.2294982388E-01     0.1206230870    
    0.1131000006         0.3988542254E-01     0.9497493098E-01     0.6736082050         0.9987231381         0.2239105452E-01     0.2070592452         0.9046647490         0.9774132223E-01     0.2257163223    
    0.4294735559         0.2051964918E-02     0.9611640104E-01     0.1783023743         0.5181186901         0.4079904636E-01     0.2806712900         0.9410374193         0.8419057200         0.6002260932E-03
    0.1483244823         0.4453441270         0.4133793108E-01     0.2021722501         0.7250460463         0.1797561145E-01     0.2492086101E-01     0.1915648495         0.3348350121         0.7861718926E-01
    0.2398851731         0.8145335475E-01

                         STEP LENGTH (VM)
    0.2003541305         0.3084890217E-01     0.5867168060E-01     0.3054295444E-01     0.1728991493E-01     0.7153447920E-01     0.4786942444E-01     0.3141751653         0.1057808858E-01     0.2200311452E-01
    0.4289057492E-01     0.1495785982E-01     0.4694751308E-01     0.2750378038         0.2000017542         0.8699448680E-02     0.9918777320E-01     0.2002351678         0.3601331850E-01     0.9511404692E-01
    0.1526819901         0.9317159748E-03     0.3928702354E-01     0.6376323696E-01     0.2171265838         0.1375840651E-01     0.1232634862         0.2260938975         0.2451773147         0.2671293496E-03
    0.5296558544E-01     0.1513402667         0.1581477276E-01     0.9495861940E-01     0.3173817412         0.8975279172E-02     0.8681749948E-02     0.8228067860E-01     0.1338005999         0.2898979156E-01
    0.1077960083         0.2825292608E-01
 

 INTERMEDIATE RESULTS BEFORE NEXT TEMPERATURE REDUCTION

  CURRENT TEMPERATURE:              2.1094    
  MIN FUNCTION VALUE SO FAR:   0.240703733976242520E-01
  TOTAL MOVES:                     840
     DOWNHILL:                     626
     ACCEPTED UPHILL:              209
     REJECTED UPHILL:                5
  TRIALS OUT OF BOUNDS:            424
  NEW MINIMA THIS TEMPERATURE:       0

                         CURRENT OPTIMAL X
    0.9532700936         0.9198035502E-01     0.1360023730         0.6159192287E-01     0.3728476446E-01     0.1838240402         0.1170137251         0.7956697474         0.2294982388E-01     0.1206230870    
    0.1131000006         0.3988542254E-01     0.9497493098E-01     0.6736082050         0.9987231381         0.2239105452E-01     0.2070592452         0.9046647490         0.9774132223E-01     0.2257163223    
    0.4294735559         0.2051964918E-02     0.9611640104E-01     0.1783023743         0.5181186901         0.4079904636E-01     0.2806712900         0.9410374193         0.8419057200         0.6002260932E-03
    0.1483244823         0.4453441270         0.4133793108E-01     0.2021722501         0.7250460463         0.1797561145E-01     0.2492086101E-01     0.1915648495         0.3348350121         0.7861718926E-01
    0.2398851731         0.8145335475E-01

                         STEP LENGTH (VM)
    0.2003541305         0.3084890217E-01     0.5867168060E-01     0.3054295444E-01     0.1728991493E-01     0.7153447920E-01     0.4786942444E-01     0.3141751653         0.1057808858E-01     0.2200311452E-01
    0.4289057492E-01     0.1495785982E-01     0.4694751308E-01     0.2750378038         0.2000017542         0.8699448680E-02     0.9918777320E-01     0.2002351678         0.3601331850E-01     0.9511404692E-01
    0.1526819901         0.9317159748E-03     0.3928702354E-01     0.6376323696E-01     0.2171265838         0.1375840651E-01     0.1232634862         0.2260938975         0.2451773147         0.2671293496E-03
    0.5296558544E-01     0.1513402667         0.1581477276E-01     0.9495861940E-01     0.3173817412         0.8975279172E-02     0.8681749948E-02     0.8228067860E-01     0.1338005999         0.2898979156E-01
    0.1077960083         0.2825292608E-01
 

 INTERMEDIATE RESULTS BEFORE NEXT TEMPERATURE REDUCTION

  CURRENT TEMPERATURE:              1.5820    
  MIN FUNCTION VALUE SO FAR:   0.240703733976242520E-01
  TOTAL MOVES:                     840
     DOWNHILL:                     632
     ACCEPTED UPHILL:              202
     REJECTED UPHILL:                6
  TRIALS OUT OF BOUNDS:            391
  NEW MINIMA THIS TEMPERATURE:       0

                         CURRENT OPTIMAL X
    0.9532700936         0.9198035502E-01     0.1360023730         0.6159192287E-01     0.3728476446E-01     0.1838240402         0.1170137251         0.7956697474         0.2294982388E-01     0.1206230870    
    0.1131000006         0.3988542254E-01     0.9497493098E-01     0.6736082050         0.9987231381         0.2239105452E-01     0.2070592452         0.9046647490         0.9774132223E-01     0.2257163223    
    0.4294735559         0.2051964918E-02     0.9611640104E-01     0.1783023743         0.5181186901         0.4079904636E-01     0.2806712900         0.9410374193         0.8419057200         0.6002260932E-03
    0.1483244823         0.4453441270         0.4133793108E-01     0.2021722501         0.7250460463         0.1797561145E-01     0.2492086101E-01     0.1915648495         0.3348350121         0.7861718926E-01
    0.2398851731         0.8145335475E-01

                         STEP LENGTH (VM)
    0.2003541305         0.3084890217E-01     0.5867168060E-01     0.3054295444E-01     0.1728991493E-01     0.7153447920E-01     0.4786942444E-01     0.3141751653         0.1057808858E-01     0.2200311452E-01
    0.4289057492E-01     0.1495785982E-01     0.4694751308E-01     0.2750378038         0.2000017542         0.8699448680E-02     0.9918777320E-01     0.2002351678         0.3601331850E-01     0.9511404692E-01
    0.1526819901         0.9317159748E-03     0.3928702354E-01     0.6376323696E-01     0.2171265838         0.1375840651E-01     0.1232634862         0.2260938975         0.2451773147         0.2671293496E-03
    0.5296558544E-01     0.1513402667         0.1581477276E-01     0.9495861940E-01     0.3173817412         0.8975279172E-02     0.8681749948E-02     0.8228067860E-01     0.1338005999         0.2898979156E-01
    0.1077960083         0.2825292608E-01
 

 INTERMEDIATE RESULTS BEFORE NEXT TEMPERATURE REDUCTION

  CURRENT TEMPERATURE:              1.1865    
  MIN FUNCTION VALUE SO FAR:   0.240703733976242520E-01
  TOTAL MOVES:                     840
     DOWNHILL:                     625
     ACCEPTED UPHILL:              211
     REJECTED UPHILL:                4
  TRIALS OUT OF BOUNDS:            399
  NEW MINIMA THIS TEMPERATURE:       0

                         CURRENT OPTIMAL X
    0.9532700936         0.9198035502E-01     0.1360023730         0.6159192287E-01     0.3728476446E-01     0.1838240402         0.1170137251         0.7956697474         0.2294982388E-01     0.1206230870    
    0.1131000006         0.3988542254E-01     0.9497493098E-01     0.6736082050         0.9987231381         0.2239105452E-01     0.2070592452         0.9046647490         0.9774132223E-01     0.2257163223    
    0.4294735559         0.2051964918E-02     0.9611640104E-01     0.1783023743         0.5181186901         0.4079904636E-01     0.2806712900         0.9410374193         0.8419057200         0.6002260932E-03
    0.1483244823         0.4453441270         0.4133793108E-01     0.2021722501         0.7250460463         0.1797561145E-01     0.2492086101E-01     0.1915648495         0.3348350121         0.7861718926E-01
    0.2398851731         0.8145335475E-01

                         STEP LENGTH (VM)
    0.2003541305         0.3084890217E-01     0.5867168060E-01     0.3054295444E-01     0.1728991493E-01     0.7153447920E-01     0.4786942444E-01     0.3141751653         0.1057808858E-01     0.2200311452E-01
    0.4289057492E-01     0.1495785982E-01     0.4694751308E-01     0.2750378038         0.2000017542         0.8699448680E-02     0.9918777320E-01     0.2002351678         0.3601331850E-01     0.9511404692E-01
    0.1526819901         0.9317159748E-03     0.3928702354E-01     0.6376323696E-01     0.2171265838         0.1375840651E-01     0.1232634862         0.2260938975         0.2451773147         0.2671293496E-03
    0.5296558544E-01     0.1513402667         0.1581477276E-01     0.9495861940E-01     0.3173817412         0.8975279172E-02     0.8681749948E-02     0.8228067860E-01     0.1338005999         0.2898979156E-01
    0.1077960083         0.2825292608E-01
 

 INTERMEDIATE RESULTS BEFORE NEXT TEMPERATURE REDUCTION

  CURRENT TEMPERATURE:             0.88989    
  MIN FUNCTION VALUE SO FAR:   0.209768896716319014E-01
  TOTAL MOVES:                     840
     DOWNHILL:                     636
     ACCEPTED UPHILL:              193
     REJECTED UPHILL:               11
  TRIALS OUT OF BOUNDS:            429
  NEW MINIMA THIS TEMPERATURE:       0

                         CURRENT OPTIMAL X
    0.9666540358         0.9198035502E-01     0.1360023730         0.6159192287E-01     0.3728476446E-01     0.1838240402         0.1170137251         0.7956697474         0.2294982388E-01     0.1206230870    
    0.1131000006         0.3988542254E-01     0.9497493098E-01     0.6736082050         0.9987231381         0.2239105452E-01     0.2070592452         0.9046647490         0.9774132223E-01     0.2257163223    
    0.4294735559         0.2051964918E-02     0.9611640104E-01     0.1783023743         0.5181186901         0.4079904636E-01     0.2806712900         0.9410374193         0.8419057200         0.6002260932E-03
    0.1483244823         0.4453441270         0.4133793108E-01     0.2021722501         0.7250460463         0.1797561145E-01     0.2492086101E-01     0.1915648495         0.3348350121         0.7861718926E-01
    0.2398851731         0.8145335475E-01

                         STEP LENGTH (VM)
    0.2003541305         0.3084890217E-01     0.5867168060E-01     0.3054295444E-01     0.1728991493E-01     0.7153447920E-01     0.4786942444E-01     0.3141751653         0.1057808858E-01     0.2200311452E-01
    0.4289057492E-01     0.1495785982E-01     0.4694751308E-01     0.2750378038         0.2000017542         0.8699448680E-02     0.9918777320E-01     0.2002351678         0.3601331850E-01     0.9511404692E-01
    0.1526819901         0.9317159748E-03     0.3928702354E-01     0.6376323696E-01     0.2171265838         0.1375840651E-01     0.1232634862         0.2260938975         0.2451773147         0.2671293496E-03
    0.5296558544E-01     0.1513402667         0.1581477276E-01     0.9495861940E-01     0.3173817412         0.8975279172E-02     0.8681749948E-02     0.8228067860E-01     0.1338005999         0.2898979156E-01
    0.1077960083         0.2825292608E-01
 

 INTERMEDIATE RESULTS BEFORE NEXT TEMPERATURE REDUCTION

  CURRENT TEMPERATURE:             0.66742    
  MIN FUNCTION VALUE SO FAR:   0.191613412934327210E-01
  TOTAL MOVES:                     840
     DOWNHILL:                     629
     ACCEPTED UPHILL:              201
     REJECTED UPHILL:               10
  TRIALS OUT OF BOUNDS:            392
  NEW MINIMA THIS TEMPERATURE:       0

                         CURRENT OPTIMAL X
    0.9926883566         0.8174799582E-01     0.1505046249         0.8659166005E-01     0.4254991634E-01     0.1665907333         0.1163789477         0.7956697474         0.2583635775E-01     0.1195751007    
    0.1012693232         0.3435430240E-01     0.1136546350         0.7572178832         0.9987231381         0.2348361177E-01     0.2212592019         0.9327652691         0.8146909720E-01     0.2121585300    
    0.3864292557         0.2131488966E-02     0.1134992227         0.1674244271         0.6204486644         0.3199216567E-01     0.2815556209         0.8356748150         0.8655548770         0.7118823036E-03
    0.1093480717         0.3240500957         0.4528988794E-01     0.2221963636         0.8710376867         0.2265452896E-01     0.2337976855E-01     0.1647805897         0.3292167831         0.6925428967E-01
    0.2222750711         0.5815504097E-01

                         STEP LENGTH (VM)
    0.2003541305         0.3084890217E-01     0.5867168060E-01     0.3054295444E-01     0.1728991493E-01     0.7153447920E-01     0.4786942444E-01     0.3141751653         0.1057808858E-01     0.2200311452E-01
    0.4289057492E-01     0.1495785982E-01     0.4694751308E-01     0.2750378038         0.2000017542         0.8699448680E-02     0.9918777320E-01     0.2002351678         0.3601331850E-01     0.9511404692E-01
    0.1526819901         0.9317159748E-03     0.3928702354E-01     0.6376323696E-01     0.2171265838         0.1375840651E-01     0.1232634862         0.2260938975         0.2451773147         0.2671293496E-03
    0.5296558544E-01     0.1513402667         0.1581477276E-01     0.9495861940E-01     0.3173817412         0.8975279172E-02     0.8681749948E-02     0.8228067860E-01     0.1338005999         0.2898979156E-01
    0.1077960083         0.2825292608E-01
 

 INTERMEDIATE RESULTS BEFORE NEXT TEMPERATURE REDUCTION

  CURRENT TEMPERATURE:             0.50056    
  MIN FUNCTION VALUE SO FAR:   0.191613412934327210E-01
  TOTAL MOVES:                     840
     DOWNHILL:                     615
     ACCEPTED UPHILL:              210
     REJECTED UPHILL:               15
  TRIALS OUT OF BOUNDS:            405
  NEW MINIMA THIS TEMPERATURE:       0

                         CURRENT OPTIMAL X
    0.9926883566         0.8174799582E-01     0.1505046249         0.8659166005E-01     0.4254991634E-01     0.1665907333         0.1163789477         0.7956697474         0.2583635775E-01     0.1195751007    
    0.1012693232         0.3435430240E-01     0.1136546350         0.7572178832         0.9987231381         0.2348361177E-01     0.2212592019         0.9327652691         0.8146909720E-01     0.2121585300    
    0.3864292557         0.2131488966E-02     0.1134992227         0.1674244271         0.6204486644         0.3199216567E-01     0.2815556209         0.8356748150         0.8655548770         0.7118823036E-03
    0.1093480717         0.3240500957         0.4528988794E-01     0.2221963636         0.8710376867         0.2265452896E-01     0.2337976855E-01     0.1647805897         0.3292167831         0.6925428967E-01
    0.2222750711         0.5815504097E-01

                         STEP LENGTH (VM)
    0.2003541305         0.3084890217E-01     0.5867168060E-01     0.3054295444E-01     0.1728991493E-01     0.7153447920E-01     0.4786942444E-01     0.3141751653         0.1057808858E-01     0.2200311452E-01
    0.4289057492E-01     0.1495785982E-01     0.4694751308E-01     0.2750378038         0.2000017542         0.8699448680E-02     0.9918777320E-01     0.2002351678         0.3601331850E-01     0.9511404692E-01
    0.1526819901         0.9317159748E-03     0.3928702354E-01     0.6376323696E-01     0.2171265838         0.1375840651E-01     0.1232634862         0.2260938975         0.2451773147         0.2671293496E-03
    0.5296558544E-01     0.1513402667         0.1581477276E-01     0.9495861940E-01     0.3173817412         0.8975279172E-02     0.8681749948E-02     0.8228067860E-01     0.1338005999         0.2898979156E-01
    0.1077960083         0.2825292608E-01
 

 INTERMEDIATE RESULTS BEFORE NEXT TEMPERATURE REDUCTION

  CURRENT TEMPERATURE:             0.37542    
  MIN FUNCTION VALUE SO FAR:   0.191613412934327210E-01
  TOTAL MOVES:                     840
     DOWNHILL:                     620
     ACCEPTED UPHILL:              196
     REJECTED UPHILL:               24
  TRIALS OUT OF BOUNDS:            427
  NEW MINIMA THIS TEMPERATURE:       0

                         CURRENT OPTIMAL X
    0.9926883566         0.8174799582E-01     0.1505046249         0.8659166005E-01     0.4254991634E-01     0.1665907333         0.1163789477         0.7956697474         0.2583635775E-01     0.1195751007    
    0.1012693232         0.3435430240E-01     0.1136546350         0.7572178832         0.9987231381         0.2348361177E-01     0.2212592019         0.9327652691         0.8146909720E-01     0.2121585300    
    0.3864292557         0.2131488966E-02     0.1134992227         0.1674244271         0.6204486644         0.3199216567E-01     0.2815556209         0.8356748150         0.8655548770         0.7118823036E-03
    0.1093480717         0.3240500957         0.4528988794E-01     0.2221963636         0.8710376867         0.2265452896E-01     0.2337976855E-01     0.1647805897         0.3292167831         0.6925428967E-01
    0.2222750711         0.5815504097E-01

                         STEP LENGTH (VM)
    0.2003541305         0.3084890217E-01     0.5867168060E-01     0.3054295444E-01     0.1728991493E-01     0.7153447920E-01     0.4786942444E-01     0.3141751653         0.1057808858E-01     0.2200311452E-01
    0.4289057492E-01     0.1495785982E-01     0.4694751308E-01     0.2750378038         0.1761919818         0.8699448680E-02     0.9918777320E-01     0.2002351678         0.3601331850E-01     0.9511404692E-01
    0.1526819901         0.9317159748E-03     0.3928702354E-01     0.6376323696E-01     0.2171265838         0.1375840651E-01     0.1232634862         0.2260938975         0.2451773147         0.2671293496E-03
    0.5296558544E-01     0.1513402667         0.1581477276E-01     0.9495861940E-01     0.3173817412         0.8975279172E-02     0.8681749948E-02     0.8228067860E-01     0.1338005999         0.2898979156E-01
    0.1077960083         0.2825292608E-01
 

 INTERMEDIATE RESULTS BEFORE NEXT TEMPERATURE REDUCTION

  CURRENT TEMPERATURE:             0.28157    
  MIN FUNCTION VALUE SO FAR:   0.190834525564218538E-01
  TOTAL MOVES:                     840
     DOWNHILL:                     627
     ACCEPTED UPHILL:              186
     REJECTED UPHILL:               27
  TRIALS OUT OF BOUNDS:            421
  NEW MINIMA THIS TEMPERATURE:       1

                         CURRENT OPTIMAL X
    0.9973887423         0.7018153302E-01     0.1505046249         0.8659166005E-01     0.4254991634E-01     0.1665907333         0.1163789477         0.7956697474         0.2583635775E-01     0.1195751007    
    0.1012693232         0.3435430240E-01     0.1136546350         0.7572178832         0.9987231381         0.2348361177E-01     0.2212592019         0.9327652691         0.8146909720E-01     0.2121585300    
    0.3864292557         0.2131488966E-02     0.1134992227         0.1674244271         0.6204486644         0.3199216567E-01     0.2815556209         0.8356748150         0.8655548770         0.7118823036E-03
    0.1093480717         0.3240500957         0.4528988794E-01     0.2221963636         0.8710376867         0.2265452896E-01     0.2337976855E-01     0.1647805897         0.3292167831         0.6925428967E-01
    0.2222750711         0.5815504097E-01

                         STEP LENGTH (VM)
    0.2003541305         0.3084890217E-01     0.5867168060E-01     0.3054295444E-01     0.1728991493E-01     0.7153447920E-01     0.4786942444E-01     0.3141751653         0.1057808858E-01     0.2200311452E-01
    0.4289057492E-01     0.1495785982E-01     0.4694751308E-01     0.2750378038         0.7718985813E-01     0.8699448680E-02     0.9918777320E-01     0.2002351678         0.3601331850E-01     0.9511404692E-01
    0.1526819901         0.9317159748E-03     0.3928702354E-01     0.6376323696E-01     0.2171265838         0.1375840651E-01     0.1232634862         0.2260938975         0.2451773147         0.2671293496E-03
    0.5296558544E-01     0.1513402667         0.1581477276E-01     0.9495861940E-01     0.3173817412         0.8975279172E-02     0.8681749948E-02     0.8228067860E-01     0.1338005999         0.2898979156E-01
    0.1077960083         0.2825292608E-01
 

 INTERMEDIATE RESULTS BEFORE NEXT TEMPERATURE REDUCTION

  CURRENT TEMPERATURE:             0.21118    
  MIN FUNCTION VALUE SO FAR:   0.190834525564218538E-01
  TOTAL MOVES:                     840
     DOWNHILL:                     617
     ACCEPTED UPHILL:              192
     REJECTED UPHILL:               31
  TRIALS OUT OF BOUNDS:            412
  NEW MINIMA THIS TEMPERATURE:       0

                         CURRENT OPTIMAL X
    0.9973887423         0.7018153302E-01     0.1505046249         0.8659166005E-01     0.4254991634E-01     0.1665907333         0.1163789477         0.7956697474         0.2583635775E-01     0.1195751007    
    0.1012693232         0.3435430240E-01     0.1136546350         0.7572178832         0.9987231381         0.2348361177E-01     0.2212592019         0.9327652691         0.8146909720E-01     0.2121585300    
    0.3864292557         0.2131488966E-02     0.1134992227         0.1674244271         0.6204486644         0.3199216567E-01     0.2815556209         0.8356748150         0.8655548770         0.7118823036E-03
    0.1093480717         0.3240500957         0.4528988794E-01     0.2221963636         0.8710376867         0.2265452896E-01     0.2337976855E-01     0.1647805897         0.3292167831         0.6925428967E-01
    0.2222750711         0.5815504097E-01

                         STEP LENGTH (VM)
    0.2003541305         0.3084890217E-01     0.5867168060E-01     0.3054295444E-01     0.1728991493E-01     0.7153447920E-01     0.4786942444E-01     0.3141751653         0.1057808858E-01     0.2200311452E-01
    0.4289057492E-01     0.1495785982E-01     0.4694751308E-01     0.2750378038         0.8683858105E-01     0.8699448680E-02     0.9918777320E-01     0.2002351678         0.3601331850E-01     0.9511404692E-01
    0.1526819901         0.9317159748E-03     0.3928702354E-01     0.6376323696E-01     0.2171265838         0.1375840651E-01     0.1232634862         0.2260938975         0.2451773147         0.2671293496E-03
    0.5296558544E-01     0.1513402667         0.1581477276E-01     0.9495861940E-01     0.3173817412         0.8975279172E-02     0.8681749948E-02     0.8228067860E-01     0.1338005999         0.2898979156E-01
    0.1077960083         0.2825292608E-01
 

 INTERMEDIATE RESULTS BEFORE NEXT TEMPERATURE REDUCTION

  CURRENT TEMPERATURE:             0.15838    
  MIN FUNCTION VALUE SO FAR:   0.190834525564218538E-01
  TOTAL MOVES:                     840
     DOWNHILL:                     618
     ACCEPTED UPHILL:              191
     REJECTED UPHILL:               31
  TRIALS OUT OF BOUNDS:            430
  NEW MINIMA THIS TEMPERATURE:       0

                         CURRENT OPTIMAL X
    0.9973887423         0.7018153302E-01     0.1505046249         0.8659166005E-01     0.4254991634E-01     0.1665907333         0.1163789477         0.7956697474         0.2583635775E-01     0.1195751007    
    0.1012693232         0.3435430240E-01     0.1136546350         0.7572178832         0.9987231381         0.2348361177E-01     0.2212592019         0.9327652691         0.8146909720E-01     0.2121585300    
    0.3864292557         0.2131488966E-02     0.1134992227         0.1674244271         0.6204486644         0.3199216567E-01     0.2815556209         0.8356748150         0.8655548770         0.7118823036E-03
    0.1093480717         0.3240500957         0.4528988794E-01     0.2221963636         0.8710376867         0.2265452896E-01     0.2337976855E-01     0.1647805897         0.3292167831         0.6925428967E-01
    0.2222750711         0.5815504097E-01

                         STEP LENGTH (VM)
    0.2003541305         0.3084890217E-01     0.5867168060E-01     0.3054295444E-01     0.1728991493E-01     0.7153447920E-01     0.4786942444E-01     0.3141751653         0.1057808858E-01     0.2200311452E-01
    0.4289057492E-01     0.1495785982E-01     0.4694751308E-01     0.2750378038         0.7327004351E-01     0.8699448680E-02     0.9918777320E-01     0.2002351678         0.3601331850E-01     0.9511404692E-01
    0.1526819901         0.9317159748E-03     0.3928702354E-01     0.6376323696E-01     0.2171265838         0.1375840651E-01     0.1232634862         0.2260938975         0.2451773147         0.2671293496E-03
    0.5296558544E-01     0.1513402667         0.1581477276E-01     0.9495861940E-01     0.3173817412         0.8975279172E-02     0.8681749948E-02     0.8228067860E-01     0.1338005999         0.2898979156E-01
    0.1077960083         0.2825292608E-01
 

 INTERMEDIATE RESULTS BEFORE NEXT TEMPERATURE REDUCTION

  CURRENT TEMPERATURE:             0.11879    
  MIN FUNCTION VALUE SO FAR:   0.190752167743511690E-01
  TOTAL MOVES:                     840
     DOWNHILL:                     622
     ACCEPTED UPHILL:              181
     REJECTED UPHILL:               37
  TRIALS OUT OF BOUNDS:            414
  NEW MINIMA THIS TEMPERATURE:       0

                         CURRENT OPTIMAL X
    0.9973887423         0.6649839400E-01     0.1258541914         0.8540569770E-01     0.4254991634E-01     0.1665907333         0.1163789477         0.7956697474         0.2583635775E-01     0.1195751007    
    0.1012693232         0.3435430240E-01     0.1136546350         0.7572178832         0.9987231381         0.2348361177E-01     0.2212592019         0.9327652691         0.8146909720E-01     0.2121585300    
    0.3864292557         0.2131488966E-02     0.1134992227         0.1674244271         0.6204486644         0.3199216567E-01     0.2815556209         0.8356748150         0.8655548770         0.7118823036E-03
    0.1093480717         0.3240500957         0.4528988794E-01     0.2221963636         0.8710376867         0.2265452896E-01     0.2337976855E-01     0.1647805897         0.3292167831         0.6925428967E-01
    0.2222750711         0.5815504097E-01

                         STEP LENGTH (VM)
    0.2003541305         0.3084890217E-01     0.5867168060E-01     0.3054295444E-01     0.1728991493E-01     0.7153447920E-01     0.4786942444E-01     0.3141751653         0.1057808858E-01     0.2200311452E-01
    0.4289057492E-01     0.1495785982E-01     0.4694751308E-01     0.2750378038         0.4988598203E-01     0.8699448680E-02     0.9918777320E-01     0.2002351678         0.3601331850E-01     0.9511404692E-01
    0.1526819901         0.9317159748E-03     0.3928702354E-01     0.6376323696E-01     0.2171265838         0.1375840651E-01     0.1232634862         0.2260938975         0.2451773147         0.2671293496E-03
    0.5296558544E-01     0.1513402667         0.1581477276E-01     0.9495861940E-01     0.3173817412         0.8975279172E-02     0.8681749948E-02     0.8228067860E-01     0.1338005999         0.2898979156E-01
    0.1077960083         0.2825292608E-01
 

 INTERMEDIATE RESULTS BEFORE NEXT TEMPERATURE REDUCTION

  CURRENT TEMPERATURE:             0.89090E-01
  MIN FUNCTION VALUE SO FAR:   0.190752167743511690E-01
  TOTAL MOVES:                     840
     DOWNHILL:                     602
     ACCEPTED UPHILL:              185
     REJECTED UPHILL:               53
  TRIALS OUT OF BOUNDS:            442
  NEW MINIMA THIS TEMPERATURE:       0

                         CURRENT OPTIMAL X
    0.9973887423         0.6649839400E-01     0.1258541914         0.8540569770E-01     0.4254991634E-01     0.1665907333         0.1163789477         0.7956697474         0.2583635775E-01     0.1195751007    
    0.1012693232         0.3435430240E-01     0.1136546350         0.7572178832         0.9987231381         0.2348361177E-01     0.2212592019         0.9327652691         0.8146909720E-01     0.2121585300    
    0.3864292557         0.2131488966E-02     0.1134992227         0.1674244271         0.6204486644         0.3199216567E-01     0.2815556209         0.8356748150         0.8655548770         0.7118823036E-03
    0.1093480717         0.3240500957         0.4528988794E-01     0.2221963636         0.8710376867         0.2265452896E-01     0.2337976855E-01     0.1647805897         0.3292167831         0.6925428967E-01
    0.2222750711         0.5815504097E-01

                         STEP LENGTH (VM)
    0.2003541305         0.3084890217E-01     0.5867168060E-01     0.3054295444E-01     0.1728991493E-01     0.7153447920E-01     0.4786942444E-01     0.3141751653         0.1057808858E-01     0.2200311452E-01
    0.4289057492E-01     0.1495785982E-01     0.4694751308E-01     0.2750378038         0.4434309404E-01     0.8699448680E-02     0.9918777320E-01     0.2002351678         0.3601331850E-01     0.9511404692E-01
    0.1526819901         0.9317159748E-03     0.3928702354E-01     0.6376323696E-01     0.2171265838         0.1375840651E-01     0.1232634862         0.2260938975         0.2451773147         0.2671293496E-03
    0.5296558544E-01     0.1513402667         0.1581477276E-01     0.9495861940E-01     0.3173817412         0.8975279172E-02     0.8681749948E-02     0.8228067860E-01     0.1338005999         0.2898979156E-01
    0.1077960083         0.2825292608E-01
 

 INTERMEDIATE RESULTS BEFORE NEXT TEMPERATURE REDUCTION

  CURRENT TEMPERATURE:             0.66817E-01
  MIN FUNCTION VALUE SO FAR:   0.190752167743511690E-01
  TOTAL MOVES:                     840
     DOWNHILL:                     598
     ACCEPTED UPHILL:              187
     REJECTED UPHILL:               55
  TRIALS OUT OF BOUNDS:            396
  NEW MINIMA THIS TEMPERATURE:       0

                         CURRENT OPTIMAL X
    0.9973887423         0.6649839400E-01     0.1258541914         0.8540569770E-01     0.4254991634E-01     0.1665907333         0.1163789477         0.7956697474         0.2583635775E-01     0.1195751007    
    0.1012693232         0.3435430240E-01     0.1136546350         0.7572178832         0.9987231381         0.2348361177E-01     0.2212592019         0.9327652691         0.8146909720E-01     0.2121585300    
    0.3864292557         0.2131488966E-02     0.1134992227         0.1674244271         0.6204486644         0.3199216567E-01     0.2815556209         0.8356748150         0.8655548770         0.7118823036E-03
    0.1093480717         0.3240500957         0.4528988794E-01     0.2221963636         0.8710376867         0.2265452896E-01     0.2337976855E-01     0.1647805897         0.3292167831         0.6925428967E-01
    0.2222750711         0.5815504097E-01

                         STEP LENGTH (VM)
    0.2003541305         0.3084890217E-01     0.5867168060E-01     0.3054295444E-01     0.1728991493E-01     0.7153447920E-01     0.4786942444E-01     0.3141751653         0.1057808858E-01     0.2200311452E-01
    0.4289057492E-01     0.1495785982E-01     0.4694751308E-01     0.2750378038         0.3019103970E-01     0.8699448680E-02     0.9918777320E-01     0.2002351678         0.3601331850E-01     0.9511404692E-01
    0.1526819901         0.9317159748E-03     0.3928702354E-01     0.6376323696E-01     0.2171265838         0.1375840651E-01     0.1232634862         0.2260938975         0.2451773147         0.2671293496E-03
    0.5296558544E-01     0.1513402667         0.1581477276E-01     0.9495861940E-01     0.3173817412         0.8975279172E-02     0.8681749948E-02     0.8228067860E-01     0.1338005999         0.2898979156E-01
    0.1077960083         0.2825292608E-01
 

 INTERMEDIATE RESULTS BEFORE NEXT TEMPERATURE REDUCTION

  CURRENT TEMPERATURE:             0.50113E-01
  MIN FUNCTION VALUE SO FAR:   0.182303136039016003E-01
  TOTAL MOVES:                     840
     DOWNHILL:                     598
     ACCEPTED UPHILL:              165
     REJECTED UPHILL:               77
  TRIALS OUT OF BOUNDS:            410
  NEW MINIMA THIS TEMPERATURE:       0

                         CURRENT OPTIMAL X
    0.9973887423         0.6802801428E-01     0.1270799266         0.6537723978E-01     0.3751026319E-01     0.2005147163         0.1389116234         0.7956697474         0.2525831682E-01     0.1195751007    
    0.1012693232         0.3435430240E-01     0.1136546350         0.7572178832         0.9987231381         0.2348361177E-01     0.2212592019         0.9327652691         0.8146909720E-01     0.2121585300    
    0.3864292557         0.2131488966E-02     0.1134992227         0.1674244271         0.6204486644         0.3199216567E-01     0.2815556209         0.8356748150         0.8655548770         0.7118823036E-03
    0.1093480717         0.3240500957         0.4528988794E-01     0.2221963636         0.8710376867         0.2265452896E-01     0.2337976855E-01     0.1647805897         0.3292167831         0.6925428967E-01
    0.2222750711         0.5815504097E-01

                         STEP LENGTH (VM)
    0.2003541305         0.3084890217E-01     0.5867168060E-01     0.3054295444E-01     0.1728991493E-01     0.7153447920E-01     0.4786942444E-01     0.1795286640         0.1057808858E-01     0.2200311452E-01
    0.4289057492E-01     0.1495785982E-01     0.4694751308E-01     0.2750378038         0.2683647906E-01     0.8699448680E-02     0.9918777320E-01     0.2002351678         0.3601331850E-01     0.9511404692E-01
    0.1526819901         0.9317159748E-03     0.3928702354E-01     0.6376323696E-01     0.2171265838         0.1375840651E-01     0.1232634862         0.2260938975         0.2159894904         0.2671293496E-03
    0.5296558544E-01     0.1513402667         0.1581477276E-01     0.9495861940E-01     0.3173817412         0.8975279172E-02     0.8681749948E-02     0.8228067860E-01     0.1338005999         0.2898979156E-01
    0.1077960083         0.2825292608E-01
 

 INTERMEDIATE RESULTS BEFORE NEXT TEMPERATURE REDUCTION

  CURRENT TEMPERATURE:             0.37585E-01
  MIN FUNCTION VALUE SO FAR:   0.177341601969417707E-01
  TOTAL MOVES:                     840
     DOWNHILL:                     588
     ACCEPTED UPHILL:              156
     REJECTED UPHILL:               96
  TRIALS OUT OF BOUNDS:            414
  NEW MINIMA THIS TEMPERATURE:       0

                         CURRENT OPTIMAL X
    0.9973887423         0.9024433274E-01     0.1350660827         0.8531382425E-01     0.4622155569E-01     0.1570452948         0.1248120267         0.8927326490         0.3061292714E-01     0.1134504303    
    0.8748013620E-01     0.3409516218E-01     0.1191467741         0.7755912933         0.9984575760         0.1996178873E-01     0.2849088206         0.8090529652         0.1079014229         0.2490618856    
    0.4182980825         0.1871495240E-02     0.9663035261E-01     0.1684696792         0.6342104197         0.2859963167E-01     0.3509121829         0.8736593810         0.9417701846         0.7281678926E-03
    0.1165492655         0.4285967385         0.3295936725E-01     0.2696453811         0.9216238674         0.2063586075E-01     0.2128368981E-01     0.2168230104         0.3637218762         0.7379366419E-01
    0.3140191323         0.8423457423E-01

                         STEP LENGTH (VM)
    0.2003541305         0.3084890217E-01     0.5867168060E-01     0.3054295444E-01     0.1728991493E-01     0.7153447920E-01     0.4786942444E-01     0.1059982953         0.1057808858E-01     0.2200311452E-01
    0.4289057492E-01     0.1495785982E-01     0.4694751308E-01     0.2750378038         0.1740744200E-01     0.8699448680E-02     0.9918777320E-01     0.2002351678         0.3601331850E-01     0.9511404692E-01
    0.1526819901         0.9317159748E-03     0.3928702354E-01     0.6376323696E-01     0.2171265838         0.1375840651E-01     0.1232634862         0.2260938975         0.1919906534         0.2671293496E-03
    0.5296558544E-01     0.1513402667         0.1581477276E-01     0.9495861940E-01     0.3173817412         0.8975279172E-02     0.8681749948E-02     0.8228067860E-01     0.1338005999         0.2898979156E-01
    0.1077960083         0.2825292608E-01
 

 INTERMEDIATE RESULTS BEFORE NEXT TEMPERATURE REDUCTION

  CURRENT TEMPERATURE:             0.28189E-01
  MIN FUNCTION VALUE SO FAR:   0.177101767212252161E-01
  TOTAL MOVES:                     840
     DOWNHILL:                     598
     ACCEPTED UPHILL:              166
     REJECTED UPHILL:               76
  TRIALS OUT OF BOUNDS:            409
  NEW MINIMA THIS TEMPERATURE:       0

                         CURRENT OPTIMAL X
    0.9973887423         0.7215880323E-01     0.1365569509         0.6500650002E-01     0.3891635615E-01     0.1739943734         0.1260790536         0.9354143283         0.2430656717E-01     0.1015092051    
    0.1007135936         0.3985237249E-01     0.1143568238         0.6153157119         0.9984575760         0.2570543179E-01     0.2334837705         0.8099671224         0.9342725612E-01     0.1958142104    
    0.3943606995         0.2754598503E-02     0.1057679606         0.1322680649         0.5091011485         0.4062997931E-01     0.3596580690         0.9119062217         0.9417701846         0.6533031056E-03
    0.1439842015         0.4045753954         0.4129214264E-01     0.2565799463         0.8367693750         0.2593194661E-01     0.2586631454E-01     0.2158331979         0.2727499484         0.6036409195E-01
    0.2242760854         0.7658846122E-01

                         STEP LENGTH (VM)
    0.2003541305         0.3084890217E-01     0.5867168060E-01     0.3054295444E-01     0.1728991493E-01     0.7153447920E-01     0.4786942444E-01     0.6875564096E-01     0.1057808858E-01     0.2200311452E-01
    0.4289057492E-01     0.1495785982E-01     0.4694751308E-01     0.2750378038         0.8888906485E-02     0.8699448680E-02     0.9918777320E-01     0.2002351678         0.3601331850E-01     0.9511404692E-01
    0.1526819901         0.9317159748E-03     0.3928702354E-01     0.6376323696E-01     0.2171265838         0.1375840651E-01     0.1232634862         0.2260938975         0.8228169699E-01     0.2671293496E-03
    0.5296558544E-01     0.1513402667         0.1581477276E-01     0.9495861940E-01     0.3173817412         0.8975279172E-02     0.8681749948E-02     0.8228067860E-01     0.1338005999         0.2898979156E-01
    0.1077960083         0.2825292608E-01
 

 INTERMEDIATE RESULTS BEFORE NEXT TEMPERATURE REDUCTION

  CURRENT TEMPERATURE:             0.21141E-01
  MIN FUNCTION VALUE SO FAR:   0.177019914052310226E-01
  TOTAL MOVES:                     840
     DOWNHILL:                     593
     ACCEPTED UPHILL:              138
     REJECTED UPHILL:              109
  TRIALS OUT OF BOUNDS:            394
  NEW MINIMA THIS TEMPERATURE:       0

                         CURRENT OPTIMAL X
    0.9973887423         0.6475837614E-01     0.1365569509         0.6500650002E-01     0.3891635615E-01     0.1739943734         0.1260790536         0.9354143283         0.2430656717E-01     0.1015092051    
    0.1007135936         0.3985237249E-01     0.1143568238         0.6153157119         0.9984575760         0.2570543179E-01     0.2334837705         0.8099671224         0.9342725612E-01     0.1958142104    
    0.3943606995         0.2754598503E-02     0.1057679606         0.1322680649         0.5091011485         0.4062997931E-01     0.3596580690         0.9119062217         0.9417701846         0.6533031056E-03
    0.1439842015         0.4045753954         0.4129214264E-01     0.2565799463         0.8367693750         0.2593194661E-01     0.2586631454E-01     0.2158331979         0.2727499484         0.6036409195E-01
    0.2242760854         0.7658846122E-01

                         STEP LENGTH (VM)
    0.2003541305         0.3084890217E-01     0.5867168060E-01     0.3054295444E-01     0.1728991493E-01     0.7153447920E-01     0.4786942444E-01     0.3949791302E-01     0.1057808858E-01     0.2200311452E-01
    0.4289057492E-01     0.1495785982E-01     0.4694751308E-01     0.2750378038         0.8888905626E-02     0.8699448680E-02     0.9918777320E-01     0.2002351678         0.3601331850E-01     0.9511404692E-01
    0.1526819901         0.9317159748E-03     0.3928702354E-01     0.6376323696E-01     0.2171265838         0.1375840651E-01     0.1232634862         0.2260938975         0.4701811206E-01     0.2671293496E-03
    0.5296558544E-01     0.1513402667         0.1581477276E-01     0.9495861940E-01     0.3173817412         0.8975279172E-02     0.8681749948E-02     0.8228067860E-01     0.1338005999         0.2898979156E-01
    0.1077960083         0.2825292608E-01
 

 INTERMEDIATE RESULTS BEFORE NEXT TEMPERATURE REDUCTION

  CURRENT TEMPERATURE:             0.15856E-01
  MIN FUNCTION VALUE SO FAR:   0.155961858450977889E-01
  TOTAL MOVES:                     840
     DOWNHILL:                     559
     ACCEPTED UPHILL:              162
     REJECTED UPHILL:              119
  TRIALS OUT OF BOUNDS:            408
  NEW MINIMA THIS TEMPERATURE:       0

                         CURRENT OPTIMAL X
    0.9984427106         0.7554231808E-01     0.1694311932         0.7210471540E-01     0.4217608922E-01     0.1712985684         0.9809422421E-01     0.8926177483         0.3034217330E-01     0.1017899907    
    0.1222430096         0.4310023954E-01     0.1266870627         0.5787384828         0.9999770957         0.2524132163E-01     0.2942755861         0.9963912900         0.8124968002E-01     0.2176381330    
    0.4160920077         0.2723684669E-02     0.8893956424E-01     0.1711759124         0.6319470366         0.3886296244E-01     0.2814568982         0.9000719885         0.9314311917         0.7046713848E-03
    0.1525625112         0.4327420210         0.4509861809E-01     0.2327768205         0.9364290989         0.2036600828E-01     0.2569510717E-01     0.2300325749         0.2833797935         0.6458867459E-01
    0.2187878184         0.6433831387E-01

                         STEP LENGTH (VM)
    0.1426348870         0.3084890217E-01     0.5867168060E-01     0.3054295444E-01     0.1728991493E-01     0.7153447920E-01     0.4786942444E-01     0.4681233584E-01     0.1057808858E-01     0.2200311452E-01
    0.4289057492E-01     0.1495785982E-01     0.4694751308E-01     0.2750378038         0.4102571804E-02     0.8699448680E-02     0.9918777320E-01     0.2002351678         0.3601331850E-01     0.9511404692E-01
    0.1526819901         0.9317159748E-03     0.3928702354E-01     0.6376323696E-01     0.2171265838         0.1375840651E-01     0.1232634862         0.2260938975         0.1715525622E-01     0.2671293496E-03
    0.5296558544E-01     0.1513402667         0.1581477276E-01     0.9495861940E-01     0.3173817412         0.8975279172E-02     0.8681749948E-02     0.8228067860E-01     0.1338005999         0.2898979156E-01
    0.1077960083         0.2825292608E-01
 

 INTERMEDIATE RESULTS BEFORE NEXT TEMPERATURE REDUCTION

  CURRENT TEMPERATURE:             0.11892E-01
  MIN FUNCTION VALUE SO FAR:   0.155960552674618853E-01
  TOTAL MOVES:                     840
     DOWNHILL:                     548
     ACCEPTED UPHILL:              137
     REJECTED UPHILL:              155
  TRIALS OUT OF BOUNDS:            384
  NEW MINIMA THIS TEMPERATURE:       1

                         CURRENT OPTIMAL X
    0.9984427106         0.9109998204E-01     0.1694311932         0.7210471540E-01     0.4217608922E-01     0.1712985684         0.9809422421E-01     0.8926177483         0.3034217330E-01     0.1017899907    
    0.1222430096         0.4310023954E-01     0.1266870627         0.5787384828         0.9999770957         0.2524132163E-01     0.2942755861         0.9963912900         0.8124968002E-01     0.2176381330    
    0.4160920077         0.2723684669E-02     0.8893956424E-01     0.1711759124         0.6319470366         0.3886296244E-01     0.2814568982         0.9000719885         0.9314311917         0.7046713848E-03
    0.1525625112         0.4327420210         0.4509861809E-01     0.2327768205         0.9364290989         0.2036600828E-01     0.2569510717E-01     0.2300325749         0.2833797935         0.6458867459E-01
    0.2187878184         0.6433831387E-01

                         STEP LENGTH (VM)
    0.9508992050E-01     0.3084890217E-01     0.5867168060E-01     0.3054295444E-01     0.1728991493E-01     0.7153447920E-01     0.4786942444E-01     0.3120822253E-01     0.6044621183E-02     0.2200311452E-01
    0.4289057492E-01     0.1495785982E-01     0.4694751308E-01     0.2750378038         0.1995845677E-02     0.8699448680E-02     0.9918777320E-01     0.2002351678         0.3601331850E-01     0.9511404692E-01
    0.1526819901         0.9317159748E-03     0.3928702354E-01     0.6376323696E-01     0.2171265838         0.1375840651E-01     0.1232634862         0.2260938975         0.1524911626E-01     0.2671293496E-03
    0.3435605494E-01     0.1513402667         0.1581477276E-01     0.9495861940E-01     0.3173817412         0.8975279172E-02     0.8681749948E-02     0.8228067860E-01     0.1338005999         0.2898979156E-01
    0.1077960083         0.2825292608E-01
 

 INTERMEDIATE RESULTS BEFORE NEXT TEMPERATURE REDUCTION

  CURRENT TEMPERATURE:             0.89190E-02
  MIN FUNCTION VALUE SO FAR:   0.155960552648706681E-01
  TOTAL MOVES:                     840
     DOWNHILL:                     561
     ACCEPTED UPHILL:              136
     REJECTED UPHILL:              143
  TRIALS OUT OF BOUNDS:            342
  NEW MINIMA THIS TEMPERATURE:       0

                         CURRENT OPTIMAL X
    0.9984427106         0.8531438970E-01     0.1282157757         0.7304450584E-01     0.4217608922E-01     0.1712985684         0.9809422421E-01     0.8926177483         0.3034217330E-01     0.1017899907    
    0.1222430096         0.4310023954E-01     0.1266870627         0.5787384828         0.9999770957         0.2524132163E-01     0.2942755861         0.9963912900         0.8124968002E-01     0.2176381330    
    0.4160920077         0.2723684669E-02     0.8893956424E-01     0.1711759124         0.6319470366         0.3886296244E-01     0.2814568982         0.9000719885         0.9314311917         0.7046713848E-03
    0.1525625112         0.4327420210         0.4509861809E-01     0.2327768205         0.9364290989         0.2036600828E-01     0.2569510717E-01     0.2300325749         0.2833797935         0.6458867459E-01
    0.2187878184         0.6433831387E-01

                         STEP LENGTH (VM)
    0.4316137727E-01     0.3084890217E-01     0.5867168060E-01     0.3054295444E-01     0.1728991493E-01     0.7153447920E-01     0.4786942444E-01     0.1146424353E-01     0.6044621984E-02     0.2200311452E-01
    0.4289057492E-01     0.1495785982E-01     0.4694751308E-01     0.2750378038         0.1401746105E-02     0.8699448680E-02     0.9918777320E-01     0.2002351678         0.3601331850E-01     0.9511404692E-01
    0.1526819901         0.9317159748E-03     0.3928702354E-01     0.6376323696E-01     0.2171265838         0.1375840651E-01     0.1232634862         0.2260938975         0.7786782712E-02     0.2671293496E-03
    0.1285840616E-01     0.1513402667         0.1581477276E-01     0.9495861940E-01     0.3173817412         0.5128730222E-02     0.8681749948E-02     0.8228067860E-01     0.1338005999         0.2898979156E-01
    0.1077960083         0.2825292608E-01
 

 INTERMEDIATE RESULTS BEFORE NEXT TEMPERATURE REDUCTION

  CURRENT TEMPERATURE:             0.66893E-02
  MIN FUNCTION VALUE SO FAR:   0.155302887058449204E-01
  TOTAL MOVES:                     840
     DOWNHILL:                     564
     ACCEPTED UPHILL:              118
     REJECTED UPHILL:              158
  TRIALS OUT OF BOUNDS:            386
  NEW MINIMA THIS TEMPERATURE:       0

                         CURRENT OPTIMAL X
    0.9984427106         0.8116335074E-01     0.1742387644         0.6315137940E-01     0.4521977276E-01     0.2083156988         0.1186520726         0.8926177483         0.2674647337E-01     0.1186689885    
    0.1197771951         0.3566806382E-01     0.1404413204         0.7052355715         0.9999770957         0.2380019669E-01     0.2958270563         0.9268330997         0.7450170131E-01     0.2459158775    
    0.3465860032         0.1884513383E-02     0.7969205140E-01     0.1389516788         0.4683877657         0.3554595150E-01     0.3590913009         0.9945043867         0.9326271671         0.6794654272E-03
    0.1525625112         0.4366098034         0.4275849170E-01     0.2350518983         0.6921945174         0.2036600828E-01     0.2569510717E-01     0.2300325749         0.3515831671         0.6440341844E-01
    0.2157679949         0.7600045866E-01

                         STEP LENGTH (VM)
    0.2799656626E-01     0.3084890217E-01     0.5867168060E-01     0.3054295444E-01     0.1728991493E-01     0.7153447920E-01     0.4786942444E-01     0.1109537907E-01     0.5372997185E-02     0.2200311452E-01
    0.4289057492E-01     0.1495785982E-01     0.4694751308E-01     0.2750378038         0.1079581817E-03     0.8699448680E-02     0.9918777320E-01     0.2002351678         0.3601331850E-01     0.9511404692E-01
    0.1526819901         0.9317159748E-03     0.3928702354E-01     0.6376323696E-01     0.2171265838         0.1375840651E-01     0.1232634862         0.2260938975         0.6859784130E-02     0.2671293496E-03
    0.1342535245E-01     0.1513402667         0.1581477276E-01     0.9495861940E-01     0.3173817412         0.3846547594E-02     0.8681749948E-02     0.8228067860E-01     0.1338005999         0.2898979156E-01
    0.1077960083         0.2825292608E-01
 

 INTERMEDIATE RESULTS BEFORE NEXT TEMPERATURE REDUCTION

  CURRENT TEMPERATURE:             0.50170E-02
  MIN FUNCTION VALUE SO FAR:   0.152654984300561233E-01
  TOTAL MOVES:                     840
     DOWNHILL:                     522
     ACCEPTED UPHILL:               93
     REJECTED UPHILL:              225
  TRIALS OUT OF BOUNDS:            343
  NEW MINIMA THIS TEMPERATURE:       1

                         CURRENT OPTIMAL X
    0.9929928771         0.7242493663E-01     0.1500803981         0.6133285088E-01     0.4749106555E-01     0.1848443219         0.1087181437         0.8837583084         0.2674647337E-01     0.1186689885    
    0.1088336282         0.3910693645E-01     0.1267023078         0.5539627433         0.9999770957         0.2136857160E-01     0.2337154520         0.9935864464         0.9587164823E-01     0.2268238818    
    0.3365731713         0.1910438267E-02     0.1178093169         0.1802691315         0.6228852471         0.3863033544E-01     0.3091007504         0.9814248001         0.9354271896         0.5430448122E-03
    0.1410199616         0.4263300554         0.4178380352E-01     0.2782700394         0.8534054539         0.2414680155E-01     0.2305818881E-01     0.1743234709         0.3114238053         0.6748512303E-01
    0.2220679695         0.7128268996E-01

                         STEP LENGTH (VM)
    0.4973073972E-02     0.3084890217E-01     0.5867168060E-01     0.3054295444E-01     0.1728991493E-01     0.7153447920E-01     0.4786942444E-01     0.2002173600E-02     0.8580551112E-03     0.5712346793E-02
    0.3216793059E-01     0.1495785982E-01     0.4694751308E-01     0.2750378038         0.7002692767E-04     0.5642885551E-02     0.5064907528E-01     0.1186578691         0.3601331850E-01     0.9511404692E-01
    0.1526819901         0.9317159748E-03     0.3928702354E-01     0.6376323696E-01     0.2171265838         0.1375840651E-01     0.1232634862         0.2260938975         0.1206115819E-02     0.2671293496E-03
    0.6819225738E-02     0.7756377540E-01     0.1581477276E-01     0.9495861940E-01     0.3173817412         0.8493813568E-03     0.3940652330E-02     0.8228067860E-01     0.7526283465E-01     0.2898979156E-01
    0.1077960083         0.2825292608E-01
 

 INTERMEDIATE RESULTS BEFORE NEXT TEMPERATURE REDUCTION

  CURRENT TEMPERATURE:             0.37627E-02
  MIN FUNCTION VALUE SO FAR:   0.143594451908778762E-01
  TOTAL MOVES:                     840
     DOWNHILL:                     617
     ACCEPTED UPHILL:              145
     REJECTED UPHILL:               78
  TRIALS OUT OF BOUNDS:            355
  NEW MINIMA THIS TEMPERATURE:       7

                         CURRENT OPTIMAL X
    0.9996694546         0.7822561581E-01     0.1274668638         0.7778954769E-01     0.3578896028E-01     0.1644118698         0.1421087701         0.8958781187         0.2309926602E-01     0.1065356805    
    0.9837934305E-01     0.3065838471E-01     0.1012225692         0.6595563591         0.9998592900         0.2545892431E-01     0.2886982627         0.9313833814         0.1023036446         0.2562678455    
    0.3794192705         0.1885308472E-02     0.1149356898         0.1802337518         0.5729232088         0.2974259635E-01     0.2950261840         0.8482528157         0.9280452620         0.7434917519E-03
    0.1581500765         0.3290623645         0.3347738701E-01     0.2791524860         0.9442848817         0.2411357941E-01     0.2184695772E-01     0.2054695755         0.3866132396         0.7829652417E-01
    0.2974778014         0.7388464705E-01

                         STEP LENGTH (VM)
    0.1968763745E-01     0.3084890217E-01     0.5867168060E-01     0.3054295444E-01     0.1728991493E-01     0.7153447920E-01     0.4786942444E-01     0.6861614795E-02     0.1809615791E-02     0.8434635369E-02
    0.4289057492E-01     0.1495785982E-01     0.4694751308E-01     0.2750378038         0.3982780164E-03     0.8699448680E-02     0.9918777320E-01     0.2002351678         0.3601331850E-01     0.9511404692E-01
    0.1526819901         0.9317159748E-03     0.3928702354E-01     0.6376323696E-01     0.2171265838         0.1375840651E-01     0.1232634862         0.2260938975         0.4065056359E-02     0.2671293496E-03
    0.1079710631E-01     0.1513402667         0.1581477276E-01     0.9495861940E-01     0.3173817412         0.3305416175E-03     0.8681749948E-02     0.8228067860E-01     0.1338005999         0.2898979156E-01
    0.1077960083         0.2825292608E-01
 

 INTERMEDIATE RESULTS BEFORE NEXT TEMPERATURE REDUCTION

  CURRENT TEMPERATURE:             0.28220E-02
  MIN FUNCTION VALUE SO FAR:   0.141907974527177988E-01
  TOTAL MOVES:                     840
     DOWNHILL:                     626
     ACCEPTED UPHILL:              132
     REJECTED UPHILL:               82
  TRIALS OUT OF BOUNDS:            359
  NEW MINIMA THIS TEMPERATURE:       0

                         CURRENT OPTIMAL X
    0.9996694546         0.8947203893E-01     0.1219183575         0.7991635637E-01     0.3877245813E-01     0.1563070498         0.1131339806         0.8958781187         0.2309926602E-01     0.1065356805    
    0.8942212342E-01     0.3066585329E-01     0.1329294457         0.7984545799         0.9998592900         0.2608296392E-01     0.2886982627         0.9600504654         0.1029681576         0.2785679671    
    0.3591900637         0.2194031310E-02     0.1078533706         0.1476711825         0.5647278697         0.3968466668E-01     0.3278668070         0.9208619152         0.9280452620         0.5368128827E-03
    0.1581500765         0.3237912952         0.3347738701E-01     0.2791524860         0.9442848817         0.2411357941E-01     0.2184695772E-01     0.2054695755         0.3866132396         0.7829652417E-01
    0.2974778014         0.7388464705E-01

                         STEP LENGTH (VM)
    0.5943888258E-01     0.3084890217E-01     0.5867168060E-01     0.3054295444E-01     0.1728991493E-01     0.7153447920E-01     0.4786942444E-01     0.6861613886E-02     0.2092368047E-02     0.8434635369E-02
    0.4289057492E-01     0.1495785982E-01     0.4694751308E-01     0.2750378038         0.7799610622E-03     0.8699448680E-02     0.9918777320E-01     0.2002351678         0.3601331850E-01     0.9511404692E-01
    0.1526819901         0.9317159748E-03     0.3928702354E-01     0.6376323696E-01     0.2171265838         0.1375840651E-01     0.1232634862         0.2260938975         0.3337190773E-02     0.2671293496E-03
    0.1439614041E-01     0.1513402667         0.1581477276E-01     0.9495861940E-01     0.3173817412         0.2091708370E-03     0.8681749948E-02     0.8228067860E-01     0.1338005999         0.2898979156E-01
    0.1077960083         0.2825292608E-01
 

 INTERMEDIATE RESULTS BEFORE NEXT TEMPERATURE REDUCTION

  CURRENT TEMPERATURE:             0.21165E-02
  MIN FUNCTION VALUE SO FAR:   0.140655408198458384E-01
  TOTAL MOVES:                     840
     DOWNHILL:                     617
     ACCEPTED UPHILL:              125
     REJECTED UPHILL:               98
  TRIALS OUT OF BOUNDS:            393
  NEW MINIMA THIS TEMPERATURE:       1

                         CURRENT OPTIMAL X
    0.9996694546         0.7326546232E-01     0.1242302234         0.6626261541E-01     0.4843274420E-01     0.1647770248         0.1008156560         0.8976752281         0.2309926602E-01     0.1065356805    
    0.1038433765         0.4109139817E-01     0.1349520272         0.8018555490         0.9998592900         0.2375370758E-01     0.2602978054         0.9962047588         0.9862387866E-01     0.2651623599    
    0.3123108894         0.2433771067E-02     0.8911154491E-01     0.1542825397         0.4888813032         0.4070148734E-01     0.2801468410         0.9876574158         0.9301130432         0.6708358289E-03
    0.1581500765         0.3237912952         0.4552001881E-01     0.2669721977         0.8656917924         0.2413832496E-01     0.1793009982E-01     0.2292781693         0.3338205347         0.6487066524E-01
    0.2664291856         0.7996841038E-01

                         STEP LENGTH (VM)
    0.2167571666E-01     0.3084890217E-01     0.5867168060E-01     0.3054295444E-01     0.1728991493E-01     0.7153447920E-01     0.4786942444E-01     0.7719314791E-02     0.1843276235E-02     0.9488963047E-02
    0.4289057492E-01     0.1495785982E-01     0.4694751308E-01     0.2750378038         0.1183651616E-02     0.8699448680E-02     0.9918777320E-01     0.2002351678         0.3601331850E-01     0.9511404692E-01
    0.1526819901         0.9317159748E-03     0.3928702354E-01     0.6376323696E-01     0.2171265838         0.1375840651E-01     0.1232634862         0.2260938975         0.3337190331E-02     0.2671293496E-03
    0.8097828680E-02     0.1513402667         0.1581477276E-01     0.9495861940E-01     0.3173817412         0.2866414866E-03     0.8681749948E-02     0.8228067860E-01     0.1338005999         0.2898979156E-01
    0.1077960083         0.2825292608E-01
 

 INTERMEDIATE RESULTS BEFORE NEXT TEMPERATURE REDUCTION

  CURRENT TEMPERATURE:             0.15874E-02
  MIN FUNCTION VALUE SO FAR:   0.140619268968559669E-01
  TOTAL MOVES:                     840
     DOWNHILL:                     599
     ACCEPTED UPHILL:              124
     REJECTED UPHILL:              117
  TRIALS OUT OF BOUNDS:            326
  NEW MINIMA THIS TEMPERATURE:       2

                         CURRENT OPTIMAL X
    0.9996694546         0.8163857805E-01     0.1205163962         0.6958447440E-01     0.3512195452E-01     0.1924917099         0.1395181851         0.8976752281         0.2309926602E-01     0.1065356805    
    0.1038433765         0.3730464053E-01     0.1214820057         0.6806917840         0.9998592900         0.2580010662E-01     0.2602978054         0.9962047588         0.9862387866E-01     0.2651623599    
    0.3123108894         0.2433771067E-02     0.8911154491E-01     0.1542825397         0.4888813032         0.4070148734E-01     0.2801468410         0.9876574158         0.9301130432         0.6708358289E-03
    0.1581500765         0.3237912952         0.4552001881E-01     0.2669721977         0.8656917924         0.2413832496E-01     0.1793009982E-01     0.2292781693         0.3338205347         0.6487066524E-01
    0.2664291856         0.7996841038E-01

                         STEP LENGTH (VM)
    0.1828888237E-01     0.3084890217E-01     0.5867168060E-01     0.3054295444E-01     0.1728991493E-01     0.7153447920E-01     0.4786942444E-01     0.2310979850E-02     0.8967289497E-03     0.2483342269E-02
    0.4289057492E-01     0.1495785982E-01     0.4694751308E-01     0.2750378038         0.6799699989E-03     0.8699448680E-02     0.9918777320E-01     0.2002351678         0.3601331850E-01     0.9511404692E-01
    0.1526819901         0.9317159748E-03     0.3928702354E-01     0.6376323696E-01     0.2171265838         0.1375840651E-01     0.1232634862         0.2260938975         0.2739652245E-02     0.2671293496E-03
    0.8097827607E-02     0.9816665811E-01     0.1581477276E-01     0.9495861940E-01     0.3173817412         0.3397232033E-03     0.8681749948E-02     0.8228067860E-01     0.1338005999         0.2898979156E-01
    0.1077960083         0.2825292608E-01
 

 INTERMEDIATE RESULTS BEFORE NEXT TEMPERATURE REDUCTION

  CURRENT TEMPERATURE:             0.11905E-02
  MIN FUNCTION VALUE SO FAR:   0.140593155107331166E-01
  TOTAL MOVES:                     840
     DOWNHILL:                     610
     ACCEPTED UPHILL:              125
     REJECTED UPHILL:              105
  TRIALS OUT OF BOUNDS:            323
  NEW MINIMA THIS TEMPERATURE:       0

                         CURRENT OPTIMAL X
    0.9996694546         0.6837123125E-01     0.1311316616         0.6958447440E-01     0.3512195452E-01     0.1924917099         0.1395181851         0.8976752281         0.2309926602E-01     0.1065356805    
    0.1038433765         0.3730464053E-01     0.1214820057         0.6806917840         0.9998592900         0.2580010662E-01     0.2602978054         0.9962047588         0.9862387866E-01     0.2651623599    
    0.3123108894         0.2433771067E-02     0.8911154491E-01     0.1542825397         0.4888813032         0.4070148734E-01     0.2801468410         0.9876574158         0.9301130432         0.6708358289E-03
    0.1581500765         0.3237912952         0.4552001881E-01     0.2669721977         0.8656917924         0.2413832496E-01     0.1793009982E-01     0.2292781693         0.3338205347         0.6487066524E-01
    0.2664291856         0.7996841038E-01

                         STEP LENGTH (VM)
    0.1919683754E-01     0.3084890217E-01     0.5867168060E-01     0.3054295444E-01     0.1728991493E-01     0.7153447920E-01     0.4786942444E-01     0.3081306180E-02     0.5432107524E-03     0.4307045929E-02
    0.4289057492E-01     0.1495785982E-01     0.4694751308E-01     0.2750378038         0.5372602194E-03     0.8699448680E-02     0.9918777320E-01     0.2002351678         0.3601331850E-01     0.9511404692E-01
    0.1526819901         0.9317159748E-03     0.3928702354E-01     0.6376323696E-01     0.2171265838         0.1375840651E-01     0.1232634862         0.2260938975         0.1588021389E-02     0.2671293496E-03
    0.8950228015E-02     0.7362499221E-01     0.1581477276E-01     0.9495861940E-01     0.3173817412         0.3821885626E-03     0.8681749948E-02     0.8228067860E-01     0.1338005999         0.2898979156E-01
    0.1077960083         0.2825292608E-01
 

 INTERMEDIATE RESULTS BEFORE NEXT TEMPERATURE REDUCTION

  CURRENT TEMPERATURE:             0.89291E-03
  MIN FUNCTION VALUE SO FAR:   0.140445733053719476E-01
  TOTAL MOVES:                     840
     DOWNHILL:                     593
     ACCEPTED UPHILL:              128
     REJECTED UPHILL:              119
  TRIALS OUT OF BOUNDS:            328
  NEW MINIMA THIS TEMPERATURE:       0

                         CURRENT OPTIMAL X
    0.9996694546         0.6994363896E-01     0.1296350232         0.8562153095E-01     0.4045376194E-01     0.1738824106         0.1390676071         0.8976752281         0.2264214081E-01     0.1088491795    
    0.1226802159         0.3728169361E-01     0.9512625130E-01     0.7906652922         0.9999841581         0.2379894548E-01     0.2821389238         0.9947573482         0.7528038351E-01     0.2391360799    
    0.3386864569         0.2549070670E-02     0.7966352963E-01     0.1887210322         0.5556023938         0.2782545757E-01     0.3123328174         0.9729133915         0.9300730792         0.7999898293E-03
    0.1582494128         0.3803315165         0.4209324667E-01     0.2370916796         0.9448294954         0.2432506104E-01     0.2243728997E-01     0.2133754174         0.3227761659         0.8505999029E-01
    0.2205035050         0.6166060348E-01

                         STEP LENGTH (VM)
    0.7378963973E-02     0.3084890217E-01     0.5867168060E-01     0.3054295444E-01     0.1728991493E-01     0.7153447920E-01     0.4786942444E-01     0.1770111856E-02     0.4710655179E-03     0.3230284386E-02
    0.4289057492E-01     0.1495785982E-01     0.4694751308E-01     0.2750378038         0.2704574973E-03     0.8699448680E-02     0.9918777320E-01     0.2002351678         0.3601331850E-01     0.9511404692E-01
    0.1526819901         0.9317159748E-03     0.3928702354E-01     0.6376323696E-01     0.2171265838         0.1375840651E-01     0.1232634862         0.2260938975         0.1588021389E-02     0.2671293496E-03
    0.4647232635E-02     0.4229520340E-01     0.1581477276E-01     0.9495861940E-01     0.3173817412         0.3019760932E-03     0.8681749948E-02     0.8228067860E-01     0.1338005999         0.2898979156E-01
    0.1077960083         0.2825292608E-01
 

 INTERMEDIATE RESULTS BEFORE NEXT TEMPERATURE REDUCTION

  CURRENT TEMPERATURE:             0.66968E-03
  MIN FUNCTION VALUE SO FAR:   0.140435796096499057E-01
  TOTAL MOVES:                     840
     DOWNHILL:                     588
     ACCEPTED UPHILL:              118
     REJECTED UPHILL:              134
  TRIALS OUT OF BOUNDS:            356
  NEW MINIMA THIS TEMPERATURE:       0

                         CURRENT OPTIMAL X
    0.9996694546         0.6994363896E-01     0.1513927566         0.8562153095E-01     0.4045376194E-01     0.1738824106         0.1390676071         0.8976752281         0.2264214081E-01     0.1088491795    
    0.1226802159         0.3728169361E-01     0.9512625130E-01     0.7906652922         0.9999841581         0.2379894548E-01     0.2821389238         0.9947573482         0.7528038351E-01     0.2391360799    
    0.3386864569         0.2549070670E-02     0.7966352963E-01     0.1887210322         0.5556023938         0.2782545757E-01     0.3123328174         0.9729133915         0.9300730792         0.7999898293E-03
    0.1582494128         0.3803315165         0.4209324667E-01     0.2370916796         0.9448294954         0.2432506104E-01     0.2243728997E-01     0.2133754174         0.3227761659         0.8505999029E-01
    0.2205035050         0.6166060348E-01

                         STEP LENGTH (VM)
    0.1404055056E-02     0.3084890217E-01     0.5867168060E-01     0.3054295444E-01     0.1728991493E-01     0.7153447920E-01     0.4786942444E-01     0.1770111685E-02     0.3532990850E-03     0.1914242469E-02
    0.4289057492E-01     0.1495785982E-01     0.4694751308E-01     0.2750378038         0.4169552739E-03     0.8699448680E-02     0.9918777320E-01     0.2002351678         0.3601331850E-01     0.9511404692E-01
    0.1526819901         0.9317159748E-03     0.3928702354E-01     0.6376323696E-01     0.2171265838         0.1375840651E-01     0.1232634862         0.2260938975         0.1786523871E-02     0.2671293496E-03
    0.2812509231E-02     0.4014739072E-01     0.1581477276E-01     0.9495861940E-01     0.3173817412         0.2684231873E-03     0.8681749948E-02     0.8228067860E-01     0.1338005999         0.2898979156E-01
    0.1077960083         0.2825292608E-01
 

 INTERMEDIATE RESULTS BEFORE NEXT TEMPERATURE REDUCTION

  CURRENT TEMPERATURE:             0.50226E-03
  MIN FUNCTION VALUE SO FAR:   0.139886728229707373E-01
  TOTAL MOVES:                     840
     DOWNHILL:                     609
     ACCEPTED UPHILL:              111
     REJECTED UPHILL:              120
  TRIALS OUT OF BOUNDS:            332
  NEW MINIMA THIS TEMPERATURE:       0

                         CURRENT OPTIMAL X
    0.9999389040         0.8649763406E-01     0.1750773386         0.6552443464E-01     0.4592167841E-01     0.1799784154         0.1013455997         0.8976752281         0.2273437703E-01     0.1085082938    
    0.1226802159         0.3186919436E-01     0.9832451750E-01     0.7080066519         0.9999841581         0.2478130733E-01     0.2955590276         0.9947573482         0.8111233446E-01     0.2692139779    
    0.4027974698         0.2442005071E-02     0.7966352963E-01     0.1887210322         0.5556023938         0.2782545757E-01     0.3123328174         0.9729133915         0.9300730792         0.7999898293E-03
    0.1582494128         0.3803315165         0.4209324667E-01     0.2370916796         0.9448294954         0.2432506104E-01     0.2243728997E-01     0.2133754174         0.3227761659         0.8505999029E-01
    0.2205035050         0.6166060348E-01

                         STEP LENGTH (VM)
    0.5989170881E-02     0.3084890217E-01     0.5867168060E-01     0.3054295444E-01     0.1728991493E-01     0.7153447920E-01     0.4786942444E-01     0.1020604896E-02     0.2291669708E-03     0.1047659582E-02
    0.2463926150E-01     0.1495785982E-01     0.4694751308E-01     0.2750378038         0.1030314120E-03     0.8699448680E-02     0.9918777320E-01     0.7668580692E-01     0.3601331850E-01     0.9511404692E-01
    0.1526819901         0.9317159748E-03     0.3928702354E-01     0.6376323696E-01     0.2171265838         0.1375840651E-01     0.1232634862         0.2260938975         0.8066139035E-03     0.2671293496E-03
    0.2812509231E-02     0.3011054248E-01     0.1581477276E-01     0.9495861940E-01     0.3173817412         0.2439037157E-03     0.8681749948E-02     0.8228067860E-01     0.1338005999         0.2898979156E-01
    0.1077960083         0.2825292608E-01
 

 INTERMEDIATE RESULTS BEFORE NEXT TEMPERATURE REDUCTION

  CURRENT TEMPERATURE:             0.37670E-03
  MIN FUNCTION VALUE SO FAR:   0.139755987850934526E-01
  TOTAL MOVES:                     840
     DOWNHILL:                     599
     ACCEPTED UPHILL:              105
     REJECTED UPHILL:              136
  TRIALS OUT OF BOUNDS:            334
  NEW MINIMA THIS TEMPERATURE:       0

                         CURRENT OPTIMAL X
    0.9999389040         0.7907143339E-01     0.1304941010         0.8186748480E-01     0.4170415595E-01     0.1492665778         0.1332461016         0.8979868223         0.2279660072E-01     0.1076000300    
    0.1266432826         0.3624299743E-01     0.1110559080         0.6191335520         0.9999841581         0.2431072698E-01     0.2597844206         0.9947573482         0.9137985116E-01     0.2806445016    
    0.3422073800         0.2282417957E-02     0.1169436718         0.1774233978         0.5700221208         0.3076618664E-01     0.3405767567         0.7869113406         0.9295028439         0.7999898293E-03
    0.1582494128         0.3924331354         0.3367749028E-01     0.2644367667         0.8465592186         0.2421454973E-01     0.2367352689E-01     0.2362925792         0.3318330667         0.8538056208E-01
    0.2569863524         0.6093674881E-01

                         STEP LENGTH (VM)
    0.4894375783E-02     0.3084890217E-01     0.5867168060E-01     0.3054295444E-01     0.1728991493E-01     0.7153447920E-01     0.4786942444E-01     0.9324043320E-03     0.3437503873E-03     0.1047659582E-02
    0.2347388865E-01     0.1495785982E-01     0.4694751308E-01     0.2750378038         0.9815829479E-04     0.8699448680E-02     0.9918777320E-01     0.5595990635E-01     0.3601331850E-01     0.9511404692E-01
    0.1526819901         0.9317159748E-03     0.3928702354E-01     0.6376323696E-01     0.2171265838         0.1375840651E-01     0.1232634862         0.2260938975         0.4537203038E-03     0.2671293496E-03
    0.1621626881E-02     0.3000042161E-01     0.1581477276E-01     0.9495861940E-01     0.3173817412         0.3760181553E-03     0.8681749948E-02     0.8228067860E-01     0.1338005999         0.2898979156E-01
    0.1077960083         0.2825292608E-01
 

  SA ACHIEVED TERMINATION CRITERIA. IER = 0. 


  ****   RESULTS AFTER SA   ****   

                         SOLUTION
    0.9999389040         0.7907143339E-01     0.1304941010         0.8186748480E-01     0.4170415595E-01     0.1492665778         0.1332461016         0.8979868223         0.2279660072E-01     0.1076000300    
    0.1266432826         0.3624299743E-01     0.1110559080         0.6191335520         0.9999841581         0.2431072698E-01     0.2597844206         0.9947573482         0.9137985116E-01     0.2806445016    
    0.3422073800         0.2282417957E-02     0.1169436718         0.1774233978         0.5700221208         0.3076618664E-01     0.3405767567         0.7869113406         0.9295028439         0.7999898293E-03
    0.1582494128         0.3924331354         0.3367749028E-01     0.2644367667         0.8465592186         0.2421454973E-01     0.2367352689E-01     0.2362925792         0.3318330667         0.8538056208E-01
    0.2569863524         0.6093674881E-01

                         FINAL STEP LENGTH
    0.4894375783E-02     0.3084890217E-01     0.5867168060E-01     0.3054295444E-01     0.1728991493E-01     0.7153447920E-01     0.4786942444E-01     0.9324043320E-03     0.3437503873E-03     0.1047659582E-02
    0.2347388865E-01     0.1495785982E-01     0.4694751308E-01     0.2750378038         0.9815829479E-04     0.8699448680E-02     0.9918777320E-01     0.5595990635E-01     0.3601331850E-01     0.9511404692E-01
    0.1526819901         0.9317159748E-03     0.3928702354E-01     0.6376323696E-01     0.2171265838         0.1375840651E-01     0.1232634862         0.2260938975         0.4537203038E-03     0.2671293496E-03
    0.1621626881E-02     0.3000042161E-01     0.1581477276E-01     0.9495861940E-01     0.3173817412         0.3760181553E-03     0.8681749948E-02     0.8228067860E-01     0.1338005999         0.2898979156E-01
    0.1077960083         0.2825292608E-01

 OPTIMAL FUNCTION VALUE:  0.1397559878509E-01
 NUMBER OF FUNCTION EVALUATIONS:          28561
 NUMBER OF ACCEPTED EVALUATIONS:          26100
 NUMBER OF OUT OF BOUND EVALUATIONS:      13284
 FINAL TEMP:  0.3766965964524E-03  IER:   0
