
 SIMULATED PARALLEL ANNEALING by NEIGHBORHOOD EXAMPLE

 NUMBER OF PARAMETERS:  42   MAXIMAZATION:     F
 INITIAL TEMP:  5.0       RT: 0.75       EPS: 0.10E-02
 NS:  24   NT:   5   NEPS:  4
 MAXEVL:  100000000   IPRINT: 1   ISEED1:    7 ISEED2:    8

                         STARTING VALUES
    0.9999926132         0.2894198463E-01     0.2920638653         0.5903291680         0.6792666907E-01     0.3067978864         0.9458405881         0.5555998252         0.4087267660E-01     0.1565092389    
    0.2534719906         0.8596908436E-01     0.9911920324E-01     0.9893588821         0.9999976317         0.9778755152E-01     0.1468528933         0.7069408302         0.6140064387E-01     0.1700685505    
    0.9233308915         0.1618106973E-02     0.5887676017E-01     0.2620177920         0.6126546041         0.7009953859E-01     0.1658924558         0.4432810149         0.8198734836         0.3562237493E-01
    0.3128275577         0.3661938215         0.7392658694E-01     0.2778075953         0.6150116005         0.1623765966E-01     0.4363631134E-01     0.1184678201         0.4333160450         0.5056831078E-01
    0.3860764304         0.1177557631    

                         INITIAL STEP LENGTH
    0.2000059094         0.1157679385E-01     0.1168255461         0.2361316672         0.2717066763E-01     0.1227191546         0.2433275295         0.2222399301         0.1634907064E-01     0.6260369556E-01
    0.1013887962         0.3438763374E-01     0.3964768130E-01     0.2085128943         0.2000018946         0.3911502061E-01     0.5874115732E-01     0.2827763321         0.2456025755E-01     0.6802742020E-01
    0.2613352868         0.6472427892E-03     0.2355070407E-01     0.1048071168         0.2450618416         0.2803981544E-01     0.6635698232E-01     0.1773124060         0.3279493934         0.1424894997E-01
    0.1251310231         0.1464775286         0.2957063478E-01     0.1111230381         0.2460046402         0.6495063864E-02     0.1745452454E-01     0.4738712804E-01     0.1733264180         0.2022732431E-01
    0.1544305722         0.4710230524E-01

                         LOWER BOUND
    0.7999940906         0.2315358770E-01     0.2336510922         0.4722633344         0.5434133526E-01     0.2454383091         0.7566724705         0.4444798602         0.3269814128E-01     0.1252073911    
    0.2027775925         0.6877526749E-01     0.7929536259E-01     0.7914871057         0.7999981054         0.7823004122E-01     0.1174823146         0.5655526642         0.4912051510E-01     0.1360548404    
    0.7386647132         0.1294485578E-02     0.4710140814E-01     0.2096142336         0.4901236833         0.5607963087E-01     0.1327139646         0.3546248119         0.6558987869         0.2849789994E-01
    0.2502620462         0.2929550572         0.5914126955E-01     0.2222460762         0.4920092804         0.1299012773E-01     0.3490904907E-01     0.1000000000         0.3466528360         0.4045464862E-01
    0.3088611443         0.9420461048E-01

                         UPPER BOUND
     1.000000000         0.3473038156E-01     0.3504766384         0.7083950016         0.8151200288E-01     0.3681574637          1.000000000         0.6667197902         0.4904721192E-01     0.1878110867    
    0.3041663887         0.1031629012         0.1189430439          1.000000000          1.000000000         0.1173450618         0.1762234720         0.8483289962         0.7368077264E-01     0.2040822606    
     1.000000000         0.1941728368E-02     0.7065211220E-01     0.3144213504         0.7351855249         0.8411944631E-01     0.1990709470         0.5319372179         0.9838481803         0.4274684992E-01
    0.3753930692         0.4394325858         0.8871190433E-01     0.3333691144         0.7380139206         0.1948519159E-01     0.5236357361E-01     0.1421613841         0.5199792540         0.6068197294E-01
    0.4632917165         0.1413069157    

                         C VECTOR
     2.000000000          2.000000000          2.000000000          2.000000000          2.000000000          2.000000000          2.000000000          2.000000000          2.000000000          2.000000000    
     2.000000000          2.000000000          2.000000000          2.000000000          2.000000000          2.000000000          2.000000000          2.000000000          2.000000000          2.000000000    
     2.000000000          2.000000000          2.000000000          2.000000000          2.000000000          2.000000000          2.000000000          2.000000000          2.000000000          2.000000000    
     2.000000000          2.000000000          2.000000000          2.000000000          2.000000000          2.000000000          2.000000000          2.000000000          2.000000000          2.000000000    
     2.000000000          2.000000000    

  ****   END OF DRIVER ROUTINE OUTPUT   ****
  ****   BEFORE CALL TO SA.             ****
  

                         INITIAL X
    0.9999926132         0.2894198463E-01     0.2920638653         0.5903291680         0.6792666907E-01     0.3067978864         0.9458405881         0.5555998252         0.4087267660E-01     0.1565092389    
    0.2534719906         0.8596908436E-01     0.9911920324E-01     0.9893588821         0.9999976317         0.9778755152E-01     0.1468528933         0.7069408302         0.6140064387E-01     0.1700685505    
    0.9233308915         0.1618106973E-02     0.5887676017E-01     0.2620177920         0.6126546041         0.7009953859E-01     0.1658924558         0.4432810149         0.8198734836         0.3562237493E-01
    0.3128275577         0.3661938215         0.7392658694E-01     0.2778075953         0.6150116005         0.1623765966E-01     0.4363631134E-01     0.1184678201         0.4333160450         0.5056831078E-01
    0.3860764304         0.1177557631    
  INITIAL F: 
 0.260253208201360164    

 INTERMEDIATE RESULTS BEFORE NEXT TEMPERATURE REDUCTION

  CURRENT TEMPERATURE:              5.0000    
  MIN FUNCTION VALUE SO FAR:   0.292311565406521597E-01
  TOTAL MOVES:                     840
     DOWNHILL:                     653
     ACCEPTED UPHILL:              187
     REJECTED UPHILL:                0
  TRIALS OUT OF BOUNDS:            413
  NEW MINIMA THIS TEMPERATURE:       4

                         CURRENT OPTIMAL X
    0.9955596804         0.2594394828E-01     0.2921253029         0.6881898957         0.7180977827E-01     0.3533926164         0.8354204513         0.5298374662         0.4774339105E-01     0.1402781795    
    0.2757911139         0.7216336812E-01     0.1033041385         0.8571482471         0.9994268721         0.7958575779E-01     0.1726011110         0.7516893179         0.5358301560E-01     0.1918520757    
    0.7572529256         0.1812323373E-02     0.5015968955E-01     0.3096755863         0.4992992665         0.8291340046E-01     0.1386177774         0.3960730322         0.7070411101         0.3986011963E-01
    0.3576428539         0.4053392864         0.8532027004E-01     0.2686829926         0.6940705970         0.1625400377E-01     0.3640220476E-01     0.1193397562         0.4750439385         0.5475259549E-01
    0.3233553029         0.1309881343    

                         STEP LENGTH (VM)
    0.2000059094         0.1157679385E-01     0.1168255461         0.2361316672         0.2717066763E-01     0.1227191546         0.2433275295         0.2222399301         0.1634907064E-01     0.6260369556E-01
    0.1013887962         0.3438763374E-01     0.3964768130E-01     0.2085128943         0.2000018946         0.3911502061E-01     0.5874115732E-01     0.2827763321         0.2456025755E-01     0.6802742020E-01
    0.2613352868         0.6472427892E-03     0.2355070407E-01     0.1048071168         0.2450618416         0.2803981544E-01     0.6635698232E-01     0.1773124060         0.3279493934         0.1424894997E-01
    0.1251310231         0.1464775286         0.2957063478E-01     0.1111230381         0.2460046402         0.6495063864E-02     0.1745452454E-01     0.4216138412E-01     0.1733264180         0.2022732431E-01
    0.1544305722         0.4710230524E-01
 

 INTERMEDIATE RESULTS BEFORE NEXT TEMPERATURE REDUCTION

  CURRENT TEMPERATURE:              3.7500    
  MIN FUNCTION VALUE SO FAR:   0.227903760864542199E-01
  TOTAL MOVES:                     840
     DOWNHILL:                     642
     ACCEPTED UPHILL:              198
     REJECTED UPHILL:                0
  TRIALS OUT OF BOUNDS:            425
  NEW MINIMA THIS TEMPERATURE:       2

                         CURRENT OPTIMAL X
    0.9228892312         0.3164999763E-01     0.2959885947         0.5284085629         0.8150101297E-01     0.2673355293         0.9475805833         0.6357160699         0.4462124600E-01     0.1663646435    
    0.3009605207         0.1030211794         0.8495596809E-01     0.8622309895         0.9987984901         0.1137234334         0.1504128410         0.6749639025         0.7175222071E-01     0.2027715910    
    0.7972932379         0.1660491822E-02     0.5236226055E-01     0.2172547846         0.6618652279         0.5949368389E-01     0.1729682608         0.4743334423         0.8015318935         0.3762061729E-01
    0.2620751517         0.3925999478         0.5964720696E-01     0.2646238780         0.7282120442         0.1497873915E-01     0.3786671383E-01     0.1302086914         0.3655392630         0.4555232928E-01
    0.3285487591         0.1335148820    

                         STEP LENGTH (VM)
    0.2000059094         0.1157679385E-01     0.1168255461         0.2361316672         0.2717066763E-01     0.1227191546         0.2433275295         0.2222399301         0.1634907064E-01     0.6260369556E-01
    0.1013887962         0.3438763374E-01     0.3964768130E-01     0.2085128943         0.2000018946         0.3911502061E-01     0.5874115732E-01     0.2827763321         0.2456025755E-01     0.6802742020E-01
    0.2613352868         0.6472427892E-03     0.2355070407E-01     0.1048071168         0.2450618416         0.2803981544E-01     0.6635698232E-01     0.1773124060         0.3279493934         0.1424894997E-01
    0.1251310231         0.1464775286         0.2957063478E-01     0.1111230381         0.2460046402         0.6495063864E-02     0.1745452454E-01     0.4216138412E-01     0.1733264180         0.2022732431E-01
    0.1544305722         0.4710230524E-01
 

 INTERMEDIATE RESULTS BEFORE NEXT TEMPERATURE REDUCTION

  CURRENT TEMPERATURE:              2.8125    
  MIN FUNCTION VALUE SO FAR:   0.188739263539806391E-01
  TOTAL MOVES:                     840
     DOWNHILL:                     643
     ACCEPTED UPHILL:              190
     REJECTED UPHILL:                7
  TRIALS OUT OF BOUNDS:            414
  NEW MINIMA THIS TEMPERATURE:       0

                         CURRENT OPTIMAL X
    0.9148211465         0.3128942555E-01     0.3307229302         0.4835609569         0.5551707460E-01     0.3195077025         0.8816165533         0.6357160699         0.3365651366E-01     0.1860630044    
    0.2218100315         0.7283025047E-01     0.1028497073         0.8276173502         0.9987984901         0.1039265350         0.1654395683         0.8392557295         0.7342739404E-01     0.1774281046    
    0.9334364992         0.1432898308E-02     0.5331179638E-01     0.2117136786         0.6767109612         0.5910779000E-01     0.1341489688         0.3546795998         0.8015318935         0.2860357624E-01
    0.2620751517         0.3925999478         0.5964720696E-01     0.2646238780         0.7282120442         0.1497873915E-01     0.3786671383E-01     0.1302086914         0.3655392630         0.4555232928E-01
    0.3285487591         0.1335148820    

                         STEP LENGTH (VM)
    0.2000059094         0.1157679385E-01     0.1168255461         0.2361316672         0.2717066763E-01     0.1227191546         0.2433275295         0.2222399301         0.1634907064E-01     0.6260369556E-01
    0.1013887962         0.3438763374E-01     0.3964768130E-01     0.2085128943         0.2000018946         0.3911502061E-01     0.5874115732E-01     0.2827763321         0.2456025755E-01     0.6802742020E-01
    0.2613352868         0.6472427892E-03     0.2355070407E-01     0.1048071168         0.2450618416         0.2803981544E-01     0.6635698232E-01     0.1773124060         0.3279493934         0.1424894997E-01
    0.1251310231         0.1464775286         0.2957063478E-01     0.1111230381         0.2460046402         0.6495063864E-02     0.1745452454E-01     0.4216138412E-01     0.1733264180         0.2022732431E-01
    0.1544305722         0.4710230524E-01
 

 INTERMEDIATE RESULTS BEFORE NEXT TEMPERATURE REDUCTION

  CURRENT TEMPERATURE:              2.1094    
  MIN FUNCTION VALUE SO FAR:   0.188739263539806391E-01
  TOTAL MOVES:                     840
     DOWNHILL:                     635
     ACCEPTED UPHILL:              197
     REJECTED UPHILL:                8
  TRIALS OUT OF BOUNDS:            421
  NEW MINIMA THIS TEMPERATURE:       0

                         CURRENT OPTIMAL X
    0.9148211465         0.3128942555E-01     0.3307229302         0.4835609569         0.5551707460E-01     0.3195077025         0.8816165533         0.6357160699         0.3365651366E-01     0.1860630044    
    0.2218100315         0.7283025047E-01     0.1028497073         0.8276173502         0.9987984901         0.1039265350         0.1654395683         0.8392557295         0.7342739404E-01     0.1774281046    
    0.9334364992         0.1432898308E-02     0.5331179638E-01     0.2117136786         0.6767109612         0.5910779000E-01     0.1341489688         0.3546795998         0.8015318935         0.2860357624E-01
    0.2620751517         0.3925999478         0.5964720696E-01     0.2646238780         0.7282120442         0.1497873915E-01     0.3786671383E-01     0.1302086914         0.3655392630         0.4555232928E-01
    0.3285487591         0.1335148820    

                         STEP LENGTH (VM)
    0.2000059094         0.1157679385E-01     0.1168255461         0.2361316672         0.2717066763E-01     0.1227191546         0.2433275295         0.2222399301         0.1634907064E-01     0.6260369556E-01
    0.1013887962         0.3438763374E-01     0.3964768130E-01     0.2085128943         0.2000018946         0.3911502061E-01     0.5874115732E-01     0.2827763321         0.2456025755E-01     0.6802742020E-01
    0.2613352868         0.6472427892E-03     0.2355070407E-01     0.1048071168         0.2450618416         0.2803981544E-01     0.6635698232E-01     0.1773124060         0.3279493934         0.1424894997E-01
    0.1251310231         0.1464775286         0.2957063478E-01     0.1111230381         0.2460046402         0.6495063864E-02     0.1745452454E-01     0.4216138412E-01     0.1733264180         0.2022732431E-01
    0.1544305722         0.4710230524E-01
 

 INTERMEDIATE RESULTS BEFORE NEXT TEMPERATURE REDUCTION

  CURRENT TEMPERATURE:              1.5820    
  MIN FUNCTION VALUE SO FAR:   0.188739263539806391E-01
  TOTAL MOVES:                     840
     DOWNHILL:                     628
     ACCEPTED UPHILL:              200
     REJECTED UPHILL:               12
  TRIALS OUT OF BOUNDS:            413
  NEW MINIMA THIS TEMPERATURE:       0

                         CURRENT OPTIMAL X
    0.9148211465         0.3128942555E-01     0.3307229302         0.4835609569         0.5551707460E-01     0.3195077025         0.8816165533         0.6357160699         0.3365651366E-01     0.1860630044    
    0.2218100315         0.7283025047E-01     0.1028497073         0.8276173502         0.9987984901         0.1039265350         0.1654395683         0.8392557295         0.7342739404E-01     0.1774281046    
    0.9334364992         0.1432898308E-02     0.5331179638E-01     0.2117136786         0.6767109612         0.5910779000E-01     0.1341489688         0.3546795998         0.8015318935         0.2860357624E-01
    0.2620751517         0.3925999478         0.5964720696E-01     0.2646238780         0.7282120442         0.1497873915E-01     0.3786671383E-01     0.1302086914         0.3655392630         0.4555232928E-01
    0.3285487591         0.1335148820    

                         STEP LENGTH (VM)
    0.2000059094         0.1157679385E-01     0.1168255461         0.2361316672         0.2717066763E-01     0.1227191546         0.2433275295         0.2222399301         0.1634907064E-01     0.6260369556E-01
    0.1013887962         0.3438763374E-01     0.3964768130E-01     0.2085128943         0.2000018946         0.3911502061E-01     0.5874115732E-01     0.2827763321         0.2456025755E-01     0.6802742020E-01
    0.2613352868         0.6472427892E-03     0.2355070407E-01     0.1048071168         0.2450618416         0.2803981544E-01     0.6635698232E-01     0.1773124060         0.3279493934         0.1424894997E-01
    0.1251310231         0.1464775286         0.2957063478E-01     0.1111230381         0.2460046402         0.6495063864E-02     0.1745452454E-01     0.4216138412E-01     0.1733264180         0.2022732431E-01
    0.1544305722         0.4710230524E-01
 

 INTERMEDIATE RESULTS BEFORE NEXT TEMPERATURE REDUCTION

  CURRENT TEMPERATURE:              1.1865    
  MIN FUNCTION VALUE SO FAR:   0.188739263539806391E-01
  TOTAL MOVES:                     840
     DOWNHILL:                     626
     ACCEPTED UPHILL:              202
     REJECTED UPHILL:               12
  TRIALS OUT OF BOUNDS:            413
  NEW MINIMA THIS TEMPERATURE:       0

                         CURRENT OPTIMAL X
    0.9148211465         0.3128942555E-01     0.3307229302         0.4835609569         0.5551707460E-01     0.3195077025         0.8816165533         0.6357160699         0.3365651366E-01     0.1860630044    
    0.2218100315         0.7283025047E-01     0.1028497073         0.8276173502         0.9987984901         0.1039265350         0.1654395683         0.8392557295         0.7342739404E-01     0.1774281046    
    0.9334364992         0.1432898308E-02     0.5331179638E-01     0.2117136786         0.6767109612         0.5910779000E-01     0.1341489688         0.3546795998         0.8015318935         0.2860357624E-01
    0.2620751517         0.3925999478         0.5964720696E-01     0.2646238780         0.7282120442         0.1497873915E-01     0.3786671383E-01     0.1302086914         0.3655392630         0.4555232928E-01
    0.3285487591         0.1335148820    

                         STEP LENGTH (VM)
    0.2000059094         0.1157679385E-01     0.1168255461         0.2361316672         0.2717066763E-01     0.1227191546         0.2433275295         0.2222399301         0.1634907064E-01     0.6260369556E-01
    0.1013887962         0.3438763374E-01     0.3964768130E-01     0.2085128943         0.2000018946         0.3911502061E-01     0.5874115732E-01     0.2827763321         0.2456025755E-01     0.6802742020E-01
    0.2613352868         0.6472427892E-03     0.2355070407E-01     0.1048071168         0.2450618416         0.2803981544E-01     0.6635698232E-01     0.1773124060         0.3279493934         0.1424894997E-01
    0.1251310231         0.1464775286         0.2957063478E-01     0.1111230381         0.2460046402         0.6495063864E-02     0.1745452454E-01     0.4216138412E-01     0.1733264180         0.2022732431E-01
    0.1544305722         0.4710230524E-01
 

 INTERMEDIATE RESULTS BEFORE NEXT TEMPERATURE REDUCTION

  CURRENT TEMPERATURE:             0.88989    
  MIN FUNCTION VALUE SO FAR:   0.186808087528048949E-01
  TOTAL MOVES:                     840
     DOWNHILL:                     630
     ACCEPTED UPHILL:              198
     REJECTED UPHILL:               12
  TRIALS OUT OF BOUNDS:            417
  NEW MINIMA THIS TEMPERATURE:       0

                         CURRENT OPTIMAL X
    0.9166076101         0.2871117282E-01     0.3249304019         0.4835609569         0.5551707460E-01     0.3195077025         0.8816165533         0.6357160699         0.3365651366E-01     0.1860630044    
    0.2218100315         0.7283025047E-01     0.1028497073         0.8276173502         0.9987984901         0.1039265350         0.1654395683         0.8392557295         0.7342739404E-01     0.1774281046    
    0.9334364992         0.1432898308E-02     0.5331179638E-01     0.2117136786         0.6767109612         0.5910779000E-01     0.1341489688         0.3546795998         0.8015318935         0.2860357624E-01
    0.2620751517         0.3925999478         0.5964720696E-01     0.2646238780         0.7282120442         0.1497873915E-01     0.3786671383E-01     0.1302086914         0.3655392630         0.4555232928E-01
    0.3285487591         0.1335148820    

                         STEP LENGTH (VM)
    0.2000059094         0.1157679385E-01     0.1168255461         0.2361316672         0.2717066763E-01     0.1227191546         0.2433275295         0.2222399301         0.1634907064E-01     0.6260369556E-01
    0.1013887962         0.3438763374E-01     0.3964768130E-01     0.2085128943         0.2000018946         0.3911502061E-01     0.5874115732E-01     0.2827763321         0.2456025755E-01     0.6802742020E-01
    0.2613352868         0.6472427892E-03     0.2355070407E-01     0.1048071168         0.2450618416         0.2803981544E-01     0.6635698232E-01     0.1773124060         0.3279493934         0.1424894997E-01
    0.1251310231         0.1464775286         0.2957063478E-01     0.1111230381         0.2460046402         0.6495063864E-02     0.1745452454E-01     0.4216138412E-01     0.1733264180         0.2022732431E-01
    0.1544305722         0.4710230524E-01
 

 INTERMEDIATE RESULTS BEFORE NEXT TEMPERATURE REDUCTION

  CURRENT TEMPERATURE:             0.66742    
  MIN FUNCTION VALUE SO FAR:   0.186808087528048949E-01
  TOTAL MOVES:                     840
     DOWNHILL:                     632
     ACCEPTED UPHILL:              185
     REJECTED UPHILL:               23
  TRIALS OUT OF BOUNDS:            424
  NEW MINIMA THIS TEMPERATURE:       0

                         CURRENT OPTIMAL X
    0.9166076101         0.2871117282E-01     0.3249304019         0.4835609569         0.5551707460E-01     0.3195077025         0.8816165533         0.6357160699         0.3365651366E-01     0.1860630044    
    0.2218100315         0.7283025047E-01     0.1028497073         0.8276173502         0.9987984901         0.1039265350         0.1654395683         0.8392557295         0.7342739404E-01     0.1774281046    
    0.9334364992         0.1432898308E-02     0.5331179638E-01     0.2117136786         0.6767109612         0.5910779000E-01     0.1341489688         0.3546795998         0.8015318935         0.2860357624E-01
    0.2620751517         0.3925999478         0.5964720696E-01     0.2646238780         0.7282120442         0.1497873915E-01     0.3786671383E-01     0.1302086914         0.3655392630         0.4555232928E-01
    0.3285487591         0.1335148820    

                         STEP LENGTH (VM)
    0.2000059094         0.1157679385E-01     0.1168255461         0.2361316672         0.2717066763E-01     0.1227191546         0.2433275295         0.2222399301         0.1634907064E-01     0.6260369556E-01
    0.1013887962         0.3438763374E-01     0.3964768130E-01     0.2085128943         0.2000018946         0.3911502061E-01     0.5874115732E-01     0.2827763321         0.2456025755E-01     0.6802742020E-01
    0.2613352868         0.6472427892E-03     0.2355070407E-01     0.1048071168         0.2450618416         0.2803981544E-01     0.6635698232E-01     0.1773124060         0.3279493934         0.1424894997E-01
    0.1251310231         0.1464775286         0.2957063478E-01     0.1111230381         0.2460046402         0.6495063864E-02     0.1745452454E-01     0.4216138412E-01     0.1733264180         0.2022732431E-01
    0.1544305722         0.4710230524E-01
 

 INTERMEDIATE RESULTS BEFORE NEXT TEMPERATURE REDUCTION

  CURRENT TEMPERATURE:             0.50056    
  MIN FUNCTION VALUE SO FAR:   0.186808087528048949E-01
  TOTAL MOVES:                     840
     DOWNHILL:                     633
     ACCEPTED UPHILL:              185
     REJECTED UPHILL:               22
  TRIALS OUT OF BOUNDS:            409
  NEW MINIMA THIS TEMPERATURE:       0

                         CURRENT OPTIMAL X
    0.9166076101         0.2871117282E-01     0.3249304019         0.4835609569         0.5551707460E-01     0.3195077025         0.8816165533         0.6357160699         0.3365651366E-01     0.1860630044    
    0.2218100315         0.7283025047E-01     0.1028497073         0.8276173502         0.9987984901         0.1039265350         0.1654395683         0.8392557295         0.7342739404E-01     0.1774281046    
    0.9334364992         0.1432898308E-02     0.5331179638E-01     0.2117136786         0.6767109612         0.5910779000E-01     0.1341489688         0.3546795998         0.8015318935         0.2860357624E-01
    0.2620751517         0.3925999478         0.5964720696E-01     0.2646238780         0.7282120442         0.1497873915E-01     0.3786671383E-01     0.1302086914         0.3655392630         0.4555232928E-01
    0.3285487591         0.1335148820    

                         STEP LENGTH (VM)
    0.2000059094         0.1157679385E-01     0.1168255461         0.2361316672         0.2717066763E-01     0.1227191546         0.2433275295         0.2222399301         0.1634907064E-01     0.6260369556E-01
    0.1013887962         0.3438763374E-01     0.3964768130E-01     0.2085128943         0.2000018946         0.3911502061E-01     0.5874115732E-01     0.2827763321         0.2456025755E-01     0.6802742020E-01
    0.2613352868         0.6472427892E-03     0.2355070407E-01     0.1048071168         0.2450618416         0.2803981544E-01     0.6635698232E-01     0.1773124060         0.3279493934         0.1424894997E-01
    0.1251310231         0.1464775286         0.2957063478E-01     0.1111230381         0.2460046402         0.6495063864E-02     0.1745452454E-01     0.4216138412E-01     0.1733264180         0.2022732431E-01
    0.1544305722         0.4710230524E-01
 

 INTERMEDIATE RESULTS BEFORE NEXT TEMPERATURE REDUCTION

  CURRENT TEMPERATURE:             0.37542    
  MIN FUNCTION VALUE SO FAR:   0.186808087528048949E-01
  TOTAL MOVES:                     840
     DOWNHILL:                     631
     ACCEPTED UPHILL:              185
     REJECTED UPHILL:               24
  TRIALS OUT OF BOUNDS:            434
  NEW MINIMA THIS TEMPERATURE:       0

                         CURRENT OPTIMAL X
    0.9166076101         0.2871117282E-01     0.3249304019         0.4835609569         0.5551707460E-01     0.3195077025         0.8816165533         0.6357160699         0.3365651366E-01     0.1860630044    
    0.2218100315         0.7283025047E-01     0.1028497073         0.8276173502         0.9987984901         0.1039265350         0.1654395683         0.8392557295         0.7342739404E-01     0.1774281046    
    0.9334364992         0.1432898308E-02     0.5331179638E-01     0.2117136786         0.6767109612         0.5910779000E-01     0.1341489688         0.3546795998         0.8015318935         0.2860357624E-01
    0.2620751517         0.3925999478         0.5964720696E-01     0.2646238780         0.7282120442         0.1497873915E-01     0.3786671383E-01     0.1302086914         0.3655392630         0.4555232928E-01
    0.3285487591         0.1335148820    

                         STEP LENGTH (VM)
    0.2000059094         0.1157679385E-01     0.1168255461         0.2361316672         0.2717066763E-01     0.1227191546         0.2433275295         0.2222399301         0.1634907064E-01     0.6260369556E-01
    0.1013887962         0.3438763374E-01     0.3964768130E-01     0.2085128943         0.2000018946         0.3911502061E-01     0.5874115732E-01     0.2827763321         0.2456025755E-01     0.6802742020E-01
    0.2613352868         0.6472427892E-03     0.2355070407E-01     0.1048071168         0.2450618416         0.2803981544E-01     0.6635698232E-01     0.1773124060         0.3279493934         0.1424894997E-01
    0.1251310231         0.1464775286         0.2957063478E-01     0.1111230381         0.2460046402         0.6495063864E-02     0.1745452454E-01     0.4216138412E-01     0.1733264180         0.2022732431E-01
    0.1544305722         0.4710230524E-01
 

 INTERMEDIATE RESULTS BEFORE NEXT TEMPERATURE REDUCTION

  CURRENT TEMPERATURE:             0.28157    
  MIN FUNCTION VALUE SO FAR:   0.186649513778421733E-01
  TOTAL MOVES:                     840
     DOWNHILL:                     624
     ACCEPTED UPHILL:              182
     REJECTED UPHILL:               34
  TRIALS OUT OF BOUNDS:            403
  NEW MINIMA THIS TEMPERATURE:       0

                         CURRENT OPTIMAL X
    0.9137051954         0.2671078076E-01     0.2949248880         0.6849504564         0.5652613360E-01     0.2713856628         0.9269827967         0.6357160699         0.3863978111E-01     0.1857478295    
    0.2218100315         0.7283025047E-01     0.1028497073         0.8276173502         0.9987984901         0.1039265350         0.1654395683         0.8392557295         0.7342739404E-01     0.1774281046    
    0.9334364992         0.1432898308E-02     0.5331179638E-01     0.2117136786         0.6767109612         0.5910779000E-01     0.1341489688         0.3546795998         0.8015318935         0.2860357624E-01
    0.2620751517         0.3925999478         0.5964720696E-01     0.2646238780         0.7282120442         0.1497873915E-01     0.3786671383E-01     0.1302086914         0.3655392630         0.4555232928E-01
    0.3285487591         0.1335148820    

                         STEP LENGTH (VM)
    0.2000059094         0.1157679385E-01     0.1168255461         0.2361316672         0.2717066763E-01     0.1227191546         0.2433275295         0.2222399301         0.1634907064E-01     0.6260369556E-01
    0.1013887962         0.3438763374E-01     0.3964768130E-01     0.2085128943         0.9729821583E-01     0.3911502061E-01     0.5874115732E-01     0.2827763321         0.2456025755E-01     0.6802742020E-01
    0.2613352868         0.6472427892E-03     0.2355070407E-01     0.1048071168         0.2450618416         0.2803981544E-01     0.6635698232E-01     0.1773124060         0.2915105647         0.1424894997E-01
    0.1251310231         0.1464775286         0.2957063478E-01     0.1111230381         0.2460046402         0.6495063864E-02     0.1745452454E-01     0.4216138412E-01     0.1733264180         0.2022732431E-01
    0.1544305722         0.4710230524E-01
 

 INTERMEDIATE RESULTS BEFORE NEXT TEMPERATURE REDUCTION

  CURRENT TEMPERATURE:             0.21118    
  MIN FUNCTION VALUE SO FAR:   0.181393663763706713E-01
  TOTAL MOVES:                     840
     DOWNHILL:                     625
     ACCEPTED UPHILL:              183
     REJECTED UPHILL:               32
  TRIALS OUT OF BOUNDS:            447
  NEW MINIMA THIS TEMPERATURE:       0

                         CURRENT OPTIMAL X
    0.9221565731         0.3463003384E-01     0.3273137391         0.6140711084         0.7156531019E-01     0.2530591678         0.9874908751         0.6348362088         0.3596826217E-01     0.1324360602    
    0.2495082516         0.9267724707E-01     0.1118498514         0.9340550948         0.9987984901         0.1162473071         0.1368456290         0.8326617171         0.6574758367E-01     0.1959480302    
    0.7585305344         0.1635709806E-02     0.6760935325E-01     0.2909128677         0.5881244297         0.6229509397E-01     0.1610696503         0.3943042430         0.8015318935         0.3283542508E-01
    0.3200471451         0.3462662019         0.5930720456E-01     0.2490887500         0.6177071326         0.1434278973E-01     0.3569082006E-01     0.1302086914         0.3655392630         0.4555232928E-01
    0.3285487591         0.1335148820    

                         STEP LENGTH (VM)
    0.2000059094         0.1157679385E-01     0.1168255461         0.2361316672         0.2717066763E-01     0.1227191546         0.2433275295         0.2222399301         0.1634907064E-01     0.6260369556E-01
    0.1013887962         0.3438763374E-01     0.3964768130E-01     0.2085128943         0.9729821583E-01     0.3911502061E-01     0.5874115732E-01     0.2827763321         0.2456025755E-01     0.6802742020E-01
    0.2613352868         0.6472427892E-03     0.2355070407E-01     0.1048071168         0.2450618416         0.2803981544E-01     0.6635698232E-01     0.1773124060         0.2915105647         0.1424894997E-01
    0.1251310231         0.1464775286         0.2957063478E-01     0.1111230381         0.2460046402         0.6495063864E-02     0.1745452454E-01     0.4216138412E-01     0.1733264180         0.2022732431E-01
    0.1544305722         0.4710230524E-01
 

 INTERMEDIATE RESULTS BEFORE NEXT TEMPERATURE REDUCTION

  CURRENT TEMPERATURE:             0.15838    
  MIN FUNCTION VALUE SO FAR:   0.181393663763706713E-01
  TOTAL MOVES:                     840
     DOWNHILL:                     614
     ACCEPTED UPHILL:              190
     REJECTED UPHILL:               36
  TRIALS OUT OF BOUNDS:            418
  NEW MINIMA THIS TEMPERATURE:       0

                         CURRENT OPTIMAL X
    0.9221565731         0.3463003384E-01     0.3273137391         0.6140711084         0.7156531019E-01     0.2530591678         0.9874908751         0.6348362088         0.3596826217E-01     0.1324360602    
    0.2495082516         0.9267724707E-01     0.1118498514         0.9340550948         0.9987984901         0.1162473071         0.1368456290         0.8326617171         0.6574758367E-01     0.1959480302    
    0.7585305344         0.1635709806E-02     0.6760935325E-01     0.2909128677         0.5881244297         0.6229509397E-01     0.1610696503         0.3943042430         0.8015318935         0.3283542508E-01
    0.3200471451         0.3462662019         0.5930720456E-01     0.2490887500         0.6177071326         0.1434278973E-01     0.3569082006E-01     0.1302086914         0.3655392630         0.4555232928E-01
    0.3285487591         0.1335148820    

                         STEP LENGTH (VM)
    0.2000059094         0.1157679385E-01     0.1168255461         0.2361316672         0.2717066763E-01     0.1227191546         0.2433275295         0.2222399301         0.1634907064E-01     0.6260369556E-01
    0.1013887962         0.3438763374E-01     0.3964768130E-01     0.2085128943         0.1435320963         0.3911502061E-01     0.5874115732E-01     0.2827763321         0.2456025755E-01     0.6802742020E-01
    0.2613352868         0.6472427892E-03     0.2355070407E-01     0.1048071168         0.2450618416         0.2803981544E-01     0.6635698232E-01     0.1773124060         0.2915105647         0.1424894997E-01
    0.1251310231         0.1464775286         0.2957063478E-01     0.1111230381         0.2460046402         0.6495063864E-02     0.1745452454E-01     0.4216138412E-01     0.1733264180         0.2022732431E-01
    0.1544305722         0.4710230524E-01
 

 INTERMEDIATE RESULTS BEFORE NEXT TEMPERATURE REDUCTION

  CURRENT TEMPERATURE:             0.11879    
  MIN FUNCTION VALUE SO FAR:   0.112119589028869485E-01
  TOTAL MOVES:                     840
     DOWNHILL:                     613
     ACCEPTED UPHILL:              184
     REJECTED UPHILL:               43
  TRIALS OUT OF BOUNDS:            412
  NEW MINIMA THIS TEMPERATURE:       0

                         CURRENT OPTIMAL X
    0.9925702165         0.3008134536E-01     0.3213489794         0.5436899007         0.7692670688E-01     0.3166640663         0.9003125748         0.5137272326         0.3867977671E-01     0.1437745492    
    0.2876031464         0.7573182677E-01     0.8565728370E-01     0.8375025138         0.9996000420         0.1163200759         0.1568018618         0.6771026902         0.6056881328E-01     0.1776431726    
    0.8571751806         0.1627081068E-02     0.6731397589E-01     0.2448904606         0.7119296790         0.8221960071E-01     0.1353429361         0.4740988607         0.6793169199         0.3490228862E-01
    0.2982812356         0.3140531112         0.7972937872E-01     0.2230757295         0.6136007101         0.1519877253E-01     0.3574705001E-01     0.1315569537         0.3468023987         0.4602356429E-01
    0.4276867921         0.1286141379    

                         STEP LENGTH (VM)
    0.2000059094         0.1157679385E-01     0.1168255461         0.2361316672         0.2717066763E-01     0.1227191546         0.2433275295         0.2222399301         0.1634907064E-01     0.6260369556E-01
    0.1013887962         0.3438763374E-01     0.3964768130E-01     0.2085128943         0.6982641761E-01     0.3911502061E-01     0.5874115732E-01     0.2827763321         0.2456025755E-01     0.6802742020E-01
    0.2613352868         0.6472427892E-03     0.2355070407E-01     0.1048071168         0.2450618416         0.2803981544E-01     0.6635698232E-01     0.1773124060         0.9698076747E-01     0.1424894997E-01
    0.1251310231         0.1464775286         0.2957063478E-01     0.1111230381         0.2460046402         0.6495063864E-02     0.1745452454E-01     0.4216138412E-01     0.1733264180         0.2022732431E-01
    0.1544305722         0.4710230524E-01
 

 INTERMEDIATE RESULTS BEFORE NEXT TEMPERATURE REDUCTION

  CURRENT TEMPERATURE:             0.89090E-01
  MIN FUNCTION VALUE SO FAR:   0.110579374351616327E-01
  TOTAL MOVES:                     840
     DOWNHILL:                     623
     ACCEPTED UPHILL:              178
     REJECTED UPHILL:               39
  TRIALS OUT OF BOUNDS:            414
  NEW MINIMA THIS TEMPERATURE:       0

                         CURRENT OPTIMAL X
    0.9925702165         0.3176726145E-01     0.3423320731         0.6915890670         0.6752594858E-01     0.3319602923         0.7959169813         0.5137272326         0.3966296132E-01     0.1573951200    
    0.2190928201         0.6949035176E-01     0.8279805555E-01     0.9097340199         0.9996000420         0.1148387555         0.1478130364         0.6525155735         0.7307710928E-01     0.1766092275    
    0.7691336134         0.1627081068E-02     0.6690338166E-01     0.3044129150         0.7009616778         0.8040454199E-01     0.1952174899         0.5293566935         0.6793169199         0.3225133181E-01
    0.2787364868         0.3140531112         0.7972937872E-01     0.2230757295         0.6136007101         0.1519877253E-01     0.3574705001E-01     0.1315569537         0.3468023987         0.4602356429E-01
    0.4276867921         0.1286141379    

                         STEP LENGTH (VM)
    0.2000059094         0.1157679385E-01     0.1168255461         0.2361316672         0.2717066763E-01     0.1227191546         0.2433275295         0.2222399301         0.1634907064E-01     0.6260369556E-01
    0.1013887962         0.3438763374E-01     0.3964768130E-01     0.2085128943         0.2911680349E-01     0.3911502061E-01     0.5874115732E-01     0.2827763321         0.2456025755E-01     0.6802742020E-01
    0.2613352868         0.6472427892E-03     0.2355070407E-01     0.1048071168         0.2450618416         0.2803981544E-01     0.6635698232E-01     0.1773124060         0.9698075663E-01     0.1424894997E-01
    0.1251310231         0.1464775286         0.2957063478E-01     0.1111230381         0.2460046402         0.6495063864E-02     0.1745452454E-01     0.4216138412E-01     0.1733264180         0.2022732431E-01
    0.1544305722         0.4710230524E-01
 

 INTERMEDIATE RESULTS BEFORE NEXT TEMPERATURE REDUCTION

  CURRENT TEMPERATURE:             0.66817E-01
  MIN FUNCTION VALUE SO FAR:   0.110579374351616327E-01
  TOTAL MOVES:                     840
     DOWNHILL:                     628
     ACCEPTED UPHILL:              160
     REJECTED UPHILL:               52
  TRIALS OUT OF BOUNDS:            402
  NEW MINIMA THIS TEMPERATURE:       0

                         CURRENT OPTIMAL X
    0.9925702165         0.3176726145E-01     0.3423320731         0.6915890670         0.6752594858E-01     0.3319602923         0.7959169813         0.5137272326         0.3966296132E-01     0.1573951200    
    0.2190928201         0.6949035176E-01     0.8279805555E-01     0.9097340199         0.9996000420         0.1148387555         0.1478130364         0.6525155735         0.7307710928E-01     0.1766092275    
    0.7691336134         0.1627081068E-02     0.6690338166E-01     0.3044129150         0.7009616778         0.8040454199E-01     0.1952174899         0.5293566935         0.6793169199         0.3225133181E-01
    0.2787364868         0.3140531112         0.7972937872E-01     0.2230757295         0.6136007101         0.1519877253E-01     0.3574705001E-01     0.1315569537         0.3468023987         0.4602356429E-01
    0.4276867921         0.1286141379    

                         STEP LENGTH (VM)
    0.2000059094         0.1157679385E-01     0.1168255461         0.2361316672         0.2717066763E-01     0.1227191546         0.2433275295         0.7256813889E-01     0.1634907064E-01     0.6260369556E-01
    0.1013887962         0.3438763374E-01     0.3964768130E-01     0.2085128943         0.2588159956E-01     0.3911502061E-01     0.5874115732E-01     0.2827763321         0.2456025755E-01     0.6802742020E-01
    0.2613352868         0.6472427892E-03     0.2355070407E-01     0.1048071168         0.2450618416         0.2803981544E-01     0.6635698232E-01     0.1773124060         0.8620511486E-01     0.1424894997E-01
    0.1251310231         0.1464775286         0.2957063478E-01     0.1111230381         0.2460046402         0.6495063864E-02     0.1745452454E-01     0.4216138412E-01     0.1733264180         0.2022732431E-01
    0.1544305722         0.4710230524E-01
 

 INTERMEDIATE RESULTS BEFORE NEXT TEMPERATURE REDUCTION

  CURRENT TEMPERATURE:             0.50113E-01
  MIN FUNCTION VALUE SO FAR:   0.109038849121134533E-01
  TOTAL MOVES:                     840
     DOWNHILL:                     608
     ACCEPTED UPHILL:              171
     REJECTED UPHILL:               61
  TRIALS OUT OF BOUNDS:            398
  NEW MINIMA THIS TEMPERATURE:       0

                         CURRENT OPTIMAL X
    0.9925702165         0.2863397425E-01     0.3363982655         0.7035944279         0.6920086256E-01     0.3382411324         0.8422313444         0.5137272326         0.3794385290E-01     0.1259499912    
    0.2266782869         0.8005750256E-01     0.8350843634E-01     0.9318552045         0.9996000420         0.1085394391         0.1508346396         0.5683250568         0.6230085202E-01     0.1756761971    
    0.9028769577         0.1457150446E-02     0.6266359781E-01     0.2899839401         0.5566459352         0.6937396903E-01     0.1520822968         0.3634070583         0.6793169199         0.3863213703E-01
    0.3533070381         0.3265993433         0.6756686373E-01     0.2563473019         0.5546682178         0.1351216046E-01     0.3574705001E-01     0.1315569537         0.3468023987         0.4602356429E-01
    0.4276867921         0.1286141379    

                         STEP LENGTH (VM)
    0.2000059094         0.1157679385E-01     0.1168255461         0.2361316672         0.2717066763E-01     0.1227191546         0.2433275295         0.3705606572E-01     0.1634907064E-01     0.6260369556E-01
    0.1013887962         0.3438763374E-01     0.3964768130E-01     0.2085128943         0.1314620737E-01     0.3911502061E-01     0.5874115732E-01     0.2827763321         0.2456025755E-01     0.6802742020E-01
    0.2613352868         0.6472427892E-03     0.2355070407E-01     0.1048071168         0.2450618416         0.2803981544E-01     0.6635698232E-01     0.1773124060         0.2628782040E-01     0.1424894997E-01
    0.1251310231         0.1464775286         0.2957063478E-01     0.1111230381         0.2460046402         0.6495063864E-02     0.1745452454E-01     0.4216138412E-01     0.1733264180         0.2022732431E-01
    0.1544305722         0.4710230524E-01
 

 INTERMEDIATE RESULTS BEFORE NEXT TEMPERATURE REDUCTION

  CURRENT TEMPERATURE:             0.37585E-01
  MIN FUNCTION VALUE SO FAR:   0.108754334769762175E-01
  TOTAL MOVES:                     840
     DOWNHILL:                     607
     ACCEPTED UPHILL:              183
     REJECTED UPHILL:               50
  TRIALS OUT OF BOUNDS:            407
  NEW MINIMA THIS TEMPERATURE:       1

                         CURRENT OPTIMAL X
    0.9925702165         0.3380569490E-01     0.3363982655         0.7035944279         0.6920086256E-01     0.3382411324         0.8422313444         0.5137272326         0.3794385290E-01     0.1259499912    
    0.2266782869         0.8005750256E-01     0.8350843634E-01     0.9318552045         0.9996000420         0.1085394391         0.1508346396         0.5683250568         0.6230085202E-01     0.1756761971    
    0.9028769577         0.1457150446E-02     0.6266359781E-01     0.2899839401         0.5566459352         0.6937396903E-01     0.1520822968         0.3634070583         0.6793169199         0.3863213703E-01
    0.3533070381         0.3265993433         0.6756686373E-01     0.2563473019         0.5546682178         0.1351216046E-01     0.3574705001E-01     0.1315569537         0.3468023987         0.4602356429E-01
    0.4276867921         0.1286141379    

                         STEP LENGTH (VM)
    0.2000058829         0.1157679385E-01     0.1168255461         0.2361316672         0.2717066763E-01     0.1227191546         0.2433275295         0.3293872108E-01     0.1634907064E-01     0.6260369556E-01
    0.1013887962         0.3438763374E-01     0.3964768130E-01     0.2085128943         0.9859655342E-02     0.3911502061E-01     0.5874115732E-01     0.2827763321         0.2456025755E-01     0.6802742020E-01
    0.2613352868         0.6472427892E-03     0.2355070407E-01     0.1048071168         0.2450618416         0.2803981544E-01     0.6635698232E-01     0.1773124060         0.2957379191E-01     0.1424894997E-01
    0.1251310231         0.1464775286         0.2957063478E-01     0.1111230381         0.2460046402         0.6495063864E-02     0.1745452454E-01     0.4216138412E-01     0.1733264180         0.2022732431E-01
    0.1544305722         0.4710230524E-01
 

 INTERMEDIATE RESULTS BEFORE NEXT TEMPERATURE REDUCTION

  CURRENT TEMPERATURE:             0.28189E-01
  MIN FUNCTION VALUE SO FAR:   0.108748773682293166E-01
  TOTAL MOVES:                     840
     DOWNHILL:                     606
     ACCEPTED UPHILL:              183
     REJECTED UPHILL:               51
  TRIALS OUT OF BOUNDS:            379
  NEW MINIMA THIS TEMPERATURE:       0

                         CURRENT OPTIMAL X
    0.9925702165         0.3393713401E-01     0.3363982655         0.7035944279         0.6920086256E-01     0.3382411324         0.8422313444         0.5137272326         0.3794385290E-01     0.1259499912    
    0.2266782869         0.8005750256E-01     0.8350843634E-01     0.9318552045         0.9996000420         0.1085394391         0.1508346396         0.5683250568         0.6230085202E-01     0.1756761971    
    0.9028769577         0.1457150446E-02     0.6266359781E-01     0.2899839401         0.5566459352         0.6937396903E-01     0.1520822968         0.3634070583         0.6793169199         0.3863213703E-01
    0.3533070381         0.3265993433         0.6756686373E-01     0.2563473019         0.5546682178         0.1351216046E-01     0.3574705001E-01     0.1315569537         0.3468023987         0.4602356429E-01
    0.4276867921         0.1286141379    

                         STEP LENGTH (VM)
    0.1500044293         0.1157679385E-01     0.1168255461         0.2361316672         0.2717066763E-01     0.1227191546         0.2433275295         0.2779203872E-01     0.1634907064E-01     0.6260369556E-01
    0.1013887962         0.3438763374E-01     0.3964768130E-01     0.2085128943         0.7847479276E-02     0.3911502061E-01     0.5874115732E-01     0.2827763321         0.2456025755E-01     0.6802742020E-01
    0.2613352868         0.6472427892E-03     0.2355070407E-01     0.1048071168         0.2450618416         0.2803981544E-01     0.6635698232E-01     0.1773124060         0.2336694553E-01     0.1424894997E-01
    0.1251310231         0.1464775286         0.2957063478E-01     0.1111230381         0.2460046402         0.6495063864E-02     0.1745452454E-01     0.4216138412E-01     0.1733264180         0.2022732431E-01
    0.1544305722         0.4710230524E-01
 

 INTERMEDIATE RESULTS BEFORE NEXT TEMPERATURE REDUCTION

  CURRENT TEMPERATURE:             0.21141E-01
  MIN FUNCTION VALUE SO FAR:   0.106310341274169218E-01
  TOTAL MOVES:                     840
     DOWNHILL:                     602
     ACCEPTED UPHILL:              157
     REJECTED UPHILL:               81
  TRIALS OUT OF BOUNDS:            393
  NEW MINIMA THIS TEMPERATURE:       1

                         CURRENT OPTIMAL X
    0.9925702165         0.3370196258E-01     0.3021704715         0.6011630765         0.7538506302E-01     0.2585227880         0.7931702018         0.5137272326         0.4588765461E-01     0.1464898511    
    0.2047292095         0.1015390068         0.9919991077E-01     0.9378818294         0.9996000420         0.8892118322E-01     0.1229487852         0.6625245840         0.6265922192E-01     0.1480931100    
    0.8973008538         0.1332537540E-02     0.6238688586E-01     0.2290915893         0.5423486590         0.7778141986E-01     0.1959270658         0.3819303278         0.6820191358         0.3083205462E-01
    0.2840993080         0.4053608514         0.7452826238E-01     0.3137240369         0.7129616391         0.1352333398E-01     0.3574705001E-01     0.1188767534         0.4000030372         0.5754141654E-01
    0.3486779548         0.1188100191    

                         STEP LENGTH (VM)
    0.1122839959         0.1157679385E-01     0.1168255461         0.2361316672         0.2717066763E-01     0.1227191546         0.2433275295         0.1852802501E-01     0.1634907064E-01     0.6260369556E-01
    0.1013887962         0.3438763374E-01     0.3964768130E-01     0.2085128943         0.3817692496E-02     0.3911502061E-01     0.5874115732E-01     0.2827763321         0.2456025755E-01     0.6802742020E-01
    0.2613352868         0.6472427892E-03     0.2355070407E-01     0.1048071168         0.2450618416         0.2803981544E-01     0.6635698232E-01     0.1773124060         0.2401602432E-01     0.1424894997E-01
    0.1251310231         0.1464775286         0.2957063478E-01     0.1111230381         0.2460046402         0.6495063864E-02     0.1745452454E-01     0.4216138412E-01     0.1733264180         0.2022732431E-01
    0.1544305722         0.4710230524E-01
 

 INTERMEDIATE RESULTS BEFORE NEXT TEMPERATURE REDUCTION

  CURRENT TEMPERATURE:             0.15856E-01
  MIN FUNCTION VALUE SO FAR:   0.106078567411753821E-01
  TOTAL MOVES:                     840
     DOWNHILL:                     587
     ACCEPTED UPHILL:              165
     REJECTED UPHILL:               88
  TRIALS OUT OF BOUNDS:            414
  NEW MINIMA THIS TEMPERATURE:       1

                         CURRENT OPTIMAL X
    0.9925702165         0.3130581723E-01     0.3396210827         0.7069825085         0.7538506302E-01     0.2585227880         0.7931702018         0.5137272326         0.4588765461E-01     0.1464898511    
    0.2047292095         0.1015390068         0.9919991077E-01     0.9378818294         0.9996000420         0.8892118322E-01     0.1229487852         0.6625245840         0.6265922192E-01     0.1480931100    
    0.8973008538         0.1332537540E-02     0.6238688586E-01     0.2290915893         0.5423486590         0.7778141986E-01     0.1959270658         0.3819303278         0.6820191358         0.3083205462E-01
    0.2840993080         0.4053608514         0.7452826238E-01     0.3137240369         0.7129616391         0.1352333398E-01     0.3574705001E-01     0.1188767534         0.4000030372         0.5754141654E-01
    0.3486779548         0.1188100191    

                         STEP LENGTH (VM)
    0.6145271886E-01     0.1157679385E-01     0.1168255461         0.2361316672         0.2717066763E-01     0.1227191546         0.2433275295         0.2431803056E-01     0.1634907064E-01     0.6260369556E-01
    0.1013887962         0.3438763374E-01     0.3964768130E-01     0.2085128943         0.7476312971E-02     0.3911502061E-01     0.5874115732E-01     0.2827763321         0.2456025755E-01     0.6802742020E-01
    0.2613352868         0.6472427892E-03     0.2355070407E-01     0.1048071168         0.2450618416         0.2803981544E-01     0.6635698232E-01     0.1773124060         0.5830347998E-02     0.1424894997E-01
    0.1251310231         0.1464775286         0.2957063478E-01     0.1111230381         0.2460046402         0.6495063864E-02     0.1745452454E-01     0.4216138412E-01     0.1733264180         0.2022732431E-01
    0.1544305722         0.4710230524E-01
 

 INTERMEDIATE RESULTS BEFORE NEXT TEMPERATURE REDUCTION

  CURRENT TEMPERATURE:             0.11892E-01
  MIN FUNCTION VALUE SO FAR:   0.105907648802247688E-01
  TOTAL MOVES:                     840
     DOWNHILL:                     578
     ACCEPTED UPHILL:              147
     REJECTED UPHILL:              115
  TRIALS OUT OF BOUNDS:            390
  NEW MINIMA THIS TEMPERATURE:       0

                         CURRENT OPTIMAL X
    0.9925702165         0.3378520098E-01     0.3405061935         0.6095116739         0.8060676829E-01     0.3034079423         0.9110118431         0.5137272326         0.4171900029E-01     0.1464898511    
    0.2047292095         0.1015390068         0.9919991077E-01     0.9378818294         0.9996000420         0.8892118322E-01     0.1229487852         0.6625245840         0.6265922192E-01     0.1480931100    
    0.8973008538         0.1332537540E-02     0.6238688586E-01     0.2290915893         0.5423486590         0.7778141986E-01     0.1959270658         0.3819303278         0.6820191358         0.3083205462E-01
    0.2840993080         0.4053608514         0.7452826238E-01     0.3137240369         0.7129616391         0.1352333398E-01     0.3574705001E-01     0.1188767534         0.4000030372         0.5754141654E-01
    0.3486779548         0.1188100191    

                         STEP LENGTH (VM)
    0.6514577961E-01     0.1157679385E-01     0.1168255461         0.2361316672         0.2717066763E-01     0.1227191546         0.2433275295         0.1241771764E-01     0.1634907064E-01     0.6260369556E-01
    0.1013887962         0.3438763374E-01     0.3964768130E-01     0.2085128943         0.2476340250E-02     0.3911502061E-01     0.5874115732E-01     0.2827763321         0.2456025755E-01     0.6802742020E-01
    0.2613352868         0.6472427892E-03     0.2355070407E-01     0.1048071168         0.2450618416         0.2803981544E-01     0.6635698232E-01     0.1773124060         0.1311827773E-01     0.1424894997E-01
    0.1251310231         0.1464775286         0.2957063478E-01     0.1111230381         0.2460046402         0.6495063864E-02     0.1745452454E-01     0.4216138412E-01     0.1733264180         0.2022732431E-01
    0.1544305722         0.4710230524E-01
 

 INTERMEDIATE RESULTS BEFORE NEXT TEMPERATURE REDUCTION

  CURRENT TEMPERATURE:             0.89190E-02
  MIN FUNCTION VALUE SO FAR:   0.104129240788907642E-01
  TOTAL MOVES:                     840
     DOWNHILL:                     584
     ACCEPTED UPHILL:              154
     REJECTED UPHILL:              102
  TRIALS OUT OF BOUNDS:            375
  NEW MINIMA THIS TEMPERATURE:       0

                         CURRENT OPTIMAL X
    0.9964329461         0.2521276623E-01     0.2454724013         0.4803250785         0.7160207442E-01     0.2898492339         0.7616476328         0.5137272326         0.3287549771E-01     0.1703486045    
    0.2475483432         0.1015390068         0.9919991077E-01     0.9378818294         0.9996000420         0.8892118322E-01     0.1229487852         0.6625245840         0.6265922192E-01     0.1480931100    
    0.8973008538         0.1332537540E-02     0.6238688586E-01     0.2290915893         0.5423486590         0.7778141986E-01     0.1959270658         0.3819303278         0.6820191358         0.3083205462E-01
    0.2840993080         0.4053608514         0.7452826238E-01     0.3137240369         0.7129616391         0.1352333398E-01     0.3574705001E-01     0.1188767534         0.4000030372         0.5754141654E-01
    0.3486779548         0.1188100191    

                         STEP LENGTH (VM)
    0.4187942479E-01     0.1157679385E-01     0.1168255461         0.2361316672         0.2717066763E-01     0.1227191546         0.2433275295         0.7133581647E-02     0.1634907064E-01     0.6260369556E-01
    0.1013887962         0.3438763374E-01     0.3964768130E-01     0.2085128943         0.9643439125E-03     0.3911502061E-01     0.5874115732E-01     0.2827763321         0.2456025755E-01     0.6802742020E-01
    0.2613352868         0.6472427892E-03     0.2355070407E-01     0.1048071168         0.2450618416         0.2803981544E-01     0.6635698232E-01     0.1773124060         0.1166068972E-01     0.1424894997E-01
    0.1251310231         0.1464775286         0.2957063478E-01     0.1111230381         0.2460046402         0.6495063864E-02     0.1745452454E-01     0.4216138412E-01     0.1733264180         0.2022732431E-01
    0.1544305722         0.4710230524E-01
 

 INTERMEDIATE RESULTS BEFORE NEXT TEMPERATURE REDUCTION

  CURRENT TEMPERATURE:             0.66893E-02
  MIN FUNCTION VALUE SO FAR:   0.100707080592790186E-01
  TOTAL MOVES:                     840
     DOWNHILL:                     591
     ACCEPTED UPHILL:              146
     REJECTED UPHILL:              103
  TRIALS OUT OF BOUNDS:            370
  NEW MINIMA THIS TEMPERATURE:       3

                         CURRENT OPTIMAL X
    0.9964329461         0.3100587538E-01     0.3293321343         0.6395845975         0.7160207442E-01     0.2898492339         0.7616476328         0.5137272326         0.3287549771E-01     0.1703486045    
    0.2475483432         0.1015390068         0.9919991077E-01     0.9378818294         0.9996000420         0.8892118322E-01     0.1229487852         0.6625245840         0.6265922192E-01     0.1480931100    
    0.8973008538         0.1332537540E-02     0.6238688586E-01     0.2290915893         0.5423486590         0.7778141986E-01     0.1959270658         0.3819303278         0.6820191358         0.3083205462E-01
    0.2840993080         0.4053608514         0.7452826238E-01     0.3137240369         0.7129616391         0.1352333398E-01     0.3574705001E-01     0.1188767534         0.4000030372         0.5754141654E-01
    0.3486779548         0.1188100191    

                         STEP LENGTH (VM)
    0.1496460928E-01     0.1157679385E-01     0.1168255461         0.2361316672         0.2717066763E-01     0.1227191546         0.2433275295         0.5205585284E-02     0.1634907064E-01     0.6260369556E-01
    0.1013887962         0.3438763374E-01     0.3964768130E-01     0.2085128943         0.1898551732E-02     0.3911502061E-01     0.5874115732E-01     0.2827763321         0.2456025755E-01     0.6802742020E-01
    0.2613352868         0.6472427892E-03     0.2355070407E-01     0.1048071168         0.2450618416         0.2803981544E-01     0.6635698232E-01     0.1773124060         0.4322108824E-02     0.1424894997E-01
    0.1251310231         0.1464775286         0.2957063478E-01     0.1111230381         0.2460046402         0.6495063864E-02     0.1745452454E-01     0.4216138412E-01     0.1733264180         0.2022732431E-01
    0.1544305722         0.4710230524E-01
 

 INTERMEDIATE RESULTS BEFORE NEXT TEMPERATURE REDUCTION

  CURRENT TEMPERATURE:             0.50170E-02
  MIN FUNCTION VALUE SO FAR:   0.100587130425778583E-01
  TOTAL MOVES:                     840
     DOWNHILL:                     577
     ACCEPTED UPHILL:              141
     REJECTED UPHILL:              122
  TRIALS OUT OF BOUNDS:            406
  NEW MINIMA THIS TEMPERATURE:       1

                         CURRENT OPTIMAL X
    0.9964329461         0.3279170446E-01     0.3293321343         0.6395845975         0.7160207442E-01     0.2898492339         0.7616476328         0.5137272326         0.3287549771E-01     0.1703486045    
    0.2475483432         0.1015390068         0.9919991077E-01     0.9378818294         0.9996000420         0.8892118322E-01     0.1229487852         0.6625245840         0.6265922192E-01     0.1480931100    
    0.8973008538         0.1332537540E-02     0.6238688586E-01     0.2290915893         0.5423486590         0.7778141986E-01     0.1959270658         0.3819303278         0.6820191358         0.3083205462E-01
    0.2840993080         0.4053608514         0.7452826238E-01     0.3137240369         0.7129616391         0.1352333398E-01     0.3574705001E-01     0.1188767534         0.4000030372         0.5754141654E-01
    0.3486779548         0.1188100191    

                         STEP LENGTH (VM)
    0.5731126806E-02     0.1157679385E-01     0.1168255461         0.2361316672         0.2717066763E-01     0.1227191546         0.2433275295         0.2700363850E-02     0.1634907064E-01     0.6260369556E-01
    0.1013887962         0.3438763374E-01     0.3964768130E-01     0.2085128943         0.9608170133E-03     0.3911502061E-01     0.5874115732E-01     0.2827763321         0.2456025755E-01     0.6802742020E-01
    0.2613352868         0.6472427892E-03     0.2355070407E-01     0.1048071168         0.2450618416         0.2803981544E-01     0.6635698232E-01     0.1773124060         0.3241581558E-02     0.1424894997E-01
    0.1251310231         0.1464775286         0.2957063478E-01     0.1111230381         0.2460046402         0.4330042388E-02     0.1745452454E-01     0.4216138412E-01     0.1733264180         0.2022732431E-01
    0.1544305722         0.4710230524E-01
 

 INTERMEDIATE RESULTS BEFORE NEXT TEMPERATURE REDUCTION

  CURRENT TEMPERATURE:             0.37627E-02
  MIN FUNCTION VALUE SO FAR:   0.964662677476802767E-02
  TOTAL MOVES:                     840
     DOWNHILL:                     597
     ACCEPTED UPHILL:              139
     REJECTED UPHILL:              104
  TRIALS OUT OF BOUNDS:            381
  NEW MINIMA THIS TEMPERATURE:       3

                         CURRENT OPTIMAL X
    0.9983586407         0.2750878262E-01     0.3346753459         0.6125291998         0.7004830537E-01     0.3121318182         0.8451985909         0.5149542337         0.3287549771E-01     0.1361730240    
    0.2377236010         0.9746444336E-01     0.9186468316E-01     0.9316041646         0.9998835791         0.8818032484E-01     0.1760859045         0.6361771032         0.6941707782E-01     0.1615565918    
    0.8605906582         0.1525526830E-02     0.6715203582E-01     0.2501743217         0.6784797161         0.7956582855E-01     0.1419138817         0.3680056334         0.6833668346         0.2949489235E-01
    0.2904107470         0.3912060326         0.6112770958E-01     0.3181590322         0.5036999150         0.1352333398E-01     0.5229864303E-01     0.1381280213         0.3703252709         0.5177383752E-01
    0.4489190886         0.1087750916    

                         STEP LENGTH (VM)
    0.4366571863E-02     0.1157679385E-01     0.1168255461         0.2361316672         0.2717066763E-01     0.1227191546         0.2433275295         0.2700363589E-02     0.1634907064E-01     0.6260369556E-01
    0.1013887962         0.3438763374E-01     0.3964768130E-01     0.2085128943         0.7206127466E-03     0.3911502061E-01     0.5874115732E-01     0.2827763321         0.2456025755E-01     0.6802742020E-01
    0.2613352868         0.6472427892E-03     0.2355070407E-01     0.1048071168         0.2450618416         0.2803981544E-01     0.6635698232E-01     0.1773124060         0.2365478146E-02     0.1424894997E-01
    0.1251310231         0.1464775286         0.2957063478E-01     0.1111230381         0.2460046402         0.6911328461E-03     0.1745452454E-01     0.4216138412E-01     0.1733264180         0.2022732431E-01
    0.1544305722         0.4710230524E-01
 

 INTERMEDIATE RESULTS BEFORE NEXT TEMPERATURE REDUCTION

  CURRENT TEMPERATURE:             0.28220E-02
  MIN FUNCTION VALUE SO FAR:   0.961872976068034978E-02
  TOTAL MOVES:                     840
     DOWNHILL:                     569
     ACCEPTED UPHILL:              145
     REJECTED UPHILL:              126
  TRIALS OUT OF BOUNDS:            344
  NEW MINIMA THIS TEMPERATURE:       0

                         CURRENT OPTIMAL X
    0.9983586407         0.2600155825E-01     0.3278859659         0.5281260164         0.7004830537E-01     0.3121318182         0.8451985909         0.5149542337         0.3287549771E-01     0.1361730240    
    0.2377236010         0.9746444336E-01     0.9186468316E-01     0.9316041646         0.9998835791         0.8818032484E-01     0.1760859045         0.6361771032         0.6941707782E-01     0.1615565918    
    0.8605906582         0.1525526830E-02     0.6715203582E-01     0.2501743217         0.6784797161         0.7956582855E-01     0.1419138817         0.3680056334         0.6833668346         0.2949489235E-01
    0.2904107470         0.3912060326         0.6112770958E-01     0.3181590322         0.5036999150         0.1352333398E-01     0.5229864303E-01     0.1381280213         0.3703252709         0.5177383752E-01
    0.4489190886         0.1087750916    

                         STEP LENGTH (VM)
    0.1486492473E-02     0.1157679385E-01     0.1168255461         0.2361316672         0.2717066763E-01     0.1227191546         0.2433275295         0.3763259428E-03     0.1634907064E-01     0.6260369556E-01
    0.1013887962         0.3438763374E-01     0.3964768130E-01     0.2085128943         0.2214115700E-03     0.3911502061E-01     0.5874115732E-01     0.2827763321         0.2456025755E-01     0.6802742020E-01
    0.2613352868         0.6472427892E-03     0.2355070407E-01     0.1048071168         0.2450618416         0.2803981544E-01     0.6635698232E-01     0.1773124060         0.6867517054E-03     0.1424894997E-01
    0.1251310231         0.1464775286         0.2957063478E-01     0.1111230381         0.2460046402         0.8720775247E-04     0.2985983316E-02     0.1562738523E-01     0.1540679233         0.2022732431E-01
    0.1544305722         0.4710230524E-01
 

 INTERMEDIATE RESULTS BEFORE NEXT TEMPERATURE REDUCTION

  CURRENT TEMPERATURE:             0.21165E-02
  MIN FUNCTION VALUE SO FAR:   0.961872976068034978E-02
  TOTAL MOVES:                     840
     DOWNHILL:                     597
     ACCEPTED UPHILL:              146
     REJECTED UPHILL:               97
  TRIALS OUT OF BOUNDS:            363
  NEW MINIMA THIS TEMPERATURE:       0

                         CURRENT OPTIMAL X
    0.9983586407         0.2600155825E-01     0.3278859659         0.5281260164         0.7004830537E-01     0.3121318182         0.8451985909         0.5149542337         0.3287549771E-01     0.1361730240    
    0.2377236010         0.9746444336E-01     0.9186468316E-01     0.9316041646         0.9998835791         0.8818032484E-01     0.1760859045         0.6361771032         0.6941707782E-01     0.1615565918    
    0.8605906582         0.1525526830E-02     0.6715203582E-01     0.2501743217         0.6784797161         0.7956582855E-01     0.1419138817         0.3680056334         0.6833668346         0.2949489235E-01
    0.2904107470         0.3912060326         0.6112770958E-01     0.3181590322         0.5036999150         0.1352333398E-01     0.5229864303E-01     0.1381280213         0.3703252709         0.5177383752E-01
    0.4489190886         0.1087750916    

                         STEP LENGTH (VM)
    0.7231584269E-03     0.1157679385E-01     0.1168255461         0.2361316672         0.2717066763E-01     0.1227191546         0.2433275295         0.4780356177E-03     0.1634907064E-01     0.6260369556E-01
    0.1013887962         0.3438763374E-01     0.3964768130E-01     0.2085128943         0.2906026201E-03     0.3911502061E-01     0.5874115732E-01     0.2827763321         0.2456025755E-01     0.6802742020E-01
    0.2613352868         0.6472427892E-03     0.2355070407E-01     0.1048071168         0.2450618416         0.2803981544E-01     0.6635698232E-01     0.1773124060         0.4754433902E-03     0.1424894997E-01
    0.1251310231         0.1464775286         0.2957063478E-01     0.1111230381         0.2460046402         0.1062283593E-03     0.1745452454E-01     0.4216138412E-01     0.1733264180         0.2022732431E-01
    0.1544305722         0.4710230524E-01
 

 INTERMEDIATE RESULTS BEFORE NEXT TEMPERATURE REDUCTION

  CURRENT TEMPERATURE:             0.15874E-02
  MIN FUNCTION VALUE SO FAR:   0.961872976068034978E-02
  TOTAL MOVES:                     840
     DOWNHILL:                     616
     ACCEPTED UPHILL:              137
     REJECTED UPHILL:               87
  TRIALS OUT OF BOUNDS:            358
  NEW MINIMA THIS TEMPERATURE:       0

                         CURRENT OPTIMAL X
    0.9983586407         0.2600155825E-01     0.3278859659         0.5281260164         0.7004830537E-01     0.3121318182         0.8451985909         0.5149542337         0.3287549771E-01     0.1361730240    
    0.2377236010         0.9746444336E-01     0.9186468316E-01     0.9316041646         0.9998835791         0.8818032484E-01     0.1760859045         0.6361771032         0.6941707782E-01     0.1615565918    
    0.8605906582         0.1525526830E-02     0.6715203582E-01     0.2501743217         0.6784797161         0.7956582855E-01     0.1419138817         0.3680056334         0.6833668346         0.2949489235E-01
    0.2904107470         0.3912060326         0.6112770958E-01     0.3181590322         0.5036999150         0.1352333398E-01     0.5229864303E-01     0.1381280213         0.3703252709         0.5177383752E-01
    0.4489190886         0.1087750916    

                         STEP LENGTH (VM)
    0.2952152133E-02     0.1157679385E-01     0.1168255461         0.2361316672         0.2717066763E-01     0.1227191546         0.2433275295         0.8365621878E-03     0.1634907064E-01     0.6260369556E-01
    0.1013887962         0.3438763374E-01     0.3964768130E-01     0.2085128943         0.1968102147E-03     0.3911502061E-01     0.5874115732E-01     0.2827763321         0.2456025755E-01     0.6802742020E-01
    0.2613352868         0.6472427892E-03     0.2355070407E-01     0.1048071168         0.2450618416         0.2803981544E-01     0.6635698232E-01     0.1773124060         0.9861046195E-03     0.1424894997E-01
    0.1251310231         0.1464775286         0.2957063478E-01     0.1111230381         0.2460046402         0.7081890314E-04     0.1745452454E-01     0.4216138412E-01     0.1733264180         0.2022732431E-01
    0.1544305722         0.4710230524E-01
 

 INTERMEDIATE RESULTS BEFORE NEXT TEMPERATURE REDUCTION

  CURRENT TEMPERATURE:             0.11905E-02
  MIN FUNCTION VALUE SO FAR:   0.953170631070571553E-02
  TOTAL MOVES:                     840
     DOWNHILL:                     637
     ACCEPTED UPHILL:              129
     REJECTED UPHILL:               74
  TRIALS OUT OF BOUNDS:            382
  NEW MINIMA THIS TEMPERATURE:       1

                         CURRENT OPTIMAL X
    0.9999686960         0.2701731516E-01     0.3148869324         0.6975604034         0.7510505019E-01     0.3349335876         0.9795627667         0.5143992128         0.3384368117E-01     0.1481862338    
    0.2124273949         0.9517813071E-01     0.8343805594E-01     0.8778870775         0.9999194827         0.8408786038E-01     0.1460533838         0.6455383170         0.6089668564E-01     0.1515847973    
    0.7589361387         0.1872941314E-02     0.6179748153E-01     0.2225189052         0.5629991002         0.6319084398E-01     0.1702242409         0.4197643364         0.6833668346         0.3161049063E-01
    0.3431216964         0.3156764616         0.6401654908E-01     0.2297211023         0.6687565806         0.1352329843E-01     0.4506306224E-01     0.1327527339         0.4376004904         0.5023220539E-01
    0.4572440199         0.1338739521    

                         STEP LENGTH (VM)
    0.3034155977E-02     0.1157679385E-01     0.1168255461         0.2361316672         0.2717066763E-01     0.1227191546         0.2433275295         0.7436108151E-03     0.1379452661E-01     0.6260369556E-01
    0.1013887962         0.3438763374E-01     0.3964768130E-01     0.2085128943         0.2214114677E-03     0.3911502061E-01     0.5874115732E-01     0.2827763321         0.2456025755E-01     0.6802742020E-01
    0.2613352868         0.6472427892E-03     0.2355070407E-01     0.1048071168         0.2450618416         0.2803981544E-01     0.6635698232E-01     0.1773124060         0.9529701652E-03     0.1424894997E-01
    0.1251310231         0.1464775286         0.2957063478E-01     0.1111230381         0.2460046402         0.2712212881E-04     0.1745452454E-01     0.4216138412E-01     0.1733264180         0.2022732431E-01
    0.1544305722         0.4710230524E-01
 

 INTERMEDIATE RESULTS BEFORE NEXT TEMPERATURE REDUCTION

  CURRENT TEMPERATURE:             0.89291E-03
  MIN FUNCTION VALUE SO FAR:   0.952296284277658750E-02
  TOTAL MOVES:                     840
     DOWNHILL:                     523
     ACCEPTED UPHILL:               97
     REJECTED UPHILL:              220
  TRIALS OUT OF BOUNDS:            372
  NEW MINIMA THIS TEMPERATURE:       1

                         CURRENT OPTIMAL X
    0.9999686960         0.3445858813E-01     0.2649907483         0.5745440741         0.7510505019E-01     0.3349335876         0.9795627667         0.5143992128         0.3384368117E-01     0.1481862338    
    0.2124273949         0.9517813071E-01     0.8343805594E-01     0.8778870775         0.9999194827         0.8408786038E-01     0.1460533838         0.6455383170         0.6089668564E-01     0.1515847973    
    0.7589361387         0.1872941314E-02     0.6179748153E-01     0.2225189052         0.5629991002         0.6319084398E-01     0.1702242409         0.4197643364         0.6833668346         0.3161049063E-01
    0.3431216964         0.3156764616         0.6401654908E-01     0.2297211023         0.6687565806         0.1352329843E-01     0.4506306224E-01     0.1327527339         0.4376004904         0.5023220539E-01
    0.4572440199         0.1338739521    

                         STEP LENGTH (VM)
    0.1116007264E-03     0.6615310702E-02     0.5965559755E-01     0.1349323798         0.2717066763E-01     0.1227191546         0.2433275295         0.6788669887E-04     0.1189735271E-02     0.1384782188E-01
    0.6576570474E-01     0.3438763374E-01     0.3964768130E-01     0.2085128943         0.2637158785E-04     0.3911502061E-01     0.5874115732E-01     0.2827763321         0.2456025755E-01     0.6802742020E-01
    0.2613352868         0.6472427892E-03     0.2355070407E-01     0.1048071168         0.2450618416         0.2803981544E-01     0.6635698232E-01     0.1773124060         0.6869340830E-04     0.1266573299E-01
    0.8116606788E-01     0.1464775286         0.2957063478E-01     0.1111230381         0.2460046402         0.7418017586E-05     0.5370622670E-02     0.2371577768E-01     0.5741001413E-01     0.2022732431E-01
    0.1544305722         0.4710230524E-01
 

 INTERMEDIATE RESULTS BEFORE NEXT TEMPERATURE REDUCTION

  CURRENT TEMPERATURE:             0.66968E-03
  MIN FUNCTION VALUE SO FAR:   0.947369776108560914E-02
  TOTAL MOVES:                     840
     DOWNHILL:                     621
     ACCEPTED UPHILL:              147
     REJECTED UPHILL:               72
  TRIALS OUT OF BOUNDS:            355
  NEW MINIMA THIS TEMPERATURE:       0

                         CURRENT OPTIMAL X
    0.9999301522         0.3177776510E-01     0.2948044863         0.5324213703         0.7061884965E-01     0.3060728528         0.9648141349         0.5144806543         0.3357422651E-01     0.1446876094    
    0.2032989198         0.6937205753E-01     0.1003709403         0.9379386766         0.9999114474         0.1166440547         0.1232730811         0.6090085417         0.4926081286E-01     0.1551119921    
    0.8119564245         0.1304516729E-02     0.6527566953E-01     0.2276070169         0.7007427215         0.8094454174E-01     0.1472247252         0.4006844482         0.6834059160         0.4142833591E-01
    0.3280168676         0.4371288488         0.6728937007E-01     0.2455336335         0.6840463705         0.1353048696E-01     0.5081118133E-01     0.1214256862         0.4415403332         0.5876426113E-01
    0.4413582460         0.1326842896    

                         STEP LENGTH (VM)
    0.9711849622E-03     0.1157679385E-01     0.1168255461         0.2361316672         0.2717066763E-01     0.1227191546         0.2433275295         0.2377665568E-03     0.2676903284E-02     0.3291261288E-01
    0.1013887962         0.3438763374E-01     0.3964768130E-01     0.2085128943         0.2374815960E-03     0.3911502061E-01     0.5874115732E-01     0.2827763321         0.2456025755E-01     0.6802742020E-01
    0.2613352868         0.6472427892E-03     0.2355070407E-01     0.1048071168         0.2450618416         0.2803981544E-01     0.6635698232E-01     0.1773124060         0.2616423539E-03     0.1424894997E-01
    0.1251310231         0.1464775286         0.2957063478E-01     0.1111230381         0.2460046402         0.4089066717E-04     0.1551513254E-01     0.4216138412E-01     0.1733264180         0.2022732431E-01
    0.1544305722         0.4710230524E-01
 

 INTERMEDIATE RESULTS BEFORE NEXT TEMPERATURE REDUCTION

  CURRENT TEMPERATURE:             0.50226E-03
  MIN FUNCTION VALUE SO FAR:   0.946373962825631729E-02
  TOTAL MOVES:                     840
     DOWNHILL:                     604
     ACCEPTED UPHILL:              132
     REJECTED UPHILL:              104
  TRIALS OUT OF BOUNDS:            363
  NEW MINIMA THIS TEMPERATURE:       0

                         CURRENT OPTIMAL X
    0.9999301522         0.3057566126E-01     0.2953788633         0.6227043352         0.7061884965E-01     0.3060728528         0.9648141349         0.5144806543         0.3357422651E-01     0.1446876094    
    0.2032989198         0.6937205753E-01     0.1003709403         0.9379386766         0.9999114474         0.1166440547         0.1232730811         0.6090085417         0.4926081286E-01     0.1551119921    
    0.8119564245         0.1304516729E-02     0.6527566953E-01     0.2276070169         0.7007427215         0.8094454174E-01     0.1472247252         0.4006844482         0.6834059160         0.4142833591E-01
    0.3280168676         0.4371288488         0.6728937007E-01     0.2455336335         0.6840463705         0.1353048696E-01     0.5081118133E-01     0.1214256862         0.4415403332         0.5876426113E-01
    0.4413582460         0.1326842896    

                         STEP LENGTH (VM)
    0.1080959653E-02     0.1157679385E-01     0.1168255461         0.2361316672         0.2717066763E-01     0.1227191546         0.2433275295         0.2377665072E-03     0.4126892223E-02     0.3702668137E-01
    0.1013887828         0.3438763374E-01     0.3964768130E-01     0.2085128943         0.1859644024E-03     0.3911502061E-01     0.5874115732E-01     0.2827763321         0.2456025755E-01     0.6802742020E-01
    0.2613352868         0.6472427892E-03     0.2355070407E-01     0.1048071168         0.2450618416         0.2803981544E-01     0.6635698232E-01     0.1773124060         0.3585468909E-03     0.1424894997E-01
    0.1251310231         0.1464775286         0.2957063478E-01     0.1111230381         0.2460046402         0.4089066322E-04     0.9818169686E-02     0.4216138412E-01     0.1733264180         0.2022732431E-01
    0.1544305722         0.4710230524E-01
 

 INTERMEDIATE RESULTS BEFORE NEXT TEMPERATURE REDUCTION

  CURRENT TEMPERATURE:             0.37670E-03
  MIN FUNCTION VALUE SO FAR:   0.944700823296070261E-02
  TOTAL MOVES:                     840
     DOWNHILL:                     624
     ACCEPTED UPHILL:              137
     REJECTED UPHILL:               79
  TRIALS OUT OF BOUNDS:            350
  NEW MINIMA THIS TEMPERATURE:       1

                         CURRENT OPTIMAL X
    0.9999301522         0.3362656914E-01     0.2798209118         0.6227043352         0.7061884965E-01     0.3060728528         0.9648141349         0.5144806543         0.3357422651E-01     0.1446876094    
    0.2032989198         0.6937205753E-01     0.1003709403         0.9379386766         0.9999114474         0.1166440547         0.1232730811         0.6090085417         0.4926081286E-01     0.1551119921    
    0.8119564245         0.1304516729E-02     0.6527566953E-01     0.2276070169         0.7007427215         0.8094454174E-01     0.1472247252         0.4006844482         0.6834059160         0.4142833591E-01
    0.3280168676         0.4371288488         0.6728937007E-01     0.2455336335         0.6840463705         0.1353048696E-01     0.5081118133E-01     0.1214256862         0.4415403332         0.5876426113E-01
    0.4413582460         0.1326842896    

                         STEP LENGTH (VM)
    0.1519186423E-02     0.1157679385E-01     0.1168255461         0.2361316672         0.2717066763E-01     0.1227191546         0.2433275295         0.3170219801E-03     0.2107349203E-02     0.2925564415E-01
    0.6517849553E-01     0.3438763374E-01     0.3964768130E-01     0.2085128943         0.1416871491E-03     0.3911502061E-01     0.5874115732E-01     0.2827763321         0.2456025755E-01     0.6802742020E-01
    0.2613352868         0.6472427892E-03     0.2355070407E-01     0.1048071168         0.2450618416         0.2803981544E-01     0.6635698232E-01     0.1773124060         0.3553455080E-03     0.1424894997E-01
    0.1251310231         0.1464775286         0.2957063478E-01     0.1111230381         0.2460046402         0.2628685182E-04     0.1745452454E-01     0.4216138412E-01     0.1733264180         0.2022732431E-01
    0.1544305722         0.4710230524E-01
 

 INTERMEDIATE RESULTS BEFORE NEXT TEMPERATURE REDUCTION

  CURRENT TEMPERATURE:             0.28252E-03
  MIN FUNCTION VALUE SO FAR:   0.944502107245312993E-02
  TOTAL MOVES:                     840
     DOWNHILL:                     619
     ACCEPTED UPHILL:              113
     REJECTED UPHILL:              108
  TRIALS OUT OF BOUNDS:            369
  NEW MINIMA THIS TEMPERATURE:       0

                         CURRENT OPTIMAL X
    0.9997604319         0.2999443461E-01     0.3378008085         0.5266134955         0.6420479871E-01     0.2946225870         0.8061162867         0.5144612027         0.3512507755E-01     0.1312821574    
    0.2317602236         0.8280704103E-01     0.9391033019E-01     0.8303171081         0.9999810483         0.8463723085E-01     0.1257030718         0.8377731491         0.6689034924E-01     0.1938131515    
    0.8914851632         0.1821218805E-02     0.6106637052E-01     0.2444176321         0.6096348769         0.6962481326E-01     0.1363858866         0.4168465349         0.6836387072         0.3794908886E-01
    0.2702254717         0.3276541129         0.7330865552E-01     0.2245240129         0.5650739906         0.1354323015E-01     0.5200223933E-01     0.1243022608         0.4701620996         0.4180207587E-01
    0.4119630959         0.1107700621    

                         STEP LENGTH (VM)
    0.7462669237E-03     0.1157679385E-01     0.1168255461         0.2361316672         0.2717066763E-01     0.1227191546         0.2433275295         0.1811554152E-03     0.1580511511E-02     0.8536600044E-02
    0.7655885350E-01     0.3438763374E-01     0.3964768130E-01     0.2085128943         0.5965773884E-04     0.3911502061E-01     0.5874115732E-01     0.2827763321         0.2456025755E-01     0.6802742020E-01
    0.2613352868         0.6472427892E-03     0.2355070407E-01     0.1048071168         0.2450618416         0.2803981544E-01     0.6635698232E-01     0.1773124060         0.2368969951E-03     0.1424894997E-01
    0.1251310231         0.1464775286         0.2957063478E-01     0.1111230381         0.2460046402         0.2628684958E-04     0.1745452454E-01     0.4216138412E-01     0.1733264180         0.2022732431E-01
    0.1544305722         0.4710230524E-01
 

  SA ACHIEVED TERMINATION CRITERIA. IER = 0. 


  ****   RESULTS AFTER SA   ****   

                         SOLUTION
    0.9997604319         0.2999443461E-01     0.3378008085         0.5266134955         0.6420479871E-01     0.2946225870         0.8061162867         0.5144612027         0.3512507755E-01     0.1312821574    
    0.2317602236         0.8280704103E-01     0.9391033019E-01     0.8303171081         0.9999810483         0.8463723085E-01     0.1257030718         0.8377731491         0.6689034924E-01     0.1938131515    
    0.8914851632         0.1821218805E-02     0.6106637052E-01     0.2444176321         0.6096348769         0.6962481326E-01     0.1363858866         0.4168465349         0.6836387072         0.3794908886E-01
    0.2702254717         0.3276541129         0.7330865552E-01     0.2245240129         0.5650739906         0.1354323015E-01     0.5200223933E-01     0.1243022608         0.4701620996         0.4180207587E-01
    0.4119630959         0.1107700621    

                         FINAL STEP LENGTH
    0.7462669237E-03     0.1157679385E-01     0.1168255461         0.2361316672         0.2717066763E-01     0.1227191546         0.2433275295         0.1811554152E-03     0.1580511511E-02     0.8536600044E-02
    0.7655885350E-01     0.3438763374E-01     0.3964768130E-01     0.2085128943         0.5965773884E-04     0.3911502061E-01     0.5874115732E-01     0.2827763321         0.2456025755E-01     0.6802742020E-01
    0.2613352868         0.6472427892E-03     0.2355070407E-01     0.1048071168         0.2450618416         0.2803981544E-01     0.6635698232E-01     0.1773124060         0.2368969951E-03     0.1424894997E-01
    0.1251310231         0.1464775286         0.2957063478E-01     0.1111230381         0.2460046402         0.2628684958E-04     0.1745452454E-01     0.4216138412E-01     0.1733264180         0.2022732431E-01
    0.1544305722         0.4710230524E-01

 OPTIMAL FUNCTION VALUE:  0.9445021072453E-02
 NUMBER OF FUNCTION EVALUATIONS:          29401
 NUMBER OF ACCEPTED EVALUATIONS:          27200
 NUMBER OF OUT OF BOUND EVALUATIONS:      13848
 FINAL TEMP:  0.2825224473393E-03  IER:   0
