
 SIMULATED PARALLEL ANNEALING by NEIGHBORHOOD EXAMPLE

 NUMBER OF PARAMETERS:  42   MAXIMAZATION:     F
 INITIAL TEMP:  5.0       RT: 0.75       EPS: 0.10E-02
 NS:  24   NT:  20   NEPS:  4
 MAXEVL:  100000000   IPRINT: 1   ISEED1:    7 ISEED2:    8

                         STARTING VALUES
    0.9944130771         0.4611057043E-02     0.1021597147         0.9656862020         0.6888439655E-01     0.1285639524         0.5640691519E-01     0.8980600221         0.2657655366E-01     0.2252801418    
    0.8002688799         0.5809195638E-01     0.1528352261         0.7418605089         0.9377563028         0.4670007827E-02     0.2575886349         0.1124375573         0.3257215023E-01     0.1052329063    
    0.3672899604         0.7084873968E-01     0.7250557184E-01     0.1471059680         0.2439512014         0.9384149909E-01     0.2303974271         0.8725771904         0.8671301494         0.6379097743E-02
    0.2268632475         0.1338692586         0.1569636464E-01     0.1072460651         0.9879437089         0.7941318133E-01     0.7119461298E-01     0.2198220968         0.3676842451         0.8349958062E-01
    0.1250128508         0.7395339608    

                         INITIAL STEP LENGTH
     1.000000000         0.1000000000         0.2000000000          1.000000000         0.1000000000         0.2000000000          1.000000000          1.000000000         0.1000000000         0.2000000000    
     1.000000000         0.1000000000         0.2000000000          1.000000000          1.000000000         0.1000000000         0.2000000000          1.000000000         0.1000000000         0.2000000000    
     1.000000000          1.000000000         0.1000000000         0.2000000000          1.000000000         0.1000000000         0.2000000000          1.000000000          1.000000000         0.1000000000    
    0.2000000000          1.000000000         0.1000000000         0.2000000000          1.000000000          1.000000000         0.1000000000         0.2000000000          1.000000000         0.1000000000    
    0.2000000000          1.000000000    

                         LOWER BOUND
     0.000000000          0.000000000         0.1000000000          0.000000000          0.000000000         0.1000000000          0.000000000          0.000000000          0.000000000         0.1000000000    
     0.000000000          0.000000000         0.1000000000          0.000000000          0.000000000          0.000000000         0.1000000000          0.000000000          0.000000000         0.1000000000    
     0.000000000          0.000000000          0.000000000         0.1000000000          0.000000000          0.000000000         0.1000000000          0.000000000          0.000000000          0.000000000    
    0.1000000000          0.000000000          0.000000000         0.1000000000          0.000000000          0.000000000          0.000000000         0.1000000000          0.000000000          0.000000000    
    0.1000000000          0.000000000    

                         UPPER BOUND
     1.000000000         0.1000000000         0.3000000000          1.000000000         0.1000000000         0.3000000000          1.000000000          1.000000000         0.1000000000         0.3000000000    
     1.000000000         0.1000000000         0.3000000000          1.000000000          1.000000000         0.1000000000         0.3000000000          1.000000000         0.1000000000         0.3000000000    
     1.000000000          1.000000000         0.1000000000         0.3000000000          1.000000000         0.1000000000         0.3000000000          1.000000000          1.000000000         0.1000000000    
    0.3000000000          1.000000000         0.1000000000         0.3000000000          1.000000000          1.000000000         0.1000000000         0.3000000000          1.000000000         0.1000000000    
    0.3000000000          1.000000000    

                         C VECTOR
     2.000000000          2.000000000          2.000000000          2.000000000          2.000000000          2.000000000          2.000000000          2.000000000          2.000000000          2.000000000    
     2.000000000          2.000000000          2.000000000          2.000000000          2.000000000          2.000000000          2.000000000          2.000000000          2.000000000          2.000000000    
     2.000000000          2.000000000          2.000000000          2.000000000          2.000000000          2.000000000          2.000000000          2.000000000          2.000000000          2.000000000    
     2.000000000          2.000000000          2.000000000          2.000000000          2.000000000          2.000000000          2.000000000          2.000000000          2.000000000          2.000000000    
     2.000000000          2.000000000    

  ****   END OF DRIVER ROUTINE OUTPUT   ****
  ****   BEFORE CALL TO SA.             ****
  

                         INITIAL X
    0.9944130771         0.4611057043E-02     0.1021597147         0.9656862020         0.6888439655E-01     0.1285639524         0.5640691519E-01     0.8980600221         0.2657655366E-01     0.2252801418    
    0.8002688799         0.5809195638E-01     0.1528352261         0.7418605089         0.9377563028         0.4670007827E-02     0.2575886349         0.1124375573         0.3257215023E-01     0.1052329063    
    0.3672899604         0.7084873968E-01     0.7250557184E-01     0.1471059680         0.2439512014         0.9384149909E-01     0.2303974271         0.8725771904         0.8671301494         0.6379097743E-02
    0.2268632475         0.1338692586         0.1569636464E-01     0.1072460651         0.9879437089         0.7941318133E-01     0.7119461298E-01     0.2198220968         0.3676842451         0.8349958062E-01
    0.1250128508         0.7395339608    
  INITIAL F: 
 0.207006441464821139    

 INTERMEDIATE RESULTS BEFORE NEXT TEMPERATURE REDUCTION

  CURRENT TEMPERATURE:              5.0000    
  MIN FUNCTION VALUE SO FAR:   0.457461045114612025E-01
  TOTAL MOVES:                    3360
     DOWNHILL:                    2399
     ACCEPTED UPHILL:              854
     REJECTED UPHILL:              107
  TRIALS OUT OF BOUNDS:           1604
  NEW MINIMA THIS TEMPERATURE:       1

                         CURRENT OPTIMAL X
    0.9459746480         0.9948309660E-01     0.2974605441         0.4675105810         0.3269016743E-01     0.1973180890         0.6403021216         0.6518954039         0.7885510325E-01     0.2085555196    
    0.3493732214E-01     0.1259145141E-01     0.2859456897         0.4024319649         0.9377563028         0.4221498966E-02     0.2950263500         0.3294126391         0.3408277631E-01     0.2855344296    
    0.1986094713         0.1723971367         0.3012022018E-01     0.2950389743         0.3760938048         0.2209436893E-01     0.1896711707         0.1440958977         0.7526208758         0.1255611181E-01
    0.2552238226         0.2077240626         0.5546151996E-01     0.2889063001         0.2854687572         0.1160768270         0.5982859731E-01     0.1144966125         0.3817355633         0.1149702072E-01
    0.2870005012         0.4683051705    

                         STEP LENGTH (VM)
     1.000000000         0.1000000000         0.2000000000          1.000000000         0.1000000000         0.2000000000          1.000000000          1.000000000         0.1000000000         0.2000000000    
     1.000000000         0.1000000000         0.2000000000          1.000000000         0.4695520505         0.1000000000         0.2000000000          1.000000000         0.1000000000         0.2000000000    
     1.000000000          1.000000000         0.1000000000         0.2000000000          1.000000000         0.1000000000         0.2000000000          1.000000000          1.000000000         0.1000000000    
    0.2000000000          1.000000000         0.1000000000         0.2000000000          1.000000000          1.000000000         0.1000000000         0.2000000000          1.000000000         0.1000000000    
    0.2000000000          1.000000000    
 

 INTERMEDIATE RESULTS BEFORE NEXT TEMPERATURE REDUCTION

  CURRENT TEMPERATURE:              3.7500    
  MIN FUNCTION VALUE SO FAR:   0.247300020778308087E-01
  TOTAL MOVES:                    3360
     DOWNHILL:                    2392
     ACCEPTED UPHILL:              855
     REJECTED UPHILL:              113
  TRIALS OUT OF BOUNDS:           1611
  NEW MINIMA THIS TEMPERATURE:       0

                         CURRENT OPTIMAL X
    0.9459746480         0.8108967543E-02     0.1192630529         0.5554828644         0.9761725068E-01     0.1969175935         0.6645542979         0.6518954039         0.1953601837E-01     0.2085555196    
    0.3493732214E-01     0.1259145141E-01     0.2859456897         0.4024319649         0.9377563028         0.4221498966E-02     0.2950263500         0.3294126391         0.3408277631E-01     0.2855344296    
    0.1986094713         0.1723971367         0.3012022018E-01     0.2950389743         0.3760938048         0.2209436893E-01     0.1896711707         0.1440958977         0.7526208758         0.1255611181E-01
    0.2552238226         0.2077240626         0.5546151996E-01     0.2889063001         0.2854687572         0.1160768270         0.5982859731E-01     0.1144966125         0.3817355633         0.1149702072E-01
    0.2870005012         0.4683051705    

                         STEP LENGTH (VM)
     1.000000000         0.1000000000         0.2000000000          1.000000000         0.1000000000         0.2000000000          1.000000000          1.000000000         0.1000000000         0.2000000000    
     1.000000000         0.1000000000         0.2000000000          1.000000000         0.3940881994         0.1000000000         0.2000000000          1.000000000         0.1000000000         0.2000000000    
     1.000000000          1.000000000         0.1000000000         0.2000000000          1.000000000         0.1000000000         0.2000000000          1.000000000          1.000000000         0.1000000000    
    0.2000000000          1.000000000         0.1000000000         0.2000000000          1.000000000          1.000000000         0.1000000000         0.2000000000          1.000000000         0.1000000000    
    0.2000000000          1.000000000    
 

 INTERMEDIATE RESULTS BEFORE NEXT TEMPERATURE REDUCTION

  CURRENT TEMPERATURE:              2.8125    
  MIN FUNCTION VALUE SO FAR:   0.247300020778308087E-01
  TOTAL MOVES:                    3360
     DOWNHILL:                    2364
     ACCEPTED UPHILL:              876
     REJECTED UPHILL:              120
  TRIALS OUT OF BOUNDS:           1689
  NEW MINIMA THIS TEMPERATURE:       0

                         CURRENT OPTIMAL X
    0.9459746480         0.8108967543E-02     0.1192630529         0.5554828644         0.9761725068E-01     0.1969175935         0.6645542979         0.6518954039         0.1953601837E-01     0.2085555196    
    0.3493732214E-01     0.1259145141E-01     0.2859456897         0.4024319649         0.9377563028         0.4221498966E-02     0.2950263500         0.3294126391         0.3408277631E-01     0.2855344296    
    0.1986094713         0.1723971367         0.3012022018E-01     0.2950389743         0.3760938048         0.2209436893E-01     0.1896711707         0.1440958977         0.7526208758         0.1255611181E-01
    0.2552238226         0.2077240626         0.5546151996E-01     0.2889063001         0.2854687572         0.1160768270         0.5982859731E-01     0.1144966125         0.3817355633         0.1149702072E-01
    0.2870005012         0.4683051705    

                         STEP LENGTH (VM)
     1.000000000         0.1000000000         0.2000000000          1.000000000         0.1000000000         0.2000000000          1.000000000          1.000000000         0.1000000000         0.2000000000    
     1.000000000         0.1000000000         0.2000000000          1.000000000         0.3229106841         0.1000000000         0.2000000000          1.000000000         0.1000000000         0.2000000000    
     1.000000000          1.000000000         0.1000000000         0.2000000000          1.000000000         0.1000000000         0.2000000000          1.000000000          1.000000000         0.1000000000    
    0.2000000000          1.000000000         0.1000000000         0.2000000000          1.000000000          1.000000000         0.1000000000         0.2000000000          1.000000000         0.1000000000    
    0.2000000000          1.000000000    
 

 INTERMEDIATE RESULTS BEFORE NEXT TEMPERATURE REDUCTION

  CURRENT TEMPERATURE:              2.1094    
  MIN FUNCTION VALUE SO FAR:   0.237133754566177628E-01
  TOTAL MOVES:                    3360
     DOWNHILL:                    2370
     ACCEPTED UPHILL:              879
     REJECTED UPHILL:              111
  TRIALS OUT OF BOUNDS:           1641
  NEW MINIMA THIS TEMPERATURE:       0

                         CURRENT OPTIMAL X
    0.9293366075         0.1870190501E-01     0.1623910904         0.7865446806         0.9761725068E-01     0.1969175935         0.6645542979         0.6518954039         0.1953601837E-01     0.2085555196    
    0.3493732214E-01     0.1259145141E-01     0.2859456897         0.4024319649         0.9377563028         0.4221498966E-02     0.2950263500         0.3294126391         0.3408277631E-01     0.2855344296    
    0.1986094713         0.1723971367         0.3012022018E-01     0.2950389743         0.3760938048         0.2209436893E-01     0.1896711707         0.1440958977         0.7526208758         0.1255611181E-01
    0.2552238226         0.2077240626         0.5546151996E-01     0.2889063001         0.2854687572         0.1160768270         0.5982859731E-01     0.1144966125         0.3817355633         0.1149702072E-01
    0.2870005012         0.4683051705    

                         STEP LENGTH (VM)
     1.000000000         0.1000000000         0.2000000000          1.000000000         0.1000000000         0.2000000000          1.000000000          1.000000000         0.1000000000         0.2000000000    
     1.000000000         0.1000000000         0.2000000000          1.000000000         0.2537892759         0.1000000000         0.2000000000          1.000000000         0.1000000000         0.2000000000    
     1.000000000          1.000000000         0.1000000000         0.2000000000          1.000000000         0.1000000000         0.2000000000          1.000000000          1.000000000         0.1000000000    
    0.2000000000          1.000000000         0.1000000000         0.2000000000          1.000000000          1.000000000         0.1000000000         0.2000000000          1.000000000         0.1000000000    
    0.2000000000          1.000000000    
 

 INTERMEDIATE RESULTS BEFORE NEXT TEMPERATURE REDUCTION

  CURRENT TEMPERATURE:              1.5820    
  MIN FUNCTION VALUE SO FAR:   0.230170000144009727E-01
  TOTAL MOVES:                    3360
     DOWNHILL:                    2358
     ACCEPTED UPHILL:              875
     REJECTED UPHILL:              127
  TRIALS OUT OF BOUNDS:           1694
  NEW MINIMA THIS TEMPERATURE:       0

                         CURRENT OPTIMAL X
    0.9293366075         0.5587620139E-01     0.2854534149         0.9606424570         0.9761725068E-01     0.1969175935         0.6645542979         0.6518954039         0.1953601837E-01     0.2085555196    
    0.3493732214E-01     0.1259145141E-01     0.2859456897         0.4024319649         0.9377563028         0.4221498966E-02     0.2950263500         0.3294126391         0.3408277631E-01     0.2855344296    
    0.1986094713         0.1723971367         0.3012022018E-01     0.2950389743         0.3760938048         0.2209436893E-01     0.1896711707         0.1440958977         0.7526208758         0.1255611181E-01
    0.2552238226         0.2077240626         0.5546151996E-01     0.2889063001         0.2854687572         0.1160768270         0.5982859731E-01     0.1144966125         0.3817355633         0.1149702072E-01
    0.2870005012         0.4683051705    

                         STEP LENGTH (VM)
     1.000000000         0.1000000000         0.2000000000          1.000000000         0.1000000000         0.2000000000          1.000000000          1.000000000         0.1000000000         0.2000000000    
     1.000000000         0.1000000000         0.2000000000          1.000000000         0.2940891714         0.1000000000         0.2000000000          1.000000000         0.1000000000         0.2000000000    
     1.000000000          1.000000000         0.1000000000         0.2000000000          1.000000000         0.1000000000         0.2000000000          1.000000000          1.000000000         0.1000000000    
    0.2000000000          1.000000000         0.1000000000         0.2000000000          1.000000000          1.000000000         0.1000000000         0.2000000000          1.000000000         0.1000000000    
    0.2000000000          1.000000000    
 

 INTERMEDIATE RESULTS BEFORE NEXT TEMPERATURE REDUCTION

  CURRENT TEMPERATURE:              1.1865    
  MIN FUNCTION VALUE SO FAR:   0.229747342787310731E-01
  TOTAL MOVES:                    3360
     DOWNHILL:                    2363
     ACCEPTED UPHILL:              877
     REJECTED UPHILL:              120
  TRIALS OUT OF BOUNDS:           1685
  NEW MINIMA THIS TEMPERATURE:       0

                         CURRENT OPTIMAL X
    0.9293366075         0.3859872818E-01     0.1658073068         0.9900239706         0.9761725068E-01     0.1969175935         0.6645542979         0.6518954039         0.1953601837E-01     0.2085555196    
    0.3493732214E-01     0.1259145141E-01     0.2859456897         0.4024319649         0.9377563028         0.4221498966E-02     0.2950263500         0.3294126391         0.3408277631E-01     0.2855344296    
    0.1986094713         0.1723971367         0.3012022018E-01     0.2950389743         0.3760938048         0.2209436893E-01     0.1896711707         0.1440958977         0.7526208758         0.1255611181E-01
    0.2552238226         0.2077240626         0.5546151996E-01     0.2889063001         0.2854687572         0.1160768270         0.5982859731E-01     0.1144966125         0.3817355633         0.1149702072E-01
    0.2870005012         0.4683051705    

                         STEP LENGTH (VM)
     1.000000000         0.1000000000         0.2000000000          1.000000000         0.1000000000         0.2000000000          1.000000000          1.000000000         0.1000000000         0.2000000000    
     1.000000000         0.1000000000         0.2000000000          1.000000000         0.1907604372         0.1000000000         0.2000000000          1.000000000         0.1000000000         0.2000000000    
     1.000000000          1.000000000         0.1000000000         0.2000000000          1.000000000         0.1000000000         0.2000000000          1.000000000          1.000000000         0.1000000000    
    0.2000000000          1.000000000         0.1000000000         0.2000000000          1.000000000          1.000000000         0.1000000000         0.2000000000          1.000000000         0.1000000000    
    0.2000000000          1.000000000    
 

 INTERMEDIATE RESULTS BEFORE NEXT TEMPERATURE REDUCTION

  CURRENT TEMPERATURE:             0.88989    
  MIN FUNCTION VALUE SO FAR:   0.229747342787310731E-01
  TOTAL MOVES:                    3360
     DOWNHILL:                    2354
     ACCEPTED UPHILL:              861
     REJECTED UPHILL:              145
  TRIALS OUT OF BOUNDS:           1672
  NEW MINIMA THIS TEMPERATURE:       0

                         CURRENT OPTIMAL X
    0.9293366075         0.3859872818E-01     0.1658073068         0.9900239706         0.9761725068E-01     0.1969175935         0.6645542979         0.6518954039         0.1953601837E-01     0.2085555196    
    0.3493732214E-01     0.1259145141E-01     0.2859456897         0.4024319649         0.9377563028         0.4221498966E-02     0.2950263500         0.3294126391         0.3408277631E-01     0.2855344296    
    0.1986094713         0.1723971367         0.3012022018E-01     0.2950389743         0.3760938048         0.2209436893E-01     0.1896711707         0.1440958977         0.7526208758         0.1255611181E-01
    0.2552238226         0.2077240626         0.5546151996E-01     0.2889063001         0.2854687572         0.1160768270         0.5982859731E-01     0.1144966125         0.3817355633         0.1149702072E-01
    0.2870005012         0.4683051705    

                         STEP LENGTH (VM)
     1.000000000         0.1000000000         0.2000000000          1.000000000         0.1000000000         0.2000000000          1.000000000          1.000000000         0.1000000000         0.2000000000    
     1.000000000         0.1000000000         0.2000000000          1.000000000         0.2414310673         0.1000000000         0.2000000000          1.000000000         0.1000000000         0.2000000000    
     1.000000000          1.000000000         0.1000000000         0.2000000000          1.000000000         0.1000000000         0.2000000000          1.000000000          1.000000000         0.1000000000    
    0.2000000000          1.000000000         0.1000000000         0.2000000000          1.000000000          1.000000000         0.1000000000         0.2000000000          1.000000000         0.1000000000    
    0.2000000000          1.000000000    
 

 INTERMEDIATE RESULTS BEFORE NEXT TEMPERATURE REDUCTION

  CURRENT TEMPERATURE:             0.66742    
  MIN FUNCTION VALUE SO FAR:   0.228891982639390749E-01
  TOTAL MOVES:                    3360
     DOWNHILL:                    2352
     ACCEPTED UPHILL:              844
     REJECTED UPHILL:              164
  TRIALS OUT OF BOUNDS:           1594
  NEW MINIMA THIS TEMPERATURE:       0

                         CURRENT OPTIMAL X
    0.9293366075         0.3397706747E-01     0.1340669513         0.9900239706         0.9761725068E-01     0.1969175935         0.6645542979         0.6518954039         0.1953601837E-01     0.2085555196    
    0.3493732214E-01     0.1259145141E-01     0.2859456897         0.4024319649         0.9377563028         0.4221498966E-02     0.2950263500         0.3294126391         0.3408277631E-01     0.2855344296    
    0.1986094713         0.1723971367         0.3012022018E-01     0.2950389743         0.3760938048         0.2209436893E-01     0.1896711707         0.1440958977         0.7526208758         0.1255611181E-01
    0.2552238226         0.2077240626         0.5546151996E-01     0.2889063001         0.2854687572         0.1160768270         0.5982859731E-01     0.1144966125         0.3817355633         0.1149702072E-01
    0.2870005012         0.4683051705    

                         STEP LENGTH (VM)
     1.000000000         0.1000000000         0.2000000000          1.000000000         0.1000000000         0.2000000000          1.000000000         0.5698732608         0.1000000000         0.2000000000    
     1.000000000         0.1000000000         0.2000000000          1.000000000         0.1649818577         0.1000000000         0.2000000000          1.000000000         0.1000000000         0.2000000000    
     1.000000000          1.000000000         0.1000000000         0.2000000000          1.000000000         0.1000000000         0.2000000000          1.000000000          1.000000000         0.1000000000    
    0.2000000000          1.000000000         0.1000000000         0.2000000000          1.000000000          1.000000000         0.1000000000         0.2000000000          1.000000000         0.1000000000    
    0.2000000000          1.000000000    
 

 INTERMEDIATE RESULTS BEFORE NEXT TEMPERATURE REDUCTION

  CURRENT TEMPERATURE:             0.50056    
  MIN FUNCTION VALUE SO FAR:   0.227789951991195054E-01
  TOTAL MOVES:                    3360
     DOWNHILL:                    2306
     ACCEPTED UPHILL:              847
     REJECTED UPHILL:              207
  TRIALS OUT OF BOUNDS:           1615
  NEW MINIMA THIS TEMPERATURE:       0

                         CURRENT OPTIMAL X
    0.9293366075         0.2723815441E-01     0.1340669513         0.9900239706         0.9761725068E-01     0.1969175935         0.6645542979         0.6518954039         0.1953601837E-01     0.2085555196    
    0.3493732214E-01     0.1259145141E-01     0.2859456897         0.4024319649         0.9377563028         0.4221498966E-02     0.2950263500         0.3294126391         0.3408277631E-01     0.2855344296    
    0.1986094713         0.1723971367         0.3012022018E-01     0.2950389743         0.3760938048         0.2209436893E-01     0.1896711707         0.1440958977         0.7526208758         0.1255611181E-01
    0.2552238226         0.2077240626         0.5546151996E-01     0.2889063001         0.2854687572         0.1160768270         0.5982859731E-01     0.1144966125         0.3817355633         0.1149702072E-01
    0.2870005012         0.4683051705    

                         STEP LENGTH (VM)
     1.000000000         0.1000000000         0.2000000000          1.000000000         0.1000000000         0.2000000000          1.000000000         0.6486486395         0.1000000000         0.2000000000    
     1.000000000         0.1000000000         0.2000000000          1.000000000         0.1839472801         0.1000000000         0.2000000000          1.000000000         0.1000000000         0.2000000000    
     1.000000000          1.000000000         0.1000000000         0.2000000000          1.000000000         0.1000000000         0.2000000000          1.000000000          1.000000000         0.1000000000    
    0.2000000000          1.000000000         0.1000000000         0.2000000000          1.000000000          1.000000000         0.1000000000         0.2000000000          1.000000000         0.1000000000    
    0.2000000000          1.000000000    
 

 INTERMEDIATE RESULTS BEFORE NEXT TEMPERATURE REDUCTION

  CURRENT TEMPERATURE:             0.37542    
  MIN FUNCTION VALUE SO FAR:   0.222891306638587187E-01
  TOTAL MOVES:                    3360
     DOWNHILL:                    2290
     ACCEPTED UPHILL:              868
     REJECTED UPHILL:              202
  TRIALS OUT OF BOUNDS:           1655
  NEW MINIMA THIS TEMPERATURE:       0

                         CURRENT OPTIMAL X
    0.9293366075         0.1472079754E-01     0.1340669513         0.9900239706         0.9761725068E-01     0.1969175935         0.6645542979         0.6518954039         0.1953601837E-01     0.2085555196    
    0.3493732214E-01     0.1259145141E-01     0.2859456897         0.4024319649         0.9377563028         0.4221498966E-02     0.2950263500         0.3294126391         0.3408277631E-01     0.2855344296    
    0.1986094713         0.1723971367         0.3012022018E-01     0.2950389743         0.3760938048         0.2209436893E-01     0.1896711707         0.1440958977         0.7526208758         0.1255611181E-01
    0.2552238226         0.2077240626         0.5546151996E-01     0.2889063001         0.2854687572         0.1160768270         0.5982859731E-01     0.1144966125         0.3817355633         0.1149702072E-01
    0.2870005012         0.4683051705    

                         STEP LENGTH (VM)
     1.000000000         0.1000000000         0.2000000000          1.000000000         0.1000000000         0.2000000000          1.000000000         0.6916578590         0.1000000000         0.2000000000    
     1.000000000         0.1000000000         0.2000000000          1.000000000         0.1722560073         0.1000000000         0.2000000000          1.000000000         0.1000000000         0.2000000000    
     1.000000000          1.000000000         0.1000000000         0.2000000000          1.000000000         0.1000000000         0.2000000000          1.000000000         0.8888888668         0.1000000000    
    0.2000000000          1.000000000         0.1000000000         0.2000000000          1.000000000          1.000000000         0.1000000000         0.2000000000          1.000000000         0.1000000000    
    0.2000000000          1.000000000    
 

 INTERMEDIATE RESULTS BEFORE NEXT TEMPERATURE REDUCTION

  CURRENT TEMPERATURE:             0.28157    
  MIN FUNCTION VALUE SO FAR:   0.215207823127032509E-01
  TOTAL MOVES:                    3360
     DOWNHILL:                    2329
     ACCEPTED UPHILL:              801
     REJECTED UPHILL:              230
  TRIALS OUT OF BOUNDS:           1575
  NEW MINIMA THIS TEMPERATURE:       0

                         CURRENT OPTIMAL X
    0.9293366075         0.3048539162E-02     0.1340669513         0.9900239706         0.9761725068E-01     0.1969175935         0.6645542979         0.6518954039         0.1953601837E-01     0.2085555196    
    0.3493732214E-01     0.1259145141E-01     0.2859456897         0.4024319649         0.9377563028         0.4221498966E-02     0.2950263500         0.3294126391         0.3408277631E-01     0.2855344296    
    0.1986094713         0.1723971367         0.3012022018E-01     0.2950389743         0.3760938048         0.2209436893E-01     0.1896711707         0.1440958977         0.7526208758         0.1255611181E-01
    0.2552238226         0.2077240626         0.5546151996E-01     0.2889063001         0.2854687572         0.1160768270         0.5982859731E-01     0.1144966125         0.3817355633         0.1149702072E-01
    0.2870005012         0.4683051705    

                         STEP LENGTH (VM)
     1.000000000         0.1000000000         0.2000000000          1.000000000         0.1000000000         0.2000000000          1.000000000         0.4924007248         0.1000000000         0.2000000000    
     1.000000000         0.1000000000         0.2000000000          1.000000000         0.8757724181E-01     0.1000000000         0.2000000000          1.000000000         0.1000000000         0.2000000000    
     1.000000000          1.000000000         0.1000000000         0.2000000000          1.000000000         0.1000000000         0.2000000000          1.000000000          1.000000000         0.1000000000    
    0.2000000000          1.000000000         0.1000000000         0.2000000000          1.000000000          1.000000000         0.1000000000         0.2000000000          1.000000000         0.1000000000    
    0.2000000000          1.000000000    
 

 INTERMEDIATE RESULTS BEFORE NEXT TEMPERATURE REDUCTION

  CURRENT TEMPERATURE:             0.21118    
  MIN FUNCTION VALUE SO FAR:   0.215207823127032509E-01
  TOTAL MOVES:                    3360
     DOWNHILL:                    2265
     ACCEPTED UPHILL:              852
     REJECTED UPHILL:              243
  TRIALS OUT OF BOUNDS:           1552
  NEW MINIMA THIS TEMPERATURE:       0

                         CURRENT OPTIMAL X
    0.9293366075         0.3048539162E-02     0.1340669513         0.9900239706         0.9761725068E-01     0.1969175935         0.6645542979         0.6518954039         0.1953601837E-01     0.2085555196    
    0.3493732214E-01     0.1259145141E-01     0.2859456897         0.4024319649         0.9377563028         0.4221498966E-02     0.2950263500         0.3294126391         0.3408277631E-01     0.2855344296    
    0.1986094713         0.1723971367         0.3012022018E-01     0.2950389743         0.3760938048         0.2209436893E-01     0.1896711707         0.1440958977         0.7526208758         0.1255611181E-01
    0.2552238226         0.2077240626         0.5546151996E-01     0.2889063001         0.2854687572         0.1160768270         0.5982859731E-01     0.1144966125         0.3817355633         0.1149702072E-01
    0.2870005012         0.4683051705    

                         STEP LENGTH (VM)
     1.000000000         0.1000000000         0.2000000000          1.000000000         0.1000000000         0.2000000000          1.000000000         0.3593192890         0.1000000000         0.2000000000    
     1.000000000         0.1000000000         0.2000000000          1.000000000         0.1139187952         0.1000000000         0.2000000000          1.000000000         0.1000000000         0.2000000000    
     1.000000000          1.000000000         0.1000000000         0.2000000000          1.000000000         0.1000000000         0.2000000000          1.000000000         0.3783783049         0.1000000000    
    0.2000000000          1.000000000         0.1000000000         0.2000000000          1.000000000          1.000000000         0.1000000000         0.2000000000          1.000000000         0.1000000000    
    0.2000000000          1.000000000    
 

 INTERMEDIATE RESULTS BEFORE NEXT TEMPERATURE REDUCTION

  CURRENT TEMPERATURE:             0.15838    
  MIN FUNCTION VALUE SO FAR:   0.215207823127032509E-01
  TOTAL MOVES:                    3360
     DOWNHILL:                    2311
     ACCEPTED UPHILL:              790
     REJECTED UPHILL:              259
  TRIALS OUT OF BOUNDS:           1515
  NEW MINIMA THIS TEMPERATURE:       0

                         CURRENT OPTIMAL X
    0.9293366075         0.3048539162E-02     0.1340669513         0.9900239706         0.9761725068E-01     0.1969175935         0.6645542979         0.6518954039         0.1953601837E-01     0.2085555196    
    0.3493732214E-01     0.1259145141E-01     0.2859456897         0.4024319649         0.9377563028         0.4221498966E-02     0.2950263500         0.3294126391         0.3408277631E-01     0.2855344296    
    0.1986094713         0.1723971367         0.3012022018E-01     0.2950389743         0.3760938048         0.2209436893E-01     0.1896711707         0.1440958977         0.7526208758         0.1255611181E-01
    0.2552238226         0.2077240626         0.5546151996E-01     0.2889063001         0.2854687572         0.1160768270         0.5982859731E-01     0.1144966125         0.3817355633         0.1149702072E-01
    0.2870005012         0.4683051705    

                         STEP LENGTH (VM)
     1.000000000         0.1000000000         0.2000000000          1.000000000         0.1000000000         0.2000000000          1.000000000         0.2330718920         0.1000000000         0.2000000000    
     1.000000000         0.1000000000         0.2000000000          1.000000000         0.5507499100E-01     0.1000000000         0.2000000000          1.000000000         0.1000000000         0.2000000000    
     1.000000000         0.8888888668         0.1000000000         0.2000000000          1.000000000         0.1000000000         0.2000000000          1.000000000         0.3092078198         0.1000000000    
    0.2000000000          1.000000000         0.1000000000         0.2000000000          1.000000000         0.9999998675         0.1000000000         0.2000000000          1.000000000         0.1000000000    
    0.2000000000          1.000000000    
 

 INTERMEDIATE RESULTS BEFORE NEXT TEMPERATURE REDUCTION

  CURRENT TEMPERATURE:             0.11879    
  MIN FUNCTION VALUE SO FAR:   0.208598591130764004E-01
  TOTAL MOVES:                    3360
     DOWNHILL:                    2296
     ACCEPTED UPHILL:              790
     REJECTED UPHILL:              274
  TRIALS OUT OF BOUNDS:           1502
  NEW MINIMA THIS TEMPERATURE:       0

                         CURRENT OPTIMAL X
    0.7762772101         0.8104320765E-01     0.1495966792         0.5542709827         0.8533660173E-01     0.1708662748         0.9159979224         0.5215193849         0.3163640499E-01     0.1255660653    
    0.7618178129         0.2341741323E-01     0.1796794057         0.7956751585         0.9838543058         0.8836209774E-03     0.1610610366         0.8134933710         0.9931147099E-03     0.1707606435    
    0.2727037072         0.1348934854         0.3923075199E-01     0.1660638809         0.6256762743         0.3318521976E-01     0.2026296496         0.3453966379         0.6826480202         0.1442251801E-01
    0.1699214101         0.7343636155         0.4712855220E-01     0.1425660253         0.6130264997         0.8459746838E-01     0.6439740658E-01     0.1276682138         0.1627845764         0.6611982584E-01
    0.2550683022         0.7073634267    

                         STEP LENGTH (VM)
    0.3347918047         0.1000000000         0.2000000000          1.000000000         0.1000000000         0.2000000000          1.000000000         0.1450454885         0.1000000000         0.2000000000    
     1.000000000         0.1000000000         0.2000000000          1.000000000         0.5765774663E-01     0.1000000000         0.2000000000          1.000000000         0.1000000000         0.2000000000    
     1.000000000         0.2011454447         0.1000000000         0.2000000000          1.000000000         0.1000000000         0.2000000000          1.000000000         0.8889837765E-01     0.1000000000    
    0.2000000000          1.000000000         0.1000000000         0.2000000000          1.000000000         0.5714285653         0.1000000000         0.2000000000          1.000000000         0.1000000000    
    0.2000000000          1.000000000    
 

 INTERMEDIATE RESULTS BEFORE NEXT TEMPERATURE REDUCTION

  CURRENT TEMPERATURE:             0.89090E-01
  MIN FUNCTION VALUE SO FAR:   0.207463143460746395E-01
  TOTAL MOVES:                    3360
     DOWNHILL:                    2289
     ACCEPTED UPHILL:              801
     REJECTED UPHILL:              270
  TRIALS OUT OF BOUNDS:           1591
  NEW MINIMA THIS TEMPERATURE:       1

                         CURRENT OPTIMAL X
    0.7762772101         0.2007013559E-01     0.1495966792         0.5542709827         0.8533660173E-01     0.1708662748         0.9159979224         0.5215193849         0.3163640499E-01     0.1255660653    
    0.7618178129         0.2341741323E-01     0.1796794057         0.7956751585         0.9838543058         0.8836209774E-03     0.1610610366         0.8134933710         0.9931147099E-03     0.1707606435    
    0.2727037072         0.1348934854         0.3923075199E-01     0.1660638809         0.6256762743         0.3318521976E-01     0.2026296496         0.3453966379         0.6826480202         0.1442251801E-01
    0.1699214101         0.7343636155         0.4712855220E-01     0.1425660253         0.6130264997         0.8459746838E-01     0.6439740658E-01     0.1276682138         0.1627845764         0.6611982584E-01
    0.2550683022         0.7073634267    

                         STEP LENGTH (VM)
     1.000000000         0.1000000000         0.2000000000          1.000000000         0.1000000000         0.2000000000          1.000000000         0.3272427000         0.1000000000         0.2000000000    
     1.000000000         0.1000000000         0.2000000000          1.000000000         0.4207455177E-01     0.1000000000         0.2000000000          1.000000000         0.1000000000         0.2000000000    
     1.000000000         0.4149829741         0.1000000000         0.2000000000          1.000000000         0.1000000000         0.2000000000          1.000000000         0.1806459681         0.1000000000    
    0.2000000000          1.000000000         0.1000000000         0.2000000000          1.000000000         0.6923072990         0.1000000000         0.2000000000          1.000000000         0.1000000000    
    0.2000000000          1.000000000    
 

 INTERMEDIATE RESULTS BEFORE NEXT TEMPERATURE REDUCTION

  CURRENT TEMPERATURE:             0.66817E-01
  MIN FUNCTION VALUE SO FAR:   0.207463143460746395E-01
  TOTAL MOVES:                    3360
     DOWNHILL:                    2245
     ACCEPTED UPHILL:              775
     REJECTED UPHILL:              340
  TRIALS OUT OF BOUNDS:           1516
  NEW MINIMA THIS TEMPERATURE:       0

                         CURRENT OPTIMAL X
    0.7762772101         0.2007013559E-01     0.1495966792         0.5542709827         0.8533660173E-01     0.1708662748         0.9159979224         0.5215193849         0.3163640499E-01     0.1255660653    
    0.7618178129         0.2341741323E-01     0.1796794057         0.7956751585         0.9838543058         0.8836209774E-03     0.1610610366         0.8134933710         0.9931147099E-03     0.1707606435    
    0.2727037072         0.1348934854         0.3923075199E-01     0.1660638809         0.6256762743         0.3318521976E-01     0.2026296496         0.3453966379         0.6826480202         0.1442251801E-01
    0.1699214101         0.7343636155         0.4712855220E-01     0.1425660253         0.6130264997         0.8459746838E-01     0.6439740658E-01     0.1276682138         0.1627845764         0.6611982584E-01
    0.2550683022         0.7073634267    

                         STEP LENGTH (VM)
    0.1993968888         0.1000000000         0.2000000000          1.000000000         0.1000000000         0.2000000000          1.000000000         0.6763640116E-01     0.1000000000         0.2000000000    
     1.000000000         0.1000000000         0.2000000000          1.000000000         0.3843846014E-01     0.1000000000         0.2000000000          1.000000000         0.1000000000         0.2000000000    
     1.000000000         0.2052806003         0.1000000000         0.2000000000          1.000000000         0.1000000000         0.2000000000          1.000000000         0.6100463830E-01     0.1000000000    
    0.2000000000          1.000000000         0.1000000000         0.2000000000          1.000000000         0.1581114608         0.1000000000         0.2000000000          1.000000000         0.1000000000    
    0.2000000000          1.000000000    
 

 INTERMEDIATE RESULTS BEFORE NEXT TEMPERATURE REDUCTION

  CURRENT TEMPERATURE:             0.50113E-01
  MIN FUNCTION VALUE SO FAR:   0.207463143460746395E-01
  TOTAL MOVES:                    3360
     DOWNHILL:                    2250
     ACCEPTED UPHILL:              764
     REJECTED UPHILL:              346
  TRIALS OUT OF BOUNDS:           1480
  NEW MINIMA THIS TEMPERATURE:       0

                         CURRENT OPTIMAL X
    0.7762772101         0.2007013559E-01     0.1495966792         0.5542709827         0.8533660173E-01     0.1708662748         0.9159979224         0.5215193849         0.3163640499E-01     0.1255660653    
    0.7618178129         0.2341741323E-01     0.1796794057         0.7956751585         0.9838543058         0.8836209774E-03     0.1610610366         0.8134933710         0.9931147099E-03     0.1707606435    
    0.2727037072         0.1348934854         0.3923075199E-01     0.1660638809         0.6256762743         0.3318521976E-01     0.2026296496         0.3453966379         0.6826480202         0.1442251801E-01
    0.1699214101         0.7343636155         0.4712855220E-01     0.1425660253         0.6130264997         0.8459746838E-01     0.6439740658E-01     0.1276682138         0.1627845764         0.6611982584E-01
    0.2550683022         0.7073634267    

                         STEP LENGTH (VM)
    0.5324213598         0.1000000000         0.2000000000          1.000000000         0.1000000000         0.2000000000          1.000000000         0.8646332603E-01     0.1000000000         0.2000000000    
     1.000000000         0.1000000000         0.2000000000          1.000000000         0.2162162533E-01     0.1000000000         0.2000000000          1.000000000         0.1000000000         0.2000000000    
     1.000000000         0.2360756266         0.1000000000         0.2000000000          1.000000000         0.1000000000         0.2000000000          1.000000000         0.1328797070         0.1000000000    
    0.2000000000          1.000000000         0.1000000000         0.2000000000          1.000000000         0.1367449991         0.1000000000         0.2000000000          1.000000000         0.1000000000    
    0.2000000000          1.000000000    
 

 INTERMEDIATE RESULTS BEFORE NEXT TEMPERATURE REDUCTION

  CURRENT TEMPERATURE:             0.37585E-01
  MIN FUNCTION VALUE SO FAR:   0.202742537548753314E-01
  TOTAL MOVES:                    3360
     DOWNHILL:                    2236
     ACCEPTED UPHILL:              761
     REJECTED UPHILL:              363
  TRIALS OUT OF BOUNDS:           1486
  NEW MINIMA THIS TEMPERATURE:       0

                         CURRENT OPTIMAL X
    0.7762772101         0.1144816875E-01     0.1763709188         0.5542709827         0.8533660173E-01     0.1708662748         0.9159979224         0.5215193849         0.3163640499E-01     0.1255660653    
    0.7618178129         0.2341741323E-01     0.1796794057         0.7956751585         0.9838543058         0.8836209774E-03     0.1610610366         0.8134933710         0.9931147099E-03     0.1707606435    
    0.2727037072         0.1348934854         0.3923075199E-01     0.1660638809         0.6256762743         0.3318521976E-01     0.2026296496         0.3453966379         0.6826480202         0.1442251801E-01
    0.1699214101         0.7343636155         0.4712855220E-01     0.1425660253         0.6130264997         0.8459746838E-01     0.6439740658E-01     0.1276682138         0.1627845764         0.6611982584E-01
    0.2550683022         0.7073634267    

                         STEP LENGTH (VM)
    0.1723868006         0.1000000000         0.2000000000          1.000000000         0.1000000000         0.2000000000          1.000000000         0.2702637606E-01     0.1000000000         0.2000000000    
     1.000000000         0.1000000000         0.2000000000          1.000000000         0.3456788726E-01     0.1000000000         0.2000000000          1.000000000         0.1000000000         0.2000000000    
     1.000000000         0.7976230927E-01     0.1000000000         0.2000000000          1.000000000         0.1000000000         0.2000000000          1.000000000         0.3447371090E-01     0.1000000000    
    0.2000000000          1.000000000         0.1000000000         0.2000000000          1.000000000         0.1683903065         0.1000000000         0.2000000000          1.000000000         0.1000000000    
    0.2000000000          1.000000000    
 

 INTERMEDIATE RESULTS BEFORE NEXT TEMPERATURE REDUCTION

  CURRENT TEMPERATURE:             0.28189E-01
  MIN FUNCTION VALUE SO FAR:   0.202742537548753314E-01
  TOTAL MOVES:                    3360
     DOWNHILL:                    2241
     ACCEPTED UPHILL:              752
     REJECTED UPHILL:              367
  TRIALS OUT OF BOUNDS:           1425
  NEW MINIMA THIS TEMPERATURE:       0

                         CURRENT OPTIMAL X
    0.7762772101         0.1144816875E-01     0.1763709188         0.5542709827         0.8533660173E-01     0.1708662748         0.9159979224         0.5215193849         0.3163640499E-01     0.1255660653    
    0.7618178129         0.2341741323E-01     0.1796794057         0.7956751585         0.9838543058         0.8836209774E-03     0.1610610366         0.8134933710         0.9931147099E-03     0.1707606435    
    0.2727037072         0.1348934854         0.3923075199E-01     0.1660638809         0.6256762743         0.3318521976E-01     0.2026296496         0.3453966379         0.6826480202         0.1442251801E-01
    0.1699214101         0.7343636155         0.4712855220E-01     0.1425660253         0.6130264997         0.8459746838E-01     0.6439740658E-01     0.1276682138         0.1627845764         0.6611982584E-01
    0.2550683022         0.7073634267    

                         STEP LENGTH (VM)
    0.6161422108E-01     0.1000000000         0.2000000000          1.000000000         0.1000000000         0.2000000000          1.000000000         0.2402343892E-01     0.1000000000         0.2000000000    
     1.000000000         0.1000000000         0.2000000000          1.000000000         0.2088406605E-01     0.1000000000         0.2000000000          1.000000000         0.1000000000         0.2000000000    
     1.000000000         0.1927891072E-01     0.1000000000         0.2000000000          1.000000000         0.1000000000         0.2000000000          1.000000000         0.3599369763E-01     0.1000000000    
    0.2000000000          1.000000000         0.1000000000         0.2000000000          1.000000000         0.7216725708E-01     0.1000000000         0.2000000000          1.000000000         0.1000000000    
    0.2000000000          1.000000000    
 

 INTERMEDIATE RESULTS BEFORE NEXT TEMPERATURE REDUCTION

  CURRENT TEMPERATURE:             0.21141E-01
  MIN FUNCTION VALUE SO FAR:   0.202742537548753314E-01
  TOTAL MOVES:                    3360
     DOWNHILL:                    2248
     ACCEPTED UPHILL:              741
     REJECTED UPHILL:              371
  TRIALS OUT OF BOUNDS:           1474
  NEW MINIMA THIS TEMPERATURE:       0

                         CURRENT OPTIMAL X
    0.7762772101         0.1144816875E-01     0.1763709188         0.5542709827         0.8533660173E-01     0.1708662748         0.9159979224         0.5215193849         0.3163640499E-01     0.1255660653    
    0.7618178129         0.2341741323E-01     0.1796794057         0.7956751585         0.9838543058         0.8836209774E-03     0.1610610366         0.8134933710         0.9931147099E-03     0.1707606435    
    0.2727037072         0.1348934854         0.3923075199E-01     0.1660638809         0.6256762743         0.3318521976E-01     0.2026296496         0.3453966379         0.6826480202         0.1442251801E-01
    0.1699214101         0.7343636155         0.4712855220E-01     0.1425660253         0.6130264997         0.8459746838E-01     0.6439740658E-01     0.1276682138         0.1627845764         0.6611982584E-01
    0.2550683022         0.7073634267    

                         STEP LENGTH (VM)
    0.5870000692E-01     0.1000000000         0.2000000000          1.000000000         0.1000000000         0.2000000000          1.000000000         0.3005400028E-01     0.1000000000         0.2000000000    
     1.000000000         0.1000000000         0.2000000000          1.000000000         0.1246377239E-01     0.1000000000         0.2000000000          1.000000000         0.1000000000         0.2000000000    
     1.000000000         0.2613773441E-01     0.1000000000         0.2000000000          1.000000000         0.1000000000         0.2000000000          1.000000000         0.2336431744E-01     0.1000000000    
    0.2000000000          1.000000000         0.1000000000         0.2000000000          1.000000000         0.4222892913E-01     0.1000000000         0.2000000000          1.000000000         0.1000000000    
    0.2000000000          1.000000000    
 

 INTERMEDIATE RESULTS BEFORE NEXT TEMPERATURE REDUCTION

  CURRENT TEMPERATURE:             0.15856E-01
  MIN FUNCTION VALUE SO FAR:   0.202742537548753314E-01
  TOTAL MOVES:                    3360
     DOWNHILL:                    2199
     ACCEPTED UPHILL:              710
     REJECTED UPHILL:              451
  TRIALS OUT OF BOUNDS:           1397
  NEW MINIMA THIS TEMPERATURE:       0

                         CURRENT OPTIMAL X
    0.7762772101         0.1144816875E-01     0.1763709188         0.5542709827         0.8533660173E-01     0.1708662748         0.9159979224         0.5215193849         0.3163640499E-01     0.1255660653    
    0.7618178129         0.2341741323E-01     0.1796794057         0.7956751585         0.9838543058         0.8836209774E-03     0.1610610366         0.8134933710         0.9931147099E-03     0.1707606435    
    0.2727037072         0.1348934854         0.3923075199E-01     0.1660638809         0.6256762743         0.3318521976E-01     0.2026296496         0.3453966379         0.6826480202         0.1442251801E-01
    0.1699214101         0.7343636155         0.4712855220E-01     0.1425660253         0.6130264997         0.8459746838E-01     0.6439740658E-01     0.1276682138         0.1627845764         0.6611982584E-01
    0.2550683022         0.7073634267    

                         STEP LENGTH (VM)
    0.1442940385         0.1000000000         0.2000000000          1.000000000         0.1000000000         0.2000000000          1.000000000         0.1998232637E-01     0.1000000000         0.2000000000    
     1.000000000         0.1000000000         0.2000000000          1.000000000         0.8953068713E-02     0.5106382938E-01     0.1297297279          1.000000000         0.1000000000         0.2000000000    
     1.000000000         0.4303055723E-01     0.1000000000         0.2000000000          1.000000000         0.1000000000         0.2000000000          1.000000000         0.2401332119E-01     0.1000000000    
    0.2000000000          1.000000000         0.1000000000         0.2000000000          1.000000000         0.5931743354E-01     0.1000000000         0.2000000000          1.000000000         0.1000000000    
    0.2000000000          1.000000000    
 

 INTERMEDIATE RESULTS BEFORE NEXT TEMPERATURE REDUCTION

  CURRENT TEMPERATURE:             0.11892E-01
  MIN FUNCTION VALUE SO FAR:   0.202470203639306505E-01
  TOTAL MOVES:                    3360
     DOWNHILL:                    2147
     ACCEPTED UPHILL:              705
     REJECTED UPHILL:              508
  TRIALS OUT OF BOUNDS:           1395
  NEW MINIMA THIS TEMPERATURE:       0

                         CURRENT OPTIMAL X
    0.7762772101         0.2349478602E-01     0.2240477562         0.4889214039E-01     0.8839119673E-01     0.1710375428         0.3856001496         0.5215193849         0.3163640499E-01     0.1255660653    
    0.7848356962         0.2341741323E-01     0.1796794057         0.7956751585         0.9838543058         0.8836209774E-03     0.1610610366         0.8134933710         0.9931147099E-03     0.1707606435    
    0.2727037072         0.1348934854         0.3923075199E-01     0.1660638809         0.6256762743         0.3318521976E-01     0.2026296496         0.3453966379         0.6826480202         0.1442251801E-01
    0.1699214101         0.7343636155         0.4712855220E-01     0.1425660253         0.6130264997         0.8459746838E-01     0.6439740658E-01     0.1276682138         0.1627845764         0.6611982584E-01
    0.2550683022         0.7073634267    

                         STEP LENGTH (VM)
    0.3248437892E-01     0.1000000000         0.2000000000          1.000000000         0.1000000000         0.2000000000          1.000000000         0.1355943086E-01     0.1000000000         0.2000000000    
     1.000000000         0.1000000000         0.2000000000          1.000000000         0.6373813910E-02     0.1000000000         0.2000000000          1.000000000         0.1000000000         0.2000000000    
     1.000000000         0.1556015238E-01     0.1000000000         0.2000000000          1.000000000         0.1000000000         0.2000000000          1.000000000         0.8037303084E-02     0.1000000000    
    0.2000000000          1.000000000         0.1000000000         0.2000000000          1.000000000         0.1723301146E-01     0.3981442981E-01     0.2000000000          1.000000000         0.1000000000    
    0.2000000000          1.000000000    
 

 INTERMEDIATE RESULTS BEFORE NEXT TEMPERATURE REDUCTION

  CURRENT TEMPERATURE:             0.89190E-02
  MIN FUNCTION VALUE SO FAR:   0.202470203639306505E-01
  TOTAL MOVES:                    3360
     DOWNHILL:                    2167
     ACCEPTED UPHILL:              651
     REJECTED UPHILL:              542
  TRIALS OUT OF BOUNDS:           1431
  NEW MINIMA THIS TEMPERATURE:       0

                         CURRENT OPTIMAL X
    0.7762772101         0.2349478602E-01     0.2240477562         0.4889214039E-01     0.8839119673E-01     0.1710375428         0.3856001496         0.5215193849         0.3163640499E-01     0.1255660653    
    0.7848356962         0.2341741323E-01     0.1796794057         0.7956751585         0.9838543058         0.8836209774E-03     0.1610610366         0.8134933710         0.9931147099E-03     0.1707606435    
    0.2727037072         0.1348934854         0.3923075199E-01     0.1660638809         0.6256762743         0.3318521976E-01     0.2026296496         0.3453966379         0.6826480202         0.1442251801E-01
    0.1699214101         0.7343636155         0.4712855220E-01     0.1425660253         0.6130264997         0.8459746838E-01     0.6439740658E-01     0.1276682138         0.1627845764         0.6611982584E-01
    0.2550683022         0.7073634267    

                         STEP LENGTH (VM)
    0.2165624696E-01     0.1000000000         0.2000000000          1.000000000         0.1000000000         0.2000000000          1.000000000         0.6122069211E-02     0.1000000000         0.2000000000    
     1.000000000         0.1000000000         0.2000000000          1.000000000         0.6387555889E-02     0.1000000000         0.2000000000          1.000000000         0.1000000000         0.2000000000    
     1.000000000         0.1997846016E-01     0.1000000000         0.2000000000          1.000000000         0.1000000000         0.2000000000          1.000000000         0.6669248487E-02     0.1000000000    
    0.2000000000          1.000000000         0.1000000000         0.2000000000          1.000000000         0.2734559983E-01     0.4615384073E-01     0.1142857131         0.8888888668         0.1000000000    
    0.2000000000          1.000000000    
 

 INTERMEDIATE RESULTS BEFORE NEXT TEMPERATURE REDUCTION

  CURRENT TEMPERATURE:             0.66893E-02
  MIN FUNCTION VALUE SO FAR:   0.201715044553767257E-01
  TOTAL MOVES:                    3360
     DOWNHILL:                    2192
     ACCEPTED UPHILL:              670
     REJECTED UPHILL:              498
  TRIALS OUT OF BOUNDS:           1441
  NEW MINIMA THIS TEMPERATURE:       1

                         CURRENT OPTIMAL X
    0.7512020770         0.7059680223E-01     0.1178964734         0.4396252036         0.2875964046E-01     0.1865732908         0.4697477818         0.5281584673         0.4034972787E-01     0.2925958395    
    0.2416115999         0.9275848269E-01     0.1557274342         0.7289028168E-01     0.9824536083         0.1218787263E-02     0.2139768494         0.9157081806         0.2459841967E-02     0.2618885994    
    0.2764021158         0.1605369432         0.7391515374E-01     0.2391753316         0.3393036127E-01     0.8860261440E-01     0.1542395711         0.3515970707         0.6869536559         0.1548148990E-01
    0.2171870232         0.2685815096E-01     0.2696549296E-01     0.1460117579         0.3462795615         0.6581284363E-01     0.9050813913E-01     0.1250018358         0.9972480536         0.2749338746E-01
    0.1040229917         0.1507960558    

                         STEP LENGTH (VM)
    0.1889845170E-01     0.1000000000         0.2000000000          1.000000000         0.1000000000         0.2000000000          1.000000000         0.4770663556E-02     0.1000000000         0.2000000000    
     1.000000000         0.1000000000         0.2000000000          1.000000000         0.4106283896E-02     0.1829152095E-01     0.6315789331E-01     0.7499999860         0.1000000000         0.2000000000    
     1.000000000         0.8127394178E-02     0.1000000000         0.2000000000          1.000000000         0.1000000000         0.2000000000          1.000000000         0.4220382230E-02     0.1000000000    
    0.2000000000          1.000000000         0.1000000000         0.2000000000          1.000000000         0.1030213628E-01     0.8841856595E-01     0.2000000000          1.000000000         0.1000000000    
    0.2000000000          1.000000000    
 

 INTERMEDIATE RESULTS BEFORE NEXT TEMPERATURE REDUCTION

  CURRENT TEMPERATURE:             0.50170E-02
  MIN FUNCTION VALUE SO FAR:   0.201102993973349790E-01
  TOTAL MOVES:                    3360
     DOWNHILL:                    2143
     ACCEPTED UPHILL:              675
     REJECTED UPHILL:              542
  TRIALS OUT OF BOUNDS:           1404
  NEW MINIMA THIS TEMPERATURE:       3

                         CURRENT OPTIMAL X
    0.7512020770         0.1412792802E-01     0.2124539256         0.5423781276         0.3549916744E-01     0.2272830009         0.7743451595         0.5285460130         0.2368705869E-01     0.1393203855    
    0.5539341569         0.9087191820E-01     0.2680127859         0.1899551749         0.9824180632         0.4108288629E-01     0.1818239046         0.6188456952         0.3228124976E-01     0.1662333846    
    0.9685640335         0.1544025511         0.6854649186E-01     0.1983634591         0.7778216004         0.6985560060E-01     0.1700732350         0.5331504345         0.6922395117         0.1321699619E-01
    0.2157133818         0.8560019732E-01     0.7139201760E-01     0.1768746018         0.3004211187         0.6761865586E-01     0.7420907074E-01     0.1369839549         0.7432276607         0.5070140958E-01
    0.1611186743         0.4853411317    

                         STEP LENGTH (VM)
    0.5319679481E-02     0.1000000000         0.2000000000          1.000000000         0.1000000000         0.2000000000          1.000000000         0.2043075642E-02     0.1000000000         0.2000000000    
     1.000000000         0.1000000000         0.2000000000          1.000000000         0.2346446805E-02     0.1000000000         0.2000000000          1.000000000         0.1000000000         0.2000000000    
     1.000000000         0.5814304351E-02     0.8471418431E-02     0.5987525869E-01     0.4210526299         0.1000000000         0.2000000000          1.000000000         0.1460901171E-02     0.1000000000    
    0.2000000000          1.000000000         0.1000000000         0.2000000000          1.000000000         0.1191184114E-01     0.1000000000         0.2000000000          1.000000000         0.1000000000    
    0.2000000000          1.000000000    
 

 INTERMEDIATE RESULTS BEFORE NEXT TEMPERATURE REDUCTION

  CURRENT TEMPERATURE:             0.37627E-02
  MIN FUNCTION VALUE SO FAR:   0.201102993973349790E-01
  TOTAL MOVES:                    3360
     DOWNHILL:                    2140
     ACCEPTED UPHILL:              653
     REJECTED UPHILL:              567
  TRIALS OUT OF BOUNDS:           1374
  NEW MINIMA THIS TEMPERATURE:       0

                         CURRENT OPTIMAL X
    0.7512020770         0.1412792802E-01     0.2124539256         0.5423781276         0.3549916744E-01     0.2272830009         0.7743451595         0.5285460130         0.2368705869E-01     0.1393203855    
    0.5539341569         0.9087191820E-01     0.2680127859         0.1899551749         0.9824180632         0.4108288629E-01     0.1818239046         0.6188456952         0.3228124976E-01     0.1662333846    
    0.9685640335         0.1544025511         0.6854649186E-01     0.1983634591         0.7778216004         0.6985560060E-01     0.1700732350         0.5331504345         0.6922395117         0.1321699619E-01
    0.2157133818         0.8560019732E-01     0.7139201760E-01     0.1768746018         0.3004211187         0.6761865586E-01     0.7420907074E-01     0.1369839549         0.7432276607         0.5070140958E-01
    0.1611186743         0.4853411317    

                         STEP LENGTH (VM)
    0.1225871609E-02     0.1000000000         0.2000000000          1.000000000         0.1000000000         0.2000000000          1.000000000         0.3514082446E-03     0.1000000000         0.2000000000    
     1.000000000         0.1000000000         0.2000000000          1.000000000         0.1626177312E-02     0.1000000000         0.2000000000          1.000000000         0.1000000000         0.2000000000    
     1.000000000         0.5750409696E-03     0.2323517512E-01     0.6315789331E-01     0.2917933077         0.1000000000         0.2000000000          1.000000000         0.4211606146E-03     0.1000000000    
    0.2000000000          1.000000000         0.1000000000         0.2000000000          1.000000000         0.9960875060E-02     0.1000000000         0.2000000000          1.000000000         0.1000000000    
    0.2000000000          1.000000000    
 

 INTERMEDIATE RESULTS BEFORE NEXT TEMPERATURE REDUCTION

  CURRENT TEMPERATURE:             0.28220E-02
  MIN FUNCTION VALUE SO FAR:   0.200220219523726643E-01
  TOTAL MOVES:                    3360
     DOWNHILL:                    2088
     ACCEPTED UPHILL:              605
     REJECTED UPHILL:              667
  TRIALS OUT OF BOUNDS:           1354
  NEW MINIMA THIS TEMPERATURE:       0

                         CURRENT OPTIMAL X
    0.7515245818         0.4841798544E-02     0.2495935082         0.7158849835         0.5923926830E-03     0.1484623551         0.3141807914         0.5284421477         0.6363340020E-01     0.2321502566    
    0.9122489691         0.4627476335E-01     0.1383660793         0.8703013659         0.9831360399         0.2577911538E-01     0.2523481011         0.9625055790         0.3262746334E-01     0.1507318377    
    0.6430541873         0.1541760825         0.4586629747E-01     0.1854295135         0.3586925864         0.1737973094E-01     0.2563044310         0.2008492351         0.6910101733         0.3020565500E-01
    0.2894593000         0.2370511889         0.2091138959E-01     0.1537088156         0.5960010886         0.5202621585E-01     0.1207144856E-01     0.1596910000         0.1707476377         0.6710007191E-01
    0.2520650983         0.9996584654    

                         STEP LENGTH (VM)
    0.1203957699E-03     0.1000000000         0.2000000000          1.000000000         0.1000000000         0.2000000000          1.000000000         0.3432908667E-04     0.1000000000         0.2000000000    
     1.000000000         0.1000000000         0.2000000000          1.000000000         0.3280545678E-03     0.4210526299E-01     0.9230769178E-01      1.000000000         0.1000000000         0.2000000000    
     1.000000000         0.6620807823E-04     0.1000000000         0.2000000000          1.000000000         0.1000000000         0.2000000000          1.000000000         0.5511064724E-04     0.1000000000    
    0.2000000000          1.000000000         0.1000000000         0.2000000000          1.000000000         0.3242410258E-02     0.1750982537E-01     0.6009500642E-01     0.2344586877         0.1000000000    
    0.2000000000          1.000000000    
 

 INTERMEDIATE RESULTS BEFORE NEXT TEMPERATURE REDUCTION

  CURRENT TEMPERATURE:             0.21165E-02
  MIN FUNCTION VALUE SO FAR:   0.200129587111582512E-01
  TOTAL MOVES:                    3360
     DOWNHILL:                    2110
     ACCEPTED UPHILL:              589
     REJECTED UPHILL:              661
  TRIALS OUT OF BOUNDS:           1297
  NEW MINIMA THIS TEMPERATURE:       0

                         CURRENT OPTIMAL X
    0.7515245818         0.9008659720E-01     0.1229303241         0.1350616217         0.3954556584E-01     0.1969673276         0.8470450044         0.5284402434         0.5745539069E-01     0.2349577188    
    0.2492445111         0.2148325443E-01     0.2693674088         0.7801071405         0.9830670962         0.3793989840E-01     0.1738310456         0.9625055790         0.1977510452E-01     0.1130606890    
    0.9111310840         0.1541760825         0.4586629747E-01     0.1178398728         0.3700686693         0.3288823962E-01     0.1792486906         0.2612262964         0.6910101733         0.1407827129E-01
    0.2829595566         0.3640562892         0.7364071012E-01     0.1527017474         0.2980855703         0.5202621585E-01     0.1207144856E-01     0.1596910000         0.1601452441         0.4293019772E-01
    0.2801496148         0.7265321612    

                         STEP LENGTH (VM)
    0.3605640515E-03     0.6486486395E-01     0.2000000000          1.000000000         0.1000000000         0.2000000000          1.000000000         0.7024016123E-04     0.1000000000         0.2000000000    
     1.000000000         0.1000000000         0.2000000000          1.000000000         0.5782762184E-03     0.7499999860E-01     0.2000000000          1.000000000         0.1000000000         0.2000000000    
     1.000000000         0.9586462619E-04     0.1000000000         0.2000000000          1.000000000         0.1000000000         0.2000000000          1.000000000         0.9814106756E-04     0.1000000000    
    0.2000000000          1.000000000         0.1000000000         0.2000000000          1.000000000         0.1909273705E-02     0.2265593559E-01     0.1266866792         0.8492719374E-01     0.1000000000    
    0.2000000000          1.000000000    
 

 INTERMEDIATE RESULTS BEFORE NEXT TEMPERATURE REDUCTION

  CURRENT TEMPERATURE:             0.15874E-02
  MIN FUNCTION VALUE SO FAR:   0.200129181727926979E-01
  TOTAL MOVES:                    3360
     DOWNHILL:                    2103
     ACCEPTED UPHILL:              652
     REJECTED UPHILL:              605
  TRIALS OUT OF BOUNDS:           1284
  NEW MINIMA THIS TEMPERATURE:       1

                         CURRENT OPTIMAL X
    0.7515245818         0.8303124512E-01     0.2318639874         0.9468647838         0.3954556584E-01     0.1969673276         0.8470450044         0.5284402434         0.5745539069E-01     0.2349577188    
    0.2492445111         0.2148325443E-01     0.2693674088         0.7801071405         0.9830670962         0.3793989840E-01     0.1738310456         0.9625055790         0.1977510452E-01     0.1130606890    
    0.9111310840         0.1541760825         0.4586629747E-01     0.1178398728         0.3700686693         0.3288823962E-01     0.1792486906         0.2612262964         0.6910101733         0.1407827129E-01
    0.2829595566         0.3640562892         0.7364071012E-01     0.1527017474         0.2980855703         0.5202621585E-01     0.1207144856E-01     0.1596910000         0.1601452441         0.4293019772E-01
    0.2801496148         0.7265321612    

                         STEP LENGTH (VM)
    0.9069444010E-03     0.1000000000         0.2000000000          1.000000000         0.1000000000         0.2000000000          1.000000000         0.2595697967E-03     0.1000000000         0.2000000000    
     1.000000000         0.1000000000         0.2000000000          1.000000000         0.8348822043E-03     0.6525949586E-01     0.2000000000          1.000000000         0.1000000000         0.2000000000    
     1.000000000         0.4844495173E-03     0.1000000000         0.2000000000          1.000000000         0.1000000000         0.2000000000          1.000000000         0.3783795396E-03     0.1000000000    
    0.2000000000          1.000000000         0.1000000000         0.2000000000          1.000000000         0.2479220252E-02     0.9281516072E-02     0.4792063421E-01     0.4827303513E-01     0.1000000000    
    0.2000000000          1.000000000    
 

 INTERMEDIATE RESULTS BEFORE NEXT TEMPERATURE REDUCTION

  CURRENT TEMPERATURE:             0.11905E-02
  MIN FUNCTION VALUE SO FAR:   0.200116719521432444E-01
  TOTAL MOVES:                    3360
     DOWNHILL:                    1996
     ACCEPTED UPHILL:              542
     REJECTED UPHILL:              822
  TRIALS OUT OF BOUNDS:           1214
  NEW MINIMA THIS TEMPERATURE:       0

                         CURRENT OPTIMAL X
    0.7515245818         0.7517255152E-01     0.1858638883         0.9468647838         0.3954556584E-01     0.1969673276         0.8470450044         0.5284402434         0.5745539069E-01     0.2349577188    
    0.2492445111         0.2148325443E-01     0.2693674088         0.7801071405         0.9830670962         0.3793989840E-01     0.1738310456         0.9625055790         0.1977510452E-01     0.1130606890    
    0.9111310840         0.1541760825         0.4586629747E-01     0.1178398728         0.3700686693         0.3288823962E-01     0.1792486906         0.2612262964         0.6910101733         0.1407827129E-01
    0.2829595566         0.3640562892         0.7364071012E-01     0.1527017474         0.2980855703         0.5202621585E-01     0.1207144856E-01     0.1596910000         0.1601452441         0.4293019772E-01
    0.2801496148         0.7265321612    

                         STEP LENGTH (VM)
    0.1147034762E-02     0.1000000000         0.2000000000          1.000000000         0.1000000000         0.2000000000          1.000000000         0.3381600646E-03     0.3483971010E-02     0.1871451954E-01
    0.3397523608E-01     0.1000000000         0.2000000000          1.000000000         0.9236835242E-03     0.1312562352E-02     0.8729603956E-02     0.7517032585E-01     0.1000000000         0.2000000000    
     1.000000000         0.3461521108E-03     0.9397512538E-02     0.4688644495E-01     0.6097173651E-01     0.1000000000         0.2000000000          1.000000000         0.4486863287E-03     0.3719861948E-01
    0.1915057548         0.5653494286         0.1000000000         0.2000000000          1.000000000         0.1469166783E-02     0.3030698321E-02     0.1110699683E-01     0.2435395939E-01     0.1000000000    
    0.2000000000          1.000000000    
 

 INTERMEDIATE RESULTS BEFORE NEXT TEMPERATURE REDUCTION

  CURRENT TEMPERATURE:             0.89291E-03
  MIN FUNCTION VALUE SO FAR:   0.200074711167056267E-01
  TOTAL MOVES:                    3360
     DOWNHILL:                    2010
     ACCEPTED UPHILL:              541
     REJECTED UPHILL:              809
  TRIALS OUT OF BOUNDS:           1112
  NEW MINIMA THIS TEMPERATURE:       1

                         CURRENT OPTIMAL X
    0.7516980785         0.1903812704E-01     0.2249834723         0.6575167179E-01     0.1542077065E-01     0.1801762581         0.5795892477         0.5282156090         0.9559782114E-01     0.1084792018    
    0.4573436975         0.5922814608E-01     0.2752940059         0.7674070001         0.9829001023         0.6493741870E-01     0.2338639021         0.9702828526         0.4141000509E-01     0.1140987515    
    0.6730167866         0.1540979432         0.9221619368E-02     0.2530574083         0.3960205317         0.4516953230E-01     0.1715318203         0.2544307709         0.6909402265         0.9447770119E-01
    0.1597941518         0.6333632469         0.3956056237E-01     0.2852587819         0.6921952367         0.5035884646E-01     0.1159086363E-01     0.1688140778         0.1469275114         0.2481680512E-01
    0.2466920018         0.8423005342    

                         STEP LENGTH (VM)
    0.9327586836E-03     0.1000000000         0.2000000000          1.000000000         0.1000000000         0.2000000000          1.000000000         0.2971316239E-03     0.6247234301E-01     0.2000000000    
    0.6486486395         0.1000000000         0.2000000000          1.000000000         0.8288771340E-03     0.9452475902E-01     0.2000000000          1.000000000         0.1000000000         0.2000000000    
     1.000000000         0.3477199532E-03     0.4227743430E-02     0.1859507547E-01     0.6809688576E-01     0.1000000000         0.2000000000          1.000000000         0.1825265012E-03     0.3829787132E-01
    0.1999999776          1.000000000         0.1000000000         0.2000000000          1.000000000         0.1565901283E-02     0.4672324626E-02     0.1383764005E-01     0.1082398009E-01     0.1000000000    
    0.2000000000          1.000000000    
 

 INTERMEDIATE RESULTS BEFORE NEXT TEMPERATURE REDUCTION

  CURRENT TEMPERATURE:             0.66968E-03
  MIN FUNCTION VALUE SO FAR:   0.200074711167056267E-01
  TOTAL MOVES:                    3360
     DOWNHILL:                    2061
     ACCEPTED UPHILL:              589
     REJECTED UPHILL:              710
  TRIALS OUT OF BOUNDS:           1183
  NEW MINIMA THIS TEMPERATURE:       0

                         CURRENT OPTIMAL X
    0.7516980785         0.1903812704E-01     0.2249834723         0.6575167179E-01     0.1542077065E-01     0.1801762581         0.5795892477         0.5282156090         0.9559782114E-01     0.1084792018    
    0.4573436975         0.5922814608E-01     0.2752940059         0.7674070001         0.9829001023         0.6493741870E-01     0.2338639021         0.9702828526         0.4141000509E-01     0.1140987515    
    0.6730167866         0.1540979432         0.9221619368E-02     0.2530574083         0.3960205317         0.4516953230E-01     0.1715318203         0.2544307709         0.6909402265         0.9447770119E-01
    0.1597941518         0.6333632469         0.3956056237E-01     0.2852587819         0.6921952367         0.5035884646E-01     0.1159086363E-01     0.1688140778         0.1469275114         0.2481680512E-01
    0.2466920018         0.8423005342    

                         STEP LENGTH (VM)
    0.1131069084E-02     0.1000000000         0.2000000000          1.000000000         0.1000000000         0.2000000000          1.000000000         0.2569829173E-03     0.3088703328E-01     0.2000000000    
    0.4472536633         0.1000000000         0.2000000000          1.000000000         0.3941661506E-03     0.4207450575E-01     0.2000000000          1.000000000         0.1000000000         0.2000000000    
     1.000000000         0.5590999079E-03     0.5731842011E-02     0.3525314145E-01     0.1481425797         0.1000000000         0.2000000000          1.000000000         0.1737774678E-03     0.1000000000    
    0.2000000000          1.000000000         0.1000000000         0.2000000000          1.000000000         0.4145005450E-03     0.1390810102E-02     0.3012273656E-02     0.6240850261E-02     0.1000000000    
    0.2000000000          1.000000000    
 

 INTERMEDIATE RESULTS BEFORE NEXT TEMPERATURE REDUCTION

  CURRENT TEMPERATURE:             0.50226E-03
  MIN FUNCTION VALUE SO FAR:   0.200053877262802264E-01
  TOTAL MOVES:                    3360
     DOWNHILL:                    2032
     ACCEPTED UPHILL:              589
     REJECTED UPHILL:              739
  TRIALS OUT OF BOUNDS:           1186
  NEW MINIMA THIS TEMPERATURE:       0

                         CURRENT OPTIMAL X
    0.7516980785         0.1903812704E-01     0.2249834723         0.6575167179E-01     0.8356578946E-01     0.1935790300         0.4983457327         0.5281921802         0.8679291010E-01     0.1084792018    
    0.4573436975         0.5922814608E-01     0.2752940059         0.7674070001         0.9829001023         0.6493741870E-01     0.2338639021         0.9702828526         0.4141000509E-01     0.1140987515    
    0.6730167866         0.1540979432         0.9221619368E-02     0.2530574083         0.3960205317         0.4516953230E-01     0.1715318203         0.2544307709         0.6909402265         0.9447770119E-01
    0.1597941518         0.6333632469         0.3956056237E-01     0.2852587819         0.6921952367         0.5035884646E-01     0.1159086363E-01     0.1688140778         0.1469275114         0.2481680512E-01
    0.2466920018         0.8423005342    

                         STEP LENGTH (VM)
    0.3942698208E-03     0.1000000000         0.2000000000          1.000000000         0.1000000000         0.2000000000          1.000000000         0.1139086644E-03     0.1000000000         0.2000000000    
     1.000000000         0.1000000000         0.2000000000          1.000000000         0.2002112621E-03     0.6948483334E-01     0.2000000000          1.000000000         0.1000000000         0.2000000000    
     1.000000000         0.2975665574E-03     0.2256149744E-02     0.1929394377E-01     0.5892358036E-01     0.1000000000         0.2000000000          1.000000000         0.1282289111E-03     0.6486486395E-01
    0.2000000000          1.000000000         0.1000000000         0.2000000000          1.000000000         0.7071955410E-04     0.2404912316E-03     0.8016027493E-03     0.1052787501E-02     0.1000000000    
    0.2000000000          1.000000000    
 

 INTERMEDIATE RESULTS BEFORE NEXT TEMPERATURE REDUCTION

  CURRENT TEMPERATURE:             0.37670E-03
  MIN FUNCTION VALUE SO FAR:   0.200053877262802264E-01
  TOTAL MOVES:                    3360
     DOWNHILL:                    1982
     ACCEPTED UPHILL:              455
     REJECTED UPHILL:              923
  TRIALS OUT OF BOUNDS:           1021
  NEW MINIMA THIS TEMPERATURE:       0

                         CURRENT OPTIMAL X
    0.7516980785         0.1903812704E-01     0.2249834723         0.6575167179E-01     0.8356578946E-01     0.1935790300         0.4983457327         0.5281921802         0.8679291010E-01     0.1084792018    
    0.4573436975         0.5922814608E-01     0.2752940059         0.7674070001         0.9829001023         0.6493741870E-01     0.2338639021         0.9702828526         0.4141000509E-01     0.1140987515    
    0.6730167866         0.1540979432         0.9221619368E-02     0.2530574083         0.3960205317         0.4516953230E-01     0.1715318203         0.2544307709         0.6909402265         0.9447770119E-01
    0.1597941518         0.6333632469         0.3956056237E-01     0.2852587819         0.6921952367         0.5035884646E-01     0.1159086363E-01     0.1688140778         0.1469275114         0.2481680512E-01
    0.2466920018         0.8423005342    

                         STEP LENGTH (VM)
    0.1318988518E-03     0.1742275385E-01     0.1499999972          1.000000000         0.1000000000         0.2000000000          1.000000000         0.3111725436E-04     0.8171988424E-01     0.2000000000    
     1.000000000         0.1000000000         0.2000000000          1.000000000         0.4955430873E-04     0.3856528265E-02     0.5069462985E-01     0.1509320782         0.1000000000         0.2000000000    
     1.000000000         0.6090911780E-04     0.1681928831E-02     0.9646967178E-02     0.1342763140E-01     0.1000000000         0.2000000000          1.000000000         0.5922581289E-04     0.8437498935E-01
    0.2000000000          1.000000000         0.1000000000         0.2000000000          1.000000000         0.5416812375E-04     0.1810303374E-03     0.4580585460E-03     0.4441444970E-03     0.1000000000    
    0.2000000000          1.000000000    
 

 INTERMEDIATE RESULTS BEFORE NEXT TEMPERATURE REDUCTION

  CURRENT TEMPERATURE:             0.28252E-03
  MIN FUNCTION VALUE SO FAR:   0.200029671251254863E-01
  TOTAL MOVES:                    3360
     DOWNHILL:                    1953
     ACCEPTED UPHILL:              534
     REJECTED UPHILL:              873
  TRIALS OUT OF BOUNDS:           1016
  NEW MINIMA THIS TEMPERATURE:       0

                         CURRENT OPTIMAL X
    0.7516340016         0.1559117979E-01     0.2693372307         0.6575167179E-01     0.8227813840E-01     0.1218315959         0.9123202562         0.5281906926         0.5216010213E-01     0.1840792894    
    0.5228440166         0.1742513776E-01     0.1907049894         0.9197278619         0.9828908540         0.6631150032E-01     0.2110865722         0.6985301971         0.7199356556E-01     0.2844037890    
    0.2918129563         0.1540078644         0.6675235963E-02     0.2486796299         0.3820625570         0.2602047920E-01     0.2609857321         0.3309741616         0.6910110834         0.8303854568E-01
    0.1166201234         0.3699371219         0.2545353770E-01     0.1802157760         0.1320600510E-01     0.5036736977E-01     0.1145065403E-01     0.1688307786         0.1464132220         0.5558980703E-01
    0.2006772041         0.9692158699    

                         STEP LENGTH (VM)
    0.5181484505E-04     0.1000000000         0.2000000000          1.000000000         0.1000000000         0.2000000000          1.000000000         0.1697411005E-04     0.5096534086E-03     0.6004511102E-02
    0.2880241631E-01     0.1000000000         0.2000000000          1.000000000         0.9668889011E-04     0.7970464089E-01     0.2000000000          1.000000000         0.1000000000         0.2000000000    
     1.000000000         0.5564195984E-04     0.7924874345E-03     0.3871640144E-02     0.7989439186E-02     0.1000000000         0.2000000000          1.000000000         0.3399847523E-04     0.8741787402E-01
    0.1687499787          1.000000000         0.1000000000         0.2000000000          1.000000000         0.1801654855E-04     0.4622050232E-04     0.1238951429E-03     0.1414163167E-03     0.1000000000    
    0.2000000000          1.000000000    
 

 INTERMEDIATE RESULTS BEFORE NEXT TEMPERATURE REDUCTION

  CURRENT TEMPERATURE:             0.21189E-03
  MIN FUNCTION VALUE SO FAR:   0.200020826934978850E-01
  TOTAL MOVES:                    3360
     DOWNHILL:                    1973
     ACCEPTED UPHILL:              492
     REJECTED UPHILL:              895
  TRIALS OUT OF BOUNDS:            988
  NEW MINIMA THIS TEMPERATURE:       0

                         CURRENT OPTIMAL X
    0.7515170013         0.9662431299E-02     0.1849846618         0.6401951226         0.8911970258E-01     0.2479630589         0.5434829593         0.5284469821         0.5723607530E-01     0.2255316615    
    0.9600419015         0.6425061822E-01     0.1721557140         0.6998533607         0.9827314428         0.4854718390E-01     0.2837324142         0.5770157576         0.5100554824E-01     0.1617163420    
    0.8815488815         0.1538520512         0.6405611023E-02     0.2365508541         0.3653959105         0.8146650791E-01     0.2956973553         0.7826273441         0.6915478351         0.2987027168E-01
    0.2719230056         0.6774287820         0.8515992761E-01     0.2301074147         0.2678064704         0.5015291237E-01     0.1134757002E-01     0.1692491288         0.1471188562         0.4627984762E-01
    0.2554388523         0.5757753849    

                         STEP LENGTH (VM)
    0.5821501657E-04     0.4304519693E-03     0.2319749663E-02     0.4704918276E-02     0.1000000000         0.2000000000          1.000000000         0.1941718729E-04     0.6361356474E-01     0.2000000000    
     1.000000000         0.1000000000         0.2000000000          1.000000000         0.8362278169E-04     0.4520469929E-01     0.2000000000          1.000000000         0.1000000000         0.2000000000    
     1.000000000         0.4152654299E-04     0.2019427058E-03     0.1822425968E-02     0.2549465778E-02     0.1000000000         0.2000000000          1.000000000         0.1721498513E-04     0.1000000000    
    0.2000000000          1.000000000         0.1000000000         0.2000000000          1.000000000         0.1025030847E-04     0.9389606463E-05     0.2725803700E-04     0.6779076202E-04     0.1000000000    
    0.2000000000          1.000000000    
 

  SA ACHIEVED TERMINATION CRITERIA. IER = 0. 


  ****   RESULTS AFTER SA   ****   

                         SOLUTION
    0.7515170013         0.9662431299E-02     0.1849846618         0.6401951226         0.8911970258E-01     0.2479630589         0.5434829593         0.5284469821         0.5723607530E-01     0.2255316615    
    0.9600419015         0.6425061822E-01     0.1721557140         0.6998533607         0.9827314428         0.4854718390E-01     0.2837324142         0.5770157576         0.5100554824E-01     0.1617163420    
    0.8815488815         0.1538520512         0.6405611023E-02     0.2365508541         0.3653959105         0.8146650791E-01     0.2956973553         0.7826273441         0.6915478351         0.2987027168E-01
    0.2719230056         0.6774287820         0.8515992761E-01     0.2301074147         0.2678064704         0.5015291237E-01     0.1134757002E-01     0.1692491288         0.1471188562         0.4627984762E-01
    0.2554388523         0.5757753849    

                         FINAL STEP LENGTH
    0.5821501657E-04     0.4304519693E-03     0.2319749663E-02     0.4704918276E-02     0.1000000000         0.2000000000          1.000000000         0.1941718729E-04     0.6361356474E-01     0.2000000000    
     1.000000000         0.1000000000         0.2000000000          1.000000000         0.8362278169E-04     0.4520469929E-01     0.2000000000          1.000000000         0.1000000000         0.2000000000    
     1.000000000         0.4152654299E-04     0.2019427058E-03     0.1822425968E-02     0.2549465778E-02     0.1000000000         0.2000000000          1.000000000         0.1721498513E-04     0.1000000000    
    0.2000000000          1.000000000         0.1000000000         0.2000000000          1.000000000         0.1025030847E-04     0.9389606463E-05     0.2725803700E-04     0.6779076202E-04     0.1000000000    
    0.2000000000          1.000000000    

 OPTIMAL FUNCTION VALUE:  0.2000208269350E-01
 NUMBER OF FUNCTION EVALUATIONS:         120961
 NUMBER OF ACCEPTED EVALUATIONS:         105669
 NUMBER OF OUT OF BOUND EVALUATIONS:      51673
 FINAL TEMP:  0.2118918355045E-03  IER:   0
