
 SIMULATED PARALLEL ANNEALING by NEIGHBORHOOD EXAMPLE

 NUMBER OF PARAMETERS:  42   MAXIMAZATION:     F
 INITIAL TEMP:  5.0       RT: 0.75       EPS: 0.10E-02
 NS:  24   NT:   5   NEPS:  4
 MAXEVL:  100000000   IPRINT: 1   ISEED1:    7 ISEED2:    8

                         STARTING VALUES
    0.9920948317         0.3879622817E-01     0.2041392326         0.1399486661         0.3780311346E-01     0.1796309948         0.4222737551         0.6361558971         0.6362628937E-02     0.1380752802    
    0.9397706985         0.4114107490E-01     0.2042868376         0.4466331005E-01     0.9884389760         0.9440618157E-01     0.2152112126         0.1169844270         0.5618481040E-01     0.2983768225    
    0.8466151357         0.1443916559E-01     0.3809977174E-01     0.1683738589         0.9286264181         0.6531269550E-01     0.2851266742         0.1868256927         0.7071144765         0.9607354403E-01
    0.2357887149         0.6778126955E-01     0.3424512744E-01     0.2654740810         0.8628123999         0.5127191635E-02     0.3393834233E-01     0.2942435861         0.8788208961         0.3045877218E-01
    0.1827162862         0.5964363217    

                         INITIAL STEP LENGTH
     1.000000000         0.1000000000         0.2000000000          1.000000000         0.1000000000         0.2000000000          1.000000000          1.000000000         0.1000000000         0.2000000000    
     1.000000000         0.1000000000         0.2000000000          1.000000000          1.000000000         0.1000000000         0.2000000000          1.000000000         0.1000000000         0.2000000000    
     1.000000000          1.000000000         0.1000000000         0.2000000000          1.000000000         0.1000000000         0.2000000000          1.000000000          1.000000000         0.1000000000    
    0.2000000000          1.000000000         0.1000000000         0.2000000000          1.000000000          1.000000000         0.1000000000         0.2000000000          1.000000000         0.1000000000    
    0.2000000000          1.000000000    

                         LOWER BOUND
     0.000000000          0.000000000         0.1000000000          0.000000000          0.000000000         0.1000000000          0.000000000          0.000000000          0.000000000         0.1000000000    
     0.000000000          0.000000000         0.1000000000          0.000000000          0.000000000          0.000000000         0.1000000000          0.000000000          0.000000000         0.1000000000    
     0.000000000          0.000000000          0.000000000         0.1000000000          0.000000000          0.000000000         0.1000000000          0.000000000          0.000000000          0.000000000    
    0.1000000000          0.000000000          0.000000000         0.1000000000          0.000000000          0.000000000          0.000000000         0.1000000000          0.000000000          0.000000000    
    0.1000000000          0.000000000    

                         UPPER BOUND
     1.000000000         0.1000000000         0.3000000000          1.000000000         0.1000000000         0.3000000000          1.000000000          1.000000000         0.1000000000         0.3000000000    
     1.000000000         0.1000000000         0.3000000000          1.000000000          1.000000000         0.1000000000         0.3000000000          1.000000000         0.1000000000         0.3000000000    
     1.000000000          1.000000000         0.1000000000         0.3000000000          1.000000000         0.1000000000         0.3000000000          1.000000000          1.000000000         0.1000000000    
    0.3000000000          1.000000000         0.1000000000         0.3000000000          1.000000000          1.000000000         0.1000000000         0.3000000000          1.000000000         0.1000000000    
    0.3000000000          1.000000000    

                         C VECTOR
     2.000000000          2.000000000          2.000000000          2.000000000          2.000000000          2.000000000          2.000000000          2.000000000          2.000000000          2.000000000    
     2.000000000          2.000000000          2.000000000          2.000000000          2.000000000          2.000000000          2.000000000          2.000000000          2.000000000          2.000000000    
     2.000000000          2.000000000          2.000000000          2.000000000          2.000000000          2.000000000          2.000000000          2.000000000          2.000000000          2.000000000    
     2.000000000          2.000000000          2.000000000          2.000000000          2.000000000          2.000000000          2.000000000          2.000000000          2.000000000          2.000000000    
     2.000000000          2.000000000    

  ****   END OF DRIVER ROUTINE OUTPUT   ****
  ****   BEFORE CALL TO SA.             ****
  

                         INITIAL X
    0.9920948317         0.3879622817E-01     0.2041392326         0.1399486661         0.3780311346E-01     0.1796309948         0.4222737551         0.6361558971         0.6362628937E-02     0.1380752802    
    0.9397706985         0.4114107490E-01     0.2042868376         0.4466331005E-01     0.9884389760         0.9440618157E-01     0.2152112126         0.1169844270         0.5618481040E-01     0.2983768225    
    0.8466151357         0.1443916559E-01     0.3809977174E-01     0.1683738589         0.9286264181         0.6531269550E-01     0.2851266742         0.1868256927         0.7071144765         0.9607354403E-01
    0.2357887149         0.6778126955E-01     0.3424512744E-01     0.2654740810         0.8628123999         0.5127191635E-02     0.3393834233E-01     0.2942435861         0.8788208961         0.3045877218E-01
    0.1827162862         0.5964363217    
  INITIAL F: 
 0.703622508185741680E-02

 INTERMEDIATE RESULTS BEFORE NEXT TEMPERATURE REDUCTION

  CURRENT TEMPERATURE:              5.0000    
  MIN FUNCTION VALUE SO FAR:   0.703622508185741680E-02
  TOTAL MOVES:                     840
     DOWNHILL:                     598
     ACCEPTED UPHILL:              213
     REJECTED UPHILL:               29
  TRIALS OUT OF BOUNDS:            430
  NEW MINIMA THIS TEMPERATURE:       0

                         CURRENT OPTIMAL X
    0.9920948317         0.3879622817E-01     0.2041392326         0.1399486661         0.3780311346E-01     0.1796309948         0.4222737551         0.6361558971         0.6362628937E-02     0.1380752802    
    0.9397706985         0.4114107490E-01     0.2042868376         0.4466331005E-01     0.9884389760         0.9440618157E-01     0.2152112126         0.1169844270         0.5618481040E-01     0.2983768225    
    0.8466151357         0.1443916559E-01     0.3809977174E-01     0.1683738589         0.9286264181         0.6531269550E-01     0.2851266742         0.1868256927         0.7071144765         0.9607354403E-01
    0.2357887149         0.6778126955E-01     0.3424512744E-01     0.2654740810         0.8628123999         0.5127191635E-02     0.3393834233E-01     0.2942435861         0.8788208961         0.3045877218E-01
    0.1827162862         0.5964363217    

                         STEP LENGTH (VM)
     1.000000000         0.1000000000         0.2000000000          1.000000000         0.1000000000         0.2000000000          1.000000000          1.000000000         0.1000000000         0.2000000000    
     1.000000000         0.1000000000         0.2000000000          1.000000000         0.1829152095         0.1000000000         0.2000000000          1.000000000         0.1000000000         0.2000000000    
     1.000000000          1.000000000         0.1000000000         0.2000000000          1.000000000         0.1000000000         0.2000000000          1.000000000          1.000000000         0.1000000000    
    0.2000000000          1.000000000         0.1000000000         0.2000000000          1.000000000          1.000000000         0.1000000000         0.2000000000          1.000000000         0.1000000000    
    0.2000000000          1.000000000    
 

 INTERMEDIATE RESULTS BEFORE NEXT TEMPERATURE REDUCTION

  CURRENT TEMPERATURE:              3.7500    
  MIN FUNCTION VALUE SO FAR:   0.689818867257929735E-02
  TOTAL MOVES:                     840
     DOWNHILL:                     590
     ACCEPTED UPHILL:              218
     REJECTED UPHILL:               32
  TRIALS OUT OF BOUNDS:            394
  NEW MINIMA THIS TEMPERATURE:       0

                         CURRENT OPTIMAL X
    0.9920948317         0.6135156155E-01     0.2377040148         0.8232225180         0.3780311346E-01     0.1796309948         0.4222737551         0.6361558971         0.6362628937E-02     0.1380752802    
    0.9397706985         0.4114107490E-01     0.2042868376         0.4466331005E-01     0.9884389760         0.9440618157E-01     0.2152112126         0.1169844270         0.5618481040E-01     0.2983768225    
    0.8466151357         0.1443916559E-01     0.3809977174E-01     0.1683738589         0.9286264181         0.6531269550E-01     0.2851266742         0.1868256927         0.7071144765         0.9607354403E-01
    0.2357887149         0.6778126955E-01     0.3424512744E-01     0.2654740810         0.8628123999         0.5127191635E-02     0.3393834233E-01     0.2942435861         0.8788208961         0.3045877218E-01
    0.1827162862         0.5964363217    

                         STEP LENGTH (VM)
     1.000000000         0.1000000000         0.2000000000          1.000000000         0.1000000000         0.2000000000          1.000000000          1.000000000         0.1000000000         0.2000000000    
     1.000000000         0.1000000000         0.2000000000          1.000000000         0.2819942207         0.1000000000         0.2000000000          1.000000000         0.1000000000         0.2000000000    
     1.000000000          1.000000000         0.1000000000         0.2000000000          1.000000000         0.1000000000         0.2000000000          1.000000000          1.000000000         0.1000000000    
    0.2000000000          1.000000000         0.1000000000         0.2000000000          1.000000000          1.000000000         0.1000000000         0.2000000000          1.000000000         0.1000000000    
    0.2000000000          1.000000000    
 

 INTERMEDIATE RESULTS BEFORE NEXT TEMPERATURE REDUCTION

  CURRENT TEMPERATURE:              2.8125    
  MIN FUNCTION VALUE SO FAR:   0.689818867257929735E-02
  TOTAL MOVES:                     840
     DOWNHILL:                     600
     ACCEPTED UPHILL:              215
     REJECTED UPHILL:               25
  TRIALS OUT OF BOUNDS:            442
  NEW MINIMA THIS TEMPERATURE:       0

                         CURRENT OPTIMAL X
    0.9920948317         0.6135156155E-01     0.2377040148         0.8232225180         0.3780311346E-01     0.1796309948         0.4222737551         0.6361558971         0.6362628937E-02     0.1380752802    
    0.9397706985         0.4114107490E-01     0.2042868376         0.4466331005E-01     0.9884389760         0.9440618157E-01     0.2152112126         0.1169844270         0.5618481040E-01     0.2983768225    
    0.8466151357         0.1443916559E-01     0.3809977174E-01     0.1683738589         0.9286264181         0.6531269550E-01     0.2851266742         0.1868256927         0.7071144765         0.9607354403E-01
    0.2357887149         0.6778126955E-01     0.3424512744E-01     0.2654740810         0.8628123999         0.5127191635E-02     0.3393834233E-01     0.2942435861         0.8788208961         0.3045877218E-01
    0.1827162862         0.5964363217    

                         STEP LENGTH (VM)
     1.000000000         0.1000000000         0.2000000000          1.000000000         0.1000000000         0.2000000000          1.000000000          1.000000000         0.1000000000         0.2000000000    
     1.000000000         0.1000000000         0.2000000000          1.000000000         0.4126642637         0.1000000000         0.2000000000          1.000000000         0.1000000000         0.2000000000    
     1.000000000          1.000000000         0.1000000000         0.2000000000          1.000000000         0.1000000000         0.2000000000          1.000000000          1.000000000         0.1000000000    
    0.2000000000          1.000000000         0.1000000000         0.2000000000          1.000000000          1.000000000         0.1000000000         0.2000000000          1.000000000         0.1000000000    
    0.2000000000          1.000000000    
 

 INTERMEDIATE RESULTS BEFORE NEXT TEMPERATURE REDUCTION

  CURRENT TEMPERATURE:              2.1094    
  MIN FUNCTION VALUE SO FAR:   0.689818867257929735E-02
  TOTAL MOVES:                     840
     DOWNHILL:                     589
     ACCEPTED UPHILL:              217
     REJECTED UPHILL:               34
  TRIALS OUT OF BOUNDS:            406
  NEW MINIMA THIS TEMPERATURE:       0

                         CURRENT OPTIMAL X
    0.9920948317         0.6135156155E-01     0.2377040148         0.8232225180         0.3780311346E-01     0.1796309948         0.4222737551         0.6361558971         0.6362628937E-02     0.1380752802    
    0.9397706985         0.4114107490E-01     0.2042868376         0.4466331005E-01     0.9884389760         0.9440618157E-01     0.2152112126         0.1169844270         0.5618481040E-01     0.2983768225    
    0.8466151357         0.1443916559E-01     0.3809977174E-01     0.1683738589         0.9286264181         0.6531269550E-01     0.2851266742         0.1868256927         0.7071144765         0.9607354403E-01
    0.2357887149         0.6778126955E-01     0.3424512744E-01     0.2654740810         0.8628123999         0.5127191635E-02     0.3393834233E-01     0.2942435861         0.8788208961         0.3045877218E-01
    0.1827162862         0.5964363217    

                         STEP LENGTH (VM)
     1.000000000         0.1000000000         0.2000000000          1.000000000         0.1000000000         0.2000000000          1.000000000          1.000000000         0.1000000000         0.2000000000    
     1.000000000         0.1000000000         0.2000000000          1.000000000         0.2745731743         0.1000000000         0.2000000000          1.000000000         0.1000000000         0.2000000000    
     1.000000000          1.000000000         0.1000000000         0.2000000000          1.000000000         0.1000000000         0.2000000000          1.000000000          1.000000000         0.1000000000    
    0.2000000000          1.000000000         0.1000000000         0.2000000000          1.000000000          1.000000000         0.1000000000         0.2000000000          1.000000000         0.1000000000    
    0.2000000000          1.000000000    
 

 INTERMEDIATE RESULTS BEFORE NEXT TEMPERATURE REDUCTION

  CURRENT TEMPERATURE:              1.5820    
  MIN FUNCTION VALUE SO FAR:   0.689739552998902550E-02
  TOTAL MOVES:                     840
     DOWNHILL:                     596
     ACCEPTED UPHILL:              214
     REJECTED UPHILL:               30
  TRIALS OUT OF BOUNDS:            404
  NEW MINIMA THIS TEMPERATURE:       0

                         CURRENT OPTIMAL X
    0.9920948317         0.8497738242E-01     0.1188148141         0.7392913103         0.3780311346E-01     0.1796309948         0.4222737551         0.6361558971         0.6362628937E-02     0.1380752802    
    0.9397706985         0.4114107490E-01     0.2042868376         0.4466331005E-01     0.9884389760         0.9440618157E-01     0.2152112126         0.1169844270         0.5618481040E-01     0.2983768225    
    0.8466151357         0.1443916559E-01     0.3809977174E-01     0.1683738589         0.9286264181         0.6531269550E-01     0.2851266742         0.1868256927         0.7071144765         0.9607354403E-01
    0.2357887149         0.6778126955E-01     0.3424512744E-01     0.2654740810         0.8628123999         0.5127191635E-02     0.3393834233E-01     0.2942435861         0.8788208961         0.3045877218E-01
    0.1827162862         0.5964363217    

                         STEP LENGTH (VM)
     1.000000000         0.1000000000         0.2000000000          1.000000000         0.1000000000         0.2000000000          1.000000000         0.8888888668         0.1000000000         0.2000000000    
     1.000000000         0.1000000000         0.2000000000          1.000000000         0.2440650377         0.1000000000         0.2000000000          1.000000000         0.1000000000         0.2000000000    
     1.000000000          1.000000000         0.1000000000         0.2000000000          1.000000000         0.1000000000         0.2000000000          1.000000000          1.000000000         0.1000000000    
    0.2000000000          1.000000000         0.1000000000         0.2000000000          1.000000000          1.000000000         0.1000000000         0.2000000000          1.000000000         0.1000000000    
    0.2000000000          1.000000000    
 

 INTERMEDIATE RESULTS BEFORE NEXT TEMPERATURE REDUCTION

  CURRENT TEMPERATURE:              1.1865    
  MIN FUNCTION VALUE SO FAR:   0.689739552998902550E-02
  TOTAL MOVES:                     840
     DOWNHILL:                     597
     ACCEPTED UPHILL:              213
     REJECTED UPHILL:               30
  TRIALS OUT OF BOUNDS:            424
  NEW MINIMA THIS TEMPERATURE:       0

                         CURRENT OPTIMAL X
    0.9920948317         0.8497738242E-01     0.1188148141         0.7392913103         0.3780311346E-01     0.1796309948         0.4222737551         0.6361558971         0.6362628937E-02     0.1380752802    
    0.9397706985         0.4114107490E-01     0.2042868376         0.4466331005E-01     0.9884389760         0.9440618157E-01     0.2152112126         0.1169844270         0.5618481040E-01     0.2983768225    
    0.8466151357         0.1443916559E-01     0.3809977174E-01     0.1683738589         0.9286264181         0.6531269550E-01     0.2851266742         0.1868256927         0.7071144765         0.9607354403E-01
    0.2357887149         0.6778126955E-01     0.3424512744E-01     0.2654740810         0.8628123999         0.5127191635E-02     0.3393834233E-01     0.2942435861         0.8788208961         0.3045877218E-01
    0.1827162862         0.5964363217    

                         STEP LENGTH (VM)
     1.000000000         0.1000000000         0.2000000000          1.000000000         0.1000000000         0.2000000000          1.000000000         0.8936169476         0.1000000000         0.2000000000    
     1.000000000         0.1000000000         0.2000000000          1.000000000         0.2822001713         0.1000000000         0.2000000000          1.000000000         0.1000000000         0.2000000000    
     1.000000000          1.000000000         0.1000000000         0.2000000000          1.000000000         0.1000000000         0.2000000000          1.000000000          1.000000000         0.1000000000    
    0.2000000000          1.000000000         0.1000000000         0.2000000000          1.000000000          1.000000000         0.1000000000         0.2000000000          1.000000000         0.1000000000    
    0.2000000000          1.000000000    
 

 INTERMEDIATE RESULTS BEFORE NEXT TEMPERATURE REDUCTION

  CURRENT TEMPERATURE:             0.88989    
  MIN FUNCTION VALUE SO FAR:   0.689739552998902550E-02
  TOTAL MOVES:                     840
     DOWNHILL:                     606
     ACCEPTED UPHILL:              189
     REJECTED UPHILL:               45
  TRIALS OUT OF BOUNDS:            411
  NEW MINIMA THIS TEMPERATURE:       0

                         CURRENT OPTIMAL X
    0.9920948317         0.8497738242E-01     0.1188148141         0.7392913103         0.3780311346E-01     0.1796309948         0.4222737551         0.6361558971         0.6362628937E-02     0.1380752802    
    0.9397706985         0.4114107490E-01     0.2042868376         0.4466331005E-01     0.9884389760         0.9440618157E-01     0.2152112126         0.1169844270         0.5618481040E-01     0.2983768225    
    0.8466151357         0.1443916559E-01     0.3809977174E-01     0.1683738589         0.9286264181         0.6531269550E-01     0.2851266742         0.1868256927         0.7071144765         0.9607354403E-01
    0.2357887149         0.6778126955E-01     0.3424512744E-01     0.2654740810         0.8628123999         0.5127191635E-02     0.3393834233E-01     0.2942435861         0.8788208961         0.3045877218E-01
    0.1827162862         0.5964363217    

                         STEP LENGTH (VM)
     1.000000000         0.1000000000         0.2000000000          1.000000000         0.1000000000         0.2000000000          1.000000000         0.7728578178         0.1000000000         0.2000000000    
     1.000000000         0.1000000000         0.2000000000          1.000000000         0.1830487572         0.1000000000         0.2000000000          1.000000000         0.1000000000         0.2000000000    
     1.000000000          1.000000000         0.1000000000         0.2000000000          1.000000000         0.1000000000         0.2000000000          1.000000000          1.000000000         0.1000000000    
    0.2000000000          1.000000000         0.1000000000         0.2000000000          1.000000000          1.000000000         0.1000000000         0.2000000000          1.000000000         0.1000000000    
    0.2000000000          1.000000000    
 

 INTERMEDIATE RESULTS BEFORE NEXT TEMPERATURE REDUCTION

  CURRENT TEMPERATURE:             0.66742    
  MIN FUNCTION VALUE SO FAR:   0.689739552998902550E-02
  TOTAL MOVES:                     840
     DOWNHILL:                     575
     ACCEPTED UPHILL:              225
     REJECTED UPHILL:               40
  TRIALS OUT OF BOUNDS:            425
  NEW MINIMA THIS TEMPERATURE:       0

                         CURRENT OPTIMAL X
    0.9920948317         0.8497738242E-01     0.1188148141         0.7392913103         0.3780311346E-01     0.1796309948         0.4222737551         0.6361558971         0.6362628937E-02     0.1380752802    
    0.9397706985         0.4114107490E-01     0.2042868376         0.4466331005E-01     0.9884389760         0.9440618157E-01     0.2152112126         0.1169844270         0.5618481040E-01     0.2983768225    
    0.8466151357         0.1443916559E-01     0.3809977174E-01     0.1683738589         0.9286264181         0.6531269550E-01     0.2851266742         0.1868256927         0.7071144765         0.9607354403E-01
    0.2357887149         0.6778126955E-01     0.3424512744E-01     0.2654740810         0.8628123999         0.5127191635E-02     0.3393834233E-01     0.2942435861         0.8788208961         0.3045877218E-01
    0.1827162862         0.5964363217    

                         STEP LENGTH (VM)
     1.000000000         0.1000000000         0.2000000000          1.000000000         0.1000000000         0.2000000000          1.000000000         0.8694648363         0.1000000000         0.2000000000    
     1.000000000         0.1000000000         0.2000000000          1.000000000         0.1494780092         0.1000000000         0.2000000000          1.000000000         0.1000000000         0.2000000000    
     1.000000000          1.000000000         0.1000000000         0.2000000000          1.000000000         0.1000000000         0.2000000000          1.000000000         0.9999998675         0.1000000000    
    0.2000000000          1.000000000         0.1000000000         0.2000000000          1.000000000          1.000000000         0.1000000000         0.2000000000          1.000000000         0.1000000000    
    0.2000000000          1.000000000    
 

 INTERMEDIATE RESULTS BEFORE NEXT TEMPERATURE REDUCTION

  CURRENT TEMPERATURE:             0.50056    
  MIN FUNCTION VALUE SO FAR:   0.689739552998902550E-02
  TOTAL MOVES:                     840
     DOWNHILL:                     577
     ACCEPTED UPHILL:              215
     REJECTED UPHILL:               48
  TRIALS OUT OF BOUNDS:            411
  NEW MINIMA THIS TEMPERATURE:       0

                         CURRENT OPTIMAL X
    0.9920948317         0.8497738242E-01     0.1188148141         0.7392913103         0.3780311346E-01     0.1796309948         0.4222737551         0.6361558971         0.6362628937E-02     0.1380752802    
    0.9397706985         0.4114107490E-01     0.2042868376         0.4466331005E-01     0.9884389760         0.9440618157E-01     0.2152112126         0.1169844270         0.5618481040E-01     0.2983768225    
    0.8466151357         0.1443916559E-01     0.3809977174E-01     0.1683738589         0.9286264181         0.6531269550E-01     0.2851266742         0.1868256927         0.7071144765         0.9607354403E-01
    0.2357887149         0.6778126955E-01     0.3424512744E-01     0.2654740810         0.8628123999         0.5127191635E-02     0.3393834233E-01     0.2942435861         0.8788208961         0.3045877218E-01
    0.1827162862         0.5964363217    

                         STEP LENGTH (VM)
     1.000000000         0.1000000000         0.2000000000          1.000000000         0.1000000000         0.2000000000          1.000000000         0.7137834688         0.1000000000         0.2000000000    
     1.000000000         0.1000000000         0.2000000000          1.000000000         0.1121084940         0.1000000000         0.2000000000          1.000000000         0.1000000000         0.2000000000    
     1.000000000          1.000000000         0.1000000000         0.2000000000          1.000000000         0.1000000000         0.2000000000          1.000000000          1.000000000         0.1000000000    
    0.2000000000          1.000000000         0.1000000000         0.2000000000          1.000000000          1.000000000         0.1000000000         0.2000000000          1.000000000         0.1000000000    
    0.2000000000          1.000000000    
 

 INTERMEDIATE RESULTS BEFORE NEXT TEMPERATURE REDUCTION

  CURRENT TEMPERATURE:             0.37542    
  MIN FUNCTION VALUE SO FAR:   0.689739552998902550E-02
  TOTAL MOVES:                     840
     DOWNHILL:                     610
     ACCEPTED UPHILL:              181
     REJECTED UPHILL:               49
  TRIALS OUT OF BOUNDS:            415
  NEW MINIMA THIS TEMPERATURE:       0

                         CURRENT OPTIMAL X
    0.9920948317         0.8497738242E-01     0.1188148141         0.7392913103         0.3780311346E-01     0.1796309948         0.4222737551         0.6361558971         0.6362628937E-02     0.1380752802    
    0.9397706985         0.4114107490E-01     0.2042868376         0.4466331005E-01     0.9884389760         0.9440618157E-01     0.2152112126         0.1169844270         0.5618481040E-01     0.2983768225    
    0.8466151357         0.1443916559E-01     0.3809977174E-01     0.1683738589         0.9286264181         0.6531269550E-01     0.2851266742         0.1868256927         0.7071144765         0.9607354403E-01
    0.2357887149         0.6778126955E-01     0.3424512744E-01     0.2654740810         0.8628123999         0.5127191635E-02     0.3393834233E-01     0.2942435861         0.8788208961         0.3045877218E-01
    0.1827162862         0.5964363217    

                         STEP LENGTH (VM)
     1.000000000         0.1000000000         0.2000000000          1.000000000         0.1000000000         0.2000000000          1.000000000         0.7137833092         0.1000000000         0.2000000000    
     1.000000000         0.1000000000         0.2000000000          1.000000000         0.1494779780         0.1000000000         0.2000000000          1.000000000         0.1000000000         0.2000000000    
     1.000000000          1.000000000         0.1000000000         0.2000000000          1.000000000         0.1000000000         0.2000000000          1.000000000          1.000000000         0.1000000000    
    0.2000000000          1.000000000         0.1000000000         0.2000000000          1.000000000          1.000000000         0.1000000000         0.2000000000          1.000000000         0.1000000000    
    0.2000000000          1.000000000    
 

 INTERMEDIATE RESULTS BEFORE NEXT TEMPERATURE REDUCTION

  CURRENT TEMPERATURE:             0.28157    
  MIN FUNCTION VALUE SO FAR:   0.689739552998902550E-02
  TOTAL MOVES:                     840
     DOWNHILL:                     608
     ACCEPTED UPHILL:              178
     REJECTED UPHILL:               54
  TRIALS OUT OF BOUNDS:            405
  NEW MINIMA THIS TEMPERATURE:       0

                         CURRENT OPTIMAL X
    0.9920948317         0.8497738242E-01     0.1188148141         0.7392913103         0.3780311346E-01     0.1796309948         0.4222737551         0.6361558971         0.6362628937E-02     0.1380752802    
    0.9397706985         0.4114107490E-01     0.2042868376         0.4466331005E-01     0.9884389760         0.9440618157E-01     0.2152112126         0.1169844270         0.5618481040E-01     0.2983768225    
    0.8466151357         0.1443916559E-01     0.3809977174E-01     0.1683738589         0.9286264181         0.6531269550E-01     0.2851266742         0.1868256927         0.7071144765         0.9607354403E-01
    0.2357887149         0.6778126955E-01     0.3424512744E-01     0.2654740810         0.8628123999         0.5127191635E-02     0.3393834233E-01     0.2942435861         0.8788208961         0.3045877218E-01
    0.1827162862         0.5964363217    

                         STEP LENGTH (VM)
     1.000000000         0.1000000000         0.2000000000          1.000000000         0.1000000000         0.2000000000          1.000000000         0.2864644509         0.1000000000         0.2000000000    
     1.000000000         0.1000000000         0.2000000000          1.000000000         0.2159126120         0.1000000000         0.2000000000          1.000000000         0.1000000000         0.2000000000    
     1.000000000          1.000000000         0.1000000000         0.2000000000          1.000000000         0.1000000000         0.2000000000          1.000000000          1.000000000         0.1000000000    
    0.2000000000          1.000000000         0.1000000000         0.2000000000          1.000000000          1.000000000         0.1000000000         0.2000000000          1.000000000         0.1000000000    
    0.2000000000          1.000000000    
 

 INTERMEDIATE RESULTS BEFORE NEXT TEMPERATURE REDUCTION

  CURRENT TEMPERATURE:             0.21118    
  MIN FUNCTION VALUE SO FAR:   0.689739552998902550E-02
  TOTAL MOVES:                     840
     DOWNHILL:                     581
     ACCEPTED UPHILL:              196
     REJECTED UPHILL:               63
  TRIALS OUT OF BOUNDS:            406
  NEW MINIMA THIS TEMPERATURE:       0

                         CURRENT OPTIMAL X
    0.9920948317         0.8497738242E-01     0.1188148141         0.7392913103         0.3780311346E-01     0.1796309948         0.4222737551         0.6361558971         0.6362628937E-02     0.1380752802    
    0.9397706985         0.4114107490E-01     0.2042868376         0.4466331005E-01     0.9884389760         0.9440618157E-01     0.2152112126         0.1169844270         0.5618481040E-01     0.2983768225    
    0.8466151357         0.1443916559E-01     0.3809977174E-01     0.1683738589         0.9286264181         0.6531269550E-01     0.2851266742         0.1868256927         0.7071144765         0.9607354403E-01
    0.2357887149         0.6778126955E-01     0.3424512744E-01     0.2654740810         0.8628123999         0.5127191635E-02     0.3393834233E-01     0.2942435861         0.8788208961         0.3045877218E-01
    0.1827162862         0.5964363217    

                         STEP LENGTH (VM)
     1.000000000         0.1000000000         0.2000000000          1.000000000         0.1000000000         0.2000000000          1.000000000         0.2477529909         0.1000000000         0.2000000000    
     1.000000000         0.1000000000         0.2000000000          1.000000000         0.9965196098E-01     0.1000000000         0.2000000000          1.000000000         0.1000000000         0.2000000000    
     1.000000000          1.000000000         0.1000000000         0.2000000000          1.000000000         0.1000000000         0.2000000000          1.000000000         0.7901234175         0.1000000000    
    0.2000000000          1.000000000         0.1000000000         0.2000000000          1.000000000         0.6486486395         0.1000000000         0.2000000000          1.000000000         0.1000000000    
    0.2000000000          1.000000000    
 

 INTERMEDIATE RESULTS BEFORE NEXT TEMPERATURE REDUCTION

  CURRENT TEMPERATURE:             0.15838    
  MIN FUNCTION VALUE SO FAR:   0.689045769565954647E-02
  TOTAL MOVES:                     840
     DOWNHILL:                     592
     ACCEPTED UPHILL:              181
     REJECTED UPHILL:               67
  TRIALS OUT OF BOUNDS:            411
  NEW MINIMA THIS TEMPERATURE:       1

                         CURRENT OPTIMAL X
    0.9920948317         0.8984873891E-01     0.1993213773         0.7616877556E-03     0.1209960580E-01     0.1055308580         0.8624494076E-01     0.6361558971         0.5543768406E-02     0.1380752802    
    0.9397706985         0.4114107490E-01     0.2042868376         0.4466331005E-01     0.9884389760         0.9440618157E-01     0.2152112126         0.1169844270         0.5618481040E-01     0.2983768225    
    0.8466151357         0.1443916559E-01     0.3809977174E-01     0.1683738589         0.9286264181         0.6531269550E-01     0.2851266742         0.1868256927         0.7071144765         0.9607354403E-01
    0.2357887149         0.6778126955E-01     0.3424512744E-01     0.2654740810         0.8628123999         0.5127191635E-02     0.3393834233E-01     0.2942435861         0.8788208961         0.3045877218E-01
    0.1827162862         0.5964363217    

                         STEP LENGTH (VM)
     1.000000000         0.1000000000         0.2000000000          1.000000000         0.1000000000         0.2000000000          1.000000000         0.2477529581         0.1000000000         0.2000000000    
     1.000000000         0.1000000000         0.2000000000          1.000000000         0.5061686727E-01     0.1000000000         0.2000000000          1.000000000         0.1000000000         0.2000000000    
     1.000000000         0.5744680187         0.1000000000         0.2000000000          1.000000000         0.1000000000         0.2000000000          1.000000000         0.7901234175         0.1000000000    
    0.2000000000          1.000000000         0.1000000000         0.2000000000          1.000000000          1.000000000         0.1000000000         0.2000000000          1.000000000         0.1000000000    
    0.2000000000          1.000000000    
 

 INTERMEDIATE RESULTS BEFORE NEXT TEMPERATURE REDUCTION

  CURRENT TEMPERATURE:             0.11879    
  MIN FUNCTION VALUE SO FAR:   0.669730318576788886E-02
  TOTAL MOVES:                     840
     DOWNHILL:                     594
     ACCEPTED UPHILL:              172
     REJECTED UPHILL:               74
  TRIALS OUT OF BOUNDS:            398
  NEW MINIMA THIS TEMPERATURE:       2

                         CURRENT OPTIMAL X
    0.9920948317         0.2834092975E-01     0.1993213773         0.7616877556E-03     0.1209960580E-01     0.1055308580         0.8624494076E-01     0.6361558971         0.5543768406E-02     0.1380752802    
    0.9397706985         0.4114107490E-01     0.2042868376         0.4466331005E-01     0.9884389760         0.9440618157E-01     0.2152112126         0.1169844270         0.5618481040E-01     0.2983768225    
    0.8466151357         0.1443916559E-01     0.3809977174E-01     0.1683738589         0.9286264181         0.6531269550E-01     0.2851266742         0.1868256927         0.7071144765         0.9607354403E-01
    0.2357887149         0.6778126955E-01     0.3424512744E-01     0.2654740810         0.8628123999         0.5127191635E-02     0.3393834233E-01     0.2942435861         0.8788208961         0.3045877218E-01
    0.1827162862         0.5964363217    

                         STEP LENGTH (VM)
    0.9999998882         0.1000000000         0.2000000000          1.000000000         0.1000000000         0.2000000000          1.000000000         0.3113651767         0.1000000000         0.2000000000    
     1.000000000         0.1000000000         0.2000000000          1.000000000         0.5852574686E-01     0.1000000000         0.2000000000          1.000000000         0.1000000000         0.2000000000    
     1.000000000         0.6808509048         0.1000000000         0.2000000000          1.000000000         0.1000000000         0.2000000000          1.000000000         0.5079363554         0.1000000000    
    0.2000000000          1.000000000         0.1000000000         0.2000000000          1.000000000         0.6491227509         0.1000000000         0.2000000000          1.000000000         0.1000000000    
    0.2000000000          1.000000000    
 

 INTERMEDIATE RESULTS BEFORE NEXT TEMPERATURE REDUCTION

  CURRENT TEMPERATURE:             0.89090E-01
  MIN FUNCTION VALUE SO FAR:   0.664043205493669575E-02
  TOTAL MOVES:                     840
     DOWNHILL:                     584
     ACCEPTED UPHILL:              180
     REJECTED UPHILL:               76
  TRIALS OUT OF BOUNDS:            366
  NEW MINIMA THIS TEMPERATURE:       0

                         CURRENT OPTIMAL X
    0.9920948317         0.3139733672E-01     0.1777400613         0.7616877556E-03     0.1209960580E-01     0.1055308580         0.8624494076E-01     0.6361558971         0.5543768406E-02     0.1380752802    
    0.9397706985         0.4114107490E-01     0.2042868376         0.4466331005E-01     0.9884389760         0.9440618157E-01     0.2152112126         0.1169844270         0.5618481040E-01     0.2983768225    
    0.8466151357         0.1443916559E-01     0.3809977174E-01     0.1683738589         0.9286264181         0.6531269550E-01     0.2851266742         0.1868256927         0.7071144765         0.9607354403E-01
    0.2357887149         0.6778126955E-01     0.3424512744E-01     0.2654740810         0.8628123999         0.5127191635E-02     0.3393834233E-01     0.2942435861         0.8788208961         0.3045877218E-01
    0.1827162862         0.5964363217    

                         STEP LENGTH (VM)
     1.000000000         0.1000000000         0.2000000000          1.000000000         0.1000000000         0.2000000000          1.000000000         0.2335238782         0.1000000000         0.2000000000    
     1.000000000         0.1000000000         0.2000000000          1.000000000         0.4232664665E-01     0.1000000000         0.2000000000          1.000000000         0.1000000000         0.2000000000    
     1.000000000         0.8069342491         0.1000000000         0.2000000000          1.000000000         0.1000000000         0.2000000000          1.000000000         0.3386242222         0.1000000000    
    0.2000000000          1.000000000         0.1000000000         0.2000000000          1.000000000         0.2852291514         0.1000000000         0.2000000000          1.000000000         0.1000000000    
    0.2000000000          1.000000000    
 

 INTERMEDIATE RESULTS BEFORE NEXT TEMPERATURE REDUCTION

  CURRENT TEMPERATURE:             0.66817E-01
  MIN FUNCTION VALUE SO FAR:   0.459452323607345559E-02
  TOTAL MOVES:                     840
     DOWNHILL:                     575
     ACCEPTED UPHILL:              190
     REJECTED UPHILL:               75
  TRIALS OUT OF BOUNDS:            375
  NEW MINIMA THIS TEMPERATURE:       1

                         CURRENT OPTIMAL X
    0.9920948317         0.3148294091E-01     0.1498986125         0.7072523236         0.6682366729E-01     0.2686511397         0.5013939142         0.6295261147         0.4565598965E-01     0.1455763102    
    0.6738290786         0.1052700281E-01     0.2739630938         0.3455953002         0.9993440538         0.9481659531E-01     0.2798062205         0.5658999085         0.6428011060E-01     0.2925127507    
    0.2406590581         0.1443916559E-01     0.5708060265E-01     0.1261075854         0.4730640650         0.6612748504E-01     0.1251712919         0.1143493057         0.7071144765         0.2444960475E-01
    0.2659965396         0.4064944983         0.4989951849E-02     0.1082845926         0.1904402971         0.1742369608E-01     0.8485363126E-01     0.1323287249         0.1084695458         0.9275257587E-01
    0.2031782269         0.1811773181    

                         STEP LENGTH (VM)
    0.3265306053         0.1000000000         0.2000000000          1.000000000         0.1000000000         0.2000000000          1.000000000         0.1399990556         0.1000000000         0.2000000000    
     1.000000000         0.1000000000         0.2000000000          1.000000000         0.4166528814E-01     0.1000000000         0.2000000000          1.000000000         0.1000000000         0.2000000000    
     1.000000000         0.4611052357         0.1000000000         0.2000000000          1.000000000         0.1000000000         0.2000000000          1.000000000         0.2196481198         0.1000000000    
    0.2000000000          1.000000000         0.1000000000         0.2000000000          1.000000000         0.4189302798         0.1000000000         0.2000000000          1.000000000         0.1000000000    
    0.2000000000          1.000000000    
 

 INTERMEDIATE RESULTS BEFORE NEXT TEMPERATURE REDUCTION

  CURRENT TEMPERATURE:             0.50113E-01
  MIN FUNCTION VALUE SO FAR:   0.459452323607345559E-02
  TOTAL MOVES:                     840
     DOWNHILL:                     582
     ACCEPTED UPHILL:              176
     REJECTED UPHILL:               82
  TRIALS OUT OF BOUNDS:            380
  NEW MINIMA THIS TEMPERATURE:       0

                         CURRENT OPTIMAL X
    0.9920948317         0.3148294091E-01     0.1498986125         0.7072523236         0.6682366729E-01     0.2686511397         0.5013939142         0.6295261147         0.4565598965E-01     0.1455763102    
    0.6738290786         0.1052700281E-01     0.2739630938         0.3455953002         0.9993440538         0.9481659531E-01     0.2798062205         0.5658999085         0.6428011060E-01     0.2925127507    
    0.2406590581         0.1443916559E-01     0.5708060265E-01     0.1261075854         0.4730640650         0.6612748504E-01     0.1251712919         0.1143493057         0.7071144765         0.2444960475E-01
    0.2659965396         0.4064944983         0.4989951849E-02     0.1082845926         0.1904402971         0.1742369608E-01     0.8485363126E-01     0.1323287249         0.1084695458         0.9275257587E-01
    0.2031782269         0.1811773181    

                         STEP LENGTH (VM)
    0.2343359176         0.1000000000         0.2000000000          1.000000000         0.1000000000         0.2000000000          1.000000000         0.1771862531         0.1000000000         0.2000000000    
     1.000000000         0.1000000000         0.2000000000          1.000000000         0.1215765224E-01     0.1000000000         0.2000000000          1.000000000         0.1000000000         0.2000000000    
     1.000000000         0.1338692592         0.1000000000         0.2000000000          1.000000000         0.1000000000         0.2000000000          1.000000000         0.1266439560         0.1000000000    
    0.2000000000          1.000000000         0.1000000000         0.2000000000          1.000000000         0.2870447709         0.1000000000         0.2000000000          1.000000000         0.1000000000    
    0.2000000000          1.000000000    
 

 INTERMEDIATE RESULTS BEFORE NEXT TEMPERATURE REDUCTION

  CURRENT TEMPERATURE:             0.37585E-01
  MIN FUNCTION VALUE SO FAR:   0.437640723278254207E-02
  TOTAL MOVES:                     840
     DOWNHILL:                     573
     ACCEPTED UPHILL:              168
     REJECTED UPHILL:               99
  TRIALS OUT OF BOUNDS:            389
  NEW MINIMA THIS TEMPERATURE:       0

                         CURRENT OPTIMAL X
    0.9920948317         0.4017180204E-01     0.2411428809         0.5331553817         0.6065028310E-01     0.2995723367         0.8869996667         0.6295261147         0.9974563122E-02     0.1455763102    
    0.6738290786         0.1052700281E-01     0.2739630938         0.3455953002         0.9993440538         0.9481659531E-01     0.2798062205         0.5658999085         0.6428011060E-01     0.2925127507    
    0.2406590581         0.1443916559E-01     0.5708060265E-01     0.1261075854         0.4730640650         0.6612748504E-01     0.1251712919         0.1143493057         0.7071144765         0.2444960475E-01
    0.2659965396         0.4064944983         0.4989951849E-02     0.1082845926         0.1904402971         0.1742369608E-01     0.8485363126E-01     0.1323287249         0.1084695458         0.9275257587E-01
    0.2031782269         0.1811773181    

                         STEP LENGTH (VM)
    0.1318139488         0.1000000000         0.2000000000          1.000000000         0.1000000000         0.2000000000          1.000000000         0.7634087539E-01     0.1000000000         0.2000000000    
     1.000000000         0.1000000000         0.2000000000          1.000000000         0.1246189499E-01     0.1000000000         0.2000000000          1.000000000         0.1000000000         0.2000000000    
     1.000000000         0.7649671872E-01     0.1000000000         0.2000000000          1.000000000         0.1000000000         0.2000000000          1.000000000         0.6010639899E-01     0.1000000000    
    0.2000000000          1.000000000         0.1000000000         0.2000000000          1.000000000         0.1284756704         0.1000000000         0.2000000000          1.000000000         0.1000000000    
    0.2000000000          1.000000000    
 

 INTERMEDIATE RESULTS BEFORE NEXT TEMPERATURE REDUCTION

  CURRENT TEMPERATURE:             0.28189E-01
  MIN FUNCTION VALUE SO FAR:   0.103293761550626861E-02
  TOTAL MOVES:                     840
     DOWNHILL:                     570
     ACCEPTED UPHILL:              160
     REJECTED UPHILL:              110
  TRIALS OUT OF BOUNDS:            367
  NEW MINIMA THIS TEMPERATURE:       5

                         CURRENT OPTIMAL X
    0.9920948317         0.4875885844E-01     0.2342703700         0.5836284757         0.3359256387E-01     0.1870572448         0.8384694457         0.6329380806         0.2449062467E-01     0.2967890739    
    0.9950637813E-01     0.4465587735E-01     0.1211036682         0.8757082820         0.9993440538         0.4838983416E-01     0.2817367673         0.3506864905         0.7752928138E-01     0.2629863262    
    0.4892365337         0.1443916559E-01     0.6151113510E-01     0.2268632054         0.4956656694         0.2928469777E-01     0.2695635915         0.8186872005         0.7071144765         0.9544643164E-01
    0.2698340893         0.8037393689         0.6907224059E-01     0.2761280775         0.7194467187         0.1742369608E-01     0.4413145185E-01     0.2743912101         0.6997061968         0.4943462014E-01
    0.2182938695         0.9348309636    

                         STEP LENGTH (VM)
    0.7600083236E-01     0.1000000000         0.2000000000          1.000000000         0.1000000000         0.2000000000          1.000000000         0.5725564994E-01     0.1000000000         0.2000000000    
     1.000000000         0.1000000000         0.2000000000          1.000000000         0.2968589815E-02     0.1000000000         0.2000000000          1.000000000         0.1000000000         0.2000000000    
     1.000000000         0.6022081567E-01     0.1000000000         0.2000000000          1.000000000         0.1000000000         0.2000000000          1.000000000         0.5342790889E-01     0.1000000000    
    0.2000000000          1.000000000         0.1000000000         0.2000000000          1.000000000         0.5929646294E-01     0.1000000000         0.2000000000          1.000000000         0.1000000000    
    0.2000000000          1.000000000    
 

 INTERMEDIATE RESULTS BEFORE NEXT TEMPERATURE REDUCTION

  CURRENT TEMPERATURE:             0.21141E-01
  MIN FUNCTION VALUE SO FAR:   0.928761433885538779E-03
  TOTAL MOVES:                     840
     DOWNHILL:                     553
     ACCEPTED UPHILL:              169
     REJECTED UPHILL:              118
  TRIALS OUT OF BOUNDS:            401
  NEW MINIMA THIS TEMPERATURE:       0

                         CURRENT OPTIMAL X
    0.9920948317         0.5644751191E-01     0.1069164038         0.5836284757         0.3359256387E-01     0.1870572448         0.8384694457         0.6329380806         0.2449062467E-01     0.2967890739    
    0.9950637813E-01     0.4465587735E-01     0.1211036682         0.8757082820         0.9993440538         0.4838983416E-01     0.2817367673         0.3506864905         0.7752928138E-01     0.2629863262    
    0.4892365337         0.1443916559E-01     0.6151113510E-01     0.2268632054         0.4956656694         0.2928469777E-01     0.2695635915         0.8186872005         0.7071144765         0.9544643164E-01
    0.2698340893         0.8037393689         0.6907224059E-01     0.2761280775         0.7194467187         0.1742369608E-01     0.4413145185E-01     0.2743912101         0.6997061968         0.4943462014E-01
    0.2182938695         0.9348309636    

                         STEP LENGTH (VM)
    0.9007504124E-01     0.1000000000         0.2000000000          1.000000000         0.1000000000         0.2000000000          1.000000000         0.2923692353E-01     0.1000000000         0.2000000000    
     1.000000000         0.1000000000         0.2000000000          1.000000000         0.8575924794E-02     0.1000000000         0.2000000000          1.000000000         0.1000000000         0.2000000000    
     1.000000000         0.2852564359E-01     0.1000000000         0.2000000000          1.000000000         0.1000000000         0.2000000000          1.000000000         0.4007093092E-01     0.1000000000    
    0.2000000000          1.000000000         0.1000000000         0.2000000000          1.000000000         0.5223735534E-01     0.1000000000         0.2000000000          1.000000000         0.1000000000    
    0.2000000000          1.000000000    
 

 INTERMEDIATE RESULTS BEFORE NEXT TEMPERATURE REDUCTION

  CURRENT TEMPERATURE:             0.15856E-01
  MIN FUNCTION VALUE SO FAR:   0.928761433885538779E-03
  TOTAL MOVES:                     840
     DOWNHILL:                     559
     ACCEPTED UPHILL:              152
     REJECTED UPHILL:              129
  TRIALS OUT OF BOUNDS:            384
  NEW MINIMA THIS TEMPERATURE:       0

                         CURRENT OPTIMAL X
    0.9920948317         0.5644751191E-01     0.1069164038         0.5836284757         0.3359256387E-01     0.1870572448         0.8384694457         0.6329380806         0.2449062467E-01     0.2967890739    
    0.9950637813E-01     0.4465587735E-01     0.1211036682         0.8757082820         0.9993440538         0.4838983416E-01     0.2817367673         0.3506864905         0.7752928138E-01     0.2629863262    
    0.4892365337         0.1443916559E-01     0.6151113510E-01     0.2268632054         0.4956656694         0.2928469777E-01     0.2695635915         0.8186872005         0.7071144765         0.9544643164E-01
    0.2698340893         0.8037393689         0.6907224059E-01     0.2761280775         0.7194467187         0.1742369608E-01     0.4413145185E-01     0.2743912101         0.6997061968         0.4943462014E-01
    0.2182938695         0.9348309636    

                         STEP LENGTH (VM)
    0.9007502060E-01     0.1000000000         0.2000000000          1.000000000         0.1000000000         0.2000000000          1.000000000         0.1896448816E-01     0.1000000000         0.2000000000    
     1.000000000         0.1000000000         0.2000000000          1.000000000         0.5838926929E-02     0.1000000000         0.2000000000          1.000000000         0.1000000000         0.2000000000    
     1.000000000         0.5916428642E-01     0.1000000000         0.2000000000          1.000000000         0.1000000000         0.2000000000          1.000000000         0.1717325561E-01     0.1000000000    
    0.2000000000          1.000000000         0.1000000000         0.2000000000          1.000000000         0.3537767526E-01     0.1000000000         0.2000000000          1.000000000         0.1000000000    
    0.2000000000          1.000000000    
 

 INTERMEDIATE RESULTS BEFORE NEXT TEMPERATURE REDUCTION

  CURRENT TEMPERATURE:             0.11892E-01
  MIN FUNCTION VALUE SO FAR:   0.684731299871566002E-03
  TOTAL MOVES:                     840
     DOWNHILL:                     587
     ACCEPTED UPHILL:              161
     REJECTED UPHILL:               92
  TRIALS OUT OF BOUNDS:            388
  NEW MINIMA THIS TEMPERATURE:       0

                         CURRENT OPTIMAL X
    0.9920948317         0.5244876742E-01     0.2002802730         0.4677263498         0.8215700984E-01     0.2263930321         0.5602744222         0.6266668492         0.2683258057E-02     0.2747441053    
    0.7487227916         0.4329827428E-01     0.2171966791         0.3921875358         0.9991232918         0.4241324067E-01     0.1756968617         0.8256840110         0.5242130756E-01     0.1503299594    
    0.6272938251         0.7044377398E-02     0.6496863365E-01     0.1609516144         0.6447200179         0.8590161204E-01     0.2878528357         0.7535268068         0.7075492899         0.2502098083E-01
    0.2516404510         0.4196310043         0.3974485397E-01     0.2240746737         0.4217505455E-01     0.1980956766E-01     0.5444828868E-01     0.1431993127         0.7095699906         0.4922389388E-01
    0.1541839242         0.1043691039    

                         STEP LENGTH (VM)
    0.4599574874E-01     0.1000000000         0.2000000000          1.000000000         0.1000000000         0.2000000000          1.000000000         0.2489088598E-01     0.1000000000         0.2000000000    
     1.000000000         0.1000000000         0.2000000000          1.000000000         0.2840558954E-02     0.1000000000         0.2000000000          1.000000000         0.1000000000         0.2000000000    
     1.000000000         0.2253877456E-01     0.1000000000         0.2000000000          1.000000000         0.1000000000         0.2000000000          1.000000000         0.1765028826E-01     0.1000000000    
    0.2000000000          1.000000000         0.1000000000         0.2000000000          1.000000000         0.3144682167E-01     0.1000000000         0.2000000000          1.000000000         0.1000000000    
    0.2000000000          1.000000000    
 

 INTERMEDIATE RESULTS BEFORE NEXT TEMPERATURE REDUCTION

  CURRENT TEMPERATURE:             0.89190E-02
  MIN FUNCTION VALUE SO FAR:   0.666716434471470443E-03
  TOTAL MOVES:                     840
     DOWNHILL:                     578
     ACCEPTED UPHILL:              139
     REJECTED UPHILL:              123
  TRIALS OUT OF BOUNDS:            357
  NEW MINIMA THIS TEMPERATURE:       0

                         CURRENT OPTIMAL X
    0.9920948317         0.8264272809E-01     0.2002802730         0.4677263498         0.8215700984E-01     0.2263930321         0.5602744222         0.6266668492         0.2683258057E-02     0.2747441053    
    0.7487227916         0.4329827428E-01     0.2171966791         0.3921875358         0.9991232918         0.4241324067E-01     0.1756968617         0.8256840110         0.5242130756E-01     0.1503299594    
    0.6272938251         0.7044377398E-02     0.6496863365E-01     0.1609516144         0.6447200179         0.8590161204E-01     0.2878528357         0.7535268068         0.7075492899         0.2502098083E-01
    0.2516404510         0.4196310043         0.3974485397E-01     0.2240746737         0.4217505455E-01     0.1980956766E-01     0.5444828868E-01     0.1431993127         0.7095699906         0.4922389388E-01
    0.1541839242         0.1043691039    

                         STEP LENGTH (VM)
    0.2956869212E-01     0.1000000000         0.2000000000          1.000000000         0.1000000000         0.2000000000          1.000000000         0.1435150127E-01     0.1000000000         0.2000000000    
     1.000000000         0.1000000000         0.2000000000          1.000000000         0.2130418893E-02     0.1000000000         0.2000000000          1.000000000         0.1000000000         0.2000000000    
     1.000000000         0.1577181206E-01     0.1000000000         0.2000000000          1.000000000         0.1000000000         0.2000000000          1.000000000         0.8586626440E-02     0.1000000000    
    0.2000000000          1.000000000         0.1000000000         0.2000000000          1.000000000         0.1605795136E-01     0.1000000000         0.2000000000          1.000000000         0.1000000000    
    0.2000000000          1.000000000    
 

 INTERMEDIATE RESULTS BEFORE NEXT TEMPERATURE REDUCTION

  CURRENT TEMPERATURE:             0.66893E-02
  MIN FUNCTION VALUE SO FAR:   0.122937413759460767E-03
  TOTAL MOVES:                     840
     DOWNHILL:                     524
     ACCEPTED UPHILL:              128
     REJECTED UPHILL:              188
  TRIALS OUT OF BOUNDS:            395
  NEW MINIMA THIS TEMPERATURE:       2

                         CURRENT OPTIMAL X
    0.9920948317         0.8264272809E-01     0.1120536447         0.1577922106         0.1635378003E-01     0.2775918722         0.3930920959         0.6266668492         0.2683258057E-02     0.2747441053    
    0.7487227916         0.7169778943E-01     0.2753152013         0.8865922689         0.9991232918         0.9522469640E-01     0.1925541282         0.8933585882         0.5111289024E-01     0.1132004857    
    0.4083148241         0.7044377398E-02     0.4544032216E-01     0.1974803686         0.1249149442         0.1433967948E-01     0.1717549801         0.6711522937         0.7075492899         0.2513836026E-01
    0.1924531937         0.4196310043         0.3974485397E-01     0.2240746737         0.4217505455E-01     0.1980956766E-01     0.5444828868E-01     0.1431993127         0.7095699906         0.4922389388E-01
    0.1541839242         0.1043691039    

                         STEP LENGTH (VM)
    0.1438476728E-01     0.1000000000         0.2000000000          1.000000000         0.1000000000         0.2000000000          1.000000000         0.3039700106E-02     0.1000000000         0.2000000000    
     1.000000000         0.1000000000         0.2000000000          1.000000000         0.8363230368E-03     0.8888888668E-01     0.2000000000          1.000000000         0.1000000000         0.2000000000    
     1.000000000         0.5224015148E-02     0.1000000000         0.2000000000          1.000000000         0.1000000000         0.2000000000          1.000000000         0.5569703020E-02     0.1000000000    
    0.2000000000          1.000000000         0.1000000000         0.2000000000          1.000000000         0.5951981825E-02     0.6486486395E-01     0.2000000000         0.6486486395         0.1000000000    
    0.2000000000          1.000000000    
 

 INTERMEDIATE RESULTS BEFORE NEXT TEMPERATURE REDUCTION

  CURRENT TEMPERATURE:             0.50170E-02
  MIN FUNCTION VALUE SO FAR:   0.390996323389458666E-04
  TOTAL MOVES:                     840
     DOWNHILL:                     541
     ACCEPTED UPHILL:              145
     REJECTED UPHILL:              154
  TRIALS OUT OF BOUNDS:            352
  NEW MINIMA THIS TEMPERATURE:       2

                         CURRENT OPTIMAL X
    0.9920948317         0.5266947150E-01     0.1869605064         0.1577922106         0.1635378003E-01     0.2775918722         0.3930920959         0.6266668492         0.2683258057E-02     0.2747441053    
    0.7487227916         0.7169778943E-01     0.2753152013         0.8865922689         0.9991232918         0.9522469640E-01     0.1925541282         0.8933585882         0.5111289024E-01     0.1132004857    
    0.4083148241         0.7044377398E-02     0.4544032216E-01     0.1974803686         0.1249149442         0.1433967948E-01     0.1717549801         0.6711522937         0.7075492899         0.2513836026E-01
    0.1924531937         0.4196310043         0.3974485397E-01     0.2240746737         0.4217505455E-01     0.1980956766E-01     0.5444828868E-01     0.1431993127         0.7095699906         0.4922389388E-01
    0.1541839242         0.1043691039    

                         STEP LENGTH (VM)
    0.4722050669E-02     0.1000000000         0.2000000000          1.000000000         0.1000000000         0.2000000000          1.000000000         0.1752619813E-02     0.1000000000         0.2000000000    
     1.000000000         0.1000000000         0.2000000000          1.000000000         0.8137195367E-03     0.1000000000         0.2000000000          1.000000000         0.1000000000         0.2000000000    
     1.000000000         0.4602108154E-02     0.1000000000         0.2000000000          1.000000000         0.1000000000         0.2000000000          1.000000000         0.5724416271E-02     0.1000000000    
    0.2000000000          1.000000000         0.1000000000         0.2000000000          1.000000000         0.3860744913E-02     0.7297296409E-01     0.2000000000          1.000000000         0.1000000000    
    0.2000000000          1.000000000    
 

 INTERMEDIATE RESULTS BEFORE NEXT TEMPERATURE REDUCTION

  CURRENT TEMPERATURE:             0.37627E-02
  MIN FUNCTION VALUE SO FAR:   0.107215385147796383E-05
  TOTAL MOVES:                     840
     DOWNHILL:                     553
     ACCEPTED UPHILL:              125
     REJECTED UPHILL:              162
  TRIALS OUT OF BOUNDS:            384
  NEW MINIMA THIS TEMPERATURE:       0

                         CURRENT OPTIMAL X
    0.9898557866         0.3576741815E-01     0.2290606499         0.6546486616         0.9800378084E-01     0.2560790420         0.8876053095         0.6255386703         0.5251721740E-01     0.1882575274    
    0.2772574424         0.8273814321E-01     0.1255022883         0.7128390670         0.9993411069         0.9829211235E-01     0.1492367744         0.8464093804         0.7928333879E-01     0.1385639668    
    0.7305167913         0.1579440896E-02     0.5575271249E-01     0.1968956709         0.5934448242         0.7087036371E-01     0.1669074297         0.4182736278         0.7043798555         0.2278103232E-01
    0.2851697087         0.4822847843         0.6391054988E-01     0.2449162245         0.5623775125         0.1779697761E-01     0.4748938680E-01     0.1479458451         0.4093368053         0.4829760194E-01
    0.2838678479         0.1169669032    

                         STEP LENGTH (VM)
    0.2361025188E-02     0.6486486395E-01     0.2000000000          1.000000000         0.1000000000         0.2000000000          1.000000000         0.6394693583E-03     0.1000000000         0.2000000000    
     1.000000000         0.1000000000         0.2000000000          1.000000000         0.2077581650E-03     0.1000000000         0.2000000000          1.000000000         0.1000000000         0.2000000000    
     1.000000000         0.3451581051E-02     0.1000000000         0.2000000000          1.000000000         0.1000000000         0.2000000000          1.000000000         0.1233185341E-02     0.1000000000    
    0.2000000000          1.000000000         0.1000000000         0.2000000000          1.000000000         0.8525163598E-03     0.1000000000         0.2000000000          1.000000000         0.1000000000    
    0.2000000000          1.000000000    
 

 INTERMEDIATE RESULTS BEFORE NEXT TEMPERATURE REDUCTION

  CURRENT TEMPERATURE:             0.28220E-02
  MIN FUNCTION VALUE SO FAR:   0.107215385147796383E-05
  TOTAL MOVES:                     840
     DOWNHILL:                     555
     ACCEPTED UPHILL:              125
     REJECTED UPHILL:              160
  TRIALS OUT OF BOUNDS:            370
  NEW MINIMA THIS TEMPERATURE:       0

                         CURRENT OPTIMAL X
    0.9898557866         0.3576741815E-01     0.2290606499         0.6546486616         0.9800378084E-01     0.2560790420         0.8876053095         0.6255386703         0.5251721740E-01     0.1882575274    
    0.2772574424         0.8273814321E-01     0.1255022883         0.7128390670         0.9993411069         0.9829211235E-01     0.1492367744         0.8464093804         0.7928333879E-01     0.1385639668    
    0.7305167913         0.1579440896E-02     0.5575271249E-01     0.1968956709         0.5934448242         0.7087036371E-01     0.1669074297         0.4182736278         0.7043798555         0.2278103232E-01
    0.2851697087         0.4822847843         0.6391054988E-01     0.2449162245         0.5623775125         0.1779697761E-01     0.4748938680E-01     0.1479458451         0.4093368053         0.4829760194E-01
    0.2838678479         0.1169669032    

                         STEP LENGTH (VM)
    0.2798251745E-02     0.1000000000         0.2000000000          1.000000000         0.1000000000         0.2000000000          1.000000000         0.5633420012E-03     0.1000000000         0.2000000000    
     1.000000000         0.1000000000         0.2000000000          1.000000000         0.1846739199E-03     0.1000000000         0.2000000000          1.000000000         0.1000000000         0.2000000000    
     1.000000000         0.6040266389E-02     0.1000000000         0.2000000000          1.000000000         0.1000000000         0.2000000000          1.000000000         0.8998918964E-03     0.8888888668E-01
    0.2000000000          1.000000000         0.1000000000         0.2000000000          1.000000000         0.8525162469E-03     0.8888888668E-01     0.2000000000          1.000000000         0.1000000000    
    0.2000000000          1.000000000    
 

 INTERMEDIATE RESULTS BEFORE NEXT TEMPERATURE REDUCTION

  CURRENT TEMPERATURE:             0.21165E-02
  MIN FUNCTION VALUE SO FAR:   0.107215385147796383E-05
  TOTAL MOVES:                     840
     DOWNHILL:                     557
     ACCEPTED UPHILL:              126
     REJECTED UPHILL:              157
  TRIALS OUT OF BOUNDS:            358
  NEW MINIMA THIS TEMPERATURE:       0

                         CURRENT OPTIMAL X
    0.9898557866         0.3576741815E-01     0.2290606499         0.6546486616         0.9800378084E-01     0.2560790420         0.8876053095         0.6255386703         0.5251721740E-01     0.1882575274    
    0.2772574424         0.8273814321E-01     0.1255022883         0.7128390670         0.9993411069         0.9829211235E-01     0.1492367744         0.8464093804         0.7928333879E-01     0.1385639668    
    0.7305167913         0.1579440896E-02     0.5575271249E-01     0.1968956709         0.5934448242         0.7087036371E-01     0.1669074297         0.4182736278         0.7043798555         0.2278103232E-01
    0.2851697087         0.4822847843         0.6391054988E-01     0.2449162245         0.5623775125         0.1779697761E-01     0.4748938680E-01     0.1479458451         0.4093368053         0.4829760194E-01
    0.2838678479         0.1169669032    

                         STEP LENGTH (VM)
    0.5344002509E-03     0.1000000000         0.2000000000          1.000000000         0.1000000000         0.2000000000          1.000000000         0.1566047194E-03     0.9999999149E-01     0.2000000000    
     1.000000000         0.1000000000         0.2000000000          1.000000000         0.5682274178E-04     0.3829787132E-01     0.1777777734          1.000000000         0.1000000000         0.2000000000    
     1.000000000         0.5369125546E-02     0.1000000000         0.2000000000          1.000000000         0.1000000000         0.2000000000          1.000000000         0.2635461843E-03     0.1000000000    
    0.2000000000          1.000000000         0.1000000000         0.2000000000          1.000000000         0.5344540775E-04     0.4656964102E-01     0.2000000000          1.000000000         0.1000000000    
    0.2000000000          1.000000000    
 

 INTERMEDIATE RESULTS BEFORE NEXT TEMPERATURE REDUCTION

  CURRENT TEMPERATURE:             0.15874E-02
  MIN FUNCTION VALUE SO FAR:   0.107215385147796383E-05
  TOTAL MOVES:                     840
     DOWNHILL:                     531
     ACCEPTED UPHILL:              122
     REJECTED UPHILL:              187
  TRIALS OUT OF BOUNDS:            327
  NEW MINIMA THIS TEMPERATURE:       0

                         CURRENT OPTIMAL X
    0.9898557866         0.3576741815E-01     0.2290606499         0.6546486616         0.9800378084E-01     0.2560790420         0.8876053095         0.6255386703         0.5251721740E-01     0.1882575274    
    0.2772574424         0.8273814321E-01     0.1255022883         0.7128390670         0.9993411069         0.9829211235E-01     0.1492367744         0.8464093804         0.7928333879E-01     0.1385639668    
    0.7305167913         0.1579440896E-02     0.5575271249E-01     0.1968956709         0.5934448242         0.7087036371E-01     0.1669074297         0.4182736278         0.7043798555         0.2278103232E-01
    0.2851697087         0.4822847843         0.6391054988E-01     0.2449162245         0.5623775125         0.1779697761E-01     0.4748938680E-01     0.1479458451         0.4093368053         0.4829760194E-01
    0.2838678479         0.1169669032    

                         STEP LENGTH (VM)
    0.2004000779E-03     0.9999999373E-01     0.2000000000          1.000000000         0.1000000000         0.2000000000          1.000000000         0.3706349582E-04     0.1000000000         0.2000000000    
     1.000000000         0.1000000000         0.2000000000          1.000000000         0.3276266065E-04     0.4308509644E-01     0.2000000000          1.000000000         0.1000000000         0.2000000000    
     1.000000000         0.2741680843E-02     0.1000000000         0.2000000000          1.000000000         0.1000000000         0.2000000000          1.000000000         0.6546977975E-04     0.1000000000    
    0.2000000000          1.000000000         0.1000000000         0.2000000000          1.000000000         0.4798465088E-05     0.1647992330E-01     0.1142857131          1.000000000         0.1000000000    
    0.2000000000          1.000000000    
 

 INTERMEDIATE RESULTS BEFORE NEXT TEMPERATURE REDUCTION

  CURRENT TEMPERATURE:             0.11905E-02
  MIN FUNCTION VALUE SO FAR:   0.107215385147796383E-05
  TOTAL MOVES:                     840
     DOWNHILL:                     569
     ACCEPTED UPHILL:              124
     REJECTED UPHILL:              147
  TRIALS OUT OF BOUNDS:            330
  NEW MINIMA THIS TEMPERATURE:       0

                         CURRENT OPTIMAL X
    0.9898557866         0.3576741815E-01     0.2290606499         0.6546486616         0.9800378084E-01     0.2560790420         0.8876053095         0.6255386703         0.5251721740E-01     0.1882575274    
    0.2772574424         0.8273814321E-01     0.1255022883         0.7128390670         0.9993411069         0.9829211235E-01     0.1492367744         0.8464093804         0.7928333879E-01     0.1385639668    
    0.7305167913         0.1579440896E-02     0.5575271249E-01     0.1968956709         0.5934448242         0.7087036371E-01     0.1669074297         0.4182736278         0.7043798555         0.2278103232E-01
    0.2851697087         0.4822847843         0.6391054988E-01     0.2449162245         0.5623775125         0.1779697761E-01     0.4748938680E-01     0.1479458451         0.4093368053         0.4829760194E-01
    0.2838678479         0.1169669032    

                         STEP LENGTH (VM)
    0.2345670380E-04     0.1000000000         0.2000000000          1.000000000         0.1000000000         0.2000000000          1.000000000         0.2911847350E-05     0.8888888668E-01     0.2000000000    
     1.000000000         0.1000000000         0.2000000000          1.000000000         0.2941515277E-05     0.2903225745E-01     0.1297297279         0.4210526299         0.1000000000         0.2000000000    
     1.000000000         0.5423104775E-03     0.1000000000         0.2000000000          1.000000000         0.1000000000         0.2000000000          1.000000000         0.3221960671E-05     0.8888888668E-01
    0.2000000000          1.000000000         0.1000000000         0.2000000000          1.000000000         0.6715052846E-06     0.5315609630E-01     0.2000000000          1.000000000         0.1000000000    
    0.2000000000          1.000000000    
 

 INTERMEDIATE RESULTS BEFORE NEXT TEMPERATURE REDUCTION

  CURRENT TEMPERATURE:             0.89291E-03
  MIN FUNCTION VALUE SO FAR:   0.107215385147796383E-05
  TOTAL MOVES:                     840
     DOWNHILL:                     493
     ACCEPTED UPHILL:              118
     REJECTED UPHILL:              229
  TRIALS OUT OF BOUNDS:            329
  NEW MINIMA THIS TEMPERATURE:       0

                         CURRENT OPTIMAL X
    0.9898557866         0.3576741815E-01     0.2290606499         0.6546486616         0.9800378084E-01     0.2560790420         0.8876053095         0.6255386703         0.5251721740E-01     0.1882575274    
    0.2772574424         0.8273814321E-01     0.1255022883         0.7128390670         0.9993411069         0.9829211235E-01     0.1492367744         0.8464093804         0.7928333879E-01     0.1385639668    
    0.7305167913         0.1579440896E-02     0.5575271249E-01     0.1968956709         0.5934448242         0.7087036371E-01     0.1669074297         0.4182736278         0.7043798555         0.2278103232E-01
    0.2851697087         0.4822847843         0.6391054988E-01     0.2449162245         0.5623775125         0.1779697761E-01     0.4748938680E-01     0.1479458451         0.4093368053         0.4829760194E-01
    0.2838678479         0.1169669032    

                         STEP LENGTH (VM)
    0.1211499984E-04     0.2949308443E-01     0.2000000000          1.000000000         0.1000000000         0.2000000000          1.000000000         0.2238536790E-05     0.1000000000         0.2000000000    
     1.000000000         0.1000000000         0.2000000000          1.000000000         0.1453721664E-05     0.8888888668E-01     0.2000000000          1.000000000         0.1000000000         0.2000000000    
     1.000000000         0.1176502229E-03     0.1000000000         0.2000000000          1.000000000         0.1000000000         0.2000000000          1.000000000         0.2082277108E-05     0.9784944442E-01
    0.2000000000          1.000000000         0.1000000000         0.2000000000          1.000000000         0.4698948967E-06     0.4590951788E-02     0.2434488535E-01     0.2661122542         0.1000000000    
    0.2000000000          1.000000000    
 

 INTERMEDIATE RESULTS BEFORE NEXT TEMPERATURE REDUCTION

  CURRENT TEMPERATURE:             0.66968E-03
  MIN FUNCTION VALUE SO FAR:   0.107215385147796383E-05
  TOTAL MOVES:                     840
     DOWNHILL:                     497
     ACCEPTED UPHILL:               97
     REJECTED UPHILL:              246
  TRIALS OUT OF BOUNDS:            294
  NEW MINIMA THIS TEMPERATURE:       0

                         CURRENT OPTIMAL X
    0.9898557866         0.3576741815E-01     0.2290606499         0.6546486616         0.9800378084E-01     0.2560790420         0.8876053095         0.6255386703         0.5251721740E-01     0.1882575274    
    0.2772574424         0.8273814321E-01     0.1255022883         0.7128390670         0.9993411069         0.9829211235E-01     0.1492367744         0.8464093804         0.7928333879E-01     0.1385639668    
    0.7305167913         0.1579440896E-02     0.5575271249E-01     0.1968956709         0.5934448242         0.7087036371E-01     0.1669074297         0.4182736278         0.7043798555         0.2278103232E-01
    0.2851697087         0.4822847843         0.6391054988E-01     0.2449162245         0.5623775125         0.1779697761E-01     0.4748938680E-01     0.1479458451         0.4093368053         0.4829760194E-01
    0.2838678479         0.1169669032    

                         STEP LENGTH (VM)
    0.7687614303E-06     0.8370465165E-03     0.1829151982E-01     0.2880968214E-01     0.1000000000         0.2000000000          1.000000000         0.3029598506E-06     0.2356792112E-01     0.4713584224E-01
    0.2993762934         0.1000000000         0.2000000000          1.000000000         0.1614312052E-06     0.9999998675E-01     0.2000000000          1.000000000         0.1000000000         0.2000000000    
     1.000000000         0.3896867186E-04     0.1000000000         0.2000000000          1.000000000         0.1000000000         0.2000000000          1.000000000         0.3271662700E-06     0.1000000000    
    0.2000000000          1.000000000         0.1000000000         0.2000000000          1.000000000         0.1775186408E-07     0.2837340544E-03     0.1830013120E-02     0.2201470456E-01     0.1000000000    
    0.2000000000          1.000000000    
 

  SA ACHIEVED TERMINATION CRITERIA. IER = 0. 


  ****   RESULTS AFTER SA   ****   

                         SOLUTION
    0.9898557866         0.3576741815E-01     0.2290606499         0.6546486616         0.9800378084E-01     0.2560790420         0.8876053095         0.6255386703         0.5251721740E-01     0.1882575274    
    0.2772574424         0.8273814321E-01     0.1255022883         0.7128390670         0.9993411069         0.9829211235E-01     0.1492367744         0.8464093804         0.7928333879E-01     0.1385639668    
    0.7305167913         0.1579440896E-02     0.5575271249E-01     0.1968956709         0.5934448242         0.7087036371E-01     0.1669074297         0.4182736278         0.7043798555         0.2278103232E-01
    0.2851697087         0.4822847843         0.6391054988E-01     0.2449162245         0.5623775125         0.1779697761E-01     0.4748938680E-01     0.1479458451         0.4093368053         0.4829760194E-01
    0.2838678479         0.1169669032    

                         FINAL STEP LENGTH
    0.7687614303E-06     0.8370465165E-03     0.1829151982E-01     0.2880968214E-01     0.1000000000         0.2000000000          1.000000000         0.3029598506E-06     0.2356792112E-01     0.4713584224E-01
    0.2993762934         0.1000000000         0.2000000000          1.000000000         0.1614312052E-06     0.9999998675E-01     0.2000000000          1.000000000         0.1000000000         0.2000000000    
     1.000000000         0.3896867186E-04     0.1000000000         0.2000000000          1.000000000         0.1000000000         0.2000000000          1.000000000         0.3271662700E-06     0.1000000000    
    0.2000000000          1.000000000         0.1000000000         0.2000000000          1.000000000         0.1775186408E-07     0.2837340544E-03     0.1830013120E-02     0.2201470456E-01     0.1000000000    
    0.2000000000          1.000000000    

 OPTIMAL FUNCTION VALUE:  0.1072153851478E-05
 NUMBER OF FUNCTION EVALUATIONS:          26881
 NUMBER OF ACCEPTED EVALUATIONS:          23726
 NUMBER OF OUT OF BOUND EVALUATIONS:      12328
 FINAL TEMP:  0.6696828381376E-03  IER:   0
