
 SIMULATED PARALLEL ANNEALING by NEIGHBORHOOD EXAMPLE

 NUMBER OF PARAMETERS:  42   MAXIMAZATION:     F
 INITIAL TEMP:  5.0       RT: 0.75       EPS: 0.10E-02
 NS:  24   NT:  20   NEPS:  4
 MAXEVL:  100000000   IPRINT: 1   ISEED1:    7 ISEED2:    8

                         STARTING VALUES
    0.9860965189         0.9817026854E-01     0.2276078939         0.9240287542E-01     0.5321571827E-01     0.1337925553         0.7054297924         0.6276063123         0.7025480270E-01     0.1331485748    
    0.9856224060E-03     0.9808939695E-01     0.2469187379         0.8437964916         0.9884389760         0.1554431915E-01     0.2321749330         0.8768939972         0.9597520828E-01     0.2122278929    
    0.6387174129E-01     0.2124164783E-02     0.7298127413E-01     0.1616803050         0.3013575077E-01     0.3554546833E-02     0.1436545730         0.1204679012         0.6597125507         0.8055697680E-01
    0.2589887738         0.3128205538         0.6002806425E-01     0.1746662974         0.2591425180         0.5127191635E-02     0.6176833510E-01     0.2704537392         0.6900990009E-01     0.9393055439E-01
    0.2498641014         0.7967279553    

                         INITIAL STEP LENGTH
     1.000000000         0.1000000000         0.2000000000          1.000000000         0.1000000000         0.2000000000          1.000000000          1.000000000         0.1000000000         0.2000000000    
     1.000000000         0.1000000000         0.2000000000          1.000000000          1.000000000         0.1000000000         0.2000000000          1.000000000         0.1000000000         0.2000000000    
     1.000000000          1.000000000         0.1000000000         0.2000000000          1.000000000         0.1000000000         0.2000000000          1.000000000          1.000000000         0.1000000000    
    0.2000000000          1.000000000         0.1000000000         0.2000000000          1.000000000          1.000000000         0.1000000000         0.2000000000          1.000000000         0.1000000000    
    0.2000000000          1.000000000    

                         LOWER BOUND
     0.000000000          0.000000000         0.1000000000          0.000000000          0.000000000         0.1000000000          0.000000000          0.000000000          0.000000000         0.1000000000    
     0.000000000          0.000000000         0.1000000000          0.000000000          0.000000000          0.000000000         0.1000000000          0.000000000          0.000000000         0.1000000000    
     0.000000000          0.000000000          0.000000000         0.1000000000          0.000000000          0.000000000         0.1000000000          0.000000000          0.000000000          0.000000000    
    0.1000000000          0.000000000          0.000000000         0.1000000000          0.000000000          0.000000000          0.000000000         0.1000000000          0.000000000          0.000000000    
    0.1000000000          0.000000000    

                         UPPER BOUND
     1.000000000         0.1000000000         0.3000000000          1.000000000         0.1000000000         0.3000000000          1.000000000          1.000000000         0.1000000000         0.3000000000    
     1.000000000         0.1000000000         0.3000000000          1.000000000          1.000000000         0.1000000000         0.3000000000          1.000000000         0.1000000000         0.3000000000    
     1.000000000          1.000000000         0.1000000000         0.3000000000          1.000000000         0.1000000000         0.3000000000          1.000000000          1.000000000         0.1000000000    
    0.3000000000          1.000000000         0.1000000000         0.3000000000          1.000000000          1.000000000         0.1000000000         0.3000000000          1.000000000         0.1000000000    
    0.3000000000          1.000000000    

                         C VECTOR
     2.000000000          2.000000000          2.000000000          2.000000000          2.000000000          2.000000000          2.000000000          2.000000000          2.000000000          2.000000000    
     2.000000000          2.000000000          2.000000000          2.000000000          2.000000000          2.000000000          2.000000000          2.000000000          2.000000000          2.000000000    
     2.000000000          2.000000000          2.000000000          2.000000000          2.000000000          2.000000000          2.000000000          2.000000000          2.000000000          2.000000000    
     2.000000000          2.000000000          2.000000000          2.000000000          2.000000000          2.000000000          2.000000000          2.000000000          2.000000000          2.000000000    
     2.000000000          2.000000000    

  ****   END OF DRIVER ROUTINE OUTPUT   ****
  ****   BEFORE CALL TO SA.             ****
  

                         INITIAL X
    0.9860965189         0.9817026854E-01     0.2276078939         0.9240287542E-01     0.5321571827E-01     0.1337925553         0.7054297924         0.6276063123         0.7025480270E-01     0.1331485748    
    0.9856224060E-03     0.9808939695E-01     0.2469187379         0.8437964916         0.9884389760         0.1554431915E-01     0.2321749330         0.8768939972         0.9597520828E-01     0.2122278929    
    0.6387174129E-01     0.2124164783E-02     0.7298127413E-01     0.1616803050         0.3013575077E-01     0.3554546833E-02     0.1436545730         0.1204679012         0.6597125507         0.8055697680E-01
    0.2589887738         0.3128205538         0.6002806425E-01     0.1746662974         0.2591425180         0.5127191635E-02     0.6176833510E-01     0.2704537392         0.6900990009E-01     0.9393055439E-01
    0.2498641014         0.7967279553    
  INITIAL F: 
 0.919920386067656581    

 INTERMEDIATE RESULTS BEFORE NEXT TEMPERATURE REDUCTION

  CURRENT TEMPERATURE:              5.0000    
  MIN FUNCTION VALUE SO FAR:   0.737461209716164939E-01
  TOTAL MOVES:                    3360
     DOWNHILL:                    2386
     ACCEPTED UPHILL:              868
     REJECTED UPHILL:              106
  TRIALS OUT OF BOUNDS:           1672
  NEW MINIMA THIS TEMPERATURE:      12

                         CURRENT OPTIMAL X
    0.9871295691         0.4903234243E-01     0.2445385814         0.9703702927         0.2172022462E-01     0.1108272672         0.7574352622         0.3603220582         0.6933245063E-01     0.1443542361    
    0.5903960466         0.6006056666E-01     0.2939663291         0.9243276715         0.8992751241         0.1385141015E-01     0.2051660776         0.3440731168         0.4795328975E-01     0.2360723853    
    0.6376954913         0.1399362683         0.6196591854E-01     0.1092896819         0.7189395428         0.9596253633E-01     0.2045095563         0.7368212938         0.3144722581         0.6205150485E-01
    0.2995312572         0.2759922147         0.4099724889E-01     0.2172719479         0.5790505409         0.2379958034         0.4714909792E-01     0.2688640118         0.4608902335         0.4812059402E-01
    0.1377919316         0.9882311225    

                         STEP LENGTH (VM)
     1.000000000         0.1000000000         0.2000000000          1.000000000         0.1000000000         0.2000000000          1.000000000          1.000000000         0.1000000000         0.2000000000    
     1.000000000         0.1000000000         0.2000000000          1.000000000         0.3480148213         0.1000000000         0.2000000000          1.000000000         0.1000000000         0.2000000000    
     1.000000000          1.000000000         0.1000000000         0.2000000000          1.000000000         0.1000000000         0.2000000000          1.000000000          1.000000000         0.1000000000    
    0.2000000000          1.000000000         0.1000000000         0.2000000000          1.000000000          1.000000000         0.1000000000         0.2000000000          1.000000000         0.1000000000    
    0.2000000000          1.000000000    
 

 INTERMEDIATE RESULTS BEFORE NEXT TEMPERATURE REDUCTION

  CURRENT TEMPERATURE:              3.7500    
  MIN FUNCTION VALUE SO FAR:   0.737461209716164939E-01
  TOTAL MOVES:                    3360
     DOWNHILL:                    2337
     ACCEPTED UPHILL:              881
     REJECTED UPHILL:              142
  TRIALS OUT OF BOUNDS:           1652
  NEW MINIMA THIS TEMPERATURE:       0

                         CURRENT OPTIMAL X
    0.9871295691         0.4903234243E-01     0.2445385814         0.9703702927         0.2172022462E-01     0.1108272672         0.7574352622         0.3603220582         0.6933245063E-01     0.1443542361    
    0.5903960466         0.6006056666E-01     0.2939663291         0.9243276715         0.8992751241         0.1385141015E-01     0.2051660776         0.3440731168         0.4795328975E-01     0.2360723853    
    0.6376954913         0.1399362683         0.6196591854E-01     0.1092896819         0.7189395428         0.9596253633E-01     0.2045095563         0.7368212938         0.3144722581         0.6205150485E-01
    0.2995312572         0.2759922147         0.4099724889E-01     0.2172719479         0.5790505409         0.2379958034         0.4714909792E-01     0.2688640118         0.4608902335         0.4812059402E-01
    0.1377919316         0.9882311225    

                         STEP LENGTH (VM)
     1.000000000         0.1000000000         0.2000000000          1.000000000         0.1000000000         0.2000000000          1.000000000          1.000000000         0.1000000000         0.2000000000    
     1.000000000         0.1000000000         0.2000000000          1.000000000         0.3121332939         0.1000000000         0.2000000000          1.000000000         0.1000000000         0.2000000000    
     1.000000000          1.000000000         0.1000000000         0.2000000000          1.000000000         0.1000000000         0.2000000000          1.000000000          1.000000000         0.1000000000    
    0.2000000000          1.000000000         0.1000000000         0.2000000000          1.000000000          1.000000000         0.1000000000         0.2000000000          1.000000000         0.1000000000    
    0.2000000000          1.000000000    
 

 INTERMEDIATE RESULTS BEFORE NEXT TEMPERATURE REDUCTION

  CURRENT TEMPERATURE:              2.8125    
  MIN FUNCTION VALUE SO FAR:   0.598275487729769267E-01
  TOTAL MOVES:                    3360
     DOWNHILL:                    2335
     ACCEPTED UPHILL:              876
     REJECTED UPHILL:              149
  TRIALS OUT OF BOUNDS:           1667
  NEW MINIMA THIS TEMPERATURE:       0

                         CURRENT OPTIMAL X
    0.6387433410         0.8888030648E-01     0.2113722444         0.2826827168         0.2988511324E-02     0.1754239798         0.2806916833         0.6357834339         0.6496888399E-02     0.2699880004    
    0.8020072579         0.8694111705E-01     0.1117483735         0.2600865364         0.8823622573         0.5031920671E-01     0.1463508248         0.9999911189         0.5225409269E-01     0.1688818216    
    0.8015322089         0.3110384941E-01     0.3343687057E-01     0.1410235643         0.3954951167         0.7502292991E-01     0.2599408746         0.1607879400         0.6160697937         0.4661606550E-01
    0.1413618207         0.1706544757         0.6235693097E-01     0.1161168218         0.3910102248         0.1195310950         0.8030827641E-01     0.2235929608         0.8231657743E-01     0.5719481111E-01
    0.2412612557         0.9524978995    

                         STEP LENGTH (VM)
     1.000000000         0.1000000000         0.2000000000          1.000000000         0.1000000000         0.2000000000          1.000000000          1.000000000         0.1000000000         0.2000000000    
     1.000000000         0.1000000000         0.2000000000          1.000000000         0.2505384152         0.1000000000         0.2000000000          1.000000000         0.1000000000         0.2000000000    
     1.000000000          1.000000000         0.1000000000         0.2000000000          1.000000000         0.1000000000         0.2000000000          1.000000000          1.000000000         0.1000000000    
    0.2000000000          1.000000000         0.1000000000         0.2000000000          1.000000000          1.000000000         0.1000000000         0.2000000000          1.000000000         0.1000000000    
    0.2000000000          1.000000000    
 

 INTERMEDIATE RESULTS BEFORE NEXT TEMPERATURE REDUCTION

  CURRENT TEMPERATURE:              2.1094    
  MIN FUNCTION VALUE SO FAR:   0.598275487729769267E-01
  TOTAL MOVES:                    3360
     DOWNHILL:                    2352
     ACCEPTED UPHILL:              882
     REJECTED UPHILL:              126
  TRIALS OUT OF BOUNDS:           1670
  NEW MINIMA THIS TEMPERATURE:       0

                         CURRENT OPTIMAL X
    0.6387433410         0.8888030648E-01     0.2113722444         0.2826827168         0.2988511324E-02     0.1754239798         0.2806916833         0.6357834339         0.6496888399E-02     0.2699880004    
    0.8020072579         0.8694111705E-01     0.1117483735         0.2600865364         0.8823622573         0.5031920671E-01     0.1463508248         0.9999911189         0.5225409269E-01     0.1688818216    
    0.8015322089         0.3110384941E-01     0.3343687057E-01     0.1410235643         0.3954951167         0.7502292991E-01     0.2599408746         0.1607879400         0.6160697937         0.4661606550E-01
    0.1413618207         0.1706544757         0.6235693097E-01     0.1161168218         0.3910102248         0.1195310950         0.8030827641E-01     0.2235929608         0.8231657743E-01     0.5719481111E-01
    0.2412612557         0.9524978995    

                         STEP LENGTH (VM)
     1.000000000         0.1000000000         0.2000000000          1.000000000         0.1000000000         0.2000000000          1.000000000          1.000000000         0.1000000000         0.2000000000    
     1.000000000         0.1000000000         0.2000000000          1.000000000         0.2731874964         0.1000000000         0.2000000000          1.000000000         0.1000000000         0.2000000000    
     1.000000000          1.000000000         0.1000000000         0.2000000000          1.000000000         0.1000000000         0.2000000000          1.000000000          1.000000000         0.1000000000    
    0.2000000000          1.000000000         0.1000000000         0.2000000000          1.000000000          1.000000000         0.1000000000         0.2000000000          1.000000000         0.1000000000    
    0.2000000000          1.000000000    
 

 INTERMEDIATE RESULTS BEFORE NEXT TEMPERATURE REDUCTION

  CURRENT TEMPERATURE:              1.5820    
  MIN FUNCTION VALUE SO FAR:   0.598275487729769267E-01
  TOTAL MOVES:                    3360
     DOWNHILL:                    2365
     ACCEPTED UPHILL:              859
     REJECTED UPHILL:              136
  TRIALS OUT OF BOUNDS:           1671
  NEW MINIMA THIS TEMPERATURE:       0

                         CURRENT OPTIMAL X
    0.6387433410         0.8888030648E-01     0.2113722444         0.2826827168         0.2988511324E-02     0.1754239798         0.2806916833         0.6357834339         0.6496888399E-02     0.2699880004    
    0.8020072579         0.8694111705E-01     0.1117483735         0.2600865364         0.8823622573         0.5031920671E-01     0.1463508248         0.9999911189         0.5225409269E-01     0.1688818216    
    0.8015322089         0.3110384941E-01     0.3343687057E-01     0.1410235643         0.3954951167         0.7502292991E-01     0.2599408746         0.1607879400         0.6160697937         0.4661606550E-01
    0.1413618207         0.1706544757         0.6235693097E-01     0.1161168218         0.3910102248         0.1195310950         0.8030827641E-01     0.2235929608         0.8231657743E-01     0.5719481111E-01
    0.2412612557         0.9524978995    

                         STEP LENGTH (VM)
     1.000000000         0.1000000000         0.2000000000          1.000000000         0.1000000000         0.2000000000          1.000000000          1.000000000         0.1000000000         0.2000000000    
     1.000000000         0.1000000000         0.2000000000          1.000000000         0.1868190673         0.1000000000         0.2000000000          1.000000000         0.1000000000         0.2000000000    
     1.000000000          1.000000000         0.1000000000         0.2000000000          1.000000000         0.1000000000         0.2000000000          1.000000000          1.000000000         0.1000000000    
    0.2000000000          1.000000000         0.1000000000         0.2000000000          1.000000000          1.000000000         0.1000000000         0.2000000000          1.000000000         0.1000000000    
    0.2000000000          1.000000000    
 

 INTERMEDIATE RESULTS BEFORE NEXT TEMPERATURE REDUCTION

  CURRENT TEMPERATURE:              1.1865    
  MIN FUNCTION VALUE SO FAR:   0.598275487729769267E-01
  TOTAL MOVES:                    3360
     DOWNHILL:                    2355
     ACCEPTED UPHILL:              867
     REJECTED UPHILL:              138
  TRIALS OUT OF BOUNDS:           1643
  NEW MINIMA THIS TEMPERATURE:       0

                         CURRENT OPTIMAL X
    0.6387433410         0.8888030648E-01     0.2113722444         0.2826827168         0.2988511324E-02     0.1754239798         0.2806916833         0.6357834339         0.6496888399E-02     0.2699880004    
    0.8020072579         0.8694111705E-01     0.1117483735         0.2600865364         0.8823622573         0.5031920671E-01     0.1463508248         0.9999911189         0.5225409269E-01     0.1688818216    
    0.8015322089         0.3110384941E-01     0.3343687057E-01     0.1410235643         0.3954951167         0.7502292991E-01     0.2599408746         0.1607879400         0.6160697937         0.4661606550E-01
    0.1413618207         0.1706544757         0.6235693097E-01     0.1161168218         0.3910102248         0.1195310950         0.8030827641E-01     0.2235929608         0.8231657743E-01     0.5719481111E-01
    0.2412612557         0.9524978995    

                         STEP LENGTH (VM)
     1.000000000         0.1000000000         0.2000000000          1.000000000         0.1000000000         0.2000000000          1.000000000          1.000000000         0.1000000000         0.2000000000    
     1.000000000         0.1000000000         0.2000000000          1.000000000         0.1659737039         0.1000000000         0.2000000000          1.000000000         0.1000000000         0.2000000000    
     1.000000000          1.000000000         0.1000000000         0.2000000000          1.000000000         0.1000000000         0.2000000000          1.000000000          1.000000000         0.1000000000    
    0.2000000000          1.000000000         0.1000000000         0.2000000000          1.000000000          1.000000000         0.1000000000         0.2000000000          1.000000000         0.1000000000    
    0.2000000000          1.000000000    
 

 INTERMEDIATE RESULTS BEFORE NEXT TEMPERATURE REDUCTION

  CURRENT TEMPERATURE:             0.88989    
  MIN FUNCTION VALUE SO FAR:   0.598275487729769267E-01
  TOTAL MOVES:                    3360
     DOWNHILL:                    2364
     ACCEPTED UPHILL:              855
     REJECTED UPHILL:              141
  TRIALS OUT OF BOUNDS:           1646
  NEW MINIMA THIS TEMPERATURE:       0

                         CURRENT OPTIMAL X
    0.6387433410         0.8888030648E-01     0.2113722444         0.2826827168         0.2988511324E-02     0.1754239798         0.2806916833         0.6357834339         0.6496888399E-02     0.2699880004    
    0.8020072579         0.8694111705E-01     0.1117483735         0.2600865364         0.8823622573         0.5031920671E-01     0.1463508248         0.9999911189         0.5225409269E-01     0.1688818216    
    0.8015322089         0.3110384941E-01     0.3343687057E-01     0.1410235643         0.3954951167         0.7502292991E-01     0.2599408746         0.1607879400         0.6160697937         0.4661606550E-01
    0.1413618207         0.1706544757         0.6235693097E-01     0.1161168218         0.3910102248         0.1195310950         0.8030827641E-01     0.2235929608         0.8231657743E-01     0.5719481111E-01
    0.2412612557         0.9524978995    

                         STEP LENGTH (VM)
     1.000000000         0.1000000000         0.2000000000          1.000000000         0.1000000000         0.2000000000          1.000000000          1.000000000         0.1000000000         0.2000000000    
     1.000000000         0.1000000000         0.2000000000          1.000000000         0.2485935262         0.1000000000         0.2000000000          1.000000000         0.1000000000         0.2000000000    
     1.000000000          1.000000000         0.1000000000         0.2000000000          1.000000000         0.1000000000         0.2000000000          1.000000000          1.000000000         0.1000000000    
    0.2000000000          1.000000000         0.1000000000         0.2000000000          1.000000000          1.000000000         0.1000000000         0.2000000000          1.000000000         0.1000000000    
    0.2000000000          1.000000000    
 

 INTERMEDIATE RESULTS BEFORE NEXT TEMPERATURE REDUCTION

  CURRENT TEMPERATURE:             0.66742    
  MIN FUNCTION VALUE SO FAR:   0.597889157061280430E-01
  TOTAL MOVES:                    3360
     DOWNHILL:                    2345
     ACCEPTED UPHILL:              856
     REJECTED UPHILL:              159
  TRIALS OUT OF BOUNDS:           1611
  NEW MINIMA THIS TEMPERATURE:       0

                         CURRENT OPTIMAL X
    0.6387433410         0.5275284648E-01     0.1937850595         0.2826827168         0.2988511324E-02     0.1754239798         0.2806916833         0.6357834339         0.6496888399E-02     0.2699880004    
    0.8020072579         0.8694111705E-01     0.1117483735         0.2600865364         0.8823622573         0.5031920671E-01     0.1463508248         0.9999911189         0.5225409269E-01     0.1688818216    
    0.8015322089         0.3110384941E-01     0.3343687057E-01     0.1410235643         0.3954951167         0.7502292991E-01     0.2599408746         0.1607879400         0.6160697937         0.4661606550E-01
    0.1413618207         0.1706544757         0.6235693097E-01     0.1161168218         0.3910102248         0.1195310950         0.8030827641E-01     0.2235929608         0.8231657743E-01     0.5719481111E-01
    0.2412612557         0.9524978995    

                         STEP LENGTH (VM)
     1.000000000         0.1000000000         0.2000000000          1.000000000         0.1000000000         0.2000000000          1.000000000          1.000000000         0.1000000000         0.2000000000    
     1.000000000         0.1000000000         0.2000000000          1.000000000         0.2209719424         0.1000000000         0.2000000000          1.000000000         0.1000000000         0.2000000000    
     1.000000000          1.000000000         0.1000000000         0.2000000000          1.000000000         0.1000000000         0.2000000000          1.000000000          1.000000000         0.1000000000    
    0.2000000000          1.000000000         0.1000000000         0.2000000000          1.000000000          1.000000000         0.1000000000         0.2000000000          1.000000000         0.1000000000    
    0.2000000000          1.000000000    
 

 INTERMEDIATE RESULTS BEFORE NEXT TEMPERATURE REDUCTION

  CURRENT TEMPERATURE:             0.50056    
  MIN FUNCTION VALUE SO FAR:   0.597889157061280430E-01
  TOTAL MOVES:                    3360
     DOWNHILL:                    2294
     ACCEPTED UPHILL:              863
     REJECTED UPHILL:              203
  TRIALS OUT OF BOUNDS:           1645
  NEW MINIMA THIS TEMPERATURE:       0

                         CURRENT OPTIMAL X
    0.6387433410         0.5275284648E-01     0.1937850595         0.2826827168         0.2988511324E-02     0.1754239798         0.2806916833         0.6357834339         0.6496888399E-02     0.2699880004    
    0.8020072579         0.8694111705E-01     0.1117483735         0.2600865364         0.8823622573         0.5031920671E-01     0.1463508248         0.9999911189         0.5225409269E-01     0.1688818216    
    0.8015322089         0.3110384941E-01     0.3343687057E-01     0.1410235643         0.3954951167         0.7502292991E-01     0.2599408746         0.1607879400         0.6160697937         0.4661606550E-01
    0.1413618207         0.1706544757         0.6235693097E-01     0.1161168218         0.3910102248         0.1195310950         0.8030827641E-01     0.2235929608         0.8231657743E-01     0.5719481111E-01
    0.2412612557         0.9524978995    

                         STEP LENGTH (VM)
     1.000000000         0.1000000000         0.2000000000          1.000000000         0.1000000000         0.2000000000          1.000000000         0.6385132640         0.1000000000         0.2000000000    
     1.000000000         0.1000000000         0.2000000000          1.000000000         0.1394592169         0.1000000000         0.2000000000          1.000000000         0.1000000000         0.2000000000    
     1.000000000          1.000000000         0.1000000000         0.2000000000          1.000000000         0.1000000000         0.2000000000          1.000000000          1.000000000         0.1000000000    
    0.2000000000          1.000000000         0.1000000000         0.2000000000          1.000000000          1.000000000         0.1000000000         0.2000000000          1.000000000         0.1000000000    
    0.2000000000          1.000000000    
 

 INTERMEDIATE RESULTS BEFORE NEXT TEMPERATURE REDUCTION

  CURRENT TEMPERATURE:             0.37542    
  MIN FUNCTION VALUE SO FAR:   0.597889157061280430E-01
  TOTAL MOVES:                    3360
     DOWNHILL:                    2311
     ACCEPTED UPHILL:              843
     REJECTED UPHILL:              206
  TRIALS OUT OF BOUNDS:           1651
  NEW MINIMA THIS TEMPERATURE:       0

                         CURRENT OPTIMAL X
    0.6387433410         0.5275284648E-01     0.1937850595         0.2826827168         0.2988511324E-02     0.1754239798         0.2806916833         0.6357834339         0.6496888399E-02     0.2699880004    
    0.8020072579         0.8694111705E-01     0.1117483735         0.2600865364         0.8823622573         0.5031920671E-01     0.1463508248         0.9999911189         0.5225409269E-01     0.1688818216    
    0.8015322089         0.3110384941E-01     0.3343687057E-01     0.1410235643         0.3954951167         0.7502292991E-01     0.2599408746         0.1607879400         0.6160697937         0.4661606550E-01
    0.1413618207         0.1706544757         0.6235693097E-01     0.1161168218         0.3910102248         0.1195310950         0.8030827641E-01     0.2235929608         0.8231657743E-01     0.5719481111E-01
    0.2412612557         0.9524978995    

                         STEP LENGTH (VM)
     1.000000000         0.1000000000         0.2000000000          1.000000000         0.1000000000         0.2000000000          1.000000000         0.5152384623         0.1000000000         0.2000000000    
     1.000000000         0.1000000000         0.2000000000          1.000000000         0.1765030137         0.1000000000         0.2000000000          1.000000000         0.1000000000         0.2000000000    
     1.000000000          1.000000000         0.1000000000         0.2000000000          1.000000000         0.1000000000         0.2000000000          1.000000000         0.8888888668         0.1000000000    
    0.2000000000          1.000000000         0.1000000000         0.2000000000          1.000000000          1.000000000         0.1000000000         0.2000000000          1.000000000         0.1000000000    
    0.2000000000          1.000000000    
 

 INTERMEDIATE RESULTS BEFORE NEXT TEMPERATURE REDUCTION

  CURRENT TEMPERATURE:             0.28157    
  MIN FUNCTION VALUE SO FAR:   0.594007598133607373E-01
  TOTAL MOVES:                    3360
     DOWNHILL:                    2253
     ACCEPTED UPHILL:              865
     REJECTED UPHILL:              242
  TRIALS OUT OF BOUNDS:           1578
  NEW MINIMA THIS TEMPERATURE:       1

                         CURRENT OPTIMAL X
    0.6387433410         0.1565880179E-01     0.1937850595         0.2826827168         0.2988511324E-02     0.1754239798         0.2806916833         0.6357834339         0.6496888399E-02     0.2699880004    
    0.8020072579         0.8694111705E-01     0.1117483735         0.2600865364         0.8823622573         0.5031920671E-01     0.1463508248         0.9999911189         0.5225409269E-01     0.1688818216    
    0.8015322089         0.3110384941E-01     0.3343687057E-01     0.1410235643         0.3954951167         0.7502292991E-01     0.2599408746         0.1607879400         0.6160697937         0.4661606550E-01
    0.1413618207         0.1706544757         0.6235693097E-01     0.1161168218         0.3910102248         0.1195310950         0.8030827641E-01     0.2235929608         0.8231657743E-01     0.5719481111E-01
    0.2412612557         0.9524978995    

                         STEP LENGTH (VM)
     1.000000000         0.1000000000         0.2000000000          1.000000000         0.1000000000         0.2000000000          1.000000000         0.3169394167         0.1000000000         0.2000000000    
     1.000000000         0.1000000000         0.2000000000          1.000000000         0.7426273283E-01     0.1000000000         0.2000000000          1.000000000         0.1000000000         0.2000000000    
     1.000000000          1.000000000         0.1000000000         0.2000000000          1.000000000         0.1000000000         0.2000000000          1.000000000         0.5125122372         0.1000000000    
    0.2000000000          1.000000000         0.1000000000         0.2000000000          1.000000000          1.000000000         0.1000000000         0.2000000000          1.000000000         0.1000000000    
    0.2000000000          1.000000000    
 

 INTERMEDIATE RESULTS BEFORE NEXT TEMPERATURE REDUCTION

  CURRENT TEMPERATURE:             0.21118    
  MIN FUNCTION VALUE SO FAR:   0.594007598133607373E-01
  TOTAL MOVES:                    3360
     DOWNHILL:                    2277
     ACCEPTED UPHILL:              827
     REJECTED UPHILL:              256
  TRIALS OUT OF BOUNDS:           1638
  NEW MINIMA THIS TEMPERATURE:       0

                         CURRENT OPTIMAL X
    0.6387433410         0.1565880179E-01     0.1937850595         0.2826827168         0.2988511324E-02     0.1754239798         0.2806916833         0.6357834339         0.6496888399E-02     0.2699880004    
    0.8020072579         0.8694111705E-01     0.1117483735         0.2600865364         0.8823622573         0.5031920671E-01     0.1463508248         0.9999911189         0.5225409269E-01     0.1688818216    
    0.8015322089         0.3110384941E-01     0.3343687057E-01     0.1410235643         0.3954951167         0.7502292991E-01     0.2599408746         0.1607879400         0.6160697937         0.4661606550E-01
    0.1413618207         0.1706544757         0.6235693097E-01     0.1161168218         0.3910102248         0.1195310950         0.8030827641E-01     0.2235929608         0.8231657743E-01     0.5719481111E-01
    0.2412612557         0.9524978995    

                         STEP LENGTH (VM)
     1.000000000         0.1000000000         0.2000000000          1.000000000         0.1000000000         0.2000000000          1.000000000         0.3835567291         0.1000000000         0.2000000000    
     1.000000000         0.1000000000         0.2000000000          1.000000000         0.7493174959E-01     0.1000000000         0.2000000000          1.000000000         0.1000000000         0.2000000000    
     1.000000000         0.6486486395         0.1000000000         0.2000000000          1.000000000         0.1000000000         0.2000000000          1.000000000         0.3623652251         0.1000000000    
    0.2000000000          1.000000000         0.1000000000         0.2000000000          1.000000000          1.000000000         0.1000000000         0.2000000000          1.000000000         0.1000000000    
    0.2000000000          1.000000000    
 

 INTERMEDIATE RESULTS BEFORE NEXT TEMPERATURE REDUCTION

  CURRENT TEMPERATURE:             0.15838    
  MIN FUNCTION VALUE SO FAR:   0.570303800405439557E-01
  TOTAL MOVES:                    3360
     DOWNHILL:                    2289
     ACCEPTED UPHILL:              814
     REJECTED UPHILL:              257
  TRIALS OUT OF BOUNDS:           1597
  NEW MINIMA THIS TEMPERATURE:       1

                         CURRENT OPTIMAL X
    0.7618665695         0.2761337757E-01     0.2382454276         0.6386762857E-01     0.7710449100E-01     0.1662489176         0.4289640784         0.6308142521         0.5297869444E-01     0.2442663312    
    0.7455062866         0.8202840686E-01     0.2391324162         0.8931344748E-01     0.9016255354         0.6039709449E-01     0.1232611179         0.3267187476         0.5864041448E-01     0.1857047796    
    0.8034123778         0.1381866336         0.1266980171E-01     0.2225042462         0.7586176395         0.6543912888E-01     0.1001554012         0.4325535893         0.7106441761         0.3418495059E-01
    0.2419547796         0.2927572727         0.6003108621E-01     0.2264102340         0.4024457932         0.9341216087E-01     0.2377344966E-01     0.2207839608         0.5998402834E-01     0.4170191288E-02
    0.2705292821         0.2461076975    

                         STEP LENGTH (VM)
    0.6486486395         0.1000000000         0.2000000000          1.000000000         0.1000000000         0.2000000000          1.000000000         0.2059772957         0.1000000000         0.2000000000    
     1.000000000         0.1000000000         0.2000000000          1.000000000         0.5666410495E-01     0.1000000000         0.2000000000          1.000000000         0.1000000000         0.2000000000    
     1.000000000         0.3155587102         0.1000000000         0.2000000000          1.000000000         0.1000000000         0.2000000000          1.000000000         0.1253164102         0.1000000000    
    0.2000000000          1.000000000         0.1000000000         0.2000000000          1.000000000          1.000000000         0.1000000000         0.2000000000          1.000000000         0.1000000000    
    0.2000000000          1.000000000    
 

 INTERMEDIATE RESULTS BEFORE NEXT TEMPERATURE REDUCTION

  CURRENT TEMPERATURE:             0.11879    
  MIN FUNCTION VALUE SO FAR:   0.547732086164969129E-01
  TOTAL MOVES:                    3360
     DOWNHILL:                    2293
     ACCEPTED UPHILL:              788
     REJECTED UPHILL:              279
  TRIALS OUT OF BOUNDS:           1551
  NEW MINIMA THIS TEMPERATURE:       4

                         CURRENT OPTIMAL X
    0.7524541908         0.2761337757E-01     0.2382454276         0.6386762857E-01     0.7710449100E-01     0.1662489176         0.4289640784         0.6308142521         0.5297869444E-01     0.2442663312    
    0.7455062866         0.8202840686E-01     0.2391324162         0.8931344748E-01     0.9016255354         0.6039709449E-01     0.1232611179         0.3267187476         0.5864041448E-01     0.1857047796    
    0.8034123778         0.1381866336         0.1266980171E-01     0.2225042462         0.7586176395         0.6543912888E-01     0.1001554012         0.4325535893         0.7106441761         0.3418495059E-01
    0.2419547796         0.2927572727         0.6003108621E-01     0.2264102340         0.4024457932         0.9341216087E-01     0.2377344966E-01     0.2207839608         0.5998402834E-01     0.4170191288E-02
    0.2705292821         0.2461076975    

                         STEP LENGTH (VM)
    0.4404761221         0.1000000000         0.2000000000          1.000000000         0.1000000000         0.2000000000          1.000000000         0.6687995441E-01     0.1000000000         0.2000000000    
     1.000000000         0.1000000000         0.2000000000          1.000000000         0.4155170917E-01     0.1000000000         0.2000000000          1.000000000         0.1000000000         0.2000000000    
     1.000000000         0.2017650892         0.1000000000         0.2000000000          1.000000000         0.1000000000         0.2000000000          1.000000000         0.1103448785         0.1000000000    
    0.2000000000          1.000000000         0.1000000000         0.2000000000          1.000000000         0.6288092412         0.1000000000         0.2000000000          1.000000000         0.1000000000    
    0.2000000000          1.000000000    
 

 INTERMEDIATE RESULTS BEFORE NEXT TEMPERATURE REDUCTION

  CURRENT TEMPERATURE:             0.89090E-01
  MIN FUNCTION VALUE SO FAR:   0.494176397891319535E-01
  TOTAL MOVES:                    3360
     DOWNHILL:                    2272
     ACCEPTED UPHILL:              787
     REJECTED UPHILL:              301
  TRIALS OUT OF BOUNDS:           1591
  NEW MINIMA THIS TEMPERATURE:       4

                         CURRENT OPTIMAL X
    0.7847586302         0.7735458612E-01     0.2720999956         0.6171048880         0.1989310980E-02     0.1434187889         0.7835136056         0.6691899199         0.7917062640E-01     0.1132736206    
    0.4262272120         0.6311124563E-01     0.2926594138         0.3791879416         0.8941392012         0.4771370888E-01     0.2674606800         0.5982486010         0.3008037210E-01     0.2181560636    
    0.9652014971         0.1381866336         0.4164060950E-01     0.1033734441         0.6948161721         0.6993893981E-01     0.1524446726         0.8053914905         0.7453062151         0.3769296408E-02
    0.1812403440         0.1851260662E-01     0.6871713400E-01     0.1910933971         0.9266782403         0.9341216087E-01     0.9542753696E-01     0.2778469205         0.8314931393E-01     0.2700302005E-01
    0.2472959995         0.8868058324    

                         STEP LENGTH (VM)
    0.5060787981         0.1000000000         0.2000000000          1.000000000         0.1000000000         0.2000000000          1.000000000         0.1319337309         0.1000000000         0.2000000000    
     1.000000000         0.1000000000         0.2000000000          1.000000000         0.5694119079E-01     0.1000000000         0.2000000000          1.000000000         0.1000000000         0.2000000000    
     1.000000000         0.4897958096         0.1000000000         0.2000000000          1.000000000         0.1000000000         0.2000000000          1.000000000         0.1983711926         0.1000000000    
    0.2000000000          1.000000000         0.1000000000         0.2000000000          1.000000000         0.9781472982         0.1000000000         0.2000000000          1.000000000         0.1000000000    
    0.2000000000          1.000000000    
 

 INTERMEDIATE RESULTS BEFORE NEXT TEMPERATURE REDUCTION

  CURRENT TEMPERATURE:             0.66817E-01
  MIN FUNCTION VALUE SO FAR:   0.493606249704115208E-01
  TOTAL MOVES:                    3360
     DOWNHILL:                    2251
     ACCEPTED UPHILL:              809
     REJECTED UPHILL:              300
  TRIALS OUT OF BOUNDS:           1503
  NEW MINIMA THIS TEMPERATURE:       1

                         CURRENT OPTIMAL X
    0.7847586302         0.2436330318E-01     0.1438414574         0.7754510641         0.4073409438E-01     0.1911021948         0.4886883497         0.6691899199         0.9484801888E-01     0.2760121822    
    0.6558734179         0.6311124563E-01     0.2926594138         0.3791879416         0.8941392012         0.4771370888E-01     0.2674606800         0.5982486010         0.3008037210E-01     0.2181560636    
    0.9652014971         0.1381866336         0.4164060950E-01     0.1033734441         0.6948161721         0.6993893981E-01     0.1524446726         0.8053914905         0.7453062151         0.3769296408E-02
    0.1812403440         0.1851260662E-01     0.6871713400E-01     0.1910933971         0.9266782403         0.9341216087E-01     0.9542753696E-01     0.2778469205         0.8314931393E-01     0.2700302005E-01
    0.2472959995         0.8868058324    

                         STEP LENGTH (VM)
    0.2484186213         0.1000000000         0.2000000000          1.000000000         0.1000000000         0.2000000000          1.000000000         0.1112909772         0.1000000000         0.2000000000    
     1.000000000         0.1000000000         0.2000000000          1.000000000         0.3505920969E-01     0.1000000000         0.2000000000          1.000000000         0.1000000000         0.2000000000    
     1.000000000         0.3080196229         0.1000000000         0.2000000000          1.000000000         0.1000000000         0.2000000000          1.000000000         0.9645393809E-01     0.1000000000    
    0.2000000000          1.000000000         0.1000000000         0.2000000000          1.000000000         0.3012577940         0.1000000000         0.2000000000          1.000000000         0.1000000000    
    0.2000000000          1.000000000    
 

 INTERMEDIATE RESULTS BEFORE NEXT TEMPERATURE REDUCTION

  CURRENT TEMPERATURE:             0.50113E-01
  MIN FUNCTION VALUE SO FAR:   0.493606249704115208E-01
  TOTAL MOVES:                    3360
     DOWNHILL:                    2208
     ACCEPTED UPHILL:              798
     REJECTED UPHILL:              354
  TRIALS OUT OF BOUNDS:           1459
  NEW MINIMA THIS TEMPERATURE:       0

                         CURRENT OPTIMAL X
    0.7847586302         0.2436330318E-01     0.1438414574         0.7754510641         0.4073409438E-01     0.1911021948         0.4886883497         0.6691899199         0.9484801888E-01     0.2760121822    
    0.6558734179         0.6311124563E-01     0.2926594138         0.3791879416         0.8941392012         0.4771370888E-01     0.2674606800         0.5982486010         0.3008037210E-01     0.2181560636    
    0.9652014971         0.1381866336         0.4164060950E-01     0.1033734441         0.6948161721         0.6993893981E-01     0.1524446726         0.8053914905         0.7453062151         0.3769296408E-02
    0.1812403440         0.1851260662E-01     0.6871713400E-01     0.1910933971         0.9266782403         0.9341216087E-01     0.9542753696E-01     0.2778469205         0.8314931393E-01     0.2700302005E-01
    0.2472959995         0.8868058324    

                         STEP LENGTH (VM)
    0.8888888668         0.1000000000         0.2000000000          1.000000000         0.1000000000         0.2000000000          1.000000000         0.2526604339         0.1000000000         0.2000000000    
     1.000000000         0.1000000000         0.2000000000          1.000000000         0.1846739728E-01     0.1000000000         0.2000000000          1.000000000         0.1000000000         0.2000000000    
     1.000000000         0.1398102543         0.1000000000         0.2000000000          1.000000000         0.1000000000         0.2000000000          1.000000000         0.3862171790         0.1000000000    
    0.2000000000          1.000000000         0.1000000000         0.2000000000          1.000000000         0.1469513717         0.1000000000         0.2000000000          1.000000000         0.1000000000    
    0.2000000000          1.000000000    
 

 INTERMEDIATE RESULTS BEFORE NEXT TEMPERATURE REDUCTION

  CURRENT TEMPERATURE:             0.37585E-01
  MIN FUNCTION VALUE SO FAR:   0.493606249704115208E-01
  TOTAL MOVES:                    3360
     DOWNHILL:                    2184
     ACCEPTED UPHILL:              751
     REJECTED UPHILL:              425
  TRIALS OUT OF BOUNDS:           1459
  NEW MINIMA THIS TEMPERATURE:       0

                         CURRENT OPTIMAL X
    0.7847586302         0.2436330318E-01     0.1438414574         0.7754510641         0.4073409438E-01     0.1911021948         0.4886883497         0.6691899199         0.9484801888E-01     0.2760121822    
    0.6558734179         0.6311124563E-01     0.2926594138         0.3791879416         0.8941392012         0.4771370888E-01     0.2674606800         0.5982486010         0.3008037210E-01     0.2181560636    
    0.9652014971         0.1381866336         0.4164060950E-01     0.1033734441         0.6948161721         0.6993893981E-01     0.1524446726         0.8053914905         0.7453062151         0.3769296408E-02
    0.1812403440         0.1851260662E-01     0.6871713400E-01     0.1910933971         0.9266782403         0.9341216087E-01     0.9542753696E-01     0.2778469205         0.8314931393E-01     0.2700302005E-01
    0.2472959995         0.8868058324    

                         STEP LENGTH (VM)
    0.7106434294E-01     0.1000000000         0.2000000000          1.000000000         0.1000000000         0.2000000000          1.000000000         0.2576878897E-01     0.1000000000         0.2000000000    
     1.000000000         0.1000000000         0.2000000000          1.000000000         0.3181296009E-01     0.1000000000         0.2000000000          1.000000000         0.1000000000         0.2000000000    
     1.000000000         0.6189504095E-01     0.1000000000         0.2000000000          1.000000000         0.1000000000         0.2000000000          1.000000000         0.2643341369E-01     0.1000000000    
    0.2000000000          1.000000000         0.1000000000         0.2000000000          1.000000000         0.7001270249E-01     0.1000000000         0.2000000000          1.000000000         0.1000000000    
    0.2000000000          1.000000000    
 

 INTERMEDIATE RESULTS BEFORE NEXT TEMPERATURE REDUCTION

  CURRENT TEMPERATURE:             0.28189E-01
  MIN FUNCTION VALUE SO FAR:   0.493606249704115208E-01
  TOTAL MOVES:                    3360
     DOWNHILL:                    2213
     ACCEPTED UPHILL:              776
     REJECTED UPHILL:              371
  TRIALS OUT OF BOUNDS:           1474
  NEW MINIMA THIS TEMPERATURE:       0

                         CURRENT OPTIMAL X
    0.7847586302         0.2436330318E-01     0.1438414574         0.7754510641         0.4073409438E-01     0.1911021948         0.4886883497         0.6691899199         0.9484801888E-01     0.2760121822    
    0.6558734179         0.6311124563E-01     0.2926594138         0.3791879416         0.8941392012         0.4771370888E-01     0.2674606800         0.5982486010         0.3008037210E-01     0.2181560636    
    0.9652014971         0.1381866336         0.4164060950E-01     0.1033734441         0.6948161721         0.6993893981E-01     0.1524446726         0.8053914905         0.7453062151         0.3769296408E-02
    0.1812403440         0.1851260662E-01     0.6871713400E-01     0.1910933971         0.9266782403         0.9341216087E-01     0.9542753696E-01     0.2778469205         0.8314931393E-01     0.2700302005E-01
    0.2472959995         0.8868058324    

                         STEP LENGTH (VM)
    0.2993038468         0.1000000000         0.2000000000          1.000000000         0.1000000000         0.2000000000          1.000000000         0.1954045829         0.1000000000         0.2000000000    
     1.000000000         0.1000000000         0.2000000000          1.000000000         0.9710531991E-02     0.1000000000         0.2000000000          1.000000000         0.1000000000         0.2000000000    
     1.000000000         0.2302797686         0.1000000000         0.2000000000          1.000000000         0.1000000000         0.2000000000          1.000000000         0.1378376638         0.1000000000    
    0.2000000000          1.000000000         0.1000000000         0.2000000000          1.000000000         0.9798464598E-01     0.1000000000         0.2000000000          1.000000000         0.1000000000    
    0.2000000000          1.000000000    
 

 INTERMEDIATE RESULTS BEFORE NEXT TEMPERATURE REDUCTION

  CURRENT TEMPERATURE:             0.21141E-01
  MIN FUNCTION VALUE SO FAR:   0.493606249704115208E-01
  TOTAL MOVES:                    3360
     DOWNHILL:                    2203
     ACCEPTED UPHILL:              775
     REJECTED UPHILL:              382
  TRIALS OUT OF BOUNDS:           1484
  NEW MINIMA THIS TEMPERATURE:       0

                         CURRENT OPTIMAL X
    0.7847586302         0.2436330318E-01     0.1438414574         0.7754510641         0.4073409438E-01     0.1911021948         0.4886883497         0.6691899199         0.9484801888E-01     0.2760121822    
    0.6558734179         0.6311124563E-01     0.2926594138         0.3791879416         0.8941392012         0.4771370888E-01     0.2674606800         0.5982486010         0.3008037210E-01     0.2181560636    
    0.9652014971         0.1381866336         0.4164060950E-01     0.1033734441         0.6948161721         0.6993893981E-01     0.1524446726         0.8053914905         0.7453062151         0.3769296408E-02
    0.1812403440         0.1851260662E-01     0.6871713400E-01     0.1910933971         0.9266782403         0.9341216087E-01     0.9542753696E-01     0.2778469205         0.8314931393E-01     0.2700302005E-01
    0.2472959995         0.8868058324    

                         STEP LENGTH (VM)
    0.2090983715         0.1000000000         0.2000000000          1.000000000         0.1000000000         0.2000000000          1.000000000         0.2932829131E-01     0.1000000000         0.2000000000    
     1.000000000         0.1000000000         0.2000000000          1.000000000         0.1161245600E-01     0.1000000000         0.2000000000          1.000000000         0.1000000000         0.2000000000    
     1.000000000         0.9754315624E-01     0.1000000000         0.2000000000          1.000000000         0.1000000000         0.2000000000          1.000000000         0.2872475162E-01     0.1000000000    
    0.2000000000          1.000000000         0.1000000000         0.2000000000          1.000000000         0.1294796286         0.1000000000         0.2000000000          1.000000000         0.1000000000    
    0.2000000000          1.000000000    
 

 INTERMEDIATE RESULTS BEFORE NEXT TEMPERATURE REDUCTION

  CURRENT TEMPERATURE:             0.15856E-01
  MIN FUNCTION VALUE SO FAR:   0.492771811287171860E-01
  TOTAL MOVES:                    3360
     DOWNHILL:                    2196
     ACCEPTED UPHILL:              738
     REJECTED UPHILL:              426
  TRIALS OUT OF BOUNDS:           1461
  NEW MINIMA THIS TEMPERATURE:       2

                         CURRENT OPTIMAL X
    0.5024438388         0.1358115077E-01     0.1432766318         0.2356289029         0.3298315406E-01     0.2401177049         0.7820654511         0.7124805891         0.2864384055E-01     0.2683941245    
    0.8072315454         0.5028143525E-01     0.2791302919         0.4856492877         0.8907633465         0.5423151255E-01     0.1848226070         0.8698941469         0.7756797075E-01     0.1752153397    
    0.4478160143         0.3261909073E-01     0.4775028825E-01     0.1172747493         0.6432728767         0.2303474545E-01     0.2634595513         0.1707663536         0.7856427454         0.6112551093E-01
    0.2404317498         0.7051812410         0.4060527086E-01     0.1377146482         0.4828020930         0.1925485937E-01     0.9127904773E-01     0.2704735398         0.6355530024         0.8043494821E-01
    0.1910274744         0.6932310462    

                         STEP LENGTH (VM)
    0.1483829717         0.1000000000         0.2000000000          1.000000000         0.1000000000         0.2000000000          1.000000000         0.2694323355E-01     0.1000000000         0.2000000000    
     1.000000000         0.1000000000         0.2000000000          1.000000000         0.5569237140E-02     0.1000000000         0.2000000000          1.000000000         0.1000000000         0.2000000000    
     1.000000000         0.6588116555E-01     0.1000000000         0.2000000000          1.000000000         0.1000000000         0.2000000000          1.000000000         0.2962052106E-01     0.1000000000    
    0.2000000000          1.000000000         0.1000000000         0.2000000000          1.000000000         0.3051563933E-01     0.1000000000         0.2000000000          1.000000000         0.1000000000    
    0.2000000000          1.000000000    
 

 INTERMEDIATE RESULTS BEFORE NEXT TEMPERATURE REDUCTION

  CURRENT TEMPERATURE:             0.11892E-01
  MIN FUNCTION VALUE SO FAR:   0.492771811287171860E-01
  TOTAL MOVES:                    3360
     DOWNHILL:                    2224
     ACCEPTED UPHILL:              718
     REJECTED UPHILL:              418
  TRIALS OUT OF BOUNDS:           1463
  NEW MINIMA THIS TEMPERATURE:       0

                         CURRENT OPTIMAL X
    0.5024438388         0.1358115077E-01     0.1432766318         0.2356289029         0.3298315406E-01     0.2401177049         0.7820654511         0.7124805891         0.2864384055E-01     0.2683941245    
    0.8072315454         0.5028143525E-01     0.2791302919         0.4856492877         0.8907633465         0.5423151255E-01     0.1848226070         0.8698941469         0.7756797075E-01     0.1752153397    
    0.4478160143         0.3261909073E-01     0.4775028825E-01     0.1172747493         0.6432728767         0.2303474545E-01     0.2634595513         0.1707663536         0.7856427454         0.6112551093E-01
    0.2404317498         0.7051812410         0.4060527086E-01     0.1377146482         0.4828020930         0.1925485937E-01     0.9127904773E-01     0.2704735398         0.6355530024         0.8043494821E-01
    0.1910274744         0.6932310462    

                         STEP LENGTH (VM)
    0.2879886962         0.1000000000         0.2000000000          1.000000000         0.1000000000         0.2000000000          1.000000000         0.3624793324E-01     0.1000000000         0.2000000000    
     1.000000000         0.1000000000         0.2000000000          1.000000000         0.5404519474E-02     0.1000000000         0.2000000000          1.000000000         0.1000000000         0.2000000000    
     1.000000000         0.8779517282E-01     0.1000000000         0.2000000000          1.000000000         0.1000000000         0.2000000000          1.000000000         0.5884072736E-01     0.1000000000    
    0.2000000000          1.000000000         0.1000000000         0.2000000000          1.000000000         0.3862134011E-01     0.1000000000         0.2000000000          1.000000000         0.1000000000    
    0.2000000000          1.000000000    
 

 INTERMEDIATE RESULTS BEFORE NEXT TEMPERATURE REDUCTION

  CURRENT TEMPERATURE:             0.89190E-02
  MIN FUNCTION VALUE SO FAR:   0.477404763410393326E-01
  TOTAL MOVES:                    3360
     DOWNHILL:                    2180
     ACCEPTED UPHILL:              682
     REJECTED UPHILL:              498
  TRIALS OUT OF BOUNDS:           1454
  NEW MINIMA THIS TEMPERATURE:       0

                         CURRENT OPTIMAL X
    0.5058273762         0.8826532960E-01     0.2975026250         0.1006463766         0.5365952849E-01     0.1801700711         0.7363890409         0.7124805891         0.2342702746E-01     0.2556006074    
    0.1607886553         0.5759753585E-01     0.1214769006         0.4001579285         0.8845708237         0.8251167536E-01     0.1296484590         0.3834422827         0.9037930369E-01     0.2945401669    
    0.8331024051         0.6491777541E-01     0.1846796274E-02     0.1060941219         0.4700422287E-03     0.2232766747E-01     0.1125978947         0.7295900583E-01     0.7809891373         0.1537477970E-01
    0.1457909703         0.3747439384E-01     0.3903520107E-02     0.1902513385         0.3795295954E-01     0.4230792787E-02     0.3191447854E-01     0.2491930485         0.5077958107E-01     0.9425643682E-01
    0.1445426345         0.3858693838    

                         STEP LENGTH (VM)
    0.1050789621         0.1000000000         0.2000000000          1.000000000         0.1000000000         0.2000000000          1.000000000         0.3273180278E-01     0.1000000000         0.2000000000    
     1.000000000         0.1000000000         0.2000000000          1.000000000         0.3202677320E-02     0.2211981538E-01     0.5835866153E-01     0.5714285653         0.1000000000         0.2000000000    
     1.000000000         0.4982967611E-01     0.1000000000         0.2000000000          1.000000000         0.1000000000         0.2000000000          1.000000000         0.3797164071E-01     0.1000000000    
    0.2000000000          1.000000000         0.1000000000         0.2000000000          1.000000000         0.1068186385E-01     0.1000000000         0.2000000000          1.000000000         0.1000000000    
    0.2000000000          1.000000000    
 

 INTERMEDIATE RESULTS BEFORE NEXT TEMPERATURE REDUCTION

  CURRENT TEMPERATURE:             0.66893E-02
  MIN FUNCTION VALUE SO FAR:   0.461477812026852910E-01
  TOTAL MOVES:                    3360
     DOWNHILL:                    2184
     ACCEPTED UPHILL:              647
     REJECTED UPHILL:              529
  TRIALS OUT OF BOUNDS:           1440
  NEW MINIMA THIS TEMPERATURE:       0

                         CURRENT OPTIMAL X
    0.4668060765         0.9377577305E-01     0.2906170368         0.4446718097         0.2769922614E-01     0.2729866028         0.9186562300         0.7191393282         0.5333831310E-01     0.1452160597    
    0.2427778840         0.6743452549E-01     0.2685502172         0.6142501235         0.8888840090         0.9672613144E-01     0.1821681261         0.8731188774         0.2667674422E-01     0.1383348227    
    0.9085134864         0.3139289671E-01     0.4730820656E-01     0.2926766038         0.5941694975         0.9992341995E-01     0.2650647402         0.4796053171         0.8095190533         0.1026781055E-01
    0.1358993173         0.5395549536E-01     0.3513543606E-01     0.1104279399         0.1026044488         0.1730856940E-02     0.7791274190E-01     0.2073070168         0.1525544524         0.8124572635E-01
    0.2887795329         0.5518797636    

                         STEP LENGTH (VM)
    0.8346693028E-01     0.1000000000         0.2000000000          1.000000000         0.1000000000         0.2000000000          1.000000000         0.1005699288E-01     0.1000000000         0.2000000000    
     1.000000000         0.1000000000         0.2000000000          1.000000000         0.2565033689E-02     0.3184079519E-01     0.1499999972         0.4210526299         0.1000000000         0.2000000000    
     1.000000000         0.2112255663E-01     0.1000000000         0.2000000000          1.000000000         0.1000000000         0.2000000000          1.000000000         0.9954672258E-02     0.1000000000    
    0.2000000000          1.000000000         0.1000000000         0.2000000000          1.000000000         0.9803478675E-02     0.1000000000         0.2000000000          1.000000000         0.1000000000    
    0.2000000000          1.000000000    
 

 INTERMEDIATE RESULTS BEFORE NEXT TEMPERATURE REDUCTION

  CURRENT TEMPERATURE:             0.50170E-02
  MIN FUNCTION VALUE SO FAR:   0.448937441736037141E-01
  TOTAL MOVES:                    3360
     DOWNHILL:                    2138
     ACCEPTED UPHILL:              638
     REJECTED UPHILL:              584
  TRIALS OUT OF BOUNDS:           1368
  NEW MINIMA THIS TEMPERATURE:       2

                         CURRENT OPTIMAL X
    0.4668060765         0.6720515490E-01     0.2389731884         0.9057696462         0.7108461261E-01     0.1975428224         0.7264550924         0.7191393282         0.5333831310E-01     0.2193875074    
    0.9106983542         0.8486205339E-01     0.2543220997         0.5101958513         0.8876606953         0.9672613144E-01     0.2154105186         0.7401610613         0.4012259841E-01     0.2575924158    
    0.2942525744         0.1497673562E-01     0.3150684834E-01     0.1610388160         0.1202984452         0.4412640333E-01     0.1173993230         0.6133058071         0.8095190533         0.1026781055E-01
    0.1292098403         0.5395549536E-01     0.2977144718E-01     0.2494856954         0.1111442447         0.1730856940E-02     0.7234665751E-01     0.1747306943         0.5626703501         0.4620795846E-01
    0.1767634153         0.6226670742E-01

                         STEP LENGTH (VM)
    0.2961542002E-01     0.1000000000         0.2000000000          1.000000000         0.1000000000         0.2000000000          1.000000000         0.6291112790E-02     0.1000000000         0.2000000000    
     1.000000000         0.1000000000         0.2000000000          1.000000000         0.2565033010E-02     0.4222398549E-02     0.1742212207E-01     0.6749089688E-01     0.1000000000         0.2000000000    
     1.000000000         0.2056668852E-01     0.1000000000         0.2000000000          1.000000000         0.1000000000         0.2000000000          1.000000000         0.7338576755E-02     0.1000000000    
    0.2000000000          1.000000000         0.1000000000         0.2000000000          1.000000000         0.1307130368E-01     0.4821427273E-01     0.2000000000         0.3022387675         0.1000000000    
    0.2000000000          1.000000000    
 

 INTERMEDIATE RESULTS BEFORE NEXT TEMPERATURE REDUCTION

  CURRENT TEMPERATURE:             0.37627E-02
  MIN FUNCTION VALUE SO FAR:   0.409030097393978040E-01
  TOTAL MOVES:                    3360
     DOWNHILL:                    2086
     ACCEPTED UPHILL:              586
     REJECTED UPHILL:              688
  TRIALS OUT OF BOUNDS:           1313
  NEW MINIMA THIS TEMPERATURE:       6

                         CURRENT OPTIMAL X
    0.5879327329         0.5466497540E-01     0.1448801160         0.7275105715         0.5378532410E-01     0.1842192411         0.8511930704E-01     0.7084091773         0.7110836506E-01     0.1266426325    
    0.7470030189         0.4858587980E-01     0.1956999779         0.3325958848         0.8791053754         0.9970869422E-01     0.1211450219         0.1567271948         0.5506812930E-01     0.1144636154    
    0.8362728953         0.2678646925E-01     0.1757975817E-01     0.2373983145         0.8555303216         0.7509663701E-01     0.2015601754         0.6435915232         0.7972195140         0.6591185871E-02
    0.1277616606         0.3521563058E-01     0.2219452858E-01     0.2888754845         0.8481933475         0.1061865734E-01     0.7026532944E-01     0.1989440441         0.8218246698E-01     0.7025977969E-01
    0.2918352485         0.7215597630    

                         STEP LENGTH (VM)
    0.2786049784E-01     0.1000000000         0.2000000000          1.000000000         0.1000000000         0.2000000000          1.000000000         0.3536164256E-02     0.1000000000         0.2000000000    
     1.000000000         0.1000000000         0.2000000000          1.000000000         0.1601336930E-02     0.1000000000         0.2000000000          1.000000000         0.1000000000         0.2000000000    
     1.000000000         0.1648809976E-01     0.1000000000         0.2000000000          1.000000000         0.1000000000         0.2000000000          1.000000000         0.4892383170E-02     0.1272819447E-02
    0.1868735816E-02     0.7771692686E-02     0.1000000000         0.2000000000          1.000000000         0.1221365264E-01     0.1000000000         0.2000000000          1.000000000         0.1000000000    
    0.2000000000          1.000000000    
 

 INTERMEDIATE RESULTS BEFORE NEXT TEMPERATURE REDUCTION

  CURRENT TEMPERATURE:             0.28220E-02
  MIN FUNCTION VALUE SO FAR:   0.403645740935307806E-01
  TOTAL MOVES:                    3360
     DOWNHILL:                    2044
     ACCEPTED UPHILL:              604
     REJECTED UPHILL:              712
  TRIALS OUT OF BOUNDS:           1292
  NEW MINIMA THIS TEMPERATURE:       1

                         CURRENT OPTIMAL X
    0.6270623440         0.8021101952E-01     0.2255910993         0.8380198479         0.6680337191E-01     0.2448543429         0.5263866186         0.7038461458         0.8114866614E-01     0.2904479265    
    0.6010350585         0.6227548718E-01     0.1671906233         0.6043183804E-01     0.8784108268         0.9131559134E-01     0.1724412084         0.8553420305         0.3845745921E-01     0.1073008299    
    0.6571310759         0.4766486118E-01     0.4430659413E-01     0.2871497512         0.6215556860         0.5972234607E-01     0.1656652808         0.1714411378         0.7908833886         0.6540851436E-02
    0.1287030424         0.1825581736E-01     0.5023292303E-01     0.1857725263         0.2691549063         0.2020463446E-01     0.8927294016E-01     0.2458414435         0.4457271695         0.6247860789E-01
    0.1035701871         0.6901443005E-02

                         STEP LENGTH (VM)
    0.3852314762E-01     0.1000000000         0.2000000000          1.000000000         0.1000000000         0.2000000000          1.000000000         0.5221365795E-02     0.1000000000         0.2000000000    
    0.9729727639         0.1000000000         0.2000000000          1.000000000         0.1265253518E-02     0.6754054315E-01     0.2000000000          1.000000000         0.1000000000         0.2000000000    
     1.000000000         0.1230064316E-01     0.1000000000         0.2000000000          1.000000000         0.1000000000         0.2000000000          1.000000000         0.4094047396E-02     0.7185885401E-03
    0.1150597770E-02     0.1376580905E-01     0.1000000000         0.2000000000          1.000000000         0.8722375274E-02     0.6463792845E-02     0.1644150216E-01     0.4993028783E-01     0.1000000000    
    0.2000000000          1.000000000    
 

 INTERMEDIATE RESULTS BEFORE NEXT TEMPERATURE REDUCTION

  CURRENT TEMPERATURE:             0.21165E-02
  MIN FUNCTION VALUE SO FAR:   0.381061952539462415E-01
  TOTAL MOVES:                    3360
     DOWNHILL:                    2077
     ACCEPTED UPHILL:              625
     REJECTED UPHILL:              658
  TRIALS OUT OF BOUNDS:           1281
  NEW MINIMA THIS TEMPERATURE:       9

                         CURRENT OPTIMAL X
    0.6824349045         0.7947933674E-01     0.1047946572         0.8858473897         0.5281663537E-01     0.1277639985         0.1572917104         0.6988735205         0.7611274719E-01     0.2251778364    
    0.8059660792         0.9169750214E-01     0.2022971869         0.8674687743         0.8781627697         0.9559314152E-01     0.1048678875         0.1321268678         0.9946955442E-01     0.2823751926    
    0.7795047760E-01     0.1059417629E-01     0.4650285244E-01     0.2836062074         0.7664166093         0.6887954473E-01     0.1805898905         0.5758569837         0.8151253666         0.7302550103E-02
    0.1169418028         0.2335518717E-01     0.8047525883E-01     0.2834679842         0.5981588364E-01     0.3830395227E-01     0.7067379951E-01     0.2680681109         0.4631706476         0.8280349374E-01
    0.1352172017         0.9018397331E-01

                         STEP LENGTH (VM)
    0.1546058397E-01     0.1000000000         0.2000000000          1.000000000         0.1000000000         0.2000000000          1.000000000         0.4010082245E-02     0.1000000000         0.2000000000    
     1.000000000         0.1000000000         0.2000000000          1.000000000         0.1124669515E-02     0.6237799898E-01     0.2000000000          1.000000000         0.1000000000         0.2000000000    
     1.000000000         0.1001523292E-01     0.1000000000         0.2000000000          1.000000000         0.1000000000         0.2000000000          1.000000000         0.3147374752E-02     0.6488838993E-03
    0.8606367480E-03     0.6992155805E-02     0.1000000000         0.2000000000          1.000000000         0.6341695574E-02     0.5714285653E-01     0.2000000000          1.000000000         0.1000000000    
    0.2000000000          1.000000000    
 

 INTERMEDIATE RESULTS BEFORE NEXT TEMPERATURE REDUCTION

  CURRENT TEMPERATURE:             0.15874E-02
  MIN FUNCTION VALUE SO FAR:   0.370381699534054962E-01
  TOTAL MOVES:                    3360
     DOWNHILL:                    2000
     ACCEPTED UPHILL:              559
     REJECTED UPHILL:              801
  TRIALS OUT OF BOUNDS:           1200
  NEW MINIMA THIS TEMPERATURE:       2

                         CURRENT OPTIMAL X
    0.6758592020         0.3304791451E-02     0.1525194526         0.8679672480         0.3049364090E-01     0.2102853775         0.9954566956         0.6944208343         0.4694744408E-01     0.2294029355    
    0.5862909555         0.3178040385E-01     0.2169701457         0.4309015870         0.8773381947         0.7636349049E-01     0.2726312995         0.5485041470         0.7719764113E-01     0.2240137935    
    0.5569457412         0.5888734532E-02     0.9330157638E-01     0.1877663493         0.1709898114         0.2644273043E-01     0.1227785587         0.9667770863         0.8217093339         0.6964863915E-02
    0.1150860778         0.2089568728E-01     0.4060882926E-01     0.2578002214         0.4750481844         0.3791858161E-01     0.1647679029E-01     0.1599933147         0.1840616027E-01     0.8138109446E-01
    0.2695859909         0.7744208574    

                         STEP LENGTH (VM)
    0.3519394408E-01     0.1000000000         0.2000000000          1.000000000         0.1000000000         0.2000000000          1.000000000         0.2291474634E-02     0.9594249401E-01     0.2000000000    
     1.000000000         0.1000000000         0.2000000000          1.000000000         0.8161507132E-03     0.5375121045E-01     0.2000000000         0.9999999033         0.1000000000         0.2000000000    
     1.000000000         0.1351012536E-01     0.1000000000         0.2000000000          1.000000000         0.1000000000         0.2000000000          1.000000000         0.2693323323E-02     0.3148276147E-03
    0.8583311014E-03     0.6387893617E-02     0.1000000000         0.2000000000          1.000000000         0.4002353740E-02     0.2858096940E-02     0.1528729902E-01     0.1201494274         0.1000000000    
    0.2000000000          1.000000000    
 

 INTERMEDIATE RESULTS BEFORE NEXT TEMPERATURE REDUCTION

  CURRENT TEMPERATURE:             0.11905E-02
  MIN FUNCTION VALUE SO FAR:   0.369582331372006537E-01
  TOTAL MOVES:                    3360
     DOWNHILL:                    2052
     ACCEPTED UPHILL:              584
     REJECTED UPHILL:              724
  TRIALS OUT OF BOUNDS:           1243
  NEW MINIMA THIS TEMPERATURE:       0

                         CURRENT OPTIMAL X
    0.6758592020         0.3304791451E-02     0.1525194526         0.8679672480         0.4213138819E-01     0.2843735099         0.4249787331         0.6944208343         0.4886754155E-01     0.2294029355    
    0.5862909555         0.3178040385E-01     0.2169701457         0.4309015870         0.8773381947         0.7636349049E-01     0.2726312995         0.5485041470         0.7719764113E-01     0.2240137935    
    0.5569457412         0.5888734532E-02     0.9330157638E-01     0.1877663493         0.1709898114         0.2644273043E-01     0.1227785587         0.9667770863         0.8217093339         0.6964863915E-02
    0.1150860778         0.2089568728E-01     0.4060882926E-01     0.2578002214         0.4750481844         0.3791858161E-01     0.1647679029E-01     0.1599933147         0.1840616027E-01     0.8138109446E-01
    0.2695859909         0.7744208574    

                         STEP LENGTH (VM)
    0.1732201634E-01     0.1000000000         0.2000000000          1.000000000         0.1000000000         0.2000000000          1.000000000         0.1347760818E-02     0.4741558532E-01     0.2000000000    
     1.000000000         0.1000000000         0.2000000000          1.000000000         0.5650272253E-03     0.8648647721E-01     0.2000000000          1.000000000         0.1000000000         0.2000000000    
     1.000000000         0.7579087737E-02     0.8888888668E-01     0.2000000000          1.000000000         0.1000000000         0.2000000000          1.000000000         0.2052054650E-02     0.4494834302E-03
    0.4521249388E-03     0.4486420424E-02     0.1000000000         0.2000000000          1.000000000         0.9889983191E-03     0.5043992352E-01     0.2000000000          1.000000000         0.1000000000    
    0.2000000000          1.000000000    
 

 INTERMEDIATE RESULTS BEFORE NEXT TEMPERATURE REDUCTION

  CURRENT TEMPERATURE:             0.89291E-03
  MIN FUNCTION VALUE SO FAR:   0.368986482642609526E-01
  TOTAL MOVES:                    3360
     DOWNHILL:                    2014
     ACCEPTED UPHILL:              558
     REJECTED UPHILL:              788
  TRIALS OUT OF BOUNDS:           1160
  NEW MINIMA THIS TEMPERATURE:       0

                         CURRENT OPTIMAL X
    0.6839488256         0.5791066289E-01     0.1734376192         0.4729796648         0.5711344481E-01     0.2844844699         0.3534759879         0.6931414682         0.5065068706E-01     0.2485558391    
    0.1878879666         0.1059097052E-01     0.2614493847         0.4216701984         0.8773334453         0.7494915128E-01     0.2866105556         0.8051491380         0.3399865031E-01     0.1804432154    
    0.6691644192         0.4377430429E-02     0.5252615809E-01     0.2423002005         0.7221509218         0.3739494085E-01     0.1257879853         0.8645090461         0.8214812751         0.7154390122E-02
    0.1153936016         0.1212888541E-01     0.3264802098E-01     0.1638132691         0.4502648115         0.3938100027E-01     0.1524186273E-01     0.1780085678         0.4744851520E-02     0.4453212023E-01
    0.2680482626         0.8633278608    

                         STEP LENGTH (VM)
    0.6557119417E-02     0.1000000000         0.2000000000         0.9999999033         0.1000000000         0.2000000000          1.000000000         0.1110499405E-02     0.7499998049E-01     0.2000000000    
     1.000000000         0.1000000000         0.2000000000          1.000000000         0.3141462985E-03     0.1351102745E-01     0.3282674589E-01     0.3093842207E-01     0.1000000000         0.2000000000    
     1.000000000         0.3835615184E-02     0.1000000000         0.2000000000          1.000000000         0.1000000000         0.2000000000          1.000000000         0.9739242155E-03     0.1885036751E-03
    0.2753681953E-03     0.3364814058E-02     0.1000000000         0.2000000000          1.000000000         0.9261397912E-03     0.5248449407E-01     0.2000000000         0.5210623740         0.1000000000    
    0.2000000000          1.000000000    
 

 INTERMEDIATE RESULTS BEFORE NEXT TEMPERATURE REDUCTION

  CURRENT TEMPERATURE:             0.66968E-03
  MIN FUNCTION VALUE SO FAR:   0.368101762534540008E-01
  TOTAL MOVES:                    3360
     DOWNHILL:                    2000
     ACCEPTED UPHILL:              540
     REJECTED UPHILL:              820
  TRIALS OUT OF BOUNDS:           1141
  NEW MINIMA THIS TEMPERATURE:       1

                         CURRENT OPTIMAL X
    0.6839488256         0.5791066289E-01     0.2874007463         0.4729796648         0.5711344481E-01     0.2844844699         0.3534759879         0.6931414682         0.5065068706E-01     0.2485558391    
    0.1878879666         0.1059097052E-01     0.2614493847         0.4216701984         0.8773334453         0.7494915128E-01     0.2866105556         0.8051491380         0.3399865031E-01     0.1804432154    
    0.6691644192         0.4377430429E-02     0.5252615809E-01     0.2423002005         0.7221509218         0.3739494085E-01     0.1257879853         0.8645090461         0.8214812751         0.7154390122E-02
    0.1153936016         0.1212888541E-01     0.3264802098E-01     0.1638132691         0.4502648115         0.3938100027E-01     0.1524186273E-01     0.1780085678         0.4744851520E-02     0.4453212023E-01
    0.2680482626         0.8633278608    

                         STEP LENGTH (VM)
    0.4147236440E-02     0.1000000000         0.2000000000          1.000000000         0.1000000000         0.2000000000          1.000000000         0.6285949395E-03     0.7492830088E-01     0.2000000000    
     1.000000000         0.1000000000         0.2000000000          1.000000000         0.2292417645E-03     0.5758308968E-02     0.3671731195E-01     0.4218749764         0.1000000000         0.2000000000    
     1.000000000         0.1097592990E-01     0.1000000000         0.2000000000          1.000000000         0.1000000000         0.2000000000          1.000000000         0.6933501107E-03     0.1620084428E-03
    0.3485126732E-03     0.2577838035E-02     0.1000000000         0.2000000000          1.000000000         0.1125734271E-03     0.6354329260E-01     0.2000000000         0.1179518477         0.1000000000    
    0.2000000000          1.000000000    
 

 INTERMEDIATE RESULTS BEFORE NEXT TEMPERATURE REDUCTION

  CURRENT TEMPERATURE:             0.50226E-03
  MIN FUNCTION VALUE SO FAR:   0.366379759490392531E-01
  TOTAL MOVES:                    3360
     DOWNHILL:                    1953
     ACCEPTED UPHILL:              507
     REJECTED UPHILL:              900
  TRIALS OUT OF BOUNDS:           1107
  NEW MINIMA THIS TEMPERATURE:       6

                         CURRENT OPTIMAL X
    0.6790663524         0.8060169220E-01     0.1699131727         0.4383709757         0.5276436806E-01     0.2005489945         0.6823337078E-01     0.6937485335         0.6465905242E-01     0.1045514690    
    0.5577336083         0.9342162609E-01     0.2771998286         0.3047627807         0.8769436669         0.3137156256E-01     0.2994344950         0.9549877644         0.2164335847E-01     0.1790137768    
    0.3112411499         0.6334599309E-02     0.3894586889E-01     0.2998192310         0.1796454191E-01     0.9619957209E-02     0.2207671404         0.6697347164         0.8233934996         0.7089914094E-02
    0.1158629109         0.9953088366E-02     0.9306315780E-01     0.1187954903         0.1324256659         0.3967916381E-01     0.5045159672E-02     0.1901152091         0.3215678053E-02     0.5694279075E-01
    0.1320535779         0.5817815065    

                         STEP LENGTH (VM)
    0.2617392687E-02     0.1000000000         0.2000000000          1.000000000         0.1000000000         0.2000000000          1.000000000         0.4814767104E-03     0.4418731258E-02     0.7413663962E-02
    0.9719604957E-01     0.1000000000         0.2000000000          1.000000000         0.9985856695E-04     0.9469582729E-01     0.2000000000          1.000000000         0.1000000000         0.2000000000    
     1.000000000         0.3809726838E-02     0.6666666377E-01     0.2000000000          1.000000000         0.1000000000         0.2000000000          1.000000000         0.4457249163E-03     0.7321532808E-04
    0.1695466779E-03     0.9640998606E-03     0.1000000000         0.2000000000          1.000000000         0.7490262120E-04     0.1892043069E-02     0.8967343959E-02     0.2609980891E-02     0.1000000000    
    0.2000000000          1.000000000    
 

 INTERMEDIATE RESULTS BEFORE NEXT TEMPERATURE REDUCTION

  CURRENT TEMPERATURE:             0.37670E-03
  MIN FUNCTION VALUE SO FAR:   0.365249794955833651E-01
  TOTAL MOVES:                    3360
     DOWNHILL:                    1968
     ACCEPTED UPHILL:              531
     REJECTED UPHILL:              861
  TRIALS OUT OF BOUNDS:            970
  NEW MINIMA THIS TEMPERATURE:       0

                         CURRENT OPTIMAL X
    0.6855657105         0.1084653139E-01     0.1256580918         0.9135387480         0.8069914579E-02     0.1025009990         0.5037973523         0.6927732169         0.4124420130E-01     0.2809876204    
    0.2861100601         0.3057980537E-01     0.2448255777         0.7958972454E-01     0.8768991342         0.7543632903E-01     0.1445451498         0.4625450193         0.1931349635E-01     0.1445391893    
    0.5525232553         0.1255861954E-02     0.5169112531E-01     0.2893036760         0.2475899458         0.6034677029E-01     0.2385613918         0.7745122910         0.8243206943         0.6696467758E-02
    0.1158467324         0.9312180283E-02     0.8773342371E-01     0.1410444617         0.4103313088         0.3921896957E-01     0.1055255545E-01     0.1987500794         0.8180466056E-02     0.8346222639E-01
    0.1619434357         0.8114451170    

                         STEP LENGTH (VM)
    0.2119815490E-02     0.1042236728E-01     0.3030160359E-01     0.2501714887         0.1000000000         0.2000000000          1.000000000         0.2916636764E-03     0.1334483730E-01     0.7202026058E-01
    0.2860114136         0.1000000000         0.2000000000          1.000000000         0.1148388060E-03     0.6531134996E-01     0.2000000000          1.000000000         0.1000000000         0.2000000000    
     1.000000000         0.4873610822E-02     0.1000000000         0.2000000000          1.000000000         0.1000000000         0.2000000000          1.000000000         0.3014216614E-03     0.6508026917E-04
    0.1043914347E-03     0.7431601299E-03     0.1000000000         0.2000000000          1.000000000         0.1299091647E-03     0.9540401436E-03     0.5044129023E-02     0.1215458317E-02     0.1000000000    
    0.2000000000          1.000000000    
 

 INTERMEDIATE RESULTS BEFORE NEXT TEMPERATURE REDUCTION

  CURRENT TEMPERATURE:             0.28252E-03
  MIN FUNCTION VALUE SO FAR:   0.364818604215027681E-01
  TOTAL MOVES:                    3360
     DOWNHILL:                    1993
     ACCEPTED UPHILL:              519
     REJECTED UPHILL:              848
  TRIALS OUT OF BOUNDS:            975
  NEW MINIMA THIS TEMPERATURE:       1

                         CURRENT OPTIMAL X
    0.6855657105         0.1084653139E-01     0.1256580918         0.9135387480         0.8194841743E-01     0.2263587832         0.9922916293         0.6927732169         0.4124420130E-01     0.2842886188    
    0.2861100601         0.3057980537E-01     0.2448255777         0.7958972454E-01     0.8768991342         0.7543632903E-01     0.1445451498         0.4625450193         0.1931349635E-01     0.1445391893    
    0.5525232553         0.1255861954E-02     0.5169112531E-01     0.2893036760         0.2475899458         0.6034677029E-01     0.2385613918         0.7745122910         0.8243206943         0.6696467758E-02
    0.1158467324         0.9312180283E-02     0.8773342371E-01     0.1410444617         0.4103313088         0.3921896957E-01     0.1055255545E-01     0.1987500794         0.8180466056E-02     0.8346222639E-01
    0.1619434357         0.8114451170    

                         STEP LENGTH (VM)
    0.1767965976E-02     0.5657271904E-02     0.4774373827E-01     0.9551223025E-01     0.1000000000         0.2000000000          1.000000000         0.2792762300E-03     0.4131937466E-01     0.2000000000    
     1.000000000         0.1000000000         0.2000000000          1.000000000         0.1142311256E-03     0.3873129706E-01     0.2000000000          1.000000000         0.1000000000         0.2000000000    
     1.000000000         0.4515227260E-02     0.8223780887E-01     0.2000000000          1.000000000         0.1000000000         0.2000000000          1.000000000         0.2841817164E-03     0.4706696352E-04
    0.9998295705E-04     0.8493252841E-03     0.1000000000         0.2000000000          1.000000000         0.1298142038E-03     0.2568824837E-02     0.5674640802E-02     0.1420126285E-02     0.1000000000    
    0.2000000000          1.000000000    
 

 INTERMEDIATE RESULTS BEFORE NEXT TEMPERATURE REDUCTION

  CURRENT TEMPERATURE:             0.21189E-03
  MIN FUNCTION VALUE SO FAR:   0.363800357040213670E-01
  TOTAL MOVES:                    3360
     DOWNHILL:                    1966
     ACCEPTED UPHILL:              465
     REJECTED UPHILL:              929
  TRIALS OUT OF BOUNDS:           1005
  NEW MINIMA THIS TEMPERATURE:       2

                         CURRENT OPTIMAL X
    0.6860564467         0.8615111551E-02     0.1324843288         0.9302624795         0.9306716323E-01     0.2095230222         0.5378421545         0.6926471262         0.3669301384E-01     0.1957476437    
    0.8603563766         0.9272122383E-02     0.1947504640         0.6615900397         0.8766282874         0.7969803655E-01     0.1729720592         0.2367118001         0.7435037494E-01     0.1419491410    
    0.1752680540E-01     0.9487889513E-02     0.5139526496E-01     0.1001420259         0.1762970090         0.3794792891E-01     0.2900260210         0.3932591677         0.8244318768         0.6699338770E-02
    0.1156951907         0.1082079227E-01     0.1487789750E-01     0.1541715264         0.3930968046         0.3899890003E-01     0.1472682399E-01     0.1808638908         0.8441738161E-02     0.6881387830E-01
    0.1485044718         0.6834427118    

                         STEP LENGTH (VM)
    0.7114055589E-03     0.1198532051E-02     0.3292585335E-02     0.1734422222E-01     0.1000000000         0.2000000000          1.000000000         0.1228865147E-03     0.4612789606E-02     0.2637362430E-01
    0.5867840485E-01     0.1000000000         0.2000000000          1.000000000         0.8358167820E-04     0.1839113963E-01     0.1777777734         0.7687685929         0.1000000000         0.2000000000    
     1.000000000         0.8302510579E-03     0.1105711170E-01     0.2000000000         0.6486486395         0.1000000000         0.2000000000          1.000000000         0.2704865332E-03     0.3117947958E-04
    0.3585762960E-04     0.6878650863E-03     0.1000000000         0.2000000000          1.000000000         0.6372176951E-04     0.1404848580E-02     0.4616975327E-02     0.2348232385E-02     0.1000000000    
    0.2000000000          1.000000000    
 

 INTERMEDIATE RESULTS BEFORE NEXT TEMPERATURE REDUCTION

  CURRENT TEMPERATURE:             0.15892E-03
  MIN FUNCTION VALUE SO FAR:   0.363364049030499014E-01
  TOTAL MOVES:                    3360
     DOWNHILL:                    1862
     ACCEPTED UPHILL:              413
     REJECTED UPHILL:             1085
  TRIALS OUT OF BOUNDS:            800
  NEW MINIMA THIS TEMPERATURE:       2

                         CURRENT OPTIMAL X
    0.6866582505         0.7603317018E-02     0.1281456542         0.9193760505         0.7683030963E-01     0.2489969492         0.8802618980         0.6927167615         0.3573560384E-01     0.1925069015    
    0.9005628292         0.3816913962E-01     0.2307669163         0.4300710559         0.8765941540         0.7195660443E-01     0.2902998866         0.4492788911         0.3101721406E-01     0.1751646519    
    0.7898715138         0.9917789878E-02     0.5649026483E-01     0.2494239450         0.3515300191         0.1614419222E-01     0.1628005624         0.2502687573         0.8243153644         0.6709230581E-02
    0.1157269647         0.1126582980E-01     0.4975260496E-01     0.1011058450         0.7017547488         0.3899521504E-01     0.1866812455E-01     0.1818547828         0.8441738161E-02     0.6106311083E-01
    0.2377774477         0.9586364031E-01

                         STEP LENGTH (VM)
    0.8286068928E-04     0.1116411239E-03     0.1550710626E-03     0.9960167425E-03     0.1000000000         0.2000000000          1.000000000         0.1176503316E-04     0.4178789860E-03     0.3818173960E-02
    0.1103109536E-01     0.1000000000         0.2000000000          1.000000000         0.2519257898E-04     0.2483455976E-02     0.2537400739E-01     0.1697568469         0.1000000000         0.2000000000    
     1.000000000         0.8591670194E-04     0.3907396879E-02     0.7505036879E-01     0.5714285653         0.1000000000         0.2000000000          1.000000000         0.1825481054E-04     0.1317134670E-05
    0.3306544637E-05     0.2755486828E-04     0.1000000000         0.2000000000          1.000000000         0.2583072547E-05     0.3758742178E-03     0.6313810717E-03     0.7757550726E-03     0.1000000000    
    0.2000000000          1.000000000    
 

 INTERMEDIATE RESULTS BEFORE NEXT TEMPERATURE REDUCTION

  CURRENT TEMPERATURE:             0.11919E-03
  MIN FUNCTION VALUE SO FAR:   0.363054122992127679E-01
  TOTAL MOVES:                    3360
     DOWNHILL:                    1935
     ACCEPTED UPHILL:              476
     REJECTED UPHILL:              949
  TRIALS OUT OF BOUNDS:            798
  NEW MINIMA THIS TEMPERATURE:       1

                         CURRENT OPTIMAL X
    0.6866651727         0.7876644915E-02     0.1271119978         0.9171179141         0.7821852565E-01     0.1796543837         0.1950182915         0.6927637863         0.3740566758E-01     0.1940499099    
    0.8698596252         0.2234512568E-02     0.2636618137         0.8004883528         0.8766363196         0.9553941019E-01     0.2248499513         0.7624515891         0.1941514015E-01     0.2060765743    
    0.2534154058         0.9846531836E-02     0.4675675902E-01     0.2410403740         0.1627005901         0.8957409263E-01     0.1697721601         0.3683982491         0.8243066052         0.6727945365E-02
    0.1157309964         0.1110043577E-01     0.1029883027E-01     0.1539762497         0.8350646496         0.3899846607E-01     0.1811519554E-01     0.1700253612         0.1089190814E-01     0.4698777199E-02
    0.2981027365         0.7953665257    

                         STEP LENGTH (VM)
    0.1050433065E-04     0.2007987887E-03     0.1157517309E-02     0.3117517415E-02     0.1000000000         0.2000000000          1.000000000         0.1202628578E-05     0.2210514257E-02     0.1049272398E-01
    0.3656941646E-01     0.1000000000         0.2000000000          1.000000000         0.6751469722E-05     0.7849132939E-02     0.9551715398E-01     0.8486519289E-01     0.1000000000         0.2000000000    
     1.000000000         0.1209898933E-04     0.1540286718E-02     0.2221400916E-01     0.8229262247E-02     0.1000000000         0.2000000000          1.000000000         0.1898693481E-05     0.6183563414E-05
    0.8965968765E-05     0.1526997868E-03     0.1000000000         0.2000000000          1.000000000         0.1838558607E-06     0.2377322593E-03     0.8832573091E-03     0.5062902667E-03     0.1000000000    
    0.2000000000          1.000000000    
 

 INTERMEDIATE RESULTS BEFORE NEXT TEMPERATURE REDUCTION

  CURRENT TEMPERATURE:             0.89392E-04
  MIN FUNCTION VALUE SO FAR:   0.362901337136600222E-01
  TOTAL MOVES:                    3360
     DOWNHILL:                    1938
     ACCEPTED UPHILL:              500
     REJECTED UPHILL:              922
  TRIALS OUT OF BOUNDS:            810
  NEW MINIMA THIS TEMPERATURE:       3

                         CURRENT OPTIMAL X
    0.6866660179         0.8418872261E-02     0.1235614626         0.9273337214         0.1816421747E-01     0.1022463322         0.6827746630         0.6927649680         0.3897522579E-01     0.1864776658    
    0.9033097570         0.5742800236E-02     0.1546273470         0.4606885314         0.8766342162         0.7644986120E-01     0.2622792125         0.4729703665         0.4640184045E-01     0.2690404415    
    0.9467350841         0.9871803861E-02     0.3886148708E-01     0.2545375537         0.6096589385E-01     0.3915166855E-01     0.1922293544         0.8162307739         0.8243068692         0.6720876879E-02
    0.1157555458         0.1109398509E-01     0.4493058324E-01     0.1188226342         0.2758996487         0.3899831177E-01     0.1820615410E-01     0.1719745122         0.9303731157E-02     0.2388248444E-01
    0.1300154448         0.2905582190    

                         STEP LENGTH (VM)
    0.3245675670E-05     0.1539476699E-03     0.4393462181E-03     0.2463222674E-02     0.1000000000         0.2000000000          1.000000000         0.5011155326E-06     0.8871512467E-03     0.6049856484E-02
    0.2340141570E-01     0.1000000000         0.2000000000          1.000000000         0.1818491261E-05     0.3623958449E-01     0.2000000000          1.000000000         0.1000000000         0.2000000000    
     1.000000000         0.5880216368E-05     0.1622688442E-02     0.1967356926E-01     0.1093739170E-01     0.1000000000         0.2000000000          1.000000000         0.9179391883E-06     0.2491833392E-05
    0.8078475986E-05     0.8043443134E-04     0.1000000000         0.2000000000          1.000000000         0.1006237432E-06     0.3233460479E-03     0.7638979809E-03     0.3064072394E-03     0.1000000000    
    0.2000000000          1.000000000    
 

  SA ACHIEVED TERMINATION CRITERIA. IER = 0. 


  ****   RESULTS AFTER SA   ****   

                         SOLUTION
    0.6866660179         0.8418872261E-02     0.1235614626         0.9273337214         0.1816421747E-01     0.1022463322         0.6827746630         0.6927649680         0.3897522579E-01     0.1864776658    
    0.9033097570         0.5742800236E-02     0.1546273470         0.4606885314         0.8766342162         0.7644986120E-01     0.2622792125         0.4729703665         0.4640184045E-01     0.2690404415    
    0.9467350841         0.9871803861E-02     0.3886148708E-01     0.2545375537         0.6096589385E-01     0.3915166855E-01     0.1922293544         0.8162307739         0.8243068692         0.6720876879E-02
    0.1157555458         0.1109398509E-01     0.4493058324E-01     0.1188226342         0.2758996487         0.3899831177E-01     0.1820615410E-01     0.1719745122         0.9303731157E-02     0.2388248444E-01
    0.1300154448         0.2905582190    

                         FINAL STEP LENGTH
    0.3245675670E-05     0.1539476699E-03     0.4393462181E-03     0.2463222674E-02     0.1000000000         0.2000000000          1.000000000         0.5011155326E-06     0.8871512467E-03     0.6049856484E-02
    0.2340141570E-01     0.1000000000         0.2000000000          1.000000000         0.1818491261E-05     0.3623958449E-01     0.2000000000          1.000000000         0.1000000000         0.2000000000    
     1.000000000         0.5880216368E-05     0.1622688442E-02     0.1967356926E-01     0.1093739170E-01     0.1000000000         0.2000000000          1.000000000         0.9179391883E-06     0.2491833392E-05
    0.8078475986E-05     0.8043443134E-04     0.1000000000         0.2000000000          1.000000000         0.1006237432E-06     0.3233460479E-03     0.7638979809E-03     0.3064072394E-03     0.1000000000    
    0.2000000000          1.000000000    

 OPTIMAL FUNCTION VALUE:  0.3629013371366E-01
 NUMBER OF FUNCTION EVALUATIONS:         131041
 NUMBER OF ACCEPTED EVALUATIONS:         112227
 NUMBER OF OUT OF BOUND EVALUATIONS:      54143
 FINAL TEMP:  0.8939186810344E-04  IER:   0
