 SIMULATED PARALLEL ANNEALING by NEIGHBORHOOD EXAMPLE

 NUMBER OF PARAMETERS:  42   MAXIMAZATION:     F
 INITIAL TEMP:  5.0       RT: 0.75       EPS: 0.10E-02
 NS:  24   NT:   5   NEPS:  4
 MAXEVL:  100000000   IPRINT: 1   ISEED1:    7 ISEED2:    8

                         STARTING VALUES
    0.9997802681         0.2555551997E-01     0.2999013706         0.5828863683         0.7701531773E-01     0.2520738662         0.8080131942         0.5091083687         0.3121353585E-01     0.1180079032    
    0.2166392534         0.6728616983E-01     0.9862249140E-01     0.9669042510         0.9998939483         0.9651598616E-01     0.1354495206         0.9994500895         0.8005210174E-01     0.1571365833    
    0.8350828879         0.1773655526E-02     0.7146139492E-01     0.2705945473         0.6230793022         0.5836240996E-01     0.1103082783         0.3566499992         0.6447583646         0.3790641687E-01
    0.2367200063         0.3641051627         0.7172897549E-01     0.2506643151         0.6646003966         0.1437842170E-01     0.4269932246E-01     0.1048693579         0.4459303517         0.3486350299E-01
    0.4774862043         0.1222626900    

                         INITIAL STEP LENGTH
    0.2001757855         0.1022220799E-01     0.1199605482         0.2331545473         0.3080612709E-01     0.1008295465         0.3232052777         0.2036433475         0.1248541434E-01     0.4720316128E-01
    0.8665570136E-01     0.2691446793E-01     0.3944899656E-01     0.2264765992         0.2000848414         0.3860639446E-01     0.5417980824E-01     0.2004399284         0.3202084070E-01     0.6285463332E-01
    0.3319336897         0.7094622104E-03     0.2858455797E-01     0.1082378189         0.2492317209         0.2334496398E-01     0.4412331132E-01     0.1426599997         0.2579033458         0.1516256675E-01
    0.9468800252E-01     0.1456420651         0.2869159020E-01     0.1002657260         0.2658401586         0.5751368680E-02     0.1707972898E-01     0.4194774316E-01     0.1783721407         0.1394540120E-01
    0.1909944817         0.4890507600E-01

                         LOWER BOUND
    0.7998242145         0.2044441598E-01     0.2399210965         0.4663090946         0.6161225418E-01     0.2016590930         0.6464105554         0.4072866950         0.2497082868E-01     0.1000000000    
    0.1733114027         0.5382893586E-01     0.7889799312E-01     0.7735234008         0.7999151586         0.7721278893E-01     0.1083596165         0.7995600716         0.6404168139E-01     0.1257092666    
    0.6680663103         0.1418924421E-02     0.5716911594E-01     0.2164756378         0.4984634418         0.4668992797E-01     0.8824662264E-01     0.2853199994         0.5158066917         0.3032513350E-01
    0.1893760050         0.2912841302         0.5738318039E-01     0.2005314521         0.5316803173         0.1150273736E-01     0.3415945797E-01     0.1000000000         0.3567442814         0.2789080239E-01
    0.3819889634         0.9781015200E-01

                         UPPER BOUND
     1.000000000         0.3066662396E-01     0.3598816447         0.6994636420         0.9241838128E-01     0.3024886394         0.9696158330         0.6109300424         0.3745624302E-01     0.1416094838    
    0.2599671041         0.8074340380E-01     0.1183469897          1.000000000          1.000000000         0.1158191834         0.1625394247          1.000000000         0.9606252209E-01     0.1885639000    
     1.000000000         0.2128386631E-02     0.8575367390E-01     0.3247134568         0.7476951626         0.7003489195E-01     0.1323699340         0.4279799990         0.7737100375         0.4548770024E-01
    0.2840640076         0.4369261952         0.8607477059E-01     0.3007971781         0.7975204759         0.1725410604E-01     0.5123918695E-01     0.1258432295         0.5351164220         0.4183620359E-01
    0.5729834452         0.1467152280    

                         C VECTOR
     2.000000000          2.000000000          2.000000000          2.000000000          2.000000000          2.000000000          2.000000000          2.000000000          2.000000000          2.000000000    
     2.000000000          2.000000000          2.000000000          2.000000000          2.000000000          2.000000000          2.000000000          2.000000000          2.000000000          2.000000000    
     2.000000000          2.000000000          2.000000000          2.000000000          2.000000000          2.000000000          2.000000000          2.000000000          2.000000000          2.000000000    
     2.000000000          2.000000000          2.000000000          2.000000000          2.000000000          2.000000000          2.000000000          2.000000000          2.000000000          2.000000000    
     2.000000000          2.000000000    

  ****   END OF DRIVER ROUTINE OUTPUT   ****
  ****   BEFORE CALL TO SA.             ****
  

                         INITIAL X
    0.9997802681         0.2555551997E-01     0.2999013706         0.5828863683         0.7701531773E-01     0.2520738662         0.8080131942         0.5091083687         0.3121353585E-01     0.1180079032    
    0.2166392534         0.6728616983E-01     0.9862249140E-01     0.9669042510         0.9998939483         0.9651598616E-01     0.1354495206         0.9994500895         0.8005210174E-01     0.1571365833    
    0.8350828879         0.1773655526E-02     0.7146139492E-01     0.2705945473         0.6230793022         0.5836240996E-01     0.1103082783         0.3566499992         0.6447583646         0.3790641687E-01
    0.2367200063         0.3641051627         0.7172897549E-01     0.2506643151         0.6646003966         0.1437842170E-01     0.4269932246E-01     0.1048693579         0.4459303517         0.3486350299E-01
    0.4774862043         0.1222626900    
  INITIAL F: 
 0.239454982070245945E-01

 INTERMEDIATE RESULTS BEFORE NEXT TEMPERATURE REDUCTION

  CURRENT TEMPERATURE:              5.0000    
  MIN FUNCTION VALUE SO FAR:   0.141177348588981486E-01
  TOTAL MOVES:                     840
     DOWNHILL:                     644
     ACCEPTED UPHILL:              192
     REJECTED UPHILL:                4
  TRIALS OUT OF BOUNDS:            447
  NEW MINIMA THIS TEMPERATURE:       0

                         CURRENT OPTIMAL X
    0.9607177767         0.2995423292E-01     0.2999013706         0.5828863683         0.7701531773E-01     0.2520738662         0.8080131942         0.5091083687         0.3121353585E-01     0.1180079032    
    0.2166392534         0.6728616983E-01     0.9862249140E-01     0.9669042510         0.9998939483         0.9651598616E-01     0.1354495206         0.9994500895         0.8005210174E-01     0.1571365833    
    0.8350828879         0.1773655526E-02     0.7146139492E-01     0.2705945473         0.6230793022         0.5836240996E-01     0.1103082783         0.3566499992         0.6447583646         0.3790641687E-01
    0.2367200063         0.3641051627         0.7172897549E-01     0.2506643151         0.6646003966         0.1437842170E-01     0.4269932246E-01     0.1048693579         0.4459303517         0.3486350299E-01
    0.4774862043         0.1222626900    

                         STEP LENGTH (VM)
    0.2001757855         0.1022220799E-01     0.1199605482         0.2331545473         0.3080612709E-01     0.1008295465         0.3232052777         0.2036433475         0.1248541434E-01     0.4160948384E-01
    0.8665570136E-01     0.2691446793E-01     0.3944899656E-01     0.2264765992         0.2000848414         0.3860639446E-01     0.5417980824E-01     0.2004399284         0.3202084070E-01     0.6285463332E-01
    0.3319336897         0.7094622104E-03     0.2858455797E-01     0.1082378189         0.2492317209         0.2334496398E-01     0.4412331132E-01     0.1426599997         0.2579033458         0.1516256675E-01
    0.9468800252E-01     0.1456420651         0.2869159020E-01     0.1002657260         0.2658401586         0.5751368680E-02     0.1707972898E-01     0.2584322948E-01     0.1783721407         0.1394540120E-01
    0.1909944817         0.4890507600E-01
 

 INTERMEDIATE RESULTS BEFORE NEXT TEMPERATURE REDUCTION

  CURRENT TEMPERATURE:              3.7500    
  MIN FUNCTION VALUE SO FAR:   0.927700732764170574E-02
  TOTAL MOVES:                     840
     DOWNHILL:                     650
     ACCEPTED UPHILL:              189
     REJECTED UPHILL:                1
  TRIALS OUT OF BOUNDS:            435
  NEW MINIMA THIS TEMPERATURE:       0

                         CURRENT OPTIMAL X
    0.9747802280         0.3022279319E-01     0.2523131183         0.5729811868         0.7701531773E-01     0.2520738662         0.8080131942         0.5091083687         0.3121353585E-01     0.1180079032    
    0.2166392534         0.6728616983E-01     0.9862249140E-01     0.9669042510         0.9998939483         0.9651598616E-01     0.1354495206         0.9994500895         0.8005210174E-01     0.1571365833    
    0.8350828879         0.1773655526E-02     0.7146139492E-01     0.2705945473         0.6230793022         0.5836240996E-01     0.1103082783         0.3566499992         0.6447583646         0.3790641687E-01
    0.2367200063         0.3641051627         0.7172897549E-01     0.2506643151         0.6646003966         0.1437842170E-01     0.4269932246E-01     0.1048693579         0.4459303517         0.3486350299E-01
    0.4774862043         0.1222626900    

                         STEP LENGTH (VM)
    0.2001757855         0.1022220799E-01     0.1199605482         0.2331545473         0.3080612709E-01     0.1008295465         0.3232052777         0.2036433475         0.1248541434E-01     0.4160948384E-01
    0.8665570136E-01     0.2691446793E-01     0.3944899656E-01     0.2264765992         0.2000848414         0.3860639446E-01     0.5417980824E-01     0.2004399284         0.3202084070E-01     0.6285463332E-01
    0.3319336897         0.7094622104E-03     0.2858455797E-01     0.1082378189         0.2492317209         0.2334496398E-01     0.4412331132E-01     0.1426599997         0.2579033458         0.1516256675E-01
    0.9468800252E-01     0.1456420651         0.2869159020E-01     0.1002657260         0.2658401586         0.5751368680E-02     0.1707972898E-01     0.2584322948E-01     0.1783721407         0.1394540120E-01
    0.1909944817         0.4890507600E-01
 

 INTERMEDIATE RESULTS BEFORE NEXT TEMPERATURE REDUCTION

  CURRENT TEMPERATURE:              2.8125    
  MIN FUNCTION VALUE SO FAR:   0.927700732764170574E-02
  TOTAL MOVES:                     840
     DOWNHILL:                     645
     ACCEPTED UPHILL:              194
     REJECTED UPHILL:                1
  TRIALS OUT OF BOUNDS:            428
  NEW MINIMA THIS TEMPERATURE:       0

                         CURRENT OPTIMAL X
    0.9747802280         0.3022279319E-01     0.2523131183         0.5729811868         0.7701531773E-01     0.2520738662         0.8080131942         0.5091083687         0.3121353585E-01     0.1180079032    
    0.2166392534         0.6728616983E-01     0.9862249140E-01     0.9669042510         0.9998939483         0.9651598616E-01     0.1354495206         0.9994500895         0.8005210174E-01     0.1571365833    
    0.8350828879         0.1773655526E-02     0.7146139492E-01     0.2705945473         0.6230793022         0.5836240996E-01     0.1103082783         0.3566499992         0.6447583646         0.3790641687E-01
    0.2367200063         0.3641051627         0.7172897549E-01     0.2506643151         0.6646003966         0.1437842170E-01     0.4269932246E-01     0.1048693579         0.4459303517         0.3486350299E-01
    0.4774862043         0.1222626900    

                         STEP LENGTH (VM)
    0.2001757855         0.1022220799E-01     0.1199605482         0.2331545473         0.3080612709E-01     0.1008295465         0.3232052777         0.2036433475         0.1248541434E-01     0.4160948384E-01
    0.8665570136E-01     0.2691446793E-01     0.3944899656E-01     0.2264765992         0.2000848414         0.3860639446E-01     0.5417980824E-01     0.2004399284         0.3202084070E-01     0.6285463332E-01
    0.3319336897         0.7094622104E-03     0.2858455797E-01     0.1082378189         0.2492317209         0.2334496398E-01     0.4412331132E-01     0.1426599997         0.2579033458         0.1516256675E-01
    0.9468800252E-01     0.1456420651         0.2869159020E-01     0.1002657260         0.2658401586         0.5751368680E-02     0.1707972898E-01     0.2584322948E-01     0.1783721407         0.1394540120E-01
    0.1909944817         0.4890507600E-01
 

 INTERMEDIATE RESULTS BEFORE NEXT TEMPERATURE REDUCTION

  CURRENT TEMPERATURE:              2.1094    
  MIN FUNCTION VALUE SO FAR:   0.654500907225060054E-02
  TOTAL MOVES:                     840
     DOWNHILL:                     640
     ACCEPTED UPHILL:              195
     REJECTED UPHILL:                5
  TRIALS OUT OF BOUNDS:            429
  NEW MINIMA THIS TEMPERATURE:       0

                         CURRENT OPTIMAL X
    0.9868891023         0.2325380717E-01     0.3424878394         0.5785876080         0.7776747736E-01     0.2632212563         0.6696937118         0.5091083687         0.2701023015E-01     0.1050081339    
    0.2166392534         0.6728616983E-01     0.9862249140E-01     0.9669042510         0.9998939483         0.9651598616E-01     0.1354495206         0.9994500895         0.8005210174E-01     0.1571365833    
    0.8350828879         0.1773655526E-02     0.7146139492E-01     0.2705945473         0.6230793022         0.5836240996E-01     0.1103082783         0.3566499992         0.6447583646         0.3790641687E-01
    0.2367200063         0.3641051627         0.7172897549E-01     0.2506643151         0.6646003966         0.1437842170E-01     0.4269932246E-01     0.1048693579         0.4459303517         0.3486350299E-01
    0.4774862043         0.1222626900    

                         STEP LENGTH (VM)
    0.2001757855         0.1022220799E-01     0.1199605482         0.2331545473         0.3080612709E-01     0.1008295465         0.3232052777         0.2036433475         0.1248541434E-01     0.4160948384E-01
    0.8665570136E-01     0.2691446793E-01     0.3944899656E-01     0.2264765992         0.2000848414         0.3860639446E-01     0.5417980824E-01     0.2004399284         0.3202084070E-01     0.6285463332E-01
    0.3319336897         0.7094622104E-03     0.2858455797E-01     0.1082378189         0.2492317209         0.2334496398E-01     0.4412331132E-01     0.1426599997         0.2579033458         0.1516256675E-01
    0.9468800252E-01     0.1456420651         0.2869159020E-01     0.1002657260         0.2658401586         0.5751368680E-02     0.1707972898E-01     0.2584322948E-01     0.1783721407         0.1394540120E-01
    0.1909944817         0.4890507600E-01
 

 INTERMEDIATE RESULTS BEFORE NEXT TEMPERATURE REDUCTION

  CURRENT TEMPERATURE:              1.5820    
  MIN FUNCTION VALUE SO FAR:   0.654500907225060054E-02
  TOTAL MOVES:                     840
     DOWNHILL:                     646
     ACCEPTED UPHILL:              183
     REJECTED UPHILL:               11
  TRIALS OUT OF BOUNDS:            382
  NEW MINIMA THIS TEMPERATURE:       0

                         CURRENT OPTIMAL X
    0.9868891023         0.2325380717E-01     0.3424878394         0.5785876080         0.7776747736E-01     0.2632212563         0.6696937118         0.5091083687         0.2701023015E-01     0.1050081339    
    0.2166392534         0.6728616983E-01     0.9862249140E-01     0.9669042510         0.9998939483         0.9651598616E-01     0.1354495206         0.9994500895         0.8005210174E-01     0.1571365833    
    0.8350828879         0.1773655526E-02     0.7146139492E-01     0.2705945473         0.6230793022         0.5836240996E-01     0.1103082783         0.3566499992         0.6447583646         0.3790641687E-01
    0.2367200063         0.3641051627         0.7172897549E-01     0.2506643151         0.6646003966         0.1437842170E-01     0.4269932246E-01     0.1048693579         0.4459303517         0.3486350299E-01
    0.4774862043         0.1222626900    

                         STEP LENGTH (VM)
    0.2001757855         0.1022220799E-01     0.1199605482         0.2331545473         0.3080612709E-01     0.1008295465         0.3232052777         0.2036433475         0.1248541434E-01     0.4160948384E-01
    0.8665570136E-01     0.2691446793E-01     0.3944899656E-01     0.2264765992         0.2000848414         0.3860639446E-01     0.5417980824E-01     0.2004399284         0.3202084070E-01     0.6285463332E-01
    0.3319336897         0.7094622104E-03     0.2858455797E-01     0.1082378189         0.2492317209         0.2334496398E-01     0.4412331132E-01     0.1426599997         0.2579033458         0.1516256675E-01
    0.9468800252E-01     0.1456420651         0.2869159020E-01     0.1002657260         0.2658401586         0.5751368680E-02     0.1707972898E-01     0.2584322948E-01     0.1783721407         0.1394540120E-01
    0.1909944817         0.4890507600E-01
 

 INTERMEDIATE RESULTS BEFORE NEXT TEMPERATURE REDUCTION

  CURRENT TEMPERATURE:              1.1865    
  MIN FUNCTION VALUE SO FAR:   0.379014828493161272E-02
  TOTAL MOVES:                     840
     DOWNHILL:                     634
     ACCEPTED UPHILL:              202
     REJECTED UPHILL:                4
  TRIALS OUT OF BOUNDS:            448
  NEW MINIMA THIS TEMPERATURE:       0

                         CURRENT OPTIMAL X
    0.9935116056         0.2325380717E-01     0.3424878394         0.5785876080         0.7776747736E-01     0.2632212563         0.6696937118         0.5091083687         0.2701023015E-01     0.1050081339    
    0.2166392534         0.6728616983E-01     0.9862249140E-01     0.9669042510         0.9998939483         0.9651598616E-01     0.1354495206         0.9994500895         0.8005210174E-01     0.1571365833    
    0.8350828879         0.1773655526E-02     0.7146139492E-01     0.2705945473         0.6230793022         0.5836240996E-01     0.1103082783         0.3566499992         0.6447583646         0.3790641687E-01
    0.2367200063         0.3641051627         0.7172897549E-01     0.2506643151         0.6646003966         0.1437842170E-01     0.4269932246E-01     0.1048693579         0.4459303517         0.3486350299E-01
    0.4774862043         0.1222626900    

                         STEP LENGTH (VM)
    0.2001757855         0.1022220799E-01     0.1199605482         0.2331545473         0.3080612709E-01     0.1008295465         0.3232052777         0.2036433475         0.1248541434E-01     0.4160948384E-01
    0.8665570136E-01     0.2691446793E-01     0.3944899656E-01     0.2264765992         0.2000848414         0.3860639446E-01     0.5417980824E-01     0.2004399284         0.3202084070E-01     0.6285463332E-01
    0.3319336897         0.7094622104E-03     0.2858455797E-01     0.1082378189         0.2492317209         0.2334496398E-01     0.4412331132E-01     0.1426599997         0.2579033458         0.1516256675E-01
    0.9468800252E-01     0.1456420651         0.2869159020E-01     0.1002657260         0.2658401586         0.5751368680E-02     0.1707972898E-01     0.2584322948E-01     0.1783721407         0.1394540120E-01
    0.1909944817         0.4890507600E-01
 

 INTERMEDIATE RESULTS BEFORE NEXT TEMPERATURE REDUCTION

  CURRENT TEMPERATURE:             0.88989    
  MIN FUNCTION VALUE SO FAR:   0.379014828493161272E-02
  TOTAL MOVES:                     840
     DOWNHILL:                     635
     ACCEPTED UPHILL:              191
     REJECTED UPHILL:               14
  TRIALS OUT OF BOUNDS:            412
  NEW MINIMA THIS TEMPERATURE:       0

                         CURRENT OPTIMAL X
    0.9935116056         0.2325380717E-01     0.3424878394         0.5785876080         0.7776747736E-01     0.2632212563         0.6696937118         0.5091083687         0.2701023015E-01     0.1050081339    
    0.2166392534         0.6728616983E-01     0.9862249140E-01     0.9669042510         0.9998939483         0.9651598616E-01     0.1354495206         0.9994500895         0.8005210174E-01     0.1571365833    
    0.8350828879         0.1773655526E-02     0.7146139492E-01     0.2705945473         0.6230793022         0.5836240996E-01     0.1103082783         0.3566499992         0.6447583646         0.3790641687E-01
    0.2367200063         0.3641051627         0.7172897549E-01     0.2506643151         0.6646003966         0.1437842170E-01     0.4269932246E-01     0.1048693579         0.4459303517         0.3486350299E-01
    0.4774862043         0.1222626900    

                         STEP LENGTH (VM)
    0.2001757855         0.1022220799E-01     0.1199605482         0.2331545473         0.3080612709E-01     0.1008295465         0.3232052777         0.2036433475         0.1248541434E-01     0.4160948384E-01
    0.8665570136E-01     0.2691446793E-01     0.3944899656E-01     0.2264765992         0.2000848414         0.3860639446E-01     0.5417980824E-01     0.2004399284         0.3202084070E-01     0.6285463332E-01
    0.3319336897         0.7094622104E-03     0.2858455797E-01     0.1082378189         0.2492317209         0.2334496398E-01     0.4412331132E-01     0.1426599997         0.2579033458         0.1516256675E-01
    0.9468800252E-01     0.1456420651         0.2869159020E-01     0.1002657260         0.2658401586         0.5751368680E-02     0.1707972898E-01     0.2584322948E-01     0.1783721407         0.1394540120E-01
    0.1909944817         0.4890507600E-01
 

 INTERMEDIATE RESULTS BEFORE NEXT TEMPERATURE REDUCTION

  CURRENT TEMPERATURE:             0.66742    
  MIN FUNCTION VALUE SO FAR:   0.379014828493161272E-02
  TOTAL MOVES:                     840
     DOWNHILL:                     654
     ACCEPTED UPHILL:              175
     REJECTED UPHILL:               11
  TRIALS OUT OF BOUNDS:            418
  NEW MINIMA THIS TEMPERATURE:       0

                         CURRENT OPTIMAL X
    0.9935116056         0.2325380717E-01     0.3424878394         0.5785876080         0.7776747736E-01     0.2632212563         0.6696937118         0.5091083687         0.2701023015E-01     0.1050081339    
    0.2166392534         0.6728616983E-01     0.9862249140E-01     0.9669042510         0.9998939483         0.9651598616E-01     0.1354495206         0.9994500895         0.8005210174E-01     0.1571365833    
    0.8350828879         0.1773655526E-02     0.7146139492E-01     0.2705945473         0.6230793022         0.5836240996E-01     0.1103082783         0.3566499992         0.6447583646         0.3790641687E-01
    0.2367200063         0.3641051627         0.7172897549E-01     0.2506643151         0.6646003966         0.1437842170E-01     0.4269932246E-01     0.1048693579         0.4459303517         0.3486350299E-01
    0.4774862043         0.1222626900    

                         STEP LENGTH (VM)
    0.2001757855         0.1022220799E-01     0.1199605482         0.2331545473         0.3080612709E-01     0.1008295465         0.3232052777         0.2036433475         0.1248541434E-01     0.4160948384E-01
    0.8665570136E-01     0.2691446793E-01     0.3944899656E-01     0.2264765992         0.2000848414         0.3860639446E-01     0.5417980824E-01     0.2004399284         0.3202084070E-01     0.6285463332E-01
    0.3319336897         0.7094622104E-03     0.2858455797E-01     0.1082378189         0.2492317209         0.2334496398E-01     0.4412331132E-01     0.1426599997         0.2579033458         0.1516256675E-01
    0.9468800252E-01     0.1456420651         0.2869159020E-01     0.1002657260         0.2658401586         0.5751368680E-02     0.1707972898E-01     0.2584322948E-01     0.1783721407         0.1394540120E-01
    0.1909944817         0.4890507600E-01
 

 INTERMEDIATE RESULTS BEFORE NEXT TEMPERATURE REDUCTION

  CURRENT TEMPERATURE:             0.50056    
  MIN FUNCTION VALUE SO FAR:   0.379014828493161272E-02
  TOTAL MOVES:                     840
     DOWNHILL:                     646
     ACCEPTED UPHILL:              169
     REJECTED UPHILL:               25
  TRIALS OUT OF BOUNDS:            424
  NEW MINIMA THIS TEMPERATURE:       0

                         CURRENT OPTIMAL X
    0.9935116056         0.2325380717E-01     0.3424878394         0.5785876080         0.7776747736E-01     0.2632212563         0.6696937118         0.5091083687         0.2701023015E-01     0.1050081339    
    0.2166392534         0.6728616983E-01     0.9862249140E-01     0.9669042510         0.9998939483         0.9651598616E-01     0.1354495206         0.9994500895         0.8005210174E-01     0.1571365833    
    0.8350828879         0.1773655526E-02     0.7146139492E-01     0.2705945473         0.6230793022         0.5836240996E-01     0.1103082783         0.3566499992         0.6447583646         0.3790641687E-01
    0.2367200063         0.3641051627         0.7172897549E-01     0.2506643151         0.6646003966         0.1437842170E-01     0.4269932246E-01     0.1048693579         0.4459303517         0.3486350299E-01
    0.4774862043         0.1222626900    

                         STEP LENGTH (VM)
    0.2001757855         0.1022220799E-01     0.1199605482         0.2331545473         0.3080612709E-01     0.1008295465         0.3232052777         0.2036433475         0.1248541434E-01     0.4160948384E-01
    0.8665570136E-01     0.2691446793E-01     0.3944899656E-01     0.2264765992         0.2000848414         0.3860639446E-01     0.5417980824E-01     0.2004399284         0.3202084070E-01     0.6285463332E-01
    0.3319336897         0.7094622104E-03     0.2858455797E-01     0.1082378189         0.2492317209         0.2334496398E-01     0.4412331132E-01     0.1426599997         0.2579033458         0.1516256675E-01
    0.9468800252E-01     0.1456420651         0.2869159020E-01     0.1002657260         0.2658401586         0.5751368680E-02     0.1707972898E-01     0.2584322948E-01     0.1783721407         0.1394540120E-01
    0.1909944817         0.4890507600E-01
 

 INTERMEDIATE RESULTS BEFORE NEXT TEMPERATURE REDUCTION

  CURRENT TEMPERATURE:             0.37542    
  MIN FUNCTION VALUE SO FAR:   0.379014828493161272E-02
  TOTAL MOVES:                     840
     DOWNHILL:                     648
     ACCEPTED UPHILL:              175
     REJECTED UPHILL:               17
  TRIALS OUT OF BOUNDS:            435
  NEW MINIMA THIS TEMPERATURE:       0

                         CURRENT OPTIMAL X
    0.9935116056         0.2325380717E-01     0.3424878394         0.5785876080         0.7776747736E-01     0.2632212563         0.6696937118         0.5091083687         0.2701023015E-01     0.1050081339    
    0.2166392534         0.6728616983E-01     0.9862249140E-01     0.9669042510         0.9998939483         0.9651598616E-01     0.1354495206         0.9994500895         0.8005210174E-01     0.1571365833    
    0.8350828879         0.1773655526E-02     0.7146139492E-01     0.2705945473         0.6230793022         0.5836240996E-01     0.1103082783         0.3566499992         0.6447583646         0.3790641687E-01
    0.2367200063         0.3641051627         0.7172897549E-01     0.2506643151         0.6646003966         0.1437842170E-01     0.4269932246E-01     0.1048693579         0.4459303517         0.3486350299E-01
    0.4774862043         0.1222626900    

                         STEP LENGTH (VM)
    0.2001757855         0.1022220799E-01     0.1199605482         0.2331545473         0.3080612709E-01     0.1008295465         0.3232052777         0.2036433475         0.1248541434E-01     0.4160948384E-01
    0.8665570136E-01     0.2691446793E-01     0.3944899656E-01     0.2264765992         0.2000848414         0.3860639446E-01     0.5417980824E-01     0.2004399284         0.3202084070E-01     0.6285463332E-01
    0.3319336897         0.7094622104E-03     0.2858455797E-01     0.1082378189         0.2492317209         0.2334496398E-01     0.4412331132E-01     0.1426599997         0.2579033458         0.1516256675E-01
    0.9468800252E-01     0.1456420651         0.2869159020E-01     0.1002657260         0.2658401586         0.5751368680E-02     0.1707972898E-01     0.2584322948E-01     0.1783721407         0.1394540120E-01
    0.1909944817         0.4890507600E-01
 

 INTERMEDIATE RESULTS BEFORE NEXT TEMPERATURE REDUCTION

  CURRENT TEMPERATURE:             0.28157    
  MIN FUNCTION VALUE SO FAR:   0.303851686245595626E-02
  TOTAL MOVES:                     840
     DOWNHILL:                     636
     ACCEPTED UPHILL:              180
     REJECTED UPHILL:               24
  TRIALS OUT OF BOUNDS:            418
  NEW MINIMA THIS TEMPERATURE:       0

                         CURRENT OPTIMAL X
    0.9930156648         0.2988137937E-01     0.2642096522         0.6217216862         0.7776747736E-01     0.2632212563         0.6696937118         0.5091083687         0.2701023015E-01     0.1050081339    
    0.2166392534         0.6728616983E-01     0.9862249140E-01     0.9669042510         0.9998939483         0.9651598616E-01     0.1354495206         0.9994500895         0.8005210174E-01     0.1571365833    
    0.8350828879         0.1773655526E-02     0.7146139492E-01     0.2705945473         0.6230793022         0.5836240996E-01     0.1103082783         0.3566499992         0.6447583646         0.3790641687E-01
    0.2367200063         0.3641051627         0.7172897549E-01     0.2506643151         0.6646003966         0.1437842170E-01     0.4269932246E-01     0.1048693579         0.4459303517         0.3486350299E-01
    0.4774862043         0.1222626900    

                         STEP LENGTH (VM)
    0.2001757855         0.1022220799E-01     0.1199605482         0.2331545473         0.3080612709E-01     0.1008295465         0.3232052777         0.2036433475         0.1248541434E-01     0.4160948384E-01
    0.8665570136E-01     0.2691446793E-01     0.3944899656E-01     0.2264765992         0.2000848149         0.3860639446E-01     0.5417980824E-01     0.2004399284         0.3202084070E-01     0.6285463332E-01
    0.3319336897         0.7094622104E-03     0.2858455797E-01     0.1082378189         0.2492317209         0.2334496398E-01     0.4412331132E-01     0.1426599997         0.2579033458         0.1516256675E-01
    0.9468800252E-01     0.1456420651         0.2869159020E-01     0.1002657260         0.2658401586         0.5751368680E-02     0.1707972898E-01     0.2584322948E-01     0.1783721407         0.1394540120E-01
    0.1909944817         0.4890507600E-01
 

 INTERMEDIATE RESULTS BEFORE NEXT TEMPERATURE REDUCTION

  CURRENT TEMPERATURE:             0.21118    
  MIN FUNCTION VALUE SO FAR:   0.303851686245595626E-02
  TOTAL MOVES:                     840
     DOWNHILL:                     639
     ACCEPTED UPHILL:              174
     REJECTED UPHILL:               27
  TRIALS OUT OF BOUNDS:            423
  NEW MINIMA THIS TEMPERATURE:       0

                         CURRENT OPTIMAL X
    0.9930156648         0.2988137937E-01     0.2642096522         0.6217216862         0.7776747736E-01     0.2632212563         0.6696937118         0.5091083687         0.2701023015E-01     0.1050081339    
    0.2166392534         0.6728616983E-01     0.9862249140E-01     0.9669042510         0.9998939483         0.9651598616E-01     0.1354495206         0.9994500895         0.8005210174E-01     0.1571365833    
    0.8350828879         0.1773655526E-02     0.7146139492E-01     0.2705945473         0.6230793022         0.5836240996E-01     0.1103082783         0.3566499992         0.6447583646         0.3790641687E-01
    0.2367200063         0.3641051627         0.7172897549E-01     0.2506643151         0.6646003966         0.1437842170E-01     0.4269932246E-01     0.1048693579         0.4459303517         0.3486350299E-01
    0.4774862043         0.1222626900    

                         STEP LENGTH (VM)
    0.2001757855         0.1022220799E-01     0.1199605482         0.2331545473         0.3080612709E-01     0.1008295465         0.3232052777         0.2036433475         0.1248541434E-01     0.4160948384E-01
    0.8665570136E-01     0.2691446793E-01     0.3944899656E-01     0.2264765992         0.1580916977         0.3860639446E-01     0.5417980824E-01     0.2004399284         0.3202084070E-01     0.6285463332E-01
    0.3319336897         0.7094622104E-03     0.2858455797E-01     0.1082378189         0.2492317209         0.2334496398E-01     0.4412331132E-01     0.1426599997         0.2579033458         0.1516256675E-01
    0.9468800252E-01     0.1456420651         0.2869159020E-01     0.1002657260         0.2658401586         0.5751368680E-02     0.1707972898E-01     0.2584322948E-01     0.1783721407         0.1394540120E-01
    0.1909944817         0.4890507600E-01
 

 INTERMEDIATE RESULTS BEFORE NEXT TEMPERATURE REDUCTION

  CURRENT TEMPERATURE:             0.15838    
  MIN FUNCTION VALUE SO FAR:   0.303851686245595626E-02
  TOTAL MOVES:                     840
     DOWNHILL:                     635
     ACCEPTED UPHILL:              167
     REJECTED UPHILL:               38
  TRIALS OUT OF BOUNDS:            406
  NEW MINIMA THIS TEMPERATURE:       0

                         CURRENT OPTIMAL X
    0.9930156648         0.2988137937E-01     0.2642096522         0.6217216862         0.7776747736E-01     0.2632212563         0.6696937118         0.5091083687         0.2701023015E-01     0.1050081339    
    0.2166392534         0.6728616983E-01     0.9862249140E-01     0.9669042510         0.9998939483         0.9651598616E-01     0.1354495206         0.9994500895         0.8005210174E-01     0.1571365833    
    0.8350828879         0.1773655526E-02     0.7146139492E-01     0.2705945473         0.6230793022         0.5836240996E-01     0.1103082783         0.3566499992         0.6447583646         0.3790641687E-01
    0.2367200063         0.3641051627         0.7172897549E-01     0.2506643151         0.6646003966         0.1437842170E-01     0.4269932246E-01     0.1048693579         0.4459303517         0.3486350299E-01
    0.4774862043         0.1222626900    

                         STEP LENGTH (VM)
    0.2001757855         0.1022220799E-01     0.1199605482         0.2331545473         0.3080612709E-01     0.1008295465         0.3232052777         0.2036433475         0.1248541434E-01     0.4160948384E-01
    0.8665570136E-01     0.2691446793E-01     0.3944899656E-01     0.2264765992         0.9033811202E-01     0.3860639446E-01     0.5417980824E-01     0.2004399284         0.3202084070E-01     0.6285463332E-01
    0.3319336897         0.7094622104E-03     0.2858455797E-01     0.1082378189         0.2492317209         0.2334496398E-01     0.4412331132E-01     0.1426599997         0.2292474128         0.1516256675E-01
    0.9468800252E-01     0.1456420651         0.2869159020E-01     0.1002657260         0.2658401586         0.5751368680E-02     0.1707972898E-01     0.2584322948E-01     0.1783721407         0.1394540120E-01
    0.1909944817         0.4890507600E-01
 

 INTERMEDIATE RESULTS BEFORE NEXT TEMPERATURE REDUCTION

  CURRENT TEMPERATURE:             0.11879    
  MIN FUNCTION VALUE SO FAR:   0.283377123768190986E-02
  TOTAL MOVES:                     840
     DOWNHILL:                     627
     ACCEPTED UPHILL:              165
     REJECTED UPHILL:               48
  TRIALS OUT OF BOUNDS:            408
  NEW MINIMA THIS TEMPERATURE:       2

                         CURRENT OPTIMAL X
    0.9930156648         0.2343979083E-01     0.2872131015         0.5384136386         0.8149174457E-01     0.3022336931         0.8193544576         0.5091083687         0.2680264764E-01     0.1050081339    
    0.2166392534         0.6728616983E-01     0.9862249140E-01     0.9669042510         0.9998939483         0.9651598616E-01     0.1354495206         0.9994500895         0.8005210174E-01     0.1571365833    
    0.8350828879         0.1773655526E-02     0.7146139492E-01     0.2705945473         0.6230793022         0.5836240996E-01     0.1103082783         0.3566499992         0.6447583646         0.3790641687E-01
    0.2367200063         0.3641051627         0.7172897549E-01     0.2506643151         0.6646003966         0.1437842170E-01     0.4269932246E-01     0.1048693579         0.4459303517         0.3486350299E-01
    0.4774862043         0.1222626900    

                         STEP LENGTH (VM)
    0.2001757855         0.1022220799E-01     0.1199605482         0.2331545473         0.3080612709E-01     0.1008295465         0.3232052777         0.1810163044         0.1248541434E-01     0.4160948384E-01
    0.8665570136E-01     0.2691446793E-01     0.3944899656E-01     0.2264765992         0.5716707823E-01     0.3860639446E-01     0.5417980824E-01     0.2004399284         0.3202084070E-01     0.6285463332E-01
    0.3319336897         0.7094622104E-03     0.2858455797E-01     0.1082378189         0.2492317209         0.2334496398E-01     0.4412331132E-01     0.1426599997         0.1719355564         0.1516256675E-01
    0.9468800252E-01     0.1456420651         0.2869159020E-01     0.1002657260         0.2658401586         0.5751368680E-02     0.1707972898E-01     0.2584322948E-01     0.1783721407         0.1394540120E-01
    0.1909944817         0.4890507600E-01
 

 INTERMEDIATE RESULTS BEFORE NEXT TEMPERATURE REDUCTION

  CURRENT TEMPERATURE:             0.89090E-01
  MIN FUNCTION VALUE SO FAR:   0.275261124234641276E-02
  TOTAL MOVES:                     840
     DOWNHILL:                     620
     ACCEPTED UPHILL:              167
     REJECTED UPHILL:               53
  TRIALS OUT OF BOUNDS:            430
  NEW MINIMA THIS TEMPERATURE:       0

                         CURRENT OPTIMAL X
    0.9930156648         0.2664826889E-01     0.2872131015         0.5384136386         0.8149174457E-01     0.3022336931         0.8193544576         0.5091083687         0.2680264764E-01     0.1050081339    
    0.2166392534         0.6728616983E-01     0.9862249140E-01     0.9669042510         0.9998939483         0.9651598616E-01     0.1354495206         0.9994500895         0.8005210174E-01     0.1571365833    
    0.8350828879         0.1773655526E-02     0.7146139492E-01     0.2705945473         0.6230793022         0.5836240996E-01     0.1103082783         0.3566499992         0.6447583646         0.3790641687E-01
    0.2367200063         0.3641051627         0.7172897549E-01     0.2506643151         0.6646003966         0.1437842170E-01     0.4269932246E-01     0.1048693579         0.4459303517         0.3486350299E-01
    0.4774862043         0.1222626900    

                         STEP LENGTH (VM)
    0.2001757855         0.1022220799E-01     0.1199605482         0.2331545473         0.3080612709E-01     0.1008295465         0.3232052777         0.1357622258         0.1248541434E-01     0.4160948384E-01
    0.8665570136E-01     0.2691446793E-01     0.3944899656E-01     0.2264765992         0.4287530219E-01     0.3860639446E-01     0.5417980824E-01     0.2004399284         0.3202084070E-01     0.6285463332E-01
    0.3319336897         0.7094622104E-03     0.2858455797E-01     0.1082378189         0.2492317209         0.2334496398E-01     0.4412331132E-01     0.1426599997         0.1450705912         0.1516256675E-01
    0.9468800252E-01     0.1456420651         0.2869159020E-01     0.1002657260         0.2658401586         0.5751368680E-02     0.1707972898E-01     0.2584322948E-01     0.1783721407         0.1394540120E-01
    0.1909944817         0.4890507600E-01
 

 INTERMEDIATE RESULTS BEFORE NEXT TEMPERATURE REDUCTION

  CURRENT TEMPERATURE:             0.66817E-01
  MIN FUNCTION VALUE SO FAR:   0.275261124234641276E-02
  TOTAL MOVES:                     840
     DOWNHILL:                     612
     ACCEPTED UPHILL:              175
     REJECTED UPHILL:               53
  TRIALS OUT OF BOUNDS:            402
  NEW MINIMA THIS TEMPERATURE:       0

                         CURRENT OPTIMAL X
    0.9930156648         0.2664826889E-01     0.2872131015         0.5384136386         0.8149174457E-01     0.3022336931         0.8193544576         0.5091083687         0.2680264764E-01     0.1050081339    
    0.2166392534         0.6728616983E-01     0.9862249140E-01     0.9669042510         0.9998939483         0.9651598616E-01     0.1354495206         0.9994500895         0.8005210174E-01     0.1571365833    
    0.8350828879         0.1773655526E-02     0.7146139492E-01     0.2705945473         0.6230793022         0.5836240996E-01     0.1103082783         0.3566499992         0.6447583646         0.3790641687E-01
    0.2367200063         0.3641051627         0.7172897549E-01     0.2506643151         0.6646003966         0.1437842170E-01     0.4269932246E-01     0.1048693579         0.4459303517         0.3486350299E-01
    0.4774862043         0.1222626900    

                         STEP LENGTH (VM)
    0.2001757855         0.1022220799E-01     0.1199605482         0.2331545473         0.3080612709E-01     0.1008295465         0.3232052777         0.9243384649E-01     0.1248541434E-01     0.4160948384E-01
    0.8665570136E-01     0.2691446793E-01     0.3944899656E-01     0.2264765992         0.3215647605E-01     0.3860639446E-01     0.5417980824E-01     0.2004399284         0.3202084070E-01     0.6285463332E-01
    0.3319336897         0.7094622104E-03     0.2858455797E-01     0.1082378189         0.2492317209         0.2334496398E-01     0.4412331132E-01     0.1426599997         0.6584764208E-01     0.1516256675E-01
    0.9468800252E-01     0.1456420651         0.2869159020E-01     0.1002657260         0.2658401586         0.5751368680E-02     0.1707972898E-01     0.2584322948E-01     0.1783721407         0.1394540120E-01
    0.1909944817         0.4890507600E-01
 

 INTERMEDIATE RESULTS BEFORE NEXT TEMPERATURE REDUCTION

  CURRENT TEMPERATURE:             0.50113E-01
  MIN FUNCTION VALUE SO FAR:   0.275261124234641276E-02
  TOTAL MOVES:                     840
     DOWNHILL:                     619
     ACCEPTED UPHILL:              158
     REJECTED UPHILL:               63
  TRIALS OUT OF BOUNDS:            395
  NEW MINIMA THIS TEMPERATURE:       0

                         CURRENT OPTIMAL X
    0.9930156648         0.2664826889E-01     0.2872131015         0.5384136386         0.8149174457E-01     0.3022336931         0.8193544576         0.5091083687         0.2680264764E-01     0.1050081339    
    0.2166392534         0.6728616983E-01     0.9862249140E-01     0.9669042510         0.9998939483         0.9651598616E-01     0.1354495206         0.9994500895         0.8005210174E-01     0.1571365833    
    0.8350828879         0.1773655526E-02     0.7146139492E-01     0.2705945473         0.6230793022         0.5836240996E-01     0.1103082783         0.3566499992         0.6447583646         0.3790641687E-01
    0.2367200063         0.3641051627         0.7172897549E-01     0.2506643151         0.6646003966         0.1437842170E-01     0.4269932246E-01     0.1048693579         0.4459303517         0.3486350299E-01
    0.4774862043         0.1222626900    

                         STEP LENGTH (VM)
    0.2001757855         0.1022220799E-01     0.1199605482         0.2331545473         0.3080612709E-01     0.1008295465         0.3232052777         0.5310028866E-01     0.1248541434E-01     0.4160948384E-01
    0.8665570136E-01     0.2691446793E-01     0.3944899656E-01     0.2264765992         0.2158348080E-01     0.3860639446E-01     0.5417980824E-01     0.2004399284         0.3202084070E-01     0.6285463332E-01
    0.3319336897         0.7094622104E-03     0.2858455797E-01     0.1082378189         0.2492317209         0.2334496398E-01     0.4412331132E-01     0.1426599997         0.4938572410E-01     0.1516256675E-01
    0.9468800252E-01     0.1456420651         0.2869159020E-01     0.1002657260         0.2658401586         0.5751368680E-02     0.1707972898E-01     0.2584322948E-01     0.1783721407         0.1394540120E-01
    0.1909944817         0.4890507600E-01
 

 INTERMEDIATE RESULTS BEFORE NEXT TEMPERATURE REDUCTION

  CURRENT TEMPERATURE:             0.37585E-01
  MIN FUNCTION VALUE SO FAR:   0.275001615592888405E-02
  TOTAL MOVES:                     840
     DOWNHILL:                     619
     ACCEPTED UPHILL:              168
     REJECTED UPHILL:               53
  TRIALS OUT OF BOUNDS:            388
  NEW MINIMA THIS TEMPERATURE:       0

                         CURRENT OPTIMAL X
    0.9930156648         0.2650907513E-01     0.2872131015         0.5384136386         0.8149174457E-01     0.3022336931         0.8193544576         0.5091083687         0.2680264764E-01     0.1050081339    
    0.2166392534         0.6728616983E-01     0.9862249140E-01     0.9669042510         0.9998939483         0.9651598616E-01     0.1354495206         0.9994500895         0.8005210174E-01     0.1571365833    
    0.8350828879         0.1773655526E-02     0.7146139492E-01     0.2705945473         0.6230793022         0.5836240996E-01     0.1103082783         0.3566499992         0.6447583646         0.3790641687E-01
    0.2367200063         0.3641051627         0.7172897549E-01     0.2506643151         0.6646003966         0.1437842170E-01     0.4269932246E-01     0.1048693579         0.4459303517         0.3486350299E-01
    0.4774862043         0.1222626900    

                         STEP LENGTH (VM)
    0.2001757855         0.1022220799E-01     0.1199605482         0.2331545473         0.3080612709E-01     0.1008295465         0.3232052777         0.3413589581E-01     0.1248541434E-01     0.4160948384E-01
    0.8665570136E-01     0.2691446793E-01     0.3944899656E-01     0.2264765992         0.2158348080E-01     0.3860639446E-01     0.5417980824E-01     0.2004399284         0.3202084070E-01     0.6285463332E-01
    0.3319336897         0.7094622104E-03     0.2858455797E-01     0.1082378189         0.2492317209         0.2334496398E-01     0.4412331132E-01     0.1426599997         0.4166919393E-01     0.1516256675E-01
    0.9468800252E-01     0.1456420651         0.2869159020E-01     0.1002657260         0.2658401586         0.5751368680E-02     0.1707972898E-01     0.2584322948E-01     0.1783721407         0.1394540120E-01
    0.1909944817         0.4890507600E-01
 

 INTERMEDIATE RESULTS BEFORE NEXT TEMPERATURE REDUCTION

  CURRENT TEMPERATURE:             0.28189E-01
  MIN FUNCTION VALUE SO FAR:   0.274852995577749707E-02
  TOTAL MOVES:                     840
     DOWNHILL:                     613
     ACCEPTED UPHILL:              152
     REJECTED UPHILL:               75
  TRIALS OUT OF BOUNDS:            407
  NEW MINIMA THIS TEMPERATURE:       0

                         CURRENT OPTIMAL X
    0.9930156648         0.2713392628E-01     0.2779788680         0.5384136386         0.8149174457E-01     0.3022336931         0.8193544576         0.5091083687         0.2680264764E-01     0.1050081339    
    0.2166392534         0.6728616983E-01     0.9862249140E-01     0.9669042510         0.9998939483         0.9651598616E-01     0.1354495206         0.9994500895         0.8005210174E-01     0.1571365833    
    0.8350828879         0.1773655526E-02     0.7146139492E-01     0.2705945473         0.6230793022         0.5836240996E-01     0.1103082783         0.3566499992         0.6447583646         0.3790641687E-01
    0.2367200063         0.3641051627         0.7172897549E-01     0.2506643151         0.6646003966         0.1437842170E-01     0.4269932246E-01     0.1048693579         0.4459303517         0.3486350299E-01
    0.4774862043         0.1222626900    

                         STEP LENGTH (VM)
    0.1154166646         0.1022220799E-01     0.1199605482         0.2331545473         0.3080612709E-01     0.1008295465         0.3232052777         0.1950622339E-01     0.1248541434E-01     0.4160948384E-01
    0.8665570136E-01     0.2691446793E-01     0.3944899656E-01     0.2264765992         0.1079173973E-01     0.3860639446E-01     0.5417980824E-01     0.2004399284         0.3202084070E-01     0.6285463332E-01
    0.3319336897         0.7094622104E-03     0.2858455797E-01     0.1082378189         0.2492317209         0.2334496398E-01     0.4412331132E-01     0.1426599997         0.2822040284E-01     0.1516256675E-01
    0.9468800252E-01     0.1456420651         0.2869159020E-01     0.1002657260         0.2658401586         0.5751368680E-02     0.1707972898E-01     0.2584322948E-01     0.1783721407         0.1394540120E-01
    0.1909944817         0.4890507600E-01
 

 INTERMEDIATE RESULTS BEFORE NEXT TEMPERATURE REDUCTION

  CURRENT TEMPERATURE:             0.21141E-01
  MIN FUNCTION VALUE SO FAR:   0.274712482851500149E-02
  TOTAL MOVES:                     840
     DOWNHILL:                     603
     ACCEPTED UPHILL:              151
     REJECTED UPHILL:               86
  TRIALS OUT OF BOUNDS:            402
  NEW MINIMA THIS TEMPERATURE:       0

                         CURRENT OPTIMAL X
    0.9930156648         0.2816719011E-01     0.2690639055         0.5384136386         0.8149174457E-01     0.3022336931         0.8193544576         0.5091083687         0.2680264764E-01     0.1050081339    
    0.2166392534         0.6728616983E-01     0.9862249140E-01     0.9669042510         0.9998939483         0.9651598616E-01     0.1354495206         0.9994500895         0.8005210174E-01     0.1571365833    
    0.8350828879         0.1773655526E-02     0.7146139492E-01     0.2705945473         0.6230793022         0.5836240996E-01     0.1103082783         0.3566499992         0.6447583646         0.3790641687E-01
    0.2367200063         0.3641051627         0.7172897549E-01     0.2506643151         0.6646003966         0.1437842170E-01     0.4269932246E-01     0.1048693579         0.4459303517         0.3486350299E-01
    0.4774862043         0.1222626900    

                         STEP LENGTH (VM)
    0.5463110199E-01     0.1022220799E-01     0.1199605482         0.2331545473         0.3080612709E-01     0.1008295465         0.3232052777         0.2194449650E-01     0.1248541434E-01     0.4160948384E-01
    0.8665570136E-01     0.2691446793E-01     0.3944899656E-01     0.2264765992         0.1662511135E-01     0.3860639446E-01     0.5417980824E-01     0.2004399284         0.3202084070E-01     0.6285463332E-01
    0.3319336897         0.7094622104E-03     0.2858455797E-01     0.1082378189         0.2492317209         0.2334496398E-01     0.4412331132E-01     0.1426599997         0.3292379943E-01     0.1516256675E-01
    0.9468800252E-01     0.1456420651         0.2869159020E-01     0.1002657260         0.2658401586         0.5751368680E-02     0.1707972898E-01     0.2584322948E-01     0.1783721407         0.1394540120E-01
    0.1909944817         0.4890507600E-01
 

 INTERMEDIATE RESULTS BEFORE NEXT TEMPERATURE REDUCTION

  CURRENT TEMPERATURE:             0.15856E-01
  MIN FUNCTION VALUE SO FAR:   0.274712482851500149E-02
  TOTAL MOVES:                     840
     DOWNHILL:                     596
     ACCEPTED UPHILL:              141
     REJECTED UPHILL:              103
  TRIALS OUT OF BOUNDS:            375
  NEW MINIMA THIS TEMPERATURE:       0

                         CURRENT OPTIMAL X
    0.9930156648         0.2816719011E-01     0.2690639055         0.5384136386         0.8149174457E-01     0.3022336931         0.8193544576         0.5091083687         0.2680264764E-01     0.1050081339    
    0.2166392534         0.6728616983E-01     0.9862249140E-01     0.9669042510         0.9998939483         0.9651598616E-01     0.1354495206         0.9994500895         0.8005210174E-01     0.1571365833    
    0.8350828879         0.1773655526E-02     0.7146139492E-01     0.2705945473         0.6230793022         0.5836240996E-01     0.1103082783         0.3566499992         0.6447583646         0.3790641687E-01
    0.2367200063         0.3641051627         0.7172897549E-01     0.2506643151         0.6646003966         0.1437842170E-01     0.4269932246E-01     0.1048693579         0.4459303517         0.3486350299E-01
    0.4774862043         0.1222626900    

                         STEP LENGTH (VM)
    0.3986593444E-01     0.1022220799E-01     0.1199605482         0.2331545473         0.3080612709E-01     0.1008295465         0.3232052777         0.1423426780E-01     0.1248541434E-01     0.4160948384E-01
    0.8665570136E-01     0.2691446793E-01     0.3944899656E-01     0.2264765992         0.7673127254E-02     0.3860639446E-01     0.5417980824E-01     0.2004399284         0.3202084070E-01     0.6285463332E-01
    0.3319336897         0.7094622104E-03     0.2858455797E-01     0.1082378189         0.2492317209         0.2334496398E-01     0.4412331132E-01     0.1426599997         0.1385252588E-01     0.1516256675E-01
    0.9468800252E-01     0.1456420651         0.2869159020E-01     0.1002657260         0.2658401586         0.5751368680E-02     0.1707972898E-01     0.2584322948E-01     0.1783721407         0.1394540120E-01
    0.1909944817         0.4890507600E-01
 

 INTERMEDIATE RESULTS BEFORE NEXT TEMPERATURE REDUCTION

  CURRENT TEMPERATURE:             0.11892E-01
  MIN FUNCTION VALUE SO FAR:   0.274712482851500149E-02
  TOTAL MOVES:                     840
     DOWNHILL:                     598
     ACCEPTED UPHILL:              133
     REJECTED UPHILL:              109
  TRIALS OUT OF BOUNDS:            377
  NEW MINIMA THIS TEMPERATURE:       0

                         CURRENT OPTIMAL X
    0.9930156648         0.2816719011E-01     0.2690639055         0.5384136386         0.8149174457E-01     0.3022336931         0.8193544576         0.5091083687         0.2680264764E-01     0.1050081339    
    0.2166392534         0.6728616983E-01     0.9862249140E-01     0.9669042510         0.9998939483         0.9651598616E-01     0.1354495206         0.9994500895         0.8005210174E-01     0.1571365833    
    0.8350828879         0.1773655526E-02     0.7146139492E-01     0.2705945473         0.6230793022         0.5836240996E-01     0.1103082783         0.3566499992         0.6447583646         0.3790641687E-01
    0.2367200063         0.3641051627         0.7172897549E-01     0.2506643151         0.6646003966         0.1437842170E-01     0.4269932246E-01     0.1048693579         0.4459303517         0.3486350299E-01
    0.4774862043         0.1222626900    

                         STEP LENGTH (VM)
    0.3986592998E-01     0.1022220799E-01     0.1199605482         0.2331545473         0.3080612709E-01     0.1008295465         0.3232052777         0.1265268217E-01     0.1248541434E-01     0.4160948384E-01
    0.8665570136E-01     0.2691446793E-01     0.3944899656E-01     0.2264765992         0.4619212876E-02     0.3860639446E-01     0.5417980824E-01     0.2004399284         0.3202084070E-01     0.6285463332E-01
    0.3319336897         0.7094622104E-03     0.2858455797E-01     0.1082378189         0.2492317209         0.2334496398E-01     0.4412331132E-01     0.1426599997         0.1231335604E-01     0.1516256675E-01
    0.9468800252E-01     0.1456420651         0.2869159020E-01     0.1002657260         0.2658401586         0.5751368680E-02     0.1707972898E-01     0.2584322948E-01     0.1783721407         0.1394540120E-01
    0.1909944817         0.4890507600E-01
 

 INTERMEDIATE RESULTS BEFORE NEXT TEMPERATURE REDUCTION

  CURRENT TEMPERATURE:             0.89190E-02
  MIN FUNCTION VALUE SO FAR:   0.274712482851500149E-02
  TOTAL MOVES:                     840
     DOWNHILL:                     605
     ACCEPTED UPHILL:              122
     REJECTED UPHILL:              113
  TRIALS OUT OF BOUNDS:            366
  NEW MINIMA THIS TEMPERATURE:       0

                         CURRENT OPTIMAL X
    0.9930156648         0.2816719011E-01     0.2690639055         0.5384136386         0.8149174457E-01     0.3022336931         0.8193544576         0.5091083687         0.2680264764E-01     0.1050081339    
    0.2166392534         0.6728616983E-01     0.9862249140E-01     0.9669042510         0.9998939483         0.9651598616E-01     0.1354495206         0.9994500895         0.8005210174E-01     0.1571365833    
    0.8350828879         0.1773655526E-02     0.7146139492E-01     0.2705945473         0.6230793022         0.5836240996E-01     0.1103082783         0.3566499992         0.6447583646         0.3790641687E-01
    0.2367200063         0.3641051627         0.7172897549E-01     0.2506643151         0.6646003966         0.1437842170E-01     0.4269932246E-01     0.1048693579         0.4459303517         0.3486350299E-01
    0.4774862043         0.1222626900    

                         STEP LENGTH (VM)
    0.2989944359E-01     0.1022220799E-01     0.1199605482         0.2331545473         0.3080612709E-01     0.1008295465         0.3232052777         0.7230103064E-02     0.1248541434E-01     0.4160948384E-01
    0.8665570136E-01     0.2691446793E-01     0.3944899656E-01     0.2264765992         0.2639550187E-02     0.3860639446E-01     0.5417980824E-01     0.2004399284         0.3202084070E-01     0.6285463332E-01
    0.3319336897         0.7094622104E-03     0.2858455797E-01     0.1082378189         0.2492317209         0.2334496398E-01     0.4412331132E-01     0.1426599997         0.9466122309E-02     0.1516256675E-01
    0.9468800252E-01     0.1456420651         0.2869159020E-01     0.1002657260         0.2658401586         0.5751367918E-02     0.1707972898E-01     0.2584322948E-01     0.1783721407         0.1394540120E-01
    0.1909944817         0.4890507600E-01
 

 INTERMEDIATE RESULTS BEFORE NEXT TEMPERATURE REDUCTION

  CURRENT TEMPERATURE:             0.66893E-02
  MIN FUNCTION VALUE SO FAR:   0.264282391712005859E-02
  TOTAL MOVES:                     840
     DOWNHILL:                     587
     ACCEPTED UPHILL:              117
     REJECTED UPHILL:              136
  TRIALS OUT OF BOUNDS:            395
  NEW MINIMA THIS TEMPERATURE:       0

                         CURRENT OPTIMAL X
    0.9967951931         0.2683242590E-01     0.3513962523         0.5978975923         0.7536713862E-01     0.2386554455         0.7841121278         0.5091083687         0.2740783974E-01     0.1030990594    
    0.2166392534         0.7074115246E-01     0.1157181971         0.7907896265         0.9999496533         0.1068477684         0.1401717709         0.8179045751         0.7067426357E-01     0.1641528788    
    0.7310436502         0.1530386785E-02     0.7985851909E-01     0.2301886000         0.6890994998         0.5801133416E-01     0.1045620386         0.2881533842         0.6447583646         0.4394198427E-01
    0.2238744689         0.4009789809         0.7496565371E-01     0.2569053444         0.6083474291         0.1648691247E-01     0.3709990054E-01     0.1026402267         0.4715829271         0.4154463649E-01
    0.3982232512         0.1157388479    

                         STEP LENGTH (VM)
    0.1357137820E-01     0.1022220799E-01     0.1199605482         0.2331545473         0.3080612709E-01     0.1008295465         0.3232052777         0.3691967493E-02     0.1248541434E-01     0.4160948384E-01
    0.8665570136E-01     0.2691446793E-01     0.3944899656E-01     0.2264765992         0.8985702303E-03     0.3860639446E-01     0.5417980824E-01     0.2004399284         0.3202084070E-01     0.6285463332E-01
    0.3319336897         0.7094622104E-03     0.2858455797E-01     0.1082378189         0.2492317209         0.2334496398E-01     0.4412331132E-01     0.1426599997         0.6140186764E-02     0.1516256675E-01
    0.9468800252E-01     0.1456420651         0.2869159020E-01     0.1002657260         0.2658401586         0.5751367918E-02     0.1707972898E-01     0.2584322948E-01     0.1783721407         0.1394540120E-01
    0.1909944817         0.4890507600E-01
 

 INTERMEDIATE RESULTS BEFORE NEXT TEMPERATURE REDUCTION

  CURRENT TEMPERATURE:             0.50170E-02
  MIN FUNCTION VALUE SO FAR:   0.216214850716127784E-02
  TOTAL MOVES:                     840
     DOWNHILL:                     588
     ACCEPTED UPHILL:              121
     REJECTED UPHILL:              131
  TRIALS OUT OF BOUNDS:            379
  NEW MINIMA THIS TEMPERATURE:       0

                         CURRENT OPTIMAL X
    0.9990402674         0.2392772940E-01     0.2421196060         0.6075646749         0.7320483965E-01     0.2297118110         0.7909301745         0.5075994484         0.2502351504E-01     0.1047220588    
    0.2115427169         0.7121622673E-01     0.1163029833         0.9802887171         0.9999246053         0.7878591079E-01     0.1373223733         0.8645327274         0.7422766654E-01     0.1355353158    
    0.8395187651         0.1869299375E-02     0.6336327940E-01     0.2186018833         0.6664797209         0.6019945561E-01     0.9973945717E-01     0.3807899168         0.6413097043         0.4178608338E-01
    0.2179285825         0.4164675291         0.7341607468E-01     0.2159648183         0.5581860161         0.1371971729E-01     0.5019406087E-01     0.1127104029         0.4482269817         0.3150747821E-01
    0.4071235683         0.1053290656    

                         STEP LENGTH (VM)
    0.9047585077E-02     0.1022220799E-01     0.1199605482         0.2331545473         0.3080612709E-01     0.1008295465         0.3232052777         0.2394789691E-02     0.7023045305E-02     0.4160948384E-01
    0.8665570136E-01     0.2691446793E-01     0.3944899656E-01     0.2264765992         0.3499239377E-03     0.3860639446E-01     0.5417980824E-01     0.2004399284         0.3202084070E-01     0.6285463332E-01
    0.3319336897         0.7094622104E-03     0.2858455797E-01     0.1082378189         0.2492317209         0.2334496398E-01     0.4412331132E-01     0.1426599997         0.2772288742E-02     0.1516256675E-01
    0.9468800252E-01     0.1456420651         0.2869159020E-01     0.1002657260         0.2658401586         0.5751367918E-02     0.1707972898E-01     0.2584322948E-01     0.1783721407         0.1394540120E-01
    0.1909944817         0.4890507600E-01
 

 INTERMEDIATE RESULTS BEFORE NEXT TEMPERATURE REDUCTION

  CURRENT TEMPERATURE:             0.37627E-02
  MIN FUNCTION VALUE SO FAR:   0.216214850716127784E-02
  TOTAL MOVES:                     840
     DOWNHILL:                     579
     ACCEPTED UPHILL:              108
     REJECTED UPHILL:              153
  TRIALS OUT OF BOUNDS:            371
  NEW MINIMA THIS TEMPERATURE:       0

                         CURRENT OPTIMAL X
    0.9990402674         0.2392772940E-01     0.2421196060         0.6075646749         0.7320483965E-01     0.2297118110         0.7909301745         0.5075994484         0.2502351504E-01     0.1047220588    
    0.2115427169         0.7121622673E-01     0.1163029833         0.9802887171         0.9999246053         0.7878591079E-01     0.1373223733         0.8645327274         0.7422766654E-01     0.1355353158    
    0.8395187651         0.1869299375E-02     0.6336327940E-01     0.2186018833         0.6664797209         0.6019945561E-01     0.9973945717E-01     0.3807899168         0.6413097043         0.4178608338E-01
    0.2179285825         0.4164675291         0.7341607468E-01     0.2159648183         0.5581860161         0.1371971729E-01     0.5019406087E-01     0.1127104029         0.4482269817         0.3150747821E-01
    0.4071235683         0.1053290656    

                         STEP LENGTH (VM)
    0.2598774319E-02     0.1022220799E-01     0.1199605482         0.2331545473         0.3080612709E-01     0.1008295465         0.3232052777         0.8733135712E-03     0.1821580061E-02     0.7875482431E-02
    0.8665570136E-01     0.2691446793E-01     0.3944899656E-01     0.2264765992         0.2073623193E-03     0.3860639446E-01     0.5417980824E-01     0.2004399284         0.3202084070E-01     0.6285463332E-01
    0.3319336897         0.7094622104E-03     0.2858455797E-01     0.1082378189         0.2492317209         0.2334496398E-01     0.4412331132E-01     0.1426599997         0.1848192414E-02     0.1516256675E-01
    0.9468800252E-01     0.1456420651         0.2869159020E-01     0.1002657260         0.2658401586         0.1848653885E-02     0.1707972898E-01     0.2584322948E-01     0.1783721407         0.1394540120E-01
    0.1909944817         0.4890507600E-01
 

 INTERMEDIATE RESULTS BEFORE NEXT TEMPERATURE REDUCTION

  CURRENT TEMPERATURE:             0.28220E-02
  MIN FUNCTION VALUE SO FAR:   0.196352510347608516E-02
  TOTAL MOVES:                     840
     DOWNHILL:                     570
     ACCEPTED UPHILL:              129
     REJECTED UPHILL:              141
  TRIALS OUT OF BOUNDS:            347
  NEW MINIMA THIS TEMPERATURE:       0

                         CURRENT OPTIMAL X
    0.9988831322         0.2759420669E-01     0.3246847063         0.6662306873         0.6500233513E-01     0.2420741825         0.9294286822         0.5064779249         0.2522199671E-01     0.1002363402    
    0.1769359734         0.6321271587E-01     0.8324625492E-01     0.9363671720         0.9997358243         0.9154462488E-01     0.1457917047         0.9810170886         0.8754685930E-01     0.1814092563    
    0.7065140327         0.1920094557E-02     0.6641693709E-01     0.2728614801         0.5853211306         0.5514352359E-01     0.1279803667         0.3741317677         0.6381409391         0.4262027500E-01
    0.2720132082         0.4054320011         0.7798698445E-01     0.2704723351         0.6646235624         0.1433186629E-01     0.3793636688E-01     0.1180173451         0.4560740216         0.2980207411E-01
    0.4148651716         0.1026949241    

                         STEP LENGTH (VM)
    0.3004832247E-02     0.1022220799E-01     0.1199605482         0.2331545473         0.3080612709E-01     0.1008295465         0.3232052777         0.6372827987E-03     0.5315248711E-03     0.4021522523E-02
    0.2141299038E-01     0.2691446793E-01     0.3944899656E-01     0.2264765992         0.3045633800E-03     0.3860639446E-01     0.5417980824E-01     0.2004399284         0.3202084070E-01     0.6285463332E-01
    0.3319336897         0.7094622104E-03     0.2858455797E-01     0.1082378189         0.2492317209         0.2334496398E-01     0.4412331132E-01     0.1426599997         0.9437576961E-03     0.1516256675E-01
    0.9468800252E-01     0.1456420651         0.2869159020E-01     0.1002657260         0.2658401586         0.6293289498E-03     0.1707972898E-01     0.2584322948E-01     0.1783721407         0.1394540120E-01
    0.1909944817         0.4890507600E-01
 

 INTERMEDIATE RESULTS BEFORE NEXT TEMPERATURE REDUCTION

  CURRENT TEMPERATURE:             0.21165E-02
  MIN FUNCTION VALUE SO FAR:   0.164032484485582904E-02
  TOTAL MOVES:                     840
     DOWNHILL:                     572
     ACCEPTED UPHILL:              114
     REJECTED UPHILL:              154
  TRIALS OUT OF BOUNDS:            343
  NEW MINIMA THIS TEMPERATURE:       0

                         CURRENT OPTIMAL X
    0.9988831322         0.2755369797E-01     0.2538380784         0.6640584326         0.7129196115E-01     0.2347217496         0.8723194283         0.5064779249         0.2522199671E-01     0.1002363402    
    0.1769359734         0.6666962678E-01     0.1099480027         0.8388982011         0.9997358243         0.8913612266E-01     0.1260716581         0.8366063581         0.6911726953E-01     0.1758159516    
    0.6697572174         0.1481107347E-02     0.7831211390E-01     0.2280937152         0.6704569932         0.5167251848E-01     0.1066143024         0.3446238659         0.6381409391         0.3520085855E-01
    0.2130647848         0.3555484261         0.8511586611E-01     0.2109314086         0.6694901003         0.1433186629E-01     0.5006109277E-01     0.1002403434         0.3727650765         0.3290910806E-01
    0.3890693976         0.1363028397    

                         STEP LENGTH (VM)
    0.3232682481E-03     0.1022220799E-01     0.1066315958         0.2331545473         0.3080612709E-01     0.1008295465         0.3232052777         0.2683295984E-03     0.2759840364E-03     0.1739036667E-02
    0.1388950708E-01     0.2691446793E-01     0.3944899656E-01     0.2264765992         0.3029519022E-03     0.3860639446E-01     0.5417980824E-01     0.2004399284         0.3202084070E-01     0.6285463332E-01
    0.3319336897         0.7094622104E-03     0.2858455797E-01     0.1082378189         0.2492317209         0.2334496398E-01     0.4412331132E-01     0.1426599997         0.9437575711E-03     0.1516256675E-01
    0.9468800252E-01     0.1456420651         0.2869159020E-01     0.1002657260         0.2658401586         0.1087673612E-03     0.6541172629E-02     0.2584322948E-01     0.6831273291E-01     0.1394540120E-01
    0.1909944817         0.4890507600E-01
 

 INTERMEDIATE RESULTS BEFORE NEXT TEMPERATURE REDUCTION

  CURRENT TEMPERATURE:             0.15874E-02
  MIN FUNCTION VALUE SO FAR:   0.161300891365762219E-02
  TOTAL MOVES:                     840
     DOWNHILL:                     617
     ACCEPTED UPHILL:              113
     REJECTED UPHILL:              110
  TRIALS OUT OF BOUNDS:            314
  NEW MINIMA THIS TEMPERATURE:       0

                         CURRENT OPTIMAL X
    0.9989646914         0.2784647452E-01     0.2576446264         0.5213913106         0.7420580463E-01     0.2530632716         0.7720474425         0.5064539405         0.2529694480E-01     0.1004036993    
    0.1757898360         0.6894115649E-01     0.9965763507E-01     0.9785646040         0.9997965490         0.9454700715E-01     0.1124334613         0.9471482902         0.7902189976E-01     0.1858490696    
    0.7277592960         0.1942819637E-02     0.8045970201E-01     0.2568853205         0.7142523121         0.5920522647E-01     0.9078683238E-01     0.3039359500         0.6382541908         0.3997967258E-01
    0.2171341662         0.3500232573         0.7086637651E-01     0.2050759524         0.5867903627         0.1432571798E-01     0.4466507028E-01     0.1230726744         0.4452271958         0.3176692401E-01
    0.5159309620         0.1190923865    

                         STEP LENGTH (VM)
    0.9897593074E-03     0.1022220799E-01     0.1199605482         0.2331545473         0.3080612709E-01     0.1008295465         0.3232052777         0.2953789063E-03     0.5673004196E-03     0.1754703465E-02
    0.1562569378E-01     0.2691446793E-01     0.3944899656E-01     0.2264765992         0.7511217748E-04     0.3860639446E-01     0.5417980824E-01     0.2004399284         0.3202084070E-01     0.6285463332E-01
    0.3319336897         0.7094622104E-03     0.2858455797E-01     0.1082378189         0.2492317209         0.2334496398E-01     0.4412331132E-01     0.1426599997         0.6121670179E-03     0.1516256675E-01
    0.9468800252E-01     0.1456420651         0.2869159020E-01     0.1002657260         0.2658401586         0.7937076746E-04     0.8309057072E-02     0.2584322948E-01     0.1019269364         0.1394540120E-01
    0.1909944817         0.4890507600E-01
 

 INTERMEDIATE RESULTS BEFORE NEXT TEMPERATURE REDUCTION

  CURRENT TEMPERATURE:             0.11905E-02
  MIN FUNCTION VALUE SO FAR:   0.158963216968212610E-02
  TOTAL MOVES:                     840
     DOWNHILL:                     647
     ACCEPTED UPHILL:              126
     REJECTED UPHILL:               67
  TRIALS OUT OF BOUNDS:            363
  NEW MINIMA THIS TEMPERATURE:       0

                         CURRENT OPTIMAL X
    0.9993123489         0.3038310681E-01     0.2719847146         0.4724626445         0.8798262601E-01     0.2458296486         0.8089193980         0.5069120599         0.2534896399E-01     0.1001072887    
    0.1813259582         0.5847044190E-01     0.1029326309         0.8406461130         0.9997825478         0.1053583912         0.1341326133         0.9944198801         0.7651692391E-01     0.1712942114    
    0.7912092945         0.2084645003E-02     0.8029699855E-01     0.2778545489         0.7285480043         0.5264751474E-01     0.1310228004         0.3236092479         0.6391013213         0.4445259477E-01
    0.2698960665         0.4205351067         0.7058740967E-01     0.2216209886         0.7726805151         0.1436675502E-01     0.5024004534E-01     0.1234265790         0.3859102972         0.3640571883E-01
    0.5091776745         0.1142122258    

                         STEP LENGTH (VM)
    0.5877457640E-02     0.1022220799E-01     0.1199605482         0.2331545473         0.3080612709E-01     0.1008295465         0.3232052777         0.1623429780E-02     0.6382129033E-03     0.3070730834E-02
    0.3211947602E-01     0.2691446793E-01     0.3944899656E-01     0.2264765992         0.8233214631E-03     0.3860639446E-01     0.5417980824E-01     0.2004399284         0.3202084070E-01     0.6285463332E-01
    0.3319336897         0.7094622104E-03     0.2858455797E-01     0.1082378189         0.2492317209         0.2334496398E-01     0.4412331132E-01     0.1426599997         0.1205203597E-02     0.1516256675E-01
    0.9468800252E-01     0.1456420651         0.2869159020E-01     0.1002657260         0.2658401586         0.8687878501E-04     0.1707972898E-01     0.2584322948E-01     0.1783721407         0.1394540120E-01
    0.1909944817         0.4890507600E-01
 

 INTERMEDIATE RESULTS BEFORE NEXT TEMPERATURE REDUCTION

  CURRENT TEMPERATURE:             0.89291E-03
  MIN FUNCTION VALUE SO FAR:   0.157997483171921026E-02
  TOTAL MOVES:                     840
     DOWNHILL:                     644
     ACCEPTED UPHILL:               99
     REJECTED UPHILL:               97
  TRIALS OUT OF BOUNDS:            353
  NEW MINIMA THIS TEMPERATURE:       0

                         CURRENT OPTIMAL X
    0.9997050332         0.3050930745E-01     0.2890642111         0.6343942933         0.7383896727E-01     0.2619549444         0.7698572767         0.5066489924         0.2534896399E-01     0.1001072887    
    0.1841485110         0.6218871994E-01     0.9507503838E-01     0.7801625881         0.9997825478         0.1127248506         0.1596837138         0.8620772773         0.6711567879E-01     0.1362592194    
    0.9920114559         0.1479862495E-02     0.8029699855E-01     0.2778545489         0.7285480043         0.5264751474E-01     0.1310228004         0.3236092479         0.6391013213         0.4445259477E-01
    0.2698960665         0.4205351067         0.7058740967E-01     0.2216209886         0.7726805151         0.1436675502E-01     0.5024004534E-01     0.1234265790         0.3859102972         0.3640571883E-01
    0.5091776745         0.1142122258    

                         STEP LENGTH (VM)
    0.3749315100E-02     0.1022220799E-01     0.1199605482         0.2331545473         0.3080612709E-01     0.1008295465         0.3232052777         0.9326084893E-03     0.8661460229E-03     0.8093071505E-03
    0.1030399120E-01     0.2691446793E-01     0.3944899656E-01     0.2264765992         0.5207331742E-03     0.3860639446E-01     0.5417980824E-01     0.2004399284         0.3202084070E-01     0.6285463332E-01
    0.3319336897         0.7094622104E-03     0.2858455797E-01     0.1082378189         0.2492317209         0.2334496398E-01     0.4412331132E-01     0.1426599997         0.8162224370E-03     0.1516256675E-01
    0.9468800252E-01     0.1456420651         0.2869159020E-01     0.1002657260         0.2658401586         0.1004535717E-03     0.1707972898E-01     0.2584322948E-01     0.1783721407         0.1394540120E-01
    0.1909944817         0.4890507600E-01
 

 INTERMEDIATE RESULTS BEFORE NEXT TEMPERATURE REDUCTION

  CURRENT TEMPERATURE:             0.66968E-03
  MIN FUNCTION VALUE SO FAR:   0.155452418985457157E-02
  TOTAL MOVES:                     840
     DOWNHILL:                     625
     ACCEPTED UPHILL:              111
     REJECTED UPHILL:              104
  TRIALS OUT OF BOUNDS:            357
  NEW MINIMA THIS TEMPERATURE:       0

                         CURRENT OPTIMAL X
    0.9997050332         0.2748489134E-01     0.3376834088         0.6782643478         0.7383896727E-01     0.2619549444         0.7698572767         0.5066489924         0.2534896399E-01     0.1001072887    
    0.1841485110         0.6218871994E-01     0.9507503838E-01     0.7801625881         0.9997825478         0.1127248506         0.1596837138         0.8620772773         0.6711567879E-01     0.1362592194    
    0.9920114559         0.1479862495E-02     0.8029699855E-01     0.2778545489         0.7285480043         0.5264751474E-01     0.1310228004         0.3236092479         0.6391013213         0.4445259477E-01
    0.2698960665         0.4205351067         0.7058740967E-01     0.2216209886         0.7726805151         0.1436675502E-01     0.5024004534E-01     0.1234265790         0.3859102972         0.3640571883E-01
    0.5091776745         0.1142122258    

                         STEP LENGTH (VM)
    0.2842222262E-02     0.1022220799E-01     0.1199605482         0.2331545473         0.3080612709E-01     0.1008295465         0.3232052777         0.6994563539E-03     0.3997597006E-03     0.1207537446E-02
    0.1882704187E-01     0.2691446793E-01     0.3944899656E-01     0.2264765992         0.3377728272E-03     0.3860639446E-01     0.5417980824E-01     0.2004399284         0.3202084070E-01     0.6285463332E-01
    0.3319336897         0.7094622104E-03     0.2858455797E-01     0.1082378189         0.2492317209         0.2334496398E-01     0.4412331132E-01     0.1426599997         0.8162222593E-03     0.1516256675E-01
    0.9468800252E-01     0.1456420651         0.2869159020E-01     0.1002657260         0.2658401586         0.8687875540E-04     0.1707972898E-01     0.2584322948E-01     0.1783721407         0.1394540120E-01
    0.1909944817         0.4890507600E-01
 

 INTERMEDIATE RESULTS BEFORE NEXT TEMPERATURE REDUCTION

  CURRENT TEMPERATURE:             0.50226E-03
  MIN FUNCTION VALUE SO FAR:   0.147721201416996131E-02
  TOTAL MOVES:                     840
     DOWNHILL:                     650
     ACCEPTED UPHILL:              102
     REJECTED UPHILL:               88
  TRIALS OUT OF BOUNDS:            369
  NEW MINIMA THIS TEMPERATURE:       0

                         CURRENT OPTIMAL X
    0.9997050332         0.2738974079E-01     0.3376834088         0.6782643478         0.9068142797E-01     0.2454747815         0.8704048224         0.5066489924         0.2512342312E-01     0.1006782262    
    0.1841485110         0.7594125365E-01     0.8896485146E-01     0.8815423709         0.9999827530         0.1081437755         0.1258884786         0.9039690055         0.9032045976E-01     0.1637342567    
    0.8595467889         0.2006245892E-02     0.6053905512E-01     0.2906770654         0.5762576031         0.6718086666E-01     0.1308105394         0.3739151572         0.6392994172         0.4445259477E-01
    0.2698960665         0.4205351067         0.7058740967E-01     0.2216209886         0.7726805151         0.1436675502E-01     0.5024004534E-01     0.1234265790         0.3859102972         0.3640571883E-01
    0.5091776745         0.1142122258    

                         STEP LENGTH (VM)
    0.2022350277E-02     0.1022220799E-01     0.1199605482         0.2331545473         0.3080612709E-01     0.1008295465         0.3232052777         0.5021737398E-03     0.2284340901E-03     0.1860260253E-02
    0.1133385533E-01     0.2691446793E-01     0.3944899656E-01     0.2264765992         0.1947518928E-03     0.3860639446E-01     0.5417980824E-01     0.2004399284         0.3202084070E-01     0.6285463332E-01
    0.3319336897         0.7094622104E-03     0.2858455797E-01     0.1082378189         0.2492317209         0.2334496398E-01     0.4412331132E-01     0.1426599997         0.5557256753E-03     0.1516256675E-01
    0.9468800252E-01     0.1456420651         0.2869159020E-01     0.1002657260         0.2658401586         0.7722555844E-04     0.1707972898E-01     0.2584322948E-01     0.1783721407         0.1394540120E-01
    0.1909944817         0.4890507600E-01
 

 INTERMEDIATE RESULTS BEFORE NEXT TEMPERATURE REDUCTION

  CURRENT TEMPERATURE:             0.37670E-03
  MIN FUNCTION VALUE SO FAR:   0.145867721737189112E-02
  TOTAL MOVES:                     840
     DOWNHILL:                     624
     ACCEPTED UPHILL:              104
     REJECTED UPHILL:              112
  TRIALS OUT OF BOUNDS:            365
  NEW MINIMA THIS TEMPERATURE:       1

                         CURRENT OPTIMAL X
    0.9997050332         0.2738974079E-01     0.3132674721         0.6782643478         0.9068142797E-01     0.2454747815         0.8704048224         0.5066489924         0.2512342312E-01     0.1006782262    
    0.1841485110         0.7594125365E-01     0.8896485146E-01     0.8815423709         0.9999827530         0.1081437755         0.1258884786         0.9039690055         0.9032045976E-01     0.1637342567    
    0.8595467889         0.2006245892E-02     0.6053905512E-01     0.2906770654         0.5762576031         0.6718086666E-01     0.1308105394         0.3739151572         0.6392994172         0.4445259477E-01
    0.2698960665         0.4205351067         0.7058740967E-01     0.2216209886         0.7726805151         0.1436675502E-01     0.5024004534E-01     0.1234265790         0.3859102972         0.3640571883E-01
    0.5091776745         0.1142122258    

                         STEP LENGTH (VM)
    0.1036479756E-02     0.1022220799E-01     0.1199605482         0.2331545473         0.3080612709E-01     0.1008295465         0.3232052777         0.3826084870E-03     0.1186099949E-03     0.6962377357E-03
    0.6476488691E-02     0.2691446793E-01     0.3944899656E-01     0.2264765992         0.1274636039E-03     0.3860639446E-01     0.5417980824E-01     0.2004399284         0.3202084070E-01     0.6285463332E-01
    0.3319336897         0.7094622104E-03     0.2858455797E-01     0.1082378189         0.2492317209         0.2334496398E-01     0.4412331132E-01     0.1426599997         0.4939783106E-03     0.1516256675E-01
    0.9468800252E-01     0.1456420651         0.2869159020E-01     0.1002657260         0.2658401586         0.9239485703E-04     0.1707972898E-01     0.2584322948E-01     0.1783721407         0.1394540120E-01
    0.1909944817         0.4890507600E-01
 

 INTERMEDIATE RESULTS BEFORE NEXT TEMPERATURE REDUCTION

  CURRENT TEMPERATURE:             0.28252E-03
  MIN FUNCTION VALUE SO FAR:   0.144320501370532608E-02
  TOTAL MOVES:                     840
     DOWNHILL:                     637
     ACCEPTED UPHILL:              104
     REJECTED UPHILL:               99
  TRIALS OUT OF BOUNDS:            343
  NEW MINIMA THIS TEMPERATURE:       0

                         CURRENT OPTIMAL X
    0.9999425411         0.2829230316E-01     0.3456086040         0.6953006007         0.7715882319E-01     0.2259308449         0.7912201250         0.5066489924         0.2509486801E-01     0.1010030655    
    0.1849566909         0.6023084394E-01     0.8337224461E-01     0.9741991034         0.9999984254         0.1003730023         0.1111256931         0.8639031842         0.8780322312E-01     0.1506654193    
    0.8158041622         0.1748550816E-02     0.5830737733E-01     0.2566633316         0.5666523448         0.5119245914E-01     0.1186847774         0.4076572693         0.6395888399         0.3957228766E-01
    0.2698350058         0.3597851780         0.6239662107E-01     0.2396393748         0.6057788571         0.1436518187E-01     0.3581845787E-01     0.1255789763         0.5338538523         0.2992901079E-01
    0.4474832325         0.1023805067    

                         STEP LENGTH (VM)
    0.5381720678E-03     0.1022220799E-01     0.1199605482         0.2331545473         0.3080612709E-01     0.1008295465         0.3232052777         0.2147977262E-03     0.2322778601E-03     0.1860259890E-02
    0.8635317450E-02     0.2691446793E-01     0.3944899656E-01     0.2264765992         0.5142739277E-04     0.3860639446E-01     0.5417980824E-01     0.2004399284         0.3202084070E-01     0.6285463332E-01
    0.3319336897         0.7094622104E-03     0.2858455797E-01     0.1082378189         0.2492317209         0.2334496398E-01     0.4412331132E-01     0.1426599997         0.3204183591E-03     0.1516256675E-01
    0.9468800252E-01     0.1456420651         0.2869159020E-01     0.1002657260         0.2658401586         0.9239485703E-04     0.1707972898E-01     0.2584322948E-01     0.1783721407         0.1394540120E-01
    0.1909944817         0.4890507600E-01
 

  SA ACHIEVED TERMINATION CRITERIA. IER = 0. 


  ****   RESULTS AFTER SA   ****   

                         SOLUTION
    0.9999425411         0.2829230316E-01     0.3456086040         0.6953006007         0.7715882319E-01     0.2259308449         0.7912201250         0.5066489924         0.2509486801E-01     0.1010030655    
    0.1849566909         0.6023084394E-01     0.8337224461E-01     0.9741991034         0.9999984254         0.1003730023         0.1111256931         0.8639031842         0.8780322312E-01     0.1506654193    
    0.8158041622         0.1748550816E-02     0.5830737733E-01     0.2566633316         0.5666523448         0.5119245914E-01     0.1186847774         0.4076572693         0.6395888399         0.3957228766E-01
    0.2698350058         0.3597851780         0.6239662107E-01     0.2396393748         0.6057788571         0.1436518187E-01     0.3581845787E-01     0.1255789763         0.5338538523         0.2992901079E-01
    0.4474832325         0.1023805067    

                         FINAL STEP LENGTH
    0.5381720678E-03     0.1022220799E-01     0.1199605482         0.2331545473         0.3080612709E-01     0.1008295465         0.3232052777         0.2147977262E-03     0.2322778601E-03     0.1860259890E-02
    0.8635317450E-02     0.2691446793E-01     0.3944899656E-01     0.2264765992         0.5142739277E-04     0.3860639446E-01     0.5417980824E-01     0.2004399284         0.3202084070E-01     0.6285463332E-01
    0.3319336897         0.7094622104E-03     0.2858455797E-01     0.1082378189         0.2492317209         0.2334496398E-01     0.4412331132E-01     0.1426599997         0.3204183591E-03     0.1516256675E-01
    0.9468800252E-01     0.1456420651         0.2869159020E-01     0.1002657260         0.2658401586         0.9239485703E-04     0.1707972898E-01     0.2584322948E-01     0.1783721407         0.1394540120E-01
    0.1909944817         0.4890507600E-01

 OPTIMAL FUNCTION VALUE:  0.1443205013705E-02
 NUMBER OF FUNCTION EVALUATIONS:          29401
 NUMBER OF ACCEPTED EVALUATIONS:          27070
 NUMBER OF OUT OF BOUND EVALUATIONS:      13754
 FINAL TEMP:  0.2825224473393E-03  IER:   0
