
 SIMULATED PARALLEL ANNEALING by NEIGHBORHOOD EXAMPLE

 NUMBER OF PARAMETERS:  42   MAXIMAZATION:     F
 INITIAL TEMP:  5.0       RT: 0.75       EPS: 0.10E-02
 NS:  24   NT:   5   NEPS:  4
 MAXEVL:  100000000   IPRINT: 1   ISEED1:    7 ISEED2:    8

                         STARTING VALUES
    0.9999926132         0.2894198463E-01     0.2920638653         0.5903291680         0.6792666907E-01     0.3067978864         0.9458405881         0.5555998252         0.4087267660E-01     0.1565092389    
    0.2534719906         0.8596908436E-01     0.9911920324E-01     0.9893588821         0.9999976317         0.9778755152E-01     0.1468528933         0.7069408302         0.6140064387E-01     0.1700685505    
    0.9233308915         0.1618106973E-02     0.5887676017E-01     0.2620177920         0.6126546041         0.7009953859E-01     0.1658924558         0.4432810149         0.8198734836         0.3562237493E-01
    0.3128275577         0.3661938215         0.7392658694E-01     0.2778075953         0.6150116005         0.1623765966E-01     0.4363631134E-01     0.1184678201         0.4333160450         0.5056831078E-01
    0.3860764304         0.1177557631    

                         INITIAL STEP LENGTH
    0.2000059094         0.1157679385E-01     0.1168255461         0.2361316672         0.2717066763E-01     0.1227191546         0.2433275295         0.2222399301         0.1634907064E-01     0.6260369556E-01
    0.1013887962         0.3438763374E-01     0.3964768130E-01     0.2085128943         0.2000018946         0.3911502061E-01     0.5874115732E-01     0.2827763321         0.2456025755E-01     0.6802742020E-01
    0.2613352868         0.6472427892E-03     0.2355070407E-01     0.1048071168         0.2450618416         0.2803981544E-01     0.6635698232E-01     0.1773124060         0.3279493934         0.1424894997E-01
    0.1251310231         0.1464775286         0.2957063478E-01     0.1111230381         0.2460046402         0.6495063864E-02     0.1745452454E-01     0.4738712804E-01     0.1733264180         0.2022732431E-01
    0.1544305722         0.4710230524E-01

                         LOWER BOUND
    0.7999940906         0.2315358770E-01     0.2336510922         0.4722633344         0.5434133526E-01     0.2454383091         0.7566724705         0.4444798602         0.3269814128E-01     0.1252073911    
    0.2027775925         0.6877526749E-01     0.7929536259E-01     0.7914871057         0.7999981054         0.7823004122E-01     0.1174823146         0.5655526642         0.4912051510E-01     0.1360548404    
    0.7386647132         0.1294485578E-02     0.4710140814E-01     0.2096142336         0.4901236833         0.5607963087E-01     0.1327139646         0.3546248119         0.6558987869         0.2849789994E-01
    0.2502620462         0.2929550572         0.5914126955E-01     0.2222460762         0.4920092804         0.1299012773E-01     0.3490904907E-01     0.9477425608E-01     0.3466528360         0.4045464862E-01
    0.3088611443         0.9420461048E-01

                         UPPER BOUND
     1.000000000         0.3473038156E-01     0.3504766384         0.7083950016         0.8151200288E-01     0.3681574637          1.000000000         0.6667197902         0.4904721192E-01     0.1878110867    
    0.3041663887         0.1031629012         0.1189430439          1.000000000          1.000000000         0.1173450618         0.1762234720         0.8483289962         0.7368077264E-01     0.2040822606    
     1.000000000         0.1941728368E-02     0.7065211220E-01     0.3144213504         0.7351855249         0.8411944631E-01     0.1990709470         0.5319372179         0.9838481803         0.4274684992E-01
    0.3753930692         0.4394325858         0.8871190433E-01     0.3333691144         0.7380139206         0.1948519159E-01     0.5236357361E-01     0.1421613841         0.5199792540         0.6068197294E-01
    0.4632917165         0.1413069157    

                         C VECTOR
     2.000000000          2.000000000          2.000000000          2.000000000          2.000000000          2.000000000          2.000000000          2.000000000          2.000000000          2.000000000    
     2.000000000          2.000000000          2.000000000          2.000000000          2.000000000          2.000000000          2.000000000          2.000000000          2.000000000          2.000000000    
     2.000000000          2.000000000          2.000000000          2.000000000          2.000000000          2.000000000          2.000000000          2.000000000          2.000000000          2.000000000    
     2.000000000          2.000000000          2.000000000          2.000000000          2.000000000          2.000000000          2.000000000          2.000000000          2.000000000          2.000000000    
     2.000000000          2.000000000    

  ****   END OF DRIVER ROUTINE OUTPUT   ****
  ****   BEFORE CALL TO SA.             ****
  

                         INITIAL X
    0.9999926132         0.2894198463E-01     0.2920638653         0.5903291680         0.6792666907E-01     0.3067978864         0.9458405881         0.5555998252         0.4087267660E-01     0.1565092389    
    0.2534719906         0.8596908436E-01     0.9911920324E-01     0.9893588821         0.9999976317         0.9778755152E-01     0.1468528933         0.7069408302         0.6140064387E-01     0.1700685505    
    0.9233308915         0.1618106973E-02     0.5887676017E-01     0.2620177920         0.6126546041         0.7009953859E-01     0.1658924558         0.4432810149         0.8198734836         0.3562237493E-01
    0.3128275577         0.3661938215         0.7392658694E-01     0.2778075953         0.6150116005         0.1623765966E-01     0.4363631134E-01     0.1184678201         0.4333160450         0.5056831078E-01
    0.3860764304         0.1177557631    
  INITIAL F: 
 0.899408704878361942E-01

 INTERMEDIATE RESULTS BEFORE NEXT TEMPERATURE REDUCTION

  CURRENT TEMPERATURE:              5.0000    
  MIN FUNCTION VALUE SO FAR:   0.579477616921551635E-02
  TOTAL MOVES:                     840
     DOWNHILL:                     638
     ACCEPTED UPHILL:              197
     REJECTED UPHILL:                5
  TRIALS OUT OF BOUNDS:            418
  NEW MINIMA THIS TEMPERATURE:       5

                         CURRENT OPTIMAL X
    0.8162470408         0.2591105659E-01     0.2426930377         0.5034312576         0.7029852915E-01     0.3186128671         0.8674381391         0.5670040826         0.3906754006E-01     0.1724300862    
    0.2804667107         0.9530949359E-01     0.8881090337E-01     0.9028501754         0.9931057038         0.1147315560         0.1717487223         0.6548005595         0.5506762504E-01     0.1609839272    
    0.7671235368         0.1933220342E-02     0.6763963594E-01     0.2410574506         0.7263246311         0.7256038888E-01     0.1717936937         0.3984507126         0.8051630990         0.3100655084E-01
    0.3664594244         0.3201036108         0.8812368946E-01     0.2399550599         0.6705915255         0.1309530289E-01     0.5019555752E-01     0.1300886314         0.4041121851         0.4667653423E-01
    0.3821216245         0.1064923086    

                         STEP LENGTH (VM)
    0.2000059094         0.1157679385E-01     0.1168255461         0.2361316672         0.2717066763E-01     0.1227191546         0.2433275295         0.2222399301         0.1634907064E-01     0.6260369556E-01
    0.1013887962         0.3438763374E-01     0.3964768130E-01     0.2085128943         0.2000018946         0.3911502061E-01     0.5874115732E-01     0.2827763321         0.2456025755E-01     0.6802742020E-01
    0.2613352868         0.6472427892E-03     0.2355070407E-01     0.1048071168         0.2450618416         0.2803981544E-01     0.6635698232E-01     0.1773124060         0.3279493934         0.1424894997E-01
    0.1251310231         0.1464775286         0.2957063478E-01     0.1111230381         0.2460046402         0.6495063864E-02     0.1745452454E-01     0.4738712804E-01     0.1733264180         0.2022732431E-01
    0.1544305722         0.4710230524E-01
 

 INTERMEDIATE RESULTS BEFORE NEXT TEMPERATURE REDUCTION

  CURRENT TEMPERATURE:              3.7500    
  MIN FUNCTION VALUE SO FAR:   0.463141331828201969E-02
  TOTAL MOVES:                     840
     DOWNHILL:                     623
     ACCEPTED UPHILL:              211
     REJECTED UPHILL:                6
  TRIALS OUT OF BOUNDS:            414
  NEW MINIMA THIS TEMPERATURE:       0

                         CURRENT OPTIMAL X
    0.8739188850         0.2914956242E-01     0.3363204779         0.5978763749         0.6789949875E-01     0.2507304817         0.9599359281         0.4883795563         0.3981328956E-01     0.1546490372    
    0.2780692715         0.8242436490E-01     0.1118358779         0.8998565867         0.9852635776         0.1087418661         0.1567375440         0.5690864716         0.5859596210E-01     0.1728408481    
    0.8212404291         0.1911835333E-02     0.4783444226E-01     0.3064844547         0.5607237660         0.6580118733E-01     0.1554236761         0.4640935476         0.7135660208         0.3035529804E-01
    0.3542319307         0.2935356253         0.6080409005E-01     0.2839849949         0.6138071801         0.1447282134E-01     0.4070868937E-01     0.1133698533         0.4216844497         0.4046427086E-01
    0.3159778011         0.1288121352    

                         STEP LENGTH (VM)
    0.2000059094         0.1157679385E-01     0.1168255461         0.2361316672         0.2717066763E-01     0.1227191546         0.2433275295         0.2222399301         0.1634907064E-01     0.6260369556E-01
    0.1013887962         0.3438763374E-01     0.3964768130E-01     0.2085128943         0.2000018946         0.3911502061E-01     0.5874115732E-01     0.2827763321         0.2456025755E-01     0.6802742020E-01
    0.2613352868         0.6472427892E-03     0.2355070407E-01     0.1048071168         0.2450618416         0.2803981544E-01     0.6635698232E-01     0.1773124060         0.3279493934         0.1424894997E-01
    0.1251310231         0.1464775286         0.2957063478E-01     0.1111230381         0.2460046402         0.6495063864E-02     0.1745452454E-01     0.4738712804E-01     0.1733264180         0.2022732431E-01
    0.1544305722         0.4710230524E-01
 

 INTERMEDIATE RESULTS BEFORE NEXT TEMPERATURE REDUCTION

  CURRENT TEMPERATURE:              2.8125    
  MIN FUNCTION VALUE SO FAR:   0.116492332825328805E-02
  TOTAL MOVES:                     840
     DOWNHILL:                     623
     ACCEPTED UPHILL:              210
     REJECTED UPHILL:                7
  TRIALS OUT OF BOUNDS:            406
  NEW MINIMA THIS TEMPERATURE:       0

                         CURRENT OPTIMAL X
    0.9019455429         0.3209785998E-01     0.3261238357         0.6046957308         0.6996338537E-01     0.3387539759         0.9785922247         0.6047066007         0.4527405345E-01     0.1396946595    
    0.2906372231         0.7977790807E-01     0.9332376617E-01     0.9249234984         0.9812218675         0.8498096625E-01     0.1279249273         0.8308509910         0.7235679901E-01     0.1401846805    
    0.8535563947         0.1440986289E-02     0.5790252710E-01     0.2811418304         0.7225797482         0.7488025137E-01     0.1335513879         0.4129242367         0.8443186031         0.2901947767E-01
    0.2649881826         0.3365251657         0.7088908715E-01     0.3230443360         0.7316731326         0.1347878585E-01     0.3757502925E-01     0.1419698581         0.4559106818         0.4064321352E-01
    0.3382870659         0.1044328243    

                         STEP LENGTH (VM)
    0.2000059094         0.1157679385E-01     0.1168255461         0.2361316672         0.2717066763E-01     0.1227191546         0.2433275295         0.2222399301         0.1634907064E-01     0.6260369556E-01
    0.1013887962         0.3438763374E-01     0.3964768130E-01     0.2085128943         0.2000018946         0.3911502061E-01     0.5874115732E-01     0.2827763321         0.2456025755E-01     0.6802742020E-01
    0.2613352868         0.6472427892E-03     0.2355070407E-01     0.1048071168         0.2450618416         0.2803981544E-01     0.6635698232E-01     0.1773124060         0.3279493934         0.1424894997E-01
    0.1251310231         0.1464775286         0.2957063478E-01     0.1111230381         0.2460046402         0.6495063864E-02     0.1745452454E-01     0.4738712804E-01     0.1733264180         0.2022732431E-01
    0.1544305722         0.4710230524E-01
 

 INTERMEDIATE RESULTS BEFORE NEXT TEMPERATURE REDUCTION

  CURRENT TEMPERATURE:              2.1094    
  MIN FUNCTION VALUE SO FAR:   0.116492332825328805E-02
  TOTAL MOVES:                     840
     DOWNHILL:                     612
     ACCEPTED UPHILL:              222
     REJECTED UPHILL:                6
  TRIALS OUT OF BOUNDS:            407
  NEW MINIMA THIS TEMPERATURE:       0

                         CURRENT OPTIMAL X
    0.9019455429         0.3209785998E-01     0.3261238357         0.6046957308         0.6996338537E-01     0.3387539759         0.9785922247         0.6047066007         0.4527405345E-01     0.1396946595    
    0.2906372231         0.7977790807E-01     0.9332376617E-01     0.9249234984         0.9812218675         0.8498096625E-01     0.1279249273         0.8308509910         0.7235679901E-01     0.1401846805    
    0.8535563947         0.1440986289E-02     0.5790252710E-01     0.2811418304         0.7225797482         0.7488025137E-01     0.1335513879         0.4129242367         0.8443186031         0.2901947767E-01
    0.2649881826         0.3365251657         0.7088908715E-01     0.3230443360         0.7316731326         0.1347878585E-01     0.3757502925E-01     0.1419698581         0.4559106818         0.4064321352E-01
    0.3382870659         0.1044328243    

                         STEP LENGTH (VM)
    0.2000059094         0.1157679385E-01     0.1168255461         0.2361316672         0.2717066763E-01     0.1227191546         0.2433275295         0.2222399301         0.1634907064E-01     0.6260369556E-01
    0.1013887962         0.3438763374E-01     0.3964768130E-01     0.2085128943         0.2000018946         0.3911502061E-01     0.5874115732E-01     0.2827763321         0.2456025755E-01     0.6802742020E-01
    0.2613352868         0.6472427892E-03     0.2355070407E-01     0.1048071168         0.2450618416         0.2803981544E-01     0.6635698232E-01     0.1773124060         0.3279493934         0.1424894997E-01
    0.1251310231         0.1464775286         0.2957063478E-01     0.1111230381         0.2460046402         0.6495063864E-02     0.1745452454E-01     0.4738712804E-01     0.1733264180         0.2022732431E-01
    0.1544305722         0.4710230524E-01
 

 INTERMEDIATE RESULTS BEFORE NEXT TEMPERATURE REDUCTION

  CURRENT TEMPERATURE:              1.5820    
  MIN FUNCTION VALUE SO FAR:   0.116492332825328805E-02
  TOTAL MOVES:                     840
     DOWNHILL:                     629
     ACCEPTED UPHILL:              198
     REJECTED UPHILL:               13
  TRIALS OUT OF BOUNDS:            403
  NEW MINIMA THIS TEMPERATURE:       0

                         CURRENT OPTIMAL X
    0.9019455429         0.3209785998E-01     0.3261238357         0.6046957308         0.6996338537E-01     0.3387539759         0.9785922247         0.6047066007         0.4527405345E-01     0.1396946595    
    0.2906372231         0.7977790807E-01     0.9332376617E-01     0.9249234984         0.9812218675         0.8498096625E-01     0.1279249273         0.8308509910         0.7235679901E-01     0.1401846805    
    0.8535563947         0.1440986289E-02     0.5790252710E-01     0.2811418304         0.7225797482         0.7488025137E-01     0.1335513879         0.4129242367         0.8443186031         0.2901947767E-01
    0.2649881826         0.3365251657         0.7088908715E-01     0.3230443360         0.7316731326         0.1347878585E-01     0.3757502925E-01     0.1419698581         0.4559106818         0.4064321352E-01
    0.3382870659         0.1044328243    

                         STEP LENGTH (VM)
    0.2000059094         0.1157679385E-01     0.1168255461         0.2361316672         0.2717066763E-01     0.1227191546         0.2433275295         0.2222399301         0.1634907064E-01     0.6260369556E-01
    0.1013887962         0.3438763374E-01     0.3964768130E-01     0.2085128943         0.2000018946         0.3911502061E-01     0.5874115732E-01     0.2827763321         0.2456025755E-01     0.6802742020E-01
    0.2613352868         0.6472427892E-03     0.2355070407E-01     0.1048071168         0.2450618416         0.2803981544E-01     0.6635698232E-01     0.1773124060         0.3279493934         0.1424894997E-01
    0.1251310231         0.1464775286         0.2957063478E-01     0.1111230381         0.2460046402         0.6495063864E-02     0.1745452454E-01     0.4738712804E-01     0.1733264180         0.2022732431E-01
    0.1544305722         0.4710230524E-01
 

 INTERMEDIATE RESULTS BEFORE NEXT TEMPERATURE REDUCTION

  CURRENT TEMPERATURE:              1.1865    
  MIN FUNCTION VALUE SO FAR:   0.116492332825328805E-02
  TOTAL MOVES:                     840
     DOWNHILL:                     622
     ACCEPTED UPHILL:              200
     REJECTED UPHILL:               18
  TRIALS OUT OF BOUNDS:            378
  NEW MINIMA THIS TEMPERATURE:       0

                         CURRENT OPTIMAL X
    0.9019455429         0.3209785998E-01     0.3261238357         0.6046957308         0.6996338537E-01     0.3387539759         0.9785922247         0.6047066007         0.4527405345E-01     0.1396946595    
    0.2906372231         0.7977790807E-01     0.9332376617E-01     0.9249234984         0.9812218675         0.8498096625E-01     0.1279249273         0.8308509910         0.7235679901E-01     0.1401846805    
    0.8535563947         0.1440986289E-02     0.5790252710E-01     0.2811418304         0.7225797482         0.7488025137E-01     0.1335513879         0.4129242367         0.8443186031         0.2901947767E-01
    0.2649881826         0.3365251657         0.7088908715E-01     0.3230443360         0.7316731326         0.1347878585E-01     0.3757502925E-01     0.1419698581         0.4559106818         0.4064321352E-01
    0.3382870659         0.1044328243    

                         STEP LENGTH (VM)
    0.2000059094         0.1157679385E-01     0.1168255461         0.2361316672         0.2717066763E-01     0.1227191546         0.2433275295         0.2222399301         0.1634907064E-01     0.6260369556E-01
    0.1013887962         0.3438763374E-01     0.3964768130E-01     0.2085128943         0.2000018946         0.3911502061E-01     0.5874115732E-01     0.2827763321         0.2456025755E-01     0.6802742020E-01
    0.2613352868         0.6472427892E-03     0.2355070407E-01     0.1048071168         0.2450618416         0.2803981544E-01     0.6635698232E-01     0.1773124060         0.3279493934         0.1424894997E-01
    0.1251310231         0.1464775286         0.2957063478E-01     0.1111230381         0.2460046402         0.6495063864E-02     0.1745452454E-01     0.4738712804E-01     0.1733264180         0.2022732431E-01
    0.1544305722         0.4710230524E-01
 

 INTERMEDIATE RESULTS BEFORE NEXT TEMPERATURE REDUCTION

  CURRENT TEMPERATURE:             0.88989    
  MIN FUNCTION VALUE SO FAR:   0.756257139543791974E-03
  TOTAL MOVES:                     840
     DOWNHILL:                     601
     ACCEPTED UPHILL:              225
     REJECTED UPHILL:               14
  TRIALS OUT OF BOUNDS:            421
  NEW MINIMA THIS TEMPERATURE:       0

                         CURRENT OPTIMAL X
    0.8544613871         0.2965649553E-01     0.2912177423         0.6863624428         0.7881798255E-01     0.2859006202         0.8021320002         0.6027249195         0.4562385981E-01     0.1861268723    
    0.2171424420         0.7468898299E-01     0.8143619875E-01     0.9478847019         0.9938137184         0.1163930172         0.1228568600         0.6394506223         0.6248952747E-01     0.1623850016    
    0.9686880524         0.1470124108E-02     0.6606176470E-01     0.3139014196         0.5419962693         0.5952088769E-01     0.1901394406         0.4703741328         0.8553096824         0.3584448056E-01
    0.3651510811         0.3137682795         0.7559178688E-01     0.2515261661         0.6495416764         0.1618081184E-01     0.5087971884E-01     0.1205664522         0.4094631264         0.4639472735E-01
    0.3130054306         0.1066141071    

                         STEP LENGTH (VM)
    0.2000059094         0.1157679385E-01     0.1168255461         0.2361316672         0.2717066763E-01     0.1227191546         0.2433275295         0.2222399301         0.1634907064E-01     0.6260369556E-01
    0.1013887962         0.3438763374E-01     0.3964768130E-01     0.2085128943         0.2000018946         0.3911502061E-01     0.5874115732E-01     0.2827763321         0.2456025755E-01     0.6802742020E-01
    0.2613352868         0.6472427892E-03     0.2355070407E-01     0.1048071168         0.2450618416         0.2803981544E-01     0.6635698232E-01     0.1773124060         0.3279493934         0.1424894997E-01
    0.1251310231         0.1464775286         0.2957063478E-01     0.1111230381         0.2460046402         0.6495063864E-02     0.1745452454E-01     0.4738712804E-01     0.1733264180         0.2022732431E-01
    0.1544305722         0.4710230524E-01
 

 INTERMEDIATE RESULTS BEFORE NEXT TEMPERATURE REDUCTION

  CURRENT TEMPERATURE:             0.66742    
  MIN FUNCTION VALUE SO FAR:   0.756257139543791974E-03
  TOTAL MOVES:                     840
     DOWNHILL:                     623
     ACCEPTED UPHILL:              201
     REJECTED UPHILL:               16
  TRIALS OUT OF BOUNDS:            428
  NEW MINIMA THIS TEMPERATURE:       0

                         CURRENT OPTIMAL X
    0.8544613871         0.2965649553E-01     0.2912177423         0.6863624428         0.7881798255E-01     0.2859006202         0.8021320002         0.6027249195         0.4562385981E-01     0.1861268723    
    0.2171424420         0.7468898299E-01     0.8143619875E-01     0.9478847019         0.9938137184         0.1163930172         0.1228568600         0.6394506223         0.6248952747E-01     0.1623850016    
    0.9686880524         0.1470124108E-02     0.6606176470E-01     0.3139014196         0.5419962693         0.5952088769E-01     0.1901394406         0.4703741328         0.8553096824         0.3584448056E-01
    0.3651510811         0.3137682795         0.7559178688E-01     0.2515261661         0.6495416764         0.1618081184E-01     0.5087971884E-01     0.1205664522         0.4094631264         0.4639472735E-01
    0.3130054306         0.1066141071    

                         STEP LENGTH (VM)
    0.2000059094         0.1157679385E-01     0.1168255461         0.2361316672         0.2717066763E-01     0.1227191546         0.2433275295         0.2222399301         0.1634907064E-01     0.6260369556E-01
    0.1013887962         0.3438763374E-01     0.3964768130E-01     0.2085128943         0.2000018946         0.3911502061E-01     0.5874115732E-01     0.2827763321         0.2456025755E-01     0.6802742020E-01
    0.2613352868         0.6472427892E-03     0.2355070407E-01     0.1048071168         0.2450618416         0.2803981544E-01     0.6635698232E-01     0.1773124060         0.3279493934         0.1424894997E-01
    0.1251310231         0.1464775286         0.2957063478E-01     0.1111230381         0.2460046402         0.6495063864E-02     0.1745452454E-01     0.4738712804E-01     0.1733264180         0.2022732431E-01
    0.1544305722         0.4710230524E-01
 

 INTERMEDIATE RESULTS BEFORE NEXT TEMPERATURE REDUCTION

  CURRENT TEMPERATURE:             0.50056    
  MIN FUNCTION VALUE SO FAR:   0.756257139543791974E-03
  TOTAL MOVES:                     840
     DOWNHILL:                     622
     ACCEPTED UPHILL:              196
     REJECTED UPHILL:               22
  TRIALS OUT OF BOUNDS:            406
  NEW MINIMA THIS TEMPERATURE:       0

                         CURRENT OPTIMAL X
    0.8544613871         0.2965649553E-01     0.2912177423         0.6863624428         0.7881798255E-01     0.2859006202         0.8021320002         0.6027249195         0.4562385981E-01     0.1861268723    
    0.2171424420         0.7468898299E-01     0.8143619875E-01     0.9478847019         0.9938137184         0.1163930172         0.1228568600         0.6394506223         0.6248952747E-01     0.1623850016    
    0.9686880524         0.1470124108E-02     0.6606176470E-01     0.3139014196         0.5419962693         0.5952088769E-01     0.1901394406         0.4703741328         0.8553096824         0.3584448056E-01
    0.3651510811         0.3137682795         0.7559178688E-01     0.2515261661         0.6495416764         0.1618081184E-01     0.5087971884E-01     0.1205664522         0.4094631264         0.4639472735E-01
    0.3130054306         0.1066141071    

                         STEP LENGTH (VM)
    0.2000059094         0.1157679385E-01     0.1168255461         0.2361316672         0.2717066763E-01     0.1227191546         0.2433275295         0.2222399301         0.1634907064E-01     0.6260369556E-01
    0.1013887962         0.3438763374E-01     0.3964768130E-01     0.2085128943         0.1945963962         0.3911502061E-01     0.5874115732E-01     0.2827763321         0.2456025755E-01     0.6802742020E-01
    0.2613352868         0.6472427892E-03     0.2355070407E-01     0.1048071168         0.2450618416         0.2803981544E-01     0.6635698232E-01     0.1773124060         0.3279493934         0.1424894997E-01
    0.1251310231         0.1464775286         0.2957063478E-01     0.1111230381         0.2460046402         0.6495063864E-02     0.1745452454E-01     0.4738712804E-01     0.1733264180         0.2022732431E-01
    0.1544305722         0.4710230524E-01
 

 INTERMEDIATE RESULTS BEFORE NEXT TEMPERATURE REDUCTION

  CURRENT TEMPERATURE:             0.37542    
  MIN FUNCTION VALUE SO FAR:   0.756257139543791974E-03
  TOTAL MOVES:                     840
     DOWNHILL:                     619
     ACCEPTED UPHILL:              198
     REJECTED UPHILL:               23
  TRIALS OUT OF BOUNDS:            406
  NEW MINIMA THIS TEMPERATURE:       0

                         CURRENT OPTIMAL X
    0.8544613871         0.2965649553E-01     0.2912177423         0.6863624428         0.7881798255E-01     0.2859006202         0.8021320002         0.6027249195         0.4562385981E-01     0.1861268723    
    0.2171424420         0.7468898299E-01     0.8143619875E-01     0.9478847019         0.9938137184         0.1163930172         0.1228568600         0.6394506223         0.6248952747E-01     0.1623850016    
    0.9686880524         0.1470124108E-02     0.6606176470E-01     0.3139014196         0.5419962693         0.5952088769E-01     0.1901394406         0.4703741328         0.8553096824         0.3584448056E-01
    0.3651510811         0.3137682795         0.7559178688E-01     0.2515261661         0.6495416764         0.1618081184E-01     0.5087971884E-01     0.1205664522         0.4094631264         0.4639472735E-01
    0.3130054306         0.1066141071    

                         STEP LENGTH (VM)
    0.2000059094         0.1157679385E-01     0.1168255461         0.2361316672         0.2717066763E-01     0.1227191546         0.2433275295         0.2222399301         0.1634907064E-01     0.6260369556E-01
    0.1013887962         0.3438763374E-01     0.3964768130E-01     0.2085128943         0.1250976545         0.3911502061E-01     0.5874115732E-01     0.2827763321         0.2456025755E-01     0.6802742020E-01
    0.2613352868         0.6472427892E-03     0.2355070407E-01     0.1048071168         0.2450618416         0.2803981544E-01     0.6635698232E-01     0.1773124060         0.3279493934         0.1424894997E-01
    0.1251310231         0.1464775286         0.2957063478E-01     0.1111230381         0.2460046402         0.6495063864E-02     0.1745452454E-01     0.4738712804E-01     0.1733264180         0.2022732431E-01
    0.1544305722         0.4710230524E-01
 

 INTERMEDIATE RESULTS BEFORE NEXT TEMPERATURE REDUCTION

  CURRENT TEMPERATURE:             0.28157    
  MIN FUNCTION VALUE SO FAR:   0.756257139543791974E-03
  TOTAL MOVES:                     840
     DOWNHILL:                     618
     ACCEPTED UPHILL:              197
     REJECTED UPHILL:               25
  TRIALS OUT OF BOUNDS:            422
  NEW MINIMA THIS TEMPERATURE:       0

                         CURRENT OPTIMAL X
    0.8544613871         0.2965649553E-01     0.2912177423         0.6863624428         0.7881798255E-01     0.2859006202         0.8021320002         0.6027249195         0.4562385981E-01     0.1861268723    
    0.2171424420         0.7468898299E-01     0.8143619875E-01     0.9478847019         0.9938137184         0.1163930172         0.1228568600         0.6394506223         0.6248952747E-01     0.1623850016    
    0.9686880524         0.1470124108E-02     0.6606176470E-01     0.3139014196         0.5419962693         0.5952088769E-01     0.1901394406         0.4703741328         0.8553096824         0.3584448056E-01
    0.3651510811         0.3137682795         0.7559178688E-01     0.2515261661         0.6495416764         0.1618081184E-01     0.5087971884E-01     0.1205664522         0.4094631264         0.4639472735E-01
    0.3130054306         0.1066141071    

                         STEP LENGTH (VM)
    0.2000059094         0.1157679385E-01     0.1168255461         0.2361316672         0.2717066763E-01     0.1227191546         0.2433275295         0.2222399301         0.1634907064E-01     0.6260369556E-01
    0.1013887962         0.3438763374E-01     0.3964768130E-01     0.2085128943         0.9382323913E-01     0.3911502061E-01     0.5874115732E-01     0.2827763321         0.2456025755E-01     0.6802742020E-01
    0.2613352868         0.6472427892E-03     0.2355070407E-01     0.1048071168         0.2450618416         0.2803981544E-01     0.6635698232E-01     0.1773124060         0.3279493934         0.1424894997E-01
    0.1251310231         0.1464775286         0.2957063478E-01     0.1111230381         0.2460046402         0.6495063864E-02     0.1745452454E-01     0.4738712804E-01     0.1733264180         0.2022732431E-01
    0.1544305722         0.4710230524E-01
 

 INTERMEDIATE RESULTS BEFORE NEXT TEMPERATURE REDUCTION

  CURRENT TEMPERATURE:             0.21118    
  MIN FUNCTION VALUE SO FAR:   0.756257139543791974E-03
  TOTAL MOVES:                     840
     DOWNHILL:                     609
     ACCEPTED UPHILL:              198
     REJECTED UPHILL:               33
  TRIALS OUT OF BOUNDS:            403
  NEW MINIMA THIS TEMPERATURE:       0

                         CURRENT OPTIMAL X
    0.8544613871         0.2965649553E-01     0.2912177423         0.6863624428         0.7881798255E-01     0.2859006202         0.8021320002         0.6027249195         0.4562385981E-01     0.1861268723    
    0.2171424420         0.7468898299E-01     0.8143619875E-01     0.9478847019         0.9938137184         0.1163930172         0.1228568600         0.6394506223         0.6248952747E-01     0.1623850016    
    0.9686880524         0.1470124108E-02     0.6606176470E-01     0.3139014196         0.5419962693         0.5952088769E-01     0.1901394406         0.4703741328         0.8553096824         0.3584448056E-01
    0.3651510811         0.3137682795         0.7559178688E-01     0.2515261661         0.6495416764         0.1618081184E-01     0.5087971884E-01     0.1205664522         0.4094631264         0.4639472735E-01
    0.3130054306         0.1066141071    

                         STEP LENGTH (VM)
    0.2000059094         0.1157679385E-01     0.1168255461         0.2361316672         0.2717066763E-01     0.1227191546         0.2433275295         0.2222399301         0.1634907064E-01     0.6260369556E-01
    0.1013887962         0.3438763374E-01     0.3964768130E-01     0.2085128943         0.5361327893E-01     0.3911502061E-01     0.5874115732E-01     0.2827763321         0.2456025755E-01     0.6802742020E-01
    0.2613352868         0.6472427892E-03     0.2355070407E-01     0.1048071168         0.2450618416         0.2803981544E-01     0.6635698232E-01     0.1773124060         0.3279493934         0.1424894997E-01
    0.1251310231         0.1464775286         0.2957063478E-01     0.1111230381         0.2460046402         0.6495063864E-02     0.1745452454E-01     0.4738712804E-01     0.1733264180         0.2022732431E-01
    0.1544305722         0.4710230524E-01
 

 INTERMEDIATE RESULTS BEFORE NEXT TEMPERATURE REDUCTION

  CURRENT TEMPERATURE:             0.15838    
  MIN FUNCTION VALUE SO FAR:   0.255251734052124924E-03
  TOTAL MOVES:                     840
     DOWNHILL:                     600
     ACCEPTED UPHILL:              199
     REJECTED UPHILL:               41
  TRIALS OUT OF BOUNDS:            414
  NEW MINIMA THIS TEMPERATURE:       1

                         CURRENT OPTIMAL X
    0.8709749962         0.2532076156E-01     0.3345162613         0.6863624428         0.7881798255E-01     0.2859006202         0.8021320002         0.6027249195         0.4562385981E-01     0.1861268723    
    0.2171424420         0.7468898299E-01     0.8143619875E-01     0.9478847019         0.9938137184         0.1163930172         0.1228568600         0.6394506223         0.6248952747E-01     0.1623850016    
    0.9686880524         0.1470124108E-02     0.6606176470E-01     0.3139014196         0.5419962693         0.5952088769E-01     0.1901394406         0.4703741328         0.8553096824         0.3584448056E-01
    0.3651510811         0.3137682795         0.7559178688E-01     0.2515261661         0.6495416764         0.1618081184E-01     0.5087971884E-01     0.1205664522         0.4094631264         0.4639472735E-01
    0.3130054306         0.1066141071    

                         STEP LENGTH (VM)
    0.2000059094         0.1157679385E-01     0.1168255461         0.2361316672         0.2717066763E-01     0.1227191546         0.2433275295         0.1441556283         0.1634907064E-01     0.6260369556E-01
    0.1013887962         0.3438763374E-01     0.3964768130E-01     0.2085128943         0.6785429155E-01     0.3911502061E-01     0.5874115732E-01     0.2827763321         0.2456025755E-01     0.6802742020E-01
    0.2613352868         0.6472427892E-03     0.2355070407E-01     0.1048071168         0.2450618416         0.2803981544E-01     0.6635698232E-01     0.1773124060         0.1890879312         0.1424894997E-01
    0.1251310231         0.1464775286         0.2957063478E-01     0.1111230381         0.2460046402         0.6495063864E-02     0.1745452454E-01     0.4738712804E-01     0.1733264180         0.2022732431E-01
    0.1544305722         0.4710230524E-01
 

 INTERMEDIATE RESULTS BEFORE NEXT TEMPERATURE REDUCTION

  CURRENT TEMPERATURE:             0.11879    
  MIN FUNCTION VALUE SO FAR:   0.255251734052124924E-03
  TOTAL MOVES:                     840
     DOWNHILL:                     605
     ACCEPTED UPHILL:              201
     REJECTED UPHILL:               34
  TRIALS OUT OF BOUNDS:            392
  NEW MINIMA THIS TEMPERATURE:       0

                         CURRENT OPTIMAL X
    0.8709749962         0.2532076156E-01     0.3345162613         0.6863624428         0.7881798255E-01     0.2859006202         0.8021320002         0.6027249195         0.4562385981E-01     0.1861268723    
    0.2171424420         0.7468898299E-01     0.8143619875E-01     0.9478847019         0.9938137184         0.1163930172         0.1228568600         0.6394506223         0.6248952747E-01     0.1623850016    
    0.9686880524         0.1470124108E-02     0.6606176470E-01     0.3139014196         0.5419962693         0.5952088769E-01     0.1901394406         0.4703741328         0.8553096824         0.3584448056E-01
    0.3651510811         0.3137682795         0.7559178688E-01     0.2515261661         0.6495416764         0.1618081184E-01     0.5087971884E-01     0.1205664522         0.4094631264         0.4639472735E-01
    0.3130054306         0.1066141071    

                         STEP LENGTH (VM)
    0.2000059094         0.1157679385E-01     0.1168255461         0.2361316672         0.2717066763E-01     0.1227191546         0.2433275295         0.1441556283         0.1634907064E-01     0.6260369556E-01
    0.1013887962         0.3438763374E-01     0.3964768130E-01     0.2085128943         0.3464899966E-01     0.3911502061E-01     0.5874115732E-01     0.2827763321         0.2456025755E-01     0.6802742020E-01
    0.2613352868         0.6472427892E-03     0.2355070407E-01     0.1048071168         0.2450618416         0.2803981544E-01     0.6635698232E-01     0.1773124060         0.1890879312         0.1424894997E-01
    0.1251310231         0.1464775286         0.2957063478E-01     0.1111230381         0.2460046402         0.6495063864E-02     0.1745452454E-01     0.4738712804E-01     0.1733264180         0.2022732431E-01
    0.1544305722         0.4710230524E-01
 

 INTERMEDIATE RESULTS BEFORE NEXT TEMPERATURE REDUCTION

  CURRENT TEMPERATURE:             0.89090E-01
  MIN FUNCTION VALUE SO FAR:   0.255251734052124924E-03
  TOTAL MOVES:                     840
     DOWNHILL:                     609
     ACCEPTED UPHILL:              190
     REJECTED UPHILL:               41
  TRIALS OUT OF BOUNDS:            409
  NEW MINIMA THIS TEMPERATURE:       0

                         CURRENT OPTIMAL X
    0.8709749962         0.2532076156E-01     0.3345162613         0.6863624428         0.7881798255E-01     0.2859006202         0.8021320002         0.6027249195         0.4562385981E-01     0.1861268723    
    0.2171424420         0.7468898299E-01     0.8143619875E-01     0.9478847019         0.9938137184         0.1163930172         0.1228568600         0.6394506223         0.6248952747E-01     0.1623850016    
    0.9686880524         0.1470124108E-02     0.6606176470E-01     0.3139014196         0.5419962693         0.5952088769E-01     0.1901394406         0.4703741328         0.8553096824         0.3584448056E-01
    0.3651510811         0.3137682795         0.7559178688E-01     0.2515261661         0.6495416764         0.1618081184E-01     0.5087971884E-01     0.1205664522         0.4094631264         0.4639472735E-01
    0.3130054306         0.1066141071    

                         STEP LENGTH (VM)
    0.2000059094         0.1157679385E-01     0.1168255461         0.2361316672         0.2717066763E-01     0.1227191546         0.2433275295         0.7188475373E-01     0.1634907064E-01     0.6260369556E-01
    0.1013887962         0.3438763374E-01     0.3964768130E-01     0.2085128943         0.3464899966E-01     0.3911502061E-01     0.5874115732E-01     0.2827763321         0.2456025755E-01     0.6802742020E-01
    0.2613352868         0.6472427892E-03     0.2355070407E-01     0.1048071168         0.2450618416         0.2803981544E-01     0.6635698232E-01     0.1773124060         0.9655552778E-01     0.1424894997E-01
    0.1251310231         0.1464775286         0.2957063478E-01     0.1111230381         0.2460046402         0.6495063864E-02     0.1745452454E-01     0.4738712804E-01     0.1733264180         0.2022732431E-01
    0.1544305722         0.4710230524E-01
 

 INTERMEDIATE RESULTS BEFORE NEXT TEMPERATURE REDUCTION

  CURRENT TEMPERATURE:             0.66817E-01
  MIN FUNCTION VALUE SO FAR:   0.255251734052124924E-03
  TOTAL MOVES:                     840
     DOWNHILL:                     602
     ACCEPTED UPHILL:              191
     REJECTED UPHILL:               47
  TRIALS OUT OF BOUNDS:            385
  NEW MINIMA THIS TEMPERATURE:       0

                         CURRENT OPTIMAL X
    0.8709749962         0.2532076156E-01     0.3345162613         0.6863624428         0.7881798255E-01     0.2859006202         0.8021320002         0.6027249195         0.4562385981E-01     0.1861268723    
    0.2171424420         0.7468898299E-01     0.8143619875E-01     0.9478847019         0.9938137184         0.1163930172         0.1228568600         0.6394506223         0.6248952747E-01     0.1623850016    
    0.9686880524         0.1470124108E-02     0.6606176470E-01     0.3139014196         0.5419962693         0.5952088769E-01     0.1901394406         0.4703741328         0.8553096824         0.3584448056E-01
    0.3651510811         0.3137682795         0.7559178688E-01     0.2515261661         0.6495416764         0.1618081184E-01     0.5087971884E-01     0.1205664522         0.4094631264         0.4639472735E-01
    0.3130054306         0.1066141071    

                         STEP LENGTH (VM)
    0.2000059094         0.1157679385E-01     0.1168255461         0.2361316672         0.2717066763E-01     0.1227191546         0.2433275295         0.7188475373E-01     0.1634907064E-01     0.6260369556E-01
    0.1013887962         0.3438763374E-01     0.3964768130E-01     0.2085128943         0.4220618331E-01     0.3911502061E-01     0.5874115732E-01     0.2827763321         0.2456025755E-01     0.6802742020E-01
    0.2613352868         0.6472427892E-03     0.2355070407E-01     0.1048071168         0.2450618416         0.2803981544E-01     0.6635698232E-01     0.1773124060         0.4226137675E-01     0.1424894997E-01
    0.1251310231         0.1464775286         0.2957063478E-01     0.1111230381         0.2460046402         0.6495063864E-02     0.1745452454E-01     0.4738712804E-01     0.1733264180         0.2022732431E-01
    0.1544305722         0.4710230524E-01
 

 INTERMEDIATE RESULTS BEFORE NEXT TEMPERATURE REDUCTION

  CURRENT TEMPERATURE:             0.50113E-01
  MIN FUNCTION VALUE SO FAR:   0.255251734052124924E-03
  TOTAL MOVES:                     840
     DOWNHILL:                     606
     ACCEPTED UPHILL:              176
     REJECTED UPHILL:               58
  TRIALS OUT OF BOUNDS:            422
  NEW MINIMA THIS TEMPERATURE:       0

                         CURRENT OPTIMAL X
    0.8709749962         0.2532076156E-01     0.3345162613         0.6863624428         0.7881798255E-01     0.2859006202         0.8021320002         0.6027249195         0.4562385981E-01     0.1861268723    
    0.2171424420         0.7468898299E-01     0.8143619875E-01     0.9478847019         0.9938137184         0.1163930172         0.1228568600         0.6394506223         0.6248952747E-01     0.1623850016    
    0.9686880524         0.1470124108E-02     0.6606176470E-01     0.3139014196         0.5419962693         0.5952088769E-01     0.1901394406         0.4703741328         0.8553096824         0.3584448056E-01
    0.3651510811         0.3137682795         0.7559178688E-01     0.2515261661         0.6495416764         0.1618081184E-01     0.5087971884E-01     0.1205664522         0.4094631264         0.4639472735E-01
    0.3130054306         0.1066141071    

                         STEP LENGTH (VM)
    0.2000059094         0.1157679385E-01     0.1168255461         0.2361316672         0.2717066763E-01     0.1227191546         0.2433275295         0.3899105109E-01     0.1634907064E-01     0.6260369556E-01
    0.1013887962         0.3438763374E-01     0.3964768130E-01     0.2085128943         0.2155209343E-01     0.3911502061E-01     0.5874115732E-01     0.2827763321         0.2456025755E-01     0.6802742020E-01
    0.2613352868         0.6472427892E-03     0.2355070407E-01     0.1048071168         0.2450618416         0.2803981544E-01     0.6635698232E-01     0.1773124060         0.4754404373E-01     0.1424894997E-01
    0.1251310231         0.1464775286         0.2957063478E-01     0.1111230381         0.2460046402         0.6495063864E-02     0.1745452454E-01     0.4738712804E-01     0.1733264180         0.2022732431E-01
    0.1544305722         0.4710230524E-01
 

 INTERMEDIATE RESULTS BEFORE NEXT TEMPERATURE REDUCTION

  CURRENT TEMPERATURE:             0.37585E-01
  MIN FUNCTION VALUE SO FAR:   0.255251734052124924E-03
  TOTAL MOVES:                     840
     DOWNHILL:                     588
     ACCEPTED UPHILL:              176
     REJECTED UPHILL:               76
  TRIALS OUT OF BOUNDS:            387
  NEW MINIMA THIS TEMPERATURE:       0

                         CURRENT OPTIMAL X
    0.8709749962         0.2532076156E-01     0.3345162613         0.6863624428         0.7881798255E-01     0.2859006202         0.8021320002         0.6027249195         0.4562385981E-01     0.1861268723    
    0.2171424420         0.7468898299E-01     0.8143619875E-01     0.9478847019         0.9938137184         0.1163930172         0.1228568600         0.6394506223         0.6248952747E-01     0.1623850016    
    0.9686880524         0.1470124108E-02     0.6606176470E-01     0.3139014196         0.5419962693         0.5952088769E-01     0.1901394406         0.4703741328         0.8553096824         0.3584448056E-01
    0.3651510811         0.3137682795         0.7559178688E-01     0.2515261661         0.6495416764         0.1618081184E-01     0.5087971884E-01     0.1205664522         0.4094631264         0.4639472735E-01
    0.3130054306         0.1066141071    

                         STEP LENGTH (VM)
    0.2000059094         0.1157679385E-01     0.1168255461         0.2361316672         0.2717066763E-01     0.1227191546         0.2433275295         0.3465871122E-01     0.1634907064E-01     0.6260369556E-01
    0.1013887962         0.3438763374E-01     0.3964768130E-01     0.2085128943         0.2155209343E-01     0.3911502061E-01     0.5874115732E-01     0.2827763321         0.2456025755E-01     0.6802742020E-01
    0.2613352868         0.6472427892E-03     0.2355070407E-01     0.1048071168         0.2450618416         0.2803981544E-01     0.6635698232E-01     0.1773124060         0.4512968720E-01     0.1424894997E-01
    0.1251310231         0.1464775286         0.2957063478E-01     0.1111230381         0.2460046402         0.6495063864E-02     0.1745452454E-01     0.4738712804E-01     0.1733264180         0.2022732431E-01
    0.1544305722         0.4710230524E-01
 

 INTERMEDIATE RESULTS BEFORE NEXT TEMPERATURE REDUCTION

  CURRENT TEMPERATURE:             0.28189E-01
  MIN FUNCTION VALUE SO FAR:   0.234287700072363973E-03
  TOTAL MOVES:                     840
     DOWNHILL:                     595
     ACCEPTED UPHILL:              176
     REJECTED UPHILL:               69
  TRIALS OUT OF BOUNDS:            375
  NEW MINIMA THIS TEMPERATURE:       0

                         CURRENT OPTIMAL X
    0.8838736436         0.2467575261E-01     0.2513480371         0.5686408022         0.7577485027E-01     0.2754260239         0.7789570954         0.6075007616         0.4358079117E-01     0.1264034022    
    0.2538156034         0.7178878201E-01     0.8147110300E-01     0.9253642570         0.9900256403         0.1042946642         0.1449828254         0.7790348209         0.7318800744E-01     0.1471990294    
    0.8739090065         0.1752931346E-02     0.5704123685E-01     0.2243190444         0.6117937655         0.6100042727E-01     0.1333777276         0.5273584379         0.8553096824         0.3361852207E-01
    0.3569369620         0.3001308882         0.8142711352E-01     0.2311601328         0.7281630697         0.1818093708E-01     0.5233649692E-01     0.1404893690         0.4360586727         0.5996811564E-01
    0.3992140346         0.1272281711    

                         STEP LENGTH (VM)
    0.1777830262         0.1157679385E-01     0.1168255461         0.2361316672         0.2717066763E-01     0.1227191546         0.2433275295         0.1980497763E-01     0.1634907064E-01     0.6260369556E-01
    0.1013887962         0.3438763374E-01     0.3964768130E-01     0.2085128943         0.9730749765E-02     0.3911502061E-01     0.5874115732E-01     0.2827763321         0.2456025755E-01     0.6802742020E-01
    0.2613352868         0.6472427892E-03     0.2355070407E-01     0.1048071168         0.2450618416         0.2803981544E-01     0.6635698232E-01     0.1773124060         0.3384726477E-01     0.1424894997E-01
    0.1251310231         0.1464775286         0.2957063478E-01     0.1111230381         0.2460046402         0.6495063864E-02     0.1745452454E-01     0.4738712804E-01     0.1733264180         0.2022732431E-01
    0.1544305722         0.4710230524E-01
 

 INTERMEDIATE RESULTS BEFORE NEXT TEMPERATURE REDUCTION

  CURRENT TEMPERATURE:             0.21141E-01
  MIN FUNCTION VALUE SO FAR:   0.234287700072363973E-03
  TOTAL MOVES:                     840
     DOWNHILL:                     591
     ACCEPTED UPHILL:              171
     REJECTED UPHILL:               78
  TRIALS OUT OF BOUNDS:            403
  NEW MINIMA THIS TEMPERATURE:       0

                         CURRENT OPTIMAL X
    0.8838736436         0.2467575261E-01     0.2513480371         0.5686408022         0.7577485027E-01     0.2754260239         0.7789570954         0.6075007616         0.4358079117E-01     0.1264034022    
    0.2538156034         0.7178878201E-01     0.8147110300E-01     0.9253642570         0.9900256403         0.1042946642         0.1449828254         0.7790348209         0.7318800744E-01     0.1471990294    
    0.8739090065         0.1752931346E-02     0.5704123685E-01     0.2243190444         0.6117937655         0.6100042727E-01     0.1333777276         0.5273584379         0.8553096824         0.3361852207E-01
    0.3569369620         0.3001308882         0.8142711352E-01     0.2311601328         0.7281630697         0.1818093708E-01     0.5233649692E-01     0.1404893690         0.4360586727         0.5996811564E-01
    0.3992140346         0.1272281711    

                         STEP LENGTH (VM)
    0.2000059094         0.1157679385E-01     0.1168255461         0.2361316672         0.2717066763E-01     0.1227191546         0.2433275295         0.2228059528E-01     0.1634907064E-01     0.6260369556E-01
    0.1013887962         0.3438763374E-01     0.3964768130E-01     0.2085128943         0.1094709231E-01     0.3911502061E-01     0.5874115732E-01     0.2827763321         0.2456025755E-01     0.6802742020E-01
    0.2613352868         0.6472427892E-03     0.2355070407E-01     0.1048071168         0.2450618416         0.2803981544E-01     0.6635698232E-01     0.1773124060         0.1169969192E-01     0.1424894997E-01
    0.1251310231         0.1464775286         0.2957063478E-01     0.1111230381         0.2460046402         0.6495063864E-02     0.1745452454E-01     0.4738712804E-01     0.1733264180         0.2022732431E-01
    0.1544305722         0.4710230524E-01
 

 INTERMEDIATE RESULTS BEFORE NEXT TEMPERATURE REDUCTION

  CURRENT TEMPERATURE:             0.15856E-01
  MIN FUNCTION VALUE SO FAR:   0.127026153593153305E-03
  TOTAL MOVES:                     840
     DOWNHILL:                     572
     ACCEPTED UPHILL:              164
     REJECTED UPHILL:              104
  TRIALS OUT OF BOUNDS:            396
  NEW MINIMA THIS TEMPERATURE:       0

                         CURRENT OPTIMAL X
    0.8838736436         0.2604206719E-01     0.2645943529         0.5718855053         0.7577485027E-01     0.2754260239         0.7789570954         0.6075007616         0.4358079117E-01     0.1264034022    
    0.2538156034         0.7178878201E-01     0.8147110300E-01     0.9253642570         0.9900256403         0.1042946642         0.1449828254         0.7790348209         0.7318800744E-01     0.1471990294    
    0.8739090065         0.1752931346E-02     0.5704123685E-01     0.2243190444         0.6117937655         0.6100042727E-01     0.1333777276         0.5273584379         0.8553096824         0.3361852207E-01
    0.3569369620         0.3001308882         0.8142711352E-01     0.2311601328         0.7281630697         0.1818093708E-01     0.5233649692E-01     0.1404893690         0.4360586727         0.5996811564E-01
    0.3992140346         0.1272281711    

                         STEP LENGTH (VM)
    0.9730015609E-01     0.1157679385E-01     0.1168255461         0.2361316672         0.2717066763E-01     0.1227191546         0.2433275295         0.1671044615E-01     0.1634907064E-01     0.6260369556E-01
    0.1013887962         0.3438763374E-01     0.3964768130E-01     0.2085128943         0.1125117679E-01     0.3911502061E-01     0.5874115732E-01     0.2827763321         0.2456025755E-01     0.6802742020E-01
    0.2613352868         0.6472427892E-03     0.2355070407E-01     0.1048071168         0.2450618416         0.2803981544E-01     0.6635698232E-01     0.1773124060         0.1754953436E-01     0.1424894997E-01
    0.1251310231         0.1464775286         0.2957063478E-01     0.1111230381         0.2460046402         0.6495063864E-02     0.1745452454E-01     0.4738712804E-01     0.1733264180         0.2022732431E-01
    0.1544305722         0.4710230524E-01
 

 INTERMEDIATE RESULTS BEFORE NEXT TEMPERATURE REDUCTION

  CURRENT TEMPERATURE:             0.11892E-01
  MIN FUNCTION VALUE SO FAR:   0.127026153593153305E-03
  TOTAL MOVES:                     840
     DOWNHILL:                     553
     ACCEPTED UPHILL:              166
     REJECTED UPHILL:              121
  TRIALS OUT OF BOUNDS:            394
  NEW MINIMA THIS TEMPERATURE:       0

                         CURRENT OPTIMAL X
    0.8838736436         0.2604206719E-01     0.2645943529         0.5718855053         0.7577485027E-01     0.2754260239         0.7789570954         0.6075007616         0.4358079117E-01     0.1264034022    
    0.2538156034         0.7178878201E-01     0.8147110300E-01     0.9253642570         0.9900256403         0.1042946642         0.1449828254         0.7790348209         0.7318800744E-01     0.1471990294    
    0.8739090065         0.1752931346E-02     0.5704123685E-01     0.2243190444         0.6117937655         0.6100042727E-01     0.1333777276         0.5273584379         0.8553096824         0.3361852207E-01
    0.3569369620         0.3001308882         0.8142711352E-01     0.2311601328         0.7281630697         0.1818093708E-01     0.5233649692E-01     0.1404893690         0.4360586727         0.5996811564E-01
    0.3992140346         0.1272281711    

                         STEP LENGTH (VM)
    0.5589582789E-01     0.1157679385E-01     0.1168255461         0.2361316672         0.2717066763E-01     0.1227191546         0.2433275295         0.1083920672E-01     0.1634907064E-01     0.6260369556E-01
    0.1013887962         0.3438763374E-01     0.3964768130E-01     0.2085128943         0.7298059549E-02     0.3911502061E-01     0.5874115732E-01     0.2827763321         0.2456025755E-01     0.6802742020E-01
    0.2613352868         0.6472427892E-03     0.2355070407E-01     0.1048071168         0.2450618416         0.2803981544E-01     0.6635698232E-01     0.1773124060         0.1011865005E-01     0.1424894997E-01
    0.1251310231         0.1464775286         0.2957063478E-01     0.1111230381         0.2460046402         0.6495063864E-02     0.1745452454E-01     0.4738712804E-01     0.1733264180         0.2022732431E-01
    0.1544305722         0.4710230524E-01
 

 INTERMEDIATE RESULTS BEFORE NEXT TEMPERATURE REDUCTION

  CURRENT TEMPERATURE:             0.89190E-02
  MIN FUNCTION VALUE SO FAR:   0.127026153593153305E-03
  TOTAL MOVES:                     840
     DOWNHILL:                     559
     ACCEPTED UPHILL:              150
     REJECTED UPHILL:              131
  TRIALS OUT OF BOUNDS:            365
  NEW MINIMA THIS TEMPERATURE:       0

                         CURRENT OPTIMAL X
    0.8838736436         0.2604206719E-01     0.2645943529         0.5718855053         0.7577485027E-01     0.2754260239         0.7789570954         0.6075007616         0.4358079117E-01     0.1264034022    
    0.2538156034         0.7178878201E-01     0.8147110300E-01     0.9253642570         0.9900256403         0.1042946642         0.1449828254         0.7790348209         0.7318800744E-01     0.1471990294    
    0.8739090065         0.1752931346E-02     0.5704123685E-01     0.2243190444         0.6117937655         0.6100042727E-01     0.1333777276         0.5273584379         0.8553096824         0.3361852207E-01
    0.3569369620         0.3001308882         0.8142711352E-01     0.2311601328         0.7281630697         0.1818093708E-01     0.5233649692E-01     0.1404893690         0.4360586727         0.5996811564E-01
    0.3992140346         0.1272281711    

                         STEP LENGTH (VM)
    0.3144140202E-01     0.1157679385E-01     0.1168255461         0.2361316672         0.2717066763E-01     0.1227191546         0.2433275295         0.5002710767E-02     0.1634907064E-01     0.6260369556E-01
    0.1013887962         0.3438763374E-01     0.3964768130E-01     0.2085128943         0.2404508561E-02     0.3911502061E-01     0.5874115732E-01     0.2827763321         0.2456025755E-01     0.6802742020E-01
    0.2613352868         0.6472427892E-03     0.2355070407E-01     0.1048071168         0.2450618416         0.2803981544E-01     0.6635698232E-01     0.1773124060         0.3658975564E-02     0.1424894997E-01
    0.1251310231         0.1464775286         0.2957063478E-01     0.1111230381         0.2460046402         0.5773389958E-02     0.1745452454E-01     0.4738712804E-01     0.1733264180         0.2022732431E-01
    0.1544305722         0.4710230524E-01
 

 INTERMEDIATE RESULTS BEFORE NEXT TEMPERATURE REDUCTION

  CURRENT TEMPERATURE:             0.66893E-02
  MIN FUNCTION VALUE SO FAR:   0.767261887593197086E-04
  TOTAL MOVES:                     840
     DOWNHILL:                     532
     ACCEPTED UPHILL:              133
     REJECTED UPHILL:              175
  TRIALS OUT OF BOUNDS:            361
  NEW MINIMA THIS TEMPERATURE:       0

                         CURRENT OPTIMAL X
    0.8885866111         0.3388391263E-01     0.3151053656         0.7065460428         0.7558112916E-01     0.3631572327         0.8283116574         0.6121444238         0.3490673128E-01     0.1570450408    
    0.2946573033         0.1016581967         0.1185575137         0.8265063314         0.9896655056         0.1114914089         0.1236031261         0.6912635899         0.5616901332E-01     0.1443312303    
    0.9761215336         0.1596674936E-02     0.6325807242E-01     0.2557457006         0.6291288667         0.5625557565E-01     0.1601024772         0.3832709813         0.8558661615         0.4106081835E-01
    0.3049499016         0.4023761340         0.6771370859E-01     0.2677133991         0.5503919682         0.1906466490E-01     0.4320782009E-01     0.9792204330E-01     0.4018314798         0.4973160816E-01
    0.3186733931         0.1168162868    

                         STEP LENGTH (VM)
    0.1197767631E-01     0.1157679385E-01     0.1168255461         0.2361316672         0.2717066763E-01     0.1227191546         0.2433275295         0.1236190993E-02     0.1453250687E-01     0.6260369556E-01
    0.1013887962         0.3438763374E-01     0.3964768130E-01     0.2085128943         0.1109773176E-02     0.3911502061E-01     0.5874115732E-01     0.2827763321         0.2456025755E-01     0.6802742020E-01
    0.2613352868         0.6472427892E-03     0.2355070407E-01     0.1048071168         0.2450618416         0.2803981544E-01     0.6635698232E-01     0.1773124060         0.1539495712E-02     0.1424894997E-01
    0.1251310231         0.1464775286         0.2957063478E-01     0.1111230381         0.2460046402         0.4330042388E-02     0.5941965494E-02     0.4738712804E-01     0.1540679233         0.2022732431E-01
    0.1544305722         0.4710230524E-01
 

 INTERMEDIATE RESULTS BEFORE NEXT TEMPERATURE REDUCTION

  CURRENT TEMPERATURE:             0.50170E-02
  MIN FUNCTION VALUE SO FAR:   0.767261887593197086E-04
  TOTAL MOVES:                     840
     DOWNHILL:                     537
     ACCEPTED UPHILL:              109
     REJECTED UPHILL:              194
  TRIALS OUT OF BOUNDS:            361
  NEW MINIMA THIS TEMPERATURE:       0

                         CURRENT OPTIMAL X
    0.8885866111         0.3388391263E-01     0.3151053656         0.7065460428         0.7558112916E-01     0.3631572327         0.8283116574         0.6121444238         0.3490673128E-01     0.1570450408    
    0.2946573033         0.1016581967         0.1185575137         0.8265063314         0.9896655056         0.1114914089         0.1236031261         0.6912635899         0.5616901332E-01     0.1443312303    
    0.9761215336         0.1596674936E-02     0.6325807242E-01     0.2557457006         0.6291288667         0.5625557565E-01     0.1601024772         0.3832709813         0.8558661615         0.4106081835E-01
    0.3049499016         0.4023761340         0.6771370859E-01     0.2677133991         0.5503919682         0.1906466490E-01     0.4320782009E-01     0.9792204330E-01     0.4018314798         0.4973160816E-01
    0.3186733931         0.1168162868    

                         STEP LENGTH (VM)
    0.1046751823E-02     0.5254714768E-02     0.1168255461         0.2361316672         0.2717066763E-01     0.1227191546         0.2433275295         0.4709298767E-03     0.3263015971E-02     0.1555192374E-01
    0.9012337220E-01     0.3438763374E-01     0.3964768130E-01     0.2085128943         0.3414686526E-03     0.3911502061E-01     0.5874115732E-01     0.2827763321         0.2456025755E-01     0.6802742020E-01
    0.2613352868         0.6472427892E-03     0.2355070407E-01     0.1048071168         0.2450618416         0.2803981544E-01     0.6635698232E-01     0.1773124060         0.1873942330E-03     0.1266573299E-01
    0.1251310231         0.1464775286         0.2957063478E-01     0.1111230381         0.2460046402         0.1079611146E-02     0.1733825765E-02     0.1018105519E-01     0.5121842096E-01     0.2022732431E-01
    0.1544305722         0.4710230524E-01
 

 INTERMEDIATE RESULTS BEFORE NEXT TEMPERATURE REDUCTION

  CURRENT TEMPERATURE:             0.37627E-02
  MIN FUNCTION VALUE SO FAR:   0.767261887593197086E-04
  TOTAL MOVES:                     840
     DOWNHILL:                     516
     ACCEPTED UPHILL:              111
     REJECTED UPHILL:              213
  TRIALS OUT OF BOUNDS:            329
  NEW MINIMA THIS TEMPERATURE:       0

                         CURRENT OPTIMAL X
    0.8885866111         0.3388391263E-01     0.3151053656         0.7065460428         0.7558112916E-01     0.3631572327         0.8283116574         0.6121444238         0.3490673128E-01     0.1570450408    
    0.2946573033         0.1016581967         0.1185575137         0.8265063314         0.9896655056         0.1114914089         0.1236031261         0.6912635899         0.5616901332E-01     0.1443312303    
    0.9761215336         0.1596674936E-02     0.6325807242E-01     0.2557457006         0.6291288667         0.5625557565E-01     0.1601024772         0.3832709813         0.8558661615         0.4106081835E-01
    0.3049499016         0.4023761340         0.6771370859E-01     0.2677133991         0.5503919682         0.1906466490E-01     0.4320782009E-01     0.9792204330E-01     0.4018314798         0.4973160816E-01
    0.3186733931         0.1168162868    

                         STEP LENGTH (VM)
    0.3914805734E-03     0.5254714768E-02     0.7577873155E-01     0.2361316672         0.2717066763E-01     0.1227191546         0.2433275295         0.1379185351E-03     0.1587413123E-02     0.9215954179E-02
    0.8010966219E-01     0.3438763374E-01     0.3964768130E-01     0.2085128943         0.3480088997E-04     0.3911502061E-01     0.5874115732E-01     0.2827763321         0.2456025755E-01     0.6802742020E-01
    0.2613352868         0.5753269094E-03     0.2355070407E-01     0.1048071168         0.2450618416         0.2803981544E-01     0.6635698232E-01     0.1773124060         0.5354120554E-04     0.9499299568E-02
    0.8116606788E-01     0.1302022444         0.2957063478E-01     0.1111230381         0.2460046402         0.2815101903E-03     0.4953787541E-03     0.2924345509E-02     0.2881036072E-01     0.2022732431E-01
    0.1544305722         0.4710230524E-01
 

 INTERMEDIATE RESULTS BEFORE NEXT TEMPERATURE REDUCTION

  CURRENT TEMPERATURE:             0.28220E-02
  MIN FUNCTION VALUE SO FAR:   0.683758062128600436E-04
  TOTAL MOVES:                     840
     DOWNHILL:                     516
     ACCEPTED UPHILL:              124
     REJECTED UPHILL:              200
  TRIALS OUT OF BOUNDS:            306
  NEW MINIMA THIS TEMPERATURE:       0

                         CURRENT OPTIMAL X
    0.8885866111         0.3388391263E-01     0.2887817712         0.6222413109         0.7892546701E-01     0.2882966741         0.9115348085         0.6121444238         0.3490673128E-01     0.1570450408    
    0.2946573033         0.7847215610E-01     0.1086443929         0.9663857481         0.9896655056         0.1135524365         0.1200755894         0.8316297494         0.5308791546E-01     0.1819800240    
    0.9616030242         0.1518679114E-02     0.6454102392E-01     0.3033689241         0.5644001284         0.8214406282E-01     0.1678801139         0.3704079811         0.8558661615         0.3904641977E-01
    0.3190052820         0.3988232026         0.8054297932E-01     0.2637083981         0.5920939320         0.1906466490E-01     0.4320782009E-01     0.9792204330E-01     0.4018314798         0.4606303582E-01
    0.4157793238         0.1238499065    

                         STEP LENGTH (VM)
    0.1301440065E-03     0.2001795994E-02     0.3686532766E-01     0.1349323798         0.2717066763E-01     0.1227191546         0.2433275295         0.3609445269E-04     0.6864488786E-03     0.4607976803E-02
    0.6759251894E-01     0.3438763374E-01     0.3964768130E-01     0.2085128943         0.1491466670E-04     0.3911502061E-01     0.5874115732E-01     0.2827763321         0.2456025755E-01     0.6802742020E-01
    0.2613352868         0.6472427892E-03     0.2355070407E-01     0.1048071168         0.2450618416         0.2803981544E-01     0.6635698232E-01     0.1773124060         0.2306828227E-04     0.1068671086E-01
    0.1251310231         0.1464775286         0.2957063478E-01     0.1111230381         0.2460046402         0.1043435429E-03     0.7725522431E-04     0.1327362309E-02     0.4031770392E-02     0.2022732431E-01
    0.1544305722         0.4710230524E-01
 

 INTERMEDIATE RESULTS BEFORE NEXT TEMPERATURE REDUCTION

  CURRENT TEMPERATURE:             0.21165E-02
  MIN FUNCTION VALUE SO FAR:   0.424036174942836453E-04
  TOTAL MOVES:                     840
     DOWNHILL:                     518
     ACCEPTED UPHILL:              129
     REJECTED UPHILL:              193
  TRIALS OUT OF BOUNDS:            295
  NEW MINIMA THIS TEMPERATURE:       1

                         CURRENT OPTIMAL X
    0.8885866111         0.2334970271E-01     0.2635830126         0.6222413109         0.6030010645E-01     0.3572014110         0.9770592825         0.6121568135         0.3490673128E-01     0.1570450408    
    0.2946573033         0.7847215610E-01     0.1086443929         0.9663857481         0.9896655056         0.1135524365         0.1200755894         0.8316297494         0.5308791546E-01     0.1819800240    
    0.9616030242         0.1518679114E-02     0.6454102392E-01     0.3033689241         0.5644001284         0.8214406282E-01     0.1678801139         0.3704079811         0.8558661615         0.3904641977E-01
    0.3190052820         0.3988232026         0.8054297932E-01     0.2637083981         0.5920939320         0.1906466490E-01     0.4320782009E-01     0.9792204330E-01     0.4018314798         0.4606303582E-01
    0.4157793238         0.1238499065    

                         STEP LENGTH (VM)
    0.3738178740E-04     0.1022193691E-02     0.3276917932E-01     0.1770987320         0.2717066763E-01     0.1227191546         0.2433275295         0.1560841108E-04     0.3486724339E-03     0.5183973346E-02
    0.6329650461E-01     0.3438763374E-01     0.3964768130E-01     0.2085128943         0.6275272297E-05     0.3911502061E-01     0.5874115732E-01     0.2827763321         0.2456025755E-01     0.6802742020E-01
    0.2613352868         0.6472427892E-03     0.2355070407E-01     0.1048071168         0.2450618416         0.2803981544E-01     0.6635698232E-01     0.1773124060         0.1182278255E-04     0.1424894997E-01
    0.1251310231         0.1464775286         0.2957063478E-01     0.1111230381         0.2460046402         0.1844370256E-04     0.2522619515E-04     0.7466411873E-03     0.1316496427E-02     0.2022732431E-01
    0.1544305722         0.4710230524E-01
 

 INTERMEDIATE RESULTS BEFORE NEXT TEMPERATURE REDUCTION

  CURRENT TEMPERATURE:             0.15874E-02
  MIN FUNCTION VALUE SO FAR:   0.313633945061721057E-04
  TOTAL MOVES:                     840
     DOWNHILL:                     514
     ACCEPTED UPHILL:              117
     REJECTED UPHILL:              209
  TRIALS OUT OF BOUNDS:            272
  NEW MINIMA THIS TEMPERATURE:       0

                         CURRENT OPTIMAL X
    0.8885866111         0.2432449603E-01     0.2635830126         0.6222413109         0.7494059179E-01     0.2548904224         0.9682240412         0.6121568135         0.3464524886E-01     0.1582256064    
    0.2992199125         0.1007641420         0.1127154392         0.8000823696         0.9896647281         0.8782239566E-01     0.1427532426         0.6566431412         0.5308791546E-01     0.1819800240    
    0.9616030242         0.1518679114E-02     0.6454102392E-01     0.3033689241         0.5644001284         0.8214406282E-01     0.1678801139         0.3704079811         0.8558661615         0.3904641977E-01
    0.3190052820         0.3988232026         0.8054297932E-01     0.2637083981         0.5920939320         0.1906466490E-01     0.4320782009E-01     0.9792204330E-01     0.4018314798         0.4606303582E-01
    0.4157793238         0.1238499065    

                         STEP LENGTH (VM)
    0.1363930011E-04     0.2165043372E-03     0.1214610478E-01     0.3282138378E-01     0.2717066763E-01     0.1227191546         0.2433275295         0.3752663855E-05     0.2010363280E-03     0.1455150344E-02
    0.2553806816E-01     0.3438763374E-01     0.3964768130E-01     0.2085128943         0.4183514683E-05     0.3911502061E-01     0.5874115732E-01     0.2827763321         0.2456025755E-01     0.6802742020E-01
    0.2613352868         0.6472427892E-03     0.2355070407E-01     0.1048071168         0.2450618416         0.2803981544E-01     0.6635698232E-01     0.1773124060         0.1182278255E-04     0.9499299568E-02
    0.1251310231         0.1464775286         0.2957063478E-01     0.1111230381         0.2460046402         0.2207896948E-05     0.6577767396E-05     0.2528308583E-03     0.1173200157E-03     0.2022732431E-01
    0.1544305722         0.4710230524E-01
 

 INTERMEDIATE RESULTS BEFORE NEXT TEMPERATURE REDUCTION

  CURRENT TEMPERATURE:             0.11905E-02
  MIN FUNCTION VALUE SO FAR:   0.141246839789296421E-04
  TOTAL MOVES:                     840
     DOWNHILL:                     522
     ACCEPTED UPHILL:              102
     REJECTED UPHILL:              216
  TRIALS OUT OF BOUNDS:            273
  NEW MINIMA THIS TEMPERATURE:       1

                         CURRENT OPTIMAL X
    0.8885872600         0.2460960927E-01     0.2441896984         0.5981606986         0.6544948332E-01     0.2728699771         0.8901933285         0.6121567965         0.3464524886E-01     0.1579147455    
    0.2887602563         0.8807029607E-01     0.9541898574E-01     0.9604295670         0.9896616505         0.8136629714E-01     0.1676697744         0.8407473273         0.5369232834E-01     0.1450217380    
    0.9984919947         0.1825467745E-02     0.6167836089E-01     0.2450436680         0.5327102147         0.5796715228E-01     0.1343162494         0.3693195165         0.8558569601         0.3111259504E-01
    0.3190052820         0.3705417655         0.7922506110E-01     0.2488027760         0.6845299569         0.1906220972E-01     0.4321022075E-01     0.9783844135E-01     0.4017911352         0.4733475474E-01
    0.4543331373         0.1360103736    

                         STEP LENGTH (VM)
    0.7305379076E-05     0.8380813034E-04     0.4001805237E-02     0.2461603738E-01     0.2717066763E-01     0.1227191546         0.2433275295         0.1825620194E-05     0.1304019261E-03     0.5666690495E-03
    0.1094488603E-01     0.3438763374E-01     0.3964768130E-01     0.2085128943         0.1792934812E-05     0.3911502061E-01     0.5874115732E-01     0.2827763321         0.2456025755E-01     0.6802742020E-01
    0.2613352868         0.6472427892E-03     0.2355070407E-01     0.1048071168         0.2450618416         0.2803981544E-01     0.6635698232E-01     0.1773124060         0.3730782924E-05     0.2359802902E-02
    0.1082214138         0.1464775286         0.2957063478E-01     0.1111230381         0.2460046402         0.2483883799E-05     0.1555932859E-05     0.3945825922E-04     0.2776602090E-04     0.2022732431E-01
    0.1544305722         0.4710230524E-01
 

 INTERMEDIATE RESULTS BEFORE NEXT TEMPERATURE REDUCTION

  CURRENT TEMPERATURE:             0.89291E-03
  MIN FUNCTION VALUE SO FAR:   0.270254417990244608E-05
  TOTAL MOVES:                     840
     DOWNHILL:                     544
     ACCEPTED UPHILL:              124
     REJECTED UPHILL:              172
  TRIALS OUT OF BOUNDS:            268
  NEW MINIMA THIS TEMPERATURE:       1

                         CURRENT OPTIMAL X
    0.8885901661         0.2460960927E-01     0.2456724582         0.5981606986         0.7243145011E-01     0.2976674194         0.7826136619         0.6121550284         0.3464524886E-01     0.1576796236    
    0.2887602563         0.8371569544E-01     0.8457745423E-01     0.9145674623         0.9896616223         0.8049652662E-01     0.1432064368         0.7026078532         0.5386002456E-01     0.1465106261    
    0.7855715580         0.1825467745E-02     0.5460145911E-01     0.2370220444         0.5327102147         0.5796715228E-01     0.1343162494         0.3693195165         0.8558569601         0.3111259504E-01
    0.3190052820         0.3705417655         0.7922506110E-01     0.2488027760         0.6845299569         0.1906220972E-01     0.4321022075E-01     0.9783844135E-01     0.4017911352         0.4733475474E-01
    0.4543331373         0.1360103736    

                         STEP LENGTH (VM)
    0.4738624199E-05     0.1148481534E-03     0.2251015362E-02     0.2769303907E-01     0.2717066763E-01     0.1227191546         0.2433275295         0.1825619952E-05     0.1304019261E-03     0.4781269502E-03
    0.5990105704E-02     0.3438763374E-01     0.3964768130E-01     0.2085128943         0.1162984726E-05     0.3911502061E-01     0.5874115732E-01     0.2827763321         0.2456025755E-01     0.6802742020E-01
    0.2613352868         0.6472427892E-03     0.2355070407E-01     0.1048071168         0.2450618416         0.2803981544E-01     0.6635698232E-01     0.1773124060         0.3730782924E-05     0.2359802902E-02
    0.7214760604E-01     0.1464775286         0.2957063478E-01     0.1111230381         0.2460046402         0.1471931040E-05     0.8971144062E-06     0.1462545479E-04     0.2776601722E-04     0.2022732431E-01
    0.1544305722         0.4710230524E-01
 

  SA ACHIEVED TERMINATION CRITERIA. IER = 0. 


  ****   RESULTS AFTER SA   ****   

                         SOLUTION
    0.8885901661         0.2460960927E-01     0.2456724582         0.5981606986         0.7243145011E-01     0.2976674194         0.7826136619         0.6121550284         0.3464524886E-01     0.1576796236    
    0.2887602563         0.8371569544E-01     0.8457745423E-01     0.9145674623         0.9896616223         0.8049652662E-01     0.1432064368         0.7026078532         0.5386002456E-01     0.1465106261    
    0.7855715580         0.1825467745E-02     0.5460145911E-01     0.2370220444         0.5327102147         0.5796715228E-01     0.1343162494         0.3693195165         0.8558569601         0.3111259504E-01
    0.3190052820         0.3705417655         0.7922506110E-01     0.2488027760         0.6845299569         0.1906220972E-01     0.4321022075E-01     0.9783844135E-01     0.4017911352         0.4733475474E-01
    0.4543331373         0.1360103736    

                         FINAL STEP LENGTH
    0.4738624199E-05     0.1148481534E-03     0.2251015362E-02     0.2769303907E-01     0.2717066763E-01     0.1227191546         0.2433275295         0.1825619952E-05     0.1304019261E-03     0.4781269502E-03
    0.5990105704E-02     0.3438763374E-01     0.3964768130E-01     0.2085128943         0.1162984726E-05     0.3911502061E-01     0.5874115732E-01     0.2827763321         0.2456025755E-01     0.6802742020E-01
    0.2613352868         0.6472427892E-03     0.2355070407E-01     0.1048071168         0.2450618416         0.2803981544E-01     0.6635698232E-01     0.1773124060         0.3730782924E-05     0.2359802902E-02
    0.7214760604E-01     0.1464775286         0.2957063478E-01     0.1111230381         0.2460046402         0.1471931040E-05     0.8971144062E-06     0.1462545479E-04     0.2776601722E-04     0.2022732431E-01
    0.1544305722         0.4710230524E-01

 OPTIMAL FUNCTION VALUE:  0.2702544179902E-05
 NUMBER OF FUNCTION EVALUATIONS:          26041
 NUMBER OF ACCEPTED EVALUATIONS:          23480
 NUMBER OF OUT OF BOUND EVALUATIONS:      11719
 FINAL TEMP:  0.8929104508501E-03  IER:   0
