
 SIMULATED PARALLEL ANNEALING by NEIGHBORHOOD EXAMPLE

 NUMBER OF PARAMETERS:  42   MAXIMAZATION:     F
 INITIAL TEMP:  5.0       RT: 0.75       EPS: 0.10E-02
 NS:  24   NT:  20   NEPS:  4
 MAXEVL:  100000000   IPRINT: 1   ISEED1:    7 ISEED2:    8

                         STARTING VALUES
    0.9999997425         0.9298784137E-01     0.2598572969         0.5585308075         0.9536939859E-02     0.1385300994         0.9607156515         0.7452903895         0.1128737641E-01     0.1002232405    
    0.2445379672         0.2881459594E-01     0.2827837944         0.4470004439         0.9999525879         0.8432565928E-01     0.2443968415         0.5361192822         0.8785755634E-01     0.2451756239    
    0.4926562905         0.3057181835E-02     0.5218783617E-01     0.2464687943         0.1517509818         0.4012720585E-01     0.1403739452         0.4038734436         0.7444826977         0.6906392249E-02
    0.1041823010         0.9959238825         0.3979906440E-01     0.1274485588         0.7027523518         0.1457035545E-02     0.2575278282E-01     0.2932207346         0.5912631750E-01     0.4452049732E-01
    0.2268348813         0.4038591385    

                         INITIAL STEP LENGTH
     1.000000000         0.1000000000         0.2000000000          1.000000000         0.1000000000         0.2000000000          1.000000000          1.000000000         0.1000000000         0.2000000000    
     1.000000000         0.1000000000         0.2000000000          1.000000000          1.000000000         0.1000000000         0.2000000000          1.000000000         0.1000000000         0.2000000000    
     1.000000000          1.000000000         0.1000000000         0.2000000000          1.000000000         0.1000000000         0.2000000000          1.000000000          1.000000000         0.1000000000    
    0.2000000000          1.000000000         0.1000000000         0.2000000000          1.000000000          1.000000000         0.1000000000         0.2000000000          1.000000000         0.1000000000    
    0.2000000000          1.000000000    

                         LOWER BOUND
     0.000000000          0.000000000         0.1000000000          0.000000000          0.000000000         0.1000000000          0.000000000          0.000000000          0.000000000         0.1000000000    
     0.000000000          0.000000000         0.1000000000          0.000000000          0.000000000          0.000000000         0.1000000000          0.000000000          0.000000000         0.1000000000    
     0.000000000          0.000000000          0.000000000         0.1000000000          0.000000000          0.000000000         0.1000000000          0.000000000          0.000000000          0.000000000    
    0.1000000000          0.000000000          0.000000000         0.1000000000          0.000000000          0.000000000          0.000000000         0.1000000000          0.000000000          0.000000000    
    0.1000000000          0.000000000    

                         UPPER BOUND
     1.000000000         0.1000000000         0.3000000000          1.000000000         0.1000000000         0.3000000000          1.000000000          1.000000000         0.1000000000         0.3000000000    
     1.000000000         0.1000000000         0.3000000000          1.000000000          1.000000000         0.1000000000         0.3000000000          1.000000000         0.1000000000         0.3000000000    
     1.000000000          1.000000000         0.1000000000         0.3000000000          1.000000000         0.1000000000         0.3000000000          1.000000000          1.000000000         0.1000000000    
    0.3000000000          1.000000000         0.1000000000         0.3000000000          1.000000000          1.000000000         0.1000000000         0.3000000000          1.000000000         0.1000000000    
    0.3000000000          1.000000000    

                         C VECTOR
     2.000000000          2.000000000          2.000000000          2.000000000          2.000000000          2.000000000          2.000000000          2.000000000          2.000000000          2.000000000    
     2.000000000          2.000000000          2.000000000          2.000000000          2.000000000          2.000000000          2.000000000          2.000000000          2.000000000          2.000000000    
     2.000000000          2.000000000          2.000000000          2.000000000          2.000000000          2.000000000          2.000000000          2.000000000          2.000000000          2.000000000    
     2.000000000          2.000000000          2.000000000          2.000000000          2.000000000          2.000000000          2.000000000          2.000000000          2.000000000          2.000000000    
     2.000000000          2.000000000    

  ****   END OF DRIVER ROUTINE OUTPUT   ****
  ****   BEFORE CALL TO SA.             ****
  

                         INITIAL X
    0.9999997425         0.9298784137E-01     0.2598572969         0.5585308075         0.9536939859E-02     0.1385300994         0.9607156515         0.7452903895         0.1128737641E-01     0.1002232405    
    0.2445379672         0.2881459594E-01     0.2827837944         0.4470004439         0.9999525879         0.8432565928E-01     0.2443968415         0.5361192822         0.8785755634E-01     0.2451756239    
    0.4926562905         0.3057181835E-02     0.5218783617E-01     0.2464687943         0.1517509818         0.4012720585E-01     0.1403739452         0.4038734436         0.7444826977         0.6906392249E-02
    0.1041823010         0.9959238825         0.3979906440E-01     0.1274485588         0.7027523518         0.1457035545E-02     0.2575278282E-01     0.2932207346         0.5912631750E-01     0.4452049732E-01
    0.2268348813         0.4038591385    
  INITIAL F: 
 0.641200907252456043E-01

 INTERMEDIATE RESULTS BEFORE NEXT TEMPERATURE REDUCTION

  CURRENT TEMPERATURE:              5.0000    
  MIN FUNCTION VALUE SO FAR:   0.248712005713526141E-01
  TOTAL MOVES:                    3360
     DOWNHILL:                    2411
     ACCEPTED UPHILL:              836
     REJECTED UPHILL:              113
  TRIALS OUT OF BOUNDS:           1663
  NEW MINIMA THIS TEMPERATURE:       0

                         CURRENT OPTIMAL X
    0.8037613630         0.9298784137E-01     0.2598572969         0.5585308075         0.9536939859E-02     0.1385300994         0.9607156515         0.7452903895         0.1128737641E-01     0.1002232405    
    0.2445379672         0.2881459594E-01     0.2827837944         0.4470004439         0.9999525879         0.8432565928E-01     0.2443968415         0.5361192822         0.8785755634E-01     0.2451756239    
    0.4926562905         0.3057181835E-02     0.5218783617E-01     0.2464687943         0.1517509818         0.4012720585E-01     0.1403739452         0.4038734436         0.7444826977         0.6906392249E-02
    0.1041823010         0.9959238825         0.3979906440E-01     0.1274485588         0.7027523518         0.1457035545E-02     0.2575278282E-01     0.2932207346         0.5912631750E-01     0.4452049732E-01
    0.2268348813         0.4038591385    

                         STEP LENGTH (VM)
     1.000000000         0.1000000000         0.2000000000          1.000000000         0.1000000000         0.2000000000          1.000000000         0.7901234175         0.1000000000         0.2000000000    
     1.000000000         0.1000000000         0.2000000000          1.000000000         0.2481924212         0.1000000000         0.2000000000          1.000000000         0.1000000000         0.2000000000    
     1.000000000          1.000000000         0.1000000000         0.2000000000          1.000000000         0.1000000000         0.2000000000          1.000000000          1.000000000         0.1000000000    
    0.2000000000          1.000000000         0.1000000000         0.2000000000          1.000000000          1.000000000         0.1000000000         0.2000000000          1.000000000         0.1000000000    
    0.2000000000          1.000000000    
 

 INTERMEDIATE RESULTS BEFORE NEXT TEMPERATURE REDUCTION

  CURRENT TEMPERATURE:              3.7500    
  MIN FUNCTION VALUE SO FAR:   0.248712005713526141E-01
  TOTAL MOVES:                    3360
     DOWNHILL:                    2451
     ACCEPTED UPHILL:              777
     REJECTED UPHILL:              132
  TRIALS OUT OF BOUNDS:           1647
  NEW MINIMA THIS TEMPERATURE:       0

                         CURRENT OPTIMAL X
    0.8037613630         0.9298784137E-01     0.2598572969         0.5585308075         0.9536939859E-02     0.1385300994         0.9607156515         0.7452903895         0.1128737641E-01     0.1002232405    
    0.2445379672         0.2881459594E-01     0.2827837944         0.4470004439         0.9999525879         0.8432565928E-01     0.2443968415         0.5361192822         0.8785755634E-01     0.2451756239    
    0.4926562905         0.3057181835E-02     0.5218783617E-01     0.2464687943         0.1517509818         0.4012720585E-01     0.1403739452         0.4038734436         0.7444826977         0.6906392249E-02
    0.1041823010         0.9959238825         0.3979906440E-01     0.1274485588         0.7027523518         0.1457035545E-02     0.2575278282E-01     0.2932207346         0.5912631750E-01     0.4452049732E-01
    0.2268348813         0.4038591385    

                         STEP LENGTH (VM)
     1.000000000         0.1000000000         0.2000000000          1.000000000         0.1000000000         0.2000000000          1.000000000          1.000000000         0.1000000000         0.2000000000    
     1.000000000         0.1000000000         0.2000000000          1.000000000         0.1878212210         0.1000000000         0.2000000000          1.000000000         0.1000000000         0.2000000000    
     1.000000000          1.000000000         0.1000000000         0.2000000000          1.000000000         0.1000000000         0.2000000000          1.000000000          1.000000000         0.1000000000    
    0.2000000000          1.000000000         0.1000000000         0.2000000000          1.000000000          1.000000000         0.1000000000         0.2000000000          1.000000000         0.1000000000    
    0.2000000000          1.000000000    
 

 INTERMEDIATE RESULTS BEFORE NEXT TEMPERATURE REDUCTION

  CURRENT TEMPERATURE:              2.8125    
  MIN FUNCTION VALUE SO FAR:   0.203539679446588240E-01
  TOTAL MOVES:                    3360
     DOWNHILL:                    2429
     ACCEPTED UPHILL:              813
     REJECTED UPHILL:              118
  TRIALS OUT OF BOUNDS:           1637
  NEW MINIMA THIS TEMPERATURE:       0

                         CURRENT OPTIMAL X
    0.8150038719         0.3351783156E-01     0.2020381927         0.5585308075         0.9536939859E-02     0.1385300994         0.9607156515         0.7452903895         0.1128737641E-01     0.1002232405    
    0.2445379672         0.2881459594E-01     0.2827837944         0.4470004439         0.9999525879         0.8432565928E-01     0.2443968415         0.5361192822         0.8785755634E-01     0.2451756239    
    0.4926562905         0.3057181835E-02     0.5218783617E-01     0.2464687943         0.1517509818         0.4012720585E-01     0.1403739452         0.4038734436         0.7444826977         0.6906392249E-02
    0.1041823010         0.9959238825         0.3979906440E-01     0.1274485588         0.7027523518         0.1457035545E-02     0.2575278282E-01     0.2932207346         0.5912631750E-01     0.4452049732E-01
    0.2268348813         0.4038591385    

                         STEP LENGTH (VM)
     1.000000000         0.1000000000         0.2000000000          1.000000000         0.1000000000         0.2000000000          1.000000000          1.000000000         0.1000000000         0.2000000000    
     1.000000000         0.1000000000         0.2000000000          1.000000000         0.2758623176         0.1000000000         0.2000000000          1.000000000         0.1000000000         0.2000000000    
     1.000000000          1.000000000         0.1000000000         0.2000000000          1.000000000         0.1000000000         0.2000000000          1.000000000          1.000000000         0.1000000000    
    0.2000000000          1.000000000         0.1000000000         0.2000000000          1.000000000          1.000000000         0.1000000000         0.2000000000          1.000000000         0.1000000000    
    0.2000000000          1.000000000    
 

 INTERMEDIATE RESULTS BEFORE NEXT TEMPERATURE REDUCTION

  CURRENT TEMPERATURE:              2.1094    
  MIN FUNCTION VALUE SO FAR:   0.200286507130078562E-01
  TOTAL MOVES:                    3360
     DOWNHILL:                    2420
     ACCEPTED UPHILL:              823
     REJECTED UPHILL:              117
  TRIALS OUT OF BOUNDS:           1707
  NEW MINIMA THIS TEMPERATURE:       0

                         CURRENT OPTIMAL X
    0.8150038719         0.1150152087E-01     0.2020381927         0.5585308075         0.9536939859E-02     0.1385300994         0.9607156515         0.7452903895         0.1128737641E-01     0.1002232405    
    0.2445379672         0.2881459594E-01     0.2827837944         0.4470004439         0.9999525879         0.8432565928E-01     0.2443968415         0.5361192822         0.8785755634E-01     0.2451756239    
    0.4926562905         0.3057181835E-02     0.5218783617E-01     0.2464687943         0.1517509818         0.4012720585E-01     0.1403739452         0.4038734436         0.7444826977         0.6906392249E-02
    0.1041823010         0.9959238825         0.3979906440E-01     0.1274485588         0.7027523518         0.1457035545E-02     0.2575278282E-01     0.2932207346         0.5912631750E-01     0.4452049732E-01
    0.2268348813         0.4038591385    

                         STEP LENGTH (VM)
     1.000000000         0.1000000000         0.2000000000          1.000000000         0.1000000000         0.2000000000          1.000000000          1.000000000         0.1000000000         0.2000000000    
     1.000000000         0.1000000000         0.2000000000          1.000000000         0.3336751447         0.1000000000         0.2000000000          1.000000000         0.1000000000         0.2000000000    
     1.000000000          1.000000000         0.1000000000         0.2000000000          1.000000000         0.1000000000         0.2000000000          1.000000000          1.000000000         0.1000000000    
    0.2000000000          1.000000000         0.1000000000         0.2000000000          1.000000000          1.000000000         0.1000000000         0.2000000000          1.000000000         0.1000000000    
    0.2000000000          1.000000000    
 

 INTERMEDIATE RESULTS BEFORE NEXT TEMPERATURE REDUCTION

  CURRENT TEMPERATURE:              1.5820    
  MIN FUNCTION VALUE SO FAR:   0.199806115286070840E-01
  TOTAL MOVES:                    3360
     DOWNHILL:                    2428
     ACCEPTED UPHILL:              807
     REJECTED UPHILL:              125
  TRIALS OUT OF BOUNDS:           1713
  NEW MINIMA THIS TEMPERATURE:       0

                         CURRENT OPTIMAL X
    0.8150038719         0.1019658446E-01     0.2020381927         0.5585308075         0.9536939859E-02     0.1385300994         0.9607156515         0.7452903895         0.1128737641E-01     0.1002232405    
    0.2445379672         0.2881459594E-01     0.2827837944         0.4470004439         0.9999525879         0.8432565928E-01     0.2443968415         0.5361192822         0.8785755634E-01     0.2451756239    
    0.4926562905         0.3057181835E-02     0.5218783617E-01     0.2464687943         0.1517509818         0.4012720585E-01     0.1403739452         0.4038734436         0.7444826977         0.6906392249E-02
    0.1041823010         0.9959238825         0.3979906440E-01     0.1274485588         0.7027523518         0.1457035545E-02     0.2575278282E-01     0.2932207346         0.5912631750E-01     0.4452049732E-01
    0.2268348813         0.4038591385    

                         STEP LENGTH (VM)
     1.000000000         0.1000000000         0.2000000000          1.000000000         0.1000000000         0.2000000000          1.000000000          1.000000000         0.1000000000         0.2000000000    
     1.000000000         0.1000000000         0.2000000000          1.000000000         0.2124853529         0.1000000000         0.2000000000          1.000000000         0.1000000000         0.2000000000    
     1.000000000          1.000000000         0.1000000000         0.2000000000          1.000000000         0.1000000000         0.2000000000          1.000000000          1.000000000         0.1000000000    
    0.2000000000          1.000000000         0.1000000000         0.2000000000          1.000000000          1.000000000         0.1000000000         0.2000000000          1.000000000         0.1000000000    
    0.2000000000          1.000000000    
 

 INTERMEDIATE RESULTS BEFORE NEXT TEMPERATURE REDUCTION

  CURRENT TEMPERATURE:              1.1865    
  MIN FUNCTION VALUE SO FAR:   0.157302421508349610E-01
  TOTAL MOVES:                    3360
     DOWNHILL:                    2402
     ACCEPTED UPHILL:              809
     REJECTED UPHILL:              149
  TRIALS OUT OF BOUNDS:           1700
  NEW MINIMA THIS TEMPERATURE:       0

                         CURRENT OPTIMAL X
    0.9207047224         0.7255825400E-01     0.1875097751         0.5734286308         0.3246024251E-01     0.2719056129         0.2739405631E-01     0.7452903895         0.8147463328E-02     0.1002232405    
    0.2445379672         0.2881459594E-01     0.2827837944         0.4470004439         0.9999525879         0.8432565928E-01     0.2443968415         0.5361192822         0.8785755634E-01     0.2451756239    
    0.4926562905         0.3057181835E-02     0.5218783617E-01     0.2464687943         0.1517509818         0.4012720585E-01     0.1403739452         0.4038734436         0.7444826977         0.6906392249E-02
    0.1041823010         0.9959238825         0.3979906440E-01     0.1274485588         0.7027523518         0.1457035545E-02     0.2575278282E-01     0.2932207346         0.5912631750E-01     0.4452049732E-01
    0.2268348813         0.4038591385    

                         STEP LENGTH (VM)
     1.000000000         0.1000000000         0.2000000000          1.000000000         0.1000000000         0.2000000000          1.000000000          1.000000000         0.1000000000         0.2000000000    
     1.000000000         0.1000000000         0.2000000000          1.000000000         0.1291364000         0.1000000000         0.2000000000          1.000000000         0.1000000000         0.2000000000    
     1.000000000          1.000000000         0.1000000000         0.2000000000          1.000000000         0.1000000000         0.2000000000          1.000000000          1.000000000         0.1000000000    
    0.2000000000          1.000000000         0.1000000000         0.2000000000          1.000000000          1.000000000         0.1000000000         0.2000000000          1.000000000         0.1000000000    
    0.2000000000          1.000000000    
 

 INTERMEDIATE RESULTS BEFORE NEXT TEMPERATURE REDUCTION

  CURRENT TEMPERATURE:             0.88989    
  MIN FUNCTION VALUE SO FAR:   0.856749976368975652E-02
  TOTAL MOVES:                    3360
     DOWNHILL:                    2428
     ACCEPTED UPHILL:              789
     REJECTED UPHILL:              143
  TRIALS OUT OF BOUNDS:           1652
  NEW MINIMA THIS TEMPERATURE:       3

                         CURRENT OPTIMAL X
    0.9207047224         0.5967863202E-01     0.1825756788         0.6107318401         0.5264902711E-01     0.2056672335         0.9901306629         0.7385002971         0.8778879172E-02     0.1002232405    
    0.2445379672         0.2881459594E-01     0.2827837944         0.4470004439         0.9999525879         0.8432565928E-01     0.2443968415         0.5361192822         0.8785755634E-01     0.2451756239    
    0.4926562905         0.3057181835E-02     0.5218783617E-01     0.2464687943         0.1517509818         0.4012720585E-01     0.1403739452         0.4038734436         0.7444826977         0.6906392249E-02
    0.1041823010         0.9959238825         0.3979906440E-01     0.1274485588         0.7027523518         0.1457035545E-02     0.2575278282E-01     0.2932207346         0.5912631750E-01     0.4452049732E-01
    0.2268348813         0.4038591385    

                         STEP LENGTH (VM)
     1.000000000         0.1000000000         0.2000000000          1.000000000         0.1000000000         0.2000000000          1.000000000         0.4733380761         0.1000000000         0.2000000000    
     1.000000000         0.1000000000         0.2000000000          1.000000000         0.1025763916         0.1000000000         0.2000000000          1.000000000         0.1000000000         0.2000000000    
     1.000000000          1.000000000         0.1000000000         0.2000000000          1.000000000         0.1000000000         0.2000000000          1.000000000          1.000000000         0.1000000000    
    0.2000000000          1.000000000         0.1000000000         0.2000000000          1.000000000          1.000000000         0.1000000000         0.2000000000          1.000000000         0.1000000000    
    0.2000000000          1.000000000    
 

  SA ACHIEVED TERMINATION CRITERIA. IER = 0. 


  ****   RESULTS AFTER SA   ****   

                         SOLUTION
    0.9207047224         0.5967863202E-01     0.1825756788         0.6107318401         0.5264902711E-01     0.2056672335         0.9901306629         0.7385002971         0.8778879172E-02     0.1002232405    
    0.2445379672         0.2881459594E-01     0.2827837944         0.4470004439         0.9999525879         0.8432565928E-01     0.2443968415         0.5361192822         0.8785755634E-01     0.2451756239    
    0.4926562905         0.3057181835E-02     0.5218783617E-01     0.2464687943         0.1517509818         0.4012720585E-01     0.1403739452         0.4038734436         0.7444826977         0.6906392249E-02
    0.1041823010         0.9959238825         0.3979906440E-01     0.1274485588         0.7027523518         0.1457035545E-02     0.2575278282E-01     0.2932207346         0.5912631750E-01     0.4452049732E-01
    0.2268348813         0.4038591385    

                         FINAL STEP LENGTH
     1.000000000         0.1000000000         0.2000000000          1.000000000         0.1000000000         0.2000000000          1.000000000         0.4733380761         0.1000000000         0.2000000000    
     1.000000000         0.1000000000         0.2000000000          1.000000000         0.1025763916         0.1000000000         0.2000000000          1.000000000         0.1000000000         0.2000000000    
     1.000000000          1.000000000         0.1000000000         0.2000000000          1.000000000         0.1000000000         0.2000000000          1.000000000          1.000000000         0.1000000000    
    0.2000000000          1.000000000         0.1000000000         0.2000000000          1.000000000          1.000000000         0.1000000000         0.2000000000          1.000000000         0.1000000000    
    0.2000000000          1.000000000    

 OPTIMAL FUNCTION VALUE:  0.8567499763690E-02
 NUMBER OF FUNCTION EVALUATIONS:          23521
 NUMBER OF ACCEPTED EVALUATIONS:          22623
 NUMBER OF OUT OF BOUND EVALUATIONS:      11719
 FINAL TEMP:  0.8898925781250      IER:   0
