
 SIMULATED PARALLEL ANNEALING by NEIGHBORHOOD EXAMPLE

 NUMBER OF PARAMETERS:  42   MAXIMAZATION:     F
 INITIAL TEMP:  5.0       RT: 0.75       EPS: 0.10E-02
 NS:  24   NT:   5   NEPS:  4
 MAXEVL:  100000000   IPRINT: 1   ISEED1:    7 ISEED2:    8

                         STARTING VALUES
    0.9999196919         0.3911641240E-01     0.2224653006         0.7706983089         0.4799049497E-01     0.1227848053         0.9613317847         0.6541159173         0.2690622312E-01     0.1010460336    
    0.1077610127         0.9671522379E-01     0.2902822971         0.7345870733         0.9999975870         0.6099378467E-01     0.2540979028         0.5019401908         0.5071206093E-01     0.2908688188    
    0.9553068280         0.7111773137E-02     0.4658682942E-01     0.2101369143         0.4361623526         0.7645625472E-01     0.2270280242         0.3873983026         0.7436619953         0.6557708979E-02
    0.1475821376         0.9618915791         0.3221664429E-01     0.2873373747         0.8807760477         0.1483278434E-01     0.4434841871E-02     0.1630968213         0.4105083346         0.9464060068E-01
    0.1459043622         0.8254996538    

                         INITIAL STEP LENGTH
     1.000000000         0.1000000000         0.2000000000          1.000000000         0.1000000000         0.2000000000          1.000000000          1.000000000         0.1000000000         0.2000000000    
     1.000000000         0.1000000000         0.2000000000          1.000000000          1.000000000         0.1000000000         0.2000000000          1.000000000         0.1000000000         0.2000000000    
     1.000000000          1.000000000         0.1000000000         0.2000000000          1.000000000         0.1000000000         0.2000000000          1.000000000          1.000000000         0.1000000000    
    0.2000000000          1.000000000         0.1000000000         0.2000000000          1.000000000          1.000000000         0.1000000000         0.2000000000          1.000000000         0.1000000000    
    0.2000000000          1.000000000    

                         LOWER BOUND
     0.000000000          0.000000000         0.1000000000          0.000000000          0.000000000         0.1000000000          0.000000000          0.000000000          0.000000000         0.1000000000    
     0.000000000          0.000000000         0.1000000000          0.000000000          0.000000000          0.000000000         0.1000000000          0.000000000          0.000000000         0.1000000000    
     0.000000000          0.000000000          0.000000000         0.1000000000          0.000000000          0.000000000         0.1000000000          0.000000000          0.000000000          0.000000000    
    0.1000000000          0.000000000          0.000000000         0.1000000000          0.000000000          0.000000000          0.000000000         0.1000000000          0.000000000          0.000000000    
    0.1000000000          0.000000000    

                         UPPER BOUND
     1.000000000         0.1000000000         0.3000000000          1.000000000         0.1000000000         0.3000000000          1.000000000          1.000000000         0.1000000000         0.3000000000    
     1.000000000         0.1000000000         0.3000000000          1.000000000          1.000000000         0.1000000000         0.3000000000          1.000000000         0.1000000000         0.3000000000    
     1.000000000          1.000000000         0.1000000000         0.3000000000          1.000000000         0.1000000000         0.3000000000          1.000000000          1.000000000         0.1000000000    
    0.3000000000          1.000000000         0.1000000000         0.3000000000          1.000000000          1.000000000         0.1000000000         0.3000000000          1.000000000         0.1000000000    
    0.3000000000          1.000000000    

                         C VECTOR
     2.000000000          2.000000000          2.000000000          2.000000000          2.000000000          2.000000000          2.000000000          2.000000000          2.000000000          2.000000000    
     2.000000000          2.000000000          2.000000000          2.000000000          2.000000000          2.000000000          2.000000000          2.000000000          2.000000000          2.000000000    
     2.000000000          2.000000000          2.000000000          2.000000000          2.000000000          2.000000000          2.000000000          2.000000000          2.000000000          2.000000000    
     2.000000000          2.000000000          2.000000000          2.000000000          2.000000000          2.000000000          2.000000000          2.000000000          2.000000000          2.000000000    
     2.000000000          2.000000000    

  ****   END OF DRIVER ROUTINE OUTPUT   ****
  ****   BEFORE CALL TO SA.             ****
  

                         INITIAL X
    0.9999196919         0.3911641240E-01     0.2224653006         0.7706983089         0.4799049497E-01     0.1227848053         0.9613317847         0.6541159173         0.2690622312E-01     0.1010460336    
    0.1077610127         0.9671522379E-01     0.2902822971         0.7345870733         0.9999975870         0.6099378467E-01     0.2540979028         0.5019401908         0.5071206093E-01     0.2908688188    
    0.9553068280         0.7111773137E-02     0.4658682942E-01     0.2101369143         0.4361623526         0.7645625472E-01     0.2270280242         0.3873983026         0.7436619953         0.6557708979E-02
    0.1475821376         0.9618915791         0.3221664429E-01     0.2873373747         0.8807760477         0.1483278434E-01     0.4434841871E-02     0.1630968213         0.4105083346         0.9464060068E-01
    0.1459043622         0.8254996538    
  INITIAL F: 
 0.157315962290727529    

 INTERMEDIATE RESULTS BEFORE NEXT TEMPERATURE REDUCTION

  CURRENT TEMPERATURE:              5.0000    
  MIN FUNCTION VALUE SO FAR:   0.570501160651075701E-01
  TOTAL MOVES:                     840
     DOWNHILL:                     610
     ACCEPTED UPHILL:              192
     REJECTED UPHILL:               38
  TRIALS OUT OF BOUNDS:            404
  NEW MINIMA THIS TEMPERATURE:       0

                         CURRENT OPTIMAL X
    0.8310949206         0.9777430892E-01     0.2115870357         0.9091789722         0.5413107276E-01     0.1950874209         0.9342935681         0.9057080746         0.4155031443E-01     0.1663861394    
    0.5866296887         0.7731063366E-01     0.1891829252         0.6873989105E-01     0.9828982573         0.7096441388E-01     0.2239554405         0.9918522835         0.6309221983E-01     0.1509871602    
    0.9584960341         0.6773233414E-02     0.2903750539E-01     0.1474896908         0.9856148958         0.8645738363E-01     0.2811111093         0.5151128173         0.8946646452         0.5773396492E-01
    0.1066869020         0.8997007608         0.3811631203E-01     0.2514040112         0.2386823297         0.1955950260E-01     0.5143601298E-01     0.2446017504         0.6279093623         0.6953134537E-01
    0.1217850566         0.4874051213    

                         STEP LENGTH (VM)
     1.000000000         0.1000000000         0.2000000000          1.000000000         0.1000000000         0.2000000000          1.000000000          1.000000000         0.1000000000         0.2000000000    
     1.000000000         0.1000000000         0.2000000000          1.000000000         0.3243242996         0.1000000000         0.2000000000          1.000000000         0.1000000000         0.2000000000    
     1.000000000          1.000000000         0.1000000000         0.2000000000          1.000000000         0.1000000000         0.2000000000          1.000000000          1.000000000         0.1000000000    
    0.2000000000          1.000000000         0.1000000000         0.2000000000          1.000000000          1.000000000         0.1000000000         0.2000000000          1.000000000         0.1000000000    
    0.2000000000          1.000000000    
 

 INTERMEDIATE RESULTS BEFORE NEXT TEMPERATURE REDUCTION

  CURRENT TEMPERATURE:              3.7500    
  MIN FUNCTION VALUE SO FAR:   0.570501160651075701E-01
  TOTAL MOVES:                     840
     DOWNHILL:                     602
     ACCEPTED UPHILL:              213
     REJECTED UPHILL:               25
  TRIALS OUT OF BOUNDS:            424
  NEW MINIMA THIS TEMPERATURE:       0

                         CURRENT OPTIMAL X
    0.8310949206         0.9777430892E-01     0.2115870357         0.9091789722         0.5413107276E-01     0.1950874209         0.9342935681         0.9057080746         0.4155031443E-01     0.1663861394    
    0.5866296887         0.7731063366E-01     0.1891829252         0.6873989105E-01     0.9828982573         0.7096441388E-01     0.2239554405         0.9918522835         0.6309221983E-01     0.1509871602    
    0.9584960341         0.6773233414E-02     0.2903750539E-01     0.1474896908         0.9856148958         0.8645738363E-01     0.2811111093         0.5151128173         0.8946646452         0.5773396492E-01
    0.1066869020         0.8997007608         0.3811631203E-01     0.2514040112         0.2386823297         0.1955950260E-01     0.5143601298E-01     0.2446017504         0.6279093623         0.6953134537E-01
    0.1217850566         0.4874051213    

                         STEP LENGTH (VM)
     1.000000000         0.1000000000         0.2000000000          1.000000000         0.1000000000         0.2000000000          1.000000000         0.8888888668         0.1000000000         0.2000000000    
     1.000000000         0.1000000000         0.2000000000          1.000000000         0.3243242567         0.1000000000         0.2000000000          1.000000000         0.1000000000         0.2000000000    
     1.000000000          1.000000000         0.1000000000         0.2000000000          1.000000000         0.1000000000         0.2000000000          1.000000000          1.000000000         0.1000000000    
    0.2000000000          1.000000000         0.1000000000         0.2000000000          1.000000000          1.000000000         0.1000000000         0.2000000000          1.000000000         0.1000000000    
    0.2000000000          1.000000000    
 

 INTERMEDIATE RESULTS BEFORE NEXT TEMPERATURE REDUCTION

  CURRENT TEMPERATURE:              2.8125    
  MIN FUNCTION VALUE SO FAR:   0.504005870551710311E-01
  TOTAL MOVES:                     840
     DOWNHILL:                     604
     ACCEPTED UPHILL:              203
     REJECTED UPHILL:               33
  TRIALS OUT OF BOUNDS:            435
  NEW MINIMA THIS TEMPERATURE:       0

                         CURRENT OPTIMAL X
    0.9102101922         0.2988966107E-01     0.1452279568         0.4646024704         0.5869645476E-01     0.1064160228         0.8451215625         0.9057080746         0.3135919571E-02     0.2999866366    
    0.2808809876         0.6507645845E-01     0.2597760439         0.5080808401         0.9828982573         0.3846502304E-02     0.2062383652         0.9034861326         0.6309221983E-01     0.1509871602    
    0.9584960341         0.6773233414E-02     0.2903750539E-01     0.1474896908         0.9856148958         0.8645738363E-01     0.2811111093         0.5151128173         0.8946646452         0.5773396492E-01
    0.1066869020         0.8997007608         0.3811631203E-01     0.2514040112         0.2386823297         0.1955950260E-01     0.5143601298E-01     0.2446017504         0.6279093623         0.6953134537E-01
    0.1217850566         0.4874051213    

                         STEP LENGTH (VM)
     1.000000000         0.1000000000         0.2000000000          1.000000000         0.1000000000         0.2000000000          1.000000000         0.8888888668         0.1000000000         0.2000000000    
     1.000000000         0.1000000000         0.2000000000          1.000000000         0.3243242567         0.1000000000         0.2000000000          1.000000000         0.1000000000         0.2000000000    
     1.000000000          1.000000000         0.1000000000         0.2000000000          1.000000000         0.1000000000         0.2000000000          1.000000000          1.000000000         0.1000000000    
    0.2000000000          1.000000000         0.1000000000         0.2000000000          1.000000000          1.000000000         0.1000000000         0.2000000000          1.000000000         0.1000000000    
    0.2000000000          1.000000000    
 

 INTERMEDIATE RESULTS BEFORE NEXT TEMPERATURE REDUCTION

  CURRENT TEMPERATURE:              2.1094    
  MIN FUNCTION VALUE SO FAR:   0.504005870551710311E-01
  TOTAL MOVES:                     840
     DOWNHILL:                     608
     ACCEPTED UPHILL:              205
     REJECTED UPHILL:               27
  TRIALS OUT OF BOUNDS:            408
  NEW MINIMA THIS TEMPERATURE:       0

                         CURRENT OPTIMAL X
    0.9102101922         0.2988966107E-01     0.1452279568         0.4646024704         0.5869645476E-01     0.1064160228         0.8451215625         0.9057080746         0.3135919571E-02     0.2999866366    
    0.2808809876         0.6507645845E-01     0.2597760439         0.5080808401         0.9828982573         0.3846502304E-02     0.2062383652         0.9034861326         0.6309221983E-01     0.1509871602    
    0.9584960341         0.6773233414E-02     0.2903750539E-01     0.1474896908         0.9856148958         0.8645738363E-01     0.2811111093         0.5151128173         0.8946646452         0.5773396492E-01
    0.1066869020         0.8997007608         0.3811631203E-01     0.2514040112         0.2386823297         0.1955950260E-01     0.5143601298E-01     0.2446017504         0.6279093623         0.6953134537E-01
    0.1217850566         0.4874051213    

                         STEP LENGTH (VM)
     1.000000000         0.1000000000         0.2000000000          1.000000000         0.1000000000         0.2000000000          1.000000000          1.000000000         0.1000000000         0.2000000000    
     1.000000000         0.1000000000         0.2000000000          1.000000000         0.3243242253         0.1000000000         0.2000000000          1.000000000         0.1000000000         0.2000000000    
     1.000000000          1.000000000         0.1000000000         0.2000000000          1.000000000         0.1000000000         0.2000000000          1.000000000          1.000000000         0.1000000000    
    0.2000000000          1.000000000         0.1000000000         0.2000000000          1.000000000          1.000000000         0.1000000000         0.2000000000          1.000000000         0.1000000000    
    0.2000000000          1.000000000    
 

 INTERMEDIATE RESULTS BEFORE NEXT TEMPERATURE REDUCTION

  CURRENT TEMPERATURE:              1.5820    
  MIN FUNCTION VALUE SO FAR:   0.473073566674773183E-01
  TOTAL MOVES:                     840
     DOWNHILL:                     599
     ACCEPTED UPHILL:              209
     REJECTED UPHILL:               32
  TRIALS OUT OF BOUNDS:            414
  NEW MINIMA THIS TEMPERATURE:       1

                         CURRENT OPTIMAL X
    0.9392997622         0.2972851396E-01     0.2536455393         0.1046674252         0.5869645476E-01     0.1064160228         0.8451215625         0.9057080746         0.3135919571E-02     0.2999866366    
    0.2808809876         0.6507645845E-01     0.2597760439         0.5080808401         0.9828982573         0.3846502304E-02     0.2062383652         0.9034861326         0.6309221983E-01     0.1509871602    
    0.9584960341         0.6773233414E-02     0.2903750539E-01     0.1474896908         0.9856148958         0.8645738363E-01     0.2811111093         0.5151128173         0.8946646452         0.5773396492E-01
    0.1066869020         0.8997007608         0.3811631203E-01     0.2514040112         0.2386823297         0.1955950260E-01     0.5143601298E-01     0.2446017504         0.6279093623         0.6953134537E-01
    0.1217850566         0.4874051213    

                         STEP LENGTH (VM)
     1.000000000         0.1000000000         0.2000000000          1.000000000         0.1000000000         0.2000000000          1.000000000         0.8888887809         0.1000000000         0.2000000000    
     1.000000000         0.1000000000         0.2000000000          1.000000000         0.1577793324         0.1000000000         0.2000000000          1.000000000         0.1000000000         0.2000000000    
     1.000000000          1.000000000         0.1000000000         0.2000000000          1.000000000         0.1000000000         0.2000000000          1.000000000          1.000000000         0.1000000000    
    0.2000000000          1.000000000         0.1000000000         0.2000000000          1.000000000          1.000000000         0.1000000000         0.2000000000          1.000000000         0.1000000000    
    0.2000000000          1.000000000    
 

 INTERMEDIATE RESULTS BEFORE NEXT TEMPERATURE REDUCTION

  CURRENT TEMPERATURE:              1.1865    
  MIN FUNCTION VALUE SO FAR:   0.473073566674773183E-01
  TOTAL MOVES:                     840
     DOWNHILL:                     626
     ACCEPTED UPHILL:              188
     REJECTED UPHILL:               26
  TRIALS OUT OF BOUNDS:            422
  NEW MINIMA THIS TEMPERATURE:       0

                         CURRENT OPTIMAL X
    0.9392997622         0.2972851396E-01     0.2536455393         0.1046674252         0.5869645476E-01     0.1064160228         0.8451215625         0.9057080746         0.3135919571E-02     0.2999866366    
    0.2808809876         0.6507645845E-01     0.2597760439         0.5080808401         0.9828982573         0.3846502304E-02     0.2062383652         0.9034861326         0.6309221983E-01     0.1509871602    
    0.9584960341         0.6773233414E-02     0.2903750539E-01     0.1474896908         0.9856148958         0.8645738363E-01     0.2811111093         0.5151128173         0.8946646452         0.5773396492E-01
    0.1066869020         0.8997007608         0.3811631203E-01     0.2514040112         0.2386823297         0.1955950260E-01     0.5143601298E-01     0.2446017504         0.6279093623         0.6953134537E-01
    0.1217850566         0.4874051213    

                         STEP LENGTH (VM)
     1.000000000         0.1000000000         0.2000000000          1.000000000         0.1000000000         0.2000000000          1.000000000          1.000000000         0.1000000000         0.2000000000    
     1.000000000         0.1000000000         0.2000000000          1.000000000         0.1824323347         0.1000000000         0.2000000000          1.000000000         0.1000000000         0.2000000000    
     1.000000000          1.000000000         0.1000000000         0.2000000000          1.000000000         0.1000000000         0.2000000000          1.000000000          1.000000000         0.1000000000    
    0.2000000000          1.000000000         0.1000000000         0.2000000000          1.000000000          1.000000000         0.1000000000         0.2000000000          1.000000000         0.1000000000    
    0.2000000000          1.000000000    
 

 INTERMEDIATE RESULTS BEFORE NEXT TEMPERATURE REDUCTION

  CURRENT TEMPERATURE:             0.88989    
  MIN FUNCTION VALUE SO FAR:   0.473073566674773183E-01
  TOTAL MOVES:                     840
     DOWNHILL:                     611
     ACCEPTED UPHILL:              189
     REJECTED UPHILL:               40
  TRIALS OUT OF BOUNDS:            422
  NEW MINIMA THIS TEMPERATURE:       0

                         CURRENT OPTIMAL X
    0.9392997622         0.2972851396E-01     0.2536455393         0.1046674252         0.5869645476E-01     0.1064160228         0.8451215625         0.9057080746         0.3135919571E-02     0.2999866366    
    0.2808809876         0.6507645845E-01     0.2597760439         0.5080808401         0.9828982573         0.3846502304E-02     0.2062383652         0.9034861326         0.6309221983E-01     0.1509871602    
    0.9584960341         0.6773233414E-02     0.2903750539E-01     0.1474896908         0.9856148958         0.8645738363E-01     0.2811111093         0.5151128173         0.8946646452         0.5773396492E-01
    0.1066869020         0.8997007608         0.3811631203E-01     0.2514040112         0.2386823297         0.1955950260E-01     0.5143601298E-01     0.2446017504         0.6279093623         0.6953134537E-01
    0.1217850566         0.4874051213    

                         STEP LENGTH (VM)
     1.000000000         0.1000000000         0.2000000000          1.000000000         0.1000000000         0.2000000000          1.000000000         0.7499999860         0.1000000000         0.2000000000    
     1.000000000         0.1000000000         0.2000000000          1.000000000         0.1577792996         0.1000000000         0.2000000000          1.000000000         0.1000000000         0.2000000000    
     1.000000000          1.000000000         0.1000000000         0.2000000000          1.000000000         0.1000000000         0.2000000000          1.000000000          1.000000000         0.1000000000    
    0.2000000000          1.000000000         0.1000000000         0.2000000000          1.000000000          1.000000000         0.1000000000         0.2000000000          1.000000000         0.1000000000    
    0.2000000000          1.000000000    
 

 INTERMEDIATE RESULTS BEFORE NEXT TEMPERATURE REDUCTION

  CURRENT TEMPERATURE:             0.66742    
  MIN FUNCTION VALUE SO FAR:   0.473073566674773183E-01
  TOTAL MOVES:                     840
     DOWNHILL:                     605
     ACCEPTED UPHILL:              198
     REJECTED UPHILL:               37
  TRIALS OUT OF BOUNDS:            408
  NEW MINIMA THIS TEMPERATURE:       0

                         CURRENT OPTIMAL X
    0.9392997622         0.2972851396E-01     0.2536455393         0.1046674252         0.5869645476E-01     0.1064160228         0.8451215625         0.9057080746         0.3135919571E-02     0.2999866366    
    0.2808809876         0.6507645845E-01     0.2597760439         0.5080808401         0.9828982573         0.3846502304E-02     0.2062383652         0.9034861326         0.6309221983E-01     0.1509871602    
    0.9584960341         0.6773233414E-02     0.2903750539E-01     0.1474896908         0.9856148958         0.8645738363E-01     0.2811111093         0.5151128173         0.8946646452         0.5773396492E-01
    0.1066869020         0.8997007608         0.3811631203E-01     0.2514040112         0.2386823297         0.1955950260E-01     0.5143601298E-01     0.2446017504         0.6279093623         0.6953134537E-01
    0.1217850566         0.4874051213    

                         STEP LENGTH (VM)
     1.000000000         0.1000000000         0.2000000000          1.000000000         0.1000000000         0.2000000000          1.000000000         0.5624999790         0.1000000000         0.2000000000    
     1.000000000         0.1000000000         0.2000000000          1.000000000         0.1577792787         0.1000000000         0.2000000000          1.000000000         0.1000000000         0.2000000000    
     1.000000000          1.000000000         0.1000000000         0.2000000000          1.000000000         0.1000000000         0.2000000000          1.000000000          1.000000000         0.1000000000    
    0.2000000000          1.000000000         0.1000000000         0.2000000000          1.000000000          1.000000000         0.1000000000         0.2000000000          1.000000000         0.1000000000    
    0.2000000000          1.000000000    
 

 INTERMEDIATE RESULTS BEFORE NEXT TEMPERATURE REDUCTION

  CURRENT TEMPERATURE:             0.50056    
  MIN FUNCTION VALUE SO FAR:   0.473073566674773183E-01
  TOTAL MOVES:                     840
     DOWNHILL:                     607
     ACCEPTED UPHILL:              184
     REJECTED UPHILL:               49
  TRIALS OUT OF BOUNDS:            410
  NEW MINIMA THIS TEMPERATURE:       0

                         CURRENT OPTIMAL X
    0.9392997622         0.2972851396E-01     0.2536455393         0.1046674252         0.5869645476E-01     0.1064160228         0.8451215625         0.9057080746         0.3135919571E-02     0.2999866366    
    0.2808809876         0.6507645845E-01     0.2597760439         0.5080808401         0.9828982573         0.3846502304E-02     0.2062383652         0.9034861326         0.6309221983E-01     0.1509871602    
    0.9584960341         0.6773233414E-02     0.2903750539E-01     0.1474896908         0.9856148958         0.8645738363E-01     0.2811111093         0.5151128173         0.8946646452         0.5773396492E-01
    0.1066869020         0.8997007608         0.3811631203E-01     0.2514040112         0.2386823297         0.1955950260E-01     0.5143601298E-01     0.2446017504         0.6279093623         0.6953134537E-01
    0.1217850566         0.4874051213    

                         STEP LENGTH (VM)
     1.000000000         0.1000000000         0.2000000000          1.000000000         0.1000000000         0.2000000000          1.000000000         0.6385134332         0.1000000000         0.2000000000    
     1.000000000         0.1000000000         0.2000000000          1.000000000         0.1014295243         0.1000000000         0.2000000000          1.000000000         0.1000000000         0.2000000000    
     1.000000000          1.000000000         0.1000000000         0.2000000000          1.000000000         0.1000000000         0.2000000000          1.000000000         0.8888888668         0.1000000000    
    0.2000000000          1.000000000         0.1000000000         0.2000000000          1.000000000          1.000000000         0.1000000000         0.2000000000          1.000000000         0.1000000000    
    0.2000000000          1.000000000    
 

 INTERMEDIATE RESULTS BEFORE NEXT TEMPERATURE REDUCTION

  CURRENT TEMPERATURE:             0.37542    
  MIN FUNCTION VALUE SO FAR:   0.473073566674773183E-01
  TOTAL MOVES:                     840
     DOWNHILL:                     598
     ACCEPTED UPHILL:              189
     REJECTED UPHILL:               53
  TRIALS OUT OF BOUNDS:            408
  NEW MINIMA THIS TEMPERATURE:       0

                         CURRENT OPTIMAL X
    0.9392997622         0.2972851396E-01     0.2536455393         0.1046674252         0.5869645476E-01     0.1064160228         0.8451215625         0.9057080746         0.3135919571E-02     0.2999866366    
    0.2808809876         0.6507645845E-01     0.2597760439         0.5080808401         0.9828982573         0.3846502304E-02     0.2062383652         0.9034861326         0.6309221983E-01     0.1509871602    
    0.9584960341         0.6773233414E-02     0.2903750539E-01     0.1474896908         0.9856148958         0.8645738363E-01     0.2811111093         0.5151128173         0.8946646452         0.5773396492E-01
    0.1066869020         0.8997007608         0.3811631203E-01     0.2514040112         0.2386823297         0.1955950260E-01     0.5143601298E-01     0.2446017504         0.6279093623         0.6953134537E-01
    0.1217850566         0.4874051213    

                         STEP LENGTH (VM)
     1.000000000         0.1000000000         0.2000000000          1.000000000         0.1000000000         0.2000000000          1.000000000         0.4788850124         0.1000000000         0.2000000000    
     1.000000000         0.1000000000         0.2000000000          1.000000000         0.8558115031E-01     0.1000000000         0.2000000000          1.000000000         0.1000000000         0.2000000000    
     1.000000000          1.000000000         0.1000000000         0.2000000000          1.000000000         0.1000000000         0.2000000000          1.000000000         0.8888888668         0.1000000000    
    0.2000000000          1.000000000         0.1000000000         0.2000000000          1.000000000          1.000000000         0.1000000000         0.2000000000          1.000000000         0.1000000000    
    0.2000000000          1.000000000    
 

 INTERMEDIATE RESULTS BEFORE NEXT TEMPERATURE REDUCTION

  CURRENT TEMPERATURE:             0.28157    
  MIN FUNCTION VALUE SO FAR:   0.473073566674773183E-01
  TOTAL MOVES:                     840
     DOWNHILL:                     585
     ACCEPTED UPHILL:              192
     REJECTED UPHILL:               63
  TRIALS OUT OF BOUNDS:            444
  NEW MINIMA THIS TEMPERATURE:       0

                         CURRENT OPTIMAL X
    0.9392997622         0.2972851396E-01     0.2536455393         0.1046674252         0.5869645476E-01     0.1064160228         0.8451215625         0.9057080746         0.3135919571E-02     0.2999866366    
    0.2808809876         0.6507645845E-01     0.2597760439         0.5080808401         0.9828982573         0.3846502304E-02     0.2062383652         0.9034861326         0.6309221983E-01     0.1509871602    
    0.9584960341         0.6773233414E-02     0.2903750539E-01     0.1474896908         0.9856148958         0.8645738363E-01     0.2811111093         0.5151128173         0.8946646452         0.5773396492E-01
    0.1066869020         0.8997007608         0.3811631203E-01     0.2514040112         0.2386823297         0.1955950260E-01     0.5143601298E-01     0.2446017504         0.6279093623         0.6953134537E-01
    0.1217850566         0.4874051213    

                         STEP LENGTH (VM)
     1.000000000         0.1000000000         0.2000000000          1.000000000         0.1000000000         0.2000000000          1.000000000         0.3864287985         0.1000000000         0.2000000000    
     1.000000000         0.1000000000         0.2000000000          1.000000000         0.1087111820         0.1000000000         0.2000000000          1.000000000         0.1000000000         0.2000000000    
     1.000000000         0.5106382938         0.1000000000         0.2000000000          1.000000000         0.1000000000         0.2000000000          1.000000000          1.000000000         0.1000000000    
    0.2000000000          1.000000000         0.1000000000         0.2000000000          1.000000000          1.000000000         0.1000000000         0.2000000000          1.000000000         0.1000000000    
    0.2000000000          1.000000000    
 

 INTERMEDIATE RESULTS BEFORE NEXT TEMPERATURE REDUCTION

  CURRENT TEMPERATURE:             0.21118    
  MIN FUNCTION VALUE SO FAR:   0.473073566674773183E-01
  TOTAL MOVES:                     840
     DOWNHILL:                     596
     ACCEPTED UPHILL:              192
     REJECTED UPHILL:               52
  TRIALS OUT OF BOUNDS:            390
  NEW MINIMA THIS TEMPERATURE:       0

                         CURRENT OPTIMAL X
    0.9392997622         0.2972851396E-01     0.2536455393         0.1046674252         0.5869645476E-01     0.1064160228         0.8451215625         0.9057080746         0.3135919571E-02     0.2999866366    
    0.2808809876         0.6507645845E-01     0.2597760439         0.5080808401         0.9828982573         0.3846502304E-02     0.2062383652         0.9034861326         0.6309221983E-01     0.1509871602    
    0.9584960341         0.6773233414E-02     0.2903750539E-01     0.1474896908         0.9856148958         0.8645738363E-01     0.2811111093         0.5151128173         0.8946646452         0.5773396492E-01
    0.1066869020         0.8997007608         0.3811631203E-01     0.2514040112         0.2386823297         0.1955950260E-01     0.5143601298E-01     0.2446017504         0.6279093623         0.6953134537E-01
    0.1217850566         0.4874051213    

                         STEP LENGTH (VM)
     1.000000000         0.1000000000         0.2000000000          1.000000000         0.1000000000         0.2000000000          1.000000000         0.1879923823         0.1000000000         0.2000000000    
     1.000000000         0.1000000000         0.2000000000          1.000000000         0.4207113940E-01     0.1000000000         0.2000000000          1.000000000         0.1000000000         0.2000000000    
     1.000000000         0.5744680187         0.1000000000         0.2000000000          1.000000000         0.1000000000         0.2000000000          1.000000000         0.6486486395         0.1000000000    
    0.2000000000          1.000000000         0.1000000000         0.2000000000          1.000000000          1.000000000         0.1000000000         0.2000000000          1.000000000         0.1000000000    
    0.2000000000          1.000000000    
 

 INTERMEDIATE RESULTS BEFORE NEXT TEMPERATURE REDUCTION

  CURRENT TEMPERATURE:             0.15838    
  MIN FUNCTION VALUE SO FAR:   0.473073566674773183E-01
  TOTAL MOVES:                     840
     DOWNHILL:                     586
     ACCEPTED UPHILL:              184
     REJECTED UPHILL:               70
  TRIALS OUT OF BOUNDS:            401
  NEW MINIMA THIS TEMPERATURE:       0

                         CURRENT OPTIMAL X
    0.9392997622         0.2972851396E-01     0.2536455393         0.1046674252         0.5869645476E-01     0.1064160228         0.8451215625         0.9057080746         0.3135919571E-02     0.2999866366    
    0.2808809876         0.6507645845E-01     0.2597760439         0.5080808401         0.9828982573         0.3846502304E-02     0.2062383652         0.9034861326         0.6309221983E-01     0.1509871602    
    0.9584960341         0.6773233414E-02     0.2903750539E-01     0.1474896908         0.9856148958         0.8645738363E-01     0.2811111093         0.5151128173         0.8946646452         0.5773396492E-01
    0.1066869020         0.8997007608         0.3811631203E-01     0.2514040112         0.2386823297         0.1955950260E-01     0.5143601298E-01     0.2446017504         0.6279093623         0.6953134537E-01
    0.1217850566         0.4874051213    

                         STEP LENGTH (VM)
     1.000000000         0.1000000000         0.2000000000          1.000000000         0.1000000000         0.2000000000          1.000000000         0.1485371836         0.1000000000         0.2000000000    
     1.000000000         0.1000000000         0.2000000000          1.000000000         0.5208806770E-01     0.1000000000         0.2000000000          1.000000000         0.1000000000         0.2000000000    
     1.000000000         0.6808508288         0.1000000000         0.2000000000          1.000000000         0.1000000000         0.2000000000          1.000000000         0.3742689589         0.1000000000    
    0.2000000000          1.000000000         0.1000000000         0.2000000000          1.000000000          1.000000000         0.1000000000         0.2000000000          1.000000000         0.1000000000    
    0.2000000000          1.000000000    
 

 INTERMEDIATE RESULTS BEFORE NEXT TEMPERATURE REDUCTION

  CURRENT TEMPERATURE:             0.11879    
  MIN FUNCTION VALUE SO FAR:   0.473073566674773183E-01
  TOTAL MOVES:                     840
     DOWNHILL:                     586
     ACCEPTED UPHILL:              199
     REJECTED UPHILL:               55
  TRIALS OUT OF BOUNDS:            392
  NEW MINIMA THIS TEMPERATURE:       0

                         CURRENT OPTIMAL X
    0.9392997622         0.2972851396E-01     0.2536455393         0.1046674252         0.5869645476E-01     0.1064160228         0.8451215625         0.9057080746         0.3135919571E-02     0.2999866366    
    0.2808809876         0.6507645845E-01     0.2597760439         0.5080808401         0.9828982573         0.3846502304E-02     0.2062383652         0.9034861326         0.6309221983E-01     0.1509871602    
    0.9584960341         0.6773233414E-02     0.2903750539E-01     0.1474896908         0.9856148958         0.8645738363E-01     0.2811111093         0.5151128173         0.8946646452         0.5773396492E-01
    0.1066869020         0.8997007608         0.3811631203E-01     0.2514040112         0.2386823297         0.1955950260E-01     0.5143601298E-01     0.2446017504         0.6279093623         0.6953134537E-01
    0.1217850566         0.4874051213    

                         STEP LENGTH (VM)
     1.000000000         0.1000000000         0.2000000000          1.000000000         0.1000000000         0.2000000000          1.000000000         0.2898214887         0.1000000000         0.2000000000    
     1.000000000         0.1000000000         0.2000000000          1.000000000         0.3378685098E-01     0.1000000000         0.2000000000          1.000000000         0.1000000000         0.2000000000    
     1.000000000          1.000000000         0.1000000000         0.2000000000          1.000000000         0.1000000000         0.2000000000          1.000000000         0.4210524777         0.1000000000    
    0.2000000000          1.000000000         0.1000000000         0.2000000000          1.000000000          1.000000000         0.1000000000         0.2000000000          1.000000000         0.1000000000    
    0.2000000000          1.000000000    
 

 INTERMEDIATE RESULTS BEFORE NEXT TEMPERATURE REDUCTION

  CURRENT TEMPERATURE:             0.89090E-01
  MIN FUNCTION VALUE SO FAR:   0.352532838230790180E-01
  TOTAL MOVES:                     840
     DOWNHILL:                     599
     ACCEPTED UPHILL:              169
     REJECTED UPHILL:               72
  TRIALS OUT OF BOUNDS:            401
  NEW MINIMA THIS TEMPERATURE:       0

                         CURRENT OPTIMAL X
    0.9392997622         0.7353712320E-01     0.1328718662         0.7529636621         0.5077422261E-01     0.1058913112         0.7975307703         0.9057080746         0.1523120999E-01     0.1184944510    
    0.1137539744         0.5318232775E-01     0.1167817116         0.3304066658         0.9907835520         0.7414671183E-01     0.2688420177         0.2380180359E-01     0.6590968370E-02     0.1438088298    
    0.7967150807         0.6773233414E-02     0.7567296624E-01     0.2340819597         0.7157871723         0.1451686025E-01     0.2691130638         0.6963515282         0.8946646452         0.2915978432E-03
    0.1805454016         0.9280303717         0.1269111037E-01     0.1624970555         0.6227154136         0.1955950260E-01     0.9420002103E-01     0.2604314327         0.3286933303         0.6423290968E-01
    0.2110904813         0.3076635003    

                         STEP LENGTH (VM)
     1.000000000         0.1000000000         0.2000000000          1.000000000         0.1000000000         0.2000000000          1.000000000         0.1397353280         0.1000000000         0.2000000000    
     1.000000000         0.1000000000         0.2000000000          1.000000000         0.3463235997E-01     0.1000000000         0.2000000000          1.000000000         0.1000000000         0.2000000000    
     1.000000000         0.3440859666         0.1000000000         0.2000000000          1.000000000         0.1000000000         0.2000000000          1.000000000         0.2186233771         0.1000000000    
    0.2000000000          1.000000000         0.1000000000         0.2000000000          1.000000000          1.000000000         0.1000000000         0.2000000000          1.000000000         0.1000000000    
    0.2000000000          1.000000000    
 

 INTERMEDIATE RESULTS BEFORE NEXT TEMPERATURE REDUCTION

  CURRENT TEMPERATURE:             0.66817E-01
  MIN FUNCTION VALUE SO FAR:   0.350089432050687543E-01
  TOTAL MOVES:                     840
     DOWNHILL:                     609
     ACCEPTED UPHILL:              162
     REJECTED UPHILL:               69
  TRIALS OUT OF BOUNDS:            411
  NEW MINIMA THIS TEMPERATURE:       0

                         CURRENT OPTIMAL X
    0.9392997622         0.4822647572E-01     0.2089464664         0.3402751684E-01     0.5077422261E-01     0.1058913112         0.7975307703         0.9057080746         0.1523120999E-01     0.1184944510    
    0.1137539744         0.5318232775E-01     0.1167817116         0.3304066658         0.9907835520         0.7414671183E-01     0.2688420177         0.2380180359E-01     0.6590968370E-02     0.1438088298    
    0.7967150807         0.6773233414E-02     0.7567296624E-01     0.2340819597         0.7157871723         0.1451686025E-01     0.2691130638         0.6963515282         0.8946646452         0.2915978432E-03
    0.1805454016         0.9280303717         0.1269111037E-01     0.1624970555         0.6227154136         0.1955950260E-01     0.9420002103E-01     0.2604314327         0.3286933303         0.6423290968E-01
    0.2110904813         0.3076635003    

                         STEP LENGTH (VM)
    0.7499999860         0.1000000000         0.2000000000          1.000000000         0.1000000000         0.2000000000          1.000000000         0.2063279038         0.1000000000         0.2000000000    
     1.000000000         0.1000000000         0.2000000000          1.000000000         0.3463235610E-01     0.1000000000         0.2000000000          1.000000000         0.1000000000         0.2000000000    
     1.000000000         0.1966205242         0.1000000000         0.2000000000          1.000000000         0.1000000000         0.2000000000          1.000000000         0.1602385611         0.1000000000    
    0.2000000000          1.000000000         0.1000000000         0.2000000000          1.000000000         0.5714285653         0.1000000000         0.2000000000          1.000000000         0.1000000000    
    0.2000000000          1.000000000    
 

 INTERMEDIATE RESULTS BEFORE NEXT TEMPERATURE REDUCTION

  CURRENT TEMPERATURE:             0.50113E-01
  MIN FUNCTION VALUE SO FAR:   0.350089432050687543E-01
  TOTAL MOVES:                     840
     DOWNHILL:                     597
     ACCEPTED UPHILL:              151
     REJECTED UPHILL:               92
  TRIALS OUT OF BOUNDS:            396
  NEW MINIMA THIS TEMPERATURE:       0

                         CURRENT OPTIMAL X
    0.9392997622         0.4822647572E-01     0.2089464664         0.3402751684E-01     0.5077422261E-01     0.1058913112         0.7975307703         0.9057080746         0.1523120999E-01     0.1184944510    
    0.1137539744         0.5318232775E-01     0.1167817116         0.3304066658         0.9907835520         0.7414671183E-01     0.2688420177         0.2380180359E-01     0.6590968370E-02     0.1438088298    
    0.7967150807         0.6773233414E-02     0.7567296624E-01     0.2340819597         0.7157871723         0.1451686025E-01     0.2691130638         0.6963515282         0.8946646452         0.2915978432E-03
    0.1805454016         0.9280303717         0.1269111037E-01     0.1624970555         0.6227154136         0.1955950260E-01     0.9420002103E-01     0.2604314327         0.3286933303         0.6423290968E-01
    0.2110904813         0.3076635003    

                         STEP LENGTH (VM)
    0.3461538377         0.1000000000         0.2000000000          1.000000000         0.1000000000         0.2000000000          1.000000000         0.7647675010E-01     0.1000000000         0.2000000000    
     1.000000000         0.1000000000         0.2000000000          1.000000000         0.2464225120E-01     0.1000000000         0.2000000000          1.000000000         0.1000000000         0.2000000000    
     1.000000000         0.1317775720         0.1000000000         0.2000000000          1.000000000         0.1000000000         0.2000000000          1.000000000         0.6867366701E-01     0.1000000000    
    0.2000000000          1.000000000         0.1000000000         0.2000000000          1.000000000         0.1222102815         0.1000000000         0.2000000000          1.000000000         0.1000000000    
    0.2000000000          1.000000000    
 

 INTERMEDIATE RESULTS BEFORE NEXT TEMPERATURE REDUCTION

  CURRENT TEMPERATURE:             0.37585E-01
  MIN FUNCTION VALUE SO FAR:   0.350089432050687543E-01
  TOTAL MOVES:                     840
     DOWNHILL:                     580
     ACCEPTED UPHILL:              162
     REJECTED UPHILL:               98
  TRIALS OUT OF BOUNDS:            394
  NEW MINIMA THIS TEMPERATURE:       0

                         CURRENT OPTIMAL X
    0.9392997622         0.4822647572E-01     0.2089464664         0.3402751684E-01     0.5077422261E-01     0.1058913112         0.7975307703         0.9057080746         0.1523120999E-01     0.1184944510    
    0.1137539744         0.5318232775E-01     0.1167817116         0.3304066658         0.9907835520         0.7414671183E-01     0.2688420177         0.2380180359E-01     0.6590968370E-02     0.1438088298    
    0.7967150807         0.6773233414E-02     0.7567296624E-01     0.2340819597         0.7157871723         0.1451686025E-01     0.2691130638         0.6963515282         0.8946646452         0.2915978432E-03
    0.1805454016         0.9280303717         0.1269111037E-01     0.1624970555         0.6227154136         0.1955950260E-01     0.9420002103E-01     0.2604314327         0.3286933303         0.6423290968E-01
    0.2110904813         0.3076635003    

                         STEP LENGTH (VM)
    0.2596153391         0.1000000000         0.2000000000          1.000000000         0.1000000000         0.2000000000          1.000000000         0.5735756151E-01     0.1000000000         0.2000000000    
     1.000000000         0.1000000000         0.2000000000          1.000000000         0.2464225120E-01     0.1000000000         0.2000000000          1.000000000         0.1000000000         0.2000000000    
     1.000000000         0.8334648913E-01     0.1000000000         0.2000000000          1.000000000         0.1000000000         0.2000000000          1.000000000         0.6867365792E-01     0.1000000000    
    0.2000000000          1.000000000         0.1000000000         0.2000000000          1.000000000         0.1985916649         0.1000000000         0.2000000000          1.000000000         0.1000000000    
    0.2000000000          1.000000000    
 

 INTERMEDIATE RESULTS BEFORE NEXT TEMPERATURE REDUCTION

  CURRENT TEMPERATURE:             0.28189E-01
  MIN FUNCTION VALUE SO FAR:   0.350089432050687543E-01
  TOTAL MOVES:                     840
     DOWNHILL:                     575
     ACCEPTED UPHILL:              154
     REJECTED UPHILL:              111
  TRIALS OUT OF BOUNDS:            372
  NEW MINIMA THIS TEMPERATURE:       0

                         CURRENT OPTIMAL X
    0.9392997622         0.4822647572E-01     0.2089464664         0.3402751684E-01     0.5077422261E-01     0.1058913112         0.7975307703         0.9057080746         0.1523120999E-01     0.1184944510    
    0.1137539744         0.5318232775E-01     0.1167817116         0.3304066658         0.9907835520         0.7414671183E-01     0.2688420177         0.2380180359E-01     0.6590968370E-02     0.1438088298    
    0.7967150807         0.6773233414E-02     0.7567296624E-01     0.2340819597         0.7157871723         0.1451686025E-01     0.2691130638         0.6963515282         0.8946646452         0.2915978432E-03
    0.1805454016         0.9280303717         0.1269111037E-01     0.1624970555         0.6227154136         0.1955950260E-01     0.9420002103E-01     0.2604314327         0.3286933303         0.6423290968E-01
    0.2110904813         0.3076635003    

                         STEP LENGTH (VM)
    0.1730768852         0.1000000000         0.2000000000          1.000000000         0.1000000000         0.2000000000          1.000000000         0.7647673301E-01     0.1000000000         0.2000000000    
     1.000000000         0.1000000000         0.2000000000          1.000000000         0.1348663429E-01     0.1000000000         0.2000000000          1.000000000         0.1000000000         0.2000000000    
     1.000000000         0.7408575911E-01     0.1000000000         0.2000000000          1.000000000         0.1000000000         0.2000000000          1.000000000         0.5426066529E-01     0.1000000000    
    0.2000000000          1.000000000         0.1000000000         0.2000000000          1.000000000         0.1352113327         0.1000000000         0.2000000000          1.000000000         0.1000000000    
    0.2000000000          1.000000000    
 

 INTERMEDIATE RESULTS BEFORE NEXT TEMPERATURE REDUCTION

  CURRENT TEMPERATURE:             0.21141E-01
  MIN FUNCTION VALUE SO FAR:   0.350089432050687543E-01
  TOTAL MOVES:                     840
     DOWNHILL:                     581
     ACCEPTED UPHILL:              141
     REJECTED UPHILL:              118
  TRIALS OUT OF BOUNDS:            374
  NEW MINIMA THIS TEMPERATURE:       0

                         CURRENT OPTIMAL X
    0.9392997622         0.4822647572E-01     0.2089464664         0.3402751684E-01     0.5077422261E-01     0.1058913112         0.7975307703         0.9057080746         0.1523120999E-01     0.1184944510    
    0.1137539744         0.5318232775E-01     0.1167817116         0.3304066658         0.9907835520         0.7414671183E-01     0.2688420177         0.2380180359E-01     0.6590968370E-02     0.1438088298    
    0.7967150807         0.6773233414E-02     0.7567296624E-01     0.2340819597         0.7157871723         0.1451686025E-01     0.2691130638         0.6963515282         0.8946646452         0.2915978432E-03
    0.1805454016         0.9280303717         0.1269111037E-01     0.1624970555         0.6227154136         0.1955950260E-01     0.9420002103E-01     0.2604314327         0.3286933303         0.6423290968E-01
    0.2110904813         0.3076635003    

                         STEP LENGTH (VM)
    0.2900206740         0.1000000000         0.2000000000          1.000000000         0.1000000000         0.2000000000          1.000000000         0.3905194329E-01     0.1000000000         0.2000000000    
     1.000000000         0.1000000000         0.2000000000          1.000000000         0.7571443075E-02     0.1000000000         0.2000000000          1.000000000         0.1000000000         0.2000000000    
     1.000000000         0.6350206581E-01     0.1000000000         0.2000000000          1.000000000         0.1000000000         0.2000000000          1.000000000         0.5279414948E-01     0.1000000000    
    0.2000000000          1.000000000         0.1000000000         0.2000000000          1.000000000         0.8770464698E-01     0.1000000000         0.2000000000          1.000000000         0.1000000000    
    0.2000000000          1.000000000    
 

 INTERMEDIATE RESULTS BEFORE NEXT TEMPERATURE REDUCTION

  CURRENT TEMPERATURE:             0.15856E-01
  MIN FUNCTION VALUE SO FAR:   0.333583875230216709E-01
  TOTAL MOVES:                     840
     DOWNHILL:                     569
     ACCEPTED UPHILL:              126
     REJECTED UPHILL:              145
  TRIALS OUT OF BOUNDS:            367
  NEW MINIMA THIS TEMPERATURE:       0

                         CURRENT OPTIMAL X
    0.9392997622         0.4449805021E-01     0.1632314205         0.9784261584         0.9319612980E-01     0.2009575009         0.6757351756         0.9134575079         0.1523120999E-01     0.1184944510    
    0.1137539744         0.1913672686E-01     0.1190996647         0.3516802788         0.9984219878         0.7167719007E-01     0.1322480559         0.2109479308         0.3641910553E-01     0.2232234955    
    0.1614892483E-01     0.6773233414E-02     0.2012180686E-01     0.2055606604         0.7824205160         0.8101221919E-01     0.2559156418         0.2996783257         0.9243439337         0.7444623113E-01
    0.2145191550         0.3394528627         0.3007979989E-01     0.1777037263         0.7586322427         0.2901461827E-01     0.4910572171E-01     0.2492995501         0.3286933303         0.2436515093E-01
    0.1265615582         0.9239641428    

                         STEP LENGTH (VM)
    0.7250516715E-01     0.1000000000         0.2000000000          1.000000000         0.1000000000         0.2000000000          1.000000000         0.1983590700E-01     0.8297871597E-01     0.2000000000    
     1.000000000         0.1000000000         0.2000000000          1.000000000         0.4258936571E-02     0.1000000000         0.2000000000          1.000000000         0.1000000000         0.2000000000    
     1.000000000         0.4972647953E-01     0.1000000000         0.2000000000          1.000000000         0.1000000000         0.2000000000          1.000000000         0.1566419625E-01     0.1000000000    
    0.2000000000          1.000000000         0.1000000000         0.2000000000          1.000000000         0.3538595482E-01     0.1000000000         0.2000000000          1.000000000         0.1000000000    
    0.2000000000          1.000000000    
 

 INTERMEDIATE RESULTS BEFORE NEXT TEMPERATURE REDUCTION

  CURRENT TEMPERATURE:             0.11892E-01
  MIN FUNCTION VALUE SO FAR:   0.266519478207188909E-01
  TOTAL MOVES:                     840
     DOWNHILL:                     559
     ACCEPTED UPHILL:              139
     REJECTED UPHILL:              142
  TRIALS OUT OF BOUNDS:            377
  NEW MINIMA THIS TEMPERATURE:       0

                         CURRENT OPTIMAL X
    0.9623720641         0.7490451932E-01     0.2660552621         0.7167186737         0.2366495728E-01     0.1888482571         0.3070495725         0.9081657528         0.1523120999E-01     0.1047827601    
    0.1137539744         0.7458248734E-01     0.2039700389         0.9977126718         0.9956919245         0.9305530190E-01     0.1159208655         0.8765076399         0.5306676626E-01     0.2819818497    
    0.3669926524         0.5790104043E-02     0.7437899709E-01     0.2344820976         0.7010505199         0.6690535545E-01     0.1549363136         0.6981801987         0.9031328235         0.4346072674E-01
    0.2162427187         0.2718577981         0.7303957939E-01     0.1419008255         0.1465892792E-01     0.2057265098E-01     0.5901627541E-01     0.2748671889         0.6691294909E-01     0.6622219086E-01
    0.2157543063         0.7819226384    

                         STEP LENGTH (VM)
    0.4833677600E-01     0.1000000000         0.2000000000          1.000000000         0.1000000000         0.2000000000          1.000000000         0.1447484929E-01     0.1223649199E-01     0.4855381489E-01
    0.2917932750         0.1000000000         0.2000000000          1.000000000         0.4834468112E-02     0.1000000000         0.2000000000          1.000000000         0.1000000000         0.2000000000    
     1.000000000         0.2257088359E-01     0.1000000000         0.2000000000          1.000000000         0.1000000000         0.2000000000          1.000000000         0.8950968193E-02     0.1000000000    
    0.2000000000          1.000000000         0.1000000000         0.2000000000          1.000000000         0.3538595013E-01     0.1000000000         0.2000000000          1.000000000         0.1000000000    
    0.2000000000          1.000000000    
 

 INTERMEDIATE RESULTS BEFORE NEXT TEMPERATURE REDUCTION

  CURRENT TEMPERATURE:             0.89190E-02
  MIN FUNCTION VALUE SO FAR:   0.182812243090414439E-01
  TOTAL MOVES:                     840
     DOWNHILL:                     576
     ACCEPTED UPHILL:              130
     REJECTED UPHILL:              134
  TRIALS OUT OF BOUNDS:            342
  NEW MINIMA THIS TEMPERATURE:       3

                         CURRENT OPTIMAL X
    0.9980720575         0.8372573256E-01     0.1867074370         0.8176743984E-02     0.7413527369E-01     0.2489763141         0.7793433070         0.9146198909         0.1146419131E-01     0.1047827601    
    0.1137539744         0.2142137885E-01     0.1194022536         0.3081029654         0.9988534669         0.6311322451E-01     0.1740148664         0.6689019203         0.1763260365E-01     0.2521450281    
    0.3607531190         0.5790104043E-02     0.6237044930E-01     0.1603529215         0.8510960937         0.4420090318E-01     0.2566897631         0.7047965527         0.9058479031         0.1289409399E-01
    0.2329089284         0.2455203533         0.1153709888E-01     0.1755868912         0.8109533191         0.4484929158E-02     0.6353943944E-01     0.2284459949         0.8264276385         0.8383923769E-02
    0.2631675601         0.8664204478    

                         STEP LENGTH (VM)
    0.7479269808E-01     0.1000000000         0.2000000000          1.000000000         0.1000000000         0.2000000000          1.000000000         0.1628420370E-01     0.3157804239E-02     0.3717697137E-02
    0.9700390890E-01     0.1000000000         0.2000000000          1.000000000         0.4297304313E-02     0.1000000000         0.2000000000          1.000000000         0.1000000000         0.2000000000    
     1.000000000         0.1450985202E-01     0.1000000000         0.2000000000          1.000000000         0.1000000000         0.2000000000          1.000000000         0.1226614028E-01     0.1000000000    
    0.2000000000          1.000000000         0.1000000000         0.2000000000          1.000000000         0.2295304585E-01     0.1000000000         0.2000000000          1.000000000         0.1000000000    
    0.2000000000          1.000000000    
 

 INTERMEDIATE RESULTS BEFORE NEXT TEMPERATURE REDUCTION

  CURRENT TEMPERATURE:             0.66893E-02
  MIN FUNCTION VALUE SO FAR:   0.181089886626735197E-01
  TOTAL MOVES:                     840
     DOWNHILL:                     553
     ACCEPTED UPHILL:              120
     REJECTED UPHILL:              167
  TRIALS OUT OF BOUNDS:            365
  NEW MINIMA THIS TEMPERATURE:       1

                         CURRENT OPTIMAL X
    0.9980720575         0.9768928289E-01     0.1108382225         0.2244759202         0.1142151356E-01     0.1150969744         0.2426126599         0.9131853852         0.1146419131E-01     0.1036410706    
    0.1329257867         0.7456241250E-01     0.1841235638         0.7374085784         0.9988534669         0.4560271502E-01     0.2980707526         0.8213584423         0.1980131865E-01     0.2826763868    
    0.9346828461         0.6201269746E-02     0.5580573678E-01     0.2842901707         0.6703715920         0.6049661040E-01     0.2132930636         0.8917368054         0.9034334107         0.4664804339E-01
    0.2415134311         0.7058058977         0.5143302679E-01     0.2360742569         0.5480259657E-01     0.5975918040E-02     0.6353943944E-01     0.2688439488         0.2909877896         0.4346196651E-01
    0.2070680261         0.2308854461    

                         STEP LENGTH (VM)
    0.1190729417E-01     0.1000000000         0.2000000000          1.000000000         0.1000000000         0.2000000000          1.000000000         0.2938502826E-02     0.5581715986E-03     0.1108920046E-02
    0.3539331629E-01     0.1000000000         0.2000000000          1.000000000         0.4310212048E-03     0.1000000000         0.2000000000          1.000000000         0.1000000000         0.2000000000    
     1.000000000         0.5556964455E-02     0.1000000000         0.2000000000          1.000000000         0.1000000000         0.2000000000          1.000000000         0.3505953662E-02     0.1000000000    
    0.2000000000          1.000000000         0.1000000000         0.2000000000          1.000000000         0.1530202990E-01     0.1000000000         0.2000000000          1.000000000         0.1000000000    
    0.2000000000          1.000000000    
 

 INTERMEDIATE RESULTS BEFORE NEXT TEMPERATURE REDUCTION

  CURRENT TEMPERATURE:             0.50170E-02
  MIN FUNCTION VALUE SO FAR:   0.176727924372767076E-01
  TOTAL MOVES:                     840
     DOWNHILL:                     590
     ACCEPTED UPHILL:              122
     REJECTED UPHILL:              128
  TRIALS OUT OF BOUNDS:            353
  NEW MINIMA THIS TEMPERATURE:       3

                         CURRENT OPTIMAL X
    0.9971773023         0.7215572000E-01     0.1083337426         0.8159247637         0.1100653410E-01     0.2240838408         0.1068868041         0.9139992607         0.1169543256E-01     0.1018801152    
    0.1135120780         0.3790612221E-01     0.2353857160         0.8963281512         0.9991977467         0.9608534575E-01     0.2267381549         0.1889664531         0.7773755193E-01     0.2884597659    
    0.8945769072         0.4630183237E-02     0.3231644630E-01     0.2749262810         0.2526375651         0.3069153428E-01     0.1453847885         0.2587107420         0.9005075175         0.6767612100E-01
    0.2227060080         0.8260850310         0.1126760244E-02     0.2128396511         0.6242352724E-01     0.1006027521E-01     0.4799920917E-01     0.1463490486         0.9819589257         0.1640937924E-01
    0.1547981024         0.6546139717E-02

                         STEP LENGTH (VM)
    0.1058426122E-01     0.1000000000         0.2000000000          1.000000000         0.1000000000         0.2000000000          1.000000000         0.6978943800E-02     0.5670313536E-03     0.1247534778E-02
    0.3061043243E-01     0.1000000000         0.2000000000          1.000000000         0.1266124449E-02     0.1000000000         0.2000000000          1.000000000         0.1000000000         0.2000000000    
     1.000000000         0.1224268412E-01     0.1000000000         0.2000000000          1.000000000         0.1000000000         0.2000000000          1.000000000         0.3923328789E-02     0.1000000000    
    0.2000000000          1.000000000         0.1000000000         0.2000000000          1.000000000         0.7651014475E-02     0.1000000000         0.2000000000          1.000000000         0.1000000000    
    0.2000000000          1.000000000    
 

 INTERMEDIATE RESULTS BEFORE NEXT TEMPERATURE REDUCTION

  CURRENT TEMPERATURE:             0.37627E-02
  MIN FUNCTION VALUE SO FAR:   0.169396452287793320E-01
  TOTAL MOVES:                     840
     DOWNHILL:                     541
     ACCEPTED UPHILL:               90
     REJECTED UPHILL:              209
  TRIALS OUT OF BOUNDS:            359
  NEW MINIMA THIS TEMPERATURE:       2

                         CURRENT OPTIMAL X
    0.9993349510         0.7215572000E-01     0.1083337426         0.8159247637         0.1100653410E-01     0.2240838408         0.1068868041         0.9139992607         0.1169543256E-01     0.1018801152    
    0.1135120780         0.3790612221E-01     0.2353857160         0.8963281512         0.9991977467         0.9608534575E-01     0.2267381549         0.1889664531         0.7773755193E-01     0.2884597659    
    0.8945769072         0.4630183237E-02     0.3231644630E-01     0.2749262810         0.2526375651         0.3069153428E-01     0.1453847885         0.2587107420         0.9005075175         0.6767612100E-01
    0.2227060080         0.8260850310         0.1126760244E-02     0.2128396511         0.6242352724E-01     0.1006027521E-01     0.4799920917E-01     0.1463490486         0.9819589257         0.1640937924E-01
    0.1547981024         0.6546139717E-02

                         STEP LENGTH (VM)
    0.4422365103E-03     0.1000000000         0.2000000000          1.000000000         0.1000000000         0.2000000000          1.000000000         0.3405360104E-03     0.1252099054E-03     0.2668077616E-03
    0.1013893542E-01     0.1000000000         0.2000000000          1.000000000         0.4171529508E-03     0.8888888668E-01     0.2000000000          1.000000000         0.1000000000         0.2000000000    
     1.000000000         0.4582057083E-02     0.1000000000         0.2000000000          1.000000000         0.1000000000         0.2000000000          1.000000000         0.7632006898E-03     0.1000000000    
    0.2000000000          1.000000000         0.1000000000         0.2000000000          1.000000000         0.1448117701E-02     0.9285713429E-01     0.2000000000          1.000000000         0.1000000000    
    0.2000000000          1.000000000    
 

 INTERMEDIATE RESULTS BEFORE NEXT TEMPERATURE REDUCTION

  CURRENT TEMPERATURE:             0.28220E-02
  MIN FUNCTION VALUE SO FAR:   0.164822070202986781E-01
  TOTAL MOVES:                     840
     DOWNHILL:                     574
     ACCEPTED UPHILL:              148
     REJECTED UPHILL:              118
  TRIALS OUT OF BOUNDS:            351
  NEW MINIMA THIS TEMPERATURE:       3

                         CURRENT OPTIMAL X
    0.9996242720         0.4238242507E-01     0.2431824446         0.1991510391         0.1215786934E-01     0.2275188208         0.9452847838         0.9115138786         0.1163049717E-01     0.1021325058    
    0.1141943546         0.4365271330E-01     0.1238384485         0.3308012486         0.9998426220         0.9339172587E-01     0.2986099839         0.4295138121         0.6519235969E-01     0.2923338532    
    0.6914680004         0.2607636877E-02     0.9809775949E-01     0.1313882232         0.9233850241         0.9775553346E-01     0.2864566803         0.5921803713         0.9001216482         0.3210210204E-01
    0.2656010151         0.4128602147         0.4239297509E-01     0.1983640313         0.7587916255         0.3213972198E-02     0.7943705916E-01     0.2232473016         0.8073859811         0.9014736414E-01
    0.2965792537         0.5011602640    

                         STEP LENGTH (VM)
    0.4227989616E-02     0.1000000000         0.2000000000          1.000000000         0.1000000000         0.2000000000          1.000000000         0.2144312206E-02     0.5433490166E-03     0.9686803035E-03
    0.3492299459E-01     0.1000000000         0.2000000000          1.000000000         0.7416051077E-03     0.1000000000         0.2000000000          1.000000000         0.1000000000         0.2000000000    
     1.000000000         0.8824700768E-02     0.1000000000         0.2000000000          1.000000000         0.1000000000         0.2000000000          1.000000000         0.3224757337E-02     0.4615384589E-01
    0.1297297279          1.000000000         0.1000000000         0.2000000000          1.000000000         0.1263024183E-01     0.1000000000         0.2000000000          1.000000000         0.1000000000    
    0.2000000000          1.000000000    
 

 INTERMEDIATE RESULTS BEFORE NEXT TEMPERATURE REDUCTION

  CURRENT TEMPERATURE:             0.21165E-02
  MIN FUNCTION VALUE SO FAR:   0.164587893604821733E-01
  TOTAL MOVES:                     840
     DOWNHILL:                     543
     ACCEPTED UPHILL:              145
     REJECTED UPHILL:              152
  TRIALS OUT OF BOUNDS:            315
  NEW MINIMA THIS TEMPERATURE:       0

                         CURRENT OPTIMAL X
    0.9996242720         0.6688337922E-01     0.2931762815         0.1991510391         0.1215786934E-01     0.2275188208         0.9452847838         0.9115138786         0.1163049717E-01     0.1021325058    
    0.1141943546         0.4365271330E-01     0.1238384485         0.3308012486         0.9998426220         0.9339172587E-01     0.2986099839         0.4295138121         0.6519235969E-01     0.2923338532    
    0.6914680004         0.2607636877E-02     0.9809775949E-01     0.1313882232         0.9233850241         0.9775553346E-01     0.2864566803         0.5921803713         0.9001216482         0.3210210204E-01
    0.2656010151         0.4128602147         0.4239297509E-01     0.1983640313         0.7587916255         0.3213972198E-02     0.7943705916E-01     0.2232473016         0.8073859811         0.9014736414E-01
    0.2965792537         0.5011602640    

                         STEP LENGTH (VM)
    0.2742479712E-02     0.1000000000         0.2000000000          1.000000000         0.1000000000         0.2000000000          1.000000000         0.2859082675E-02     0.4293127819E-03     0.1089765224E-02
    0.2328199538E-01     0.1000000000         0.2000000000          1.000000000         0.8343056564E-03     0.1000000000         0.2000000000          1.000000000         0.1000000000         0.2000000000    
     1.000000000         0.1031327439E-01     0.1000000000         0.2000000000          1.000000000         0.1000000000         0.2000000000          1.000000000         0.2149838131E-02     0.1000000000    
    0.2000000000          1.000000000         0.1000000000         0.2000000000          1.000000000         0.1065407932E-01     0.1000000000         0.2000000000          1.000000000         0.1000000000    
    0.2000000000          1.000000000    
 

 INTERMEDIATE RESULTS BEFORE NEXT TEMPERATURE REDUCTION

  CURRENT TEMPERATURE:             0.15874E-02
  MIN FUNCTION VALUE SO FAR:   0.164587893604821733E-01
  TOTAL MOVES:                     840
     DOWNHILL:                     571
     ACCEPTED UPHILL:              148
     REJECTED UPHILL:              121
  TRIALS OUT OF BOUNDS:            353
  NEW MINIMA THIS TEMPERATURE:       0

                         CURRENT OPTIMAL X
    0.9996242720         0.6688337922E-01     0.2931762815         0.1991510391         0.1215786934E-01     0.2275188208         0.9452847838         0.9115138786         0.1163049717E-01     0.1021325058    
    0.1141943546         0.4365271330E-01     0.1238384485         0.3308012486         0.9998426220         0.9339172587E-01     0.2986099839         0.4295138121         0.6519235969E-01     0.2923338532    
    0.6914680004         0.2607636877E-02     0.9809775949E-01     0.1313882232         0.9233850241         0.9775553346E-01     0.2864566803         0.5921803713         0.9001216482         0.3210210204E-01
    0.2656010151         0.4128602147         0.4239297509E-01     0.1983640313         0.7587916255         0.3213972198E-02     0.7943705916E-01     0.2232473016         0.8073859811         0.9014736414E-01
    0.2965792537         0.5011602640    

                         STEP LENGTH (VM)
    0.5234652919E-02     0.1000000000         0.2000000000          1.000000000         0.1000000000         0.2000000000          1.000000000         0.3618525732E-02     0.4293127339E-03     0.1634647508E-02
    0.3589307325E-01     0.1000000000         0.2000000000          1.000000000         0.5562037467E-03     0.1000000000         0.2000000000          1.000000000         0.1000000000         0.2000000000    
     1.000000000         0.2030425525E-01     0.1000000000         0.2000000000          1.000000000         0.1000000000         0.2000000000          1.000000000         0.1910967180E-02     0.1000000000    
    0.2000000000          1.000000000         0.1000000000         0.2000000000          1.000000000         0.1397353860E-01     0.1000000000         0.2000000000          1.000000000         0.1000000000    
    0.2000000000          1.000000000    
 

 INTERMEDIATE RESULTS BEFORE NEXT TEMPERATURE REDUCTION

  CURRENT TEMPERATURE:             0.11905E-02
  MIN FUNCTION VALUE SO FAR:   0.164587733111577483E-01
  TOTAL MOVES:                     840
     DOWNHILL:                     549
     ACCEPTED UPHILL:              108
     REJECTED UPHILL:              183
  TRIALS OUT OF BOUNDS:            330
  NEW MINIMA THIS TEMPERATURE:       1

                         CURRENT OPTIMAL X
    0.9996242720         0.6688337922E-01     0.2656318784         0.6227616072         0.1215786934E-01     0.2275188208         0.9452847838         0.9115138786         0.1163049717E-01     0.1021325058    
    0.1141943546         0.4365271330E-01     0.1238384485         0.3308012486         0.9998426220         0.9339172587E-01     0.2986099839         0.4295138121         0.6519235969E-01     0.2923338532    
    0.6914680004         0.2607636877E-02     0.9809775949E-01     0.1313882232         0.9233850241         0.9775553346E-01     0.2864566803         0.5921803713         0.9001216482         0.3210210204E-01
    0.2656010151         0.4128602147         0.4239297509E-01     0.1983640313         0.7587916255         0.3213972198E-02     0.7943705916E-01     0.2232473016         0.8073859811         0.9014736414E-01
    0.2965792537         0.5011602640    

                         STEP LENGTH (VM)
    0.2326512206E-02     0.1000000000         0.2000000000          1.000000000         0.1000000000         0.2000000000          1.000000000         0.9385436141E-03     0.1856487391E-03     0.4787298509E-03
    0.8790140037E-02     0.1000000000         0.2000000000          1.000000000         0.6280257849E-03     0.1000000000         0.2000000000          1.000000000         0.1000000000         0.2000000000    
     1.000000000         0.6725273586E-02     0.1000000000         0.2000000000          1.000000000         0.1000000000         0.2000000000          1.000000000         0.1228478756E-02     0.1000000000    
    0.2000000000          1.000000000         0.1000000000         0.2000000000          1.000000000         0.5889555554E-02     0.1000000000         0.2000000000          1.000000000         0.1000000000    
    0.2000000000          1.000000000    
 

 INTERMEDIATE RESULTS BEFORE NEXT TEMPERATURE REDUCTION

  CURRENT TEMPERATURE:             0.89291E-03
  MIN FUNCTION VALUE SO FAR:   0.163727475991493066E-01
  TOTAL MOVES:                     840
     DOWNHILL:                     585
     ACCEPTED UPHILL:              133
     REJECTED UPHILL:              122
  TRIALS OUT OF BOUNDS:            356
  NEW MINIMA THIS TEMPERATURE:       2

                         CURRENT OPTIMAL X
    0.9990329728         0.6373965740E-01     0.1335245252         0.8750830293         0.1504368186E-01     0.2369289160         0.4551323652         0.9126137585         0.1162489326E-01     0.1027308508    
    0.1012889552         0.9313377142E-01     0.2685630083         0.2067725658         0.9998003580         0.6905989051E-01     0.1323037982         0.7329047918         0.2150410414E-01     0.1553996205    
    0.3539839983         0.6442734793E-02     0.7369356155E-01     0.2145744920         0.1665580273E-01     0.3280640841E-01     0.1808875084         0.6709621549         0.9007481537         0.8111687899E-01
    0.2305906653         0.7092393637         0.3267712593E-01     0.1199156404         0.3848226070         0.3693796470E-02     0.5558960438E-01     0.2640302300         0.8101880550E-02     0.7737846375E-01
    0.2040755630         0.4225314260    

                         STEP LENGTH (VM)
    0.8368979314E-02     0.1000000000         0.2000000000          1.000000000         0.1000000000         0.2000000000          1.000000000         0.8861693468E-03     0.2475315963E-03     0.8377771767E-03
    0.1318520741E-01     0.1000000000         0.2000000000          1.000000000         0.6392404748E-03     0.1000000000         0.2000000000          1.000000000         0.1000000000         0.2000000000    
     1.000000000         0.1170695664E-01     0.1000000000         0.2000000000          1.000000000         0.1000000000         0.2000000000          1.000000000         0.1637971523E-02     0.1000000000    
    0.2000000000          1.000000000         0.1000000000         0.2000000000          1.000000000         0.1330013390E-01     0.1000000000         0.2000000000          1.000000000         0.1000000000    
    0.2000000000          1.000000000    
 

 INTERMEDIATE RESULTS BEFORE NEXT TEMPERATURE REDUCTION

  CURRENT TEMPERATURE:             0.66968E-03
  MIN FUNCTION VALUE SO FAR:   0.163700461049480772E-01
  TOTAL MOVES:                     840
     DOWNHILL:                     557
     ACCEPTED UPHILL:              120
     REJECTED UPHILL:              163
  TRIALS OUT OF BOUNDS:            335
  NEW MINIMA THIS TEMPERATURE:       0

                         CURRENT OPTIMAL X
    0.9990329728         0.6373965740E-01     0.2900654435         0.5701948404         0.3864328861E-01     0.2582736015         0.5712389946E-02     0.9126137585         0.1162489326E-01     0.1027308508    
    0.1012889552         0.1572120190E-01     0.1186518669         0.7279396653         0.9998003580         0.6905989051E-01     0.2835534811         0.7762790322         0.2150410414E-01     0.1553996205    
    0.3539839983         0.6442734793E-02     0.7369356155E-01     0.2145744920         0.1665580273E-01     0.3280640841E-01     0.1808875084         0.6709621549         0.9007481537         0.8111687899E-01
    0.2305906653         0.7092393637         0.3267712593E-01     0.1199156404         0.3848226070         0.3693796470E-02     0.5558960438E-01     0.2640302300         0.8101880550E-02     0.7737846375E-01
    0.2040755630         0.4225314260    

                         STEP LENGTH (VM)
    0.1306111752E-02     0.1000000000         0.2000000000          1.000000000         0.1000000000         0.2000000000          1.000000000         0.1181559019E-02     0.2200280801E-03     0.5585180935E-03
    0.7602281453E-02     0.1000000000         0.2000000000          1.000000000         0.3652802674E-03     0.1000000000         0.2000000000          1.000000000         0.1000000000         0.2000000000    
     1.000000000         0.1536537915E-01     0.1000000000         0.2000000000          1.000000000         0.1000000000         0.2000000000          1.000000000         0.1062467881E-02     0.1000000000    
    0.2000000000          1.000000000         0.1000000000         0.2000000000          1.000000000         0.9705500647E-02     0.1000000000         0.2000000000          1.000000000         0.1000000000    
    0.2000000000          1.000000000    
 

 INTERMEDIATE RESULTS BEFORE NEXT TEMPERATURE REDUCTION

  CURRENT TEMPERATURE:             0.50226E-03
  MIN FUNCTION VALUE SO FAR:   0.158490759769961409E-01
  TOTAL MOVES:                     840
     DOWNHILL:                     591
     ACCEPTED UPHILL:              103
     REJECTED UPHILL:              146
  TRIALS OUT OF BOUNDS:            352
  NEW MINIMA THIS TEMPERATURE:       6

                         CURRENT OPTIMAL X
    0.9997514730         0.5710717440E-01     0.2265091896         0.3131707907         0.5134384036E-01     0.1730426788         0.8375066519E-01     0.9144550579         0.1176767097E-01     0.1015426570    
    0.9264141128E-01     0.5866745114E-01     0.2052635670         0.9284496307E-02     0.9999194920         0.7580552101E-01     0.1002867103         0.5049024224         0.8751373291E-01     0.2694393039    
    0.3875535727         0.5890140791E-02     0.6865628958E-01     0.2487650037         0.4563822150         0.4807174206E-01     0.1632963538         0.9405663013         0.8996580614         0.7364933491E-01
    0.1550605655         0.1990503073         0.4857304096E-01     0.1284700394         0.5241498351         0.5113970669E-02     0.6290475130E-01     0.2503233910         0.4268401265         0.8518088460E-01
    0.2059751868         0.9678056836    

                         STEP LENGTH (VM)
    0.1469375562E-02     0.1000000000         0.2000000000          1.000000000         0.1000000000         0.2000000000          1.000000000         0.1050274658E-02     0.1268630323E-03     0.4964604673E-03
    0.4160707509E-02     0.1000000000         0.2000000000          1.000000000         0.9976359897E-04     0.1000000000         0.2000000000          1.000000000         0.1000000000         0.2000000000    
     1.000000000         0.7091712810E-02     0.1000000000         0.2000000000          1.000000000         0.1000000000         0.2000000000          1.000000000         0.9444156847E-03     0.1000000000    
    0.2000000000          1.000000000         0.1000000000         0.2000000000          1.000000000         0.9705499361E-02     0.1000000000         0.2000000000          1.000000000         0.1000000000    
    0.2000000000          1.000000000    
 

 INTERMEDIATE RESULTS BEFORE NEXT TEMPERATURE REDUCTION

  CURRENT TEMPERATURE:             0.37670E-03
  MIN FUNCTION VALUE SO FAR:   0.158030021649525620E-01
  TOTAL MOVES:                     840
     DOWNHILL:                     572
     ACCEPTED UPHILL:              117
     REJECTED UPHILL:              151
  TRIALS OUT OF BOUNDS:            346
  NEW MINIMA THIS TEMPERATURE:       0

                         CURRENT OPTIMAL X
    0.9996723919         0.3996194601E-01     0.1450824499         0.6945737600         0.2706515789E-01     0.1219474316         0.9719917774         0.9146970344         0.1170500474E-01     0.1017352071    
    0.8836104448E-01     0.2111521959E-01     0.2564293504         0.5325281620E-01     0.9999573660         0.6830221415E-01     0.1027348876         0.8522096872         0.3782242537E-02     0.1335304022    
    0.9718964696         0.4502808113E-03     0.3452861905E-01     0.1302166224         0.2594786882E-01     0.4337012768E-02     0.1317332268         0.6655138731E-01     0.8993864556         0.5117696524E-01
    0.1886245728         0.6136580110         0.4981676936E-01     0.1373153567         0.7731096745         0.8459199017E-03     0.7335916162E-01     0.2894497991         0.3622491360         0.1479191184E-01
    0.1656404495         0.8497070670    

                         STEP LENGTH (VM)
    0.1618608847E-02     0.1000000000         0.2000000000          1.000000000         0.1000000000         0.2000000000          1.000000000         0.7877059785E-03     0.6824676935E-04     0.2521703871E-03
    0.4160707509E-02     0.1000000000         0.2000000000          1.000000000         0.1330181196E-03     0.8888888668E-01     0.2000000000          1.000000000         0.1000000000         0.2000000000    
     1.000000000         0.7091712810E-02     0.1000000000         0.2000000000          1.000000000         0.1000000000         0.2000000000          1.000000000         0.5168760792E-03     0.1000000000    
    0.2000000000          1.000000000         0.1000000000         0.2000000000          1.000000000         0.8393944493E-02     0.1000000000         0.2000000000          1.000000000         0.1000000000    
    0.2000000000          1.000000000    
 

 INTERMEDIATE RESULTS BEFORE NEXT TEMPERATURE REDUCTION

  CURRENT TEMPERATURE:             0.28252E-03
  MIN FUNCTION VALUE SO FAR:   0.155552286464054612E-01
  TOTAL MOVES:                     840
     DOWNHILL:                     549
     ACCEPTED UPHILL:              131
     REJECTED UPHILL:              160
  TRIALS OUT OF BOUNDS:            320
  NEW MINIMA THIS TEMPERATURE:       4

                         CURRENT OPTIMAL X
    0.9998322247         0.8197607994E-01     0.1461236358         0.8563871384         0.1828849316E-01     0.2166353345         0.6307543516         0.9156845385         0.1149895203E-01     0.1016528090    
    0.8798958287E-01     0.5696304440E-01     0.2567595005         0.7853529453         0.9999569449         0.8556287429E-01     0.1986326575         0.9810178280         0.6557935476E-02     0.1928057194    
    0.3176982403         0.3467784203E-03     0.3100965371E-01     0.2485799551         0.5060493481         0.9740089178E-01     0.1349523544         0.2155119777         0.8987766029         0.1917427182E-01
    0.1900226831         0.9772158265         0.1994435191E-01     0.2201233864         0.3011999130         0.4100577067E-02     0.6302132607E-01     0.2630655885         0.6787948012         0.3984271884E-01
    0.2249406338         0.1631396413    

                         STEP LENGTH (VM)
    0.1775540972E-02     0.1000000000         0.2000000000          1.000000000         0.1000000000         0.2000000000          1.000000000         0.5251372962E-03     0.1061616307E-03     0.2253437316E-03
    0.3170062535E-02     0.1000000000         0.2000000000          1.000000000         0.1294230075E-03     0.1000000000         0.2000000000          1.000000000         0.1000000000         0.2000000000    
     1.000000000         0.2985984330E-02     0.6428570668E-01     0.2000000000          1.000000000         0.1000000000         0.2000000000          1.000000000         0.4083958942E-03     0.1000000000    
    0.2000000000          1.000000000         0.1000000000         0.2000000000          1.000000000         0.5444720676E-02     0.1000000000         0.2000000000          1.000000000         0.1000000000    
    0.2000000000          1.000000000    
 

 INTERMEDIATE RESULTS BEFORE NEXT TEMPERATURE REDUCTION

  CURRENT TEMPERATURE:             0.21189E-03
  MIN FUNCTION VALUE SO FAR:   0.153886566323555574E-01
  TOTAL MOVES:                     840
     DOWNHILL:                     539
     ACCEPTED UPHILL:               97
     REJECTED UPHILL:              204
  TRIALS OUT OF BOUNDS:            341
  NEW MINIMA THIS TEMPERATURE:       3

                         CURRENT OPTIMAL X
    0.9998456179         0.5517272353E-01     0.1365960717         0.3440956473         0.4106997252E-01     0.1941993952         0.8096042871         0.9159308053         0.1164682660E-01     0.1013526153    
    0.8676702870E-01     0.8973281384E-01     0.2355005145         0.6550049186         0.9999970934         0.7436898947E-01     0.1908558369         0.4776275754         0.5411178470E-01     0.2784397840    
    0.8359597325         0.5699697028E-02     0.7569790175E-01     0.1326241612         0.5445968509         0.6174485683E-01     0.1241326213         0.6722963452         0.8987502706         0.1233996620E-01
    0.1566993475         0.9772158265         0.8082732558E-01     0.1288299203         0.5291274190         0.2532220710E-02     0.8925810456E-01     0.2909286499         0.5484753251         0.5880731940E-01
    0.1043424129         0.1226245165    

                         STEP LENGTH (VM)
    0.5828522821E-03     0.1000000000         0.2000000000          1.000000000         0.1000000000         0.2000000000          1.000000000         0.4001045651E-03     0.5421018789E-04     0.1690077956E-03
    0.2504740430E-02     0.1000000000         0.2000000000          1.000000000         0.6453817398E-04     0.1000000000         0.2000000000          1.000000000         0.1000000000         0.2000000000    
     1.000000000         0.1023321567E-01     0.9492184472E-01     0.2000000000          1.000000000         0.1000000000         0.2000000000          1.000000000         0.4083958942E-03     0.4324324075E-01
    0.2000000000         0.1934996047         0.1000000000         0.2000000000          1.000000000         0.7259626891E-02     0.8648646576E-01     0.2000000000          1.000000000         0.1000000000    
    0.2000000000          1.000000000    
 

  SA ACHIEVED TERMINATION CRITERIA. IER = 0. 


  ****   RESULTS AFTER SA   ****   

                         SOLUTION
    0.9998456179         0.5517272353E-01     0.1365960717         0.3440956473         0.4106997252E-01     0.1941993952         0.8096042871         0.9159308053         0.1164682660E-01     0.1013526153    
    0.8676702870E-01     0.8973281384E-01     0.2355005145         0.6550049186         0.9999970934         0.7436898947E-01     0.1908558369         0.4776275754         0.5411178470E-01     0.2784397840    
    0.8359597325         0.5699697028E-02     0.7569790175E-01     0.1326241612         0.5445968509         0.6174485683E-01     0.1241326213         0.6722963452         0.8987502706         0.1233996620E-01
    0.1566993475         0.9772158265         0.8082732558E-01     0.1288299203         0.5291274190         0.2532220710E-02     0.8925810456E-01     0.2909286499         0.5484753251         0.5880731940E-01
    0.1043424129         0.1226245165    

                         FINAL STEP LENGTH
    0.5828522821E-03     0.1000000000         0.2000000000          1.000000000         0.1000000000         0.2000000000          1.000000000         0.4001045651E-03     0.5421018789E-04     0.1690077956E-03
    0.2504740430E-02     0.1000000000         0.2000000000          1.000000000         0.6453817398E-04     0.1000000000         0.2000000000          1.000000000         0.1000000000         0.2000000000    
     1.000000000         0.1023321567E-01     0.9492184472E-01     0.2000000000          1.000000000         0.1000000000         0.2000000000          1.000000000         0.4083958942E-03     0.4324324075E-01
    0.2000000000         0.1934996047         0.1000000000         0.2000000000          1.000000000         0.7259626891E-02     0.8648646576E-01     0.2000000000          1.000000000         0.1000000000    
    0.2000000000          1.000000000    

 OPTIMAL FUNCTION VALUE:  0.1538865663236E-01
 NUMBER OF FUNCTION EVALUATIONS:          30241
 NUMBER OF ACCEPTED EVALUATIONS:          26635
 NUMBER OF OUT OF BOUND EVALUATIONS:      13692
 FINAL TEMP:  0.2118918355045E-03  IER:   0
