
 SIMULATED PARALLEL ANNEALING by NEIGHBORHOOD EXAMPLE

 NUMBER OF PARAMETERS:  42   MAXIMAZATION:     F
 INITIAL TEMP:  5.0       RT: 0.75       EPS: 0.10E-02
 NS:  24   NT:   5   NEPS:  4
 MAXEVL:  100000000   IPRINT: 1   ISEED1:    7 ISEED2:    8

                         STARTING VALUES
    0.9999926132         0.2894198463E-01     0.2920638653         0.5903291680         0.6792666907E-01     0.3067978864         0.9458405881         0.5555998252         0.4087267660E-01     0.1565092389    
    0.2534719906         0.8596908436E-01     0.9911920324E-01     0.9893588821         0.9999976317         0.9778755152E-01     0.1468528933         0.7069408302         0.6140064387E-01     0.1700685505    
    0.9233308915         0.1618106973E-02     0.5887676017E-01     0.2620177920         0.6126546041         0.7009953859E-01     0.1658924558         0.4432810149         0.8198734836         0.3562237493E-01
    0.3128275577         0.3661938215         0.7392658694E-01     0.2778075953         0.6150116005         0.1623765966E-01     0.4363631134E-01     0.1184678201         0.4333160450         0.5056831078E-01
    0.3860764304         0.1177557631    

                         INITIAL STEP LENGTH
    0.2000059094         0.1157679385E-01     0.1168255461         0.2361316672         0.2717066763E-01     0.1227191546         0.2433275295         0.2222399301         0.1634907064E-01     0.6260369556E-01
    0.1013887962         0.3438763374E-01     0.3964768130E-01     0.2085128943         0.2000018946         0.3911502061E-01     0.5874115732E-01     0.2827763321         0.2456025755E-01     0.6802742020E-01
    0.2613352868         0.6472427892E-03     0.2355070407E-01     0.1048071168         0.2450618416         0.2803981544E-01     0.6635698232E-01     0.1773124060         0.3279493934         0.1424894997E-01
    0.1251310231         0.1464775286         0.2957063478E-01     0.1111230381         0.2460046402         0.6495063864E-02     0.1745452454E-01     0.4738712804E-01     0.1733264180         0.2022732431E-01
    0.1544305722         0.4710230524E-01

                         LOWER BOUND
    0.7999940906         0.2315358770E-01     0.2336510922         0.4722633344         0.5434133526E-01     0.2454383091         0.7566724705         0.4444798602         0.3269814128E-01     0.1252073911    
    0.2027775925         0.6877526749E-01     0.7929536259E-01     0.7914871057         0.7999981054         0.7823004122E-01     0.1174823146         0.5655526642         0.4912051510E-01     0.1360548404    
    0.7386647132         0.1294485578E-02     0.4710140814E-01     0.2096142336         0.4901236833         0.5607963087E-01     0.1327139646         0.3546248119         0.6558987869         0.2849789994E-01
    0.2502620462         0.2929550572         0.5914126955E-01     0.2222460762         0.4920092804         0.1299012773E-01     0.3490904907E-01     0.9477425608E-01     0.3466528360         0.4045464862E-01
    0.3088611443         0.9420461048E-01

                         UPPER BOUND
     1.000000000         0.3473038156E-01     0.3504766384         0.7083950016         0.8151200288E-01     0.3681574637          1.000000000         0.6667197902         0.4904721192E-01     0.1878110867    
    0.3041663887         0.1031629012         0.1189430439          1.000000000          1.000000000         0.1173450618         0.1762234720         0.8483289962         0.7368077264E-01     0.2040822606    
     1.000000000         0.1941728368E-02     0.7065211220E-01     0.3144213504         0.7351855249         0.8411944631E-01     0.1990709470         0.5319372179         0.9838481803         0.4274684992E-01
    0.3753930692         0.4394325858         0.8871190433E-01     0.3333691144         0.7380139206         0.1948519159E-01     0.5236357361E-01     0.1421613841         0.5199792540         0.6068197294E-01
    0.4632917165         0.1413069157    

                         C VECTOR
     2.000000000          2.000000000          2.000000000          2.000000000          2.000000000          2.000000000          2.000000000          2.000000000          2.000000000          2.000000000    
     2.000000000          2.000000000          2.000000000          2.000000000          2.000000000          2.000000000          2.000000000          2.000000000          2.000000000          2.000000000    
     2.000000000          2.000000000          2.000000000          2.000000000          2.000000000          2.000000000          2.000000000          2.000000000          2.000000000          2.000000000    
     2.000000000          2.000000000          2.000000000          2.000000000          2.000000000          2.000000000          2.000000000          2.000000000          2.000000000          2.000000000    
     2.000000000          2.000000000    

  ****   END OF DRIVER ROUTINE OUTPUT   ****
  ****   BEFORE CALL TO SA.             ****
  

                         INITIAL X
    0.9999926132         0.2894198463E-01     0.2920638653         0.5903291680         0.6792666907E-01     0.3067978864         0.9458405881         0.5555998252         0.4087267660E-01     0.1565092389    
    0.2534719906         0.8596908436E-01     0.9911920324E-01     0.9893588821         0.9999976317         0.9778755152E-01     0.1468528933         0.7069408302         0.6140064387E-01     0.1700685505    
    0.9233308915         0.1618106973E-02     0.5887676017E-01     0.2620177920         0.6126546041         0.7009953859E-01     0.1658924558         0.4432810149         0.8198734836         0.3562237493E-01
    0.3128275577         0.3661938215         0.7392658694E-01     0.2778075953         0.6150116005         0.1623765966E-01     0.4363631134E-01     0.1184678201         0.4333160450         0.5056831078E-01
    0.3860764304         0.1177557631    
  INITIAL F: 
 0.350638511892014004    

 INTERMEDIATE RESULTS BEFORE NEXT TEMPERATURE REDUCTION

  CURRENT TEMPERATURE:              5.0000    
  MIN FUNCTION VALUE SO FAR:   0.539505990394571269E-01
  TOTAL MOVES:                     840
     DOWNHILL:                     628
     ACCEPTED UPHILL:              209
     REJECTED UPHILL:                3
  TRIALS OUT OF BOUNDS:            431
  NEW MINIMA THIS TEMPERATURE:       2

                         CURRENT OPTIMAL X
    0.9843254346         0.3122478899E-01     0.3497970368         0.5098331907         0.7058077526E-01     0.3031652063         0.7643798219         0.6628946157         0.3997180441E-01     0.1555338249    
    0.2252133443         0.8041039094E-01     0.1057898273         0.8523665812         0.9845445282         0.9727312230E-01     0.1363148962         0.6647405160         0.6040326461E-01     0.1805027649    
    0.9834932839         0.1710736922E-02     0.5251606459E-01     0.2575276673         0.7211372074         0.6934656133E-01     0.1595495266         0.4485934278         0.7831964999         0.3437992954E-01
    0.3704511026         0.3575466424         0.8488276705E-01     0.2921857524         0.5523866960         0.1924302101E-01     0.3924308894E-01     0.1377596576         0.4832278836         0.4248204014E-01
    0.3090081815         0.1136597767    

                         STEP LENGTH (VM)
    0.2000059094         0.1157679385E-01     0.1168255461         0.2361316672         0.2717066763E-01     0.1227191546         0.2433275295         0.2222399301         0.1634907064E-01     0.6260369556E-01
    0.1013887962         0.3438763374E-01     0.3964768130E-01     0.2085128943         0.2000018946         0.3911502061E-01     0.5874115732E-01     0.2827763321         0.2456025755E-01     0.6802742020E-01
    0.2613352868         0.6472427892E-03     0.2355070407E-01     0.1048071168         0.2450618416         0.2803981544E-01     0.6635698232E-01     0.1773124060         0.3279493934         0.1424894997E-01
    0.1251310231         0.1464775286         0.2957063478E-01     0.1111230381         0.2460046402         0.6495063864E-02     0.1745452454E-01     0.4738712804E-01     0.1733264180         0.2022732431E-01
    0.1544305722         0.4710230524E-01
 

 INTERMEDIATE RESULTS BEFORE NEXT TEMPERATURE REDUCTION

  CURRENT TEMPERATURE:              3.7500    
  MIN FUNCTION VALUE SO FAR:   0.500633389951519736E-01
  TOTAL MOVES:                     840
     DOWNHILL:                     629
     ACCEPTED UPHILL:              204
     REJECTED UPHILL:                7
  TRIALS OUT OF BOUNDS:            416
  NEW MINIMA THIS TEMPERATURE:       0

                         CURRENT OPTIMAL X
    0.8992583431         0.2749199900E-01     0.2636506665         0.5165940950         0.7668582437E-01     0.3072411311         0.9805976749         0.6609175972         0.3833005124E-01     0.1401673249    
    0.2146773124         0.8988037164E-01     0.1002061175         0.7960257231         0.9948201802         0.9544492838E-01     0.1290183209         0.6463818483         0.7019754436E-01     0.1442681181    
    0.9454440289         0.1510778780E-02     0.6003100775E-01     0.2575276673         0.7211372074         0.6934656133E-01     0.1595495266         0.4485934278         0.7831964999         0.3437992954E-01
    0.3704511026         0.3575466424         0.8488276705E-01     0.2921857524         0.5523866960         0.1924302101E-01     0.3924308894E-01     0.1377596576         0.4832278836         0.4248204014E-01
    0.3090081815         0.1136597767    

                         STEP LENGTH (VM)
    0.2000059094         0.1157679385E-01     0.1168255461         0.2361316672         0.2717066763E-01     0.1227191546         0.2433275295         0.2222399301         0.1634907064E-01     0.6260369556E-01
    0.1013887962         0.3438763374E-01     0.3964768130E-01     0.2085128943         0.2000018946         0.3911502061E-01     0.5874115732E-01     0.2827763321         0.2456025755E-01     0.6802742020E-01
    0.2613352868         0.6472427892E-03     0.2355070407E-01     0.1048071168         0.2450618416         0.2803981544E-01     0.6635698232E-01     0.1773124060         0.3279493934         0.1424894997E-01
    0.1251310231         0.1464775286         0.2957063478E-01     0.1111230381         0.2460046402         0.6495063864E-02     0.1745452454E-01     0.4738712804E-01     0.1733264180         0.2022732431E-01
    0.1544305722         0.4710230524E-01
 

 INTERMEDIATE RESULTS BEFORE NEXT TEMPERATURE REDUCTION

  CURRENT TEMPERATURE:              2.8125    
  MIN FUNCTION VALUE SO FAR:   0.500633389951519736E-01
  TOTAL MOVES:                     840
     DOWNHILL:                     642
     ACCEPTED UPHILL:              188
     REJECTED UPHILL:               10
  TRIALS OUT OF BOUNDS:            424
  NEW MINIMA THIS TEMPERATURE:       0

                         CURRENT OPTIMAL X
    0.8992583431         0.2749199900E-01     0.2636506665         0.5165940950         0.7668582437E-01     0.3072411311         0.9805976749         0.6609175972         0.3833005124E-01     0.1401673249    
    0.2146773124         0.8988037164E-01     0.1002061175         0.7960257231         0.9948201802         0.9544492838E-01     0.1290183209         0.6463818483         0.7019754436E-01     0.1442681181    
    0.9454440289         0.1510778780E-02     0.6003100775E-01     0.2575276673         0.7211372074         0.6934656133E-01     0.1595495266         0.4485934278         0.7831964999         0.3437992954E-01
    0.3704511026         0.3575466424         0.8488276705E-01     0.2921857524         0.5523866960         0.1924302101E-01     0.3924308894E-01     0.1377596576         0.4832278836         0.4248204014E-01
    0.3090081815         0.1136597767    

                         STEP LENGTH (VM)
    0.2000059094         0.1157679385E-01     0.1168255461         0.2361316672         0.2717066763E-01     0.1227191546         0.2433275295         0.2222399301         0.1634907064E-01     0.6260369556E-01
    0.1013887962         0.3438763374E-01     0.3964768130E-01     0.2085128943         0.2000018946         0.3911502061E-01     0.5874115732E-01     0.2827763321         0.2456025755E-01     0.6802742020E-01
    0.2613352868         0.6472427892E-03     0.2355070407E-01     0.1048071168         0.2450618416         0.2803981544E-01     0.6635698232E-01     0.1773124060         0.3279493934         0.1424894997E-01
    0.1251310231         0.1464775286         0.2957063478E-01     0.1111230381         0.2460046402         0.6495063864E-02     0.1745452454E-01     0.4738712804E-01     0.1733264180         0.2022732431E-01
    0.1544305722         0.4710230524E-01
 

 INTERMEDIATE RESULTS BEFORE NEXT TEMPERATURE REDUCTION

  CURRENT TEMPERATURE:              2.1094    
  MIN FUNCTION VALUE SO FAR:   0.456125758152617841E-01
  TOTAL MOVES:                     840
     DOWNHILL:                     617
     ACCEPTED UPHILL:              210
     REJECTED UPHILL:               13
  TRIALS OUT OF BOUNDS:            417
  NEW MINIMA THIS TEMPERATURE:       0

                         CURRENT OPTIMAL X
    0.8786613495         0.3335222536E-01     0.3045308226         0.6826413444         0.6123115909E-01     0.3431525784         0.9372532995         0.6561366589         0.3833005124E-01     0.1401673249    
    0.2146773124         0.8988037164E-01     0.1002061175         0.7960257231         0.9948201802         0.9544492838E-01     0.1290183209         0.6463818483         0.7019754436E-01     0.1442681181    
    0.9454440289         0.1510778780E-02     0.6003100775E-01     0.2575276673         0.7211372074         0.6934656133E-01     0.1595495266         0.4485934278         0.7831964999         0.3437992954E-01
    0.3704511026         0.3575466424         0.8488276705E-01     0.2921857524         0.5523866960         0.1924302101E-01     0.3924308894E-01     0.1377596576         0.4832278836         0.4248204014E-01
    0.3090081815         0.1136597767    

                         STEP LENGTH (VM)
    0.2000059094         0.1157679385E-01     0.1168255461         0.2361316672         0.2717066763E-01     0.1227191546         0.2433275295         0.2222399301         0.1634907064E-01     0.6260369556E-01
    0.1013887962         0.3438763374E-01     0.3964768130E-01     0.2085128943         0.2000018946         0.3911502061E-01     0.5874115732E-01     0.2827763321         0.2456025755E-01     0.6802742020E-01
    0.2613352868         0.6472427892E-03     0.2355070407E-01     0.1048071168         0.2450618416         0.2803981544E-01     0.6635698232E-01     0.1773124060         0.3279493934         0.1424894997E-01
    0.1251310231         0.1464775286         0.2957063478E-01     0.1111230381         0.2460046402         0.6495063864E-02     0.1745452454E-01     0.4738712804E-01     0.1733264180         0.2022732431E-01
    0.1544305722         0.4710230524E-01
 

 INTERMEDIATE RESULTS BEFORE NEXT TEMPERATURE REDUCTION

  CURRENT TEMPERATURE:              1.5820    
  MIN FUNCTION VALUE SO FAR:   0.395577096922160795E-01
  TOTAL MOVES:                     840
     DOWNHILL:                     640
     ACCEPTED UPHILL:              185
     REJECTED UPHILL:               15
  TRIALS OUT OF BOUNDS:            414
  NEW MINIMA THIS TEMPERATURE:       0

                         CURRENT OPTIMAL X
    0.9496137752         0.2347918075E-01     0.3046799984         0.6912578226         0.5599934815E-01     0.3364701723         0.7647996243         0.6458860950         0.3857195824E-01     0.1796613263    
    0.2915171978         0.8996065693E-01     0.1026287116         0.9357838640         0.9972359038         0.1101063839         0.1336372834         0.6815270707         0.5369773162E-01     0.1895026601    
    0.9870977703         0.1695713999E-02     0.6816043572E-01     0.2434188382         0.5820181638         0.7800560012E-01     0.1837496267         0.3641312217         0.7895666936         0.3354423688E-01
    0.2842789806         0.4138960325         0.7930107447E-01     0.2442942339         0.6468123899         0.1358862407E-01     0.3729145748E-01     0.1246468701         0.4915535192         0.5282995742E-01
    0.3512314250         0.1327353976    

                         STEP LENGTH (VM)
    0.2000059094         0.1157679385E-01     0.1168255461         0.2361316672         0.2717066763E-01     0.1227191546         0.2433275295         0.2222399301         0.1634907064E-01     0.6260369556E-01
    0.1013887962         0.3438763374E-01     0.3964768130E-01     0.2085128943         0.2000018946         0.3911502061E-01     0.5874115732E-01     0.2827763321         0.2456025755E-01     0.6802742020E-01
    0.2613352868         0.6472427892E-03     0.2355070407E-01     0.1048071168         0.2450618416         0.2803981544E-01     0.6635698232E-01     0.1773124060         0.3279493934         0.1424894997E-01
    0.1251310231         0.1464775286         0.2957063478E-01     0.1111230381         0.2460046402         0.6495063864E-02     0.1745452454E-01     0.4738712804E-01     0.1733264180         0.2022732431E-01
    0.1544305722         0.4710230524E-01
 

 INTERMEDIATE RESULTS BEFORE NEXT TEMPERATURE REDUCTION

  CURRENT TEMPERATURE:              1.1865    
  MIN FUNCTION VALUE SO FAR:   0.395577096922160795E-01
  TOTAL MOVES:                     840
     DOWNHILL:                     632
     ACCEPTED UPHILL:              197
     REJECTED UPHILL:               11
  TRIALS OUT OF BOUNDS:            409
  NEW MINIMA THIS TEMPERATURE:       0

                         CURRENT OPTIMAL X
    0.9496137752         0.2347918075E-01     0.3046799984         0.6912578226         0.5599934815E-01     0.3364701723         0.7647996243         0.6458860950         0.3857195824E-01     0.1796613263    
    0.2915171978         0.8996065693E-01     0.1026287116         0.9357838640         0.9972359038         0.1101063839         0.1336372834         0.6815270707         0.5369773162E-01     0.1895026601    
    0.9870977703         0.1695713999E-02     0.6816043572E-01     0.2434188382         0.5820181638         0.7800560012E-01     0.1837496267         0.3641312217         0.7895666936         0.3354423688E-01
    0.2842789806         0.4138960325         0.7930107447E-01     0.2442942339         0.6468123899         0.1358862407E-01     0.3729145748E-01     0.1246468701         0.4915535192         0.5282995742E-01
    0.3512314250         0.1327353976    

                         STEP LENGTH (VM)
    0.2000059094         0.1157679385E-01     0.1168255461         0.2361316672         0.2717066763E-01     0.1227191546         0.2433275295         0.2222399301         0.1634907064E-01     0.6260369556E-01
    0.1013887962         0.3438763374E-01     0.3964768130E-01     0.2085128943         0.2000018946         0.3911502061E-01     0.5874115732E-01     0.2827763321         0.2456025755E-01     0.6802742020E-01
    0.2613352868         0.6472427892E-03     0.2355070407E-01     0.1048071168         0.2450618416         0.2803981544E-01     0.6635698232E-01     0.1773124060         0.3279493934         0.1424894997E-01
    0.1251310231         0.1464775286         0.2957063478E-01     0.1111230381         0.2460046402         0.6495063864E-02     0.1745452454E-01     0.4738712804E-01     0.1733264180         0.2022732431E-01
    0.1544305722         0.4710230524E-01
 

 INTERMEDIATE RESULTS BEFORE NEXT TEMPERATURE REDUCTION

  CURRENT TEMPERATURE:             0.88989    
  MIN FUNCTION VALUE SO FAR:   0.380889901856751520E-01
  TOTAL MOVES:                     840
     DOWNHILL:                     610
     ACCEPTED UPHILL:              207
     REJECTED UPHILL:               23
  TRIALS OUT OF BOUNDS:            407
  NEW MINIMA THIS TEMPERATURE:       0

                         CURRENT OPTIMAL X
    0.9832502900         0.3270891734E-01     0.3075930372         0.6751626947         0.7183156700E-01     0.2696247018         0.8271279147         0.6458860950         0.4201822526E-01     0.1294871272    
    0.2053063090         0.7067876259E-01     0.8197502405E-01     0.9722463677         0.9972359038         0.9343194943E-01     0.1330331995         0.7844050918         0.6893378116E-01     0.1393754294    
    0.9602295557         0.1545849035E-02     0.5084456727E-01     0.2455136417         0.6358374159         0.7356508112E-01     0.1874825376         0.4267549547         0.7895666936         0.3165812213E-01
    0.2795565517         0.2991616799         0.8786220324E-01     0.3213217954         0.6816429844         0.1860230942E-01     0.4868316642E-01     0.1326127762         0.4915535192         0.5282995742E-01
    0.3512314250         0.1327353976    

                         STEP LENGTH (VM)
    0.2000059094         0.1157679385E-01     0.1168255461         0.2361316672         0.2717066763E-01     0.1227191546         0.2433275295         0.2222399301         0.1634907064E-01     0.6260369556E-01
    0.1013887962         0.3438763374E-01     0.3964768130E-01     0.2085128943         0.2000018946         0.3911502061E-01     0.5874115732E-01     0.2827763321         0.2456025755E-01     0.6802742020E-01
    0.2613352868         0.6472427892E-03     0.2355070407E-01     0.1048071168         0.2450618416         0.2803981544E-01     0.6635698232E-01     0.1773124060         0.3279493934         0.1424894997E-01
    0.1251310231         0.1464775286         0.2957063478E-01     0.1111230381         0.2460046402         0.6495063864E-02     0.1745452454E-01     0.4738712804E-01     0.1733264180         0.2022732431E-01
    0.1544305722         0.4710230524E-01
 

 INTERMEDIATE RESULTS BEFORE NEXT TEMPERATURE REDUCTION

  CURRENT TEMPERATURE:             0.66742    
  MIN FUNCTION VALUE SO FAR:   0.380889901856751520E-01
  TOTAL MOVES:                     840
     DOWNHILL:                     637
     ACCEPTED UPHILL:              186
     REJECTED UPHILL:               17
  TRIALS OUT OF BOUNDS:            428
  NEW MINIMA THIS TEMPERATURE:       0

                         CURRENT OPTIMAL X
    0.9832502900         0.3270891734E-01     0.3075930372         0.6751626947         0.7183156700E-01     0.2696247018         0.8271279147         0.6458860950         0.4201822526E-01     0.1294871272    
    0.2053063090         0.7067876259E-01     0.8197502405E-01     0.9722463677         0.9972359038         0.9343194943E-01     0.1330331995         0.7844050918         0.6893378116E-01     0.1393754294    
    0.9602295557         0.1545849035E-02     0.5084456727E-01     0.2455136417         0.6358374159         0.7356508112E-01     0.1874825376         0.4267549547         0.7895666936         0.3165812213E-01
    0.2795565517         0.2991616799         0.8786220324E-01     0.3213217954         0.6816429844         0.1860230942E-01     0.4868316642E-01     0.1326127762         0.4915535192         0.5282995742E-01
    0.3512314250         0.1327353976    

                         STEP LENGTH (VM)
    0.2000059094         0.1157679385E-01     0.1168255461         0.2361316672         0.2717066763E-01     0.1227191546         0.2433275295         0.2222399301         0.1634907064E-01     0.6260369556E-01
    0.1013887962         0.3438763374E-01     0.3964768130E-01     0.2085128943         0.2000018946         0.3911502061E-01     0.5874115732E-01     0.2827763321         0.2456025755E-01     0.6802742020E-01
    0.2613352868         0.6472427892E-03     0.2355070407E-01     0.1048071168         0.2450618416         0.2803981544E-01     0.6635698232E-01     0.1773124060         0.3279493934         0.1424894997E-01
    0.1251310231         0.1464775286         0.2957063478E-01     0.1111230381         0.2460046402         0.6495063864E-02     0.1745452454E-01     0.4738712804E-01     0.1733264180         0.2022732431E-01
    0.1544305722         0.4710230524E-01
 

 INTERMEDIATE RESULTS BEFORE NEXT TEMPERATURE REDUCTION

  CURRENT TEMPERATURE:             0.50056    
  MIN FUNCTION VALUE SO FAR:   0.365443189200228696E-01
  TOTAL MOVES:                     840
     DOWNHILL:                     609
     ACCEPTED UPHILL:              209
     REJECTED UPHILL:               22
  TRIALS OUT OF BOUNDS:            425
  NEW MINIMA THIS TEMPERATURE:       1

                         CURRENT OPTIMAL X
    0.9917089158         0.3158268928E-01     0.2347148894         0.6751626947         0.7183156700E-01     0.2696247018         0.8271279147         0.6458860950         0.4201822526E-01     0.1294871272    
    0.2053063090         0.7067876259E-01     0.8197502405E-01     0.9722463677         0.9972359038         0.9343194943E-01     0.1330331995         0.7844050918         0.6893378116E-01     0.1393754294    
    0.9602295557         0.1545849035E-02     0.5084456727E-01     0.2455136417         0.6358374159         0.7356508112E-01     0.1874825376         0.4267549547         0.7895666936         0.3165812213E-01
    0.2795565517         0.2991616799         0.8786220324E-01     0.3213217954         0.6816429844         0.1860230942E-01     0.4868316642E-01     0.1326127762         0.4915535192         0.5282995742E-01
    0.3512314250         0.1327353976    

                         STEP LENGTH (VM)
    0.2000059094         0.1157679385E-01     0.1168255461         0.2361316672         0.2717066763E-01     0.1227191546         0.2433275295         0.2222399301         0.1634907064E-01     0.6260369556E-01
    0.1013887962         0.3438763374E-01     0.3964768130E-01     0.2085128943         0.1500014182         0.3911502061E-01     0.5874115732E-01     0.2827763321         0.2456025755E-01     0.6802742020E-01
    0.2613352868         0.6472427892E-03     0.2355070407E-01     0.1048071168         0.2450618416         0.2803981544E-01     0.6635698232E-01     0.1773124060         0.3279493934         0.1424894997E-01
    0.1251310231         0.1464775286         0.2957063478E-01     0.1111230381         0.2460046402         0.6495063864E-02     0.1745452454E-01     0.4738712804E-01     0.1733264180         0.2022732431E-01
    0.1544305722         0.4710230524E-01
 

 INTERMEDIATE RESULTS BEFORE NEXT TEMPERATURE REDUCTION

  CURRENT TEMPERATURE:             0.37542    
  MIN FUNCTION VALUE SO FAR:   0.365443189200228696E-01
  TOTAL MOVES:                     840
     DOWNHILL:                     620
     ACCEPTED UPHILL:              186
     REJECTED UPHILL:               34
  TRIALS OUT OF BOUNDS:            421
  NEW MINIMA THIS TEMPERATURE:       0

                         CURRENT OPTIMAL X
    0.9917089158         0.3158268928E-01     0.2347148894         0.6751626947         0.7183156700E-01     0.2696247018         0.8271279147         0.6458860950         0.4201822526E-01     0.1294871272    
    0.2053063090         0.7067876259E-01     0.8197502405E-01     0.9722463677         0.9972359038         0.9343194943E-01     0.1330331995         0.7844050918         0.6893378116E-01     0.1393754294    
    0.9602295557         0.1545849035E-02     0.5084456727E-01     0.2455136417         0.6358374159         0.7356508112E-01     0.1874825376         0.4267549547         0.7895666936         0.3165812213E-01
    0.2795565517         0.2991616799         0.8786220324E-01     0.3213217954         0.6816429844         0.1860230942E-01     0.4868316642E-01     0.1326127762         0.4915535192         0.5282995742E-01
    0.3512314250         0.1327353976    

                         STEP LENGTH (VM)
    0.2000059094         0.1157679385E-01     0.1168255461         0.2361316672         0.2717066763E-01     0.1227191546         0.2433275295         0.2222399301         0.1634907064E-01     0.6260369556E-01
    0.1013887962         0.3438763374E-01     0.3964768130E-01     0.2085128943         0.5106430319E-01     0.3911502061E-01     0.5874115732E-01     0.2827763321         0.2456025755E-01     0.6802742020E-01
    0.2613352868         0.6472427892E-03     0.2355070407E-01     0.1048071168         0.2450618416         0.2803981544E-01     0.6635698232E-01     0.1773124060         0.3279493934         0.1424894997E-01
    0.1251310231         0.1464775286         0.2957063478E-01     0.1111230381         0.2460046402         0.6495063864E-02     0.1745452454E-01     0.4738712804E-01     0.1733264180         0.2022732431E-01
    0.1544305722         0.4710230524E-01
 

 INTERMEDIATE RESULTS BEFORE NEXT TEMPERATURE REDUCTION

  CURRENT TEMPERATURE:             0.28157    
  MIN FUNCTION VALUE SO FAR:   0.365443189200228696E-01
  TOTAL MOVES:                     840
     DOWNHILL:                     621
     ACCEPTED UPHILL:              192
     REJECTED UPHILL:               27
  TRIALS OUT OF BOUNDS:            412
  NEW MINIMA THIS TEMPERATURE:       0

                         CURRENT OPTIMAL X
    0.9917089158         0.3158268928E-01     0.2347148894         0.6751626947         0.7183156700E-01     0.2696247018         0.8271279147         0.6458860950         0.4201822526E-01     0.1294871272    
    0.2053063090         0.7067876259E-01     0.8197502405E-01     0.9722463677         0.9972359038         0.9343194943E-01     0.1330331995         0.7844050918         0.6893378116E-01     0.1393754294    
    0.9602295557         0.1545849035E-02     0.5084456727E-01     0.2455136417         0.6358374159         0.7356508112E-01     0.1874825376         0.4267549547         0.7895666936         0.3165812213E-01
    0.2795565517         0.2991616799         0.8786220324E-01     0.3213217954         0.6816429844         0.1860230942E-01     0.4868316642E-01     0.1326127762         0.4915535192         0.5282995742E-01
    0.3512314250         0.1327353976    

                         STEP LENGTH (VM)
    0.2000059094         0.1157679385E-01     0.1168255461         0.2361316672         0.2717066763E-01     0.1227191546         0.2433275295         0.2222399301         0.1634907064E-01     0.6260369556E-01
    0.1013887962         0.3438763374E-01     0.3964768130E-01     0.2085128943         0.9963520252E-01     0.3911502061E-01     0.5874115732E-01     0.2827763321         0.2456025755E-01     0.6802742020E-01
    0.2613352868         0.6472427892E-03     0.2355070407E-01     0.1048071168         0.2450618416         0.2803981544E-01     0.6635698232E-01     0.1773124060         0.3279493934         0.1424894997E-01
    0.1251310231         0.1464775286         0.2957063478E-01     0.1111230381         0.2460046402         0.6495063864E-02     0.1745452454E-01     0.4738712804E-01     0.1733264180         0.2022732431E-01
    0.1544305722         0.4710230524E-01
 

 INTERMEDIATE RESULTS BEFORE NEXT TEMPERATURE REDUCTION

  CURRENT TEMPERATURE:             0.21118    
  MIN FUNCTION VALUE SO FAR:   0.342408388021180413E-01
  TOTAL MOVES:                     840
     DOWNHILL:                     622
     ACCEPTED UPHILL:              191
     REJECTED UPHILL:               27
  TRIALS OUT OF BOUNDS:            398
  NEW MINIMA THIS TEMPERATURE:       7

                         CURRENT OPTIMAL X
    0.9840096160         0.2488625268E-01     0.3318830235         0.4725522566         0.5557006296E-01     0.3355986340         0.8980990146         0.5839851830         0.3433726823E-01     0.1627156977    
    0.2964001142         0.9116045773E-01     0.9269216927E-01     0.9984626520         0.9983900395         0.9837779674E-01     0.1310756214         0.6779516150         0.5071839568E-01     0.1469244377    
    0.9290188417         0.1294710839E-02     0.6192534742E-01     0.2143036373         0.6331710570         0.8309286501E-01     0.1574990246         0.4145929937         0.7302782647         0.4188141974E-01
    0.2715742395         0.2953029194         0.8786754729E-01     0.3166625168         0.6944031836         0.1557795131E-01     0.3703515279E-01     0.1056705369         0.4410511572         0.5793509619E-01
    0.3955380692         0.1247482303    

                         STEP LENGTH (VM)
    0.2000059094         0.1157679385E-01     0.1168255461         0.2361316672         0.2717066763E-01     0.1227191546         0.2433275295         0.2222399301         0.1634907064E-01     0.6260369556E-01
    0.1013887962         0.3438763374E-01     0.3964768130E-01     0.2085128943         0.4847117802E-01     0.3911502061E-01     0.5874115732E-01     0.2827763321         0.2456025755E-01     0.6802742020E-01
    0.2613352868         0.6472427892E-03     0.2355070407E-01     0.1048071168         0.2450618416         0.2803981544E-01     0.6635698232E-01     0.1773124060         0.3279493934         0.1424894997E-01
    0.1251310231         0.1464775286         0.2957063478E-01     0.1111230381         0.2460046402         0.6495063864E-02     0.1745452454E-01     0.4738712804E-01     0.1733264180         0.2022732431E-01
    0.1544305722         0.4710230524E-01
 

 INTERMEDIATE RESULTS BEFORE NEXT TEMPERATURE REDUCTION

  CURRENT TEMPERATURE:             0.15838    
  MIN FUNCTION VALUE SO FAR:   0.342008311854137548E-01
  TOTAL MOVES:                     840
     DOWNHILL:                     614
     ACCEPTED UPHILL:              186
     REJECTED UPHILL:               40
  TRIALS OUT OF BOUNDS:            413
  NEW MINIMA THIS TEMPERATURE:       0

                         CURRENT OPTIMAL X
    0.9840096160         0.3191296005E-01     0.3077885262         0.6007896929         0.5557006296E-01     0.3355986340         0.8980990146         0.5839851830         0.3433726823E-01     0.1627156977    
    0.2964001142         0.9116045773E-01     0.9269216927E-01     0.9984626520         0.9983900395         0.9837779674E-01     0.1310756214         0.6779516150         0.5071839568E-01     0.1469244377    
    0.9290188417         0.1294710839E-02     0.6192534742E-01     0.2143036373         0.6331710570         0.8309286501E-01     0.1574990246         0.4145929937         0.7302782647         0.4188141974E-01
    0.2715742395         0.2953029194         0.8786754729E-01     0.3166625168         0.6944031836         0.1557795131E-01     0.3703515279E-01     0.1056705369         0.4410511572         0.5793509619E-01
    0.3955380692         0.1247482303    

                         STEP LENGTH (VM)
    0.2000059094         0.1157679385E-01     0.1168255461         0.2361316672         0.2717066763E-01     0.1227191546         0.2433275295         0.2222399301         0.1634907064E-01     0.6260369556E-01
    0.1013887962         0.3438763374E-01     0.3964768130E-01     0.2085128943         0.4872899417E-01     0.3911502061E-01     0.5874115732E-01     0.2827763321         0.2456025755E-01     0.6802742020E-01
    0.2613352868         0.6472427892E-03     0.2355070407E-01     0.1048071168         0.2450618416         0.2803981544E-01     0.6635698232E-01     0.1773124060         0.2459620405         0.1424894997E-01
    0.1251310231         0.1464775286         0.2957063478E-01     0.1111230381         0.2460046402         0.6495063864E-02     0.1745452454E-01     0.4738712804E-01     0.1733264180         0.2022732431E-01
    0.1544305722         0.4710230524E-01
 

 INTERMEDIATE RESULTS BEFORE NEXT TEMPERATURE REDUCTION

  CURRENT TEMPERATURE:             0.11879    
  MIN FUNCTION VALUE SO FAR:   0.342000525468990554E-01
  TOTAL MOVES:                     840
     DOWNHILL:                     606
     ACCEPTED UPHILL:              195
     REJECTED UPHILL:               39
  TRIALS OUT OF BOUNDS:            431
  NEW MINIMA THIS TEMPERATURE:       1

                         CURRENT OPTIMAL X
    0.9840096160         0.3134890964E-01     0.3198734953         0.6007896929         0.5557006296E-01     0.3355986340         0.8980990146         0.5839851830         0.3433726823E-01     0.1627156977    
    0.2964001142         0.9116045773E-01     0.9269216927E-01     0.9984626520         0.9983900395         0.9837779674E-01     0.1310756214         0.6779516150         0.5071839568E-01     0.1469244377    
    0.9290188417         0.1294710839E-02     0.6192534742E-01     0.2143036373         0.6331710570         0.8309286501E-01     0.1574990246         0.4145929937         0.7302782647         0.4188141974E-01
    0.2715742395         0.2953029194         0.8786754729E-01     0.3166625168         0.6944031836         0.1557795131E-01     0.3703515279E-01     0.1056705369         0.4410511572         0.5793509619E-01
    0.3955380692         0.1247482303    

                         STEP LENGTH (VM)
    0.2000059094         0.1157679385E-01     0.1168255461         0.2361316672         0.2717066763E-01     0.1227191546         0.2433275295         0.2222399301         0.1634907064E-01     0.6260369556E-01
    0.1013887962         0.3438763374E-01     0.3964768130E-01     0.2085128943         0.4829390417E-01     0.3911502061E-01     0.5874115732E-01     0.2827763321         0.2456025755E-01     0.6802742020E-01
    0.2613352868         0.6472427892E-03     0.2355070407E-01     0.1048071168         0.2450618416         0.2803981544E-01     0.6635698232E-01     0.1773124060         0.9369981988E-01     0.1424894997E-01
    0.1251310231         0.1464775286         0.2957063478E-01     0.1111230381         0.2460046402         0.6495063864E-02     0.1745452454E-01     0.4738712804E-01     0.1733264180         0.2022732431E-01
    0.1544305722         0.4710230524E-01
 

 INTERMEDIATE RESULTS BEFORE NEXT TEMPERATURE REDUCTION

  CURRENT TEMPERATURE:             0.89090E-01
  MIN FUNCTION VALUE SO FAR:   0.341957639152538836E-01
  TOTAL MOVES:                     840
     DOWNHILL:                     599
     ACCEPTED UPHILL:              193
     REJECTED UPHILL:               48
  TRIALS OUT OF BOUNDS:            413
  NEW MINIMA THIS TEMPERATURE:       0

                         CURRENT OPTIMAL X
    0.9840096160         0.3151554377E-01     0.3305005280         0.6349784777         0.5557006296E-01     0.3355986340         0.8980990146         0.5839851830         0.3433726823E-01     0.1627156977    
    0.2964001142         0.9116045773E-01     0.9269216927E-01     0.9984626520         0.9983900395         0.9837779674E-01     0.1310756214         0.6779516150         0.5071839568E-01     0.1469244377    
    0.9290188417         0.1294710839E-02     0.6192534742E-01     0.2143036373         0.6331710570         0.8309286501E-01     0.1574990246         0.4145929937         0.7302782647         0.4188141974E-01
    0.2715742395         0.2953029194         0.8786754729E-01     0.3166625168         0.6944031836         0.1557795131E-01     0.3703515279E-01     0.1056705369         0.4410511572         0.5793509619E-01
    0.3955380692         0.1247482303    

                         STEP LENGTH (VM)
    0.2000059094         0.1157679385E-01     0.1168255461         0.2361316672         0.2717066763E-01     0.1227191546         0.2433275295         0.1281383331         0.1634907064E-01     0.6260369556E-01
    0.1013887962         0.3438763374E-01     0.3964768130E-01     0.2085128943         0.2543876197E-01     0.3911502061E-01     0.5874115732E-01     0.2827763321         0.2456025755E-01     0.6802742020E-01
    0.2613352868         0.6472427892E-03     0.2355070407E-01     0.1048071168         0.2450618416         0.2803981544E-01     0.6635698232E-01     0.1773124060         0.9369981988E-01     0.1424894997E-01
    0.1251310231         0.1464775286         0.2957063478E-01     0.1111230381         0.2460046402         0.6495063864E-02     0.1745452454E-01     0.4738712804E-01     0.1733264180         0.2022732431E-01
    0.1544305722         0.4710230524E-01
 

 INTERMEDIATE RESULTS BEFORE NEXT TEMPERATURE REDUCTION

  CURRENT TEMPERATURE:             0.66817E-01
  MIN FUNCTION VALUE SO FAR:   0.341940544496435947E-01
  TOTAL MOVES:                     840
     DOWNHILL:                     623
     ACCEPTED UPHILL:              165
     REJECTED UPHILL:               52
  TRIALS OUT OF BOUNDS:            412
  NEW MINIMA THIS TEMPERATURE:       0

                         CURRENT OPTIMAL X
    0.9840096160         0.3155911507E-01     0.3412269415         0.6349784777         0.5557006296E-01     0.3355986340         0.8980990146         0.5839851830         0.3433726823E-01     0.1627156977    
    0.2964001142         0.9116045773E-01     0.9269216927E-01     0.9984626520         0.9983900395         0.9837779674E-01     0.1310756214         0.6779516150         0.5071839568E-01     0.1469244377    
    0.9290188417         0.1294710839E-02     0.6192534742E-01     0.2143036373         0.6331710570         0.8309286501E-01     0.1574990246         0.4145929937         0.7302782647         0.4188141974E-01
    0.2715742395         0.2953029194         0.8786754729E-01     0.3166625168         0.6944031836         0.1557795131E-01     0.3703515279E-01     0.1056705369         0.4410511572         0.5793509619E-01
    0.3955380692         0.1247482303    

                         STEP LENGTH (VM)
    0.2000059094         0.1157679385E-01     0.1168255461         0.2361316672         0.2717066763E-01     0.1227191546         0.2433275295         0.8756331831E-01     0.1634907064E-01     0.6260369556E-01
    0.1013887962         0.3438763374E-01     0.3964768130E-01     0.2085128943         0.1635348790E-01     0.3911502061E-01     0.5874115732E-01     0.2827763321         0.2456025755E-01     0.6802742020E-01
    0.2613352868         0.6472427892E-03     0.2355070407E-01     0.1048071168         0.2450618416         0.2803981544E-01     0.6635698232E-01     0.1773124060         0.6246654387E-01     0.1424894997E-01
    0.1251310231         0.1464775286         0.2957063478E-01     0.1111230381         0.2460046402         0.6495063864E-02     0.1745452454E-01     0.4738712804E-01     0.1733264180         0.2022732431E-01
    0.1544305722         0.4710230524E-01
 

 INTERMEDIATE RESULTS BEFORE NEXT TEMPERATURE REDUCTION

  CURRENT TEMPERATURE:             0.50113E-01
  MIN FUNCTION VALUE SO FAR:   0.341921996482041635E-01
  TOTAL MOVES:                     840
     DOWNHILL:                     611
     ACCEPTED UPHILL:              172
     REJECTED UPHILL:               57
  TRIALS OUT OF BOUNDS:            427
  NEW MINIMA THIS TEMPERATURE:       0

                         CURRENT OPTIMAL X
    0.9840096160         0.3242524021E-01     0.3412269415         0.6349784777         0.5557006296E-01     0.3355986340         0.8980990146         0.5839851830         0.3433726823E-01     0.1627156977    
    0.2964001142         0.9116045773E-01     0.9269216927E-01     0.9984626520         0.9983900395         0.9837779674E-01     0.1310756214         0.6779516150         0.5071839568E-01     0.1469244377    
    0.9290188417         0.1294710839E-02     0.6192534742E-01     0.2143036373         0.6331710570         0.8309286501E-01     0.1574990246         0.4145929937         0.7302782647         0.4188141974E-01
    0.2715742395         0.2953029194         0.8786754729E-01     0.3166625168         0.6944031836         0.1557795131E-01     0.3703515279E-01     0.1056705369         0.4410511572         0.5793509619E-01
    0.3955380692         0.1247482303    

                         STEP LENGTH (VM)
    0.2000059094         0.1157679385E-01     0.1168255461         0.2361316672         0.2717066763E-01     0.1227191546         0.2433275295         0.8169814599E-01     0.1634907064E-01     0.6260369556E-01
    0.1013887962         0.3438763374E-01     0.3964768130E-01     0.2085128943         0.1650081475E-01     0.3911502061E-01     0.5874115732E-01     0.2827763321         0.2456025755E-01     0.6802742020E-01
    0.2613352868         0.6472427892E-03     0.2355070407E-01     0.1048071168         0.2450618416         0.2803981544E-01     0.6635698232E-01     0.1773124060         0.6936557613E-01     0.1424894997E-01
    0.1251310231         0.1464775286         0.2957063478E-01     0.1111230381         0.2460046402         0.6495063864E-02     0.1745452454E-01     0.4738712804E-01     0.1733264180         0.2022732431E-01
    0.1544305722         0.4710230524E-01
 

 INTERMEDIATE RESULTS BEFORE NEXT TEMPERATURE REDUCTION

  CURRENT TEMPERATURE:             0.37585E-01
  MIN FUNCTION VALUE SO FAR:   0.341555577736762442E-01
  TOTAL MOVES:                     840
     DOWNHILL:                     597
     ACCEPTED UPHILL:              183
     REJECTED UPHILL:               60
  TRIALS OUT OF BOUNDS:            428
  NEW MINIMA THIS TEMPERATURE:       0

                         CURRENT OPTIMAL X
    0.9893991914         0.3442394031E-01     0.2456818656         0.6296396091         0.6460697836E-01     0.3295469613         0.7815881229         0.5839851830         0.3277887407E-01     0.1744005081    
    0.2257743809         0.8895303660E-01     0.9162968559E-01     0.9499777954         0.9983900395         0.1099112752         0.1415983846         0.8422604991         0.5211306131E-01     0.1957504017    
    0.8112655157         0.1416092087E-02     0.5811311066E-01     0.2810279665         0.7023536205         0.8175967644E-01     0.1347877429         0.4981937709         0.7302782647         0.3650619083E-01
    0.2529766317         0.3207115061         0.6806662341E-01     0.2524859569         0.6216795352         0.1581632603E-01     0.4683980010E-01     0.1185459004         0.3595474034         0.5200687013E-01
    0.3987205112         0.1285693075    

                         STEP LENGTH (VM)
    0.1761956657         0.1157679385E-01     0.1168255461         0.2361316672         0.2717066763E-01     0.1227191546         0.2433275295         0.4447659189E-01     0.1634907064E-01     0.6260369556E-01
    0.1013887962         0.3438763374E-01     0.3964768130E-01     0.2085128943         0.1650081116E-01     0.3911502061E-01     0.5874115732E-01     0.2827763321         0.2456025755E-01     0.6802742020E-01
    0.2613352868         0.6472427892E-03     0.2355070407E-01     0.1048071168         0.2450618416         0.2803981544E-01     0.6635698232E-01     0.1773124060         0.6874622682E-01     0.1424894997E-01
    0.1251310231         0.1464775286         0.2957063478E-01     0.1111230381         0.2460046402         0.6495063864E-02     0.1745452454E-01     0.4738712804E-01     0.1733264180         0.2022732431E-01
    0.1544305722         0.4710230524E-01
 

 INTERMEDIATE RESULTS BEFORE NEXT TEMPERATURE REDUCTION

  CURRENT TEMPERATURE:             0.28189E-01
  MIN FUNCTION VALUE SO FAR:   0.341555577736762442E-01
  TOTAL MOVES:                     840
     DOWNHILL:                     614
     ACCEPTED UPHILL:              153
     REJECTED UPHILL:               73
  TRIALS OUT OF BOUNDS:            392
  NEW MINIMA THIS TEMPERATURE:       0

                         CURRENT OPTIMAL X
    0.9893991914         0.3442394031E-01     0.2456818656         0.6296396091         0.6460697836E-01     0.3295469613         0.7815881229         0.5839851830         0.3277887407E-01     0.1744005081    
    0.2257743809         0.8895303660E-01     0.9162968559E-01     0.9499777954         0.9983900395         0.1099112752         0.1415983846         0.8422604991         0.5211306131E-01     0.1957504017    
    0.8112655157         0.1416092087E-02     0.5811311066E-01     0.2810279665         0.7023536205         0.8175967644E-01     0.1347877429         0.4981937709         0.7302782647         0.3650619083E-01
    0.2529766317         0.3207115061         0.6806662341E-01     0.2524859569         0.6216795352         0.1581632603E-01     0.4683980010E-01     0.1185459004         0.3595474034         0.5200687013E-01
    0.3987205112         0.1285693075    

                         STEP LENGTH (VM)
    0.2000059094         0.1157679385E-01     0.1168255461         0.2361316672         0.2717066763E-01     0.1227191546         0.2433275295         0.3335743888E-01     0.1634907064E-01     0.6260369556E-01
    0.1013887962         0.3438763374E-01     0.3964768130E-01     0.2085128943         0.9778257797E-02     0.3911502061E-01     0.5874115732E-01     0.2827763321         0.2456025755E-01     0.6802742020E-01
    0.2613352868         0.6472427892E-03     0.2355070407E-01     0.1048071168         0.2450618416         0.2803981544E-01     0.6635698232E-01     0.1773124060         0.3344410925E-01     0.1424894997E-01
    0.1251310231         0.1464775286         0.2957063478E-01     0.1111230381         0.2460046402         0.6495063864E-02     0.1745452454E-01     0.4738712804E-01     0.1733264180         0.2022732431E-01
    0.1544305722         0.4710230524E-01
 

 INTERMEDIATE RESULTS BEFORE NEXT TEMPERATURE REDUCTION

  CURRENT TEMPERATURE:             0.21141E-01
  MIN FUNCTION VALUE SO FAR:   0.341555577736762442E-01
  TOTAL MOVES:                     840
     DOWNHILL:                     588
     ACCEPTED UPHILL:              152
     REJECTED UPHILL:              100
  TRIALS OUT OF BOUNDS:            388
  NEW MINIMA THIS TEMPERATURE:       0

                         CURRENT OPTIMAL X
    0.9893991914         0.3442394031E-01     0.2456818656         0.6296396091         0.6460697836E-01     0.3295469613         0.7815881229         0.5839851830         0.3277887407E-01     0.1744005081    
    0.2257743809         0.8895303660E-01     0.9162968559E-01     0.9499777954         0.9983900395         0.1099112752         0.1415983846         0.8422604991         0.5211306131E-01     0.1957504017    
    0.8112655157         0.1416092087E-02     0.5811311066E-01     0.2810279665         0.7023536205         0.8175967644E-01     0.1347877429         0.4981937709         0.7302782647         0.3650619083E-01
    0.2529766317         0.3207115061         0.6806662341E-01     0.2524859569         0.6216795352         0.1581632603E-01     0.4683980010E-01     0.1185459004         0.3595474034         0.5200687013E-01
    0.3987205112         0.1285693075    

                         STEP LENGTH (VM)
    0.2000059094         0.1157679385E-01     0.1168255461         0.2361316672         0.2717066763E-01     0.1227191546         0.2433275295         0.2965105318E-01     0.1634907064E-01     0.6260369556E-01
    0.1013887962         0.3438763374E-01     0.3964768130E-01     0.2085128943         0.5500269077E-02     0.3911502061E-01     0.5874115732E-01     0.2827763321         0.2456025755E-01     0.6802742020E-01
    0.2613352868         0.6472427892E-03     0.2355070407E-01     0.1048071168         0.2450618416         0.2803981544E-01     0.6635698232E-01     0.1773124060         0.2229607186E-01     0.1424894997E-01
    0.1251310231         0.1464775286         0.2957063478E-01     0.1111230381         0.2460046402         0.6495063864E-02     0.1745452454E-01     0.4738712804E-01     0.1733264180         0.2022732431E-01
    0.1544305722         0.4710230524E-01
 

 INTERMEDIATE RESULTS BEFORE NEXT TEMPERATURE REDUCTION

  CURRENT TEMPERATURE:             0.15856E-01
  MIN FUNCTION VALUE SO FAR:   0.341555577736762442E-01
  TOTAL MOVES:                     840
     DOWNHILL:                     579
     ACCEPTED UPHILL:              166
     REJECTED UPHILL:               95
  TRIALS OUT OF BOUNDS:            395
  NEW MINIMA THIS TEMPERATURE:       0

                         CURRENT OPTIMAL X
    0.9893991914         0.3442394031E-01     0.2456818656         0.6296396091         0.6460697836E-01     0.3295469613         0.7815881229         0.5839851830         0.3277887407E-01     0.1744005081    
    0.2257743809         0.8895303660E-01     0.9162968559E-01     0.9499777954         0.9983900395         0.1099112752         0.1415983846         0.8422604991         0.5211306131E-01     0.1957504017    
    0.8112655157         0.1416092087E-02     0.5811311066E-01     0.2810279665         0.7023536205         0.8175967644E-01     0.1347877429         0.4981937709         0.7302782647         0.3650619083E-01
    0.2529766317         0.3207115061         0.6806662341E-01     0.2524859569         0.6216795352         0.1581632603E-01     0.4683980010E-01     0.1185459004         0.3595474034         0.5200687013E-01
    0.3987205112         0.1285693075    

                         STEP LENGTH (VM)
    0.9730016898E-01     0.1157679385E-01     0.1168255461         0.2361316672         0.2717066763E-01     0.1227191546         0.2433275295         0.1309488569E-01     0.1634907064E-01     0.6260369556E-01
    0.1013887962         0.3438763374E-01     0.3964768130E-01     0.2085128943         0.4190680767E-02     0.3911502061E-01     0.5874115732E-01     0.2827763321         0.2456025755E-01     0.6802742020E-01
    0.2613352868         0.6472427892E-03     0.2355070407E-01     0.1048071168         0.2450618416         0.2803981544E-01     0.6635698232E-01     0.1773124060         0.1486404726E-01     0.1424894997E-01
    0.1251310231         0.1464775286         0.2957063478E-01     0.1111230381         0.2460046402         0.6495063864E-02     0.1745452454E-01     0.4738712804E-01     0.1733264180         0.2022732431E-01
    0.1544305722         0.4710230524E-01
 

 INTERMEDIATE RESULTS BEFORE NEXT TEMPERATURE REDUCTION

  CURRENT TEMPERATURE:             0.11892E-01
  MIN FUNCTION VALUE SO FAR:   0.341555577736762442E-01
  TOTAL MOVES:                     840
     DOWNHILL:                     587
     ACCEPTED UPHILL:              163
     REJECTED UPHILL:               90
  TRIALS OUT OF BOUNDS:            382
  NEW MINIMA THIS TEMPERATURE:       0

                         CURRENT OPTIMAL X
    0.9893991914         0.3442394031E-01     0.2456818656         0.6296396091         0.6460697836E-01     0.3295469613         0.7815881229         0.5839851830         0.3277887407E-01     0.1744005081    
    0.2257743809         0.8895303660E-01     0.9162968559E-01     0.9499777954         0.9983900395         0.1099112752         0.1415983846         0.8422604991         0.5211306131E-01     0.1957504017    
    0.8112655157         0.1416092087E-02     0.5811311066E-01     0.2810279665         0.7023536205         0.8175967644E-01     0.1347877429         0.4981937709         0.7302782647         0.3650619083E-01
    0.2529766317         0.3207115061         0.6806662341E-01     0.2524859569         0.6216795352         0.1581632603E-01     0.4683980010E-01     0.1185459004         0.3595474034         0.5200687013E-01
    0.3987205112         0.1285693075    

                         STEP LENGTH (VM)
    0.6589640226E-01     0.1157679385E-01     0.1168255461         0.2361316672         0.2717066763E-01     0.1227191546         0.2433275295         0.1309488569E-01     0.1634907064E-01     0.6260369556E-01
    0.1013887962         0.3438763374E-01     0.3964768130E-01     0.2085128943         0.3058063971E-02     0.3911502061E-01     0.5874115732E-01     0.2827763321         0.2456025755E-01     0.6802742020E-01
    0.2613352868         0.6472427892E-03     0.2355070407E-01     0.1048071168         0.2450618416         0.2803981544E-01     0.6635698232E-01     0.1773124060         0.8570261152E-02     0.1424894997E-01
    0.1251310231         0.1464775286         0.2957063478E-01     0.1111230381         0.2460046402         0.6495063864E-02     0.1745452454E-01     0.4738712804E-01     0.1733264180         0.2022732431E-01
    0.1544305722         0.4710230524E-01
 

 INTERMEDIATE RESULTS BEFORE NEXT TEMPERATURE REDUCTION

  CURRENT TEMPERATURE:             0.89190E-02
  MIN FUNCTION VALUE SO FAR:   0.341555577736762442E-01
  TOTAL MOVES:                     840
     DOWNHILL:                     561
     ACCEPTED UPHILL:              164
     REJECTED UPHILL:              115
  TRIALS OUT OF BOUNDS:            368
  NEW MINIMA THIS TEMPERATURE:       0

                         CURRENT OPTIMAL X
    0.9893991914         0.3442394031E-01     0.2456818656         0.6296396091         0.6460697836E-01     0.3295469613         0.7815881229         0.5839851830         0.3277887407E-01     0.1744005081    
    0.2257743809         0.8895303660E-01     0.9162968559E-01     0.9499777954         0.9983900395         0.1099112752         0.1415983846         0.8422604991         0.5211306131E-01     0.1957504017    
    0.8112655157         0.1416092087E-02     0.5811311066E-01     0.2810279665         0.7023536205         0.8175967644E-01     0.1347877429         0.4981937709         0.7302782647         0.3650619083E-01
    0.2529766317         0.3207115061         0.6806662341E-01     0.2524859569         0.6216795352         0.1581632603E-01     0.4683980010E-01     0.1185459004         0.3595474034         0.5200687013E-01
    0.3987205112         0.1285693075    

                         STEP LENGTH (VM)
    0.6277967420E-01     0.1157679385E-01     0.1168255461         0.2361316672         0.2717066763E-01     0.1227191546         0.2433275295         0.9821164087E-02     0.1634907064E-01     0.6260369556E-01
    0.1013887962         0.3438763374E-01     0.3964768130E-01     0.2085128943         0.1747464876E-02     0.3911502061E-01     0.5874115732E-01     0.2827763321         0.2456025755E-01     0.6802742020E-01
    0.2613352868         0.6472427892E-03     0.2355070407E-01     0.1048071168         0.2450618416         0.2803981544E-01     0.6635698232E-01     0.1773124060         0.8570260323E-02     0.1424894997E-01
    0.1251310231         0.1464775286         0.2957063478E-01     0.1111230381         0.2460046402         0.6495063864E-02     0.1745452454E-01     0.4738712804E-01     0.1733264180         0.2022732431E-01
    0.1544305722         0.4710230524E-01
 

 INTERMEDIATE RESULTS BEFORE NEXT TEMPERATURE REDUCTION

  CURRENT TEMPERATURE:             0.66893E-02
  MIN FUNCTION VALUE SO FAR:   0.320479267431491369E-01
  TOTAL MOVES:                     840
     DOWNHILL:                     573
     ACCEPTED UPHILL:              133
     REJECTED UPHILL:              134
  TRIALS OUT OF BOUNDS:            403
  NEW MINIMA THIS TEMPERATURE:      10

                         CURRENT OPTIMAL X
    0.9983281296         0.3387596348E-01     0.3065254172         0.4888840621         0.6568488707E-01     0.2544516908         0.9700131144         0.5778094789         0.4108925295E-01     0.1336967489    
    0.2104134901         0.8906401969E-01     0.1177826959         0.8832872397         0.9998804223         0.8683108500E-01     0.1697668456         0.7823557525         0.7316683497E-01     0.1608547024    
    0.8386819867         0.1471831099E-02     0.5589248487E-01     0.2760840229         0.5014953149         0.6938009937E-01     0.1376258844         0.4581538223         0.7293664458         0.3840962119E-01
    0.2973148296         0.3529802553         0.7288861585E-01     0.3005507581         0.7231654875         0.1533345520E-01     0.3545111031E-01     0.1385988060         0.3759787883         0.5363784398E-01
    0.4084551453         0.1158510627    

                         STEP LENGTH (VM)
    0.8359093799E-02     0.1157679385E-01     0.1168255461         0.2361316672         0.2717066763E-01     0.1227191546         0.2433275295         0.2876268061E-02     0.1634907064E-01     0.6260369556E-01
    0.1013887962         0.3438763374E-01     0.3964768130E-01     0.2085128943         0.4650218174E-03     0.3911502061E-01     0.5874115732E-01     0.2827763321         0.2456025755E-01     0.6802742020E-01
    0.2613352868         0.6472427892E-03     0.2355070407E-01     0.1048071168         0.2450618416         0.2803981544E-01     0.6635698232E-01     0.1773124060         0.3706057814E-02     0.1424894997E-01
    0.1251310231         0.1464775286         0.2957063478E-01     0.1111230381         0.2460046402         0.6495063864E-02     0.1551513254E-01     0.4738712804E-01     0.1733264180         0.2022732431E-01
    0.1544305722         0.4710230524E-01
 

 INTERMEDIATE RESULTS BEFORE NEXT TEMPERATURE REDUCTION

  CURRENT TEMPERATURE:             0.50170E-02
  MIN FUNCTION VALUE SO FAR:   0.320456895901103794E-01
  TOTAL MOVES:                     840
     DOWNHILL:                     564
     ACCEPTED UPHILL:              101
     REJECTED UPHILL:              175
  TRIALS OUT OF BOUNDS:            378
  NEW MINIMA THIS TEMPERATURE:       1

                         CURRENT OPTIMAL X
    0.9983281296         0.3181691606E-01     0.3065254172         0.4888840621         0.6568488707E-01     0.2544516908         0.9700131144         0.5778094789         0.4108925295E-01     0.1336967489    
    0.2104134901         0.8906401969E-01     0.1177826959         0.8832872397         0.9998804223         0.8683108500E-01     0.1697668456         0.7823557525         0.7316683497E-01     0.1608547024    
    0.8386819867         0.1471831099E-02     0.5589248487E-01     0.2760840229         0.5014953149         0.6938009937E-01     0.1376258844         0.4581538223         0.7293664458         0.3840962119E-01
    0.2973148296         0.3529802553         0.7288861585E-01     0.3005507581         0.7231654875         0.1533345520E-01     0.3545111031E-01     0.1385988060         0.3759787883         0.5363784398E-01
    0.4084551453         0.1158510627    

                         STEP LENGTH (VM)
    0.2461101682E-02     0.1157679385E-01     0.1168255461         0.2361316672         0.2717066763E-01     0.1227191546         0.2433275295         0.1399265498E-02     0.1634907064E-01     0.6260369556E-01
    0.1013887962         0.3438763374E-01     0.3964768130E-01     0.2085128943         0.3674246276E-03     0.3911502061E-01     0.5874115732E-01     0.2827763321         0.2456025755E-01     0.6802742020E-01
    0.2613352868         0.6472427892E-03     0.2355070407E-01     0.1048071168         0.2450618416         0.2803981544E-01     0.6635698232E-01     0.1773124060         0.1882441997E-02     0.1424894997E-01
    0.1251310231         0.1464775286         0.2957063478E-01     0.1111230381         0.2460046402         0.3653473287E-02     0.1225886954E-01     0.4212189055E-01     0.7999680785E-01     0.2022732431E-01
    0.1544305722         0.4710230524E-01
 

 INTERMEDIATE RESULTS BEFORE NEXT TEMPERATURE REDUCTION

  CURRENT TEMPERATURE:             0.37627E-02
  MIN FUNCTION VALUE SO FAR:   0.317311722255277720E-01
  TOTAL MOVES:                     840
     DOWNHILL:                     556
     ACCEPTED UPHILL:              127
     REJECTED UPHILL:              157
  TRIALS OUT OF BOUNDS:            362
  NEW MINIMA THIS TEMPERATURE:       0

                         CURRENT OPTIMAL X
    0.9999038760         0.2648866954E-01     0.2570733413         0.5180808876         0.7222385962E-01     0.2760153564         0.9293422762         0.5767756818         0.3548288608E-01     0.1449251669    
    0.2472086646         0.1018074224         0.1144030801         0.8396773610         0.9999759013         0.8649236219E-01     0.1353171461         0.8345764542         0.4975044385E-01     0.1917050991    
    0.8539149259         0.1323979015E-02     0.6370073068E-01     0.3074604720         0.7103057216         0.7307742158E-01     0.1592933652         0.4634655377         0.7283681391         0.3179430201E-01
    0.3149293022         0.3175620921         0.7275310594E-01     0.2762841159         0.5658503828         0.1729464307E-01     0.4399473258E-01     0.1210053784         0.4738650246         0.4436601445E-01
    0.3280216382         0.1124793256    

                         STEP LENGTH (VM)
    0.4140586506E-03     0.1157679385E-01     0.1168255461         0.2361316672         0.2717066763E-01     0.1227191546         0.2433275295         0.4634714829E-03     0.1634907064E-01     0.6260369556E-01
    0.1013887962         0.3438763374E-01     0.3964768130E-01     0.2085128943         0.1443726544E-03     0.3911502061E-01     0.5874115732E-01     0.2827763321         0.2456025755E-01     0.6802742020E-01
    0.2613352868         0.6472427892E-03     0.2355070407E-01     0.1048071168         0.2450618416         0.2803981544E-01     0.6635698232E-01     0.1773124060         0.5036054336E-03     0.1424894997E-01
    0.1251310231         0.1464775286         0.2957063478E-01     0.1111230381         0.2460046402         0.3653473287E-02     0.4472830549E-02     0.4738712804E-01     0.7999679725E-01     0.2022732431E-01
    0.1544305722         0.4710230524E-01
 

 INTERMEDIATE RESULTS BEFORE NEXT TEMPERATURE REDUCTION

  CURRENT TEMPERATURE:             0.28220E-02
  MIN FUNCTION VALUE SO FAR:   0.317147616865914375E-01
  TOTAL MOVES:                     840
     DOWNHILL:                     600
     ACCEPTED UPHILL:              131
     REJECTED UPHILL:              109
  TRIALS OUT OF BOUNDS:            383
  NEW MINIMA THIS TEMPERATURE:       2

                         CURRENT OPTIMAL X
    0.9999038760         0.2522778130E-01     0.2706225208         0.6020270424         0.7222385962E-01     0.2760153564         0.9293422762         0.5767756818         0.3548288608E-01     0.1449251669    
    0.2472086646         0.1018074224         0.1144030801         0.8396773610         0.9999759013         0.8649236219E-01     0.1353171461         0.8345764542         0.4975044385E-01     0.1917050991    
    0.8539149259         0.1323979015E-02     0.6370073068E-01     0.3074604720         0.7103057216         0.7307742158E-01     0.1592933652         0.4634655377         0.7283681391         0.3179430201E-01
    0.3149293022         0.3175620921         0.7275310594E-01     0.2762841159         0.5658503828         0.1729464307E-01     0.4399473258E-01     0.1210053784         0.4738650246         0.4436601445E-01
    0.3280216382         0.1124793256    

                         STEP LENGTH (VM)
    0.1529716440E-02     0.1157679385E-01     0.1168255461         0.2361316672         0.2717066763E-01     0.1227191546         0.2433275295         0.4885238942E-03     0.1634907064E-01     0.6260369556E-01
    0.1013887962         0.3438763374E-01     0.3964768130E-01     0.2085128943         0.7183188653E-04     0.3911502061E-01     0.5874115732E-01     0.2827763321         0.2456025755E-01     0.6802742020E-01
    0.2613352868         0.6472427892E-03     0.2355070407E-01     0.1048071168         0.2450618416         0.2803981544E-01     0.6635698232E-01     0.1773124060         0.2614873778E-03     0.1424894997E-01
    0.1251310231         0.1464775286         0.2957063478E-01     0.1111230381         0.2460046402         0.7870513761E-03     0.6957735719E-02     0.4738712804E-01     0.1733264180         0.2022732431E-01
    0.1544305722         0.4710230524E-01
 

 INTERMEDIATE RESULTS BEFORE NEXT TEMPERATURE REDUCTION

  CURRENT TEMPERATURE:             0.21165E-02
  MIN FUNCTION VALUE SO FAR:   0.315139311911100603E-01
  TOTAL MOVES:                     840
     DOWNHILL:                     597
     ACCEPTED UPHILL:              136
     REJECTED UPHILL:              107
  TRIALS OUT OF BOUNDS:            393
  NEW MINIMA THIS TEMPERATURE:       3

                         CURRENT OPTIMAL X
    0.9998870024         0.3305679838E-01     0.2704595242         0.6433535352         0.6200091944E-01     0.3112179427         0.8840632999         0.5769705683         0.3318555209E-01     0.1339886992    
    0.2383051846         0.7598014956E-01     0.1187335404         0.8250583804         0.9999967070         0.8137510764E-01     0.1592087513         0.6532475261         0.4918208110E-01     0.1477813240    
    0.9989782867         0.1583695102E-02     0.6741656478E-01     0.2513449079         0.5067833357         0.5900588897E-01     0.1800313777         0.4725198315         0.7280949044         0.3238585386E-01
    0.2581102193         0.3913361381         0.6977039846E-01     0.3263079148         0.6655454527         0.1620984268E-01     0.4035781865E-01     0.1222523073         0.4006543350         0.5875269058E-01
    0.3847010523         0.1336319077    

                         STEP LENGTH (VM)
    0.1074368668E-02     0.1157679385E-01     0.1168255461         0.2361316672         0.2717066763E-01     0.1227191546         0.2433275295         0.3663928653E-03     0.1634907064E-01     0.6260369556E-01
    0.1013887962         0.3438763374E-01     0.3964768130E-01     0.2085128943         0.6419019119E-04     0.3911502061E-01     0.5874115732E-01     0.2827763321         0.2456025755E-01     0.6802742020E-01
    0.2613352868         0.6472427892E-03     0.2355070407E-01     0.1048071168         0.2450618416         0.2803981544E-01     0.6635698232E-01     0.1773124060         0.2614873778E-03     0.1424894997E-01
    0.1251310231         0.1464775286         0.2957063478E-01     0.1111230381         0.2460046402         0.3403465214E-03     0.2578928718E-02     0.3073759613E-01     0.9993594883E-01     0.2022732431E-01
    0.1544305722         0.4710230524E-01
 

 INTERMEDIATE RESULTS BEFORE NEXT TEMPERATURE REDUCTION

  CURRENT TEMPERATURE:             0.15874E-02
  MIN FUNCTION VALUE SO FAR:   0.315139311911100603E-01
  TOTAL MOVES:                     840
     DOWNHILL:                     546
     ACCEPTED UPHILL:              112
     REJECTED UPHILL:              182
  TRIALS OUT OF BOUNDS:            351
  NEW MINIMA THIS TEMPERATURE:       0

                         CURRENT OPTIMAL X
    0.9998870024         0.3305679838E-01     0.2704595242         0.6433535352         0.6200091944E-01     0.3112179427         0.8840632999         0.5769705683         0.3318555209E-01     0.1339886992    
    0.2383051846         0.7598014956E-01     0.1187335404         0.8250583804         0.9999967070         0.8137510764E-01     0.1592087513         0.6532475261         0.4918208110E-01     0.1477813240    
    0.9989782867         0.1583695102E-02     0.6741656478E-01     0.2513449079         0.5067833357         0.5900588897E-01     0.1800313777         0.4725198315         0.7280949044         0.3238585386E-01
    0.2581102193         0.3913361381         0.6977039846E-01     0.3263079148         0.6655454527         0.1620984268E-01     0.4035781865E-01     0.1222523073         0.4006543350         0.5875269058E-01
    0.3847010523         0.1336319077    

                         STEP LENGTH (VM)
    0.1956176117E-03     0.1157679385E-01     0.1168255461         0.2361316672         0.2717066763E-01     0.1227191546         0.2433275295         0.1403206681E-03     0.3670893059E-02     0.3577353994E-01
    0.1013887962         0.3438763374E-01     0.3964768130E-01     0.2085128943         0.3277796971E-04     0.3911502061E-01     0.5874115732E-01     0.2827763321         0.2456025755E-01     0.6802742020E-01
    0.2613352868         0.6472427892E-03     0.2355070407E-01     0.1048071168         0.2450618416         0.2803981544E-01     0.6635698232E-01     0.1773124060         0.6193121851E-04     0.1424894997E-01
    0.1251310231         0.1464775286         0.2957063478E-01     0.1111230381         0.2460046402         0.9461370069E-04     0.6372641956E-03     0.9083042021E-02     0.6482331725E-01     0.2022732431E-01
    0.1544305722         0.4710230524E-01
 

 INTERMEDIATE RESULTS BEFORE NEXT TEMPERATURE REDUCTION

  CURRENT TEMPERATURE:             0.11905E-02
  MIN FUNCTION VALUE SO FAR:   0.314975038805662619E-01
  TOTAL MOVES:                     840
     DOWNHILL:                     537
     ACCEPTED UPHILL:               91
     REJECTED UPHILL:              212
  TRIALS OUT OF BOUNDS:            321
  NEW MINIMA THIS TEMPERATURE:       0

                         CURRENT OPTIMAL X
    0.9999035724         0.3250822123E-01     0.3224581846         0.6433535352         0.6200091944E-01     0.3112179427         0.8840632999         0.5769705683         0.3318555209E-01     0.1339886992    
    0.2383051846         0.7598014956E-01     0.1187335404         0.8250583804         0.9999967070         0.8137510764E-01     0.1592087513         0.6532475261         0.4918208110E-01     0.1477813240    
    0.9989782867         0.1583695102E-02     0.6741656478E-01     0.2513449079         0.5067833357         0.5900588897E-01     0.1800313777         0.4725198315         0.7280949044         0.3238585386E-01
    0.2581102193         0.3913361381         0.6977039846E-01     0.3263079148         0.6655454527         0.1620984268E-01     0.4035781865E-01     0.1222523073         0.4006543350         0.5875269058E-01
    0.3847010523         0.1336319077    

                         STEP LENGTH (VM)
    0.8236530359E-04     0.4749453743E-02     0.7788369403E-01     0.2361316672         0.2717066763E-01     0.1227191546         0.2433275295         0.1922912466E-03     0.8651531804E-03     0.1027537803E-01
    0.5845840276E-01     0.3438763374E-01     0.3964768130E-01     0.2085128943         0.2126138365E-04     0.3911502061E-01     0.5874115732E-01     0.2827763321         0.2456025755E-01     0.6802742020E-01
    0.2613352868         0.6472427892E-03     0.2355070407E-01     0.1048071168         0.2450618416         0.2803981544E-01     0.6635698232E-01     0.1773124060         0.6563649386E-04     0.1424894997E-01
    0.1251310231         0.1464775286         0.2957063478E-01     0.1111230381         0.2460046402         0.3583003341E-04     0.3024515121E-03     0.2868328717E-02     0.3495081440E-01     0.2022732431E-01
    0.1544305722         0.4710230524E-01
 

 INTERMEDIATE RESULTS BEFORE NEXT TEMPERATURE REDUCTION

  CURRENT TEMPERATURE:             0.89291E-03
  MIN FUNCTION VALUE SO FAR:   0.314931657587863220E-01
  TOTAL MOVES:                     840
     DOWNHILL:                     578
     ACCEPTED UPHILL:              145
     REJECTED UPHILL:              117
  TRIALS OUT OF BOUNDS:            355
  NEW MINIMA THIS TEMPERATURE:       0

                         CURRENT OPTIMAL X
    0.9999642646         0.3274399459E-01     0.3200929242         0.5043176724         0.6661719482E-01     0.2642979895         0.9960497531         0.5770716442         0.3290517913E-01     0.1339886992    
    0.2417063098         0.7309522677E-01     0.1048338643         0.9528970751         0.9999885803         0.8744379828E-01     0.1558646414         0.7894347950         0.5113070611E-01     0.1385881024    
    0.9468274821         0.1396212880E-02     0.5332100485E-01     0.2513167902         0.5293312473         0.6790384390E-01     0.1455220500         0.4093338467         0.7281152488         0.3238585386E-01
    0.2581102193         0.3913361381         0.6977039846E-01     0.3263079148         0.6655454527         0.1620984268E-01     0.4035781865E-01     0.1222523073         0.4006543350         0.5875269058E-01
    0.3847010523         0.1336319077    

                         STEP LENGTH (VM)
    0.3455252973E-03     0.1157679385E-01     0.1168255461         0.2361316672         0.2717066763E-01     0.1227191546         0.2433275295         0.2221743254E-03     0.2074765120E-02     0.1788676750E-01
    0.1013887962         0.3438763374E-01     0.3964768130E-01     0.2085128943         0.1914631516E-03     0.3911502061E-01     0.5874115732E-01     0.2827763321         0.2456025755E-01     0.6802742020E-01
    0.2613352868         0.6472427892E-03     0.2355070407E-01     0.1048071168         0.2450618416         0.2803981544E-01     0.6635698232E-01     0.1773124060         0.3348000559E-03     0.1424894997E-01
    0.1251310231         0.1464775286         0.2957063478E-01     0.1111230381         0.2460046402         0.1581484039E-03     0.6389753726E-03     0.1505872390E-01     0.1733264180         0.2022732431E-01
    0.1544305722         0.4710230524E-01
 

  SA ACHIEVED TERMINATION CRITERIA. IER = 0. 


  ****   RESULTS AFTER SA   ****   

                         SOLUTION
    0.9999642646         0.3274399459E-01     0.3200929242         0.5043176724         0.6661719482E-01     0.2642979895         0.9960497531         0.5770716442         0.3290517913E-01     0.1339886992    
    0.2417063098         0.7309522677E-01     0.1048338643         0.9528970751         0.9999885803         0.8744379828E-01     0.1558646414         0.7894347950         0.5113070611E-01     0.1385881024    
    0.9468274821         0.1396212880E-02     0.5332100485E-01     0.2513167902         0.5293312473         0.6790384390E-01     0.1455220500         0.4093338467         0.7281152488         0.3238585386E-01
    0.2581102193         0.3913361381         0.6977039846E-01     0.3263079148         0.6655454527         0.1620984268E-01     0.4035781865E-01     0.1222523073         0.4006543350         0.5875269058E-01
    0.3847010523         0.1336319077    

                         FINAL STEP LENGTH
    0.3455252973E-03     0.1157679385E-01     0.1168255461         0.2361316672         0.2717066763E-01     0.1227191546         0.2433275295         0.2221743254E-03     0.2074765120E-02     0.1788676750E-01
    0.1013887962         0.3438763374E-01     0.3964768130E-01     0.2085128943         0.1914631516E-03     0.3911502061E-01     0.5874115732E-01     0.2827763321         0.2456025755E-01     0.6802742020E-01
    0.2613352868         0.6472427892E-03     0.2355070407E-01     0.1048071168         0.2450618416         0.2803981544E-01     0.6635698232E-01     0.1773124060         0.3348000559E-03     0.1424894997E-01
    0.1251310231         0.1464775286         0.2957063478E-01     0.1111230381         0.2460046402         0.1581484039E-03     0.6389753726E-03     0.1505872390E-01     0.1733264180         0.2022732431E-01
    0.1544305722         0.4710230524E-01

 OPTIMAL FUNCTION VALUE:  0.3149316575879E-01
 NUMBER OF FUNCTION EVALUATIONS:          26041
 NUMBER OF ACCEPTED EVALUATIONS:          23869
 NUMBER OF OUT OF BOUND EVALUATIONS:      12397
 FINAL TEMP:  0.8929104508501E-03  IER:   0
