
 SIMULATED PARALLEL ANNEALING by NEIGHBORHOOD EXAMPLE

 NUMBER OF PARAMETERS:  42   MAXIMAZATION:     F
 INITIAL TEMP:  5.0       RT: 0.75       EPS: 0.10E-02
 NS:  24   NT:   5   NEPS:  4
 MAXEVL:  100000000   IPRINT: 1   ISEED1:    7 ISEED2:    8

                         STARTING VALUES
    0.9999926132         0.2894198463E-01     0.2920638653         0.5903291680         0.6792666907E-01     0.3067978864         0.9458405881         0.5555998252         0.4087267660E-01     0.1565092389    
    0.2534719906         0.8596908436E-01     0.9911920324E-01     0.9893588821         0.9999976317         0.9778755152E-01     0.1468528933         0.7069408302         0.6140064387E-01     0.1700685505    
    0.9233308915         0.1618106973E-02     0.5887676017E-01     0.2620177920         0.6126546041         0.7009953859E-01     0.1658924558         0.4432810149         0.8198734836         0.3562237493E-01
    0.3128275577         0.3661938215         0.7392658694E-01     0.2778075953         0.6150116005         0.1623765966E-01     0.4363631134E-01     0.1184678201         0.4333160450         0.5056831078E-01
    0.3860764304         0.1177557631    

                         INITIAL STEP LENGTH
    0.2000059094         0.1157679385E-01     0.1168255461         0.2361316672         0.2717066763E-01     0.1227191546         0.2433275295         0.2222399301         0.1634907064E-01     0.6260369556E-01
    0.1013887962         0.3438763374E-01     0.3964768130E-01     0.2085128943         0.2000018946         0.3911502061E-01     0.5874115732E-01     0.2827763321         0.2456025755E-01     0.6802742020E-01
    0.2613352868         0.6472427892E-03     0.2355070407E-01     0.1048071168         0.2450618416         0.2803981544E-01     0.6635698232E-01     0.1773124060         0.3279493934         0.1424894997E-01
    0.1251310231         0.1464775286         0.2957063478E-01     0.1111230381         0.2460046402         0.6495063864E-02     0.1745452454E-01     0.4738712804E-01     0.1733264180         0.2022732431E-01
    0.1544305722         0.4710230524E-01

                         LOWER BOUND
    0.7999940906         0.2315358770E-01     0.2336510922         0.4722633344         0.5434133526E-01     0.2454383091         0.7566724705         0.4444798602         0.3269814128E-01     0.1252073911    
    0.2027775925         0.6877526749E-01     0.7929536259E-01     0.7914871057         0.7999981054         0.7823004122E-01     0.1174823146         0.5655526642         0.4912051510E-01     0.1360548404    
    0.7386647132         0.1294485578E-02     0.4710140814E-01     0.2096142336         0.4901236833         0.5607963087E-01     0.1327139646         0.3546248119         0.6558987869         0.2849789994E-01
    0.2502620462         0.2929550572         0.5914126955E-01     0.2222460762         0.4920092804         0.1299012773E-01     0.3490904907E-01     0.9477425608E-01     0.3466528360         0.4045464862E-01
    0.3088611443         0.9420461048E-01

                         UPPER BOUND
     1.000000000         0.3473038156E-01     0.3504766384         0.7083950016         0.8151200288E-01     0.3681574637          1.000000000         0.6667197902         0.4904721192E-01     0.1878110867    
    0.3041663887         0.1031629012         0.1189430439          1.000000000          1.000000000         0.1173450618         0.1762234720         0.8483289962         0.7368077264E-01     0.2040822606    
     1.000000000         0.1941728368E-02     0.7065211220E-01     0.3144213504         0.7351855249         0.8411944631E-01     0.1990709470         0.5319372179         0.9838481803         0.4274684992E-01
    0.3753930692         0.4394325858         0.8871190433E-01     0.3333691144         0.7380139206         0.1948519159E-01     0.5236357361E-01     0.1421613841         0.5199792540         0.6068197294E-01
    0.4632917165         0.1413069157    

                         C VECTOR
     2.000000000          2.000000000          2.000000000          2.000000000          2.000000000          2.000000000          2.000000000          2.000000000          2.000000000          2.000000000    
     2.000000000          2.000000000          2.000000000          2.000000000          2.000000000          2.000000000          2.000000000          2.000000000          2.000000000          2.000000000    
     2.000000000          2.000000000          2.000000000          2.000000000          2.000000000          2.000000000          2.000000000          2.000000000          2.000000000          2.000000000    
     2.000000000          2.000000000          2.000000000          2.000000000          2.000000000          2.000000000          2.000000000          2.000000000          2.000000000          2.000000000    
     2.000000000          2.000000000    

  ****   END OF DRIVER ROUTINE OUTPUT   ****
  ****   BEFORE CALL TO SA.             ****
  

                         INITIAL X
    0.9999926132         0.2894198463E-01     0.2920638653         0.5903291680         0.6792666907E-01     0.3067978864         0.9458405881         0.5555998252         0.4087267660E-01     0.1565092389    
    0.2534719906         0.8596908436E-01     0.9911920324E-01     0.9893588821         0.9999976317         0.9778755152E-01     0.1468528933         0.7069408302         0.6140064387E-01     0.1700685505    
    0.9233308915         0.1618106973E-02     0.5887676017E-01     0.2620177920         0.6126546041         0.7009953859E-01     0.1658924558         0.4432810149         0.8198734836         0.3562237493E-01
    0.3128275577         0.3661938215         0.7392658694E-01     0.2778075953         0.6150116005         0.1623765966E-01     0.4363631134E-01     0.1184678201         0.4333160450         0.5056831078E-01
    0.3860764304         0.1177557631    
  INITIAL F: 
 0.104473618095342766    

 INTERMEDIATE RESULTS BEFORE NEXT TEMPERATURE REDUCTION

  CURRENT TEMPERATURE:              5.0000    
  MIN FUNCTION VALUE SO FAR:   0.170001933176165930E-01
  TOTAL MOVES:                     840
     DOWNHILL:                     619
     ACCEPTED UPHILL:              211
     REJECTED UPHILL:               10
  TRIALS OUT OF BOUNDS:            422
  NEW MINIMA THIS TEMPERATURE:       4

                         CURRENT OPTIMAL X
    0.9192293025         0.3373861011E-01     0.2996747041         0.5243835951         0.7606452340E-01     0.2737338424         0.8699793323         0.6144238062         0.4339404465E-01     0.1619468504    
    0.2166614905         0.8915877969E-01     0.1142461173         0.8443722896         0.9973041875         0.8787677409E-01     0.1392912282         0.6034629642         0.5726950715E-01     0.1388333539    
    0.9432247871         0.1551982427E-02     0.5970743504E-01     0.2282017429         0.5156253722         0.6830224416E-01     0.1900736857         0.3632734601         0.8352600291         0.4242356420E-01
    0.2617030824         0.4184922701         0.6625402694E-01     0.2586815776         0.7094165756         0.1734710658E-01     0.5071815551E-01     0.1128186591         0.3789620471         0.4389489398E-01
    0.3977598176         0.1006270339    

                         STEP LENGTH (VM)
    0.2000059094         0.1157679385E-01     0.1168255461         0.2361316672         0.2717066763E-01     0.1227191546         0.2433275295         0.2222399301         0.1634907064E-01     0.6260369556E-01
    0.1013887962         0.3438763374E-01     0.3964768130E-01     0.2085128943         0.2000018946         0.3911502061E-01     0.5874115732E-01     0.2827763321         0.2456025755E-01     0.6802742020E-01
    0.2613352868         0.6472427892E-03     0.2355070407E-01     0.1048071168         0.2450618416         0.2803981544E-01     0.6635698232E-01     0.1773124060         0.3279493934         0.1424894997E-01
    0.1251310231         0.1464775286         0.2957063478E-01     0.1111230381         0.2460046402         0.6495063864E-02     0.1745452454E-01     0.4738712804E-01     0.1733264180         0.2022732431E-01
    0.1544305722         0.4710230524E-01
 

 INTERMEDIATE RESULTS BEFORE NEXT TEMPERATURE REDUCTION

  CURRENT TEMPERATURE:              3.7500    
  MIN FUNCTION VALUE SO FAR:   0.121622479531684966E-01
  TOTAL MOVES:                     840
     DOWNHILL:                     634
     ACCEPTED UPHILL:              202
     REJECTED UPHILL:                4
  TRIALS OUT OF BOUNDS:            429
  NEW MINIMA THIS TEMPERATURE:       0

                         CURRENT OPTIMAL X
    0.9698188686         0.2709274104E-01     0.2701201155         0.4837316248         0.5619023028E-01     0.2913489529         0.8229036831         0.6040130917         0.3551327721E-01     0.1283594169    
    0.2479180628         0.7048571511E-01     0.1158554422         0.8492860439         0.9932840069         0.1155649258         0.1615962893         0.5658965523         0.5306891836E-01     0.2021280900    
    0.8165431525         0.1329990229E-02     0.6015922878E-01     0.2308680399         0.5283121146         0.5838732126E-01     0.1436058107         0.5090207960         0.8251263728         0.3151608969E-01
    0.2657243928         0.4268415127         0.7167216043E-01     0.2834025487         0.6727167981         0.1405692581E-01     0.4384848455E-01     0.1183736939         0.4238014801         0.5048168416E-01
    0.4128742955         0.1159173004    

                         STEP LENGTH (VM)
    0.2000059094         0.1157679385E-01     0.1168255461         0.2361316672         0.2717066763E-01     0.1227191546         0.2433275295         0.2222399301         0.1634907064E-01     0.6260369556E-01
    0.1013887962         0.3438763374E-01     0.3964768130E-01     0.2085128943         0.2000018946         0.3911502061E-01     0.5874115732E-01     0.2827763321         0.2456025755E-01     0.6802742020E-01
    0.2613352868         0.6472427892E-03     0.2355070407E-01     0.1048071168         0.2450618416         0.2803981544E-01     0.6635698232E-01     0.1773124060         0.3279493934         0.1424894997E-01
    0.1251310231         0.1464775286         0.2957063478E-01     0.1111230381         0.2460046402         0.6495063864E-02     0.1745452454E-01     0.4738712804E-01     0.1733264180         0.2022732431E-01
    0.1544305722         0.4710230524E-01
 

 INTERMEDIATE RESULTS BEFORE NEXT TEMPERATURE REDUCTION

  CURRENT TEMPERATURE:              2.8125    
  MIN FUNCTION VALUE SO FAR:   0.633471317868064977E-02
  TOTAL MOVES:                     840
     DOWNHILL:                     639
     ACCEPTED UPHILL:              192
     REJECTED UPHILL:                9
  TRIALS OUT OF BOUNDS:            437
  NEW MINIMA THIS TEMPERATURE:       0

                         CURRENT OPTIMAL X
    0.9980081685         0.3397413898E-01     0.3067225634         0.4837316248         0.5619023028E-01     0.2913489529         0.8229036831         0.6040130917         0.3551327721E-01     0.1283594169    
    0.2479180628         0.7048571511E-01     0.1158554422         0.8492860439         0.9932840069         0.1155649258         0.1615962893         0.5658965523         0.5306891836E-01     0.2021280900    
    0.8165431525         0.1329990229E-02     0.6015922878E-01     0.2308680399         0.5283121146         0.5838732126E-01     0.1436058107         0.5090207960         0.8251263728         0.3151608969E-01
    0.2657243928         0.4268415127         0.7167216043E-01     0.2834025487         0.6727167981         0.1405692581E-01     0.4384848455E-01     0.1183736939         0.4238014801         0.5048168416E-01
    0.4128742955         0.1159173004    

                         STEP LENGTH (VM)
    0.2000059094         0.1157679385E-01     0.1168255461         0.2361316672         0.2717066763E-01     0.1227191546         0.2433275295         0.2222399301         0.1634907064E-01     0.6260369556E-01
    0.1013887962         0.3438763374E-01     0.3964768130E-01     0.2085128943         0.2000018946         0.3911502061E-01     0.5874115732E-01     0.2827763321         0.2456025755E-01     0.6802742020E-01
    0.2613352868         0.6472427892E-03     0.2355070407E-01     0.1048071168         0.2450618416         0.2803981544E-01     0.6635698232E-01     0.1773124060         0.3279493934         0.1424894997E-01
    0.1251310231         0.1464775286         0.2957063478E-01     0.1111230381         0.2460046402         0.6495063864E-02     0.1745452454E-01     0.4738712804E-01     0.1733264180         0.2022732431E-01
    0.1544305722         0.4710230524E-01
 

 INTERMEDIATE RESULTS BEFORE NEXT TEMPERATURE REDUCTION

  CURRENT TEMPERATURE:              2.1094    
  MIN FUNCTION VALUE SO FAR:   0.633471317868064977E-02
  TOTAL MOVES:                     840
     DOWNHILL:                     629
     ACCEPTED UPHILL:              200
     REJECTED UPHILL:               11
  TRIALS OUT OF BOUNDS:            410
  NEW MINIMA THIS TEMPERATURE:       0

                         CURRENT OPTIMAL X
    0.9980081685         0.3397413898E-01     0.3067225634         0.4837316248         0.5619023028E-01     0.2913489529         0.8229036831         0.6040130917         0.3551327721E-01     0.1283594169    
    0.2479180628         0.7048571511E-01     0.1158554422         0.8492860439         0.9932840069         0.1155649258         0.1615962893         0.5658965523         0.5306891836E-01     0.2021280900    
    0.8165431525         0.1329990229E-02     0.6015922878E-01     0.2308680399         0.5283121146         0.5838732126E-01     0.1436058107         0.5090207960         0.8251263728         0.3151608969E-01
    0.2657243928         0.4268415127         0.7167216043E-01     0.2834025487         0.6727167981         0.1405692581E-01     0.4384848455E-01     0.1183736939         0.4238014801         0.5048168416E-01
    0.4128742955         0.1159173004    

                         STEP LENGTH (VM)
    0.2000059094         0.1157679385E-01     0.1168255461         0.2361316672         0.2717066763E-01     0.1227191546         0.2433275295         0.2222399301         0.1634907064E-01     0.6260369556E-01
    0.1013887962         0.3438763374E-01     0.3964768130E-01     0.2085128943         0.2000018946         0.3911502061E-01     0.5874115732E-01     0.2827763321         0.2456025755E-01     0.6802742020E-01
    0.2613352868         0.6472427892E-03     0.2355070407E-01     0.1048071168         0.2450618416         0.2803981544E-01     0.6635698232E-01     0.1773124060         0.3279493934         0.1424894997E-01
    0.1251310231         0.1464775286         0.2957063478E-01     0.1111230381         0.2460046402         0.6495063864E-02     0.1745452454E-01     0.4738712804E-01     0.1733264180         0.2022732431E-01
    0.1544305722         0.4710230524E-01
 

 INTERMEDIATE RESULTS BEFORE NEXT TEMPERATURE REDUCTION

  CURRENT TEMPERATURE:              1.5820    
  MIN FUNCTION VALUE SO FAR:   0.633471317868064977E-02
  TOTAL MOVES:                     840
     DOWNHILL:                     633
     ACCEPTED UPHILL:              203
     REJECTED UPHILL:                4
  TRIALS OUT OF BOUNDS:            413
  NEW MINIMA THIS TEMPERATURE:       0

                         CURRENT OPTIMAL X
    0.9980081685         0.3397413898E-01     0.3067225634         0.4837316248         0.5619023028E-01     0.2913489529         0.8229036831         0.6040130917         0.3551327721E-01     0.1283594169    
    0.2479180628         0.7048571511E-01     0.1158554422         0.8492860439         0.9932840069         0.1155649258         0.1615962893         0.5658965523         0.5306891836E-01     0.2021280900    
    0.8165431525         0.1329990229E-02     0.6015922878E-01     0.2308680399         0.5283121146         0.5838732126E-01     0.1436058107         0.5090207960         0.8251263728         0.3151608969E-01
    0.2657243928         0.4268415127         0.7167216043E-01     0.2834025487         0.6727167981         0.1405692581E-01     0.4384848455E-01     0.1183736939         0.4238014801         0.5048168416E-01
    0.4128742955         0.1159173004    

                         STEP LENGTH (VM)
    0.2000059094         0.1157679385E-01     0.1168255461         0.2361316672         0.2717066763E-01     0.1227191546         0.2433275295         0.2222399301         0.1634907064E-01     0.6260369556E-01
    0.1013887962         0.3438763374E-01     0.3964768130E-01     0.2085128943         0.2000018946         0.3911502061E-01     0.5874115732E-01     0.2827763321         0.2456025755E-01     0.6802742020E-01
    0.2613352868         0.6472427892E-03     0.2355070407E-01     0.1048071168         0.2450618416         0.2803981544E-01     0.6635698232E-01     0.1773124060         0.3279493934         0.1424894997E-01
    0.1251310231         0.1464775286         0.2957063478E-01     0.1111230381         0.2460046402         0.6495063864E-02     0.1745452454E-01     0.4738712804E-01     0.1733264180         0.2022732431E-01
    0.1544305722         0.4710230524E-01
 

 INTERMEDIATE RESULTS BEFORE NEXT TEMPERATURE REDUCTION

  CURRENT TEMPERATURE:              1.1865    
  MIN FUNCTION VALUE SO FAR:   0.323208866171111834E-02
  TOTAL MOVES:                     840
     DOWNHILL:                     608
     ACCEPTED UPHILL:              221
     REJECTED UPHILL:               11
  TRIALS OUT OF BOUNDS:            432
  NEW MINIMA THIS TEMPERATURE:       0

                         CURRENT OPTIMAL X
    0.9881685218         0.3358682751E-01     0.2871003998         0.5215587356         0.6957393012E-01     0.2657994859         0.8374175475         0.6429792495         0.4205867400E-01     0.1546161517    
    0.2332730848         0.9685730662E-01     0.1051429194         0.9621727034         0.9999423737         0.9063632110E-01     0.1611907680         0.6164003247         0.5009333588E-01     0.1423221867    
    0.9953785201         0.1930514356E-02     0.5195943177E-01     0.2916376435         0.6556130106         0.5905172948E-01     0.1564524235         0.3820345241         0.8814564732         0.3332146794E-01
    0.3152916830         0.3291745539         0.6974233694E-01     0.2612888256         0.6630863617         0.1875348486E-01     0.4912805600E-01     0.1024944963         0.3975338003         0.5594572340E-01
    0.3499591312         0.9683065161E-01

                         STEP LENGTH (VM)
    0.2000059094         0.1157679385E-01     0.1168255461         0.2361316672         0.2717066763E-01     0.1227191546         0.2433275295         0.2222399301         0.1634907064E-01     0.6260369556E-01
    0.1013887962         0.3438763374E-01     0.3964768130E-01     0.2085128943         0.2000018946         0.3911502061E-01     0.5874115732E-01     0.2827763321         0.2456025755E-01     0.6802742020E-01
    0.2613352868         0.6472427892E-03     0.2355070407E-01     0.1048071168         0.2450618416         0.2803981544E-01     0.6635698232E-01     0.1773124060         0.3279493934         0.1424894997E-01
    0.1251310231         0.1464775286         0.2957063478E-01     0.1111230381         0.2460046402         0.6495063864E-02     0.1745452454E-01     0.4738712804E-01     0.1733264180         0.2022732431E-01
    0.1544305722         0.4710230524E-01
 

 INTERMEDIATE RESULTS BEFORE NEXT TEMPERATURE REDUCTION

  CURRENT TEMPERATURE:             0.88989    
  MIN FUNCTION VALUE SO FAR:   0.198392502626531381E-02
  TOTAL MOVES:                     840
     DOWNHILL:                     632
     ACCEPTED UPHILL:              202
     REJECTED UPHILL:                6
  TRIALS OUT OF BOUNDS:            421
  NEW MINIMA THIS TEMPERATURE:       0

                         CURRENT OPTIMAL X
    0.9910515049         0.3310110594E-01     0.3284868469         0.6205717040         0.6957393012E-01     0.2657994859         0.8374175475         0.6429792495         0.4205867400E-01     0.1546161517    
    0.2332730848         0.9685730662E-01     0.1051429194         0.9621727034         0.9999423737         0.9063632110E-01     0.1611907680         0.6164003247         0.5009333588E-01     0.1423221867    
    0.9953785201         0.1930514356E-02     0.5195943177E-01     0.2916376435         0.6556130106         0.5905172948E-01     0.1564524235         0.3820345241         0.8814564732         0.3332146794E-01
    0.3152916830         0.3291745539         0.6974233694E-01     0.2612888256         0.6630863617         0.1875348486E-01     0.4912805600E-01     0.1024944963         0.3975338003         0.5594572340E-01
    0.3499591312         0.9683065161E-01

                         STEP LENGTH (VM)
    0.2000059094         0.1157679385E-01     0.1168255461         0.2361316672         0.2717066763E-01     0.1227191546         0.2433275295         0.2222399301         0.1634907064E-01     0.6260369556E-01
    0.1013887962         0.3438763374E-01     0.3964768130E-01     0.2085128943         0.2000018946         0.3911502061E-01     0.5874115732E-01     0.2827763321         0.2456025755E-01     0.6802742020E-01
    0.2613352868         0.6472427892E-03     0.2355070407E-01     0.1048071168         0.2450618416         0.2803981544E-01     0.6635698232E-01     0.1773124060         0.3279493934         0.1424894997E-01
    0.1251310231         0.1464775286         0.2957063478E-01     0.1111230381         0.2460046402         0.6495063864E-02     0.1745452454E-01     0.4738712804E-01     0.1733264180         0.2022732431E-01
    0.1544305722         0.4710230524E-01
 

 INTERMEDIATE RESULTS BEFORE NEXT TEMPERATURE REDUCTION

  CURRENT TEMPERATURE:             0.66742    
  MIN FUNCTION VALUE SO FAR:   0.198392502626531381E-02
  TOTAL MOVES:                     840
     DOWNHILL:                     633
     ACCEPTED UPHILL:              187
     REJECTED UPHILL:               20
  TRIALS OUT OF BOUNDS:            407
  NEW MINIMA THIS TEMPERATURE:       0

                         CURRENT OPTIMAL X
    0.9910515049         0.3310110594E-01     0.3284868469         0.6205717040         0.6957393012E-01     0.2657994859         0.8374175475         0.6429792495         0.4205867400E-01     0.1546161517    
    0.2332730848         0.9685730662E-01     0.1051429194         0.9621727034         0.9999423737         0.9063632110E-01     0.1611907680         0.6164003247         0.5009333588E-01     0.1423221867    
    0.9953785201         0.1930514356E-02     0.5195943177E-01     0.2916376435         0.6556130106         0.5905172948E-01     0.1564524235         0.3820345241         0.8814564732         0.3332146794E-01
    0.3152916830         0.3291745539         0.6974233694E-01     0.2612888256         0.6630863617         0.1875348486E-01     0.4912805600E-01     0.1024944963         0.3975338003         0.5594572340E-01
    0.3499591312         0.9683065161E-01

                         STEP LENGTH (VM)
    0.2000059094         0.1157679385E-01     0.1168255461         0.2361316672         0.2717066763E-01     0.1227191546         0.2433275295         0.2222399301         0.1634907064E-01     0.6260369556E-01
    0.1013887962         0.3438763374E-01     0.3964768130E-01     0.2085128943         0.2000018946         0.3911502061E-01     0.5874115732E-01     0.2827763321         0.2456025755E-01     0.6802742020E-01
    0.2613352868         0.6472427892E-03     0.2355070407E-01     0.1048071168         0.2450618416         0.2803981544E-01     0.6635698232E-01     0.1773124060         0.3279493934         0.1424894997E-01
    0.1251310231         0.1464775286         0.2957063478E-01     0.1111230381         0.2460046402         0.6495063864E-02     0.1745452454E-01     0.4738712804E-01     0.1733264180         0.2022732431E-01
    0.1544305722         0.4710230524E-01
 

 INTERMEDIATE RESULTS BEFORE NEXT TEMPERATURE REDUCTION

  CURRENT TEMPERATURE:             0.50056    
  MIN FUNCTION VALUE SO FAR:   0.198392502626531381E-02
  TOTAL MOVES:                     840
     DOWNHILL:                     625
     ACCEPTED UPHILL:              187
     REJECTED UPHILL:               28
  TRIALS OUT OF BOUNDS:            397
  NEW MINIMA THIS TEMPERATURE:       0

                         CURRENT OPTIMAL X
    0.9910515049         0.3310110594E-01     0.3284868469         0.6205717040         0.6957393012E-01     0.2657994859         0.8374175475         0.6429792495         0.4205867400E-01     0.1546161517    
    0.2332730848         0.9685730662E-01     0.1051429194         0.9621727034         0.9999423737         0.9063632110E-01     0.1611907680         0.6164003247         0.5009333588E-01     0.1423221867    
    0.9953785201         0.1930514356E-02     0.5195943177E-01     0.2916376435         0.6556130106         0.5905172948E-01     0.1564524235         0.3820345241         0.8814564732         0.3332146794E-01
    0.3152916830         0.3291745539         0.6974233694E-01     0.2612888256         0.6630863617         0.1875348486E-01     0.4912805600E-01     0.1024944963         0.3975338003         0.5594572340E-01
    0.3499591312         0.9683065161E-01

                         STEP LENGTH (VM)
    0.2000059094         0.1157679385E-01     0.1168255461         0.2361316672         0.2717066763E-01     0.1227191546         0.2433275295         0.2222399301         0.1634907064E-01     0.6260369556E-01
    0.1013887962         0.3438763374E-01     0.3964768130E-01     0.2085128943         0.1500014182         0.3911502061E-01     0.5874115732E-01     0.2827763321         0.2456025755E-01     0.6802742020E-01
    0.2613352868         0.6472427892E-03     0.2355070407E-01     0.1048071168         0.2450618416         0.2803981544E-01     0.6635698232E-01     0.1773124060         0.3279493934         0.1424894997E-01
    0.1251310231         0.1464775286         0.2957063478E-01     0.1111230381         0.2460046402         0.6495063864E-02     0.1745452454E-01     0.4738712804E-01     0.1733264180         0.2022732431E-01
    0.1544305722         0.4710230524E-01
 

 INTERMEDIATE RESULTS BEFORE NEXT TEMPERATURE REDUCTION

  CURRENT TEMPERATURE:             0.37542    
  MIN FUNCTION VALUE SO FAR:   0.198392502626531381E-02
  TOTAL MOVES:                     840
     DOWNHILL:                     627
     ACCEPTED UPHILL:              187
     REJECTED UPHILL:               26
  TRIALS OUT OF BOUNDS:            412
  NEW MINIMA THIS TEMPERATURE:       0

                         CURRENT OPTIMAL X
    0.9910515049         0.3310110594E-01     0.3284868469         0.6205717040         0.6957393012E-01     0.2657994859         0.8374175475         0.6429792495         0.4205867400E-01     0.1546161517    
    0.2332730848         0.9685730662E-01     0.1051429194         0.9621727034         0.9999423737         0.9063632110E-01     0.1611907680         0.6164003247         0.5009333588E-01     0.1423221867    
    0.9953785201         0.1930514356E-02     0.5195943177E-01     0.2916376435         0.6556130106         0.5905172948E-01     0.1564524235         0.3820345241         0.8814564732         0.3332146794E-01
    0.3152916830         0.3291745539         0.6974233694E-01     0.2612888256         0.6630863617         0.1875348486E-01     0.4912805600E-01     0.1024944963         0.3975338003         0.5594572340E-01
    0.3499591312         0.9683065161E-01

                         STEP LENGTH (VM)
    0.2000059094         0.1157679385E-01     0.1168255461         0.2361316672         0.2717066763E-01     0.1227191546         0.2433275295         0.2222399301         0.1634907064E-01     0.6260369556E-01
    0.1013887962         0.3438763374E-01     0.3964768130E-01     0.2085128943         0.1321440942         0.3911502061E-01     0.5874115732E-01     0.2827763321         0.2456025755E-01     0.6802742020E-01
    0.2613352868         0.6472427892E-03     0.2355070407E-01     0.1048071168         0.2450618416         0.2803981544E-01     0.6635698232E-01     0.1773124060         0.3279493934         0.1424894997E-01
    0.1251310231         0.1464775286         0.2957063478E-01     0.1111230381         0.2460046402         0.6495063864E-02     0.1745452454E-01     0.4738712804E-01     0.1733264180         0.2022732431E-01
    0.1544305722         0.4710230524E-01
 

 INTERMEDIATE RESULTS BEFORE NEXT TEMPERATURE REDUCTION

  CURRENT TEMPERATURE:             0.28157    
  MIN FUNCTION VALUE SO FAR:   0.198392502626531381E-02
  TOTAL MOVES:                     840
     DOWNHILL:                     616
     ACCEPTED UPHILL:              185
     REJECTED UPHILL:               39
  TRIALS OUT OF BOUNDS:            430
  NEW MINIMA THIS TEMPERATURE:       0

                         CURRENT OPTIMAL X
    0.9910515049         0.3310110594E-01     0.3284868469         0.6205717040         0.6957393012E-01     0.2657994859         0.8374175475         0.6429792495         0.4205867400E-01     0.1546161517    
    0.2332730848         0.9685730662E-01     0.1051429194         0.9621727034         0.9999423737         0.9063632110E-01     0.1611907680         0.6164003247         0.5009333588E-01     0.1423221867    
    0.9953785201         0.1930514356E-02     0.5195943177E-01     0.2916376435         0.6556130106         0.5905172948E-01     0.1564524235         0.3820345241         0.8814564732         0.3332146794E-01
    0.3152916830         0.3291745539         0.6974233694E-01     0.2612888256         0.6630863617         0.1875348486E-01     0.4912805600E-01     0.1024944963         0.3975338003         0.5594572340E-01
    0.3499591312         0.9683065161E-01

                         STEP LENGTH (VM)
    0.2000059094         0.1157679385E-01     0.1168255461         0.2361316672         0.2717066763E-01     0.1227191546         0.2433275295         0.2222399301         0.1634907064E-01     0.6260369556E-01
    0.1013887962         0.3438763374E-01     0.3964768130E-01     0.2085128943         0.7551091016E-01     0.3911502061E-01     0.5874115732E-01     0.2827763321         0.2456025755E-01     0.6802742020E-01
    0.2613352868         0.6472427892E-03     0.2355070407E-01     0.1048071168         0.2450618416         0.2803981544E-01     0.6635698232E-01     0.1773124060         0.3279493934         0.1424894997E-01
    0.1251310231         0.1464775286         0.2957063478E-01     0.1111230381         0.2460046402         0.6495063864E-02     0.1745452454E-01     0.4738712804E-01     0.1733264180         0.2022732431E-01
    0.1544305722         0.4710230524E-01
 

 INTERMEDIATE RESULTS BEFORE NEXT TEMPERATURE REDUCTION

  CURRENT TEMPERATURE:             0.21118    
  MIN FUNCTION VALUE SO FAR:   0.180717200278309744E-02
  TOTAL MOVES:                     840
     DOWNHILL:                     613
     ACCEPTED UPHILL:              194
     REJECTED UPHILL:               33
  TRIALS OUT OF BOUNDS:            408
  NEW MINIMA THIS TEMPERATURE:       0

                         CURRENT OPTIMAL X
    0.9910515049         0.2511560163E-01     0.3039176444         0.5672350648         0.5795736819E-01     0.2828999828         0.8015531819         0.6429792495         0.4333124035E-01     0.1491281653    
    0.2360878885         0.9934764475E-01     0.8023331583E-01     0.8396663122         0.9999423737         0.8441575367E-01     0.1185014503         0.6168349421         0.6217148084E-01     0.1736945676    
    0.8989123046         0.1386559955E-02     0.5705397430E-01     0.2933963714         0.5396607988         0.7741582562E-01     0.1470623887         0.4701278834         0.8814564732         0.2850782491E-01
    0.3069848264         0.3656116557         0.7340359513E-01     0.3176318586         0.5364603404         0.1891073871E-01     0.3759258551E-01     0.1390337610         0.4522316985         0.5594572340E-01
    0.3499591312         0.9683065161E-01

                         STEP LENGTH (VM)
    0.2000059094         0.1157679385E-01     0.1168255461         0.2361316672         0.2717066763E-01     0.1227191546         0.2433275295         0.2222399301         0.1634907064E-01     0.6260369556E-01
    0.1013887962         0.3438763374E-01     0.3964768130E-01     0.2085128943         0.5663317406E-01     0.3911502061E-01     0.5874115732E-01     0.2827763321         0.2456025755E-01     0.6802742020E-01
    0.2613352868         0.6472427892E-03     0.2355070407E-01     0.1048071168         0.2450618416         0.2803981544E-01     0.6635698232E-01     0.1773124060         0.3279493934         0.1424894997E-01
    0.1251310231         0.1464775286         0.2957063478E-01     0.1111230381         0.2460046402         0.6495063864E-02     0.1745452454E-01     0.4738712804E-01     0.1733264180         0.2022732431E-01
    0.1544305722         0.4710230524E-01
 

 INTERMEDIATE RESULTS BEFORE NEXT TEMPERATURE REDUCTION

  CURRENT TEMPERATURE:             0.15838    
  MIN FUNCTION VALUE SO FAR:   0.998890276686959910E-03
  TOTAL MOVES:                     840
     DOWNHILL:                     605
     ACCEPTED UPHILL:              187
     REJECTED UPHILL:               48
  TRIALS OUT OF BOUNDS:            426
  NEW MINIMA THIS TEMPERATURE:       1

                         CURRENT OPTIMAL X
    0.9965216801         0.2688084434E-01     0.3300680764         0.6712047921         0.6904033306E-01     0.2850367330         0.7968601553         0.6651510299         0.3413474681E-01     0.1545613662    
    0.3015029018         0.9527315307E-01     0.1108529060         0.9068709039         0.9999423737         0.7938324219E-01     0.1594273586         0.6339089888         0.6557741638E-01     0.1389173886    
    0.8092104065         0.1473021637E-02     0.5942340825E-01     0.2407810962         0.5541111984         0.8122344047E-01     0.1869170530         0.5159646270         0.9040396725         0.3765302332E-01
    0.3229520762         0.3644493496         0.8668245991E-01     0.2624460746         0.7052110018         0.1340008266E-01     0.3504324961E-01     0.1061154567         0.4174851529         0.4127954077E-01
    0.4558679422         0.9505658215E-01

                         STEP LENGTH (VM)
    0.2000059094         0.1157679385E-01     0.1168255461         0.2361316672         0.2717066763E-01     0.1227191546         0.2433275295         0.2222399301         0.1634907064E-01     0.6260369556E-01
    0.1013887962         0.3438763374E-01     0.3964768130E-01     0.2085128943         0.5525051564E-01     0.3911502061E-01     0.5874115732E-01     0.2827763321         0.2456025755E-01     0.6802742020E-01
    0.2613352868         0.6472427892E-03     0.2355070407E-01     0.1048071168         0.2450618416         0.2803981544E-01     0.6635698232E-01     0.1773124060         0.2459620405         0.1424894997E-01
    0.1251310231         0.1464775286         0.2957063478E-01     0.1111230381         0.2460046402         0.6495063864E-02     0.1745452454E-01     0.4738712804E-01     0.1733264180         0.2022732431E-01
    0.1544305722         0.4710230524E-01
 

 INTERMEDIATE RESULTS BEFORE NEXT TEMPERATURE REDUCTION

  CURRENT TEMPERATURE:             0.11879    
  MIN FUNCTION VALUE SO FAR:   0.998890276686959910E-03
  TOTAL MOVES:                     840
     DOWNHILL:                     602
     ACCEPTED UPHILL:              197
     REJECTED UPHILL:               41
  TRIALS OUT OF BOUNDS:            422
  NEW MINIMA THIS TEMPERATURE:       0

                         CURRENT OPTIMAL X
    0.9965216801         0.2688084434E-01     0.3300680764         0.6712047921         0.6904033306E-01     0.2850367330         0.7968601553         0.6651510299         0.3413474681E-01     0.1545613662    
    0.3015029018         0.9527315307E-01     0.1108529060         0.9068709039         0.9999423737         0.7938324219E-01     0.1594273586         0.6339089888         0.6557741638E-01     0.1389173886    
    0.8092104065         0.1473021637E-02     0.5942340825E-01     0.2407810962         0.5541111984         0.8122344047E-01     0.1869170530         0.5159646270         0.9040396725         0.3765302332E-01
    0.3229520762         0.3644493496         0.8668245991E-01     0.2624460746         0.7052110018         0.1340008266E-01     0.3504324961E-01     0.1061154567         0.4174851529         0.4127954077E-01
    0.4558679422         0.9505658215E-01

                         STEP LENGTH (VM)
    0.2000059094         0.1157679385E-01     0.1168255461         0.2361316672         0.2717066763E-01     0.1227191546         0.2433275295         0.1008748586         0.1634907064E-01     0.6260369556E-01
    0.1013887962         0.3438763374E-01     0.3964768130E-01     0.2085128943         0.6840539528E-01     0.3911502061E-01     0.5874115732E-01     0.2827763321         0.2456025755E-01     0.6802742020E-01
    0.2613352868         0.6472427892E-03     0.2355070407E-01     0.1048071168         0.2450618416         0.2803981544E-01     0.6635698232E-01     0.1773124060         0.2459620079         0.1424894997E-01
    0.1251310231         0.1464775286         0.2957063478E-01     0.1111230381         0.2460046402         0.6495063864E-02     0.1745452454E-01     0.4738712804E-01     0.1733264180         0.2022732431E-01
    0.1544305722         0.4710230524E-01
 

 INTERMEDIATE RESULTS BEFORE NEXT TEMPERATURE REDUCTION

  CURRENT TEMPERATURE:             0.89090E-01
  MIN FUNCTION VALUE SO FAR:   0.998890276686959910E-03
  TOTAL MOVES:                     840
     DOWNHILL:                     585
     ACCEPTED UPHILL:              202
     REJECTED UPHILL:               53
  TRIALS OUT OF BOUNDS:            406
  NEW MINIMA THIS TEMPERATURE:       0

                         CURRENT OPTIMAL X
    0.9965216801         0.2688084434E-01     0.3300680764         0.6712047921         0.6904033306E-01     0.2850367330         0.7968601553         0.6651510299         0.3413474681E-01     0.1545613662    
    0.3015029018         0.9527315307E-01     0.1108529060         0.9068709039         0.9999423737         0.7938324219E-01     0.1594273586         0.6339089888         0.6557741638E-01     0.1389173886    
    0.8092104065         0.1473021637E-02     0.5942340825E-01     0.2407810962         0.5541111984         0.8122344047E-01     0.1869170530         0.5159646270         0.9040396725         0.3765302332E-01
    0.3229520762         0.3644493496         0.8668245991E-01     0.2624460746         0.7052110018         0.1340008266E-01     0.3504324961E-01     0.1061154567         0.4174851529         0.4127954077E-01
    0.4558679422         0.9505658215E-01

                         STEP LENGTH (VM)
    0.2000059094         0.1157679385E-01     0.1168255461         0.2361316672         0.2717066763E-01     0.1227191546         0.2433275295         0.1030211011         0.1634907064E-01     0.6260369556E-01
    0.1013887962         0.3438763374E-01     0.3964768130E-01     0.2085128943         0.3908879252E-01     0.3911502061E-01     0.5874115732E-01     0.2827763321         0.2456025755E-01     0.6802742020E-01
    0.2613352868         0.6472427892E-03     0.2355070407E-01     0.1048071168         0.2450618416         0.2803981544E-01     0.6635698232E-01     0.1773124060         0.1227412599         0.1424894997E-01
    0.1251310231         0.1464775286         0.2957063478E-01     0.1111230381         0.2460046402         0.6495063864E-02     0.1745452454E-01     0.4738712804E-01     0.1733264180         0.2022732431E-01
    0.1544305722         0.4710230524E-01
 

 INTERMEDIATE RESULTS BEFORE NEXT TEMPERATURE REDUCTION

  CURRENT TEMPERATURE:             0.66817E-01
  MIN FUNCTION VALUE SO FAR:   0.954458991758443532E-03
  TOTAL MOVES:                     840
     DOWNHILL:                     598
     ACCEPTED UPHILL:              190
     REJECTED UPHILL:               52
  TRIALS OUT OF BOUNDS:            407
  NEW MINIMA THIS TEMPERATURE:       0

                         CURRENT OPTIMAL X
    0.9965216801         0.2824199887E-01     0.3300680764         0.7008831922         0.6588556069E-01     0.2455996041         0.8406921367         0.6651510299         0.3696330231E-01     0.1271480620    
    0.2302898620         0.9537426293E-01     0.1100508738         0.8032354262         0.9999423737         0.1149483797         0.1626437675         0.7359388773         0.5781394675E-01     0.1887038743    
    0.9654765530         0.1473021637E-02     0.6029176068E-01     0.3006920010         0.6576620413         0.7510081827E-01     0.1692156175         0.3689044014         0.9040396725         0.4025645820E-01
    0.3366214408         0.4117670413         0.7727563809E-01     0.2917608713         0.6733463402         0.1547718098E-01     0.3504324961E-01     0.1061154567         0.4174851529         0.4127954077E-01
    0.4558679422         0.9505658215E-01

                         STEP LENGTH (VM)
    0.2000059094         0.1157679385E-01     0.1168255461         0.2361316672         0.2717066763E-01     0.1227191546         0.2433275295         0.5635341584E-01     0.1634907064E-01     0.6260369556E-01
    0.1013887962         0.3438763374E-01     0.3964768130E-01     0.2085128943         0.1702253680E-01     0.3911502061E-01     0.5874115732E-01     0.2827763321         0.2456025755E-01     0.6802742020E-01
    0.2613352868         0.6472427892E-03     0.2355070407E-01     0.1048071168         0.2450618416         0.2803981544E-01     0.6635698232E-01     0.1773124060         0.7961595128E-01     0.1424894997E-01
    0.1251310231         0.1464775286         0.2957063478E-01     0.1111230381         0.2460046402         0.6495063864E-02     0.1745452454E-01     0.4738712804E-01     0.1733264180         0.2022732431E-01
    0.1544305722         0.4710230524E-01
 

 INTERMEDIATE RESULTS BEFORE NEXT TEMPERATURE REDUCTION

  CURRENT TEMPERATURE:             0.50113E-01
  MIN FUNCTION VALUE SO FAR:   0.897864831613103963E-03
  TOTAL MOVES:                     840
     DOWNHILL:                     620
     ACCEPTED UPHILL:              156
     REJECTED UPHILL:               64
  TRIALS OUT OF BOUNDS:            413
  NEW MINIMA THIS TEMPERATURE:       3

                         CURRENT OPTIMAL X
    0.9965216801         0.3225205976E-01     0.2406628048         0.5411037454         0.6848443875E-01     0.2726898104         0.9823712149         0.6651510299         0.3464045252E-01     0.1556664638    
    0.2385704649         0.1017871082         0.1148985291         0.9533924810         0.9999423737         0.9197710482E-01     0.1373089909         0.6374983159         0.6139200976E-01     0.1774783308    
    0.7734248340         0.1474985445E-02     0.6808992348E-01     0.3055403782         0.7054543133         0.7206762684E-01     0.1849657075         0.4279689959         0.9040396725         0.3443634198E-01
    0.2699781589         0.4117670413         0.7909997665E-01     0.2413680536         0.6907197892         0.1550907324E-01     0.3500139030E-01     0.1168808477         0.4649039105         0.5142038172E-01
    0.3233556435         0.9837990361E-01

                         STEP LENGTH (VM)
    0.2000059094         0.1157679385E-01     0.1168255461         0.2361316672         0.2717066763E-01     0.1227191546         0.2433275295         0.4293593142E-01     0.1634907064E-01     0.6260369556E-01
    0.1013887962         0.3438763374E-01     0.3964768130E-01     0.2085128943         0.8692358179E-02     0.3911502061E-01     0.5874115732E-01     0.2827763321         0.2456025755E-01     0.6802742020E-01
    0.2613352868         0.6472427892E-03     0.2355070407E-01     0.1048071168         0.2450618416         0.2803981544E-01     0.6635698232E-01     0.1773124060         0.8387522887E-01     0.1424894997E-01
    0.1251310231         0.1464775286         0.2957063478E-01     0.1111230381         0.2460046402         0.6495063864E-02     0.1745452454E-01     0.4738712804E-01     0.1733264180         0.2022732431E-01
    0.1544305722         0.4710230524E-01
 

 INTERMEDIATE RESULTS BEFORE NEXT TEMPERATURE REDUCTION

  CURRENT TEMPERATURE:             0.37585E-01
  MIN FUNCTION VALUE SO FAR:   0.857591169904020102E-03
  TOTAL MOVES:                     840
     DOWNHILL:                     608
     ACCEPTED UPHILL:              172
     REJECTED UPHILL:               60
  TRIALS OUT OF BOUNDS:            421
  NEW MINIMA THIS TEMPERATURE:       0

                         CURRENT OPTIMAL X
    0.9965216801         0.3325771324E-01     0.2645337579         0.6753635525         0.6848443875E-01     0.2726898104         0.9823712149         0.6651510299         0.3464045252E-01     0.1556664638    
    0.2385704649         0.1017871082         0.1148985291         0.9533924810         0.9999423737         0.9197710482E-01     0.1373089909         0.6374983159         0.6139200976E-01     0.1774783308    
    0.7734248340         0.1474985445E-02     0.6808992348E-01     0.3055403782         0.7054543133         0.7206762684E-01     0.1849657075         0.4279689959         0.9040396725         0.3443634198E-01
    0.2699781589         0.4117670413         0.7909997665E-01     0.2413680536         0.6907197892         0.1550907324E-01     0.3500139030E-01     0.1168808477         0.4649039105         0.5142038172E-01
    0.3233556435         0.9837990361E-01

                         STEP LENGTH (VM)
    0.1777830262         0.1157679385E-01     0.1168255461         0.2361316672         0.2717066763E-01     0.1227191546         0.2433275295         0.3220194551E-01     0.1634907064E-01     0.6260369556E-01
    0.1013887962         0.3438763374E-01     0.3964768130E-01     0.2085128943         0.8250947436E-02     0.3911502061E-01     0.5874115732E-01     0.2827763321         0.2456025755E-01     0.6802742020E-01
    0.2613352868         0.6472427892E-03     0.2355070407E-01     0.1048071168         0.2450618416         0.2803981544E-01     0.6635698232E-01     0.1773124060         0.3136896633E-01     0.1424894997E-01
    0.1251310231         0.1464775286         0.2957063478E-01     0.1111230381         0.2460046402         0.6495063864E-02     0.1745452454E-01     0.4738712804E-01     0.1733264180         0.2022732431E-01
    0.1544305722         0.4710230524E-01
 

 INTERMEDIATE RESULTS BEFORE NEXT TEMPERATURE REDUCTION

  CURRENT TEMPERATURE:             0.28189E-01
  MIN FUNCTION VALUE SO FAR:   0.857591169904020102E-03
  TOTAL MOVES:                     840
     DOWNHILL:                     607
     ACCEPTED UPHILL:              161
     REJECTED UPHILL:               72
  TRIALS OUT OF BOUNDS:            383
  NEW MINIMA THIS TEMPERATURE:       0

                         CURRENT OPTIMAL X
    0.9965216801         0.3325771324E-01     0.2645337579         0.6753635525         0.6848443875E-01     0.2726898104         0.9823712149         0.6651510299         0.3464045252E-01     0.1556664638    
    0.2385704649         0.1017871082         0.1148985291         0.9533924810         0.9999423737         0.9197710482E-01     0.1373089909         0.6374983159         0.6139200976E-01     0.1774783308    
    0.7734248340         0.1474985445E-02     0.6808992348E-01     0.3055403782         0.7054543133         0.7206762684E-01     0.1849657075         0.4279689959         0.9040396725         0.3443634198E-01
    0.2699781589         0.4117670413         0.7909997665E-01     0.2413680536         0.6907197892         0.1550907324E-01     0.3500139030E-01     0.1168808477         0.4649039105         0.5142038172E-01
    0.3233556435         0.9837990361E-01

                         STEP LENGTH (VM)
    0.2000059094         0.1157679385E-01     0.1168255461         0.2361316672         0.2717066763E-01     0.1227191546         0.2433275295         0.2161944716E-01     0.1634907064E-01     0.6260369556E-01
    0.1013887962         0.3438763374E-01     0.3964768130E-01     0.2085128943         0.1094581174E-01     0.3911502061E-01     0.5874115732E-01     0.2827763321         0.2456025755E-01     0.6802742020E-01
    0.2613352868         0.6472427892E-03     0.2355070407E-01     0.1048071168         0.2450618416         0.2803981544E-01     0.6635698232E-01     0.1773124060         0.2788352493E-01     0.1424894997E-01
    0.1251310231         0.1464775286         0.2957063478E-01     0.1111230381         0.2460046402         0.6495063864E-02     0.1745452454E-01     0.4738712804E-01     0.1733264180         0.2022732431E-01
    0.1544305722         0.4710230524E-01
 

 INTERMEDIATE RESULTS BEFORE NEXT TEMPERATURE REDUCTION

  CURRENT TEMPERATURE:             0.21141E-01
  MIN FUNCTION VALUE SO FAR:   0.856219288202785390E-03
  TOTAL MOVES:                     840
     DOWNHILL:                     590
     ACCEPTED UPHILL:              175
     REJECTED UPHILL:               75
  TRIALS OUT OF BOUNDS:            387
  NEW MINIMA THIS TEMPERATURE:       0

                         CURRENT OPTIMAL X
    0.9965216801         0.3258547568E-01     0.2645337579         0.6753635525         0.6848443875E-01     0.2726898104         0.9823712149         0.6651510299         0.3464045252E-01     0.1556664638    
    0.2385704649         0.1017871082         0.1148985291         0.9533924810         0.9999423737         0.9197710482E-01     0.1373089909         0.6374983159         0.6139200976E-01     0.1774783308    
    0.7734248340         0.1474985445E-02     0.6808992348E-01     0.3055403782         0.7054543133         0.7206762684E-01     0.1849657075         0.4279689959         0.9040396725         0.3443634198E-01
    0.2699781589         0.4117670413         0.7909997665E-01     0.2413680536         0.6907197892         0.1550907324E-01     0.3500139030E-01     0.1168808477         0.4649039105         0.5142038172E-01
    0.3233556435         0.9837990361E-01

                         STEP LENGTH (VM)
    0.2000059094         0.1157679385E-01     0.1168255461         0.2361316672         0.2717066763E-01     0.1227191546         0.2433275295         0.1138802049E-01     0.1634907064E-01     0.6260369556E-01
    0.1013887962         0.3438763374E-01     0.3964768130E-01     0.2085128943         0.6985360434E-02     0.3911502061E-01     0.5874115732E-01     0.2827763321         0.2456025755E-01     0.6802742020E-01
    0.2613352868         0.6472427892E-03     0.2355070407E-01     0.1048071168         0.2450618416         0.2803981544E-01     0.6635698232E-01     0.1773124060         0.1898452570E-01     0.1424894997E-01
    0.1251310231         0.1464775286         0.2957063478E-01     0.1111230381         0.2460046402         0.6495063864E-02     0.1745452454E-01     0.4738712804E-01     0.1733264180         0.2022732431E-01
    0.1544305722         0.4710230524E-01
 

 INTERMEDIATE RESULTS BEFORE NEXT TEMPERATURE REDUCTION

  CURRENT TEMPERATURE:             0.15856E-01
  MIN FUNCTION VALUE SO FAR:   0.853994378724608487E-03
  TOTAL MOVES:                     840
     DOWNHILL:                     581
     ACCEPTED UPHILL:              168
     REJECTED UPHILL:               91
  TRIALS OUT OF BOUNDS:            376
  NEW MINIMA THIS TEMPERATURE:       0

                         CURRENT OPTIMAL X
    0.9965038936         0.3439195256E-01     0.2645337579         0.6753635525         0.6848443875E-01     0.2726898104         0.9823712149         0.6651510299         0.3464045252E-01     0.1556664638    
    0.2385704649         0.1017871082         0.1148985291         0.9533924810         0.9999423737         0.9197710482E-01     0.1373089909         0.6374983159         0.6139200976E-01     0.1774783308    
    0.7734248340         0.1474985445E-02     0.6808992348E-01     0.3055403782         0.7054543133         0.7206762684E-01     0.1849657075         0.4279689959         0.9040396725         0.3443634198E-01
    0.2699781589         0.4117670413         0.7909997665E-01     0.2413680536         0.6907197892         0.1550907324E-01     0.3500139030E-01     0.1168808477         0.4649039105         0.5142038172E-01
    0.3233556435         0.9837990361E-01

                         STEP LENGTH (VM)
    0.5888615344E-01     0.1157679385E-01     0.1168255461         0.2361316672         0.2717066763E-01     0.1227191546         0.2433275295         0.4004578195E-02     0.1634907064E-01     0.6260369556E-01
    0.1013887962         0.3438763374E-01     0.3964768130E-01     0.2085128943         0.4189799973E-02     0.3911502061E-01     0.5874115732E-01     0.2827763321         0.2456025755E-01     0.6802742020E-01
    0.2613352868         0.6472427892E-03     0.2355070407E-01     0.1048071168         0.2450618416         0.2803981544E-01     0.6635698232E-01     0.1773124060         0.1898452318E-01     0.1424894997E-01
    0.1251310231         0.1464775286         0.2957063478E-01     0.1111230381         0.2460046402         0.6495063864E-02     0.1745452454E-01     0.4738712804E-01     0.1733264180         0.2022732431E-01
    0.1544305722         0.4710230524E-01
 

 INTERMEDIATE RESULTS BEFORE NEXT TEMPERATURE REDUCTION

  CURRENT TEMPERATURE:             0.11892E-01
  MIN FUNCTION VALUE SO FAR:   0.846222275985919654E-03
  TOTAL MOVES:                     840
     DOWNHILL:                     591
     ACCEPTED UPHILL:              150
     REJECTED UPHILL:               99
  TRIALS OUT OF BOUNDS:            376
  NEW MINIMA THIS TEMPERATURE:       0

                         CURRENT OPTIMAL X
    0.9965038936         0.2566406079E-01     0.2751544400         0.4961456402         0.6049075699E-01     0.2571848907         0.8439058403         0.6651510299         0.3464045252E-01     0.1430419122    
    0.2856354120         0.8038573964E-01     0.1187340910         0.9301378445         0.9999423737         0.9124537169E-01     0.1594546858         0.7769410355         0.6586916541E-01     0.1766809155    
    0.8942696247         0.1457990613E-02     0.5249978552E-01     0.2728569585         0.6863566504         0.6512559475E-01     0.1481041803         0.5018236875         0.9040396725         0.3906692188E-01
    0.2673220844         0.2958346389         0.6942555258E-01     0.3244628669         0.6922003142         0.1471669301E-01     0.3980992037E-01     0.1168808477         0.4649039105         0.5142038172E-01
    0.3233556435         0.9837990361E-01

                         STEP LENGTH (VM)
    0.2523692216E-01     0.1157679385E-01     0.1168255461         0.2361316672         0.2717066763E-01     0.1227191546         0.2433275295         0.4545737008E-02     0.1634907064E-01     0.6260369556E-01
    0.1013887962         0.3438763374E-01     0.3964768130E-01     0.2085128943         0.2717707692E-02     0.3911502061E-01     0.5874115732E-01     0.2827763321         0.2456025755E-01     0.6802742020E-01
    0.2613352868         0.6472427892E-03     0.2355070407E-01     0.1048071168         0.2450618416         0.2803981544E-01     0.6635698232E-01     0.1773124060         0.8617088254E-02     0.1424894997E-01
    0.1251310231         0.1464775286         0.2957063478E-01     0.1111230381         0.2460046402         0.6495063864E-02     0.1745452454E-01     0.4738712804E-01     0.1733264180         0.2022732431E-01
    0.1544305722         0.4710230524E-01
 

 INTERMEDIATE RESULTS BEFORE NEXT TEMPERATURE REDUCTION

  CURRENT TEMPERATURE:             0.89190E-02
  MIN FUNCTION VALUE SO FAR:   0.632359514061062254E-03
  TOTAL MOVES:                     840
     DOWNHILL:                     572
     ACCEPTED UPHILL:              146
     REJECTED UPHILL:              122
  TRIALS OUT OF BOUNDS:            387
  NEW MINIMA THIS TEMPERATURE:       1

                         CURRENT OPTIMAL X
    0.9965038936         0.2842390890E-01     0.2511596716         0.6828368398         0.7119961621E-01     0.2754967344         0.9943772006         0.6651510299         0.3464045252E-01     0.1369875705    
    0.2776067580         0.9792721415E-01     0.1001821147         0.9919108677         0.9999423737         0.8318752473E-01     0.1312153421         0.7645335220         0.5251122163E-01     0.2004327827    
    0.8950957712         0.1764898143E-02     0.5166643654E-01     0.2940119187         0.6500871176         0.6349917102E-01     0.1351302342         0.3874202622         0.9040396725         0.3600863991E-01
    0.3624300440         0.3093336219         0.6942555258E-01     0.3244628669         0.6922003142         0.1471669301E-01     0.3980992037E-01     0.1168808477         0.4649039105         0.5142038172E-01
    0.3233556435         0.9837990361E-01

                         STEP LENGTH (VM)
    0.2182652494E-01     0.1157679385E-01     0.1168255461         0.2361316672         0.2717066763E-01     0.1227191546         0.2433275295         0.1474292971E-02     0.1634907064E-01     0.6260369556E-01
    0.1013887962         0.3438763374E-01     0.3964768130E-01     0.2085128943         0.2089288521E-02     0.3911502061E-01     0.5874115732E-01     0.2827763321         0.2456025755E-01     0.6802742020E-01
    0.2613352868         0.6472427892E-03     0.2355070407E-01     0.1048071168         0.2450618416         0.2803981544E-01     0.6635698232E-01     0.1773124060         0.6462815445E-02     0.1424894997E-01
    0.1251310231         0.1464775286         0.2957063478E-01     0.1111230381         0.2460046402         0.4871297807E-02     0.1745452454E-01     0.4738712804E-01     0.1733264180         0.2022732431E-01
    0.1544305722         0.4710230524E-01
 

 INTERMEDIATE RESULTS BEFORE NEXT TEMPERATURE REDUCTION

  CURRENT TEMPERATURE:             0.66893E-02
  MIN FUNCTION VALUE SO FAR:   0.523491248539121419E-03
  TOTAL MOVES:                     840
     DOWNHILL:                     560
     ACCEPTED UPHILL:              151
     REJECTED UPHILL:              129
  TRIALS OUT OF BOUNDS:            413
  NEW MINIMA THIS TEMPERATURE:       3

                         CURRENT OPTIMAL X
    0.9965038936         0.3439743347E-01     0.3024927908         0.6213770494         0.7190065478E-01     0.2933458254         0.9312810685         0.6650426361         0.3464045252E-01     0.1274860736    
    0.2980272151         0.8787442006E-01     0.9007060437E-01     0.9035613372         0.9999423737         0.1102584402         0.1717351234         0.7058974517         0.7293417209E-01     0.2007018072    
    0.7474340916         0.1658648455E-02     0.5101669843E-01     0.3095546446         0.6037693461         0.8000563534E-01     0.1705341534         0.4797476207         0.9040396725         0.3567418415E-01
    0.2879956606         0.4180446537         0.6556134590E-01     0.2908578435         0.6739601635         0.1411297169E-01     0.3980992037E-01     0.1285265201         0.3763788070         0.4737501717E-01
    0.3833639844         0.1024212754    

                         STEP LENGTH (VM)
    0.4647526879E-02     0.1157679385E-01     0.1168255461         0.2361316672         0.2717066763E-01     0.1227191546         0.2433275295         0.1399426204E-02     0.1634907064E-01     0.6260369556E-01
    0.1013887962         0.3438763374E-01     0.3964768130E-01     0.2085128943         0.1061225759E-02     0.3911502061E-01     0.5874115732E-01     0.2827763321         0.2456025755E-01     0.6802742020E-01
    0.2613352868         0.6472427892E-03     0.2355070407E-01     0.1048071168         0.2450618416         0.2803981544E-01     0.6635698232E-01     0.1773124060         0.2944243101E-02     0.1424894997E-01
    0.1251310231         0.1464775286         0.2957063478E-01     0.1111230381         0.2460046402         0.5480209443E-02     0.1745452454E-01     0.4738712804E-01     0.1733264180         0.2022732431E-01
    0.1544305722         0.4710230524E-01
 

 INTERMEDIATE RESULTS BEFORE NEXT TEMPERATURE REDUCTION

  CURRENT TEMPERATURE:             0.50170E-02
  MIN FUNCTION VALUE SO FAR:   0.523491248539121419E-03
  TOTAL MOVES:                     840
     DOWNHILL:                     571
     ACCEPTED UPHILL:              140
     REJECTED UPHILL:              129
  TRIALS OUT OF BOUNDS:            394
  NEW MINIMA THIS TEMPERATURE:       0

                         CURRENT OPTIMAL X
    0.9965038936         0.3439743347E-01     0.3024927908         0.6213770494         0.7190065478E-01     0.2933458254         0.9312810685         0.6650426361         0.3464045252E-01     0.1274860736    
    0.2980272151         0.8787442006E-01     0.9007060437E-01     0.9035613372         0.9999423737         0.1102584402         0.1717351234         0.7058974517         0.7293417209E-01     0.2007018072    
    0.7474340916         0.1658648455E-02     0.5101669843E-01     0.3095546446         0.6037693461         0.8000563534E-01     0.1705341534         0.4797476207         0.9040396725         0.3567418415E-01
    0.2879956606         0.4180446537         0.6556134590E-01     0.2908578435         0.6739601635         0.1411297169E-01     0.3980992037E-01     0.1285265201         0.3763788070         0.4737501717E-01
    0.3833639844         0.1024212754    

                         STEP LENGTH (VM)
    0.5935015606E-02     0.1157679385E-01     0.1168255461         0.2361316672         0.2717066763E-01     0.1227191546         0.2433275295         0.8068763385E-03     0.1634907064E-01     0.6260369556E-01
    0.1013887962         0.3438763374E-01     0.3964768130E-01     0.2085128943         0.1655001014E-03     0.3911502061E-01     0.5874115732E-01     0.2827763321         0.2456025755E-01     0.6802742020E-01
    0.2613352868         0.6472427892E-03     0.2355070407E-01     0.1048071168         0.2450618416         0.2803981544E-01     0.6635698232E-01     0.1773124060         0.3404280741E-02     0.1424894997E-01
    0.1251310231         0.1464775286         0.2957063478E-01     0.1111230381         0.2460046402         0.6165234960E-02     0.1309089316E-01     0.4738712804E-01     0.1733264180         0.2022732431E-01
    0.1544305722         0.4710230524E-01
 

 INTERMEDIATE RESULTS BEFORE NEXT TEMPERATURE REDUCTION

  CURRENT TEMPERATURE:             0.37627E-02
  MIN FUNCTION VALUE SO FAR:   0.522451483223685190E-03
  TOTAL MOVES:                     840
     DOWNHILL:                     545
     ACCEPTED UPHILL:              154
     REJECTED UPHILL:              141
  TRIALS OUT OF BOUNDS:            380
  NEW MINIMA THIS TEMPERATURE:       0

                         CURRENT OPTIMAL X
    0.9965038936         0.3465128196E-01     0.3024927908         0.6213770494         0.7190065478E-01     0.2933458254         0.9312810685         0.6650426361         0.3464045252E-01     0.1274860736    
    0.2980272151         0.8787442006E-01     0.9007060437E-01     0.9035613372         0.9999423737         0.1102584402         0.1717351234         0.7058974517         0.7293417209E-01     0.2007018072    
    0.7474340916         0.1658648455E-02     0.5101669843E-01     0.3095546446         0.6037693461         0.8000563534E-01     0.1705341534         0.4797476207         0.9040396725         0.3567418415E-01
    0.2879956606         0.4180446537         0.6556134590E-01     0.2908578435         0.6739601635         0.1411297169E-01     0.3980992037E-01     0.1285265201         0.3763788070         0.4737501717E-01
    0.3833639844         0.1024212754    

                         STEP LENGTH (VM)
    0.5275569296E-02     0.1157679385E-01     0.1168255461         0.2361316672         0.2717066763E-01     0.1227191546         0.2433275295         0.8068763385E-03     0.1634907064E-01     0.6260369556E-01
    0.1013887962         0.3438763374E-01     0.3964768130E-01     0.2085128943         0.1878649633E-03     0.3911502061E-01     0.5874115732E-01     0.2827763321         0.2456025755E-01     0.6802742020E-01
    0.2613352868         0.6472427892E-03     0.2355070407E-01     0.1048071168         0.2450618416         0.2803981544E-01     0.6635698232E-01     0.1773124060         0.1127582325E-02     0.1424894997E-01
    0.1251310231         0.1464775286         0.2957063478E-01     0.1111230381         0.2460046402         0.3467944536E-02     0.1034342124E-01     0.4212189055E-01     0.1540679233         0.2022732431E-01
    0.1544305722         0.4710230524E-01
 

 INTERMEDIATE RESULTS BEFORE NEXT TEMPERATURE REDUCTION

  CURRENT TEMPERATURE:             0.28220E-02
  MIN FUNCTION VALUE SO FAR:   0.522451483223685190E-03
  TOTAL MOVES:                     840
     DOWNHILL:                     563
     ACCEPTED UPHILL:              121
     REJECTED UPHILL:              156
  TRIALS OUT OF BOUNDS:            370
  NEW MINIMA THIS TEMPERATURE:       0

                         CURRENT OPTIMAL X
    0.9965038936         0.3465128196E-01     0.3024927908         0.6213770494         0.7190065478E-01     0.2933458254         0.9312810685         0.6650426361         0.3464045252E-01     0.1274860736    
    0.2980272151         0.8787442006E-01     0.9007060437E-01     0.9035613372         0.9999423737         0.1102584402         0.1717351234         0.7058974517         0.7293417209E-01     0.2007018072    
    0.7474340916         0.1658648455E-02     0.5101669843E-01     0.3095546446         0.6037693461         0.8000563534E-01     0.1705341534         0.4797476207         0.9040396725         0.3567418415E-01
    0.2879956606         0.4180446537         0.6556134590E-01     0.2908578435         0.6739601635         0.1411297169E-01     0.3980992037E-01     0.1285265201         0.3763788070         0.4737501717E-01
    0.3833639844         0.1024212754    

                         STEP LENGTH (VM)
    0.8382496505E-03     0.9767918579E-02     0.1168255461         0.2361316672         0.2717066763E-01     0.1227191546         0.2433275295         0.4416011773E-03     0.1440275136E-01     0.6260369556E-01
    0.1013887962         0.3438763374E-01     0.3964768130E-01     0.2085128943         0.1669910557E-03     0.3911502061E-01     0.5874115732E-01     0.2827763321         0.2456025755E-01     0.6802742020E-01
    0.2613352868         0.6472427892E-03     0.2355070407E-01     0.1048071168         0.2450618416         0.2803981544E-01     0.6635698232E-01     0.1773124060         0.5779000137E-03     0.1424894997E-01
    0.1251310231         0.1464775286         0.2957063478E-01     0.1111230381         0.2460046402         0.1006568889E-02     0.4243454738E-02     0.1993789991E-01     0.7292623371E-01     0.2022732431E-01
    0.1544305722         0.4710230524E-01
 

 INTERMEDIATE RESULTS BEFORE NEXT TEMPERATURE REDUCTION

  CURRENT TEMPERATURE:             0.21165E-02
  MIN FUNCTION VALUE SO FAR:   0.446615725111004802E-03
  TOTAL MOVES:                     840
     DOWNHILL:                     561
     ACCEPTED UPHILL:              112
     REJECTED UPHILL:              167
  TRIALS OUT OF BOUNDS:            328
  NEW MINIMA THIS TEMPERATURE:       4

                         CURRENT OPTIMAL X
    0.9970121197         0.2778283810E-01     0.2494993804         0.5877786073         0.7190065478E-01     0.2933458254         0.9312810685         0.6650426361         0.3464045252E-01     0.1274860736    
    0.2980272151         0.8787442006E-01     0.9007060437E-01     0.9035613372         0.9999423737         0.1102584402         0.1717351234         0.7058974517         0.7293417209E-01     0.2007018072    
    0.7474340916         0.1658648455E-02     0.5101669843E-01     0.3095546446         0.6037693461         0.8000563534E-01     0.1705341534         0.4797476207         0.9040396725         0.3567418415E-01
    0.2879956606         0.4180446537         0.6556134590E-01     0.2908578435         0.6739601635         0.1411297169E-01     0.3980992037E-01     0.1285265201         0.3763788070         0.4737501717E-01
    0.3833639844         0.1024212754    

                         STEP LENGTH (VM)
    0.3107025655E-03     0.5911554261E-02     0.6675745422E-01     0.1399298673         0.2717066763E-01     0.1227191546         0.2433275295         0.1667269547E-03     0.4431615586E-02     0.2707186679E-01
    0.1013887962         0.3438763374E-01     0.3964768130E-01     0.2085128943         0.3635179209E-04     0.3911502061E-01     0.5874115732E-01     0.2827763321         0.2456025755E-01     0.6802742020E-01
    0.2613352868         0.6472427892E-03     0.2355070407E-01     0.1048071168         0.2450618416         0.2803981544E-01     0.6635698232E-01     0.1773124060         0.2476714272E-03     0.1424894997E-01
    0.1251310231         0.1464775286         0.2957063478E-01     0.1111230381         0.2460046402         0.3426617319E-03     0.2752511143E-02     0.5441366094E-02     0.4204755654E-01     0.2022732431E-01
    0.1544305722         0.4710230524E-01
 

 INTERMEDIATE RESULTS BEFORE NEXT TEMPERATURE REDUCTION

  CURRENT TEMPERATURE:             0.15874E-02
  MIN FUNCTION VALUE SO FAR:   0.397468871752622451E-03
  TOTAL MOVES:                     840
     DOWNHILL:                     508
     ACCEPTED UPHILL:              113
     REJECTED UPHILL:              219
  TRIALS OUT OF BOUNDS:            300
  NEW MINIMA THIS TEMPERATURE:       4

                         CURRENT OPTIMAL X
    0.9969509596         0.2689652299E-01     0.3149646606         0.6834472247         0.6059808437E-01     0.3204352271         0.8534765516         0.6650784544         0.3464045252E-01     0.1274860736    
    0.2976561720         0.9389258637E-01     0.7969785334E-01     0.9864121862         0.9999159043         0.1032760524         0.1302188946         0.6971090983         0.5393256108E-01     0.1584346774    
    0.8958216811         0.1523017171E-02     0.5101669843E-01     0.3095546446         0.6037693461         0.8000563534E-01     0.1705341534         0.4797476207         0.9040396725         0.3567418415E-01
    0.2879956606         0.4180446537         0.6556134590E-01     0.2908578435         0.6739601635         0.1411297169E-01     0.3980992037E-01     0.1285265201         0.3763788070         0.4737501717E-01
    0.3833639844         0.1024212754    

                         STEP LENGTH (VM)
    0.8643604204E-04     0.2288343579E-02     0.2018039054E-01     0.4946784327E-01     0.2717066763E-01     0.1227191546         0.2433275295         0.2978744322E-04     0.6864623983E-03     0.7775961387E-02
    0.3451533312E-01     0.3438763374E-01     0.3964768130E-01     0.2085128943         0.1098893460E-04     0.3911502061E-01     0.5874115732E-01     0.2827763321         0.2456025755E-01     0.6802742020E-01
    0.2613352868         0.6472427892E-03     0.2355070407E-01     0.1048071168         0.2450618416         0.2803981544E-01     0.6635698232E-01     0.1773124060         0.4585403310E-04     0.2425353167E-02
    0.2216768813E-01     0.1098581444         0.2957063478E-01     0.1111230381         0.2460046402         0.1931882120E-04     0.4685124692E-03     0.7722030855E-03     0.1148382595E-01     0.2022732431E-01
    0.1544305722         0.4710230524E-01
 

 INTERMEDIATE RESULTS BEFORE NEXT TEMPERATURE REDUCTION

  CURRENT TEMPERATURE:             0.11905E-02
  MIN FUNCTION VALUE SO FAR:   0.239732781923524126E-03
  TOTAL MOVES:                     840
     DOWNHILL:                     578
     ACCEPTED UPHILL:              185
     REJECTED UPHILL:               77
  TRIALS OUT OF BOUNDS:            301
  NEW MINIMA THIS TEMPERATURE:       1

                         CURRENT OPTIMAL X
    0.9985023807         0.3297007050E-01     0.3255434548         0.5012153473         0.6839955115E-01     0.3553480735         0.8200756117         0.6653188552         0.3348486384E-01     0.1324697536    
    0.2620686002         0.7572875228E-01     0.7986038618E-01     0.9186686023         0.9998331185         0.1062421414         0.1446030032         0.7278861677         0.6346193836E-01     0.1410653561    
    0.8100642954         0.1575925974E-02     0.5953023501E-01     0.3025622502         0.6122298231         0.7403907609E-01     0.1583826840         0.3663973819         0.9037946010         0.3396429480E-01
    0.3576703604         0.3852899341         0.7067723603E-01     0.2332840080         0.6813415420         0.1399854856E-01     0.3865518597E-01     0.1228465071         0.4641954918         0.4322643877E-01
    0.4074901530         0.1234210303    

                         STEP LENGTH (VM)
    0.2051504914E-02     0.1157679385E-01     0.1168255461         0.2361316672         0.2717066763E-01     0.1227191546         0.2433275295         0.7362101362E-03     0.1512362205E-02     0.1198793948E-01
    0.1013887962         0.3438763374E-01     0.3964768130E-01     0.2085128943         0.2691714907E-03     0.3911502061E-01     0.5874115732E-01     0.2827763321         0.2456025755E-01     0.6802742020E-01
    0.2613352868         0.6472427892E-03     0.2355070407E-01     0.1048071168         0.2450618416         0.2803981544E-01     0.6635698232E-01     0.1773124060         0.6505836889E-03     0.1424894997E-01
    0.1251310231         0.1464775286         0.2957063478E-01     0.1111230381         0.2460046402         0.8604028500E-04     0.1015110286E-02     0.1396400199E-01     0.1733264180         0.2022732431E-01
    0.1544305722         0.4710230524E-01
 

 INTERMEDIATE RESULTS BEFORE NEXT TEMPERATURE REDUCTION

  CURRENT TEMPERATURE:             0.89291E-03
  MIN FUNCTION VALUE SO FAR:   0.403565251203710735E-04
  TOTAL MOVES:                     840
     DOWNHILL:                     544
     ACCEPTED UPHILL:              155
     REJECTED UPHILL:              141
  TRIALS OUT OF BOUNDS:            365
  NEW MINIMA THIS TEMPERATURE:       1

                         CURRENT OPTIMAL X
    0.9996093749         0.3467375557E-01     0.2439312946         0.6925569734         0.5929166772E-01     0.2480560987         0.9258660455         0.6655315985         0.3297078089E-01     0.1324697536    
    0.2698831668         0.7898732038E-01     0.9000927734E-01     0.9985506943         0.9999696015         0.1147967990         0.1661074800         0.8018229929         0.5733771636E-01     0.1807725640    
    0.9253537772         0.1667158101E-02     0.6262207684E-01     0.3087503320         0.6229382026         0.7057543884E-01     0.1940179735         0.4379351205         0.9041291851         0.4211652311E-01
    0.3570171323         0.3709860816         0.6753216447E-01     0.2419898564         0.5062782016         0.1387267423E-01     0.3848312503E-01     0.1235465060         0.4641954918         0.5583299100E-01
    0.4099289501         0.9874172226E-01

                         STEP LENGTH (VM)
    0.1823559879E-02     0.1157679385E-01     0.1168255461         0.2361316672         0.2717066763E-01     0.1227191546         0.2433275295         0.2819528106E-03     0.8135847990E-03     0.7775959766E-02
    0.9012337220E-01     0.3438763374E-01     0.3964768130E-01     0.2085128943         0.3532875487E-03     0.3911502061E-01     0.5874115732E-01     0.2827763321         0.2456025755E-01     0.6802742020E-01
    0.2613352868         0.6472427892E-03     0.2355070407E-01     0.1048071168         0.2450618416         0.2803981544E-01     0.6635698232E-01     0.1773124060         0.4220001775E-03     0.1424894997E-01
    0.1251310231         0.1464775286         0.2957063478E-01     0.1111230381         0.2460046402         0.8604028500E-04     0.3703780583E-03     0.1241244590E-01     0.1733264180         0.2022732431E-01
    0.1544305722         0.4710230524E-01
 

 INTERMEDIATE RESULTS BEFORE NEXT TEMPERATURE REDUCTION

  CURRENT TEMPERATURE:             0.66968E-03
  MIN FUNCTION VALUE SO FAR:   0.833919753350347127E-05
  TOTAL MOVES:                     840
     DOWNHILL:                     568
     ACCEPTED UPHILL:              131
     REJECTED UPHILL:              141
  TRIALS OUT OF BOUNDS:            342
  NEW MINIMA THIS TEMPERATURE:       0

                         CURRENT OPTIMAL X
    0.9997426877         0.3383324161E-01     0.3198114589         0.5381945512         0.8037373872E-01     0.2567518060         0.9125366054         0.6657165576         0.3273487790E-01     0.1308081974    
    0.2774799557         0.8090614080E-01     0.9679006134E-01     0.7936979328         0.9999680210         0.1162353165         0.1482255392         0.7898851716         0.6689199613E-01     0.1422458601    
    0.7496790819         0.1309343268E-02     0.5513366982E-01     0.2714963139         0.4941865568         0.7367036821E-01     0.1867504132         0.4431546456         0.9043719078         0.3436617592E-01
    0.2913841788         0.3217102680         0.6569870120E-01     0.2398833545         0.5778761847         0.1401109707E-01     0.3831156358E-01     0.1250706182         0.3867344751         0.5439952791E-01
    0.4084307987         0.1339545306    

                         STEP LENGTH (VM)
    0.4809388612E-03     0.1157679385E-01     0.1168255461         0.2361316672         0.2717066763E-01     0.1227191546         0.2433275295         0.1879685322E-03     0.1033472497E-02     0.6725153671E-02
    0.7120858684E-01     0.3438763374E-01     0.3964768130E-01     0.2085128943         0.6102672695E-04     0.3911502061E-01     0.5874115732E-01     0.2827763321         0.2456025755E-01     0.6802742020E-01
    0.2613352868         0.6472427892E-03     0.2355070407E-01     0.1048071168         0.2450618416         0.2803981544E-01     0.6635698232E-01     0.1773124060         0.1397769390E-03     0.1424894997E-01
    0.1251310231         0.1464775286         0.2957063478E-01     0.1111230381         0.2460046402         0.2137400898E-04     0.7844741828E-04     0.3219438717E-02     0.3281920222E-01     0.2022732431E-01
    0.1544305722         0.4710230524E-01
 

 INTERMEDIATE RESULTS BEFORE NEXT TEMPERATURE REDUCTION

  CURRENT TEMPERATURE:             0.50226E-03
  MIN FUNCTION VALUE SO FAR:   0.602150669596421329E-06
  TOTAL MOVES:                     840
     DOWNHILL:                     548
     ACCEPTED UPHILL:              126
     REJECTED UPHILL:              166
  TRIALS OUT OF BOUNDS:            325
  NEW MINIMA THIS TEMPERATURE:       0

                         CURRENT OPTIMAL X
    0.9997426877         0.3383324161E-01     0.3264609382         0.6371824951         0.6242542711E-01     0.2459955816         0.8463184314         0.6657165576         0.3273487790E-01     0.1308081974    
    0.2774799557         0.1018865722         0.8855534608E-01     0.9838529679         0.9999680210         0.9395536401E-01     0.1359680347         0.6832661809         0.5738229667E-01     0.1782806280    
    0.8263039473         0.1581155044E-02     0.4788291451E-01     0.2714963139         0.4941865568         0.7367036821E-01     0.1867504132         0.4431546456         0.9043719078         0.3436617592E-01
    0.2913841788         0.3217102680         0.6569870120E-01     0.2398833545         0.5778761847         0.1401109707E-01     0.3831156358E-01     0.1250706182         0.3867344751         0.5439952791E-01
    0.4084307987         0.1339545306    

                         STEP LENGTH (VM)
    0.8532247929E-04     0.1157679273E-01     0.1168255461         0.2361316672         0.2717066763E-01     0.1227191546         0.2433275295         0.3134169096E-04     0.4202030618E-03     0.3877565635E-02
    0.2712707923E-01     0.3438763374E-01     0.3964768130E-01     0.2085128943         0.1574883204E-04     0.3911502061E-01     0.5874115732E-01     0.2827763321         0.2456025755E-01     0.6802742020E-01
    0.2613352868         0.6472427892E-03     0.2355070407E-01     0.1048071168         0.2450618416         0.2803981544E-01     0.6635698232E-01     0.1773124060         0.2632242176E-04     0.1424894997E-01
    0.1251310231         0.1464775286         0.2957063478E-01     0.1111230381         0.2460046402         0.2792063268E-05     0.3218355249E-04     0.4489928641E-03     0.4864214974E-02     0.2022732431E-01
    0.1544305722         0.4710230524E-01
 

  SA ACHIEVED TERMINATION CRITERIA. IER = 0. 


  ****   RESULTS AFTER SA   ****   

                         SOLUTION
    0.9997426877         0.3383324161E-01     0.3264609382         0.6371824951         0.6242542711E-01     0.2459955816         0.8463184314         0.6657165576         0.3273487790E-01     0.1308081974    
    0.2774799557         0.1018865722         0.8855534608E-01     0.9838529679         0.9999680210         0.9395536401E-01     0.1359680347         0.6832661809         0.5738229667E-01     0.1782806280    
    0.8263039473         0.1581155044E-02     0.4788291451E-01     0.2714963139         0.4941865568         0.7367036821E-01     0.1867504132         0.4431546456         0.9043719078         0.3436617592E-01
    0.2913841788         0.3217102680         0.6569870120E-01     0.2398833545         0.5778761847         0.1401109707E-01     0.3831156358E-01     0.1250706182         0.3867344751         0.5439952791E-01
    0.4084307987         0.1339545306    

                         FINAL STEP LENGTH
    0.8532247929E-04     0.1157679273E-01     0.1168255461         0.2361316672         0.2717066763E-01     0.1227191546         0.2433275295         0.3134169096E-04     0.4202030618E-03     0.3877565635E-02
    0.2712707923E-01     0.3438763374E-01     0.3964768130E-01     0.2085128943         0.1574883204E-04     0.3911502061E-01     0.5874115732E-01     0.2827763321         0.2456025755E-01     0.6802742020E-01
    0.2613352868         0.6472427892E-03     0.2355070407E-01     0.1048071168         0.2450618416         0.2803981544E-01     0.6635698232E-01     0.1773124060         0.2632242176E-04     0.1424894997E-01
    0.1251310231         0.1464775286         0.2957063478E-01     0.1111230381         0.2460046402         0.2792063268E-05     0.3218355249E-04     0.4489928641E-03     0.4864214974E-02     0.2022732431E-01
    0.1544305722         0.4710230524E-01

 OPTIMAL FUNCTION VALUE:  0.6021506695964E-06
 NUMBER OF FUNCTION EVALUATIONS:          27721
 NUMBER OF ACCEPTED EVALUATIONS:          25276
 NUMBER OF OUT OF BOUND EVALUATIONS:      12940
 FINAL TEMP:  0.5022621286032E-03  IER:   0
