
 SIMULATED PARALLEL ANNEALING by NEIGHBORHOOD EXAMPLE

 NUMBER OF PARAMETERS:  42   MAXIMAZATION:     F
 INITIAL TEMP:  5.0       RT: 0.75       EPS: 0.10E-02
 NS:  24   NT:   5   NEPS:  4
 MAXEVL:  100000000   IPRINT: 1   ISEED1:    7 ISEED2:    8

                         STARTING VALUES
    0.9993937821         0.3129937964E-01     0.2931437481         0.6764541148         0.7908322334E-01     0.3080527855         0.8867765226         0.5387487808         0.4574608526E-01     0.1753505504    
    0.2606079077         0.8661733217E-01     0.1071454190         0.8668708351         0.9999458444         0.9966566038E-01     0.1512718982         0.6855746525         0.7072929589E-01     0.1686340079    
    0.8174164267         0.1707634780E-02     0.5896775710E-01     0.2468423681         0.5538204386         0.8087278584E-01     0.1646391312         0.4044154171         0.7764032886         0.3237660223E-01
    0.3243949494         0.3785299858         0.6931864076E-01     0.2707778226         0.5460580502         0.1646190084E-01     0.4763998092E-01     0.1207861302         0.4063435533         0.4715073007E-01
    0.3953365605         0.1091098209    

                         INITIAL STEP LENGTH
    0.1505152852         0.9389813892E-02     0.8794312443E-01     0.2029362344         0.2372496700E-01     0.9241583565E-01     0.2462399558         0.1616246342         0.1372382558E-01     0.5260516512E-01
    0.7818237231E-01     0.2598519965E-01     0.3214362570E-01     0.2600612505         0.1500460323         0.2989969811E-01     0.4538156946E-01     0.2056723957         0.2121878877E-01     0.5059020237E-01
    0.2452249280         0.5122904340E-03     0.1769032713E-01     0.7405271043E-01     0.1661461316         0.2426183575E-01     0.4939173936E-01     0.1213246251         0.2329209866         0.9712980669E-02
    0.9731848482E-01     0.1135589957         0.2079559223E-01     0.8123334678E-01     0.1638174151         0.4938570252E-02     0.1429199428E-01     0.3623583906E-01     0.1219030660         0.1414521902E-01
    0.1186009681         0.3273294627E-01

                         LOWER BOUND
    0.8494847148         0.2660447269E-01     0.2491721859         0.5749859976         0.6722073984E-01     0.2618448677         0.7537600442         0.4579364637         0.3888417247E-01     0.1490479678    
    0.2215167215         0.7362473234E-01     0.9107360615E-01     0.7368402098         0.8499539677         0.8471581132E-01     0.1285811135         0.5827384546         0.6011990151E-01     0.1433389067    
    0.6948039627         0.1451489563E-02     0.5012259353E-01     0.2098160129         0.4707473728         0.6874186796E-01     0.1399432615         0.3437531045         0.6599427953         0.2752011190E-01
    0.2757357070         0.3217504879         0.5892084465E-01     0.2301611492         0.4641493427         0.1399261571E-01     0.4049398378E-01     0.1026682107         0.3453920203         0.4007812056E-01
    0.3360360764         0.9274334776E-01

                         UPPER BOUND
     1.000000000         0.3599428659E-01     0.3371153103         0.7779222320         0.9094570684E-01     0.3542607033          1.000000000         0.6195610979         0.5260799805E-01     0.2016531330    
    0.2996990939         0.9960993200E-01     0.1232172318         0.9969014604          1.000000000         0.1146155094         0.1739626829         0.7884108504         0.8133869027E-01     0.1939291091    
    0.9400288907         0.1963779997E-02     0.6781292066E-01     0.2838687233         0.6368935044         0.9300370372E-01     0.1893350009         0.4650777297         0.8928637819         0.3723309256E-01
    0.3730541918         0.4353094837         0.7971643687E-01     0.3113944960         0.6279667577         0.1893118597E-01     0.5478597806E-01     0.1389040497         0.4672950863         0.5422333958E-01
    0.4546370446         0.1254762940    

                         C VECTOR
     2.000000000          2.000000000          2.000000000          2.000000000          2.000000000          2.000000000          2.000000000          2.000000000          2.000000000          2.000000000    
     2.000000000          2.000000000          2.000000000          2.000000000          2.000000000          2.000000000          2.000000000          2.000000000          2.000000000          2.000000000    
     2.000000000          2.000000000          2.000000000          2.000000000          2.000000000          2.000000000          2.000000000          2.000000000          2.000000000          2.000000000    
     2.000000000          2.000000000          2.000000000          2.000000000          2.000000000          2.000000000          2.000000000          2.000000000          2.000000000          2.000000000    
     2.000000000          2.000000000    

  ****   END OF DRIVER ROUTINE OUTPUT   ****
  ****   BEFORE CALL TO SA.             ****
  

                         INITIAL X
    0.9993937821         0.3129937964E-01     0.2931437481         0.6764541148         0.7908322334E-01     0.3080527855         0.8867765226         0.5387487808         0.4574608526E-01     0.1753505504    
    0.2606079077         0.8661733217E-01     0.1071454190         0.8668708351         0.9999458444         0.9966566038E-01     0.1512718982         0.6855746525         0.7072929589E-01     0.1686340079    
    0.8174164267         0.1707634780E-02     0.5896775710E-01     0.2468423681         0.5538204386         0.8087278584E-01     0.1646391312         0.4044154171         0.7764032886         0.3237660223E-01
    0.3243949494         0.3785299858         0.6931864076E-01     0.2707778226         0.5460580502         0.1646190084E-01     0.4763998092E-01     0.1207861302         0.4063435533         0.4715073007E-01
    0.3953365605         0.1091098209    
  INITIAL F: 
 0.726856362737511585E-01

 INTERMEDIATE RESULTS BEFORE NEXT TEMPERATURE REDUCTION

  CURRENT TEMPERATURE:              5.0000    
  MIN FUNCTION VALUE SO FAR:   0.262732469370064309E-01
  TOTAL MOVES:                     840
     DOWNHILL:                     647
     ACCEPTED UPHILL:              192
     REJECTED UPHILL:                1
  TRIALS OUT OF BOUNDS:            424
  NEW MINIMA THIS TEMPERATURE:       2

                         CURRENT OPTIMAL X
    0.8849856055         0.3377025914E-01     0.2960746114         0.6764541148         0.7908322334E-01     0.3080527855         0.8867765226         0.5387487808         0.4574608526E-01     0.1753505504    
    0.2606079077         0.8661733217E-01     0.1071454190         0.8668708351         0.9999458444         0.9966566038E-01     0.1512718982         0.6855746525         0.7072929589E-01     0.1686340079    
    0.8174164267         0.1707634780E-02     0.5896775710E-01     0.2468423681         0.5538204386         0.8087278584E-01     0.1646391312         0.4044154171         0.7764032886         0.3237660223E-01
    0.3243949494         0.3785299858         0.6931864076E-01     0.2707778226         0.5460580502         0.1646190084E-01     0.4763998092E-01     0.1207861302         0.4063435533         0.4715073007E-01
    0.3953365605         0.1091098209    

                         STEP LENGTH (VM)
    0.1505152852         0.9389813892E-02     0.8794312443E-01     0.2029362344         0.2372496700E-01     0.9241583565E-01     0.2462399558         0.1616246342         0.1372382558E-01     0.5260516512E-01
    0.7818237231E-01     0.2598519965E-01     0.3214362570E-01     0.2600612505         0.1500460323         0.2989969811E-01     0.4538156946E-01     0.2056723957         0.2121878877E-01     0.5059020237E-01
    0.2452249280         0.5122904340E-03     0.1769032713E-01     0.7405271043E-01     0.1661461316         0.2426183575E-01     0.4939173936E-01     0.1213246251         0.2329209866         0.9712980669E-02
    0.9731848482E-01     0.1135589957         0.2079559223E-01     0.8123334678E-01     0.1638174151         0.4938570252E-02     0.1429199428E-01     0.3623583906E-01     0.1219030660         0.1414521902E-01
    0.1186009681         0.3273294627E-01
 

 INTERMEDIATE RESULTS BEFORE NEXT TEMPERATURE REDUCTION

  CURRENT TEMPERATURE:              3.7500    
  MIN FUNCTION VALUE SO FAR:   0.256462875125470328E-01
  TOTAL MOVES:                     840
     DOWNHILL:                     651
     ACCEPTED UPHILL:              188
     REJECTED UPHILL:                1
  TRIALS OUT OF BOUNDS:            413
  NEW MINIMA THIS TEMPERATURE:       0

                         CURRENT OPTIMAL X
    0.9780601744         0.3594256408E-01     0.3039564931         0.6797150115         0.8023522627E-01     0.2874457902         0.7780912973         0.5711057181         0.4144539620E-01     0.1810665201    
    0.2596774157         0.7993706895E-01     0.1230646239         0.9612177867         0.9769380778         0.8771907499E-01     0.1424735971         0.7647282799         0.7546807199E-01     0.1637097934    
    0.8841517696         0.1930935082E-02     0.5227554200E-01     0.2169442614         0.5245968422         0.9001324573E-01     0.1774887345         0.4184170546         0.7915263535         0.3185019927E-01
    0.3613909272         0.3543430366         0.6399864591E-01     0.2524340613         0.4851712003         0.1712586403E-01     0.4732000605E-01     0.1079978990         0.3725978447         0.4618978656E-01
    0.4094393892         0.9864857268E-01

                         STEP LENGTH (VM)
    0.1505152852         0.9389813892E-02     0.8794312443E-01     0.2029362344         0.2372496700E-01     0.9241583565E-01     0.2462399558         0.1616246342         0.1372382558E-01     0.5260516512E-01
    0.7818237231E-01     0.2598519965E-01     0.3214362570E-01     0.2600612505         0.1500460323         0.2989969811E-01     0.4538156946E-01     0.2056723957         0.2121878877E-01     0.5059020237E-01
    0.2452249280         0.5122904340E-03     0.1769032713E-01     0.7405271043E-01     0.1661461316         0.2426183575E-01     0.4939173936E-01     0.1213246251         0.2329209866         0.9712980669E-02
    0.9731848482E-01     0.1135589957         0.2079559223E-01     0.8123334678E-01     0.1638174151         0.4938570252E-02     0.1429199428E-01     0.3623583906E-01     0.1219030660         0.1414521902E-01
    0.1186009681         0.3273294627E-01
 

 INTERMEDIATE RESULTS BEFORE NEXT TEMPERATURE REDUCTION

  CURRENT TEMPERATURE:              2.8125    
  MIN FUNCTION VALUE SO FAR:   0.256462875125470328E-01
  TOTAL MOVES:                     840
     DOWNHILL:                     658
     ACCEPTED UPHILL:              179
     REJECTED UPHILL:                3
  TRIALS OUT OF BOUNDS:            416
  NEW MINIMA THIS TEMPERATURE:       0

                         CURRENT OPTIMAL X
    0.9780601744         0.3594256408E-01     0.3039564931         0.6797150115         0.8023522627E-01     0.2874457902         0.7780912973         0.5711057181         0.4144539620E-01     0.1810665201    
    0.2596774157         0.7993706895E-01     0.1230646239         0.9612177867         0.9769380778         0.8771907499E-01     0.1424735971         0.7647282799         0.7546807199E-01     0.1637097934    
    0.8841517696         0.1930935082E-02     0.5227554200E-01     0.2169442614         0.5245968422         0.9001324573E-01     0.1774887345         0.4184170546         0.7915263535         0.3185019927E-01
    0.3613909272         0.3543430366         0.6399864591E-01     0.2524340613         0.4851712003         0.1712586403E-01     0.4732000605E-01     0.1079978990         0.3725978447         0.4618978656E-01
    0.4094393892         0.9864857268E-01

                         STEP LENGTH (VM)
    0.1505152852         0.9389813892E-02     0.8794312443E-01     0.2029362344         0.2372496700E-01     0.9241583565E-01     0.2462399558         0.1616246342         0.1372382558E-01     0.5260516512E-01
    0.7818237231E-01     0.2598519965E-01     0.3214362570E-01     0.2600612505         0.1500460323         0.2989969811E-01     0.4538156946E-01     0.2056723957         0.2121878877E-01     0.5059020237E-01
    0.2452249280         0.5122904340E-03     0.1769032713E-01     0.7405271043E-01     0.1661461316         0.2426183575E-01     0.4939173936E-01     0.1213246251         0.2329209866         0.9712980669E-02
    0.9731848482E-01     0.1135589957         0.2079559223E-01     0.8123334678E-01     0.1638174151         0.4938570252E-02     0.1429199428E-01     0.3623583906E-01     0.1219030660         0.1414521902E-01
    0.1186009681         0.3273294627E-01
 

 INTERMEDIATE RESULTS BEFORE NEXT TEMPERATURE REDUCTION

  CURRENT TEMPERATURE:              2.1094    
  MIN FUNCTION VALUE SO FAR:   0.252661937828711387E-01
  TOTAL MOVES:                     840
     DOWNHILL:                     630
     ACCEPTED UPHILL:              208
     REJECTED UPHILL:                2
  TRIALS OUT OF BOUNDS:            433
  NEW MINIMA THIS TEMPERATURE:       0

                         CURRENT OPTIMAL X
    0.9975207777         0.2964928647E-01     0.2512369121         0.6436321628         0.6989451782E-01     0.3260035579         0.7964351673         0.5711057181         0.3909842728E-01     0.1549204310    
    0.2294605159         0.7993706895E-01     0.1230646239         0.9612177867         0.9769380778         0.8771907499E-01     0.1424735971         0.7647282799         0.7546807199E-01     0.1637097934    
    0.8841517696         0.1930935082E-02     0.5227554200E-01     0.2169442614         0.5245968422         0.9001324573E-01     0.1774887345         0.4184170546         0.7915263535         0.3185019927E-01
    0.3613909272         0.3543430366         0.6399864591E-01     0.2524340613         0.4851712003         0.1712586403E-01     0.4732000605E-01     0.1079978990         0.3725978447         0.4618978656E-01
    0.4094393892         0.9864857268E-01

                         STEP LENGTH (VM)
    0.1505152852         0.9389813892E-02     0.8794312443E-01     0.2029362344         0.2372496700E-01     0.9241583565E-01     0.2462399558         0.1616246342         0.1372382558E-01     0.5260516512E-01
    0.7818237231E-01     0.2598519965E-01     0.3214362570E-01     0.2600612505         0.1500460323         0.2989969811E-01     0.4538156946E-01     0.2056723957         0.2121878877E-01     0.5059020237E-01
    0.2452249280         0.5122904340E-03     0.1769032713E-01     0.7405271043E-01     0.1661461316         0.2426183575E-01     0.4939173936E-01     0.1213246251         0.2329209866         0.9712980669E-02
    0.9731848482E-01     0.1135589957         0.2079559223E-01     0.8123334678E-01     0.1638174151         0.4938570252E-02     0.1429199428E-01     0.3623583906E-01     0.1219030660         0.1414521902E-01
    0.1186009681         0.3273294627E-01
 

 INTERMEDIATE RESULTS BEFORE NEXT TEMPERATURE REDUCTION

  CURRENT TEMPERATURE:              1.5820    
  MIN FUNCTION VALUE SO FAR:   0.216249073903388885E-01
  TOTAL MOVES:                     840
     DOWNHILL:                     652
     ACCEPTED UPHILL:              185
     REJECTED UPHILL:                3
  TRIALS OUT OF BOUNDS:            408
  NEW MINIMA THIS TEMPERATURE:       0

                         CURRENT OPTIMAL X
    0.9883433302         0.2964928647E-01     0.2512369121         0.6436321628         0.6989451782E-01     0.3260035579         0.7964351673         0.5711057181         0.3909842728E-01     0.1549204310    
    0.2294605159         0.7993706895E-01     0.1230646239         0.9612177867         0.9769380778         0.8771907499E-01     0.1424735971         0.7647282799         0.7546807199E-01     0.1637097934    
    0.8841517696         0.1930935082E-02     0.5227554200E-01     0.2169442614         0.5245968422         0.9001324573E-01     0.1774887345         0.4184170546         0.7915263535         0.3185019927E-01
    0.3613909272         0.3543430366         0.6399864591E-01     0.2524340613         0.4851712003         0.1712586403E-01     0.4732000605E-01     0.1079978990         0.3725978447         0.4618978656E-01
    0.4094393892         0.9864857268E-01

                         STEP LENGTH (VM)
    0.1505152852         0.9389813892E-02     0.8794312443E-01     0.2029362344         0.2372496700E-01     0.9241583565E-01     0.2462399558         0.1616246342         0.1372382558E-01     0.5260516512E-01
    0.7818237231E-01     0.2598519965E-01     0.3214362570E-01     0.2600612505         0.1500460323         0.2989969811E-01     0.4538156946E-01     0.2056723957         0.2121878877E-01     0.5059020237E-01
    0.2452249280         0.5122904340E-03     0.1769032713E-01     0.7405271043E-01     0.1661461316         0.2426183575E-01     0.4939173936E-01     0.1213246251         0.2329209866         0.9712980669E-02
    0.9731848482E-01     0.1135589957         0.2079559223E-01     0.8123334678E-01     0.1638174151         0.4938570252E-02     0.1429199428E-01     0.3623583906E-01     0.1219030660         0.1414521902E-01
    0.1186009681         0.3273294627E-01
 

 INTERMEDIATE RESULTS BEFORE NEXT TEMPERATURE REDUCTION

  CURRENT TEMPERATURE:              1.1865    
  MIN FUNCTION VALUE SO FAR:   0.216249073903388885E-01
  TOTAL MOVES:                     840
     DOWNHILL:                     632
     ACCEPTED UPHILL:              199
     REJECTED UPHILL:                9
  TRIALS OUT OF BOUNDS:            406
  NEW MINIMA THIS TEMPERATURE:       0

                         CURRENT OPTIMAL X
    0.9883433302         0.2964928647E-01     0.2512369121         0.6436321628         0.6989451782E-01     0.3260035579         0.7964351673         0.5711057181         0.3909842728E-01     0.1549204310    
    0.2294605159         0.7993706895E-01     0.1230646239         0.9612177867         0.9769380778         0.8771907499E-01     0.1424735971         0.7647282799         0.7546807199E-01     0.1637097934    
    0.8841517696         0.1930935082E-02     0.5227554200E-01     0.2169442614         0.5245968422         0.9001324573E-01     0.1774887345         0.4184170546         0.7915263535         0.3185019927E-01
    0.3613909272         0.3543430366         0.6399864591E-01     0.2524340613         0.4851712003         0.1712586403E-01     0.4732000605E-01     0.1079978990         0.3725978447         0.4618978656E-01
    0.4094393892         0.9864857268E-01

                         STEP LENGTH (VM)
    0.1505152852         0.9389813892E-02     0.8794312443E-01     0.2029362344         0.2372496700E-01     0.9241583565E-01     0.2462399558         0.1616246342         0.1372382558E-01     0.5260516512E-01
    0.7818237231E-01     0.2598519965E-01     0.3214362570E-01     0.2600612505         0.1500460323         0.2989969811E-01     0.4538156946E-01     0.2056723957         0.2121878877E-01     0.5059020237E-01
    0.2452249280         0.5122904340E-03     0.1769032713E-01     0.7405271043E-01     0.1661461316         0.2426183575E-01     0.4939173936E-01     0.1213246251         0.2329209866         0.9712980669E-02
    0.9731848482E-01     0.1135589957         0.2079559223E-01     0.8123334678E-01     0.1638174151         0.4938570252E-02     0.1429199428E-01     0.3623583906E-01     0.1219030660         0.1414521902E-01
    0.1186009681         0.3273294627E-01
 

 INTERMEDIATE RESULTS BEFORE NEXT TEMPERATURE REDUCTION

  CURRENT TEMPERATURE:             0.88989    
  MIN FUNCTION VALUE SO FAR:   0.216249073903388885E-01
  TOTAL MOVES:                     840
     DOWNHILL:                     642
     ACCEPTED UPHILL:              196
     REJECTED UPHILL:                2
  TRIALS OUT OF BOUNDS:            432
  NEW MINIMA THIS TEMPERATURE:       0

                         CURRENT OPTIMAL X
    0.9883433302         0.2964928647E-01     0.2512369121         0.6436321628         0.6989451782E-01     0.3260035579         0.7964351673         0.5711057181         0.3909842728E-01     0.1549204310    
    0.2294605159         0.7993706895E-01     0.1230646239         0.9612177867         0.9769380778         0.8771907499E-01     0.1424735971         0.7647282799         0.7546807199E-01     0.1637097934    
    0.8841517696         0.1930935082E-02     0.5227554200E-01     0.2169442614         0.5245968422         0.9001324573E-01     0.1774887345         0.4184170546         0.7915263535         0.3185019927E-01
    0.3613909272         0.3543430366         0.6399864591E-01     0.2524340613         0.4851712003         0.1712586403E-01     0.4732000605E-01     0.1079978990         0.3725978447         0.4618978656E-01
    0.4094393892         0.9864857268E-01

                         STEP LENGTH (VM)
    0.1505152852         0.9389813892E-02     0.8794312443E-01     0.2029362344         0.2372496700E-01     0.9241583565E-01     0.2462399558         0.1616246342         0.1372382558E-01     0.5260516512E-01
    0.7818237231E-01     0.2598519965E-01     0.3214362570E-01     0.2600612505         0.1500460323         0.2989969811E-01     0.4538156946E-01     0.2056723957         0.2121878877E-01     0.5059020237E-01
    0.2452249280         0.5122904340E-03     0.1769032713E-01     0.7405271043E-01     0.1661461316         0.2426183575E-01     0.4939173936E-01     0.1213246251         0.2329209866         0.9712980669E-02
    0.9731848482E-01     0.1135589957         0.2079559223E-01     0.8123334678E-01     0.1638174151         0.4938570252E-02     0.1429199428E-01     0.3623583906E-01     0.1219030660         0.1414521902E-01
    0.1186009681         0.3273294627E-01
 

 INTERMEDIATE RESULTS BEFORE NEXT TEMPERATURE REDUCTION

  CURRENT TEMPERATURE:             0.66742    
  MIN FUNCTION VALUE SO FAR:   0.189705349059621081E-01
  TOTAL MOVES:                     840
     DOWNHILL:                     654
     ACCEPTED UPHILL:              177
     REJECTED UPHILL:                9
  TRIALS OUT OF BOUNDS:            429
  NEW MINIMA THIS TEMPERATURE:       0

                         CURRENT OPTIMAL X
    0.9815066851         0.2816049711E-01     0.3163689415         0.7703249764         0.7632997050E-01     0.2627294803         0.8283748245         0.5228811203         0.4794337585E-01     0.1510453769    
    0.2966402858         0.9229083791E-01     0.1221457040         0.9918247587         0.9882738885         0.8944525820E-01     0.1392395102         0.6403087110         0.6028230277E-01     0.1808416945    
    0.7967576216         0.1780126195E-02     0.5802346936E-01     0.2107888156         0.5080441689         0.7063276427E-01     0.1852931205         0.3685964478         0.7583115849         0.3283863705E-01
    0.3003566244         0.3994892464         0.7797456784E-01     0.2599289358         0.4679607410         0.1868699672E-01     0.4949689742E-01     0.1348843683         0.4020958344         0.4734275841E-01
    0.4361469909         0.1215258195    

                         STEP LENGTH (VM)
    0.1505152852         0.9389813892E-02     0.8794312443E-01     0.2029362344         0.2372496700E-01     0.9241583565E-01     0.2462399558         0.1616246342         0.1372382558E-01     0.5260516512E-01
    0.7818237231E-01     0.2598519965E-01     0.3214362570E-01     0.2600612505         0.1500460323         0.2989969811E-01     0.4538156946E-01     0.2056723957         0.2121878877E-01     0.5059020237E-01
    0.2452249280         0.5122904340E-03     0.1769032713E-01     0.7405271043E-01     0.1661461316         0.2426183575E-01     0.4939173936E-01     0.1213246251         0.2329209866         0.9712980669E-02
    0.9731848482E-01     0.1135589957         0.2079559223E-01     0.8123334678E-01     0.1638174151         0.4938570252E-02     0.1429199428E-01     0.3623583906E-01     0.1219030660         0.1414521902E-01
    0.1186009681         0.3273294627E-01
 

 INTERMEDIATE RESULTS BEFORE NEXT TEMPERATURE REDUCTION

  CURRENT TEMPERATURE:             0.50056    
  MIN FUNCTION VALUE SO FAR:   0.189493179057117558E-01
  TOTAL MOVES:                     840
     DOWNHILL:                     631
     ACCEPTED UPHILL:              194
     REJECTED UPHILL:               15
  TRIALS OUT OF BOUNDS:            421
  NEW MINIMA THIS TEMPERATURE:       2

                         CURRENT OPTIMAL X
    0.9815066851         0.3270675957E-01     0.3248952419         0.7703249764         0.7632997050E-01     0.2627294803         0.8283748245         0.5228811203         0.4794337585E-01     0.1510453769    
    0.2966402858         0.9229083791E-01     0.1221457040         0.9918247587         0.9882738885         0.8944525820E-01     0.1392395102         0.6403087110         0.6028230277E-01     0.1808416945    
    0.7967576216         0.1780126195E-02     0.5802346936E-01     0.2107888156         0.5080441689         0.7063276427E-01     0.1852931205         0.3685964478         0.7583115849         0.3283863705E-01
    0.3003566244         0.3994892464         0.7797456784E-01     0.2599289358         0.4679607410         0.1868699672E-01     0.4949689742E-01     0.1348843683         0.4020958344         0.4734275841E-01
    0.4361469909         0.1215258195    

                         STEP LENGTH (VM)
    0.1505152852         0.9389813892E-02     0.8794312443E-01     0.2029362344         0.2372496700E-01     0.9241583565E-01     0.2462399558         0.1616246342         0.1372382558E-01     0.5260516512E-01
    0.7818237231E-01     0.2598519965E-01     0.3214362570E-01     0.2600612505         0.1500460323         0.2989969811E-01     0.4538156946E-01     0.2056723957         0.2121878877E-01     0.5059020237E-01
    0.2452249280         0.5122904340E-03     0.1769032713E-01     0.7405271043E-01     0.1661461316         0.2426183575E-01     0.4939173936E-01     0.1213246251         0.2329209866         0.9712980669E-02
    0.9731848482E-01     0.1135589957         0.2079559223E-01     0.8123334678E-01     0.1638174151         0.4938570252E-02     0.1429199428E-01     0.3623583906E-01     0.1219030660         0.1414521902E-01
    0.1186009681         0.3273294627E-01
 

 INTERMEDIATE RESULTS BEFORE NEXT TEMPERATURE REDUCTION

  CURRENT TEMPERATURE:             0.37542    
  MIN FUNCTION VALUE SO FAR:   0.155180899791095665E-01
  TOTAL MOVES:                     840
     DOWNHILL:                     646
     ACCEPTED UPHILL:              178
     REJECTED UPHILL:               16
  TRIALS OUT OF BOUNDS:            424
  NEW MINIMA THIS TEMPERATURE:       0

                         CURRENT OPTIMAL X
    0.9711831489         0.2751905353E-01     0.3290436748         0.6908625350         0.7731095987E-01     0.3380976974         0.8232929563         0.5274372829         0.4228918997E-01     0.1631085984    
    0.2331345694         0.8818680594E-01     0.1022851439         0.9886640097         0.9956893064         0.9576556524E-01     0.1446717956         0.7038508681         0.7370483826E-01     0.1856101449    
    0.8957438443         0.1474911106E-02     0.5892468065E-01     0.2271715254         0.5312384327         0.9108497253E-01     0.1881244140         0.4149269176         0.7708423421         0.3256579710E-01
    0.3062820994         0.3852035029         0.6651014524E-01     0.2503444636         0.5926158014         0.1649206703E-01     0.4785666238E-01     0.1028490873         0.3528492428         0.5171063738E-01
    0.3445241190         0.9413888063E-01

                         STEP LENGTH (VM)
    0.1505152852         0.9389813892E-02     0.8794312443E-01     0.2029362344         0.2372496700E-01     0.9241583565E-01     0.2462399558         0.1616246342         0.1372382558E-01     0.5260516512E-01
    0.7818237231E-01     0.2598519965E-01     0.3214362570E-01     0.2600612505         0.1500460323         0.2989969811E-01     0.4538156946E-01     0.2056723957         0.2121878877E-01     0.5059020237E-01
    0.2452249280         0.5122904340E-03     0.1769032713E-01     0.7405271043E-01     0.1661461316         0.2426183575E-01     0.4939173936E-01     0.1213246251         0.2329209866         0.9712980669E-02
    0.9731848482E-01     0.1135589957         0.2079559223E-01     0.8123334678E-01     0.1638174151         0.4938570252E-02     0.1429199428E-01     0.3623583906E-01     0.1219030660         0.1414521902E-01
    0.1186009681         0.3273294627E-01
 

 INTERMEDIATE RESULTS BEFORE NEXT TEMPERATURE REDUCTION

  CURRENT TEMPERATURE:             0.28157    
  MIN FUNCTION VALUE SO FAR:   0.155180899791095665E-01
  TOTAL MOVES:                     840
     DOWNHILL:                     627
     ACCEPTED UPHILL:              193
     REJECTED UPHILL:               20
  TRIALS OUT OF BOUNDS:            427
  NEW MINIMA THIS TEMPERATURE:       0

                         CURRENT OPTIMAL X
    0.9711831489         0.2751905353E-01     0.3290436748         0.6908625350         0.7731095987E-01     0.3380976974         0.8232929563         0.5274372829         0.4228918997E-01     0.1631085984    
    0.2331345694         0.8818680594E-01     0.1022851439         0.9886640097         0.9956893064         0.9576556524E-01     0.1446717956         0.7038508681         0.7370483826E-01     0.1856101449    
    0.8957438443         0.1474911106E-02     0.5892468065E-01     0.2271715254         0.5312384327         0.9108497253E-01     0.1881244140         0.4149269176         0.7708423421         0.3256579710E-01
    0.3062820994         0.3852035029         0.6651014524E-01     0.2503444636         0.5926158014         0.1649206703E-01     0.4785666238E-01     0.1028490873         0.3528492428         0.5171063738E-01
    0.3445241190         0.9413888063E-01

                         STEP LENGTH (VM)
    0.1505152852         0.9389813892E-02     0.8794312443E-01     0.2029362344         0.2372496700E-01     0.9241583565E-01     0.2462399558         0.1616246342         0.1372382558E-01     0.5260516512E-01
    0.7818237231E-01     0.2598519965E-01     0.3214362570E-01     0.2600612505         0.1500460323         0.2989969811E-01     0.4538156946E-01     0.2056723957         0.2121878877E-01     0.5059020237E-01
    0.2452249280         0.5122904340E-03     0.1769032713E-01     0.7405271043E-01     0.1661461316         0.2426183575E-01     0.4939173936E-01     0.1213246251         0.2329209866         0.9712980669E-02
    0.9731848482E-01     0.1135589957         0.2079559223E-01     0.8123334678E-01     0.1638174151         0.4938570252E-02     0.1429199428E-01     0.3623583906E-01     0.1219030660         0.1414521902E-01
    0.1186009681         0.3273294627E-01
 

 INTERMEDIATE RESULTS BEFORE NEXT TEMPERATURE REDUCTION

  CURRENT TEMPERATURE:             0.21118    
  MIN FUNCTION VALUE SO FAR:   0.146417953102641642E-01
  TOTAL MOVES:                     840
     DOWNHILL:                     621
     ACCEPTED UPHILL:              197
     REJECTED UPHILL:               22
  TRIALS OUT OF BOUNDS:            418
  NEW MINIMA THIS TEMPERATURE:       1

                         CURRENT OPTIMAL X
    0.9851177943         0.2766508937E-01     0.3091603610         0.6819619295         0.6754528139E-01     0.3153399092         0.7847783645         0.5723822444         0.4095457513E-01     0.1744736166    
    0.2974262655         0.7953619080E-01     0.1010429659         0.7898147346         0.9941968583         0.9279049358E-01     0.1389429284         0.6397308939         0.7817998597E-01     0.1921208003    
    0.7210350185         0.1464161573E-02     0.5311035294E-01     0.2113464350         0.5956455770         0.7315315724E-01     0.1651133559         0.4075228553         0.8250847446         0.3067649529E-01
    0.3622193853         0.3970130397         0.7147233828E-01     0.2809642379         0.5500229137         0.1562986682E-01     0.4628564683E-01     0.1099579568         0.4525212018         0.4516662159E-01
    0.3908716241         0.1204131537    

                         STEP LENGTH (VM)
    0.1505152852         0.9389813892E-02     0.8794312443E-01     0.2029362344         0.2372496700E-01     0.9241583565E-01     0.2462399558         0.1616246342         0.1372382558E-01     0.5260516512E-01
    0.7818237231E-01     0.2598519965E-01     0.3214362570E-01     0.2600612505         0.1125345221         0.2989969811E-01     0.4538156946E-01     0.2056723957         0.2121878877E-01     0.5059020237E-01
    0.2452249280         0.5122904340E-03     0.1769032713E-01     0.7405271043E-01     0.1661461316         0.2426183575E-01     0.4939173936E-01     0.1213246251         0.2329209866         0.9712980669E-02
    0.9731848482E-01     0.1135589957         0.2079559223E-01     0.8123334678E-01     0.1638174151         0.4938570252E-02     0.1429199428E-01     0.3623583906E-01     0.1219030660         0.1414521902E-01
    0.1186009681         0.3273294627E-01
 

 INTERMEDIATE RESULTS BEFORE NEXT TEMPERATURE REDUCTION

  CURRENT TEMPERATURE:             0.15838    
  MIN FUNCTION VALUE SO FAR:   0.146417953102641642E-01
  TOTAL MOVES:                     840
     DOWNHILL:                     624
     ACCEPTED UPHILL:              186
     REJECTED UPHILL:               30
  TRIALS OUT OF BOUNDS:            414
  NEW MINIMA THIS TEMPERATURE:       0

                         CURRENT OPTIMAL X
    0.9851177943         0.2766508937E-01     0.3091603610         0.6819619295         0.6754528139E-01     0.3153399092         0.7847783645         0.5723822444         0.4095457513E-01     0.1744736166    
    0.2974262655         0.7953619080E-01     0.1010429659         0.7898147346         0.9941968583         0.9279049358E-01     0.1389429284         0.6397308939         0.7817998597E-01     0.1921208003    
    0.7210350185         0.1464161573E-02     0.5311035294E-01     0.2113464350         0.5956455770         0.7315315724E-01     0.1651133559         0.4075228553         0.8250847446         0.3067649529E-01
    0.3622193853         0.3970130397         0.7147233828E-01     0.2809642379         0.5500229137         0.1562986682E-01     0.4628564683E-01     0.1099579568         0.4525212018         0.4516662159E-01
    0.3908716241         0.1204131537    

                         STEP LENGTH (VM)
    0.1505152852         0.9389813892E-02     0.8794312443E-01     0.2029362344         0.2372496700E-01     0.9241583565E-01     0.2462399558         0.1616246342         0.1372382558E-01     0.5260516512E-01
    0.7818237231E-01     0.2598519965E-01     0.3214362570E-01     0.2600612505         0.1333742327         0.2989969811E-01     0.4538156946E-01     0.2056723957         0.2121878877E-01     0.5059020237E-01
    0.2452249280         0.5122904340E-03     0.1769032713E-01     0.7405271043E-01     0.1661461316         0.2426183575E-01     0.4939173936E-01     0.1213246251         0.2329209866         0.9712980669E-02
    0.9731848482E-01     0.1135589957         0.2079559223E-01     0.8123334678E-01     0.1638174151         0.4938570252E-02     0.1429199428E-01     0.3623583906E-01     0.1219030660         0.1414521902E-01
    0.1186009681         0.3273294627E-01
 

 INTERMEDIATE RESULTS BEFORE NEXT TEMPERATURE REDUCTION

  CURRENT TEMPERATURE:             0.11879    
  MIN FUNCTION VALUE SO FAR:   0.132262819284070746E-01
  TOTAL MOVES:                     840
     DOWNHILL:                     648
     ACCEPTED UPHILL:              160
     REJECTED UPHILL:               32
  TRIALS OUT OF BOUNDS:            449
  NEW MINIMA THIS TEMPERATURE:       1

                         CURRENT OPTIMAL X
    0.9906441291         0.2702668147E-01     0.3185081539         0.7213041265         0.7717633299E-01     0.2666539106         0.9269690784         0.5683841165         0.4631716885E-01     0.1992366596    
    0.2696582314         0.9176332362E-01     0.1217116298         0.7696656958         0.9941968583         0.1094793182         0.1492104486         0.6417570664         0.6439467166E-01     0.1549485679    
    0.8260533137         0.1775714423E-02     0.5438286547E-01     0.2701934158         0.5873270284         0.7979615814E-01     0.1584131673         0.3521423951         0.8223304203         0.3248340833E-01
    0.3372819853         0.4167431349         0.7365454463E-01     0.3008263271         0.6229139875         0.1545152718E-01     0.5210503822E-01     0.1342966931         0.4077336605         0.4007917362E-01
    0.4448868443         0.1137694988    

                         STEP LENGTH (VM)
    0.1505152852         0.9389813892E-02     0.8794312443E-01     0.2029362344         0.2372496700E-01     0.9241583565E-01     0.2462399558         0.1616246342         0.1372382558E-01     0.5260516512E-01
    0.7818237231E-01     0.2598519965E-01     0.3214362570E-01     0.2600612505         0.6430542481E-01     0.2989969811E-01     0.4538156946E-01     0.2056723957         0.2121878877E-01     0.5059020237E-01
    0.2452249280         0.5122904340E-03     0.1769032713E-01     0.7405271043E-01     0.1661461316         0.2426183575E-01     0.4939173936E-01     0.1213246251         0.2329209866         0.9712980669E-02
    0.9731848482E-01     0.1135589957         0.2079559223E-01     0.8123334678E-01     0.1638174151         0.4938570252E-02     0.1429199428E-01     0.3623583906E-01     0.1219030660         0.1414521902E-01
    0.1186009681         0.3273294627E-01
 

 INTERMEDIATE RESULTS BEFORE NEXT TEMPERATURE REDUCTION

  CURRENT TEMPERATURE:             0.89090E-01
  MIN FUNCTION VALUE SO FAR:   0.132262819284070746E-01
  TOTAL MOVES:                     840
     DOWNHILL:                     619
     ACCEPTED UPHILL:              185
     REJECTED UPHILL:               36
  TRIALS OUT OF BOUNDS:            424
  NEW MINIMA THIS TEMPERATURE:       0

                         CURRENT OPTIMAL X
    0.9906441291         0.2702668147E-01     0.3185081539         0.7213041265         0.7717633299E-01     0.2666539106         0.9269690784         0.5683841165         0.4631716885E-01     0.1992366596    
    0.2696582314         0.9176332362E-01     0.1217116298         0.7696656958         0.9941968583         0.1094793182         0.1492104486         0.6417570664         0.6439467166E-01     0.1549485679    
    0.8260533137         0.1775714423E-02     0.5438286547E-01     0.2701934158         0.5873270284         0.7979615814E-01     0.1584131673         0.3521423951         0.8223304203         0.3248340833E-01
    0.3372819853         0.4167431349         0.7365454463E-01     0.3008263271         0.6229139875         0.1545152718E-01     0.5210503822E-01     0.1342966931         0.4077336605         0.4007917362E-01
    0.4448868443         0.1137694988    

                         STEP LENGTH (VM)
    0.1505152852         0.9389813892E-02     0.8794312443E-01     0.2029362344         0.2372496700E-01     0.9241583565E-01     0.2462399558         0.1179422863         0.1372382558E-01     0.5260516512E-01
    0.7818237231E-01     0.2598519965E-01     0.3214362570E-01     0.2600612505         0.3674595178E-01     0.2989969811E-01     0.4538156946E-01     0.2056723957         0.2121878877E-01     0.5059020237E-01
    0.2452249280         0.5122904340E-03     0.1769032713E-01     0.7405271043E-01     0.1661461316         0.2426183575E-01     0.4939173936E-01     0.1213246251         0.1133129087         0.9712980669E-02
    0.9731848482E-01     0.1135589957         0.2079559223E-01     0.8123334678E-01     0.1638174151         0.4938570252E-02     0.1429199428E-01     0.3623583906E-01     0.1219030660         0.1414521902E-01
    0.1186009681         0.3273294627E-01
 

 INTERMEDIATE RESULTS BEFORE NEXT TEMPERATURE REDUCTION

  CURRENT TEMPERATURE:             0.66817E-01
  MIN FUNCTION VALUE SO FAR:   0.132262819284070746E-01
  TOTAL MOVES:                     840
     DOWNHILL:                     643
     ACCEPTED UPHILL:              151
     REJECTED UPHILL:               46
  TRIALS OUT OF BOUNDS:            408
  NEW MINIMA THIS TEMPERATURE:       0

                         CURRENT OPTIMAL X
    0.9906441291         0.2702668147E-01     0.3185081539         0.7213041265         0.7717633299E-01     0.2666539106         0.9269690784         0.5683841165         0.4631716885E-01     0.1992366596    
    0.2696582314         0.9176332362E-01     0.1217116298         0.7696656958         0.9941968583         0.1094793182         0.1492104486         0.6417570664         0.6439467166E-01     0.1549485679    
    0.8260533137         0.1775714423E-02     0.5438286547E-01     0.2701934158         0.5873270284         0.7979615814E-01     0.1584131673         0.3521423951         0.8223304203         0.3248340833E-01
    0.3372819853         0.4167431349         0.7365454463E-01     0.3008263271         0.6229139875         0.1545152718E-01     0.5210503822E-01     0.1342966931         0.4077336605         0.4007917362E-01
    0.4448868443         0.1137694988    

                         STEP LENGTH (VM)
    0.1505152852         0.9389813892E-02     0.8794312443E-01     0.2029362344         0.2372496700E-01     0.9241583565E-01     0.2462399558         0.6889415683E-01     0.1372382558E-01     0.5260516512E-01
    0.7818237231E-01     0.2598519965E-01     0.3214362570E-01     0.2600612505         0.6396516937E-01     0.2989969811E-01     0.4538156946E-01     0.2056723957         0.2121878877E-01     0.5059020237E-01
    0.2452249280         0.5122904340E-03     0.1769032713E-01     0.7405271043E-01     0.1661461316         0.2426183575E-01     0.4939173936E-01     0.1213246251         0.1982975754         0.9712980669E-02
    0.9731848482E-01     0.1135589957         0.2079559223E-01     0.8123334678E-01     0.1638174151         0.4938570252E-02     0.1429199428E-01     0.3623583906E-01     0.1219030660         0.1414521902E-01
    0.1186009681         0.3273294627E-01
 

 INTERMEDIATE RESULTS BEFORE NEXT TEMPERATURE REDUCTION

  CURRENT TEMPERATURE:             0.50113E-01
  MIN FUNCTION VALUE SO FAR:   0.131436704853265373E-01
  TOTAL MOVES:                     840
     DOWNHILL:                     622
     ACCEPTED UPHILL:              171
     REJECTED UPHILL:               47
  TRIALS OUT OF BOUNDS:            398
  NEW MINIMA THIS TEMPERATURE:       1

                         CURRENT OPTIMAL X
    0.9985135271         0.3105929744E-01     0.2959977821         0.7707779331         0.8726864167E-01     0.2986695454         0.8328560345         0.5687733879         0.4111565643E-01     0.1728053517    
    0.2976451752         0.7622598043E-01     0.1172428593         0.8465871558         0.9941968583         0.1028161252         0.1634259415         0.7798290512         0.6379944784E-01     0.1700755824    
    0.9056317175         0.1785423174E-02     0.5272213239E-01     0.2595138477         0.5030816557         0.9126535551E-01     0.1865638676         0.4368937392         0.8223304203         0.3340390822E-01
    0.3140877743         0.3698596106         0.6707434097E-01     0.2562617552         0.4959126686         0.1418158240E-01     0.4402579107E-01     0.1380536945         0.4070987293         0.4007917362E-01
    0.4448868443         0.1137694988    

                         STEP LENGTH (VM)
    0.1505152852         0.9389813892E-02     0.8794312443E-01     0.2029362344         0.2372496700E-01     0.9241583565E-01     0.2462399558         0.6123924899E-01     0.1372382558E-01     0.5260516512E-01
    0.7818237231E-01     0.2598519965E-01     0.3214362570E-01     0.2600612505         0.2741364321E-01     0.2989969811E-01     0.4538156946E-01     0.2056723957         0.2121878877E-01     0.5059020237E-01
    0.2452249280         0.5122904340E-03     0.1769032713E-01     0.7405271043E-01     0.1661461316         0.2426183575E-01     0.4939173936E-01     0.1213246251         0.7416242018E-01     0.9712980669E-02
    0.9731848482E-01     0.1135589957         0.2079559223E-01     0.8123334678E-01     0.1638174151         0.4938570252E-02     0.1429199428E-01     0.3623583906E-01     0.1219030660         0.1414521902E-01
    0.1186009681         0.3273294627E-01
 

 INTERMEDIATE RESULTS BEFORE NEXT TEMPERATURE REDUCTION

  CURRENT TEMPERATURE:             0.37585E-01
  MIN FUNCTION VALUE SO FAR:   0.131436704853265373E-01
  TOTAL MOVES:                     840
     DOWNHILL:                     613
     ACCEPTED UPHILL:              161
     REJECTED UPHILL:               66
  TRIALS OUT OF BOUNDS:            394
  NEW MINIMA THIS TEMPERATURE:       0

                         CURRENT OPTIMAL X
    0.9985135271         0.3105929744E-01     0.2959977821         0.7707779331         0.8726864167E-01     0.2986695454         0.8328560345         0.5687733879         0.4111565643E-01     0.1728053517    
    0.2976451752         0.7622598043E-01     0.1172428593         0.8465871558         0.9941968583         0.1028161252         0.1634259415         0.7798290512         0.6379944784E-01     0.1700755824    
    0.9056317175         0.1785423174E-02     0.5272213239E-01     0.2595138477         0.5030816557         0.9126535551E-01     0.1865638676         0.4368937392         0.8223304203         0.3340390822E-01
    0.3140877743         0.3698596106         0.6707434097E-01     0.2562617552         0.4959126686         0.1418158240E-01     0.4402579107E-01     0.1380536945         0.4070987293         0.4007917362E-01
    0.4448868443         0.1137694988    

                         STEP LENGTH (VM)
    0.1505152852         0.9389813892E-02     0.8794312443E-01     0.2029362344         0.2372496700E-01     0.9241583565E-01     0.2462399558         0.5443487943E-01     0.1372382558E-01     0.5260516512E-01
    0.7818237231E-01     0.2598519965E-01     0.3214362570E-01     0.2600612505         0.1580606394E-01     0.2989969811E-01     0.4538156946E-01     0.2056723957         0.2121878877E-01     0.5059020237E-01
    0.2452249280         0.5122904340E-03     0.1769032713E-01     0.7405271043E-01     0.1661461316         0.2426183575E-01     0.4939173936E-01     0.1213246251         0.5049355758E-01     0.9712980669E-02
    0.9731848482E-01     0.1135589957         0.2079559223E-01     0.8123334678E-01     0.1638174151         0.4938570252E-02     0.1429199428E-01     0.3623583906E-01     0.1219030660         0.1414521902E-01
    0.1186009681         0.3273294627E-01
 

 INTERMEDIATE RESULTS BEFORE NEXT TEMPERATURE REDUCTION

  CURRENT TEMPERATURE:             0.28189E-01
  MIN FUNCTION VALUE SO FAR:   0.127671341776668459E-01
  TOTAL MOVES:                     840
     DOWNHILL:                     619
     ACCEPTED UPHILL:              168
     REJECTED UPHILL:               53
  TRIALS OUT OF BOUNDS:            390
  NEW MINIMA THIS TEMPERATURE:       0

                         CURRENT OPTIMAL X
    0.9985135271         0.3323808120E-01     0.3273982575         0.6172128470         0.8772324957E-01     0.3326689966         0.9154607486         0.5687733879         0.3890596245E-01     0.1510819526    
    0.2882837291         0.7870325484E-01     0.1110103715         0.7662658770         0.9941968583         0.1011437418         0.1415769785         0.7387127424         0.6377456032E-01     0.1510549606    
    0.9238319175         0.1579141767E-02     0.6045955958E-01     0.2581813575         0.5007194837         0.7376675961E-01     0.1489685561         0.3639616710         0.8223304203         0.3241239801E-01
    0.3630999157         0.4138965141         0.7919921252E-01     0.2937897516         0.4725553908         0.1497376014E-01     0.4849525849E-01     0.1350697331         0.3714529574         0.4039841455E-01
    0.4058926813         0.1044581422    

                         STEP LENGTH (VM)
    0.1505152852         0.9389813892E-02     0.8794312443E-01     0.2029362344         0.2372496700E-01     0.9241583565E-01     0.2462399558         0.3053760579E-01     0.1372382558E-01     0.5260516512E-01
    0.7818237231E-01     0.2598519965E-01     0.3214362570E-01     0.2600612505         0.1580606394E-01     0.2989969811E-01     0.4538156946E-01     0.2056723957         0.2121878877E-01     0.5059020237E-01
    0.2452249280         0.5122904340E-03     0.1769032713E-01     0.7405271043E-01     0.1661461316         0.2426183575E-01     0.4939173936E-01     0.1213246251         0.4260393383E-01     0.9712980669E-02
    0.9731848482E-01     0.1135589957         0.2079559223E-01     0.8123334678E-01     0.1638174151         0.4938570252E-02     0.1429199428E-01     0.3623583906E-01     0.1219030660         0.1414521902E-01
    0.1186009681         0.3273294627E-01
 

 INTERMEDIATE RESULTS BEFORE NEXT TEMPERATURE REDUCTION

  CURRENT TEMPERATURE:             0.21141E-01
  MIN FUNCTION VALUE SO FAR:   0.123876272110152886E-01
  TOTAL MOVES:                     840
     DOWNHILL:                     614
     ACCEPTED UPHILL:              154
     REJECTED UPHILL:               72
  TRIALS OUT OF BOUNDS:            392
  NEW MINIMA THIS TEMPERATURE:       0

                         CURRENT OPTIMAL X
    0.9985135271         0.2776029034E-01     0.2589478632         0.7625931050         0.9015433658E-01     0.2826091337         0.7770082488         0.5670981386         0.5183101637E-01     0.1732754151    
    0.2618598441         0.8806255036E-01     0.1075993899         0.7759310962         0.9941968583         0.1077251765         0.1373525462         0.5890692384         0.7967442864E-01     0.1630615916    
    0.9206579055         0.1565323142E-02     0.6305226576E-01     0.2312188554         0.6353121606         0.9054846994E-01     0.1522130514         0.3926576091         0.8223304203         0.3340443332E-01
    0.3711861847         0.4251314269         0.7681955657E-01     0.2514191926         0.4926704789         0.1827118959E-01     0.4305557930E-01     0.1086419586         0.4029721054         0.4601780595E-01
    0.3481101457         0.1124164302    

                         STEP LENGTH (VM)
    0.1128864618         0.9389813892E-02     0.8794312443E-01     0.2029362344         0.2372496700E-01     0.9241583565E-01     0.2462399558         0.1717740034E-01     0.1372382558E-01     0.5260516512E-01
    0.7818237231E-01     0.2598519965E-01     0.3214362570E-01     0.2600612505         0.7689436259E-02     0.2989969811E-01     0.4538156946E-01     0.2056723957         0.2121878877E-01     0.5059020237E-01
    0.2452249280         0.5122904340E-03     0.1769032713E-01     0.7405271043E-01     0.1661461316         0.2426183575E-01     0.4939173936E-01     0.1213246251         0.4298774817E-01     0.9712980669E-02
    0.9731848482E-01     0.1135589957         0.2079559223E-01     0.8123334678E-01     0.1638174151         0.4938570252E-02     0.1429199428E-01     0.3623583906E-01     0.1219030660         0.1414521902E-01
    0.1186009681         0.3273294627E-01
 

 INTERMEDIATE RESULTS BEFORE NEXT TEMPERATURE REDUCTION

  CURRENT TEMPERATURE:             0.15856E-01
  MIN FUNCTION VALUE SO FAR:   0.106802100176283180E-01
  TOTAL MOVES:                     840
     DOWNHILL:                     600
     ACCEPTED UPHILL:              148
     REJECTED UPHILL:               92
  TRIALS OUT OF BOUNDS:            391
  NEW MINIMA THIS TEMPERATURE:       0

                         CURRENT OPTIMAL X
    0.9985135271         0.3000925082E-01     0.2974681280         0.7389908736         0.8777561154E-01     0.2638460686         0.8269125505         0.5606932777         0.4066118991E-01     0.1967617340    
    0.2934258419         0.9849337425E-01     0.1058718949         0.8425500657         0.9982142059         0.8814474233E-01     0.1317629841         0.6089574430         0.7006476441E-01     0.1711301199    
    0.8155615433         0.1644845887E-02     0.5619271226E-01     0.2524172556         0.4995572283         0.8876119523E-01     0.1558158405         0.3869569076         0.8223304203         0.3277574230E-01
    0.2838322141         0.3788973269         0.6854258359E-01     0.2408106908         0.5332760917         0.1798083413E-01     0.4718552657E-01     0.1357352397         0.3762658395         0.4335859550E-01
    0.4117775945         0.1036279005    

                         STEP LENGTH (VM)
    0.7418347682E-01     0.9389813892E-02     0.8794312443E-01     0.2029362344         0.2372496700E-01     0.9241583565E-01     0.2462399558         0.9904086299E-02     0.1372382558E-01     0.5260516512E-01
    0.7818237231E-01     0.2598519965E-01     0.3214362570E-01     0.2600612505         0.6487961025E-02     0.2989969811E-01     0.4538156946E-01     0.2056723957         0.2121878877E-01     0.5059020237E-01
    0.2452249280         0.5122904340E-03     0.1769032713E-01     0.7405271043E-01     0.1661461316         0.2426183575E-01     0.4939173936E-01     0.1213246251         0.2183504592E-01     0.9712980669E-02
    0.9731848482E-01     0.1135589957         0.2079559223E-01     0.8123334678E-01     0.1638174151         0.4938570252E-02     0.1429199428E-01     0.3623583906E-01     0.1219030660         0.1414521902E-01
    0.1186009681         0.3273294627E-01
 

 INTERMEDIATE RESULTS BEFORE NEXT TEMPERATURE REDUCTION

  CURRENT TEMPERATURE:             0.11892E-01
  MIN FUNCTION VALUE SO FAR:   0.106600095413955601E-01
  TOTAL MOVES:                     840
     DOWNHILL:                     603
     ACCEPTED UPHILL:              154
     REJECTED UPHILL:               83
  TRIALS OUT OF BOUNDS:            422
  NEW MINIMA THIS TEMPERATURE:       3

                         CURRENT OPTIMAL X
    0.9985135271         0.3061059638E-01     0.3304680185         0.7572489242         0.8777561154E-01     0.2638460686         0.8269125505         0.5606932777         0.4066118991E-01     0.1967617340    
    0.2934258419         0.9849337425E-01     0.1058718949         0.8425500657         0.9982142059         0.8814474233E-01     0.1317629841         0.6089574430         0.7006476441E-01     0.1711301199    
    0.8155615433         0.1644845887E-02     0.5619271226E-01     0.2524172556         0.4995572283         0.8876119523E-01     0.1558158405         0.3869569076         0.8223304203         0.3277574230E-01
    0.2838322141         0.3788973269         0.6854258359E-01     0.2408106908         0.5332760917         0.1798083413E-01     0.4718552657E-01     0.1357352397         0.3762658395         0.4335859550E-01
    0.4117775945         0.1036279005    

                         STEP LENGTH (VM)
    0.3123514452E-01     0.9389813892E-02     0.8794312443E-01     0.2029362344         0.2372496700E-01     0.9241583565E-01     0.2462399558         0.1299911206E-01     0.1372382558E-01     0.5260516512E-01
    0.7818237231E-01     0.2598519965E-01     0.3214362570E-01     0.2600612505         0.5611208190E-02     0.2989969811E-01     0.4538156946E-01     0.2056723957         0.2121878877E-01     0.5059020237E-01
    0.2452249280         0.5122904340E-03     0.1769032713E-01     0.7405271043E-01     0.1661461316         0.2426183575E-01     0.4939173936E-01     0.1213246251         0.1267841118E-01     0.9712980669E-02
    0.9731848482E-01     0.1135589957         0.2079559223E-01     0.8123334678E-01     0.1638174151         0.4938570252E-02     0.1429199428E-01     0.3623583906E-01     0.1219030660         0.1414521902E-01
    0.1186009681         0.3273294627E-01
 

 INTERMEDIATE RESULTS BEFORE NEXT TEMPERATURE REDUCTION

  CURRENT TEMPERATURE:             0.89190E-02
  MIN FUNCTION VALUE SO FAR:   0.106453814751350500E-01
  TOTAL MOVES:                     840
     DOWNHILL:                     614
     ACCEPTED UPHILL:              158
     REJECTED UPHILL:               68
  TRIALS OUT OF BOUNDS:            398
  NEW MINIMA THIS TEMPERATURE:       0

                         CURRENT OPTIMAL X
    0.9985135271         0.3463576026E-01     0.3333015150         0.7572489242         0.8777561154E-01     0.2638460686         0.8269125505         0.5606932777         0.4066118991E-01     0.1967617340    
    0.2934258419         0.9849337425E-01     0.1058718949         0.8425500657         0.9982142059         0.8814474233E-01     0.1317629841         0.6089574430         0.7006476441E-01     0.1711301199    
    0.8155615433         0.1644845887E-02     0.5619271226E-01     0.2524172556         0.4995572283         0.8876119523E-01     0.1558158405         0.3869569076         0.8223304203         0.3277574230E-01
    0.2838322141         0.3788973269         0.6854258359E-01     0.2408106908         0.5332760917         0.1798083413E-01     0.4718552657E-01     0.1357352397         0.3762658395         0.4335859550E-01
    0.4117775945         0.1036279005    

                         STEP LENGTH (VM)
    0.3988811592E-01     0.9389813892E-02     0.8794312443E-01     0.2029362344         0.2372496700E-01     0.9241583565E-01     0.2462399558         0.6662207156E-02     0.1372382558E-01     0.5260516512E-01
    0.7818237231E-01     0.2598519965E-01     0.3214362570E-01     0.2600612505         0.5410806171E-02     0.2989969811E-01     0.4538156946E-01     0.2056723957         0.2121878877E-01     0.5059020237E-01
    0.2452249280         0.5122904340E-03     0.1769032713E-01     0.7405271043E-01     0.1661461316         0.2426183575E-01     0.4939173936E-01     0.1213246251         0.8452273754E-02     0.9712980669E-02
    0.9731848482E-01     0.1135589957         0.2079559223E-01     0.8123334678E-01     0.1638174151         0.4938570252E-02     0.1429199428E-01     0.3623583906E-01     0.1219030660         0.1414521902E-01
    0.1186009681         0.3273294627E-01
 

 INTERMEDIATE RESULTS BEFORE NEXT TEMPERATURE REDUCTION

  CURRENT TEMPERATURE:             0.66893E-02
  MIN FUNCTION VALUE SO FAR:   0.104670106328264203E-01
  TOTAL MOVES:                     840
     DOWNHILL:                     593
     ACCEPTED UPHILL:              150
     REJECTED UPHILL:               97
  TRIALS OUT OF BOUNDS:            371
  NEW MINIMA THIS TEMPERATURE:       3

                         CURRENT OPTIMAL X
    0.9983445439         0.2717893419E-01     0.2947681458         0.7011687737         0.7342295775E-01     0.3333373984         0.7760505276         0.5570406301         0.5218572325E-01     0.2001974150    
    0.2977138874         0.9402822902E-01     0.1138644941         0.9560351211         0.9992879480         0.8517348806E-01     0.1665547463         0.7418137254         0.6550654995E-01     0.1799026201    
    0.8993903945         0.1778683819E-02     0.6080177133E-01     0.2775737104         0.5068142161         0.9182521146E-01     0.1510558300         0.4462171747         0.8197848112         0.3161094124E-01
    0.3607056983         0.4081872648         0.7813714992E-01     0.2581772048         0.6129047230         0.1465971562E-01     0.4488267100E-01     0.1035832678         0.4569828896         0.4282329054E-01
    0.3865998811         0.9374995143E-01

                         STEP LENGTH (VM)
    0.2564235720E-01     0.9389813892E-02     0.8794312443E-01     0.2029362344         0.2372496700E-01     0.9241583565E-01     0.2462399558         0.4282846951E-02     0.1372382558E-01     0.5260516512E-01
    0.7818237231E-01     0.2598519965E-01     0.3214362570E-01     0.2600612505         0.2497294811E-02     0.2989969811E-01     0.4538156946E-01     0.2056723957         0.2121878877E-01     0.5059020237E-01
    0.2452249280         0.5122904340E-03     0.1769032713E-01     0.7405271043E-01     0.1661461316         0.2426183575E-01     0.4939173936E-01     0.1213246251         0.3901048886E-02     0.9712980669E-02
    0.9731848482E-01     0.1135589957         0.2079559223E-01     0.8123334678E-01     0.1638174151         0.4938570252E-02     0.1429199428E-01     0.3623583906E-01     0.1219030660         0.1414521902E-01
    0.1186009681         0.3273294627E-01
 

 INTERMEDIATE RESULTS BEFORE NEXT TEMPERATURE REDUCTION

  CURRENT TEMPERATURE:             0.50170E-02
  MIN FUNCTION VALUE SO FAR:   0.104545993368551637E-01
  TOTAL MOVES:                     840
     DOWNHILL:                     580
     ACCEPTED UPHILL:              121
     REJECTED UPHILL:              139
  TRIALS OUT OF BOUNDS:            401
  NEW MINIMA THIS TEMPERATURE:       0

                         CURRENT OPTIMAL X
    0.9983445439         0.2690634150E-01     0.3266724176         0.5921932615         0.8437927146E-01     0.3128994674         0.7784750727         0.5568696564         0.5218572325E-01     0.1969830259    
    0.2572712638         0.9766515450E-01     0.9632999553E-01     0.8950843971         0.9992879480         0.9289701690E-01     0.1693841237         0.6879938863         0.7970726505E-01     0.1800604346    
    0.7395344483         0.1681375386E-02     0.6211384379E-01     0.2161375885         0.4786536759         0.7742891776E-01     0.1893210759         0.4041179634         0.8197848112         0.3161094124E-01
    0.3650960008         0.3729455299         0.7819482822E-01     0.2496833575         0.5366671867         0.1611102961E-01     0.4488267100E-01     0.1035832678         0.4531644744         0.4202048782E-01
    0.3517289732         0.1239422123    

                         STEP LENGTH (VM)
    0.1069256452E-01     0.9389813892E-02     0.8794312443E-01     0.2029362344         0.2372496700E-01     0.9241583565E-01     0.2462399558         0.3212135153E-02     0.1372382558E-01     0.5260516512E-01
    0.7818237231E-01     0.2598519965E-01     0.3214362570E-01     0.2600612505         0.1214900139E-02     0.2989969811E-01     0.4538156946E-01     0.2056723957         0.2121878877E-01     0.5059020237E-01
    0.2452249280         0.5122904340E-03     0.1769032713E-01     0.7405271043E-01     0.1661461316         0.2426183575E-01     0.4939173936E-01     0.1213246251         0.3901048886E-02     0.9712980669E-02
    0.9731848482E-01     0.1135589957         0.2079559223E-01     0.8123334678E-01     0.1638174151         0.4938570252E-02     0.1429199428E-01     0.3623583906E-01     0.1219030660         0.1414521902E-01
    0.1186009681         0.3273294627E-01
 

 INTERMEDIATE RESULTS BEFORE NEXT TEMPERATURE REDUCTION

  CURRENT TEMPERATURE:             0.37627E-02
  MIN FUNCTION VALUE SO FAR:   0.103769437801090499E-01
  TOTAL MOVES:                     840
     DOWNHILL:                     586
     ACCEPTED UPHILL:              136
     REJECTED UPHILL:              118
  TRIALS OUT OF BOUNDS:            396
  NEW MINIMA THIS TEMPERATURE:       1

                         CURRENT OPTIMAL X
    0.9983445439         0.2690634150E-01     0.3327397546         0.7125484909         0.7994078423E-01     0.2836977999         0.9157778315         0.5568696564         0.5218572325E-01     0.1919075786    
    0.2968552018         0.8548840850E-01     0.1027634238         0.8342675540         0.9992879480         0.9739266387E-01     0.1665546029         0.6926319555         0.6790754444E-01     0.1696207167    
    0.8692359365         0.1879777814E-02     0.6020436538E-01     0.2771848824         0.5114435897         0.7599999401E-01     0.1467660344         0.3687615721         0.8197848112         0.2786977701E-01
    0.3650960008         0.4079312544         0.7819482822E-01     0.2496833575         0.5366671867         0.1611102961E-01     0.4488267100E-01     0.1035832678         0.4531644744         0.4202048782E-01
    0.3517289732         0.1239422123    

                         STEP LENGTH (VM)
    0.1408685638E-02     0.9389813892E-02     0.8794312443E-01     0.2029362344         0.2372496700E-01     0.9241583565E-01     0.2462399558         0.8929487297E-03     0.1372382558E-01     0.5260516512E-01
    0.7818237231E-01     0.2598519965E-01     0.3214362570E-01     0.2600612505         0.8904530367E-03     0.2989969811E-01     0.4538156946E-01     0.2056723957         0.2121878877E-01     0.5059020237E-01
    0.2452249280         0.5122904340E-03     0.1769032713E-01     0.7405271043E-01     0.1661461316         0.2426183575E-01     0.4939173936E-01     0.1213246251         0.1114585315E-02     0.9712980669E-02
    0.9731848482E-01     0.1135589957         0.2079559223E-01     0.8123334678E-01     0.1638174151         0.3902080005E-02     0.1429199428E-01     0.3623583906E-01     0.1219030660         0.1414521902E-01
    0.1186009681         0.3273294627E-01
 

 INTERMEDIATE RESULTS BEFORE NEXT TEMPERATURE REDUCTION

  CURRENT TEMPERATURE:             0.28220E-02
  MIN FUNCTION VALUE SO FAR:   0.100433116319863115E-01
  TOTAL MOVES:                     840
     DOWNHILL:                     573
     ACCEPTED UPHILL:              110
     REJECTED UPHILL:              157
  TRIALS OUT OF BOUNDS:            404
  NEW MINIMA THIS TEMPERATURE:       2

                         CURRENT OPTIMAL X
    0.9984738882         0.2697493769E-01     0.3242046060         0.7027995486         0.9060341811E-01     0.2967224811         0.9787202513         0.5558826786         0.4701046711E-01     0.1528476568    
    0.2433480932         0.9930225366E-01     0.1126541394         0.8609567616         0.9999745702         0.1004974323         0.1356231728         0.7556059556         0.7329525653E-01     0.1496160034    
    0.7749976646         0.1512575983E-02     0.6524667846E-01     0.2413305198         0.5941825552         0.8041350452E-01     0.1790422123         0.3909577917         0.8199128460         0.3172199443E-01
    0.3106912365         0.3903985316         0.7934042414E-01     0.2718097493         0.5443931723         0.1420796082E-01     0.4542080873E-01     0.1314812476         0.3866227075         0.5139098923E-01
    0.3795444974         0.1188330548    

                         STEP LENGTH (VM)
    0.9893648737E-03     0.9389813892E-02     0.8794312443E-01     0.2029362344         0.2372496700E-01     0.9241583565E-01     0.2462399558         0.6697115348E-03     0.1372382558E-01     0.5260516512E-01
    0.7818237231E-01     0.2598519965E-01     0.3214362570E-01     0.2600612505         0.3031329331E-03     0.2989969811E-01     0.4538156946E-01     0.2056723957         0.2121878877E-01     0.5059020237E-01
    0.2452249280         0.5122904340E-03     0.1769032713E-01     0.7405271043E-01     0.1661461316         0.2426183575E-01     0.4939173936E-01     0.1213246251         0.3794332792E-03     0.9712980669E-02
    0.9731848482E-01     0.1135589957         0.2079559223E-01     0.8123334678E-01     0.1638174151         0.1065717422E-02     0.1429199428E-01     0.3623583906E-01     0.1219030660         0.1414521902E-01
    0.1186009681         0.3273294627E-01
 

 INTERMEDIATE RESULTS BEFORE NEXT TEMPERATURE REDUCTION

  CURRENT TEMPERATURE:             0.21165E-02
  MIN FUNCTION VALUE SO FAR:   0.987986336687129985E-02
  TOTAL MOVES:                     840
     DOWNHILL:                     576
     ACCEPTED UPHILL:              130
     REJECTED UPHILL:              134
  TRIALS OUT OF BOUNDS:            382
  NEW MINIMA THIS TEMPERATURE:       0

                         CURRENT OPTIMAL X
    0.9999454030         0.3526587039E-01     0.3071869159         0.7026206859         0.7032037246E-01     0.2633620829         0.8786189437         0.5557709001         0.5070148571E-01     0.1568840204    
    0.2946060930         0.9465179763E-01     0.1010091444         0.7483745226         0.9999136354         0.1004866787         0.1335621290         0.6551252322         0.7407054242E-01     0.1671281177    
    0.9208051965         0.1842014950E-02     0.5152896962E-01     0.2588363604         0.5379537913         0.8584621737E-01     0.1485913061         0.3543058897         0.8202230281         0.3365169459E-01
    0.3454593997         0.4330238007         0.6476045611E-01     0.2456945886         0.5045903102         0.1623714536E-01     0.4280615624E-01     0.1191975924         0.3593610948         0.4954068653E-01
    0.4376271051         0.1087086548    

                         STEP LENGTH (VM)
    0.3337978353E-03     0.9389813892E-02     0.8794312443E-01     0.2029362344         0.2372496700E-01     0.9241583565E-01     0.2462399558         0.1247107780E-03     0.1372382558E-01     0.5260516512E-01
    0.7818237231E-01     0.2598519965E-01     0.3214362570E-01     0.2600612505         0.8845215131E-04     0.2989969811E-01     0.4538156946E-01     0.2056723957         0.2121878877E-01     0.5059020237E-01
    0.2452249280         0.5122904340E-03     0.1769032713E-01     0.7405271043E-01     0.1661461316         0.2426183575E-01     0.4939173936E-01     0.1213246251         0.1937531407E-03     0.9712980669E-02
    0.9731848482E-01     0.1135589957         0.2079559223E-01     0.8123334678E-01     0.1638174151         0.2989302123E-03     0.1270399460E-01     0.3623583906E-01     0.1219030660         0.1414521902E-01
    0.1186009681         0.3273294627E-01
 

 INTERMEDIATE RESULTS BEFORE NEXT TEMPERATURE REDUCTION

  CURRENT TEMPERATURE:             0.15874E-02
  MIN FUNCTION VALUE SO FAR:   0.979891460755477096E-02
  TOTAL MOVES:                     840
     DOWNHILL:                     584
     ACCEPTED UPHILL:              133
     REJECTED UPHILL:              123
  TRIALS OUT OF BOUNDS:            371
  NEW MINIMA THIS TEMPERATURE:       0

                         CURRENT OPTIMAL X
    0.9999926132         0.3105703467E-01     0.3039096417         0.7275615026         0.7872368237E-01     0.3515399218         0.8999872390         0.5555695736         0.4087267660E-01     0.1565092389    
    0.2534719906         0.8596908436E-01     0.9911920324E-01     0.9893588821         0.9999976317         0.9778755152E-01     0.1468528933         0.7069408302         0.6140064387E-01     0.1700685505    
    0.9233308915         0.1618106973E-02     0.5887676017E-01     0.2620177920         0.6126546041         0.7009953859E-01     0.1658924558         0.4432810149         0.8198734836         0.3562237493E-01
    0.3128275577         0.3661938215         0.7392658694E-01     0.2778075953         0.6150116005         0.1623765966E-01     0.4363631134E-01     0.1184678201         0.4333160450         0.5056831078E-01
    0.3860764304         0.1177557631    

                         STEP LENGTH (VM)
    0.6130980290E-04     0.9389813892E-02     0.8794312443E-01     0.2029362344         0.2372496700E-01     0.9241583565E-01     0.2462399558         0.9100515125E-04     0.1372382558E-01     0.5260516512E-01
    0.7818237231E-01     0.2598519965E-01     0.3214362570E-01     0.2600612505         0.2624404164E-04     0.2989969811E-01     0.4538156946E-01     0.2056723957         0.2121878877E-01     0.5059020237E-01
    0.2452249280         0.5122904340E-03     0.1769032713E-01     0.7405271043E-01     0.1661461316         0.2426183575E-01     0.4939173936E-01     0.1213246251         0.9341668003E-04     0.9712980669E-02
    0.9731848482E-01     0.1135589957         0.2079559223E-01     0.8123334678E-01     0.1638174151         0.7206352853E-04     0.1429199428E-01     0.3623583906E-01     0.1219030660         0.1414521902E-01
    0.1186009681         0.3273294627E-01
 

 INTERMEDIATE RESULTS BEFORE NEXT TEMPERATURE REDUCTION

  CURRENT TEMPERATURE:             0.11905E-02
  MIN FUNCTION VALUE SO FAR:   0.976114819875497156E-02
  TOTAL MOVES:                     840
     DOWNHILL:                     607
     ACCEPTED UPHILL:              122
     REJECTED UPHILL:              111
  TRIALS OUT OF BOUNDS:            367
  NEW MINIMA THIS TEMPERATURE:       1

                         CURRENT OPTIMAL X
    0.9999926132         0.2894198463E-01     0.2920638653         0.5903291680         0.6792666907E-01     0.3067978864         0.9458405881         0.5555998252         0.4087267660E-01     0.1565092389    
    0.2534719906         0.8596908436E-01     0.9911920324E-01     0.9893588821         0.9999976317         0.9778755152E-01     0.1468528933         0.7069408302         0.6140064387E-01     0.1700685505    
    0.9233308915         0.1618106973E-02     0.5887676017E-01     0.2620177920         0.6126546041         0.7009953859E-01     0.1658924558         0.4432810149         0.8198734836         0.3562237493E-01
    0.3128275577         0.3661938215         0.7392658694E-01     0.2778075953         0.6150116005         0.1623765966E-01     0.4363631134E-01     0.1184678201         0.4333160450         0.5056831078E-01
    0.3860764304         0.1177557631    

                         STEP LENGTH (VM)
    0.6687441856E-04     0.3514316209E-02     0.8794312443E-01     0.1480885855         0.2372496700E-01     0.9241583565E-01     0.2462399558         0.8441922979E-04     0.1372382558E-01     0.5260516512E-01
    0.7818237231E-01     0.2598519965E-01     0.3214362570E-01     0.2600612505         0.1000024860E-04     0.2989969811E-01     0.4538156946E-01     0.2056723957         0.2121878877E-01     0.5059020237E-01
    0.2452249280         0.3322964930E-03     0.1769032713E-01     0.7405271043E-01     0.1661461316         0.2426183575E-01     0.4939173936E-01     0.1213246251         0.5810531426E-04     0.9712980669E-02
    0.9731848482E-01     0.1135589957         0.2079559223E-01     0.8123334678E-01     0.1638174151         0.5798946993E-05     0.1429199428E-01     0.3623583906E-01     0.1219030660         0.1414521902E-01
    0.1186009681         0.3273294627E-01
 

  SA ACHIEVED TERMINATION CRITERIA. IER = 0. 


  ****   RESULTS AFTER SA   ****   

                         SOLUTION
    0.9999926132         0.2894198463E-01     0.2920638653         0.5903291680         0.6792666907E-01     0.3067978864         0.9458405881         0.5555998252         0.4087267660E-01     0.1565092389    
    0.2534719906         0.8596908436E-01     0.9911920324E-01     0.9893588821         0.9999976317         0.9778755152E-01     0.1468528933         0.7069408302         0.6140064387E-01     0.1700685505    
    0.9233308915         0.1618106973E-02     0.5887676017E-01     0.2620177920         0.6126546041         0.7009953859E-01     0.1658924558         0.4432810149         0.8198734836         0.3562237493E-01
    0.3128275577         0.3661938215         0.7392658694E-01     0.2778075953         0.6150116005         0.1623765966E-01     0.4363631134E-01     0.1184678201         0.4333160450         0.5056831078E-01
    0.3860764304         0.1177557631    

                         FINAL STEP LENGTH
    0.6687441856E-04     0.3514316209E-02     0.8794312443E-01     0.1480885855         0.2372496700E-01     0.9241583565E-01     0.2462399558         0.8441922979E-04     0.1372382558E-01     0.5260516512E-01
    0.7818237231E-01     0.2598519965E-01     0.3214362570E-01     0.2600612505         0.1000024860E-04     0.2989969811E-01     0.4538156946E-01     0.2056723957         0.2121878877E-01     0.5059020237E-01
    0.2452249280         0.3322964930E-03     0.1769032713E-01     0.7405271043E-01     0.1661461316         0.2426183575E-01     0.4939173936E-01     0.1213246251         0.5810531426E-04     0.9712980669E-02
    0.9731848482E-01     0.1135589957         0.2079559223E-01     0.8123334678E-01     0.1638174151         0.5798946993E-05     0.1429199428E-01     0.3623583906E-01     0.1219030660         0.1414521902E-01
    0.1186009681         0.3273294627E-01

 OPTIMAL FUNCTION VALUE:  0.9761148198755E-02
 NUMBER OF FUNCTION EVALUATIONS:          25201
 NUMBER OF ACCEPTED EVALUATIONS:          23593
 NUMBER OF OUT OF BOUND EVALUATIONS:      12223
 FINAL TEMP:  0.1190547267800E-02  IER:   0
