
 SIMULATED PARALLEL ANNEALING by NEIGHBORHOOD EXAMPLE

 NUMBER OF PARAMETERS:  42   MAXIMAZATION:     F
 INITIAL TEMP:  5.0       RT: 0.75       EPS: 0.10E-02
 NS:  24   NT:  20   NEPS:  4
 MAXEVL:  100000000   IPRINT: 1   ISEED1:    7 ISEED2:    8

                         STARTING VALUES
    0.9710246897         0.1198112965E-02     0.2206453681         0.7176014781         0.5442627668E-01     0.2307438135         0.6719470620         0.6850698103         0.7877638480E-02     0.1001397139    
    0.1472284000E-02     0.5099666119E-02     0.2681025147         0.5710504055         0.9997865590         0.8315839171E-01     0.2482886314         0.1589680314         0.7465442419E-01     0.2021679759    
    0.3868678212         0.2793063831E-02     0.4192189574E-01     0.1432188153         0.2074855566         0.4281469584E-01     0.1316378236         0.1074645519         0.6513050424         0.1012411561E-01
    0.1328458548         0.8910384178         0.2036579251E-01     0.1089978337         0.4724206328         0.3287202209E-04     0.6477544683E-01     0.2670883179         0.9037043452         0.2763274312E-01
    0.2625798106         0.1144825816    

                         INITIAL STEP LENGTH
     1.000000000         0.1000000000         0.2000000000          1.000000000         0.1000000000         0.2000000000          1.000000000          1.000000000         0.1000000000         0.2000000000    
     1.000000000         0.1000000000         0.2000000000          1.000000000          1.000000000         0.1000000000         0.2000000000          1.000000000         0.1000000000         0.2000000000    
     1.000000000          1.000000000         0.1000000000         0.2000000000          1.000000000         0.1000000000         0.2000000000          1.000000000          1.000000000         0.1000000000    
    0.2000000000          1.000000000         0.1000000000         0.2000000000          1.000000000          1.000000000         0.1000000000         0.2000000000          1.000000000         0.1000000000    
    0.2000000000          1.000000000    

                         LOWER BOUND
     0.000000000          0.000000000         0.1000000000          0.000000000          0.000000000         0.1000000000          0.000000000          0.000000000          0.000000000         0.1000000000    
     0.000000000          0.000000000         0.1000000000          0.000000000          0.000000000          0.000000000         0.1000000000          0.000000000          0.000000000         0.1000000000    
     0.000000000          0.000000000          0.000000000         0.1000000000          0.000000000          0.000000000         0.1000000000          0.000000000          0.000000000          0.000000000    
    0.1000000000          0.000000000          0.000000000         0.1000000000          0.000000000          0.000000000          0.000000000         0.1000000000          0.000000000          0.000000000    
    0.1000000000          0.000000000    

                         UPPER BOUND
     1.000000000         0.1000000000         0.3000000000          1.000000000         0.1000000000         0.3000000000          1.000000000          1.000000000         0.1000000000         0.3000000000    
     1.000000000         0.1000000000         0.3000000000          1.000000000          1.000000000         0.1000000000         0.3000000000          1.000000000         0.1000000000         0.3000000000    
     1.000000000          1.000000000         0.1000000000         0.3000000000          1.000000000         0.1000000000         0.3000000000          1.000000000          1.000000000         0.1000000000    
    0.3000000000          1.000000000         0.1000000000         0.3000000000          1.000000000          1.000000000         0.1000000000         0.3000000000          1.000000000         0.1000000000    
    0.3000000000          1.000000000    

                         C VECTOR
     2.000000000          2.000000000          2.000000000          2.000000000          2.000000000          2.000000000          2.000000000          2.000000000          2.000000000          2.000000000    
     2.000000000          2.000000000          2.000000000          2.000000000          2.000000000          2.000000000          2.000000000          2.000000000          2.000000000          2.000000000    
     2.000000000          2.000000000          2.000000000          2.000000000          2.000000000          2.000000000          2.000000000          2.000000000          2.000000000          2.000000000    
     2.000000000          2.000000000          2.000000000          2.000000000          2.000000000          2.000000000          2.000000000          2.000000000          2.000000000          2.000000000    
     2.000000000          2.000000000    

  ****   END OF DRIVER ROUTINE OUTPUT   ****
  ****   BEFORE CALL TO SA.             ****
  

                         INITIAL X
    0.9710246897         0.1198112965E-02     0.2206453681         0.7176014781         0.5442627668E-01     0.2307438135         0.6719470620         0.6850698103         0.7877638480E-02     0.1001397139    
    0.1472284000E-02     0.5099666119E-02     0.2681025147         0.5710504055         0.9997865590         0.8315839171E-01     0.2482886314         0.1589680314         0.7465442419E-01     0.2021679759    
    0.3868678212         0.2793063831E-02     0.4192189574E-01     0.1432188153         0.2074855566         0.4281469584E-01     0.1316378236         0.1074645519         0.6513050424         0.1012411561E-01
    0.1328458548         0.8910384178         0.2036579251E-01     0.1089978337         0.4724206328         0.3287202209E-04     0.6477544683E-01     0.2670883179         0.9037043452         0.2763274312E-01
    0.2625798106         0.1144825816    
  INITIAL F: 
 0.144458825041480110    

 INTERMEDIATE RESULTS BEFORE NEXT TEMPERATURE REDUCTION

  CURRENT TEMPERATURE:              5.0000    
  MIN FUNCTION VALUE SO FAR:   0.139841619865644473    
  TOTAL MOVES:                    1680
     DOWNHILL:                    1210
     ACCEPTED UPHILL:              403
     REJECTED UPHILL:               67
  TRIALS OUT OF BOUNDS:            815
  NEW MINIMA THIS TEMPERATURE:       0

                         CURRENT OPTIMAL X
    0.6107812524         0.8549866080E-01     0.1389144897         0.7540945411         0.4165414571E-01     0.2589617967         0.4023122191         0.6850698103         0.7488277211E-01     0.1024006134    
    0.3960258365         0.5099666119E-02     0.2681025147         0.5710504055         0.9997865590         0.8315839171E-01     0.2482886314         0.1589680314         0.7465442419E-01     0.2021679759    
    0.3868678212         0.2793063831E-02     0.4192189574E-01     0.1432188153         0.2074855566         0.4281469584E-01     0.1316378236         0.1074645519         0.6513050424         0.1012411561E-01
    0.1328458548         0.8910384178         0.2036579251E-01     0.1089978337         0.4724206328         0.3287202209E-04     0.6477544683E-01     0.2670883179         0.9037043452         0.2763274312E-01
    0.2625798106         0.1144825816    

                         STEP LENGTH (VM)
     1.000000000         0.1000000000         0.2000000000          1.000000000         0.1000000000         0.2000000000          1.000000000          1.000000000         0.1000000000         0.2000000000    
     1.000000000         0.1000000000         0.2000000000          1.000000000         0.2928641833         0.1000000000         0.2000000000          1.000000000         0.1000000000         0.2000000000    
     1.000000000          1.000000000         0.1000000000         0.2000000000          1.000000000         0.1000000000         0.2000000000          1.000000000          1.000000000         0.1000000000    
    0.2000000000          1.000000000         0.1000000000         0.2000000000          1.000000000          1.000000000         0.1000000000         0.2000000000          1.000000000         0.1000000000    
    0.2000000000          1.000000000    
 

 INTERMEDIATE RESULTS BEFORE NEXT TEMPERATURE REDUCTION

  CURRENT TEMPERATURE:              3.7500    
  MIN FUNCTION VALUE SO FAR:   0.664361850646806307E-01
  TOTAL MOVES:                    1680
     DOWNHILL:                    1217
     ACCEPTED UPHILL:              408
     REJECTED UPHILL:               55
  TRIALS OUT OF BOUNDS:            825
  NEW MINIMA THIS TEMPERATURE:       3

                         CURRENT OPTIMAL X
    0.7821764350         0.9017587304E-01     0.2110063672         0.2894911170         0.7484060526E-01     0.2029980421         0.2858868241         0.6850698103         0.5007650992E-02     0.2113575578    
    0.3960258365         0.5099666119E-02     0.2681025147         0.5710504055         0.9997865590         0.8315839171E-01     0.2482886314         0.1589680314         0.7465442419E-01     0.2021679759    
    0.3868678212         0.2793063831E-02     0.4192189574E-01     0.1432188153         0.2074855566         0.4281469584E-01     0.1316378236         0.1074645519         0.6513050424         0.1012411561E-01
    0.1328458548         0.8910384178         0.2036579251E-01     0.1089978337         0.4724206328         0.3287202209E-04     0.6477544683E-01     0.2670883179         0.9037043452         0.2763274312E-01
    0.2625798106         0.1144825816    

                         STEP LENGTH (VM)
     1.000000000         0.1000000000         0.2000000000          1.000000000         0.1000000000         0.2000000000          1.000000000          1.000000000         0.1000000000         0.2000000000    
     1.000000000         0.1000000000         0.2000000000          1.000000000         0.2603236263         0.1000000000         0.2000000000          1.000000000         0.1000000000         0.2000000000    
     1.000000000          1.000000000         0.1000000000         0.2000000000          1.000000000         0.1000000000         0.2000000000          1.000000000          1.000000000         0.1000000000    
    0.2000000000          1.000000000         0.1000000000         0.2000000000          1.000000000          1.000000000         0.1000000000         0.2000000000          1.000000000         0.1000000000    
    0.2000000000          1.000000000    
 

 INTERMEDIATE RESULTS BEFORE NEXT TEMPERATURE REDUCTION

  CURRENT TEMPERATURE:              2.8125    
  MIN FUNCTION VALUE SO FAR:   0.630634815069980315E-01
  TOTAL MOVES:                    1680
     DOWNHILL:                    1214
     ACCEPTED UPHILL:              409
     REJECTED UPHILL:               57
  TRIALS OUT OF BOUNDS:            812
  NEW MINIMA THIS TEMPERATURE:       0

                         CURRENT OPTIMAL X
    0.7902855277         0.9017587304E-01     0.2110063672         0.2894911170         0.7484060526E-01     0.2029980421         0.2858868241         0.6850698103         0.5007650992E-02     0.2113575578    
    0.3960258365         0.5099666119E-02     0.2681025147         0.5710504055         0.9997865590         0.8315839171E-01     0.2482886314         0.1589680314         0.7465442419E-01     0.2021679759    
    0.3868678212         0.2793063831E-02     0.4192189574E-01     0.1432188153         0.2074855566         0.4281469584E-01     0.1316378236         0.1074645519         0.6513050424         0.1012411561E-01
    0.1328458548         0.8910384178         0.2036579251E-01     0.1089978337         0.4724206328         0.3287202209E-04     0.6477544683E-01     0.2670883179         0.9037043452         0.2763274312E-01
    0.2625798106         0.1144825816    

                         STEP LENGTH (VM)
     1.000000000         0.1000000000         0.2000000000          1.000000000         0.1000000000         0.2000000000          1.000000000         0.8437497992         0.1000000000         0.2000000000    
     1.000000000         0.1000000000         0.2000000000          1.000000000         0.2491986026         0.1000000000         0.2000000000          1.000000000         0.1000000000         0.2000000000    
     1.000000000          1.000000000         0.1000000000         0.2000000000          1.000000000         0.1000000000         0.2000000000          1.000000000          1.000000000         0.1000000000    
    0.2000000000          1.000000000         0.1000000000         0.2000000000          1.000000000          1.000000000         0.1000000000         0.2000000000          1.000000000         0.1000000000    
    0.2000000000          1.000000000    
 

 INTERMEDIATE RESULTS BEFORE NEXT TEMPERATURE REDUCTION

  CURRENT TEMPERATURE:              2.1094    
  MIN FUNCTION VALUE SO FAR:   0.630634815069980315E-01
  TOTAL MOVES:                    1680
     DOWNHILL:                    1198
     ACCEPTED UPHILL:              418
     REJECTED UPHILL:               64
  TRIALS OUT OF BOUNDS:            832
  NEW MINIMA THIS TEMPERATURE:       0

                         CURRENT OPTIMAL X
    0.7902855277         0.9017587304E-01     0.2110063672         0.2894911170         0.7484060526E-01     0.2029980421         0.2858868241         0.6850698103         0.5007650992E-02     0.2113575578    
    0.3960258365         0.5099666119E-02     0.2681025147         0.5710504055         0.9997865590         0.8315839171E-01     0.2482886314         0.1589680314         0.7465442419E-01     0.2021679759    
    0.3868678212         0.2793063831E-02     0.4192189574E-01     0.1432188153         0.2074855566         0.4281469584E-01     0.1316378236         0.1074645519         0.6513050424         0.1012411561E-01
    0.1328458548         0.8910384178         0.2036579251E-01     0.1089978337         0.4724206328         0.3287202209E-04     0.6477544683E-01     0.2670883179         0.9037043452         0.2763274312E-01
    0.2625798106         0.1144825816    

                         STEP LENGTH (VM)
     1.000000000         0.1000000000         0.2000000000          1.000000000         0.1000000000         0.2000000000          1.000000000         0.6997634200         0.1000000000         0.2000000000    
     1.000000000         0.1000000000         0.2000000000          1.000000000         0.1920905108         0.1000000000         0.2000000000          1.000000000         0.1000000000         0.2000000000    
     1.000000000          1.000000000         0.1000000000         0.2000000000          1.000000000         0.1000000000         0.2000000000          1.000000000          1.000000000         0.1000000000    
    0.2000000000          1.000000000         0.1000000000         0.2000000000          1.000000000          1.000000000         0.1000000000         0.2000000000          1.000000000         0.1000000000    
    0.2000000000          1.000000000    
 

 INTERMEDIATE RESULTS BEFORE NEXT TEMPERATURE REDUCTION

  CURRENT TEMPERATURE:              1.5820    
  MIN FUNCTION VALUE SO FAR:   0.630634815069980315E-01
  TOTAL MOVES:                    1680
     DOWNHILL:                    1208
     ACCEPTED UPHILL:              404
     REJECTED UPHILL:               68
  TRIALS OUT OF BOUNDS:            812
  NEW MINIMA THIS TEMPERATURE:       0

                         CURRENT OPTIMAL X
    0.7902855277         0.9017587304E-01     0.2110063672         0.2894911170         0.7484060526E-01     0.2029980421         0.2858868241         0.6850698103         0.5007650992E-02     0.2113575578    
    0.3960258365         0.5099666119E-02     0.2681025147         0.5710504055         0.9997865590         0.8315839171E-01     0.2482886314         0.1589680314         0.7465442419E-01     0.2021679759    
    0.3868678212         0.2793063831E-02     0.4192189574E-01     0.1432188153         0.2074855566         0.4281469584E-01     0.1316378236         0.1074645519         0.6513050424         0.1012411561E-01
    0.1328458548         0.8910384178         0.2036579251E-01     0.1089978337         0.4724206328         0.3287202209E-04     0.6477544683E-01     0.2670883179         0.9037043452         0.2763274312E-01
    0.2625798106         0.1144825816    

                         STEP LENGTH (VM)
     1.000000000         0.1000000000         0.2000000000          1.000000000         0.1000000000         0.2000000000          1.000000000         0.5079364899         0.1000000000         0.2000000000    
     1.000000000         0.1000000000         0.2000000000          1.000000000         0.2745075776         0.1000000000         0.2000000000          1.000000000         0.1000000000         0.2000000000    
     1.000000000          1.000000000         0.1000000000         0.2000000000          1.000000000         0.1000000000         0.2000000000          1.000000000          1.000000000         0.1000000000    
    0.2000000000          1.000000000         0.1000000000         0.2000000000          1.000000000          1.000000000         0.1000000000         0.2000000000          1.000000000         0.1000000000    
    0.2000000000          1.000000000    
 

 INTERMEDIATE RESULTS BEFORE NEXT TEMPERATURE REDUCTION

  CURRENT TEMPERATURE:              1.1865    
  MIN FUNCTION VALUE SO FAR:   0.630634815069818222E-01
  TOTAL MOVES:                    1680
     DOWNHILL:                    1191
     ACCEPTED UPHILL:              416
     REJECTED UPHILL:               73
  TRIALS OUT OF BOUNDS:            807
  NEW MINIMA THIS TEMPERATURE:       0

                         CURRENT OPTIMAL X
    0.7902855277         0.8090685010E-01     0.1969619751         0.7374708652         0.7484060526E-01     0.2029980421         0.2858868241         0.6850698103         0.5007650992E-02     0.2113575578    
    0.3960258365         0.5099666119E-02     0.2681025147         0.5710504055         0.9997865590         0.8315839171E-01     0.2482886314         0.1589680314         0.7465442419E-01     0.2021679759    
    0.3868678212         0.2793063831E-02     0.4192189574E-01     0.1432188153         0.2074855566         0.4281469584E-01     0.1316378236         0.1074645519         0.6513050424         0.1012411561E-01
    0.1328458548         0.8910384178         0.2036579251E-01     0.1089978337         0.4724206328         0.3287202209E-04     0.6477544683E-01     0.2670883179         0.9037043452         0.2763274312E-01
    0.2625798106         0.1144825816    

                         STEP LENGTH (VM)
     1.000000000         0.1000000000         0.2000000000          1.000000000         0.1000000000         0.2000000000          1.000000000         0.6315786807         0.1000000000         0.2000000000    
     1.000000000         0.1000000000         0.2000000000          1.000000000         0.1911748551         0.1000000000         0.2000000000          1.000000000         0.1000000000         0.2000000000    
     1.000000000          1.000000000         0.1000000000         0.2000000000          1.000000000         0.1000000000         0.2000000000          1.000000000          1.000000000         0.1000000000    
    0.2000000000          1.000000000         0.1000000000         0.2000000000          1.000000000          1.000000000         0.1000000000         0.2000000000          1.000000000         0.1000000000    
    0.2000000000          1.000000000    
 

 INTERMEDIATE RESULTS BEFORE NEXT TEMPERATURE REDUCTION

  CURRENT TEMPERATURE:             0.88989    
  MIN FUNCTION VALUE SO FAR:   0.630634815069818222E-01
  TOTAL MOVES:                    1680
     DOWNHILL:                    1214
     ACCEPTED UPHILL:              401
     REJECTED UPHILL:               65
  TRIALS OUT OF BOUNDS:            831
  NEW MINIMA THIS TEMPERATURE:       0

                         CURRENT OPTIMAL X
    0.7902855277         0.8090685010E-01     0.1969619751         0.7374708652         0.7484060526E-01     0.2029980421         0.2858868241         0.6850698103         0.5007650992E-02     0.2113575578    
    0.3960258365         0.5099666119E-02     0.2681025147         0.5710504055         0.9997865590         0.8315839171E-01     0.2482886314         0.1589680314         0.7465442419E-01     0.2021679759    
    0.3868678212         0.2793063831E-02     0.4192189574E-01     0.1432188153         0.2074855566         0.4281469584E-01     0.1316378236         0.1074645519         0.6513050424         0.1012411561E-01
    0.1328458548         0.8910384178         0.2036579251E-01     0.1089978337         0.4724206328         0.3287202209E-04     0.6477544683E-01     0.2670883179         0.9037043452         0.2763274312E-01
    0.2625798106         0.1144825816    

                         STEP LENGTH (VM)
     1.000000000         0.1000000000         0.2000000000          1.000000000         0.1000000000         0.2000000000          1.000000000         0.5714285653         0.1000000000         0.2000000000    
     1.000000000         0.1000000000         0.2000000000          1.000000000         0.1150869787         0.1000000000         0.2000000000          1.000000000         0.1000000000         0.2000000000    
     1.000000000          1.000000000         0.1000000000         0.2000000000          1.000000000         0.1000000000         0.2000000000          1.000000000          1.000000000         0.1000000000    
    0.2000000000          1.000000000         0.1000000000         0.2000000000          1.000000000          1.000000000         0.1000000000         0.2000000000          1.000000000         0.1000000000    
    0.2000000000          1.000000000    
 

 INTERMEDIATE RESULTS BEFORE NEXT TEMPERATURE REDUCTION

  CURRENT TEMPERATURE:             0.66742    
  MIN FUNCTION VALUE SO FAR:   0.630634815069818222E-01
  TOTAL MOVES:                    1680
     DOWNHILL:                    1195
     ACCEPTED UPHILL:              396
     REJECTED UPHILL:               89
  TRIALS OUT OF BOUNDS:            843
  NEW MINIMA THIS TEMPERATURE:       0

                         CURRENT OPTIMAL X
    0.7902855277         0.8090685010E-01     0.1969619751         0.7374708652         0.7484060526E-01     0.2029980421         0.2858868241         0.6850698103         0.5007650992E-02     0.2113575578    
    0.3960258365         0.5099666119E-02     0.2681025147         0.5710504055         0.9997865590         0.8315839171E-01     0.2482886314         0.1589680314         0.7465442419E-01     0.2021679759    
    0.3868678212         0.2793063831E-02     0.4192189574E-01     0.1432188153         0.2074855566         0.4281469584E-01     0.1316378236         0.1074645519         0.6513050424         0.1012411561E-01
    0.1328458548         0.8910384178         0.2036579251E-01     0.1089978337         0.4724206328         0.3287202209E-04     0.6477544683E-01     0.2670883179         0.9037043452         0.2763274312E-01
    0.2625798106         0.1144825816    

                         STEP LENGTH (VM)
     1.000000000         0.1000000000         0.2000000000          1.000000000         0.1000000000         0.2000000000          1.000000000         0.3726278988         0.1000000000         0.2000000000    
     1.000000000         0.1000000000         0.2000000000          1.000000000         0.1436963769         0.1000000000         0.2000000000          1.000000000         0.1000000000         0.2000000000    
     1.000000000          1.000000000         0.1000000000         0.2000000000          1.000000000         0.1000000000         0.2000000000          1.000000000          1.000000000         0.1000000000    
    0.2000000000          1.000000000         0.1000000000         0.2000000000          1.000000000          1.000000000         0.1000000000         0.2000000000          1.000000000         0.1000000000    
    0.2000000000          1.000000000    
 

 INTERMEDIATE RESULTS BEFORE NEXT TEMPERATURE REDUCTION

  CURRENT TEMPERATURE:             0.50056    
  MIN FUNCTION VALUE SO FAR:   0.619553765678734214E-01
  TOTAL MOVES:                    1680
     DOWNHILL:                    1204
     ACCEPTED UPHILL:              382
     REJECTED UPHILL:               94
  TRIALS OUT OF BOUNDS:            832
  NEW MINIMA THIS TEMPERATURE:       0

                         CURRENT OPTIMAL X
    0.7930052280         0.8090685010E-01     0.1969619751         0.7374708652         0.7484060526E-01     0.2029980421         0.2858868241         0.6850698103         0.5007650992E-02     0.2113575578    
    0.3960258365         0.5099666119E-02     0.2681025147         0.5710504055         0.9997865590         0.8315839171E-01     0.2482886314         0.1589680314         0.7465442419E-01     0.2021679759    
    0.3868678212         0.2793063831E-02     0.4192189574E-01     0.1432188153         0.2074855566         0.4281469584E-01     0.1316378236         0.1074645519         0.6513050424         0.1012411561E-01
    0.1328458548         0.8910384178         0.2036579251E-01     0.1089978337         0.4724206328         0.3287202209E-04     0.6477544683E-01     0.2670883179         0.9037043452         0.2763274312E-01
    0.2625798106         0.1144825816    

                         STEP LENGTH (VM)
     1.000000000         0.1000000000         0.2000000000          1.000000000         0.1000000000         0.2000000000          1.000000000         0.5302777802         0.1000000000         0.2000000000    
     1.000000000         0.1000000000         0.2000000000          1.000000000         0.1704312388         0.1000000000         0.2000000000          1.000000000         0.1000000000         0.2000000000    
     1.000000000          1.000000000         0.1000000000         0.2000000000          1.000000000         0.1000000000         0.2000000000          1.000000000          1.000000000         0.1000000000    
    0.2000000000          1.000000000         0.1000000000         0.2000000000          1.000000000          1.000000000         0.1000000000         0.2000000000          1.000000000         0.1000000000    
    0.2000000000          1.000000000    
 

 INTERMEDIATE RESULTS BEFORE NEXT TEMPERATURE REDUCTION

  CURRENT TEMPERATURE:             0.37542    
  MIN FUNCTION VALUE SO FAR:   0.616735765713997131E-01
  TOTAL MOVES:                    1680
     DOWNHILL:                    1202
     ACCEPTED UPHILL:              393
     REJECTED UPHILL:               85
  TRIALS OUT OF BOUNDS:            804
  NEW MINIMA THIS TEMPERATURE:       0

                         CURRENT OPTIMAL X
    0.7930052280         0.1473486423E-02     0.2763738871         0.9185134172         0.7484060526E-01     0.2029980421         0.2858868241         0.6850698103         0.5007650992E-02     0.2113575578    
    0.3960258365         0.5099666119E-02     0.2681025147         0.5710504055         0.9997865590         0.8315839171E-01     0.2482886314         0.1589680314         0.7465442419E-01     0.2021679759    
    0.3868678212         0.2793063831E-02     0.4192189574E-01     0.1432188153         0.2074855566         0.4281469584E-01     0.1316378236         0.1074645519         0.6513050424         0.1012411561E-01
    0.1328458548         0.8910384178         0.2036579251E-01     0.1089978337         0.4724206328         0.3287202209E-04     0.6477544683E-01     0.2670883179         0.9037043452         0.2763274312E-01
    0.2625798106         0.1144825816    

                         STEP LENGTH (VM)
     1.000000000         0.1000000000         0.2000000000          1.000000000         0.1000000000         0.2000000000          1.000000000         0.2471289310         0.1000000000         0.2000000000    
     1.000000000         0.1000000000         0.2000000000          1.000000000         0.7858673584E-01     0.1000000000         0.2000000000          1.000000000         0.1000000000         0.2000000000    
     1.000000000         0.8076921359         0.1000000000         0.2000000000          1.000000000         0.1000000000         0.2000000000          1.000000000          1.000000000         0.1000000000    
    0.2000000000          1.000000000         0.1000000000         0.2000000000          1.000000000          1.000000000         0.1000000000         0.2000000000          1.000000000         0.1000000000    
    0.2000000000          1.000000000    
 

 INTERMEDIATE RESULTS BEFORE NEXT TEMPERATURE REDUCTION

  CURRENT TEMPERATURE:             0.28157    
  MIN FUNCTION VALUE SO FAR:   0.607348180915889824E-01
  TOTAL MOVES:                    1680
     DOWNHILL:                    1189
     ACCEPTED UPHILL:              382
     REJECTED UPHILL:              109
  TRIALS OUT OF BOUNDS:            849
  NEW MINIMA THIS TEMPERATURE:       0

                         CURRENT OPTIMAL X
    0.7930052280         0.1037925482E-01     0.1175693750         0.9185134172         0.7484060526E-01     0.2029980421         0.2858868241         0.6850698103         0.5007650992E-02     0.2113575578    
    0.3960258365         0.5099666119E-02     0.2681025147         0.5710504055         0.9997865590         0.8315839171E-01     0.2482886314         0.1589680314         0.7465442419E-01     0.2021679759    
    0.3868678212         0.2793063831E-02     0.4192189574E-01     0.1432188153         0.2074855566         0.4281469584E-01     0.1316378236         0.1074645519         0.6513050424         0.1012411561E-01
    0.1328458548         0.8910384178         0.2036579251E-01     0.1089978337         0.4724206328         0.3287202209E-04     0.6477544683E-01     0.2670883179         0.9037043452         0.2763274312E-01
    0.2625798106         0.1144825816    

                         STEP LENGTH (VM)
     1.000000000         0.1000000000         0.2000000000          1.000000000         0.1000000000         0.2000000000          1.000000000         0.4393401236         0.1000000000         0.2000000000    
     1.000000000         0.1000000000         0.2000000000          1.000000000         0.7248029445E-01     0.1000000000         0.2000000000          1.000000000         0.1000000000         0.2000000000    
     1.000000000          1.000000000         0.1000000000         0.2000000000          1.000000000         0.1000000000         0.2000000000          1.000000000         0.7023319093         0.1000000000    
    0.2000000000          1.000000000         0.1000000000         0.2000000000          1.000000000          1.000000000         0.1000000000         0.2000000000          1.000000000         0.1000000000    
    0.2000000000          1.000000000    
 

 INTERMEDIATE RESULTS BEFORE NEXT TEMPERATURE REDUCTION

  CURRENT TEMPERATURE:             0.21118    
  MIN FUNCTION VALUE SO FAR:   0.605587816075976448E-01
  TOTAL MOVES:                    1680
     DOWNHILL:                    1202
     ACCEPTED UPHILL:              369
     REJECTED UPHILL:              109
  TRIALS OUT OF BOUNDS:            817
  NEW MINIMA THIS TEMPERATURE:       0

                         CURRENT OPTIMAL X
    0.7930052280         0.8862709999E-02     0.1175693750         0.9185134172         0.7484060526E-01     0.2029980421         0.2858868241         0.6850698103         0.5007650992E-02     0.2113575578    
    0.3960258365         0.5099666119E-02     0.2681025147         0.5710504055         0.9997865590         0.8315839171E-01     0.2482886314         0.1589680314         0.7465442419E-01     0.2021679759    
    0.3868678212         0.2793063831E-02     0.4192189574E-01     0.1432188153         0.2074855566         0.4281469584E-01     0.1316378236         0.1074645519         0.6513050424         0.1012411561E-01
    0.1328458548         0.8910384178         0.2036579251E-01     0.1089978337         0.4724206328         0.3287202209E-04     0.6477544683E-01     0.2670883179         0.9037043452         0.2763274312E-01
    0.2625798106         0.1144825816    

                         STEP LENGTH (VM)
     1.000000000         0.1000000000         0.2000000000          1.000000000         0.1000000000         0.2000000000          1.000000000         0.2315440194         0.1000000000         0.2000000000    
     1.000000000         0.1000000000         0.2000000000          1.000000000         0.7558409894E-01     0.1000000000         0.2000000000          1.000000000         0.1000000000         0.2000000000    
     1.000000000         0.7661452870         0.1000000000         0.2000000000          1.000000000         0.1000000000         0.2000000000          1.000000000         0.5714285015         0.1000000000    
    0.2000000000          1.000000000         0.1000000000         0.2000000000          1.000000000          1.000000000         0.1000000000         0.2000000000          1.000000000         0.1000000000    
    0.2000000000          1.000000000    
 

 INTERMEDIATE RESULTS BEFORE NEXT TEMPERATURE REDUCTION

  CURRENT TEMPERATURE:             0.15838    
  MIN FUNCTION VALUE SO FAR:   0.605587816075976448E-01
  TOTAL MOVES:                    1680
     DOWNHILL:                    1194
     ACCEPTED UPHILL:              371
     REJECTED UPHILL:              115
  TRIALS OUT OF BOUNDS:            815
  NEW MINIMA THIS TEMPERATURE:       0

                         CURRENT OPTIMAL X
    0.7930052280         0.8862709999E-02     0.1175693750         0.9185134172         0.7484060526E-01     0.2029980421         0.2858868241         0.6850698103         0.5007650992E-02     0.2113575578    
    0.3960258365         0.5099666119E-02     0.2681025147         0.5710504055         0.9997865590         0.8315839171E-01     0.2482886314         0.1589680314         0.7465442419E-01     0.2021679759    
    0.3868678212         0.2793063831E-02     0.4192189574E-01     0.1432188153         0.2074855566         0.4281469584E-01     0.1316378236         0.1074645519         0.6513050424         0.1012411561E-01
    0.1328458548         0.8910384178         0.2036579251E-01     0.1089978337         0.4724206328         0.3287202209E-04     0.6477544683E-01     0.2670883179         0.9037043452         0.2763274312E-01
    0.2625798106         0.1144825816    

                         STEP LENGTH (VM)
     1.000000000         0.1000000000         0.2000000000          1.000000000         0.1000000000         0.2000000000          1.000000000         0.2817025177         0.1000000000         0.2000000000    
     1.000000000         0.1000000000         0.2000000000          1.000000000         0.9330938339E-01     0.1000000000         0.2000000000          1.000000000         0.1000000000         0.2000000000    
     1.000000000          1.000000000         0.1000000000         0.2000000000          1.000000000         0.1000000000         0.2000000000          1.000000000         0.6941963744         0.1000000000    
    0.2000000000          1.000000000         0.1000000000         0.2000000000          1.000000000          1.000000000         0.1000000000         0.2000000000          1.000000000         0.1000000000    
    0.2000000000          1.000000000    
 

 INTERMEDIATE RESULTS BEFORE NEXT TEMPERATURE REDUCTION

  CURRENT TEMPERATURE:             0.11879    
  MIN FUNCTION VALUE SO FAR:   0.603994832620937672E-01
  TOTAL MOVES:                    1680
     DOWNHILL:                    1185
     ACCEPTED UPHILL:              374
     REJECTED UPHILL:              121
  TRIALS OUT OF BOUNDS:            796
  NEW MINIMA THIS TEMPERATURE:       0

                         CURRENT OPTIMAL X
    0.7930052280         0.7617533207E-02     0.1175693750         0.9185134172         0.7484060526E-01     0.2029980421         0.2858868241         0.6850698103         0.5007650992E-02     0.2113575578    
    0.3960258365         0.5099666119E-02     0.2681025147         0.5710504055         0.9997865590         0.8315839171E-01     0.2482886314         0.1589680314         0.7465442419E-01     0.2021679759    
    0.3868678212         0.2793063831E-02     0.4192189574E-01     0.1432188153         0.2074855566         0.4281469584E-01     0.1316378236         0.1074645519         0.6513050424         0.1012411561E-01
    0.1328458548         0.8910384178         0.2036579251E-01     0.1089978337         0.4724206328         0.3287202209E-04     0.6477544683E-01     0.2670883179         0.9037043452         0.2763274312E-01
    0.2625798106         0.1144825816    

                         STEP LENGTH (VM)
    0.3461538377         0.1000000000         0.2000000000          1.000000000         0.1000000000         0.2000000000          1.000000000         0.1155701973         0.1000000000         0.2000000000    
     1.000000000         0.1000000000         0.2000000000          1.000000000         0.4697205545E-01     0.1000000000         0.2000000000          1.000000000         0.1000000000         0.2000000000    
     1.000000000         0.3533832556         0.1000000000         0.2000000000          1.000000000         0.1000000000         0.2000000000          1.000000000         0.3810643984         0.1000000000    
    0.2000000000          1.000000000         0.1000000000         0.2000000000          1.000000000         0.5714285653         0.1000000000         0.2000000000          1.000000000         0.1000000000    
    0.2000000000          1.000000000    
 

 INTERMEDIATE RESULTS BEFORE NEXT TEMPERATURE REDUCTION

  CURRENT TEMPERATURE:             0.89090E-01
  MIN FUNCTION VALUE SO FAR:   0.603994832620937672E-01
  TOTAL MOVES:                    1680
     DOWNHILL:                    1161
     ACCEPTED UPHILL:              391
     REJECTED UPHILL:              128
  TRIALS OUT OF BOUNDS:            743
  NEW MINIMA THIS TEMPERATURE:       0

                         CURRENT OPTIMAL X
    0.7930052280         0.7617533207E-02     0.1175693750         0.9185134172         0.7484060526E-01     0.2029980421         0.2858868241         0.6850698103         0.5007650992E-02     0.2113575578    
    0.3960258365         0.5099666119E-02     0.2681025147         0.5710504055         0.9997865590         0.8315839171E-01     0.2482886314         0.1589680314         0.7465442419E-01     0.2021679759    
    0.3868678212         0.2793063831E-02     0.4192189574E-01     0.1432188153         0.2074855566         0.4281469584E-01     0.1316378236         0.1074645519         0.6513050424         0.1012411561E-01
    0.1328458548         0.8910384178         0.2036579251E-01     0.1089978337         0.4724206328         0.3287202209E-04     0.6477544683E-01     0.2670883179         0.9037043452         0.2763274312E-01
    0.2625798106         0.1144825816    

                         STEP LENGTH (VM)
     1.000000000         0.1000000000         0.2000000000          1.000000000         0.1000000000         0.2000000000          1.000000000         0.1919772645         0.1000000000         0.2000000000    
     1.000000000         0.1000000000         0.2000000000          1.000000000         0.5281565518E-01     0.1000000000         0.2000000000          1.000000000         0.1000000000         0.2000000000    
     1.000000000         0.3217464405         0.1000000000         0.2000000000          1.000000000         0.1000000000         0.2000000000          1.000000000         0.2154887708         0.1000000000    
    0.2000000000          1.000000000         0.1000000000         0.2000000000          1.000000000          1.000000000         0.1000000000         0.2000000000          1.000000000         0.1000000000    
    0.2000000000          1.000000000    
 

 INTERMEDIATE RESULTS BEFORE NEXT TEMPERATURE REDUCTION

  CURRENT TEMPERATURE:             0.66817E-01
  MIN FUNCTION VALUE SO FAR:   0.603994832620937672E-01
  TOTAL MOVES:                    1680
     DOWNHILL:                    1194
     ACCEPTED UPHILL:              345
     REJECTED UPHILL:              141
  TRIALS OUT OF BOUNDS:            761
  NEW MINIMA THIS TEMPERATURE:       0

                         CURRENT OPTIMAL X
    0.7930052280         0.7617533207E-02     0.1175693750         0.9185134172         0.7484060526E-01     0.2029980421         0.2858868241         0.6850698103         0.5007650992E-02     0.2113575578    
    0.3960258365         0.5099666119E-02     0.2681025147         0.5710504055         0.9997865590         0.8315839171E-01     0.2482886314         0.1589680314         0.7465442419E-01     0.2021679759    
    0.3868678212         0.2793063831E-02     0.4192189574E-01     0.1432188153         0.2074855566         0.4281469584E-01     0.1316378236         0.1074645519         0.6513050424         0.1012411561E-01
    0.1328458548         0.8910384178         0.2036579251E-01     0.1089978337         0.4724206328         0.3287202209E-04     0.6477544683E-01     0.2670883179         0.9037043452         0.2763274312E-01
    0.2625798106         0.1144825816    

                         STEP LENGTH (VM)
     1.000000000         0.1000000000         0.2000000000          1.000000000         0.1000000000         0.2000000000          1.000000000         0.1265948130         0.1000000000         0.2000000000    
     1.000000000         0.1000000000         0.2000000000          1.000000000         0.2505357060E-01     0.1000000000         0.2000000000          1.000000000         0.1000000000         0.2000000000    
     1.000000000         0.2794925693         0.1000000000         0.2000000000          1.000000000         0.1000000000         0.2000000000          1.000000000         0.1563091391         0.1000000000    
    0.2000000000          1.000000000         0.1000000000         0.2000000000          1.000000000          1.000000000         0.1000000000         0.2000000000          1.000000000         0.1000000000    
    0.2000000000          1.000000000    
 

 INTERMEDIATE RESULTS BEFORE NEXT TEMPERATURE REDUCTION

  CURRENT TEMPERATURE:             0.50113E-01
  MIN FUNCTION VALUE SO FAR:   0.603994832620937672E-01
  TOTAL MOVES:                    1680
     DOWNHILL:                    1161
     ACCEPTED UPHILL:              371
     REJECTED UPHILL:              148
  TRIALS OUT OF BOUNDS:            734
  NEW MINIMA THIS TEMPERATURE:       0

                         CURRENT OPTIMAL X
    0.7930052280         0.7617533207E-02     0.1175693750         0.9185134172         0.7484060526E-01     0.2029980421         0.2858868241         0.6850698103         0.5007650992E-02     0.2113575578    
    0.3960258365         0.5099666119E-02     0.2681025147         0.5710504055         0.9997865590         0.8315839171E-01     0.2482886314         0.1589680314         0.7465442419E-01     0.2021679759    
    0.3868678212         0.2793063831E-02     0.4192189574E-01     0.1432188153         0.2074855566         0.4281469584E-01     0.1316378236         0.1074645519         0.6513050424         0.1012411561E-01
    0.1328458548         0.8910384178         0.2036579251E-01     0.1089978337         0.4724206328         0.3287202209E-04     0.6477544683E-01     0.2670883179         0.9037043452         0.2763274312E-01
    0.2625798106         0.1144825816    

                         STEP LENGTH (VM)
     1.000000000         0.1000000000         0.2000000000          1.000000000         0.1000000000         0.2000000000          1.000000000         0.1304530251         0.1000000000         0.2000000000    
     1.000000000         0.1000000000         0.2000000000          1.000000000         0.3258919944E-01     0.1000000000         0.2000000000          1.000000000         0.1000000000         0.2000000000    
     1.000000000         0.1175973689         0.1000000000         0.2000000000          1.000000000         0.1000000000         0.2000000000          1.000000000         0.8690541940E-01     0.1000000000    
    0.2000000000          1.000000000         0.1000000000         0.2000000000          1.000000000         0.4370821656         0.1000000000         0.2000000000          1.000000000         0.1000000000    
    0.2000000000          1.000000000    
 

 INTERMEDIATE RESULTS BEFORE NEXT TEMPERATURE REDUCTION

  CURRENT TEMPERATURE:             0.37585E-01
  MIN FUNCTION VALUE SO FAR:   0.603994832620937672E-01
  TOTAL MOVES:                    1680
     DOWNHILL:                    1200
     ACCEPTED UPHILL:              349
     REJECTED UPHILL:              131
  TRIALS OUT OF BOUNDS:            775
  NEW MINIMA THIS TEMPERATURE:       0

                         CURRENT OPTIMAL X
    0.7930052280         0.7617533207E-02     0.1175693750         0.9185134172         0.7484060526E-01     0.2029980421         0.2858868241         0.6850698103         0.5007650992E-02     0.2113575578    
    0.3960258365         0.5099666119E-02     0.2681025147         0.5710504055         0.9997865590         0.8315839171E-01     0.2482886314         0.1589680314         0.7465442419E-01     0.2021679759    
    0.3868678212         0.2793063831E-02     0.4192189574E-01     0.1432188153         0.2074855566         0.4281469584E-01     0.1316378236         0.1074645519         0.6513050424         0.1012411561E-01
    0.1328458548         0.8910384178         0.2036579251E-01     0.1089978337         0.4724206328         0.3287202209E-04     0.6477544683E-01     0.2670883179         0.9037043452         0.2763274312E-01
    0.2625798106         0.1144825816    

                         STEP LENGTH (VM)
     1.000000000         0.1000000000         0.2000000000          1.000000000         0.1000000000         0.2000000000          1.000000000         0.1005574949         0.1000000000         0.2000000000    
     1.000000000         0.1000000000         0.2000000000          1.000000000         0.2485316839E-01     0.1000000000         0.2000000000          1.000000000         0.1000000000         0.2000000000    
     1.000000000         0.1860072829         0.1000000000         0.2000000000          1.000000000         0.1000000000         0.2000000000          1.000000000         0.1327828551         0.1000000000    
    0.2000000000          1.000000000         0.1000000000         0.2000000000          1.000000000         0.3968810769         0.1000000000         0.2000000000          1.000000000         0.1000000000    
    0.2000000000          1.000000000    
 

 INTERMEDIATE RESULTS BEFORE NEXT TEMPERATURE REDUCTION

  CURRENT TEMPERATURE:             0.28189E-01
  MIN FUNCTION VALUE SO FAR:   0.520558908901732620E-01
  TOTAL MOVES:                    1680
     DOWNHILL:                    1184
     ACCEPTED UPHILL:              340
     REJECTED UPHILL:              156
  TRIALS OUT OF BOUNDS:            762
  NEW MINIMA THIS TEMPERATURE:       3

                         CURRENT OPTIMAL X
    0.9528563919         0.6282699704E-01     0.2872847199         0.9497320652         0.4272068739E-01     0.2198284507         0.1322667599         0.6893392525         0.4037417769E-01     0.1699736476    
    0.4801691771         0.4017915130E-01     0.1387870789         0.5254079103         0.9882034413         0.8971464038E-01     0.1609429002         0.7714807987         0.5625088215E-01     0.1784167767    
    0.1278262138         0.3982428725E-02     0.6706156731E-01     0.2797038794         0.2742471695         0.1357649565E-01     0.2352028489         0.8758711815E-01     0.6621223122         0.4671595097E-01
    0.2610446811         0.2551317215E-01     0.4330348969E-02     0.2810274363         0.6512939334         0.9353038036E-02     0.9536138773E-01     0.1957645774         0.3007119894E-01     0.8593919277E-01
    0.2174200296         0.1788870692    

                         STEP LENGTH (VM)
    0.1914215153         0.1000000000         0.2000000000          1.000000000         0.1000000000         0.2000000000          1.000000000         0.3851136551E-01     0.1000000000         0.2000000000    
     1.000000000         0.1000000000         0.2000000000          1.000000000         0.7512965315E-02     0.1000000000         0.2000000000          1.000000000         0.1000000000         0.2000000000    
     1.000000000         0.4696681809E-01     0.1000000000         0.2000000000          1.000000000         0.1000000000         0.2000000000          1.000000000         0.4049145702E-01     0.1000000000    
    0.2000000000          1.000000000         0.1000000000         0.2000000000          1.000000000         0.5693008148E-01     0.1000000000         0.2000000000          1.000000000         0.1000000000    
    0.2000000000          1.000000000    
 

 INTERMEDIATE RESULTS BEFORE NEXT TEMPERATURE REDUCTION

  CURRENT TEMPERATURE:             0.21141E-01
  MIN FUNCTION VALUE SO FAR:   0.520326541396480824E-01
  TOTAL MOVES:                    1680
     DOWNHILL:                    1198
     ACCEPTED UPHILL:              333
     REJECTED UPHILL:              149
  TRIALS OUT OF BOUNDS:            774
  NEW MINIMA THIS TEMPERATURE:       4

                         CURRENT OPTIMAL X
    0.9528563919         0.5340262055E-01     0.2574388027         0.8112319112         0.2673183680E-01     0.1640869260         0.3026825190E-01     0.6893392525         0.3985744119E-01     0.1699736476    
    0.4801691771         0.4017915130E-01     0.1387870789         0.5254079103         0.9882034413         0.8971464038E-01     0.1609429002         0.7714807987         0.5625088215E-01     0.1784167767    
    0.1278262138         0.3982428725E-02     0.6706156731E-01     0.2797038794         0.2742471695         0.1357649565E-01     0.2352028489         0.8758711815E-01     0.6621223122         0.4671595097E-01
    0.2610446811         0.2551317215E-01     0.4330348969E-02     0.2810274363         0.6512939334         0.9353038036E-02     0.9536138773E-01     0.1957645774         0.3007119894E-01     0.8593919277E-01
    0.2174200296         0.1788870692    

                         STEP LENGTH (VM)
    0.1910207361         0.1000000000         0.2000000000          1.000000000         0.1000000000         0.2000000000          1.000000000         0.3790960504E-01     0.1000000000         0.2000000000    
     1.000000000         0.1000000000         0.2000000000          1.000000000         0.8957763418E-02     0.1000000000         0.2000000000          1.000000000         0.1000000000         0.2000000000    
     1.000000000         0.1560361155         0.1000000000         0.2000000000          1.000000000         0.1000000000         0.2000000000          1.000000000         0.6615909434E-01     0.1000000000    
    0.2000000000          1.000000000         0.1000000000         0.2000000000          1.000000000         0.6835709303E-01     0.1000000000         0.2000000000          1.000000000         0.1000000000    
    0.2000000000          1.000000000    
 

 INTERMEDIATE RESULTS BEFORE NEXT TEMPERATURE REDUCTION

  CURRENT TEMPERATURE:             0.15856E-01
  MIN FUNCTION VALUE SO FAR:   0.475270548036477170E-01
  TOTAL MOVES:                    1680
     DOWNHILL:                    1192
     ACCEPTED UPHILL:              320
     REJECTED UPHILL:              168
  TRIALS OUT OF BOUNDS:            757
  NEW MINIMA THIS TEMPERATURE:       0

                         CURRENT OPTIMAL X
    0.9948263168         0.9279385805E-01     0.2772627473         0.9228795767         0.9859923124E-01     0.2628720284         0.1123508215         0.6894015913         0.6748616695E-03     0.1925710678    
    0.4418671131         0.5168997645E-01     0.1159112215         0.7870662212         0.9882034413         0.9955071807E-01     0.1289961100         0.3299484849         0.1000481844E-01     0.2069373846    
    0.7279403806         0.3982428725E-02     0.6304355860E-01     0.2166458130         0.2067785859         0.3681982756E-01     0.2027478695         0.6420164108         0.6621223122         0.6302177906E-01
    0.2844339371         0.5206311941         0.9931676388E-01     0.1980850220         0.5629392862         0.9353038036E-02     0.8899550438E-01     0.2349686265         0.9741206169         0.8753119111E-01
    0.1856719136         0.8085955381    

                         STEP LENGTH (VM)
    0.7319147344E-01     0.1000000000         0.2000000000          1.000000000         0.1000000000         0.2000000000          1.000000000         0.2107714738E-01     0.1000000000         0.2000000000    
     1.000000000         0.1000000000         0.2000000000          1.000000000         0.1143929920E-01     0.1000000000         0.2000000000          1.000000000         0.1000000000         0.2000000000    
     1.000000000         0.8912019753E-01     0.1000000000         0.2000000000          1.000000000         0.1000000000         0.2000000000          1.000000000         0.3024155043E-01     0.1000000000    
    0.2000000000          1.000000000         0.1000000000         0.2000000000          1.000000000         0.2369885008E-01     0.1000000000         0.2000000000          1.000000000         0.1000000000    
    0.2000000000          1.000000000    
 

 INTERMEDIATE RESULTS BEFORE NEXT TEMPERATURE REDUCTION

  CURRENT TEMPERATURE:             0.11892E-01
  MIN FUNCTION VALUE SO FAR:   0.431766034727650849E-01
  TOTAL MOVES:                    1680
     DOWNHILL:                    1173
     ACCEPTED UPHILL:              320
     REJECTED UPHILL:              187
  TRIALS OUT OF BOUNDS:            741
  NEW MINIMA THIS TEMPERATURE:       2

                         CURRENT OPTIMAL X
    0.9996037078         0.1229851246E-01     0.1484796643         0.4479649663         0.2359908819E-01     0.1035657883         0.5421506763         0.6969242347         0.7476631403E-01     0.2793504596    
    0.5325241089         0.3232914805E-01     0.2178579330         0.2969544530         0.9969806019         0.9848635197E-01     0.1438582824         0.8000131249         0.4409090877E-01     0.2222963572    
    0.3313231468         0.7311089421E-02     0.9994425178E-01     0.1112393379         0.6445691586         0.8924973607E-01     0.2284587502         0.2820824385         0.7014226269         0.4662615061E-01
    0.1887718678         0.2530264854         0.3890532851E-01     0.2631072640         0.6171259284         0.1646222774E-02     0.7248477340E-01     0.1302128434         0.1177805066         0.2508520484E-01
    0.2404549479         0.7340062857    

                         STEP LENGTH (VM)
    0.6526080263E-01     0.1000000000         0.2000000000          1.000000000         0.1000000000         0.2000000000          1.000000000         0.1837010877E-01     0.1000000000         0.2000000000    
     1.000000000         0.1000000000         0.2000000000          1.000000000         0.7486930388E-02     0.1000000000         0.2000000000          1.000000000         0.1000000000         0.2000000000    
     1.000000000         0.3480892079E-01     0.1000000000         0.2000000000          1.000000000         0.1000000000         0.2000000000          1.000000000         0.4326936207E-01     0.1000000000    
    0.2000000000          1.000000000         0.1000000000         0.2000000000          1.000000000         0.1855782325E-01     0.1000000000         0.2000000000          1.000000000         0.1000000000    
    0.2000000000          1.000000000    
 

 INTERMEDIATE RESULTS BEFORE NEXT TEMPERATURE REDUCTION

  CURRENT TEMPERATURE:             0.89190E-02
  MIN FUNCTION VALUE SO FAR:   0.418949782526281123E-01
  TOTAL MOVES:                    1680
     DOWNHILL:                    1132
     ACCEPTED UPHILL:              341
     REJECTED UPHILL:              207
  TRIALS OUT OF BOUNDS:            721
  NEW MINIMA THIS TEMPERATURE:       1

                         CURRENT OPTIMAL X
    0.9995964415         0.3613615036E-01     0.2449748278         0.1512859464         0.9308364391E-01     0.1242230654         0.5903065801         0.6930863055         0.7565401793E-01     0.2026518822    
    0.8292454481         0.8455955386E-01     0.1309261680         0.5117323995         0.9969806019         0.9848635197E-01     0.1975106597         0.7520568371         0.2954214215E-01     0.1102634788    
    0.4489099979E-01     0.7311089421E-02     0.9994425178E-01     0.2934116125         0.1137520075         0.6091898084E-01     0.1801703572         0.3090754151         0.7014226269         0.9117130041E-01
    0.2289772034         0.7819901109         0.6088608503E-01     0.2036445022         0.5979082584         0.1646222774E-02     0.7248477340E-01     0.2675726533         0.4502493739         0.8540077806E-01
    0.2243002534         0.9595481157    

                         STEP LENGTH (VM)
    0.6008288318E-01     0.1000000000         0.2000000000          1.000000000         0.1000000000         0.2000000000          1.000000000         0.1830291901E-01     0.1434798815E-01     0.5744680592E-01
    0.2356792112         0.1000000000         0.2000000000          1.000000000         0.4630073278E-02     0.1000000000         0.2000000000          1.000000000         0.1000000000         0.2000000000    
     1.000000000         0.1980330284E-01     0.1000000000         0.2000000000          1.000000000         0.1000000000         0.2000000000          1.000000000         0.1550680281E-01     0.1000000000    
    0.2000000000          1.000000000         0.1000000000         0.2000000000          1.000000000         0.2392411627E-01     0.1000000000         0.2000000000          1.000000000         0.1000000000    
    0.2000000000          1.000000000    
 

 INTERMEDIATE RESULTS BEFORE NEXT TEMPERATURE REDUCTION

  CURRENT TEMPERATURE:             0.66893E-02
  MIN FUNCTION VALUE SO FAR:   0.404873228156049647E-01
  TOTAL MOVES:                    1680
     DOWNHILL:                    1168
     ACCEPTED UPHILL:              303
     REJECTED UPHILL:              209
  TRIALS OUT OF BOUNDS:            755
  NEW MINIMA THIS TEMPERATURE:       5

                         CURRENT OPTIMAL X
    0.9995964415         0.9737113714E-01     0.1050186276         0.2957074046         0.6547007561E-01     0.2883814812         0.1574130654         0.6867629825         0.5625681877E-01     0.2474535823    
    0.9257138371         0.7471740842E-01     0.1622305274         0.3313899040E-02     0.9998546744         0.5555132031E-01     0.1757143140         0.9581452012         0.7257670164E-01     0.2192802787    
    0.7630443573         0.2825740545E-02     0.4008322358E-01     0.1036262274         0.6858998537E-01     0.2990221977E-01     0.1426756859         0.5658207536         0.6999445283         0.4520376921E-01
    0.2103266120         0.8216231465         0.7981031537E-01     0.2017359853         0.9916297793         0.4945358046E-02     0.1040281057E-01     0.2715357661         0.1821339130E-02     0.3146870136E-01
    0.1989061475         0.5615617633    

                         STEP LENGTH (VM)
    0.1995010432E-01     0.1000000000         0.2000000000          1.000000000         0.1000000000         0.2000000000          1.000000000         0.8741689090E-02     0.1000000000         0.2000000000    
     1.000000000         0.1000000000         0.2000000000          1.000000000         0.1933521787E-02     0.1000000000         0.2000000000          1.000000000         0.1000000000         0.2000000000    
     1.000000000         0.1554052635E-01     0.1000000000         0.2000000000          1.000000000         0.1000000000         0.2000000000          1.000000000         0.8667396988E-02     0.1000000000    
    0.2000000000          1.000000000         0.1000000000         0.2000000000          1.000000000         0.1397489867E-01     0.1000000000         0.2000000000          1.000000000         0.1000000000    
    0.2000000000          1.000000000    
 

 INTERMEDIATE RESULTS BEFORE NEXT TEMPERATURE REDUCTION

  CURRENT TEMPERATURE:             0.50170E-02
  MIN FUNCTION VALUE SO FAR:   0.404609444988898170E-01
  TOTAL MOVES:                    1680
     DOWNHILL:                    1193
     ACCEPTED UPHILL:              291
     REJECTED UPHILL:              196
  TRIALS OUT OF BOUNDS:            759
  NEW MINIMA THIS TEMPERATURE:       0

                         CURRENT OPTIMAL X
    0.9995964415         0.9037957191E-01     0.1972576499         0.7315209508         0.9522527456E-01     0.2717560530         0.5441127419         0.6867629825         0.5625681877E-01     0.2293291211    
    0.2052621245         0.5533188581E-02     0.1789304256         0.9078520536         0.9998546744         0.6220417619E-01     0.2885596752         0.9581452012         0.7257670164E-01     0.2192802787    
    0.7630443573         0.2825740545E-02     0.4008322358E-01     0.1036262274         0.6858998537E-01     0.2990221977E-01     0.1426756859         0.5658207536         0.6999445283         0.4520376921E-01
    0.2103266120         0.8216231465         0.7981031537E-01     0.2017359853         0.9916297793         0.4945358046E-02     0.1040281057E-01     0.2715357661         0.1821339130E-02     0.3146870136E-01
    0.1989061475         0.5615617633    

                         STEP LENGTH (VM)
    0.3570627806E-01     0.1000000000         0.2000000000          1.000000000         0.1000000000         0.2000000000          1.000000000         0.6120238508E-02     0.1000000000         0.2000000000    
     1.000000000         0.1000000000         0.2000000000          1.000000000         0.1058210842E-02     0.1000000000         0.2000000000          1.000000000         0.1000000000         0.2000000000    
     1.000000000         0.1143767395E-01     0.1000000000         0.2000000000          1.000000000         0.1000000000         0.2000000000          1.000000000         0.1137595320E-01     0.1000000000    
    0.2000000000          1.000000000         0.1000000000         0.2000000000          1.000000000         0.4982986868E-02     0.1000000000         0.2000000000          1.000000000         0.1000000000    
    0.2000000000          1.000000000    
 

 INTERMEDIATE RESULTS BEFORE NEXT TEMPERATURE REDUCTION

  CURRENT TEMPERATURE:             0.37627E-02
  MIN FUNCTION VALUE SO FAR:   0.401986286489033340E-01
  TOTAL MOVES:                    1680
     DOWNHILL:                    1209
     ACCEPTED UPHILL:              285
     REJECTED UPHILL:              186
  TRIALS OUT OF BOUNDS:            779
  NEW MINIMA THIS TEMPERATURE:       0

                         CURRENT OPTIMAL X
    0.9989378973         0.5417021513E-01     0.1613296390         0.4907224178         0.3701258898E-01     0.2161520243         0.4947065115         0.6930418352         0.1252778769E-01     0.2645230651    
    0.4091045260         0.9887683392E-02     0.1210424423         0.7288737297         0.9994232006         0.8635486364E-01     0.2239300132         0.5758477449         0.2008615136E-01     0.2526477456    
    0.6465036273         0.3477327716E-02     0.3187363744E-01     0.2888038754         0.3983766437         0.3287461400E-01     0.2891038299         0.5290931463E-01     0.7020953842         0.2187609673E-02
    0.1794692397         0.9251248240         0.4793710709E-01     0.1218342304         0.7997845411         0.6429044198E-02     0.8146846890E-01     0.2414910316         0.3423788548         0.1612836719E-01
    0.2617041945         0.1078963280    

                         STEP LENGTH (VM)
    0.3469822428E-02     0.1000000000         0.2000000000          1.000000000         0.1000000000         0.2000000000          1.000000000         0.2489761008E-02     0.1000000000         0.2000000000    
     1.000000000         0.1000000000         0.2000000000          1.000000000         0.2501778749E-02     0.1000000000         0.2000000000          1.000000000         0.1000000000         0.2000000000    
     1.000000000         0.1099486757E-01     0.1000000000         0.2000000000          1.000000000         0.1000000000         0.2000000000          1.000000000         0.3273206140E-02     0.1000000000    
    0.2000000000          1.000000000         0.1000000000         0.2000000000          1.000000000         0.1151473396E-01     0.1000000000         0.2000000000          1.000000000         0.1000000000    
    0.2000000000          1.000000000    
 

 INTERMEDIATE RESULTS BEFORE NEXT TEMPERATURE REDUCTION

  CURRENT TEMPERATURE:             0.28220E-02
  MIN FUNCTION VALUE SO FAR:   0.391240463487873003E-01
  TOTAL MOVES:                    1680
     DOWNHILL:                    1198
     ACCEPTED UPHILL:              262
     REJECTED UPHILL:              220
  TRIALS OUT OF BOUNDS:            765
  NEW MINIMA THIS TEMPERATURE:       0

                         CURRENT OPTIMAL X
    0.9981121569         0.9335358143E-01     0.2972117066         0.2207120061         0.7315698266E-01     0.1346506357         0.1492912769         0.6948150726         0.3085129261E-01     0.1008472508    
    0.1531918645         0.9251471758E-01     0.2250600219         0.6731304526         0.9993477402         0.9871498942E-01     0.1060900211         0.5541356802         0.1867179275E-01     0.2908979297    
    0.4075061083         0.2322783629E-02     0.3475972414E-01     0.2017521024         0.6700522304         0.3403929472E-01     0.1615073085         0.8519729972         0.7069502906         0.9980242848E-01
    0.2140932441         0.3500451446         0.3100972176E-01     0.2432814598         0.5492268801         0.6471017051E-02     0.8628354669E-01     0.1834768176         0.8390846848         0.3507405519E-02
    0.1574442029         0.2616512179    

                         STEP LENGTH (VM)
    0.4754939281E-02     0.1000000000         0.2000000000          1.000000000         0.1000000000         0.2000000000          1.000000000         0.2811260452E-02     0.1000000000         0.2000000000    
     1.000000000         0.1000000000         0.2000000000          1.000000000         0.1667852064E-02     0.1000000000         0.2000000000          1.000000000         0.1000000000         0.2000000000    
     1.000000000         0.6781452990E-02     0.1000000000         0.2000000000          1.000000000         0.1000000000         0.2000000000          1.000000000         0.3740804887E-02     0.1000000000    
    0.2000000000          1.000000000         0.1000000000         0.2000000000          1.000000000         0.8540520339E-02     0.7901234175E-01     0.2000000000          1.000000000         0.1000000000    
    0.2000000000          1.000000000    
 

 INTERMEDIATE RESULTS BEFORE NEXT TEMPERATURE REDUCTION

  CURRENT TEMPERATURE:             0.21165E-02
  MIN FUNCTION VALUE SO FAR:   0.391239871885650237E-01
  TOTAL MOVES:                    1680
     DOWNHILL:                    1144
     ACCEPTED UPHILL:              292
     REJECTED UPHILL:              244
  TRIALS OUT OF BOUNDS:            727
  NEW MINIMA THIS TEMPERATURE:       0

                         CURRENT OPTIMAL X
    0.9981121569         0.6468937397E-01     0.2844635725         0.2207120061         0.7315698266E-01     0.1346506357         0.1492912769         0.6948150726         0.3085129261E-01     0.1008472508    
    0.1531918645         0.9251471758E-01     0.2250600219         0.6731304526         0.9993477402         0.9871498942E-01     0.1060900211         0.5541356802         0.1867179275E-01     0.2908979297    
    0.4075061083         0.2322783629E-02     0.3475972414E-01     0.2017521024         0.6700522304         0.3403929472E-01     0.1615073085         0.8519729972         0.7069502906         0.9980242848E-01
    0.2140932441         0.3500451446         0.3100972176E-01     0.2432814598         0.5492268801         0.6471017051E-02     0.8628354669E-01     0.1834768176         0.8390846848         0.3507405519E-02
    0.1574442029         0.2616512179    

                         STEP LENGTH (VM)
    0.5497896068E-02     0.1000000000         0.2000000000          1.000000000         0.1000000000         0.2000000000          1.000000000         0.2088092326E-02     0.1000000000         0.2000000000    
     1.000000000         0.1000000000         0.2000000000          1.000000000         0.8326186600E-03     0.1000000000         0.2000000000          1.000000000         0.1000000000         0.2000000000    
     1.000000000         0.5227368565E-02     0.1000000000         0.2000000000          1.000000000         0.1000000000         0.2000000000          1.000000000         0.2556277919E-02     0.1000000000    
    0.2000000000          1.000000000         0.1000000000         0.2000000000          1.000000000         0.8586820096E-02     0.1000000000         0.2000000000          1.000000000         0.1000000000    
    0.2000000000          1.000000000    
 

 INTERMEDIATE RESULTS BEFORE NEXT TEMPERATURE REDUCTION

  CURRENT TEMPERATURE:             0.15874E-02
  MIN FUNCTION VALUE SO FAR:   0.374711946100492188E-01
  TOTAL MOVES:                    1680
     DOWNHILL:                    1128
     ACCEPTED UPHILL:              295
     REJECTED UPHILL:              257
  TRIALS OUT OF BOUNDS:            716
  NEW MINIMA THIS TEMPERATURE:       0

                         CURRENT OPTIMAL X
    0.9998800728         0.5149563551E-01     0.2343560100         0.5436781049         0.6824529171E-01     0.2251917720         0.3074824810E-01     0.6941879990         0.2640329567E-01     0.1019058226    
    0.3345718586E-01     0.3088735938E-01     0.2189641356         0.7128787041         0.9999103370         0.9652271271E-01     0.1240575552         0.7751573920         0.6611123681E-01     0.2829297781    
    0.6533654928         0.7525111627E-02     0.4624181986E-01     0.2204903007         0.2681844234         0.5253506899E-01     0.2012311459         0.9906589985E-02     0.7007855243         0.8901472092E-01
    0.2297741744         0.6900068521         0.2668961287E-01     0.2083584785         0.3828477859         0.6947245341E-02     0.3211355805E-01     0.1938511372         0.1216256618E-01     0.2278022170E-01
    0.2873757124         0.6116834879    

                         STEP LENGTH (VM)
    0.9179710705E-02     0.1000000000         0.2000000000          1.000000000         0.1000000000         0.2000000000          1.000000000         0.2088091847E-02     0.1648316742E-02     0.5985498204E-02
    0.1474632949         0.1000000000         0.2000000000          1.000000000         0.1044373525E-02     0.1000000000         0.2000000000          1.000000000         0.1000000000         0.2000000000    
     1.000000000         0.3472166452E-02     0.1000000000         0.2000000000          1.000000000         0.1000000000         0.2000000000          1.000000000         0.1982890526E-02     0.1000000000    
    0.2000000000          1.000000000         0.1000000000         0.2000000000          1.000000000         0.6262748357E-02     0.1000000000         0.2000000000          1.000000000         0.1000000000    
    0.2000000000          1.000000000    
 

 INTERMEDIATE RESULTS BEFORE NEXT TEMPERATURE REDUCTION

  CURRENT TEMPERATURE:             0.11905E-02
  MIN FUNCTION VALUE SO FAR:   0.373993754975416870E-01
  TOTAL MOVES:                    1680
     DOWNHILL:                    1177
     ACCEPTED UPHILL:              250
     REJECTED UPHILL:              253
  TRIALS OUT OF BOUNDS:            713
  NEW MINIMA THIS TEMPERATURE:       0

                         CURRENT OPTIMAL X
    0.9998800728         0.7879052162E-01     0.2179960370         0.1610946059         0.4208554029E-01     0.1334367156         0.6103676558         0.6941879990         0.2640329567E-01     0.1019058226    
    0.3345718586E-01     0.2305507064E-01     0.2929780841         0.3094069362         0.9999103370         0.7070767879E-01     0.1875110626         0.7140704989         0.7321638465E-01     0.1606449842    
    0.4347507954         0.9082557635E-02     0.4624181986E-01     0.2204903007         0.1387256384         0.4923630357E-01     0.1000522614         0.7830894589         0.7007855243         0.3972380757E-01
    0.2297741744         0.6900068521         0.2668961287E-01     0.2083584785         0.3828477859         0.6947245341E-02     0.3211355805E-01     0.1938511372         0.1216256618E-01     0.2278022170E-01
    0.2873757124         0.6116834879    

                         STEP LENGTH (VM)
    0.7692322320E-02     0.1000000000         0.2000000000          1.000000000         0.1000000000         0.2000000000          1.000000000         0.1486541085E-02     0.1709807015E-02     0.5641982297E-02
    0.1354711568         0.1000000000         0.2000000000          1.000000000         0.5999589515E-03     0.1000000000         0.2000000000          1.000000000         0.1000000000         0.2000000000    
     1.000000000         0.1007696679E-01     0.1000000000         0.2000000000          1.000000000         0.1000000000         0.2000000000          1.000000000         0.1469941543E-02     0.1000000000    
    0.2000000000          1.000000000         0.1000000000         0.2000000000          1.000000000         0.7306538071E-02     0.8888887675E-01     0.2000000000          1.000000000         0.1000000000    
    0.2000000000          1.000000000    
 

 INTERMEDIATE RESULTS BEFORE NEXT TEMPERATURE REDUCTION

  CURRENT TEMPERATURE:             0.89291E-03
  MIN FUNCTION VALUE SO FAR:   0.373993754947176127E-01
  TOTAL MOVES:                    1680
     DOWNHILL:                    1148
     ACCEPTED UPHILL:              251
     REJECTED UPHILL:              281
  TRIALS OUT OF BOUNDS:            712
  NEW MINIMA THIS TEMPERATURE:       0

                         CURRENT OPTIMAL X
    0.9998800728         0.7879052162E-01     0.1640134335         0.1610946059         0.4208554029E-01     0.1334367156         0.6103676558         0.6941879990         0.2640329567E-01     0.1019058226    
    0.3345718586E-01     0.2305507064E-01     0.2929780841         0.3094069362         0.9999103370         0.7070767879E-01     0.1875110626         0.7140704989         0.7321638465E-01     0.1606449842    
    0.4347507954         0.9082557635E-02     0.4624181986E-01     0.2204903007         0.1387256384         0.4923630357E-01     0.1000522614         0.7830894589         0.7007855243         0.3972380757E-01
    0.2297741744         0.6900068521         0.2668961287E-01     0.2083584785         0.3828477859         0.6947245341E-02     0.3211355805E-01     0.1938511372         0.1216256618E-01     0.2278022170E-01
    0.2873757124         0.6116834879    

                         STEP LENGTH (VM)
    0.6145547074E-02     0.1000000000         0.2000000000          1.000000000         0.1000000000         0.2000000000          1.000000000         0.9431721034E-03     0.9403494129E-03     0.2788314935E-02
    0.7929028639E-01     0.1000000000         0.2000000000          1.000000000         0.1969468836E-03     0.1000000000         0.2000000000          1.000000000         0.1000000000         0.2000000000    
     1.000000000         0.6426428174E-02     0.1000000000         0.2000000000          1.000000000         0.1000000000         0.2000000000          1.000000000         0.1732934454E-02     0.5816325956E-01
    0.2000000000          1.000000000         0.1000000000         0.2000000000          1.000000000         0.1240826445E-01     0.6486486395E-01     0.2000000000          1.000000000         0.1000000000    
    0.2000000000          1.000000000    
 

 INTERMEDIATE RESULTS BEFORE NEXT TEMPERATURE REDUCTION

  CURRENT TEMPERATURE:             0.66968E-03
  MIN FUNCTION VALUE SO FAR:   0.373261842180224734E-01
  TOTAL MOVES:                    1680
     DOWNHILL:                    1165
     ACCEPTED UPHILL:              240
     REJECTED UPHILL:              275
  TRIALS OUT OF BOUNDS:            668
  NEW MINIMA THIS TEMPERATURE:       1

                         CURRENT OPTIMAL X
    0.9998334874         0.9414267540E-01     0.2076518416         0.4764083028         0.2600495815E-01     0.2290036440         0.2318772674         0.6941879990         0.2621307189E-01     0.1036323761    
    0.1748405762E-02     0.3112094998E-01     0.1598761201         0.2268040180E-01     0.9999957897         0.9851166010E-01     0.1168387771         0.2379919291         0.6384759545E-01     0.2028014779    
    0.9422370195         0.9298628703E-02     0.5229544044E-01     0.2825355172         0.9609275460         0.9837008715E-01     0.1499680996         0.1953491569         0.7006412588         0.4901028872E-01
    0.1314473271         0.2998161316E-01     0.4584996700E-01     0.1827637434         0.5605972409         0.5738165950E-02     0.7554830313E-01     0.1279273748         0.6299467087         0.9082164168E-01
    0.2492772579         0.9488397241    

                         STEP LENGTH (VM)
    0.4283548500E-02     0.1000000000         0.2000000000          1.000000000         0.1000000000         0.2000000000          1.000000000         0.7312271801E-03     0.9818104965E-03     0.4957001436E-02
    0.5725933705E-01     0.1000000000         0.2000000000          1.000000000         0.4092591130E-03     0.1000000000         0.2000000000          1.000000000         0.1000000000         0.2000000000    
     1.000000000         0.8559029180E-02     0.1000000000         0.2000000000          1.000000000         0.1000000000         0.2000000000          1.000000000         0.1040384878E-02     0.1000000000    
    0.2000000000          1.000000000         0.1000000000         0.2000000000          1.000000000         0.8714717932E-02     0.1000000000         0.2000000000          1.000000000         0.1000000000    
    0.2000000000          1.000000000    
 

 INTERMEDIATE RESULTS BEFORE NEXT TEMPERATURE REDUCTION

  CURRENT TEMPERATURE:             0.50226E-03
  MIN FUNCTION VALUE SO FAR:   0.373038643374632439E-01
  TOTAL MOVES:                    1680
     DOWNHILL:                    1118
     ACCEPTED UPHILL:              236
     REJECTED UPHILL:              326
  TRIALS OUT OF BOUNDS:            721
  NEW MINIMA THIS TEMPERATURE:       0

                         CURRENT OPTIMAL X
    0.9998334874         0.3815740347E-01     0.2307945132         0.4764083028         0.2600495815E-01     0.2290036440         0.2318772674         0.6941879990         0.2621307189E-01     0.1036323761    
    0.1748405762E-02     0.3112094998E-01     0.1598761201         0.2268040180E-01     0.9999957897         0.9851166010E-01     0.1168387771         0.2379919291         0.6384759545E-01     0.2028014779    
    0.9422370195         0.9298628703E-02     0.5229544044E-01     0.2825355172         0.9609275460         0.9837008715E-01     0.1499680996         0.1953491569         0.7006412588         0.4901028872E-01
    0.1314473271         0.2998161316E-01     0.4584996700E-01     0.1827637434         0.5605972409         0.5738165950E-02     0.7554830313E-01     0.1279273748         0.6299467087         0.9082164168E-01
    0.2492772579         0.9488397241    

                         STEP LENGTH (VM)
    0.2122649759E-02     0.1000000000         0.2000000000          1.000000000         0.1000000000         0.2000000000          1.000000000         0.4328689559E-03     0.4094034048E-03     0.2440832463E-02
    0.1435164720E-01     0.1000000000         0.2000000000          1.000000000         0.2241499900E-03     0.1000000000         0.2000000000          1.000000000         0.1000000000         0.2000000000    
     1.000000000         0.8936408668E-02     0.1000000000         0.2000000000          1.000000000         0.1000000000         0.2000000000          1.000000000         0.8582769951E-03     0.1976664358E-01
    0.8571428321E-01     0.2130177490         0.1000000000         0.2000000000          1.000000000         0.7754261033E-02     0.6666666377E-01     0.2000000000          1.000000000         0.1000000000    
    0.2000000000          1.000000000    
 

 INTERMEDIATE RESULTS BEFORE NEXT TEMPERATURE REDUCTION

  CURRENT TEMPERATURE:             0.37670E-03
  MIN FUNCTION VALUE SO FAR:   0.373038643374632439E-01
  TOTAL MOVES:                    1680
     DOWNHILL:                    1130
     ACCEPTED UPHILL:              245
     REJECTED UPHILL:              305
  TRIALS OUT OF BOUNDS:            676
  NEW MINIMA THIS TEMPERATURE:       0

                         CURRENT OPTIMAL X
    0.9998334874         0.3815740347E-01     0.2307945132         0.4764083028         0.2600495815E-01     0.2290036440         0.2318772674         0.6941879990         0.2621307189E-01     0.1036323761    
    0.1748405762E-02     0.3112094998E-01     0.1598761201         0.2268040180E-01     0.9999957897         0.9851166010E-01     0.1168387771         0.2379919291         0.6384759545E-01     0.2028014779    
    0.9422370195         0.9298628703E-02     0.5229544044E-01     0.2825355172         0.9609275460         0.9837008715E-01     0.1499680996         0.1953491569         0.7006412588         0.4901028872E-01
    0.1314473271         0.2998161316E-01     0.4584996700E-01     0.1827637434         0.5605972409         0.5738165950E-02     0.7554830313E-01     0.1279273748         0.6299467087         0.9082164168E-01
    0.2492772579         0.9488397241    

                         STEP LENGTH (VM)
    0.1327336177E-02     0.1000000000         0.2000000000          1.000000000         0.1000000000         0.2000000000          1.000000000         0.4446646358E-03     0.2888575561E-03     0.1587494331E-02
    0.2878035923E-01     0.1000000000         0.2000000000          1.000000000         0.1764583856E-03     0.8437496700E-01     0.2000000000          1.000000000         0.1000000000         0.2000000000    
     1.000000000         0.6179328425E-02     0.1000000000         0.2000000000          1.000000000         0.1000000000         0.2000000000          1.000000000         0.8350799833E-03     0.2129302256E-01
    0.9729729411E-01     0.5106382938         0.1000000000         0.2000000000          1.000000000         0.1312044804E-01     0.1000000000         0.2000000000          1.000000000         0.1000000000    
    0.2000000000          1.000000000    
 

 INTERMEDIATE RESULTS BEFORE NEXT TEMPERATURE REDUCTION

  CURRENT TEMPERATURE:             0.28252E-03
  MIN FUNCTION VALUE SO FAR:   0.373038643374632439E-01
  TOTAL MOVES:                    1680
     DOWNHILL:                    1133
     ACCEPTED UPHILL:              250
     REJECTED UPHILL:              297
  TRIALS OUT OF BOUNDS:            657
  NEW MINIMA THIS TEMPERATURE:       0

                         CURRENT OPTIMAL X
    0.9998334874         0.3815740347E-01     0.2307945132         0.4764083028         0.2600495815E-01     0.2290036440         0.2318772674         0.6941879990         0.2621307189E-01     0.1036323761    
    0.1748405762E-02     0.3112094998E-01     0.1598761201         0.2268040180E-01     0.9999957897         0.9851166010E-01     0.1168387771         0.2379919291         0.6384759545E-01     0.2028014779    
    0.9422370195         0.9298628703E-02     0.5229544044E-01     0.2825355172         0.9609275460         0.9837008715E-01     0.1499680996         0.1953491569         0.7006412588         0.4901028872E-01
    0.1314473271         0.2998161316E-01     0.4584996700E-01     0.1827637434         0.5605972409         0.5738165950E-02     0.7554830313E-01     0.1279273748         0.6299467087         0.9082164168E-01
    0.2492772579         0.9488397241    

                         STEP LENGTH (VM)
    0.2685779880E-02     0.1000000000         0.2000000000          1.000000000         0.1000000000         0.2000000000          1.000000000         0.1948078874E-03     0.2021319341E-03     0.6584639488E-03
    0.1762200516E-01     0.1000000000         0.2000000000          1.000000000         0.1566545776E-03     0.8888888668E-01     0.2000000000          1.000000000         0.1000000000         0.2000000000    
     1.000000000         0.8067451726E-02     0.1000000000         0.2000000000          1.000000000         0.1000000000         0.2000000000          1.000000000         0.3312626469E-03     0.1000000000    
    0.2000000000          1.000000000         0.1000000000         0.2000000000          1.000000000         0.1059727931E-01     0.7297295594E-01     0.2000000000          1.000000000         0.1000000000    
    0.2000000000          1.000000000    
 

 INTERMEDIATE RESULTS BEFORE NEXT TEMPERATURE REDUCTION

  CURRENT TEMPERATURE:             0.21189E-03
  MIN FUNCTION VALUE SO FAR:   0.372991164156858401E-01
  TOTAL MOVES:                    1680
     DOWNHILL:                    1156
     ACCEPTED UPHILL:              192
     REJECTED UPHILL:              332
  TRIALS OUT OF BOUNDS:            692
  NEW MINIMA THIS TEMPERATURE:       0

                         CURRENT OPTIMAL X
    0.9998334874         0.9409822226E-01     0.2826416254         0.2292945385         0.5331562161E-01     0.2485674739         0.3599200845         0.6941879990         0.2620733381E-01     0.1036323761    
    0.1748405762E-02     0.3112094998E-01     0.1598761201         0.2268040180E-01     0.9999957897         0.9851166010E-01     0.1168387771         0.2379919291         0.6384759545E-01     0.2028014779    
    0.9422370195         0.9298628703E-02     0.5229544044E-01     0.2825355172         0.9609275460         0.9837008715E-01     0.1499680996         0.1953491569         0.7006412588         0.4901028872E-01
    0.1314473271         0.2998161316E-01     0.4584996700E-01     0.1827637434         0.5605972409         0.5738165950E-02     0.7554830313E-01     0.1279273748         0.6299467087         0.9082164168E-01
    0.2492772579         0.9488397241    

                         STEP LENGTH (VM)
    0.2613604662E-03     0.1000000000         0.2000000000          1.000000000         0.1000000000         0.2000000000          1.000000000         0.6429468245E-04     0.2060939551E-03     0.9104684363E-03
    0.1411351736E-01     0.1000000000         0.2000000000          1.000000000         0.1175767538E-03     0.1000000000         0.2000000000          1.000000000         0.1000000000         0.2000000000    
     1.000000000         0.1318673600E-02     0.1000000000         0.2000000000          1.000000000         0.1000000000         0.2000000000          1.000000000         0.7430610874E-04     0.4571762707E-02
    0.2434488535E-01     0.5548531270E-01     0.1000000000         0.2000000000          1.000000000         0.8031392844E-02     0.8888888057E-01     0.2000000000          1.000000000         0.1000000000    
    0.2000000000          1.000000000    
 

 INTERMEDIATE RESULTS BEFORE NEXT TEMPERATURE REDUCTION

  CURRENT TEMPERATURE:             0.15892E-03
  MIN FUNCTION VALUE SO FAR:   0.372944674141741928E-01
  TOTAL MOVES:                    1680
     DOWNHILL:                    1125
     ACCEPTED UPHILL:              224
     REJECTED UPHILL:              331
  TRIALS OUT OF BOUNDS:            642
  NEW MINIMA THIS TEMPERATURE:       0

                         CURRENT OPTIMAL X
    0.9999144111         0.8535776734E-01     0.1296151400         0.3973155022         0.8146742582E-01     0.1535944343         0.5825842023         0.6941765855         0.2620733381E-01     0.1036323761    
    0.1748405762E-02     0.3112094998E-01     0.1598761201         0.2268040180E-01     0.9999957897         0.9851166010E-01     0.1168387771         0.2379919291         0.6384759545E-01     0.2028014779    
    0.9422370195         0.9298628703E-02     0.5229544044E-01     0.2825355172         0.9609275460         0.9837008715E-01     0.1499680996         0.1953491569         0.7006412588         0.4901028872E-01
    0.1314473271         0.2998161316E-01     0.4584996700E-01     0.1827637434         0.5605972409         0.5738165950E-02     0.7554830313E-01     0.1279273748         0.6299467087         0.9082164168E-01
    0.2492772579         0.9488397241    

                         STEP LENGTH (VM)
    0.1214755816E-02     0.1000000000         0.2000000000          1.000000000         0.1000000000         0.2000000000          1.000000000         0.1840816567E-03     0.1324888955E-03     0.6028774267E-03
    0.9154711393E-02     0.1000000000         0.2000000000          1.000000000         0.6729840513E-04     0.1000000000         0.2000000000          1.000000000         0.1000000000         0.2000000000    
     1.000000000         0.4617790152E-02     0.2908120640E-01     0.2000000000         0.6607142118         0.1000000000         0.2000000000          1.000000000         0.2796925678E-03     0.1000000000    
    0.2000000000          1.000000000         0.1000000000         0.2000000000          1.000000000         0.8791114628E-02     0.6157090325E-01     0.2000000000          1.000000000         0.1000000000    
    0.2000000000          1.000000000    
 

  SA ACHIEVED TERMINATION CRITERIA. IER = 0. 


  ****   RESULTS AFTER SA   ****   

                         SOLUTION
    0.9999144111         0.8535776734E-01     0.1296151400         0.3973155022         0.8146742582E-01     0.1535944343         0.5825842023         0.6941765855         0.2620733381E-01     0.1036323761    
    0.1748405762E-02     0.3112094998E-01     0.1598761201         0.2268040180E-01     0.9999957897         0.9851166010E-01     0.1168387771         0.2379919291         0.6384759545E-01     0.2028014779    
    0.9422370195         0.9298628703E-02     0.5229544044E-01     0.2825355172         0.9609275460         0.9837008715E-01     0.1499680996         0.1953491569         0.7006412588         0.4901028872E-01
    0.1314473271         0.2998161316E-01     0.4584996700E-01     0.1827637434         0.5605972409         0.5738165950E-02     0.7554830313E-01     0.1279273748         0.6299467087         0.9082164168E-01
    0.2492772579         0.9488397241    

                         FINAL STEP LENGTH
    0.1214755816E-02     0.1000000000         0.2000000000          1.000000000         0.1000000000         0.2000000000          1.000000000         0.1840816567E-03     0.1324888955E-03     0.6028774267E-03
    0.9154711393E-02     0.1000000000         0.2000000000          1.000000000         0.6729840513E-04     0.1000000000         0.2000000000          1.000000000         0.1000000000         0.2000000000    
     1.000000000         0.4617790152E-02     0.2908120640E-01     0.2000000000         0.6607142118         0.1000000000         0.2000000000          1.000000000         0.2796925678E-03     0.1000000000    
    0.2000000000          1.000000000         0.1000000000         0.2000000000          1.000000000         0.8791114628E-02     0.6157090325E-01     0.2000000000          1.000000000         0.1000000000    
    0.2000000000          1.000000000    

 OPTIMAL FUNCTION VALUE:  0.3729446741417E-01
 NUMBER OF FUNCTION EVALUATIONS:          62161
 NUMBER OF ACCEPTED EVALUATIONS:          55862
 NUMBER OF OUT OF BOUND EVALUATIONS:      28240
 FINAL TEMP:  0.1589188766283E-03  IER:   0
