
 SIMULATED PARALLEL ANNEALING by NEIGHBORHOOD EXAMPLE

 NUMBER OF PARAMETERS:  42   MAXIMAZATION:     F
 INITIAL TEMP:  5.0       RT: 0.75       EPS: 0.10E-02
 NS:  24   NT:   5   NEPS:  4
 MAXEVL:  100000000   IPRINT: 1   ISEED1:    7 ISEED2:    8

                         STARTING VALUES
    0.9999536382         0.9781573415E-01     0.1635499716         0.5593419671         0.2075868845E-02     0.2599897265         0.2189353108         0.1609421373         0.5913868109E-01     0.2838461041    
    0.4253862500         0.8638169169E-01     0.1638730526         0.5777811408         0.9999995795         0.9315555244E-01     0.2754652143         0.1414524317         0.3836750984E-03     0.2356086016    
    0.2922996283         0.9110315918E-02     0.6782280207E-01     0.2271506548         0.3512507677         0.5052385330E-01     0.1368183970         0.1974507570         0.1339248773         0.2629085595E-01
    0.1002112685         0.9627357953         0.8979435563E-01     0.1333556294         0.1411458254         0.3006786665E-02     0.4513443104E-01     0.2599148154         0.7373726368E-01     0.3577584624E-01
    0.2546021342         0.6635351777    

                         INITIAL STEP LENGTH
     1.000000000         0.1000000000         0.2000000000          1.000000000         0.1000000000         0.2000000000          1.000000000          1.000000000         0.1000000000         0.2000000000    
     1.000000000         0.1000000000         0.2000000000          1.000000000          1.000000000         0.1000000000         0.2000000000          1.000000000         0.1000000000         0.2000000000    
     1.000000000          1.000000000         0.1000000000         0.2000000000          1.000000000         0.1000000000         0.2000000000          1.000000000          1.000000000         0.1000000000    
    0.2000000000          1.000000000         0.1000000000         0.2000000000          1.000000000          1.000000000         0.1000000000         0.2000000000          1.000000000         0.1000000000    
    0.2000000000          1.000000000    

                         LOWER BOUND
     0.000000000          0.000000000         0.1000000000          0.000000000          0.000000000         0.1000000000          0.000000000          0.000000000          0.000000000         0.1000000000    
     0.000000000          0.000000000         0.1000000000          0.000000000          0.000000000          0.000000000         0.1000000000          0.000000000          0.000000000         0.1000000000    
     0.000000000          0.000000000          0.000000000         0.1000000000          0.000000000          0.000000000         0.1000000000          0.000000000          0.000000000          0.000000000    
    0.1000000000          0.000000000          0.000000000         0.1000000000          0.000000000          0.000000000          0.000000000         0.1000000000          0.000000000          0.000000000    
    0.1000000000          0.000000000    

                         UPPER BOUND
     1.000000000         0.1000000000         0.3000000000          1.000000000         0.1000000000         0.3000000000          1.000000000          1.000000000         0.1000000000         0.3000000000    
     1.000000000         0.1000000000         0.3000000000          1.000000000          1.000000000         0.1000000000         0.3000000000          1.000000000         0.1000000000         0.3000000000    
     1.000000000          1.000000000         0.1000000000         0.3000000000          1.000000000         0.1000000000         0.3000000000          1.000000000          1.000000000         0.1000000000    
    0.3000000000          1.000000000         0.1000000000         0.3000000000          1.000000000          1.000000000         0.1000000000         0.3000000000          1.000000000         0.1000000000    
    0.3000000000          1.000000000    

                         C VECTOR
     2.000000000          2.000000000          2.000000000          2.000000000          2.000000000          2.000000000          2.000000000          2.000000000          2.000000000          2.000000000    
     2.000000000          2.000000000          2.000000000          2.000000000          2.000000000          2.000000000          2.000000000          2.000000000          2.000000000          2.000000000    
     2.000000000          2.000000000          2.000000000          2.000000000          2.000000000          2.000000000          2.000000000          2.000000000          2.000000000          2.000000000    
     2.000000000          2.000000000          2.000000000          2.000000000          2.000000000          2.000000000          2.000000000          2.000000000          2.000000000          2.000000000    
     2.000000000          2.000000000    

  ****   END OF DRIVER ROUTINE OUTPUT   ****
  ****   BEFORE CALL TO SA.             ****
  

                         INITIAL X
    0.9999536382         0.9781573415E-01     0.1635499716         0.5593419671         0.2075868845E-02     0.2599897265         0.2189353108         0.1609421373         0.5913868109E-01     0.2838461041    
    0.4253862500         0.8638169169E-01     0.1638730526         0.5777811408         0.9999995795         0.9315555244E-01     0.2754652143         0.1414524317         0.3836750984E-03     0.2356086016    
    0.2922996283         0.9110315918E-02     0.6782280207E-01     0.2271506548         0.3512507677         0.5052385330E-01     0.1368183970         0.1974507570         0.1339248773         0.2629085595E-01
    0.1002112685         0.9627357953         0.8979435563E-01     0.1333556294         0.1411458254         0.3006786665E-02     0.4513443104E-01     0.2599148154         0.7373726368E-01     0.3577584624E-01
    0.2546021342         0.6635351777    
  INITIAL F: 
 0.106469832807679812    

 INTERMEDIATE RESULTS BEFORE NEXT TEMPERATURE REDUCTION

  CURRENT TEMPERATURE:              5.0000    
  MIN FUNCTION VALUE SO FAR:   0.106469832807679812    
  TOTAL MOVES:                     840
     DOWNHILL:                     600
     ACCEPTED UPHILL:              207
     REJECTED UPHILL:               33
  TRIALS OUT OF BOUNDS:            427
  NEW MINIMA THIS TEMPERATURE:       0

                         CURRENT OPTIMAL X
    0.9999536382         0.9781573415E-01     0.1635499716         0.5593419671         0.2075868845E-02     0.2599897265         0.2189353108         0.1609421373         0.5913868109E-01     0.2838461041    
    0.4253862500         0.8638169169E-01     0.1638730526         0.5777811408         0.9999995795         0.9315555244E-01     0.2754652143         0.1414524317         0.3836750984E-03     0.2356086016    
    0.2922996283         0.9110315918E-02     0.6782280207E-01     0.2271506548         0.3512507677         0.5052385330E-01     0.1368183970         0.1974507570         0.1339248773         0.2629085595E-01
    0.1002112685         0.9627357953         0.8979435563E-01     0.1333556294         0.1411458254         0.3006786665E-02     0.4513443104E-01     0.2599148154         0.7373726368E-01     0.3577584624E-01
    0.2546021342         0.6635351777    

                         STEP LENGTH (VM)
     1.000000000         0.1000000000         0.2000000000          1.000000000         0.1000000000         0.2000000000          1.000000000          1.000000000         0.1000000000         0.2000000000    
     1.000000000         0.1000000000         0.2000000000          1.000000000         0.3809523603         0.1000000000         0.2000000000          1.000000000         0.1000000000         0.2000000000    
     1.000000000          1.000000000         0.1000000000         0.2000000000          1.000000000         0.1000000000         0.2000000000          1.000000000          1.000000000         0.1000000000    
    0.2000000000          1.000000000         0.1000000000         0.2000000000          1.000000000          1.000000000         0.1000000000         0.2000000000          1.000000000         0.1000000000    
    0.2000000000          1.000000000    
 

 INTERMEDIATE RESULTS BEFORE NEXT TEMPERATURE REDUCTION

  CURRENT TEMPERATURE:              3.7500    
  MIN FUNCTION VALUE SO FAR:   0.387464333871139210E-01
  TOTAL MOVES:                     840
     DOWNHILL:                     596
     ACCEPTED UPHILL:              216
     REJECTED UPHILL:               28
  TRIALS OUT OF BOUNDS:            413
  NEW MINIMA THIS TEMPERATURE:       0

                         CURRENT OPTIMAL X
    0.9999536382         0.7672468424E-01     0.1201213717         0.9614169598         0.3001898527E-02     0.2784613013         0.5093885064         0.1701075435         0.5025029182E-02     0.2838461041    
    0.4253862500         0.8638169169E-01     0.1638730526         0.5777811408         0.9999995795         0.9315555244E-01     0.2754652143         0.1414524317         0.3836750984E-03     0.2356086016    
    0.2922996283         0.9110315918E-02     0.6782280207E-01     0.2271506548         0.3512507677         0.5052385330E-01     0.1368183970         0.1974507570         0.1339248773         0.2629085595E-01
    0.1002112685         0.9627357953         0.8979435563E-01     0.1333556294         0.1411458254         0.3006786665E-02     0.4513443104E-01     0.2599148154         0.7373726368E-01     0.3577584624E-01
    0.2546021342         0.6635351777    

                         STEP LENGTH (VM)
     1.000000000         0.1000000000         0.2000000000          1.000000000         0.1000000000         0.2000000000          1.000000000          1.000000000         0.1000000000         0.2000000000    
     1.000000000         0.1000000000         0.2000000000          1.000000000         0.3809523603         0.1000000000         0.2000000000          1.000000000         0.1000000000         0.2000000000    
     1.000000000          1.000000000         0.1000000000         0.2000000000          1.000000000         0.1000000000         0.2000000000          1.000000000          1.000000000         0.1000000000    
    0.2000000000          1.000000000         0.1000000000         0.2000000000          1.000000000          1.000000000         0.1000000000         0.2000000000          1.000000000         0.1000000000    
    0.2000000000          1.000000000    
 

 INTERMEDIATE RESULTS BEFORE NEXT TEMPERATURE REDUCTION

  CURRENT TEMPERATURE:              2.8125    
  MIN FUNCTION VALUE SO FAR:   0.387464333871139210E-01
  TOTAL MOVES:                     840
     DOWNHILL:                     607
     ACCEPTED UPHILL:              205
     REJECTED UPHILL:               28
  TRIALS OUT OF BOUNDS:            417
  NEW MINIMA THIS TEMPERATURE:       0

                         CURRENT OPTIMAL X
    0.9999536382         0.7672468424E-01     0.1201213717         0.9614169598         0.3001898527E-02     0.2784613013         0.5093885064         0.1701075435         0.5025029182E-02     0.2838461041    
    0.4253862500         0.8638169169E-01     0.1638730526         0.5777811408         0.9999995795         0.9315555244E-01     0.2754652143         0.1414524317         0.3836750984E-03     0.2356086016    
    0.2922996283         0.9110315918E-02     0.6782280207E-01     0.2271506548         0.3512507677         0.5052385330E-01     0.1368183970         0.1974507570         0.1339248773         0.2629085595E-01
    0.1002112685         0.9627357953         0.8979435563E-01     0.1333556294         0.1411458254         0.3006786665E-02     0.4513443104E-01     0.2599148154         0.7373726368E-01     0.3577584624E-01
    0.2546021342         0.6635351777    

                         STEP LENGTH (VM)
     1.000000000         0.1000000000         0.2000000000          1.000000000         0.1000000000         0.2000000000          1.000000000          1.000000000         0.1000000000         0.2000000000    
     1.000000000         0.1000000000         0.2000000000          1.000000000         0.2249239754         0.1000000000         0.2000000000          1.000000000         0.1000000000         0.2000000000    
     1.000000000          1.000000000         0.1000000000         0.2000000000          1.000000000         0.1000000000         0.2000000000          1.000000000          1.000000000         0.1000000000    
    0.2000000000          1.000000000         0.1000000000         0.2000000000          1.000000000          1.000000000         0.1000000000         0.2000000000          1.000000000         0.1000000000    
    0.2000000000          1.000000000    
 

 INTERMEDIATE RESULTS BEFORE NEXT TEMPERATURE REDUCTION

  CURRENT TEMPERATURE:              2.1094    
  MIN FUNCTION VALUE SO FAR:   0.387464333871139210E-01
  TOTAL MOVES:                     840
     DOWNHILL:                     600
     ACCEPTED UPHILL:              211
     REJECTED UPHILL:               29
  TRIALS OUT OF BOUNDS:            424
  NEW MINIMA THIS TEMPERATURE:       0

                         CURRENT OPTIMAL X
    0.9999536382         0.7672468424E-01     0.1201213717         0.9614169598         0.3001898527E-02     0.2784613013         0.5093885064         0.1701075435         0.5025029182E-02     0.2838461041    
    0.4253862500         0.8638169169E-01     0.1638730526         0.5777811408         0.9999995795         0.9315555244E-01     0.2754652143         0.1414524317         0.3836750984E-03     0.2356086016    
    0.2922996283         0.9110315918E-02     0.6782280207E-01     0.2271506548         0.3512507677         0.5052385330E-01     0.1368183970         0.1974507570         0.1339248773         0.2629085595E-01
    0.1002112685         0.9627357953         0.8979435563E-01     0.1333556294         0.1411458254         0.3006786665E-02     0.4513443104E-01     0.2599148154         0.7373726368E-01     0.3577584624E-01
    0.2546021342         0.6635351777    

                         STEP LENGTH (VM)
     1.000000000         0.1000000000         0.2000000000          1.000000000         0.1000000000         0.2000000000          1.000000000          1.000000000         0.1000000000         0.2000000000    
     1.000000000         0.1000000000         0.2000000000          1.000000000         0.1999324177         0.1000000000         0.2000000000          1.000000000         0.1000000000         0.2000000000    
     1.000000000          1.000000000         0.1000000000         0.2000000000          1.000000000         0.1000000000         0.2000000000          1.000000000          1.000000000         0.1000000000    
    0.2000000000          1.000000000         0.1000000000         0.2000000000          1.000000000          1.000000000         0.1000000000         0.2000000000          1.000000000         0.1000000000    
    0.2000000000          1.000000000    
 

 INTERMEDIATE RESULTS BEFORE NEXT TEMPERATURE REDUCTION

  CURRENT TEMPERATURE:              1.5820    
  MIN FUNCTION VALUE SO FAR:   0.387464333871139210E-01
  TOTAL MOVES:                     840
     DOWNHILL:                     599
     ACCEPTED UPHILL:              207
     REJECTED UPHILL:               34
  TRIALS OUT OF BOUNDS:            390
  NEW MINIMA THIS TEMPERATURE:       0

                         CURRENT OPTIMAL X
    0.9999536382         0.7672468424E-01     0.1201213717         0.9614169598         0.3001898527E-02     0.2784613013         0.5093885064         0.1701075435         0.5025029182E-02     0.2838461041    
    0.4253862500         0.8638169169E-01     0.1638730526         0.5777811408         0.9999995795         0.9315555244E-01     0.2754652143         0.1414524317         0.3836750984E-03     0.2356086016    
    0.2922996283         0.9110315918E-02     0.6782280207E-01     0.2271506548         0.3512507677         0.5052385330E-01     0.1368183970         0.1974507570         0.1339248773         0.2629085595E-01
    0.1002112685         0.9627357953         0.8979435563E-01     0.1333556294         0.1411458254         0.3006786665E-02     0.4513443104E-01     0.2599148154         0.7373726368E-01     0.3577584624E-01
    0.2546021342         0.6635351777    

                         STEP LENGTH (VM)
     1.000000000         0.1000000000         0.2000000000          1.000000000         0.1000000000         0.2000000000          1.000000000          1.000000000         0.1000000000         0.2000000000    
     1.000000000         0.1000000000         0.2000000000          1.000000000         0.1999324177         0.1000000000         0.2000000000          1.000000000         0.1000000000         0.2000000000    
     1.000000000          1.000000000         0.1000000000         0.2000000000          1.000000000         0.1000000000         0.2000000000          1.000000000          1.000000000         0.1000000000    
    0.2000000000          1.000000000         0.1000000000         0.2000000000          1.000000000          1.000000000         0.1000000000         0.2000000000          1.000000000         0.1000000000    
    0.2000000000          1.000000000    
 

 INTERMEDIATE RESULTS BEFORE NEXT TEMPERATURE REDUCTION

  CURRENT TEMPERATURE:              1.1865    
  MIN FUNCTION VALUE SO FAR:   0.387464333871139210E-01
  TOTAL MOVES:                     840
     DOWNHILL:                     580
     ACCEPTED UPHILL:              223
     REJECTED UPHILL:               37
  TRIALS OUT OF BOUNDS:            406
  NEW MINIMA THIS TEMPERATURE:       0

                         CURRENT OPTIMAL X
    0.9999536382         0.7672468424E-01     0.1201213717         0.9614169598         0.3001898527E-02     0.2784613013         0.5093885064         0.1701075435         0.5025029182E-02     0.2838461041    
    0.4253862500         0.8638169169E-01     0.1638730526         0.5777811408         0.9999995795         0.9315555244E-01     0.2754652143         0.1414524317         0.3836750984E-03     0.2356086016    
    0.2922996283         0.9110315918E-02     0.6782280207E-01     0.2271506548         0.3512507677         0.5052385330E-01     0.1368183970         0.1974507570         0.1339248773         0.2629085595E-01
    0.1002112685         0.9627357953         0.8979435563E-01     0.1333556294         0.1411458254         0.3006786665E-02     0.4513443104E-01     0.2599148154         0.7373726368E-01     0.3577584624E-01
    0.2546021342         0.6635351777    

                         STEP LENGTH (VM)
     1.000000000         0.1000000000         0.2000000000          1.000000000         0.1000000000         0.2000000000          1.000000000          1.000000000         0.1000000000         0.2000000000    
     1.000000000         0.1000000000         0.2000000000          1.000000000         0.2739814318         0.1000000000         0.2000000000          1.000000000         0.1000000000         0.2000000000    
     1.000000000          1.000000000         0.1000000000         0.2000000000          1.000000000         0.1000000000         0.2000000000          1.000000000          1.000000000         0.1000000000    
    0.2000000000          1.000000000         0.1000000000         0.2000000000          1.000000000          1.000000000         0.1000000000         0.2000000000          1.000000000         0.1000000000    
    0.2000000000          1.000000000    
 

 INTERMEDIATE RESULTS BEFORE NEXT TEMPERATURE REDUCTION

  CURRENT TEMPERATURE:             0.88989    
  MIN FUNCTION VALUE SO FAR:   0.140025778206239095E-01
  TOTAL MOVES:                     840
     DOWNHILL:                     587
     ACCEPTED UPHILL:              208
     REJECTED UPHILL:               45
  TRIALS OUT OF BOUNDS:            409
  NEW MINIMA THIS TEMPERATURE:       0

                         CURRENT OPTIMAL X
    0.9999536382         0.6894274950E-01     0.1124470115         0.5203766823         0.2664279342E-01     0.2806174159         0.5303543806E-01     0.1870575548         0.2173286676E-01     0.1630209923    
    0.1509767771E-01     0.3311986327E-01     0.1209887266         0.5639618039         0.9999995795         0.3795492797E-01     0.2043229580         0.8714271188         0.9076528549E-01     0.2310649514    
    0.8523555398         0.9110315918E-02     0.9127773047E-01     0.1245184779         0.7892463207         0.5754411219E-02     0.1659656644         0.9224611521         0.1339248773         0.6954823083E-02
    0.1281623006         0.7834677928         0.8515605927E-01     0.1622210145         0.5221465826         0.3006786665E-02     0.3241029373E-01     0.2772748351         0.4408439398         0.2271879315E-01
    0.2481278300         0.7705392838    

                         STEP LENGTH (VM)
     1.000000000         0.1000000000         0.2000000000          1.000000000         0.1000000000         0.2000000000          1.000000000         0.7901234175         0.1000000000         0.2000000000    
     1.000000000         0.1000000000         0.2000000000          1.000000000         0.1777176830         0.1000000000         0.2000000000          1.000000000         0.1000000000         0.2000000000    
     1.000000000          1.000000000         0.1000000000         0.2000000000          1.000000000         0.1000000000         0.2000000000          1.000000000          1.000000000         0.1000000000    
    0.2000000000          1.000000000         0.1000000000         0.2000000000          1.000000000          1.000000000         0.1000000000         0.2000000000          1.000000000         0.1000000000    
    0.2000000000          1.000000000    
 

 INTERMEDIATE RESULTS BEFORE NEXT TEMPERATURE REDUCTION

  CURRENT TEMPERATURE:             0.66742    
  MIN FUNCTION VALUE SO FAR:   0.136638558563669764E-01
  TOTAL MOVES:                     840
     DOWNHILL:                     606
     ACCEPTED UPHILL:              207
     REJECTED UPHILL:               27
  TRIALS OUT OF BOUNDS:            390
  NEW MINIMA THIS TEMPERATURE:       0

                         CURRENT OPTIMAL X
    0.9999536382         0.5713533163E-01     0.1155372500         0.4298467040         0.2664279342E-01     0.2806174159         0.5303543806E-01     0.1870575548         0.2173286676E-01     0.1630209923    
    0.1509767771E-01     0.3311986327E-01     0.1209887266         0.5639618039         0.9999995795         0.3795492797E-01     0.2043229580         0.8714271188         0.9076528549E-01     0.2310649514    
    0.8523555398         0.9110315918E-02     0.9127773047E-01     0.1245184779         0.7892463207         0.5754411219E-02     0.1659656644         0.9224611521         0.1339248773         0.6954823083E-02
    0.1281623006         0.7834677928         0.8515605927E-01     0.1622210145         0.5221465826         0.3006786665E-02     0.3241029373E-01     0.2772748351         0.4408439398         0.2271879315E-01
    0.2481278300         0.7705392838    

                         STEP LENGTH (VM)
     1.000000000         0.1000000000         0.2000000000          1.000000000         0.1000000000         0.2000000000          1.000000000          1.000000000         0.1000000000         0.2000000000    
     1.000000000         0.1000000000         0.2000000000          1.000000000         0.2249238690         0.1000000000         0.2000000000          1.000000000         0.1000000000         0.2000000000    
     1.000000000          1.000000000         0.1000000000         0.2000000000          1.000000000         0.1000000000         0.2000000000          1.000000000          1.000000000         0.1000000000    
    0.2000000000          1.000000000         0.1000000000         0.2000000000          1.000000000          1.000000000         0.1000000000         0.2000000000          1.000000000         0.1000000000    
    0.2000000000          1.000000000    
 

 INTERMEDIATE RESULTS BEFORE NEXT TEMPERATURE REDUCTION

  CURRENT TEMPERATURE:             0.50056    
  MIN FUNCTION VALUE SO FAR:   0.131532108223506548E-01
  TOTAL MOVES:                     840
     DOWNHILL:                     597
     ACCEPTED UPHILL:              190
     REJECTED UPHILL:               53
  TRIALS OUT OF BOUNDS:            403
  NEW MINIMA THIS TEMPERATURE:       1

                         CURRENT OPTIMAL X
    0.9999536382         0.3909767866E-01     0.1155372500         0.4298467040         0.2664279342E-01     0.2806174159         0.5303543806E-01     0.1870575548         0.2173286676E-01     0.1630209923    
    0.1509767771E-01     0.3311986327E-01     0.1209887266         0.5639618039         0.9999995795         0.3795492797E-01     0.2043229580         0.8714271188         0.9076528549E-01     0.2310649514    
    0.8523555398         0.9110315918E-02     0.9127773047E-01     0.1245184779         0.7892463207         0.5754411219E-02     0.1659656644         0.9224611521         0.1339248773         0.6954823083E-02
    0.1281623006         0.7834677928         0.8515605927E-01     0.1622210145         0.5221465826         0.3006786665E-02     0.3241029373E-01     0.2772748351         0.4408439398         0.2271879315E-01
    0.2481278300         0.7705392838    

                         STEP LENGTH (VM)
     1.000000000         0.1000000000         0.2000000000          1.000000000         0.1000000000         0.2000000000          1.000000000          1.000000000         0.1000000000         0.2000000000    
     1.000000000         0.1000000000         0.2000000000          1.000000000         0.1729144230         0.1000000000         0.2000000000          1.000000000         0.1000000000         0.2000000000    
     1.000000000          1.000000000         0.1000000000         0.2000000000          1.000000000         0.1000000000         0.2000000000          1.000000000          1.000000000         0.1000000000    
    0.2000000000          1.000000000         0.1000000000         0.2000000000          1.000000000          1.000000000         0.1000000000         0.2000000000          1.000000000         0.1000000000    
    0.2000000000          1.000000000    
 

 INTERMEDIATE RESULTS BEFORE NEXT TEMPERATURE REDUCTION

  CURRENT TEMPERATURE:             0.37542    
  MIN FUNCTION VALUE SO FAR:   0.125557241882143459E-01
  TOTAL MOVES:                     840
     DOWNHILL:                     594
     ACCEPTED UPHILL:              194
     REJECTED UPHILL:               52
  TRIALS OUT OF BOUNDS:            422
  NEW MINIMA THIS TEMPERATURE:       0

                         CURRENT OPTIMAL X
    0.9999536382         0.5966922045E-01     0.1176910758         0.8649521470         0.3945145011E-01     0.2742743850         0.6121370792         0.1868080497         0.2173286676E-01     0.1630209923    
    0.1509767771E-01     0.3311986327E-01     0.1209887266         0.5639618039         0.9999995795         0.3795492797E-01     0.2043229580         0.8714271188         0.9076528549E-01     0.2310649514    
    0.8523555398         0.9110315918E-02     0.9127773047E-01     0.1245184779         0.7892463207         0.5754411219E-02     0.1659656644         0.9224611521         0.1339248773         0.6954823083E-02
    0.1281623006         0.7834677928         0.8515605927E-01     0.1622210145         0.5221465826         0.3006786665E-02     0.3241029373E-01     0.2772748351         0.4408439398         0.2271879315E-01
    0.2481278300         0.7705392838    

                         STEP LENGTH (VM)
     1.000000000         0.1000000000         0.2000000000          1.000000000         0.1000000000         0.2000000000          1.000000000         0.7901234175         0.1000000000         0.2000000000    
     1.000000000         0.1000000000         0.2000000000          1.000000000         0.9700384276E-01     0.1000000000         0.2000000000          1.000000000         0.1000000000         0.2000000000    
     1.000000000          1.000000000         0.1000000000         0.2000000000          1.000000000         0.1000000000         0.2000000000          1.000000000         0.7499999860         0.1000000000    
    0.2000000000          1.000000000         0.1000000000         0.2000000000          1.000000000          1.000000000         0.1000000000         0.2000000000          1.000000000         0.1000000000    
    0.2000000000          1.000000000    
 

 INTERMEDIATE RESULTS BEFORE NEXT TEMPERATURE REDUCTION

  CURRENT TEMPERATURE:             0.28157    
  MIN FUNCTION VALUE SO FAR:   0.125513003221946751E-01
  TOTAL MOVES:                     840
     DOWNHILL:                     584
     ACCEPTED UPHILL:              196
     REJECTED UPHILL:               60
  TRIALS OUT OF BOUNDS:            407
  NEW MINIMA THIS TEMPERATURE:       0

                         CURRENT OPTIMAL X
    0.9999536382         0.7351267338E-01     0.2552024007         0.8649521470         0.3945145011E-01     0.2742743850         0.6121370792         0.1868080497         0.2173286676E-01     0.1630209923    
    0.1509767771E-01     0.3311986327E-01     0.1209887266         0.5639618039         0.9999995795         0.3795492797E-01     0.2043229580         0.8714271188         0.9076528549E-01     0.2310649514    
    0.8523555398         0.9110315918E-02     0.9127773047E-01     0.1245184779         0.7892463207         0.5754411219E-02     0.1659656644         0.9224611521         0.1339248773         0.6954823083E-02
    0.1281623006         0.7834677928         0.8515605927E-01     0.1622210145         0.5221465826         0.3006786665E-02     0.3241029373E-01     0.2772748351         0.4408439398         0.2271879315E-01
    0.2481278300         0.7705392838    

                         STEP LENGTH (VM)
     1.000000000         0.1000000000         0.2000000000          1.000000000         0.1000000000         0.2000000000          1.000000000         0.4324323503         0.1000000000         0.2000000000    
     1.000000000         0.1000000000         0.2000000000          1.000000000         0.9438209701E-01     0.1000000000         0.2000000000          1.000000000         0.1000000000         0.2000000000    
     1.000000000          1.000000000         0.1000000000         0.2000000000          1.000000000         0.1000000000         0.2000000000          1.000000000         0.9755857156         0.1000000000    
    0.2000000000          1.000000000         0.1000000000         0.2000000000          1.000000000          1.000000000         0.1000000000         0.2000000000          1.000000000         0.1000000000    
    0.2000000000          1.000000000    
 

 INTERMEDIATE RESULTS BEFORE NEXT TEMPERATURE REDUCTION

  CURRENT TEMPERATURE:             0.21118    
  MIN FUNCTION VALUE SO FAR:   0.125512946927856962E-01
  TOTAL MOVES:                     840
     DOWNHILL:                     569
     ACCEPTED UPHILL:              208
     REJECTED UPHILL:               63
  TRIALS OUT OF BOUNDS:            397
  NEW MINIMA THIS TEMPERATURE:       0

                         CURRENT OPTIMAL X
    0.9999536382         0.8664596081E-01     0.2552024007         0.8649521470         0.3945145011E-01     0.2742743850         0.6121370792         0.1868080497         0.2173286676E-01     0.1630209923    
    0.1509767771E-01     0.3311986327E-01     0.1209887266         0.5639618039         0.9999995795         0.3795492797E-01     0.2043229580         0.8714271188         0.9076528549E-01     0.2310649514    
    0.8523555398         0.9110315918E-02     0.9127773047E-01     0.1245184779         0.7892463207         0.5754411219E-02     0.1659656644         0.9224611521         0.1339248773         0.6954823083E-02
    0.1281623006         0.7834677928         0.8515605927E-01     0.1622210145         0.5221465826         0.3006786665E-02     0.3241029373E-01     0.2772748351         0.4408439398         0.2271879315E-01
    0.2481278300         0.7705392838    

                         STEP LENGTH (VM)
     1.000000000         0.1000000000         0.2000000000          1.000000000         0.1000000000         0.2000000000          1.000000000         0.1495853713         0.1000000000         0.2000000000    
     1.000000000         0.1000000000         0.2000000000          1.000000000         0.7831705220E-01     0.1000000000         0.2000000000          1.000000000         0.1000000000         0.2000000000    
     1.000000000         0.4210525829         0.1000000000         0.2000000000          1.000000000         0.1000000000         0.2000000000          1.000000000         0.3185585586         0.1000000000    
    0.2000000000          1.000000000         0.1000000000         0.2000000000          1.000000000          1.000000000         0.1000000000         0.2000000000          1.000000000         0.1000000000    
    0.2000000000          1.000000000    
 

 INTERMEDIATE RESULTS BEFORE NEXT TEMPERATURE REDUCTION

  CURRENT TEMPERATURE:             0.15838    
  MIN FUNCTION VALUE SO FAR:   0.125512946927856962E-01
  TOTAL MOVES:                     840
     DOWNHILL:                     586
     ACCEPTED UPHILL:              203
     REJECTED UPHILL:               51
  TRIALS OUT OF BOUNDS:            390
  NEW MINIMA THIS TEMPERATURE:       0

                         CURRENT OPTIMAL X
    0.9999536382         0.8664596081E-01     0.2552024007         0.8649521470         0.3945145011E-01     0.2742743850         0.6121370792         0.1868080497         0.2173286676E-01     0.1630209923    
    0.1509767771E-01     0.3311986327E-01     0.1209887266         0.5639618039         0.9999995795         0.3795492797E-01     0.2043229580         0.8714271188         0.9076528549E-01     0.2310649514    
    0.8523555398         0.9110315918E-02     0.9127773047E-01     0.1245184779         0.7892463207         0.5754411219E-02     0.1659656644         0.9224611521         0.1339248773         0.6954823083E-02
    0.1281623006         0.7834677928         0.8515605927E-01     0.1622210145         0.5221465826         0.3006786665E-02     0.3241029373E-01     0.2772748351         0.4408439398         0.2271879315E-01
    0.2481278300         0.7705392838    

                         STEP LENGTH (VM)
    0.6153845545         0.1000000000         0.2000000000          1.000000000         0.1000000000         0.2000000000          1.000000000         0.1772863216         0.1000000000         0.2000000000    
     1.000000000         0.1000000000         0.2000000000          1.000000000         0.9055408245E-01     0.1000000000         0.2000000000          1.000000000         0.1000000000         0.2000000000    
     1.000000000         0.3074791291         0.1000000000         0.2000000000          1.000000000         0.1000000000         0.2000000000          1.000000000         0.2517005770         0.1000000000    
    0.2000000000          1.000000000         0.1000000000         0.2000000000          1.000000000          1.000000000         0.1000000000         0.2000000000          1.000000000         0.1000000000    
    0.2000000000          1.000000000    
 

 INTERMEDIATE RESULTS BEFORE NEXT TEMPERATURE REDUCTION

  CURRENT TEMPERATURE:             0.11879    
  MIN FUNCTION VALUE SO FAR:   0.125512946927856962E-01
  TOTAL MOVES:                     840
     DOWNHILL:                     562
     ACCEPTED UPHILL:              197
     REJECTED UPHILL:               81
  TRIALS OUT OF BOUNDS:            386
  NEW MINIMA THIS TEMPERATURE:       0

                         CURRENT OPTIMAL X
    0.9999536382         0.8664596081E-01     0.2552024007         0.8649521470         0.3945145011E-01     0.2742743850         0.6121370792         0.1868080497         0.2173286676E-01     0.1630209923    
    0.1509767771E-01     0.3311986327E-01     0.1209887266         0.5639618039         0.9999995795         0.3795492797E-01     0.2043229580         0.8714271188         0.9076528549E-01     0.2310649514    
    0.8523555398         0.9110315918E-02     0.9127773047E-01     0.1245184779         0.7892463207         0.5754411219E-02     0.1659656644         0.9224611521         0.1339248773         0.6954823083E-02
    0.1281623006         0.7834677928         0.8515605927E-01     0.1622210145         0.5221465826         0.3006786665E-02     0.3241029373E-01     0.2772748351         0.4408439398         0.2271879315E-01
    0.2481278300         0.7705392838    

                         STEP LENGTH (VM)
    0.3609021531         0.1000000000         0.2000000000          1.000000000         0.1000000000         0.2000000000          1.000000000         0.8242454336E-01     0.1000000000         0.2000000000    
     1.000000000         0.1000000000         0.2000000000          1.000000000         0.6672405552E-01     0.1000000000         0.2000000000          1.000000000         0.1000000000         0.2000000000    
     1.000000000         0.2752433353         0.1000000000         0.2000000000          1.000000000         0.1000000000         0.2000000000          1.000000000         0.3197277337         0.1000000000    
    0.2000000000          1.000000000         0.1000000000         0.2000000000          1.000000000          1.000000000         0.1000000000         0.2000000000          1.000000000         0.1000000000    
    0.2000000000          1.000000000    
 

 INTERMEDIATE RESULTS BEFORE NEXT TEMPERATURE REDUCTION

  CURRENT TEMPERATURE:             0.89090E-01
  MIN FUNCTION VALUE SO FAR:   0.125512946927856962E-01
  TOTAL MOVES:                     840
     DOWNHILL:                     571
     ACCEPTED UPHILL:              182
     REJECTED UPHILL:               87
  TRIALS OUT OF BOUNDS:            383
  NEW MINIMA THIS TEMPERATURE:       0

                         CURRENT OPTIMAL X
    0.9999536382         0.8664596081E-01     0.2552024007         0.8649521470         0.3945145011E-01     0.2742743850         0.6121370792         0.1868080497         0.2173286676E-01     0.1630209923    
    0.1509767771E-01     0.3311986327E-01     0.1209887266         0.5639618039         0.9999995795         0.3795492797E-01     0.2043229580         0.8714271188         0.9076528549E-01     0.2310649514    
    0.8523555398         0.9110315918E-02     0.9127773047E-01     0.1245184779         0.7892463207         0.5754411219E-02     0.1659656644         0.9224611521         0.1339248773         0.6954823083E-02
    0.1281623006         0.7834677928         0.8515605927E-01     0.1622210145         0.5221465826         0.3006786665E-02     0.3241029373E-01     0.2772748351         0.4408439398         0.2271879315E-01
    0.2481278300         0.7705392838    

                         STEP LENGTH (VM)
    0.2062297996         0.1000000000         0.2000000000          1.000000000         0.1000000000         0.2000000000          1.000000000         0.8373285296E-01     0.1000000000         0.2000000000    
     1.000000000         0.1000000000         0.2000000000          1.000000000         0.3464517874E-01     0.1000000000         0.2000000000          1.000000000         0.1000000000         0.2000000000    
     1.000000000         0.5135735539E-01     0.1000000000         0.2000000000          1.000000000         0.1000000000         0.2000000000          1.000000000         0.6381259978E-01     0.1000000000    
    0.2000000000          1.000000000         0.1000000000         0.2000000000          1.000000000         0.3312248346         0.1000000000         0.2000000000          1.000000000         0.1000000000    
    0.2000000000          1.000000000    
 

 INTERMEDIATE RESULTS BEFORE NEXT TEMPERATURE REDUCTION

  CURRENT TEMPERATURE:             0.66817E-01
  MIN FUNCTION VALUE SO FAR:   0.125512946927856962E-01
  TOTAL MOVES:                     840
     DOWNHILL:                     578
     ACCEPTED UPHILL:              180
     REJECTED UPHILL:               82
  TRIALS OUT OF BOUNDS:            386
  NEW MINIMA THIS TEMPERATURE:       0

                         CURRENT OPTIMAL X
    0.9999536382         0.8664596081E-01     0.2552024007         0.8649521470         0.3945145011E-01     0.2742743850         0.6121370792         0.1868080497         0.2173286676E-01     0.1630209923    
    0.1509767771E-01     0.3311986327E-01     0.1209887266         0.5639618039         0.9999995795         0.3795492797E-01     0.2043229580         0.8714271188         0.9076528549E-01     0.2310649514    
    0.8523555398         0.9110315918E-02     0.9127773047E-01     0.1245184779         0.7892463207         0.5754411219E-02     0.1659656644         0.9224611521         0.1339248773         0.6954823083E-02
    0.1281623006         0.7834677928         0.8515605927E-01     0.1622210145         0.5221465826         0.3006786665E-02     0.3241029373E-01     0.2772748351         0.4408439398         0.2271879315E-01
    0.2481278300         0.7705392838    

                         STEP LENGTH (VM)
    0.1325762841         0.1000000000         0.2000000000          1.000000000         0.1000000000         0.2000000000          1.000000000         0.3523017937E-01     0.1000000000         0.2000000000    
     1.000000000         0.1000000000         0.2000000000          1.000000000         0.1979724216E-01     0.1000000000         0.2000000000          1.000000000         0.1000000000         0.2000000000    
     1.000000000         0.6680467099E-01     0.1000000000         0.2000000000          1.000000000         0.1000000000         0.2000000000          1.000000000         0.9837773888E-01     0.1000000000    
    0.2000000000          1.000000000         0.1000000000         0.2000000000          1.000000000         0.3404254815         0.1000000000         0.2000000000          1.000000000         0.1000000000    
    0.2000000000          1.000000000    
 

 INTERMEDIATE RESULTS BEFORE NEXT TEMPERATURE REDUCTION

  CURRENT TEMPERATURE:             0.50113E-01
  MIN FUNCTION VALUE SO FAR:   0.125512946927856962E-01
  TOTAL MOVES:                     840
     DOWNHILL:                     588
     ACCEPTED UPHILL:              167
     REJECTED UPHILL:               85
  TRIALS OUT OF BOUNDS:            381
  NEW MINIMA THIS TEMPERATURE:       0

                         CURRENT OPTIMAL X
    0.9999536382         0.8664596081E-01     0.2552024007         0.8649521470         0.3945145011E-01     0.2742743850         0.6121370792         0.1868080497         0.2173286676E-01     0.1630209923    
    0.1509767771E-01     0.3311986327E-01     0.1209887266         0.5639618039         0.9999995795         0.3795492797E-01     0.2043229580         0.8714271188         0.9076528549E-01     0.2310649514    
    0.8523555398         0.9110315918E-02     0.9127773047E-01     0.1245184779         0.7892463207         0.5754411219E-02     0.1659656644         0.9224611521         0.1339248773         0.6954823083E-02
    0.1281623006         0.7834677928         0.8515605927E-01     0.1622210145         0.5221465826         0.3006786665E-02     0.3241029373E-01     0.2772748351         0.4408439398         0.2271879315E-01
    0.2481278300         0.7705392838    

                         STEP LENGTH (VM)
    0.1047516128         0.1000000000         0.2000000000          1.000000000         0.1000000000         0.2000000000          1.000000000         0.1829259106E-01     0.1000000000         0.2000000000    
     1.000000000         0.1000000000         0.2000000000          1.000000000         0.2358819929E-01     0.1000000000         0.2000000000          1.000000000         0.1000000000         0.2000000000    
     1.000000000         0.7724289302E-01     0.1000000000         0.2000000000          1.000000000         0.1000000000         0.2000000000          1.000000000         0.5621585019E-01     0.1000000000    
    0.2000000000          1.000000000         0.1000000000         0.2000000000          1.000000000         0.2305526774         0.1000000000         0.2000000000          1.000000000         0.1000000000    
    0.2000000000          1.000000000    
 

 INTERMEDIATE RESULTS BEFORE NEXT TEMPERATURE REDUCTION

  CURRENT TEMPERATURE:             0.37585E-01
  MIN FUNCTION VALUE SO FAR:   0.125512946927815571E-01
  TOTAL MOVES:                     840
     DOWNHILL:                     573
     ACCEPTED UPHILL:              169
     REJECTED UPHILL:               98
  TRIALS OUT OF BOUNDS:            391
  NEW MINIMA THIS TEMPERATURE:       1

                         CURRENT OPTIMAL X
    0.9999536382         0.8584944010E-01     0.2501689076         0.7423084378         0.3945145011E-01     0.2742743850         0.6121370792         0.1868080497         0.2173286676E-01     0.1630209923    
    0.1509767771E-01     0.3311986327E-01     0.1209887266         0.5639618039         0.9999995795         0.3795492797E-01     0.2043229580         0.8714271188         0.9076528549E-01     0.2310649514    
    0.8523555398         0.9110315918E-02     0.9127773047E-01     0.1245184779         0.7892463207         0.5754411219E-02     0.1659656644         0.9224611521         0.1339248773         0.6954823083E-02
    0.1281623006         0.7834677928         0.8515605927E-01     0.1622210145         0.5221465826         0.3006786665E-02     0.3241029373E-01     0.2772748351         0.4408439398         0.2271879315E-01
    0.2481278300         0.7705392838    

                         STEP LENGTH (VM)
    0.7856370811E-01     0.1000000000         0.2000000000          1.000000000         0.1000000000         0.2000000000          1.000000000         0.1829259106E-01     0.1000000000         0.2000000000    
     1.000000000         0.1000000000         0.2000000000          1.000000000         0.6442296133E-02     0.1000000000         0.2000000000          1.000000000         0.1000000000         0.2000000000    
     1.000000000         0.2521520988E-01     0.1000000000         0.2000000000          1.000000000         0.1000000000         0.2000000000          1.000000000         0.2594577686E-01     0.1000000000    
    0.2000000000          1.000000000         0.1000000000         0.2000000000          1.000000000         0.8545580828E-01     0.1000000000         0.2000000000          1.000000000         0.1000000000    
    0.2000000000          1.000000000    
 

 INTERMEDIATE RESULTS BEFORE NEXT TEMPERATURE REDUCTION

  CURRENT TEMPERATURE:             0.28189E-01
  MIN FUNCTION VALUE SO FAR:   0.125512946927815571E-01
  TOTAL MOVES:                     840
     DOWNHILL:                     560
     ACCEPTED UPHILL:              162
     REJECTED UPHILL:              118
  TRIALS OUT OF BOUNDS:            395
  NEW MINIMA THIS TEMPERATURE:       0

                         CURRENT OPTIMAL X
    0.9999536382         0.8584944010E-01     0.2501689076         0.7423084378         0.3945145011E-01     0.2742743850         0.6121370792         0.1868080497         0.2173286676E-01     0.1630209923    
    0.1509767771E-01     0.3311986327E-01     0.1209887266         0.5639618039         0.9999995795         0.3795492797E-01     0.2043229580         0.8714271188         0.9076528549E-01     0.2310649514    
    0.8523555398         0.9110315918E-02     0.9127773047E-01     0.1245184779         0.7892463207         0.5754411219E-02     0.1659656644         0.9224611521         0.1339248773         0.6954823083E-02
    0.1281623006         0.7834677928         0.8515605927E-01     0.1622210145         0.5221465826         0.3006786665E-02     0.3241029373E-01     0.2772748351         0.4408439398         0.2271879315E-01
    0.2481278300         0.7705392838    

                         STEP LENGTH (VM)
    0.4961917391E-01     0.1000000000         0.2000000000          1.000000000         0.1000000000         0.2000000000          1.000000000         0.1028958073E-01     0.1000000000         0.2000000000    
     1.000000000         0.1000000000         0.2000000000          1.000000000         0.1147533910E-01     0.1000000000         0.2000000000          1.000000000         0.1000000000         0.2000000000    
     1.000000000         0.2988468967E-01     0.1000000000         0.2000000000          1.000000000         0.1000000000         0.2000000000          1.000000000         0.3999973603E-01     0.1000000000    
    0.2000000000          1.000000000         0.1000000000         0.2000000000          1.000000000         0.1281836867         0.1000000000         0.2000000000          1.000000000         0.1000000000    
    0.2000000000          1.000000000    
 

 INTERMEDIATE RESULTS BEFORE NEXT TEMPERATURE REDUCTION

  CURRENT TEMPERATURE:             0.21141E-01
  MIN FUNCTION VALUE SO FAR:   0.125512946927815571E-01
  TOTAL MOVES:                     840
     DOWNHILL:                     584
     ACCEPTED UPHILL:              161
     REJECTED UPHILL:               95
  TRIALS OUT OF BOUNDS:            393
  NEW MINIMA THIS TEMPERATURE:       0

                         CURRENT OPTIMAL X
    0.9999536382         0.8584944010E-01     0.2501689076         0.7423084378         0.3945145011E-01     0.2742743850         0.6121370792         0.1868080497         0.2173286676E-01     0.1630209923    
    0.1509767771E-01     0.3311986327E-01     0.1209887266         0.5639618039         0.9999995795         0.3795492797E-01     0.2043229580         0.8714271188         0.9076528549E-01     0.2310649514    
    0.8523555398         0.9110315918E-02     0.9127773047E-01     0.1245184779         0.7892463207         0.5754411219E-02     0.1659656644         0.9224611521         0.1339248773         0.6954823083E-02
    0.1281623006         0.7834677928         0.8515605927E-01     0.1622210145         0.5221465826         0.3006786665E-02     0.3241029373E-01     0.2772748351         0.4408439398         0.2271879315E-01
    0.2481278300         0.7705392838    

                         STEP LENGTH (VM)
    0.4410592259E-01     0.1000000000         0.2000000000          1.000000000         0.1000000000         0.2000000000          1.000000000         0.1511282038E-01     0.1000000000         0.2000000000    
     1.000000000         0.1000000000         0.2000000000          1.000000000         0.1025455750E-01     0.1000000000         0.2000000000          1.000000000         0.1000000000         0.2000000000    
     1.000000000         0.1938466330E-01     0.1000000000         0.2000000000          1.000000000         0.1000000000         0.2000000000          1.000000000         0.3374977301E-01     0.1000000000    
    0.2000000000          1.000000000         0.1000000000         0.2000000000          1.000000000         0.7390770836E-01     0.1000000000         0.2000000000          1.000000000         0.1000000000    
    0.2000000000          1.000000000    
 

 INTERMEDIATE RESULTS BEFORE NEXT TEMPERATURE REDUCTION

  CURRENT TEMPERATURE:             0.15856E-01
  MIN FUNCTION VALUE SO FAR:   0.120776924740243399E-01
  TOTAL MOVES:                     840
     DOWNHILL:                     565
     ACCEPTED UPHILL:              130
     REJECTED UPHILL:              145
  TRIALS OUT OF BOUNDS:            363
  NEW MINIMA THIS TEMPERATURE:       0

                         CURRENT OPTIMAL X
    0.9999536382         0.8742516637E-01     0.1353786588         0.8843892217         0.8527873755E-01     0.1658749700         0.8345689774         0.1868080497         0.2173286676E-01     0.1607390523    
    0.1509767771E-01     0.4100507494E-02     0.2126785994         0.1272180676         0.9999995795         0.8067578226E-01     0.2723026633         0.5615838170         0.9455584288E-01     0.1539713025    
    0.5970991254         0.3357922686E-02     0.7196611166E-01     0.1227379799         0.7909667492         0.2635158300E-01     0.1599854827         0.9801324606         0.1339248773         0.6954823083E-02
    0.1281623006         0.7834677928         0.6601827145E-01     0.1307868958         0.9448935390         0.3006786665E-02     0.1298494927E-01     0.2772748351         0.4408439398         0.1754855514E-01
    0.2322625637         0.9535562992    

                         STEP LENGTH (VM)
    0.2543044086E-01     0.1000000000         0.2000000000          1.000000000         0.1000000000         0.2000000000          1.000000000         0.7717183951E-02     0.1000000000         0.2000000000    
     1.000000000         0.1000000000         0.2000000000          1.000000000         0.5612290816E-02     0.1000000000         0.2000000000          1.000000000         0.1000000000         0.2000000000    
     1.000000000         0.1526026547E-01     0.1000000000         0.2000000000          1.000000000         0.1000000000         0.2000000000          1.000000000         0.2485008598E-01     0.4210525892E-01
    0.2000000000          1.000000000         0.1000000000         0.2000000000          1.000000000         0.5681793046E-01     0.1000000000         0.2000000000          1.000000000         0.1000000000    
    0.2000000000          1.000000000    
 

 INTERMEDIATE RESULTS BEFORE NEXT TEMPERATURE REDUCTION

  CURRENT TEMPERATURE:             0.11892E-01
  MIN FUNCTION VALUE SO FAR:   0.120403127602450866E-01
  TOTAL MOVES:                     840
     DOWNHILL:                     538
     ACCEPTED UPHILL:              147
     REJECTED UPHILL:              155
  TRIALS OUT OF BOUNDS:            376
  NEW MINIMA THIS TEMPERATURE:       1

                         CURRENT OPTIMAL X
    0.9999536382         0.2000393867E-01     0.2992352128         0.5598409772         0.5025485158E-01     0.1316853881         0.6533480883         0.1868080497         0.2173286676E-01     0.1607390523    
    0.1509767771E-01     0.4065440297E-01     0.1840252280         0.6823979020         0.9999995795         0.7745191007E-01     0.1107258558         0.6157347560         0.9222969413E-01     0.2945231080    
    0.9915925264         0.3357922686E-02     0.5215497613E-01     0.1227379799         0.7909667492         0.2635158300E-01     0.1599854827         0.9801324606         0.1339248773         0.6954823083E-02
    0.1281623006         0.7834677928         0.6601827145E-01     0.1307868958         0.9448935390         0.3006786665E-02     0.1298494927E-01     0.2772748351         0.4408439398         0.1754855514E-01
    0.2322625637         0.9535562992    

                         STEP LENGTH (VM)
    0.1581036954E-01     0.1000000000         0.2000000000          1.000000000         0.1000000000         0.2000000000          1.000000000         0.5631457873E-02     0.1000000000         0.2000000000    
     1.000000000         0.1000000000         0.2000000000          1.000000000         0.1910566775E-02     0.1000000000         0.2000000000          1.000000000         0.1000000000         0.2000000000    
     1.000000000         0.1205749311E-01     0.1000000000         0.2000000000          1.000000000         0.1000000000         0.2000000000          1.000000000         0.2208896476E-01     0.3471836889E-01
    0.2000000000          1.000000000         0.1000000000         0.2000000000          1.000000000         0.2901341107E-01     0.1000000000         0.2000000000          1.000000000         0.1000000000    
    0.2000000000          1.000000000    
 

 INTERMEDIATE RESULTS BEFORE NEXT TEMPERATURE REDUCTION

  CURRENT TEMPERATURE:             0.89190E-02
  MIN FUNCTION VALUE SO FAR:   0.118108765354251171E-01
  TOTAL MOVES:                     840
     DOWNHILL:                     554
     ACCEPTED UPHILL:              136
     REJECTED UPHILL:              150
  TRIALS OUT OF BOUNDS:            338
  NEW MINIMA THIS TEMPERATURE:       0

                         CURRENT OPTIMAL X
    0.9999536382         0.3306952119E-01     0.2174912572         0.6235296726         0.2459943295E-03     0.2975559354         0.6437103748         0.1868080497         0.2173286676E-01     0.1607390523    
    0.1509767771E-01     0.7609111066E-02     0.1552861094         0.3708156943         0.9999995795         0.6768721490E-01     0.1969611168         0.8779672980         0.3692106605E-01     0.2271322727    
    0.8618360162         0.7806838164E-02     0.7123300433E-01     0.1237813234         0.4874889851         0.2796388268E-01     0.1251088023         0.4776722193E-01     0.1339248773         0.6954823083E-02
    0.1281623006         0.7834677928         0.3966749907E-01     0.2057786226         0.8310639262         0.3006786665E-02     0.9324732414E-01     0.2772748351         0.4408439398         0.1754855514E-01
    0.2322625637         0.9535562992    

                         STEP LENGTH (VM)
    0.6486305253E-02     0.1000000000         0.2000000000          1.000000000         0.1000000000         0.2000000000          1.000000000         0.3620222490E-02     0.1000000000         0.2000000000    
     1.000000000         0.1000000000         0.2000000000          1.000000000         0.2264374997E-02     0.1000000000         0.2000000000          1.000000000         0.1000000000         0.2000000000    
     1.000000000         0.5865807265E-02     0.1000000000         0.2000000000          1.000000000         0.1000000000         0.2000000000          1.000000000         0.8114312541E-02     0.3595105414E-01
    0.2000000000          1.000000000         0.1000000000         0.2000000000          1.000000000         0.1881950962E-01     0.1000000000         0.2000000000          1.000000000         0.1000000000    
    0.2000000000          1.000000000    
 

 INTERMEDIATE RESULTS BEFORE NEXT TEMPERATURE REDUCTION

  CURRENT TEMPERATURE:             0.66893E-02
  MIN FUNCTION VALUE SO FAR:   0.117984118976781072E-01
  TOTAL MOVES:                     840
     DOWNHILL:                     590
     ACCEPTED UPHILL:              117
     REJECTED UPHILL:              133
  TRIALS OUT OF BOUNDS:            361
  NEW MINIMA THIS TEMPERATURE:       0

                         CURRENT OPTIMAL X
    0.9999536382         0.2150646448E-01     0.2744656444         0.7887324095         0.2459943295E-03     0.2975559354         0.6437103748         0.1868080497         0.2173286676E-01     0.1607390523    
    0.1509767771E-01     0.7609111066E-02     0.1552861094         0.3708156943         0.9999995795         0.6768721490E-01     0.1969611168         0.8779672980         0.3692106605E-01     0.2271322727    
    0.8618360162         0.7806838164E-02     0.7123300433E-01     0.1237813234         0.4874889851         0.2796388268E-01     0.1251088023         0.4776722193E-01     0.1339248773         0.6954823083E-02
    0.1281623006         0.7834677928         0.3966749907E-01     0.2057786226         0.8310639262         0.3006786665E-02     0.9324732414E-01     0.2772748351         0.4408439398         0.1754855514E-01
    0.2322625637         0.9535562992    

                         STEP LENGTH (VM)
    0.8437262493E-02     0.1000000000         0.2000000000          1.000000000         0.1000000000         0.2000000000          1.000000000         0.3620221531E-02     0.1000000000         0.2000000000    
     1.000000000         0.1000000000         0.2000000000          1.000000000         0.2264374997E-02     0.1000000000         0.2000000000          1.000000000         0.1000000000         0.2000000000    
     1.000000000         0.9743881915E-02     0.1000000000         0.2000000000          1.000000000         0.1000000000         0.2000000000          1.000000000         0.9128600626E-02     0.7397993130E-02
    0.2443083882E-01     0.2406014770         0.1000000000         0.2000000000          1.000000000         0.1486973525E-01     0.1000000000         0.2000000000          1.000000000         0.1000000000    
    0.2000000000          1.000000000    
 

 INTERMEDIATE RESULTS BEFORE NEXT TEMPERATURE REDUCTION

  CURRENT TEMPERATURE:             0.50170E-02
  MIN FUNCTION VALUE SO FAR:   0.117984118976781072E-01
  TOTAL MOVES:                     840
     DOWNHILL:                     540
     ACCEPTED UPHILL:              106
     REJECTED UPHILL:              194
  TRIALS OUT OF BOUNDS:            312
  NEW MINIMA THIS TEMPERATURE:       0

                         CURRENT OPTIMAL X
    0.9999536382         0.2150646448E-01     0.2744656444         0.7887324095         0.2459943295E-03     0.2975559354         0.6437103748         0.1868080497         0.2173286676E-01     0.1607390523    
    0.1509767771E-01     0.7609111066E-02     0.1552861094         0.3708156943         0.9999995795         0.6768721490E-01     0.1969611168         0.8779672980         0.3692106605E-01     0.2271322727    
    0.8618360162         0.7806838164E-02     0.7123300433E-01     0.1237813234         0.4874889851         0.2796388268E-01     0.1251088023         0.4776722193E-01     0.1339248773         0.6954823083E-02
    0.1281623006         0.7834677928         0.3966749907E-01     0.2057786226         0.8310639262         0.3006786665E-02     0.9324732414E-01     0.2772748351         0.4408439398         0.1754855514E-01
    0.2322625637         0.9535562992    

                         STEP LENGTH (VM)
    0.2464248169E-02     0.1000000000         0.2000000000          1.000000000         0.1000000000         0.2000000000          1.000000000         0.7736839428E-03     0.8791208647E-02     0.2521063514E-01
    0.1457489837         0.1000000000         0.2000000000          1.000000000         0.5625129149E-03     0.1000000000         0.2000000000          1.000000000         0.1000000000         0.2000000000    
     1.000000000         0.1994443795E-02     0.1000000000         0.2000000000          1.000000000         0.1000000000         0.2000000000          1.000000000         0.2687661473E-02     0.2023382587E-02
    0.5224974513E-02     0.4805534921E-01     0.1000000000         0.2000000000          1.000000000         0.1486973525E-01     0.1000000000         0.2000000000          1.000000000         0.1000000000    
    0.2000000000          1.000000000    
 

 INTERMEDIATE RESULTS BEFORE NEXT TEMPERATURE REDUCTION

  CURRENT TEMPERATURE:             0.37627E-02
  MIN FUNCTION VALUE SO FAR:   0.117984118976781072E-01
  TOTAL MOVES:                     840
     DOWNHILL:                     527
     ACCEPTED UPHILL:              126
     REJECTED UPHILL:              187
  TRIALS OUT OF BOUNDS:            322
  NEW MINIMA THIS TEMPERATURE:       0

                         CURRENT OPTIMAL X
    0.9999536382         0.2150646448E-01     0.2744656444         0.7887324095         0.2459943295E-03     0.2975559354         0.6437103748         0.1868080497         0.2173286676E-01     0.1607390523    
    0.1509767771E-01     0.7609111066E-02     0.1552861094         0.3708156943         0.9999995795         0.6768721490E-01     0.1969611168         0.8779672980         0.3692106605E-01     0.2271322727    
    0.8618360162         0.7806838164E-02     0.7123300433E-01     0.1237813234         0.4874889851         0.2796388268E-01     0.1251088023         0.4776722193E-01     0.1339248773         0.6954823083E-02
    0.1281623006         0.7834677928         0.3966749907E-01     0.2057786226         0.8310639262         0.3006786665E-02     0.9324732414E-01     0.2772748351         0.4408439398         0.1754855514E-01
    0.2322625637         0.9535562992    

                         STEP LENGTH (VM)
    0.1558584136E-02     0.1000000000         0.2000000000          1.000000000         0.1000000000         0.2000000000          1.000000000         0.5802628815E-03     0.4407813708E-01     0.2000000000    
    0.8987851971         0.1000000000         0.2000000000          1.000000000         0.3750085936E-03     0.1000000000         0.2000000000          1.000000000         0.1000000000         0.2000000000    
     1.000000000         0.2130841586E-02     0.1000000000         0.2000000000          1.000000000         0.1000000000         0.2000000000          1.000000000         0.2389032361E-02     0.1312464362E-02
    0.5224974513E-02     0.6407379298E-01     0.1000000000         0.2000000000          1.000000000         0.5282668416E-02     0.1000000000         0.2000000000          1.000000000         0.1000000000    
    0.2000000000          1.000000000    
 

 INTERMEDIATE RESULTS BEFORE NEXT TEMPERATURE REDUCTION

  CURRENT TEMPERATURE:             0.28220E-02
  MIN FUNCTION VALUE SO FAR:   0.117984118976781072E-01
  TOTAL MOVES:                     840
     DOWNHILL:                     555
     ACCEPTED UPHILL:              128
     REJECTED UPHILL:              157
  TRIALS OUT OF BOUNDS:            338
  NEW MINIMA THIS TEMPERATURE:       0

                         CURRENT OPTIMAL X
    0.9999536382         0.2150646448E-01     0.2744656444         0.7887324095         0.2459943295E-03     0.2975559354         0.6437103748         0.1868080497         0.2173286676E-01     0.1607390523    
    0.1509767771E-01     0.7609111066E-02     0.1552861094         0.3708156943         0.9999995795         0.6768721490E-01     0.1969611168         0.8779672980         0.3692106605E-01     0.2271322727    
    0.8618360162         0.7806838164E-02     0.7123300433E-01     0.1237813234         0.4874889851         0.2796388268E-01     0.1251088023         0.4776722193E-01     0.1339248773         0.6954823083E-02
    0.1281623006         0.7834677928         0.3966749907E-01     0.2057786226         0.8310639262         0.3006786665E-02     0.9324732414E-01     0.2772748351         0.4408439398         0.1754855514E-01
    0.2322625637         0.9535562992    

                         STEP LENGTH (VM)
    0.2289170030E-02     0.1000000000         0.2000000000          1.000000000         0.1000000000         0.2000000000          1.000000000         0.8703940502E-03     0.1466406956E-01     0.5609933857E-01
    0.1122831566         0.1000000000         0.2000000000          1.000000000         0.1292021464E-02     0.1000000000         0.2000000000          1.000000000         0.1000000000         0.2000000000    
     1.000000000         0.4216345004E-02     0.1000000000         0.2000000000          1.000000000         0.1000000000         0.2000000000          1.000000000         0.3683091253E-02     0.1312464362E-02
    0.4602952794E-02     0.9123003907E-01     0.1000000000         0.2000000000          1.000000000         0.1063259096E-01     0.1000000000         0.2000000000          1.000000000         0.1000000000    
    0.2000000000          1.000000000    
 

 INTERMEDIATE RESULTS BEFORE NEXT TEMPERATURE REDUCTION

  CURRENT TEMPERATURE:             0.21165E-02
  MIN FUNCTION VALUE SO FAR:   0.117984118976781072E-01
  TOTAL MOVES:                     840
     DOWNHILL:                     562
     ACCEPTED UPHILL:              114
     REJECTED UPHILL:              164
  TRIALS OUT OF BOUNDS:            299
  NEW MINIMA THIS TEMPERATURE:       0

                         CURRENT OPTIMAL X
    0.9999536382         0.2150646448E-01     0.2744656444         0.7887324095         0.2459943295E-03     0.2975559354         0.6437103748         0.1868080497         0.2173286676E-01     0.1607390523    
    0.1509767771E-01     0.7609111066E-02     0.1552861094         0.3708156943         0.9999995795         0.6768721490E-01     0.1969611168         0.8779672980         0.3692106605E-01     0.2271322727    
    0.8618360162         0.7806838164E-02     0.7123300433E-01     0.1237813234         0.4874889851         0.2796388268E-01     0.1251088023         0.4776722193E-01     0.1339248773         0.6954823083E-02
    0.1281623006         0.7834677928         0.3966749907E-01     0.2057786226         0.8310639262         0.3006786665E-02     0.9324732414E-01     0.2772748351         0.4408439398         0.1754855514E-01
    0.2322625637         0.9535562992    

                         STEP LENGTH (VM)
    0.1607757158E-02     0.1000000000         0.2000000000          1.000000000         0.1000000000         0.2000000000          1.000000000         0.7736835810E-03     0.1097661138E-01     0.1308984347    
    0.1263185289         0.1000000000         0.2000000000          1.000000000         0.4256853003E-03     0.1000000000         0.2000000000          1.000000000         0.1000000000         0.2000000000    
     1.000000000         0.6500197150E-02     0.1000000000         0.2000000000          1.000000000         0.1000000000         0.2000000000          1.000000000         0.1213476594E-02     0.4912147179E-03
    0.2239274259E-02     0.2536124528E-01     0.1000000000         0.2000000000          1.000000000         0.2903922373E-02     0.1000000000         0.2000000000          1.000000000         0.1000000000    
    0.2000000000          1.000000000    
 

 INTERMEDIATE RESULTS BEFORE NEXT TEMPERATURE REDUCTION

  CURRENT TEMPERATURE:             0.15874E-02
  MIN FUNCTION VALUE SO FAR:   0.117912276634875683E-01
  TOTAL MOVES:                     840
     DOWNHILL:                     578
     ACCEPTED UPHILL:              104
     REJECTED UPHILL:              158
  TRIALS OUT OF BOUNDS:            315
  NEW MINIMA THIS TEMPERATURE:       1

                         CURRENT OPTIMAL X
    0.9999536382         0.2150646448E-01     0.2861656308         0.7484665513         0.2459943295E-03     0.2975559354         0.6437103748         0.1868080497         0.2173286676E-01     0.1607390523    
    0.1509767771E-01     0.7609111066E-02     0.1552861094         0.3708156943         0.9999995795         0.6768721490E-01     0.1969611168         0.8779672980         0.3692106605E-01     0.2271322727    
    0.8618360162         0.7806838164E-02     0.7123300433E-01     0.1237813234         0.4874889851         0.2796388268E-01     0.1251088023         0.4776722193E-01     0.1339248773         0.6954823083E-02
    0.1281623006         0.7834677928         0.3966749907E-01     0.2057786226         0.8310639262         0.3006786665E-02     0.9324732414E-01     0.2772748351         0.4408439398         0.1754855514E-01
    0.2322625637         0.9535562992    

                         STEP LENGTH (VM)
    0.6223575384E-03     0.1000000000         0.2000000000          1.000000000         0.1000000000         0.2000000000          1.000000000         0.3257614633E-03     0.9256627634E-02     0.1047816592    
    0.6392714489E-01     0.1000000000         0.2000000000          1.000000000         0.2761201674E-03     0.1000000000         0.2000000000          1.000000000         0.1000000000         0.2000000000    
     1.000000000         0.1972558606E-03     0.1000000000         0.2000000000          1.000000000         0.1000000000         0.2000000000          1.000000000         0.1213476434E-02     0.5388404118E-03
    0.2239274259E-02     0.2671801590E-01     0.1000000000         0.2000000000          1.000000000         0.7668168763E-02     0.1000000000         0.2000000000          1.000000000         0.1000000000    
    0.2000000000          1.000000000    
 

 INTERMEDIATE RESULTS BEFORE NEXT TEMPERATURE REDUCTION

  CURRENT TEMPERATURE:             0.11905E-02
  MIN FUNCTION VALUE SO FAR:   0.117912276634875683E-01
  TOTAL MOVES:                     840
     DOWNHILL:                     562
     ACCEPTED UPHILL:               97
     REJECTED UPHILL:              181
  TRIALS OUT OF BOUNDS:            319
  NEW MINIMA THIS TEMPERATURE:       0

                         CURRENT OPTIMAL X
    0.9999536382         0.2150646448E-01     0.2861656308         0.7484665513         0.2459943295E-03     0.2975559354         0.6437103748         0.1868080497         0.2173286676E-01     0.1607390523    
    0.1509767771E-01     0.7609111066E-02     0.1552861094         0.3708156943         0.9999995795         0.6768721490E-01     0.1969611168         0.8779672980         0.3692106605E-01     0.2271322727    
    0.8618360162         0.7806838164E-02     0.7123300433E-01     0.1237813234         0.4874889851         0.2796388268E-01     0.1251088023         0.4776722193E-01     0.1339248773         0.6954823083E-02
    0.1281623006         0.7834677928         0.3966749907E-01     0.2057786226         0.8310639262         0.3006786665E-02     0.9324732414E-01     0.2772748351         0.4408439398         0.1754855514E-01
    0.2322625637         0.9535562992    

                         STEP LENGTH (VM)
    0.1126170492E-02     0.1000000000         0.2000000000          1.000000000         0.1000000000         0.2000000000          1.000000000         0.5022155479E-03     0.2844140959E-02     0.1461317372E-01
    0.2369500293E-01     0.1000000000         0.2000000000          1.000000000         0.2366743791E-03     0.7499999860E-01     0.2000000000          1.000000000         0.1000000000         0.2000000000    
     1.000000000         0.5597390510E-02     0.1000000000         0.2000000000          1.000000000         0.1000000000         0.2000000000          1.000000000         0.1592687460E-02     0.3463973279E-03
    0.2653954364E-02     0.2366249115E-01     0.1000000000         0.2000000000          1.000000000         0.5595690038E-02     0.9492185280E-01     0.2000000000          1.000000000         0.1000000000    
    0.2000000000          1.000000000    
 

 INTERMEDIATE RESULTS BEFORE NEXT TEMPERATURE REDUCTION

  CURRENT TEMPERATURE:             0.89291E-03
  MIN FUNCTION VALUE SO FAR:   0.117912276634875683E-01
  TOTAL MOVES:                     840
     DOWNHILL:                     516
     ACCEPTED UPHILL:              111
     REJECTED UPHILL:              213
  TRIALS OUT OF BOUNDS:            321
  NEW MINIMA THIS TEMPERATURE:       0

                         CURRENT OPTIMAL X
    0.9999536382         0.2150646448E-01     0.2861656308         0.7484665513         0.2459943295E-03     0.2975559354         0.6437103748         0.1868080497         0.2173286676E-01     0.1607390523    
    0.1509767771E-01     0.7609111066E-02     0.1552861094         0.3708156943         0.9999995795         0.6768721490E-01     0.1969611168         0.8779672980         0.3692106605E-01     0.2271322727    
    0.8618360162         0.7806838164E-02     0.7123300433E-01     0.1237813234         0.4874889851         0.2796388268E-01     0.1251088023         0.4776722193E-01     0.1339248773         0.6954823083E-02
    0.1281623006         0.7834677928         0.3966749907E-01     0.2057786226         0.8310639262         0.3006786665E-02     0.9324732414E-01     0.2772748351         0.4408439398         0.1754855514E-01
    0.2322625637         0.9535562992    

                         STEP LENGTH (VM)
    0.2205416816E-02     0.1000000000         0.2000000000          1.000000000         0.1000000000         0.2000000000          1.000000000         0.1614264184E-03     0.1639864994E-02     0.4697091329E-02
    0.1872197460E-01     0.1000000000         0.2000000000          1.000000000         0.1945293535E-03     0.5079364899E-01     0.2000000000          1.000000000         0.1000000000         0.2000000000    
     1.000000000         0.4264678042E-02     0.1000000000         0.2000000000          1.000000000         0.1000000000         0.2000000000          1.000000000         0.5658231029E-03     0.2712529020E-03
    0.1286391133E-02     0.1045013865E-01     0.1000000000         0.2000000000          1.000000000         0.2295667442E-02     0.2150055966E-01     0.2000000000          1.000000000         0.1000000000    
    0.2000000000          1.000000000    
 

 INTERMEDIATE RESULTS BEFORE NEXT TEMPERATURE REDUCTION

  CURRENT TEMPERATURE:             0.66968E-03
  MIN FUNCTION VALUE SO FAR:   0.117912276634875683E-01
  TOTAL MOVES:                     840
     DOWNHILL:                     546
     ACCEPTED UPHILL:              116
     REJECTED UPHILL:              178
  TRIALS OUT OF BOUNDS:            290
  NEW MINIMA THIS TEMPERATURE:       0

                         CURRENT OPTIMAL X
    0.9999536382         0.2150646448E-01     0.2861656308         0.7484665513         0.2459943295E-03     0.2975559354         0.6437103748         0.1868080497         0.2173286676E-01     0.1607390523    
    0.1509767771E-01     0.7609111066E-02     0.1552861094         0.3708156943         0.9999995795         0.6768721490E-01     0.1969611168         0.8779672980         0.3692106605E-01     0.2271322727    
    0.8618360162         0.7806838164E-02     0.7123300433E-01     0.1237813234         0.4874889851         0.2796388268E-01     0.1251088023         0.4776722193E-01     0.1339248773         0.6954823083E-02
    0.1281623006         0.7834677928         0.3966749907E-01     0.2057786226         0.8310639262         0.3006786665E-02     0.9324732414E-01     0.2772748351         0.4408439398         0.1754855514E-01
    0.2322625637         0.9535562992    

                         STEP LENGTH (VM)
    0.9766006729E-03     0.1000000000         0.2000000000          1.000000000         0.1000000000         0.2000000000          1.000000000         0.1331059669E-03     0.9455077073E-03     0.7045635579E-02
    0.1404147883E-01     0.1000000000         0.2000000000          1.000000000         0.1729149657E-03     0.1000000000         0.2000000000          1.000000000         0.1000000000         0.2000000000    
     1.000000000         0.6263745330E-02     0.1000000000         0.2000000000          1.000000000         0.1000000000         0.2000000000          1.000000000         0.5394551565E-03     0.1460592368E-03
    0.1085392276E-02     0.1238534805E-01     0.1000000000         0.2000000000          1.000000000         0.3139764074E-02     0.6702126562E-01     0.2000000000          1.000000000         0.1000000000    
    0.2000000000          1.000000000    
 

 INTERMEDIATE RESULTS BEFORE NEXT TEMPERATURE REDUCTION

  CURRENT TEMPERATURE:             0.50226E-03
  MIN FUNCTION VALUE SO FAR:   0.117656438792308211E-01
  TOTAL MOVES:                     840
     DOWNHILL:                     546
     ACCEPTED UPHILL:              132
     REJECTED UPHILL:              162
  TRIALS OUT OF BOUNDS:            326
  NEW MINIMA THIS TEMPERATURE:       1

                         CURRENT OPTIMAL X
    0.9999536382         0.9474467039E-01     0.2291026473         0.8486638665         0.2568895221E-01     0.2751961946         0.9374434948         0.1867641143         0.2180792830E-01     0.1607390523    
    0.1509767771E-01     0.7609111066E-02     0.1552861094         0.3708156943         0.9999995795         0.6768721490E-01     0.1969611168         0.8779672980         0.3692106605E-01     0.2271322727    
    0.8618360162         0.7806838164E-02     0.7123300433E-01     0.1237813234         0.4874889851         0.2796388268E-01     0.1251088023         0.4776722193E-01     0.1339248773         0.6954823083E-02
    0.1281623006         0.7834677928         0.3966749907E-01     0.2057786226         0.8310639262         0.3006786665E-02     0.9324732414E-01     0.2772748351         0.4408439398         0.1754855514E-01
    0.2322625637         0.9535562992    

                         STEP LENGTH (VM)
    0.9766004344E-03     0.1000000000         0.2000000000          1.000000000         0.1000000000         0.2000000000          1.000000000         0.2736066616E-03     0.1844847497E-02     0.7926339173E-02
    0.1872196822E-01     0.1000000000         0.2000000000          1.000000000         0.9848764272E-04     0.1000000000         0.2000000000          1.000000000         0.1000000000         0.2000000000    
     1.000000000         0.4264677240E-02     0.1000000000         0.2000000000          1.000000000         0.1000000000         0.2000000000          1.000000000         0.5394550962E-03     0.1865215564E-03
    0.1286390570E-02     0.9289010865E-02     0.1000000000         0.2000000000          1.000000000         0.3887326662E-02     0.7499999860E-01     0.2000000000          1.000000000         0.1000000000    
    0.2000000000          1.000000000    
 

 INTERMEDIATE RESULTS BEFORE NEXT TEMPERATURE REDUCTION

  CURRENT TEMPERATURE:             0.37670E-03
  MIN FUNCTION VALUE SO FAR:   0.117627300951934442E-01
  TOTAL MOVES:                     840
     DOWNHILL:                     540
     ACCEPTED UPHILL:              133
     REJECTED UPHILL:              167
  TRIALS OUT OF BOUNDS:            295
  NEW MINIMA THIS TEMPERATURE:       0

                         CURRENT OPTIMAL X
    0.9999536382         0.7062883377E-01     0.1625363708         0.4907523990         0.3302355409E-01     0.2523199558         0.5863653421         0.1867650522         0.2180792830E-01     0.1607390523    
    0.1509767771E-01     0.7609111066E-02     0.1552861094         0.3708156943         0.9999995795         0.6768721490E-01     0.1969611168         0.8779672980         0.3692106605E-01     0.2271322727    
    0.8618360162         0.7806838164E-02     0.7123300433E-01     0.1237813234         0.4874889851         0.2796388268E-01     0.1251088023         0.4776722193E-01     0.1339248773         0.6954823083E-02
    0.1281623006         0.7834677928         0.3966749907E-01     0.2057786226         0.8310639262         0.3006786665E-02     0.9324732414E-01     0.2772748351         0.4408439398         0.1754855514E-01
    0.2322625637         0.9535562992    

                         STEP LENGTH (VM)
    0.1178982122E-02     0.1000000000         0.2000000000          1.000000000         0.1000000000         0.2000000000          1.000000000         0.2444995498E-03     0.8284552419E-03     0.6855211523E-02
    0.1872196822E-01     0.1000000000         0.2000000000          1.000000000         0.1167260813E-03     0.1000000000         0.2000000000          1.000000000         0.1000000000         0.2000000000    
     1.000000000         0.9950911893E-02     0.1000000000         0.2000000000          1.000000000         0.1000000000         0.2000000000          1.000000000         0.1056432685E-02     0.1814803943E-03
    0.8712061999E-03     0.1045013610E-01     0.1000000000         0.2000000000          1.000000000         0.5414489727E-02     0.1000000000         0.2000000000          1.000000000         0.1000000000    
    0.2000000000          1.000000000    
 

 INTERMEDIATE RESULTS BEFORE NEXT TEMPERATURE REDUCTION

  CURRENT TEMPERATURE:             0.28252E-03
  MIN FUNCTION VALUE SO FAR:   0.117464701656624267E-01
  TOTAL MOVES:                     840
     DOWNHILL:                     562
     ACCEPTED UPHILL:              104
     REJECTED UPHILL:              174
  TRIALS OUT OF BOUNDS:            324
  NEW MINIMA THIS TEMPERATURE:       0

                         CURRENT OPTIMAL X
    0.9999673778         0.5232425928E-01     0.2029519320         0.3766171336         0.6039110422E-01     0.1215268016         0.2819779515         0.1867650522         0.2243544106E-01     0.1551967788    
    0.3738340669E-02     0.6798543930E-01     0.2361685872         0.5444091558         0.9999599497         0.8795276284E-01     0.1737483025         0.6403352022         0.8150082827E-02     0.2681936383    
    0.6360540390         0.2997938777E-02     0.5371741056E-01     0.2759972930         0.4100914001         0.8172630668E-01     0.1099316001         0.3347729445         0.1331102402         0.6946617769E-02
    0.1284872300         0.7849887178         0.4614441395E-01     0.1388184547         0.4837421179         0.3086448359E-02     0.8569821944E-01     0.2654958487         0.3766903281         0.7737683058E-01
    0.2538522124         0.9505344629    

                         STEP LENGTH (VM)
    0.2649129576E-03     0.8888888668E-01     0.2000000000          1.000000000         0.1000000000         0.2000000000          1.000000000         0.2026772207E-03     0.3886381766E-03     0.2813878607E-02
    0.4203685009E-02     0.1000000000         0.2000000000          1.000000000         0.1292324362E-03     0.5714285653E-01     0.2000000000          1.000000000         0.1000000000         0.2000000000    
     1.000000000         0.2177707081E-02     0.9999998882E-01     0.2000000000          1.000000000         0.1000000000         0.2000000000          1.000000000         0.2726277771E-03     0.9267083889E-04
    0.6357449874E-03     0.8817301220E-02     0.1000000000         0.2000000000          1.000000000         0.8194901881E-02     0.8888887809E-01     0.2000000000          1.000000000         0.1000000000    
    0.2000000000          1.000000000    
 

 INTERMEDIATE RESULTS BEFORE NEXT TEMPERATURE REDUCTION

  CURRENT TEMPERATURE:             0.21189E-03
  MIN FUNCTION VALUE SO FAR:   0.116290860623817841E-01
  TOTAL MOVES:                     840
     DOWNHILL:                     542
     ACCEPTED UPHILL:              114
     REJECTED UPHILL:              184
  TRIALS OUT OF BOUNDS:            339
  NEW MINIMA THIS TEMPERATURE:       4

                         CURRENT OPTIMAL X
    0.9999729014         0.4269915223E-01     0.1614721656         0.8522625566         0.8797394037E-01     0.1140192986         0.1112550497E-01     0.1867782012         0.2221270850E-01     0.1528780673    
    0.5134355031E-02     0.8647474647E-01     0.2040853739         0.1603960991E-01     0.9999825686         0.8959264092E-01     0.2407938242         0.9311079979         0.7029512525E-01     0.2407165408    
    0.6139352918         0.1302947356E-02     0.6464337707E-01     0.2803862333         0.5094594955         0.4145453572E-01     0.1997677565         0.3664535284E-01     0.1329243896         0.7300733438E-02
    0.1277419974         0.7953414797         0.3693886995E-01     0.2435044289         0.5235248804E-01     0.5361085579E-02     0.7746083736E-01     0.1407587647         0.4169207215         0.1429625154E-01
    0.1350274801         0.2943902016    

                         STEP LENGTH (VM)
    0.3007119793E-03     0.1000000000         0.2000000000          1.000000000         0.1000000000         0.2000000000          1.000000000         0.1725495072E-03     0.5181841872E-03     0.2110408916E-02
    0.4982144609E-02     0.1000000000         0.2000000000          1.000000000         0.6599102201E-04     0.9910710983E-01     0.2000000000          1.000000000         0.1000000000         0.2000000000    
     1.000000000         0.7991463719E-02     0.1000000000         0.2000000000          1.000000000         0.1000000000         0.2000000000          1.000000000         0.3450444562E-03     0.1428675315E-03
    0.4238299732E-03     0.5038457786E-02     0.1000000000         0.2000000000          1.000000000         0.8399977614E-02     0.5624998502E-01     0.2000000000          1.000000000         0.1000000000    
    0.2000000000          1.000000000    
 

 INTERMEDIATE RESULTS BEFORE NEXT TEMPERATURE REDUCTION

  CURRENT TEMPERATURE:             0.15892E-03
  MIN FUNCTION VALUE SO FAR:   0.115983562132741837E-01
  TOTAL MOVES:                     840
     DOWNHILL:                     552
     ACCEPTED UPHILL:              124
     REJECTED UPHILL:              164
  TRIALS OUT OF BOUNDS:            308
  NEW MINIMA THIS TEMPERATURE:       1

                         CURRENT OPTIMAL X
    0.9999635767         0.6482684612E-01     0.2119971275         0.5332938433         0.3759474158E-01     0.2806461215         0.9501613975         0.1870282680         0.2209464117E-01     0.1510044637    
    0.8107257762E-02     0.4762794375E-01     0.1355418682         0.9071450830         0.9999862612         0.8889610691E-01     0.2221803665         0.3457599878E-01     0.9605347514E-01     0.1736563087    
    0.3818125129         0.5198343609E-03     0.5910229683E-01     0.2092751145         0.8552271724         0.3342084289E-01     0.1134782434         0.5055585504         0.1328260859         0.7220605817E-02
    0.1274777008         0.7976117110         0.5417381525E-01     0.2111240745         0.7779865861         0.5435690056E-02     0.9943550825E-01     0.1359863400         0.6264163852         0.4057545662E-01
    0.2598212123         0.5316569209    

                         STEP LENGTH (VM)
    0.7147129021E-03     0.1000000000         0.2000000000          1.000000000         0.1000000000         0.2000000000          1.000000000         0.1314662776E-03     0.2352041624E-03     0.2110408916E-02
    0.3830116163E-02     0.1000000000         0.2000000000          1.000000000         0.1026526907E-03     0.7433033099E-01     0.2000000000          1.000000000         0.1000000000         0.2000000000    
     1.000000000         0.8990395716E-02     0.9999998675E-01     0.2000000000          1.000000000         0.1000000000         0.2000000000          1.000000000         0.1989445436E-03     0.1325926846E-03
    0.4238299322E-03     0.3676711991E-02     0.1000000000         0.2000000000          1.000000000         0.7466645861E-02     0.6503903859E-01     0.2000000000          1.000000000         0.1000000000    
    0.2000000000          1.000000000    
 

  SA ACHIEVED TERMINATION CRITERIA. IER = 0. 


  ****   RESULTS AFTER SA   ****   

                         SOLUTION
    0.9999635767         0.6482684612E-01     0.2119971275         0.5332938433         0.3759474158E-01     0.2806461215         0.9501613975         0.1870282680         0.2209464117E-01     0.1510044637    
    0.8107257762E-02     0.4762794375E-01     0.1355418682         0.9071450830         0.9999862612         0.8889610691E-01     0.2221803665         0.3457599878E-01     0.9605347514E-01     0.1736563087    
    0.3818125129         0.5198343609E-03     0.5910229683E-01     0.2092751145         0.8552271724         0.3342084289E-01     0.1134782434         0.5055585504         0.1328260859         0.7220605817E-02
    0.1274777008         0.7976117110         0.5417381525E-01     0.2111240745         0.7779865861         0.5435690056E-02     0.9943550825E-01     0.1359863400         0.6264163852         0.4057545662E-01
    0.2598212123         0.5316569209    

                         FINAL STEP LENGTH
    0.7147129021E-03     0.1000000000         0.2000000000          1.000000000         0.1000000000         0.2000000000          1.000000000         0.1314662776E-03     0.2352041624E-03     0.2110408916E-02
    0.3830116163E-02     0.1000000000         0.2000000000          1.000000000         0.1026526907E-03     0.7433033099E-01     0.2000000000          1.000000000         0.1000000000         0.2000000000    
     1.000000000         0.8990395716E-02     0.9999998675E-01     0.2000000000          1.000000000         0.1000000000         0.2000000000          1.000000000         0.1989445436E-03     0.1325926846E-03
    0.4238299322E-03     0.3676711991E-02     0.1000000000         0.2000000000          1.000000000         0.7466645861E-02     0.6503903859E-01     0.2000000000          1.000000000         0.1000000000    
    0.2000000000          1.000000000    

 OPTIMAL FUNCTION VALUE:  0.1159835621327E-01
 NUMBER OF FUNCTION EVALUATIONS:          31081
 NUMBER OF ACCEPTED EVALUATIONS:          27028
 NUMBER OF OUT OF BOUND EVALUATIONS:      13556
 FINAL TEMP:  0.1589188766283E-03  IER:   0
