
 SIMULATED PARALLEL ANNEALING by NEIGHBORHOOD EXAMPLE

 NUMBER OF PARAMETERS:  42   MAXIMAZATION:     F
 INITIAL TEMP:  5.0       RT: 0.75       EPS: 0.10E-02
 NS:  24   NT:   5   NEPS:  4
 MAXEVL:  100000000   IPRINT: 1   ISEED1:    7 ISEED2:    8

                         STARTING VALUES
    0.9999126106         0.8585453033E-01     0.2429198980         0.5453663468         0.6930512190E-01     0.1827942371         0.7922129631         0.6457515795         0.1948338756E-01     0.1001019257    
    0.2494230750E-01     0.7107242942E-01     0.2543335795         0.4317454100         0.9999948129         0.7195463777E-01     0.1288772225         0.1705944538E-02     0.8813345432E-01     0.1394442797    
    0.1104968786E-01     0.1175077785E-01     0.8917638063E-01     0.1566519380         0.7691476941         0.4213876128E-01     0.1549757719         0.1782766581         0.7417464895         0.3089502454E-01
    0.2226844907         0.9619861841E-01     0.2183346748E-01     0.2682728529         0.3410592079         0.5798496191E-03     0.8076333404E-01     0.2404752254         0.2079784274         0.4901823997E-01
    0.1965488195         0.3683530092    

                         INITIAL STEP LENGTH
     1.000000000         0.1000000000         0.2000000000          1.000000000         0.1000000000         0.2000000000          1.000000000          1.000000000         0.1000000000         0.2000000000    
     1.000000000         0.1000000000         0.2000000000          1.000000000          1.000000000         0.1000000000         0.2000000000          1.000000000         0.1000000000         0.2000000000    
     1.000000000          1.000000000         0.1000000000         0.2000000000          1.000000000         0.1000000000         0.2000000000          1.000000000          1.000000000         0.1000000000    
    0.2000000000          1.000000000         0.1000000000         0.2000000000          1.000000000          1.000000000         0.1000000000         0.2000000000          1.000000000         0.1000000000    
    0.2000000000          1.000000000    

                         LOWER BOUND
     0.000000000          0.000000000         0.1000000000          0.000000000          0.000000000         0.1000000000          0.000000000          0.000000000          0.000000000         0.1000000000    
     0.000000000          0.000000000         0.1000000000          0.000000000          0.000000000          0.000000000         0.1000000000          0.000000000          0.000000000         0.1000000000    
     0.000000000          0.000000000          0.000000000         0.1000000000          0.000000000          0.000000000         0.1000000000          0.000000000          0.000000000          0.000000000    
    0.1000000000          0.000000000          0.000000000         0.1000000000          0.000000000          0.000000000          0.000000000         0.1000000000          0.000000000          0.000000000    
    0.1000000000          0.000000000    

                         UPPER BOUND
     1.000000000         0.1000000000         0.3000000000          1.000000000         0.1000000000         0.3000000000          1.000000000          1.000000000         0.1000000000         0.3000000000    
     1.000000000         0.1000000000         0.3000000000          1.000000000          1.000000000         0.1000000000         0.3000000000          1.000000000         0.1000000000         0.3000000000    
     1.000000000          1.000000000         0.1000000000         0.3000000000          1.000000000         0.1000000000         0.3000000000          1.000000000          1.000000000         0.1000000000    
    0.3000000000          1.000000000         0.1000000000         0.3000000000          1.000000000          1.000000000         0.1000000000         0.3000000000          1.000000000         0.1000000000    
    0.3000000000          1.000000000    

                         C VECTOR
     2.000000000          2.000000000          2.000000000          2.000000000          2.000000000          2.000000000          2.000000000          2.000000000          2.000000000          2.000000000    
     2.000000000          2.000000000          2.000000000          2.000000000          2.000000000          2.000000000          2.000000000          2.000000000          2.000000000          2.000000000    
     2.000000000          2.000000000          2.000000000          2.000000000          2.000000000          2.000000000          2.000000000          2.000000000          2.000000000          2.000000000    
     2.000000000          2.000000000          2.000000000          2.000000000          2.000000000          2.000000000          2.000000000          2.000000000          2.000000000          2.000000000    
     2.000000000          2.000000000    

  ****   END OF DRIVER ROUTINE OUTPUT   ****
  ****   BEFORE CALL TO SA.             ****
  

                         INITIAL X
    0.9999126106         0.8585453033E-01     0.2429198980         0.5453663468         0.6930512190E-01     0.1827942371         0.7922129631         0.6457515795         0.1948338756E-01     0.1001019257    
    0.2494230750E-01     0.7107242942E-01     0.2543335795         0.4317454100         0.9999948129         0.7195463777E-01     0.1288772225         0.1705944538E-02     0.8813345432E-01     0.1394442797    
    0.1104968786E-01     0.1175077785E-01     0.8917638063E-01     0.1566519380         0.7691476941         0.4213876128E-01     0.1549757719         0.1782766581         0.7417464895         0.3089502454E-01
    0.2226844907         0.9619861841E-01     0.2183346748E-01     0.2682728529         0.3410592079         0.5798496191E-03     0.8076333404E-01     0.2404752254         0.2079784274         0.4901823997E-01
    0.1965488195         0.3683530092    
  INITIAL F: 
 0.177374090776726279    

 INTERMEDIATE RESULTS BEFORE NEXT TEMPERATURE REDUCTION

  CURRENT TEMPERATURE:              5.0000    
  MIN FUNCTION VALUE SO FAR:   0.909369352820800780E-01
  TOTAL MOVES:                     420
     DOWNHILL:                     287
     ACCEPTED UPHILL:              119
     REJECTED UPHILL:               14
  TRIALS OUT OF BOUNDS:            229
  NEW MINIMA THIS TEMPERATURE:       0

                         CURRENT OPTIMAL X
    0.8037613630         0.8585453033E-01     0.2429198980         0.5453663468         0.6930512190E-01     0.1827942371         0.7922129631         0.6457515795         0.1948338756E-01     0.1001019257    
    0.2494230750E-01     0.7107242942E-01     0.2543335795         0.4317454100         0.9999948129         0.7195463777E-01     0.1288772225         0.1705944538E-02     0.8813345432E-01     0.1394442797    
    0.1104968786E-01     0.1175077785E-01     0.8917638063E-01     0.1566519380         0.7691476941         0.4213876128E-01     0.1549757719         0.1782766581         0.7417464895         0.3089502454E-01
    0.2226844907         0.9619861841E-01     0.2183346748E-01     0.2682728529         0.3410592079         0.5798496191E-03     0.8076333404E-01     0.2404752254         0.2079784274         0.4901823997E-01
    0.1965488195         0.3683530092    

                         STEP LENGTH (VM)
     1.000000000         0.1000000000         0.2000000000          1.000000000         0.1000000000         0.2000000000          1.000000000          1.000000000         0.1000000000         0.2000000000    
     1.000000000         0.1000000000         0.2000000000          1.000000000         0.1966205573         0.1000000000         0.2000000000          1.000000000         0.1000000000         0.2000000000    
     1.000000000          1.000000000         0.1000000000         0.2000000000          1.000000000         0.1000000000         0.2000000000          1.000000000          1.000000000         0.1000000000    
    0.2000000000          1.000000000         0.1000000000         0.2000000000          1.000000000          1.000000000         0.1000000000         0.2000000000          1.000000000         0.1000000000    
    0.2000000000          1.000000000    
 

 INTERMEDIATE RESULTS BEFORE NEXT TEMPERATURE REDUCTION

  CURRENT TEMPERATURE:              3.7500    
  MIN FUNCTION VALUE SO FAR:   0.779705511241465671E-01
  TOTAL MOVES:                     420
     DOWNHILL:                     300
     ACCEPTED UPHILL:              104
     REJECTED UPHILL:               16
  TRIALS OUT OF BOUNDS:            217
  NEW MINIMA THIS TEMPERATURE:       0

                         CURRENT OPTIMAL X
    0.8423985839         0.6869545579E-01     0.1760052204         0.2982217669         0.8845623732E-01     0.1927055597         0.4271090030E-01     0.5917266447         0.5925341249E-01     0.1001019257    
    0.2494230750E-01     0.7107242942E-01     0.2543335795         0.4317454100         0.9999948129         0.7195463777E-01     0.1288772225         0.1705944538E-02     0.8813345432E-01     0.1394442797    
    0.1104968786E-01     0.1175077785E-01     0.8917638063E-01     0.1566519380         0.7691476941         0.4213876128E-01     0.1549757719         0.1782766581         0.7417464895         0.3089502454E-01
    0.2226844907         0.9619861841E-01     0.2183346748E-01     0.2682728529         0.3410592079         0.5798496191E-03     0.8076333404E-01     0.2404752254         0.2079784274         0.4901823997E-01
    0.1965488195         0.3683530092    

                         STEP LENGTH (VM)
     1.000000000         0.1000000000         0.2000000000          1.000000000         0.1000000000         0.2000000000          1.000000000          1.000000000         0.1000000000         0.2000000000    
     1.000000000         0.1000000000         0.2000000000          1.000000000         0.4315953891         0.1000000000         0.2000000000          1.000000000         0.1000000000         0.2000000000    
     1.000000000          1.000000000         0.1000000000         0.2000000000          1.000000000         0.1000000000         0.2000000000          1.000000000          1.000000000         0.1000000000    
    0.2000000000          1.000000000         0.1000000000         0.2000000000          1.000000000          1.000000000         0.1000000000         0.2000000000          1.000000000         0.1000000000    
    0.2000000000          1.000000000    
 

 INTERMEDIATE RESULTS BEFORE NEXT TEMPERATURE REDUCTION

  CURRENT TEMPERATURE:              2.8125    
  MIN FUNCTION VALUE SO FAR:   0.776488708551903162E-01
  TOTAL MOVES:                     420
     DOWNHILL:                     314
     ACCEPTED UPHILL:               89
     REJECTED UPHILL:               17
  TRIALS OUT OF BOUNDS:            217
  NEW MINIMA THIS TEMPERATURE:       0

                         CURRENT OPTIMAL X
    0.8423985839         0.3444789052E-01     0.1439356565         0.2389624715         0.8845623732E-01     0.1927055597         0.4271090030E-01     0.5917266447         0.5925341249E-01     0.1001019257    
    0.2494230750E-01     0.7107242942E-01     0.2543335795         0.4317454100         0.9999948129         0.7195463777E-01     0.1288772225         0.1705944538E-02     0.8813345432E-01     0.1394442797    
    0.1104968786E-01     0.1175077785E-01     0.8917638063E-01     0.1566519380         0.7691476941         0.4213876128E-01     0.1549757719         0.1782766581         0.7417464895         0.3089502454E-01
    0.2226844907         0.9619861841E-01     0.2183346748E-01     0.2682728529         0.3410592079         0.5798496191E-03     0.8076333404E-01     0.2404752254         0.2079784274         0.4901823997E-01
    0.1965488195         0.3683530092    

                         STEP LENGTH (VM)
     1.000000000         0.1000000000         0.2000000000          1.000000000         0.1000000000         0.2000000000          1.000000000          1.000000000         0.1000000000         0.2000000000    
     1.000000000         0.1000000000         0.2000000000          1.000000000         0.3634486405         0.1000000000         0.2000000000          1.000000000         0.1000000000         0.2000000000    
     1.000000000          1.000000000         0.1000000000         0.2000000000          1.000000000         0.1000000000         0.2000000000          1.000000000          1.000000000         0.1000000000    
    0.2000000000          1.000000000         0.1000000000         0.2000000000          1.000000000          1.000000000         0.1000000000         0.2000000000          1.000000000         0.1000000000    
    0.2000000000          1.000000000    
 

 INTERMEDIATE RESULTS BEFORE NEXT TEMPERATURE REDUCTION

  CURRENT TEMPERATURE:              2.1094    
  MIN FUNCTION VALUE SO FAR:   0.623169323246609216E-01
  TOTAL MOVES:                     420
     DOWNHILL:                     301
     ACCEPTED UPHILL:              101
     REJECTED UPHILL:               18
  TRIALS OUT OF BOUNDS:            204
  NEW MINIMA THIS TEMPERATURE:       0

                         CURRENT OPTIMAL X
    0.8423985839         0.3621182442E-01     0.2588530183         0.3101275563         0.3976464272E-02     0.1081472874         0.8933919668E-01     0.5869090557         0.5762467980E-01     0.1001019257    
    0.2494230750E-01     0.7107242942E-01     0.2543335795         0.4317454100         0.9999948129         0.7195463777E-01     0.1288772225         0.1705944538E-02     0.8813345432E-01     0.1394442797    
    0.1104968786E-01     0.1175077785E-01     0.8917638063E-01     0.1566519380         0.7691476941         0.4213876128E-01     0.1549757719         0.1782766581         0.7417464895         0.3089502454E-01
    0.2226844907         0.9619861841E-01     0.2183346748E-01     0.2682728529         0.3410592079         0.5798496191E-03     0.8076333404E-01     0.2404752254         0.2079784274         0.4901823997E-01
    0.1965488195         0.3683530092    

                         STEP LENGTH (VM)
     1.000000000         0.1000000000         0.2000000000          1.000000000         0.1000000000         0.2000000000          1.000000000          1.000000000         0.1000000000         0.2000000000    
     1.000000000         0.1000000000         0.2000000000          1.000000000         0.2357504662         0.1000000000         0.2000000000          1.000000000         0.1000000000         0.2000000000    
     1.000000000          1.000000000         0.1000000000         0.2000000000          1.000000000         0.1000000000         0.2000000000          1.000000000          1.000000000         0.1000000000    
    0.2000000000          1.000000000         0.1000000000         0.2000000000          1.000000000          1.000000000         0.1000000000         0.2000000000          1.000000000         0.1000000000    
    0.2000000000          1.000000000    
 

 INTERMEDIATE RESULTS BEFORE NEXT TEMPERATURE REDUCTION

  CURRENT TEMPERATURE:              1.5820    
  MIN FUNCTION VALUE SO FAR:   0.593036599774574569E-01
  TOTAL MOVES:                     420
     DOWNHILL:                     303
     ACCEPTED UPHILL:              100
     REJECTED UPHILL:               17
  TRIALS OUT OF BOUNDS:            220
  NEW MINIMA THIS TEMPERATURE:       0

                         CURRENT OPTIMAL X
    0.8423985839         0.2684406638E-01     0.2727795959         0.1679481864         0.2320510149E-01     0.1755376816         0.1597937942         0.5869090557         0.2864347100E-01     0.1703317421    
    0.2494230750E-01     0.7107242942E-01     0.2543335795         0.4317454100         0.9999948129         0.7195463777E-01     0.1288772225         0.1705944538E-02     0.8813345432E-01     0.1394442797    
    0.1104968786E-01     0.1175077785E-01     0.8917638063E-01     0.1566519380         0.7691476941         0.4213876128E-01     0.1549757719         0.1782766581         0.7417464895         0.3089502454E-01
    0.2226844907         0.9619861841E-01     0.2183346748E-01     0.2682728529         0.3410592079         0.5798496191E-03     0.8076333404E-01     0.2404752254         0.2079784274         0.4901823997E-01
    0.1965488195         0.3683530092    

                         STEP LENGTH (VM)
     1.000000000         0.1000000000         0.2000000000          1.000000000         0.1000000000         0.2000000000          1.000000000         0.7499999860         0.1000000000         0.2000000000    
     1.000000000         0.1000000000         0.2000000000          1.000000000         0.2095559647         0.1000000000         0.2000000000          1.000000000         0.1000000000         0.2000000000    
     1.000000000          1.000000000         0.1000000000         0.2000000000          1.000000000         0.1000000000         0.2000000000          1.000000000          1.000000000         0.1000000000    
    0.2000000000          1.000000000         0.1000000000         0.2000000000          1.000000000          1.000000000         0.1000000000         0.2000000000          1.000000000         0.1000000000    
    0.2000000000          1.000000000    
 

 INTERMEDIATE RESULTS BEFORE NEXT TEMPERATURE REDUCTION

  CURRENT TEMPERATURE:              1.1865    
  MIN FUNCTION VALUE SO FAR:   0.590711825294878076E-01
  TOTAL MOVES:                     420
     DOWNHILL:                     310
     ACCEPTED UPHILL:               89
     REJECTED UPHILL:               21
  TRIALS OUT OF BOUNDS:            202
  NEW MINIMA THIS TEMPERATURE:       0

                         CURRENT OPTIMAL X
    0.8423985839         0.7556968331E-01     0.2981356263         0.8666281104         0.2320510149E-01     0.1755376816         0.1597937942         0.5869090557         0.2864347100E-01     0.1703317421    
    0.2494230750E-01     0.7107242942E-01     0.2543335795         0.4317454100         0.9999948129         0.7195463777E-01     0.1288772225         0.1705944538E-02     0.8813345432E-01     0.1394442797    
    0.1104968786E-01     0.1175077785E-01     0.8917638063E-01     0.1566519380         0.7691476941         0.4213876128E-01     0.1549757719         0.1782766581         0.7417464895         0.3089502454E-01
    0.2226844907         0.9619861841E-01     0.2183346748E-01     0.2682728529         0.3410592079         0.5798496191E-03     0.8076333404E-01     0.2404752254         0.2079784274         0.4901823997E-01
    0.1965488195         0.3683530092    

                         STEP LENGTH (VM)
     1.000000000         0.1000000000         0.2000000000          1.000000000         0.1000000000         0.2000000000          1.000000000         0.8437498935         0.1000000000         0.2000000000    
     1.000000000         0.1000000000         0.2000000000          1.000000000         0.1768128229         0.1000000000         0.2000000000          1.000000000         0.1000000000         0.2000000000    
     1.000000000          1.000000000         0.1000000000         0.2000000000          1.000000000         0.1000000000         0.2000000000          1.000000000          1.000000000         0.1000000000    
    0.2000000000          1.000000000         0.1000000000         0.2000000000          1.000000000          1.000000000         0.1000000000         0.2000000000          1.000000000         0.1000000000    
    0.2000000000          1.000000000    
 

 INTERMEDIATE RESULTS BEFORE NEXT TEMPERATURE REDUCTION

  CURRENT TEMPERATURE:             0.88989    
  MIN FUNCTION VALUE SO FAR:   0.587727520836197753E-01
  TOTAL MOVES:                     420
     DOWNHILL:                     286
     ACCEPTED UPHILL:              112
     REJECTED UPHILL:               22
  TRIALS OUT OF BOUNDS:            196
  NEW MINIMA THIS TEMPERATURE:       0

                         CURRENT OPTIMAL X
    0.8423985839         0.3137426376E-01     0.1076786041         0.9634886384         0.2320510149E-01     0.1755376816         0.1597937942         0.5869090557         0.2864347100E-01     0.1703317421    
    0.2494230750E-01     0.7107242942E-01     0.2543335795         0.4317454100         0.9999948129         0.7195463777E-01     0.1288772225         0.1705944538E-02     0.8813345432E-01     0.1394442797    
    0.1104968786E-01     0.1175077785E-01     0.8917638063E-01     0.1566519380         0.7691476941         0.4213876128E-01     0.1549757719         0.1782766581         0.7417464895         0.3089502454E-01
    0.2226844907         0.9619861841E-01     0.2183346748E-01     0.2682728529         0.3410592079         0.5798496191E-03     0.8076333404E-01     0.2404752254         0.2079784274         0.4901823997E-01
    0.1965488195         0.3683530092    

                         STEP LENGTH (VM)
     1.000000000         0.1000000000         0.2000000000          1.000000000         0.1000000000         0.2000000000          1.000000000          1.000000000         0.1000000000         0.2000000000    
     1.000000000         0.1000000000         0.2000000000          1.000000000         0.3094224170         0.1000000000         0.2000000000          1.000000000         0.1000000000         0.2000000000    
     1.000000000          1.000000000         0.1000000000         0.2000000000          1.000000000         0.1000000000         0.2000000000          1.000000000          1.000000000         0.1000000000    
    0.2000000000          1.000000000         0.1000000000         0.2000000000          1.000000000          1.000000000         0.1000000000         0.2000000000          1.000000000         0.1000000000    
    0.2000000000          1.000000000    
 

 INTERMEDIATE RESULTS BEFORE NEXT TEMPERATURE REDUCTION

  CURRENT TEMPERATURE:             0.66742    
  MIN FUNCTION VALUE SO FAR:   0.561751948210956684E-01
  TOTAL MOVES:                     420
     DOWNHILL:                     294
     ACCEPTED UPHILL:              107
     REJECTED UPHILL:               19
  TRIALS OUT OF BOUNDS:            190
  NEW MINIMA THIS TEMPERATURE:       0

                         CURRENT OPTIMAL X
    0.8423985839         0.2825111151E-01     0.2849657536         0.7439848781         0.9176328778E-01     0.1644763470         0.2435880303         0.5869090557         0.3212999105E-01     0.1703317421    
    0.2494230750E-01     0.7107242942E-01     0.2543335795         0.4317454100         0.9999948129         0.7195463777E-01     0.1288772225         0.1705944538E-02     0.8813345432E-01     0.1394442797    
    0.1104968786E-01     0.1175077785E-01     0.8917638063E-01     0.1566519380         0.7691476941         0.4213876128E-01     0.1549757719         0.1782766581         0.7417464895         0.3089502454E-01
    0.2226844907         0.9619861841E-01     0.2183346748E-01     0.2682728529         0.3410592079         0.5798496191E-03     0.8076333404E-01     0.2404752254         0.2079784274         0.4901823997E-01
    0.1965488195         0.3683530092    

                         STEP LENGTH (VM)
     1.000000000         0.1000000000         0.2000000000          1.000000000         0.1000000000         0.2000000000          1.000000000          1.000000000         0.1000000000         0.2000000000    
     1.000000000         0.1000000000         0.2000000000          1.000000000         0.1177558904         0.1000000000         0.2000000000          1.000000000         0.1000000000         0.2000000000    
     1.000000000          1.000000000         0.1000000000         0.2000000000          1.000000000         0.1000000000         0.2000000000          1.000000000          1.000000000         0.1000000000    
    0.2000000000          1.000000000         0.1000000000         0.2000000000          1.000000000          1.000000000         0.1000000000         0.2000000000          1.000000000         0.1000000000    
    0.2000000000          1.000000000    
 

 INTERMEDIATE RESULTS BEFORE NEXT TEMPERATURE REDUCTION

  CURRENT TEMPERATURE:             0.50056    
  MIN FUNCTION VALUE SO FAR:   0.559361516562607089E-01
  TOTAL MOVES:                     420
     DOWNHILL:                     289
     ACCEPTED UPHILL:              101
     REJECTED UPHILL:               30
  TRIALS OUT OF BOUNDS:            199
  NEW MINIMA THIS TEMPERATURE:       2

                         CURRENT OPTIMAL X
    0.8423985839         0.1208603382E-02     0.2737226844         0.7439848781         0.9176328778E-01     0.1644763470         0.2435880303         0.5869090557         0.3212999105E-01     0.1703317421    
    0.2494230750E-01     0.7107242942E-01     0.2543335795         0.4317454100         0.9999948129         0.7195463777E-01     0.1288772225         0.1705944538E-02     0.8813345432E-01     0.1394442797    
    0.1104968786E-01     0.1175077785E-01     0.8917638063E-01     0.1566519380         0.7691476941         0.4213876128E-01     0.1549757719         0.1782766581         0.7417464895         0.3089502454E-01
    0.2226844907         0.9619861841E-01     0.2183346748E-01     0.2682728529         0.3410592079         0.5798496191E-03     0.8076333404E-01     0.2404752254         0.2079784274         0.4901823997E-01
    0.1965488195         0.3683530092    

                         STEP LENGTH (VM)
     1.000000000         0.1000000000         0.2000000000          1.000000000         0.1000000000         0.2000000000          1.000000000         0.6486486395         0.1000000000         0.2000000000    
     1.000000000         0.1000000000         0.2000000000          1.000000000         0.2060727929         0.1000000000         0.2000000000          1.000000000         0.1000000000         0.2000000000    
     1.000000000          1.000000000         0.1000000000         0.2000000000          1.000000000         0.1000000000         0.2000000000          1.000000000          1.000000000         0.1000000000    
    0.2000000000          1.000000000         0.1000000000         0.2000000000          1.000000000          1.000000000         0.1000000000         0.2000000000          1.000000000         0.1000000000    
    0.2000000000          1.000000000    
 

 INTERMEDIATE RESULTS BEFORE NEXT TEMPERATURE REDUCTION

  CURRENT TEMPERATURE:             0.37542    
  MIN FUNCTION VALUE SO FAR:   0.559137062543013583E-01
  TOTAL MOVES:                     420
     DOWNHILL:                     301
     ACCEPTED UPHILL:               89
     REJECTED UPHILL:               30
  TRIALS OUT OF BOUNDS:            214
  NEW MINIMA THIS TEMPERATURE:       1

                         CURRENT OPTIMAL X
    0.8423985839         0.2400338650E-01     0.2075342774         0.4075757861         0.9176328778E-01     0.1644763470         0.2435880303         0.5869090557         0.3212999105E-01     0.1703317421    
    0.2494230750E-01     0.7107242942E-01     0.2543335795         0.4317454100         0.9999948129         0.7195463777E-01     0.1288772225         0.1705944538E-02     0.8813345432E-01     0.1394442797    
    0.1104968786E-01     0.1175077785E-01     0.8917638063E-01     0.1566519380         0.7691476941         0.4213876128E-01     0.1549757719         0.1782766581         0.7417464895         0.3089502454E-01
    0.2226844907         0.9619861841E-01     0.2183346748E-01     0.2682728529         0.3410592079         0.5798496191E-03     0.8076333404E-01     0.2404752254         0.2079784274         0.4901823997E-01
    0.1965488195         0.3683530092    

                         STEP LENGTH (VM)
     1.000000000         0.1000000000         0.2000000000          1.000000000         0.1000000000         0.2000000000          1.000000000         0.5609932951         0.1000000000         0.2000000000    
     1.000000000         0.1000000000         0.2000000000          1.000000000         0.2095403259         0.1000000000         0.2000000000          1.000000000         0.1000000000         0.2000000000    
     1.000000000          1.000000000         0.1000000000         0.2000000000          1.000000000         0.1000000000         0.2000000000          1.000000000          1.000000000         0.1000000000    
    0.2000000000          1.000000000         0.1000000000         0.2000000000          1.000000000          1.000000000         0.1000000000         0.2000000000          1.000000000         0.1000000000    
    0.2000000000          1.000000000    
 

 INTERMEDIATE RESULTS BEFORE NEXT TEMPERATURE REDUCTION

  CURRENT TEMPERATURE:             0.28157    
  MIN FUNCTION VALUE SO FAR:   0.559137062543013583E-01
  TOTAL MOVES:                     420
     DOWNHILL:                     288
     ACCEPTED UPHILL:              102
     REJECTED UPHILL:               30
  TRIALS OUT OF BOUNDS:            207
  NEW MINIMA THIS TEMPERATURE:       0

                         CURRENT OPTIMAL X
    0.8423985839         0.2400338650E-01     0.2075342774         0.4075757861         0.9176328778E-01     0.1644763470         0.2435880303         0.5869090557         0.3212999105E-01     0.1703317421    
    0.2494230750E-01     0.7107242942E-01     0.2543335795         0.4317454100         0.9999948129         0.7195463777E-01     0.1288772225         0.1705944538E-02     0.8813345432E-01     0.1394442797    
    0.1104968786E-01     0.1175077785E-01     0.8917638063E-01     0.1566519380         0.7691476941         0.4213876128E-01     0.1549757719         0.1782766581         0.7417464895         0.3089502454E-01
    0.2226844907         0.9619861841E-01     0.2183346748E-01     0.2682728529         0.3410592079         0.5798496191E-03     0.8076333404E-01     0.2404752254         0.2079784274         0.4901823997E-01
    0.1965488195         0.3683530092    

                         STEP LENGTH (VM)
     1.000000000         0.1000000000         0.2000000000          1.000000000         0.1000000000         0.2000000000          1.000000000         0.3041281748         0.1000000000         0.2000000000    
     1.000000000         0.1000000000         0.2000000000          1.000000000         0.8596525098E-01     0.1000000000         0.2000000000          1.000000000         0.1000000000         0.2000000000    
     1.000000000          1.000000000         0.1000000000         0.2000000000          1.000000000         0.1000000000         0.2000000000          1.000000000         0.9947088916         0.1000000000    
    0.2000000000          1.000000000         0.1000000000         0.2000000000          1.000000000          1.000000000         0.1000000000         0.2000000000          1.000000000         0.1000000000    
    0.2000000000          1.000000000    
 

 INTERMEDIATE RESULTS BEFORE NEXT TEMPERATURE REDUCTION

  CURRENT TEMPERATURE:             0.21118    
  MIN FUNCTION VALUE SO FAR:   0.558447195689679501E-01
  TOTAL MOVES:                     420
     DOWNHILL:                     284
     ACCEPTED UPHILL:               99
     REJECTED UPHILL:               37
  TRIALS OUT OF BOUNDS:            194
  NEW MINIMA THIS TEMPERATURE:       0

                         CURRENT OPTIMAL X
    0.8423985839         0.2189701796E-01     0.2075342774         0.4075757861         0.9176328778E-01     0.1644763470         0.2435880303         0.5869090557         0.3212999105E-01     0.1703317421    
    0.2494230750E-01     0.7107242942E-01     0.2543335795         0.4317454100         0.9999948129         0.7195463777E-01     0.1288772225         0.1705944538E-02     0.8813345432E-01     0.1394442797    
    0.1104968786E-01     0.1175077785E-01     0.8917638063E-01     0.1566519380         0.7691476941         0.4213876128E-01     0.1549757719         0.1782766581         0.7417464895         0.3089502454E-01
    0.2226844907         0.9619861841E-01     0.2183346748E-01     0.2682728529         0.3410592079         0.5798496191E-03     0.8076333404E-01     0.2404752254         0.2079784274         0.4901823997E-01
    0.1965488195         0.3683530092    

                         STEP LENGTH (VM)
     1.000000000         0.1000000000         0.2000000000          1.000000000         0.1000000000         0.2000000000          1.000000000         0.1842314723         0.1000000000         0.2000000000    
     1.000000000         0.1000000000         0.2000000000          1.000000000         0.6447393703E-01     0.1000000000         0.2000000000          1.000000000         0.1000000000         0.2000000000    
     1.000000000         0.7368420475         0.1000000000         0.2000000000          1.000000000         0.1000000000         0.2000000000          1.000000000         0.5653975820         0.1000000000    
    0.2000000000          1.000000000         0.1000000000         0.2000000000          1.000000000          1.000000000         0.1000000000         0.2000000000          1.000000000         0.1000000000    
    0.2000000000          1.000000000    
 

 INTERMEDIATE RESULTS BEFORE NEXT TEMPERATURE REDUCTION

  CURRENT TEMPERATURE:             0.15838    
  MIN FUNCTION VALUE SO FAR:   0.558137118846064109E-01
  TOTAL MOVES:                     420
     DOWNHILL:                     303
     ACCEPTED UPHILL:               76
     REJECTED UPHILL:               41
  TRIALS OUT OF BOUNDS:            209
  NEW MINIMA THIS TEMPERATURE:       1

                         CURRENT OPTIMAL X
    0.8423985839         0.3027096987E-01     0.1410480618         0.4075757861         0.9176328778E-01     0.1644763470         0.2435880303         0.5869090557         0.3212999105E-01     0.1703317421    
    0.2494230750E-01     0.7107242942E-01     0.2543335795         0.4317454100         0.9999948129         0.7195463777E-01     0.1288772225         0.1705944538E-02     0.8813345432E-01     0.1394442797    
    0.1104968786E-01     0.1175077785E-01     0.8917638063E-01     0.1566519380         0.7691476941         0.4213876128E-01     0.1549757719         0.1782766581         0.7417464895         0.3089502454E-01
    0.2226844907         0.9619861841E-01     0.2183346748E-01     0.2682728529         0.3410592079         0.5798496191E-03     0.8076333404E-01     0.2404752254         0.2079784274         0.4901823997E-01
    0.1965488195         0.3683530092    

                         STEP LENGTH (VM)
    0.6452165692         0.1000000000         0.2000000000          1.000000000         0.1000000000         0.2000000000          1.000000000         0.2173909573         0.1000000000         0.2000000000    
     1.000000000         0.1000000000         0.2000000000          1.000000000         0.3217412450E-01     0.1000000000         0.2000000000          1.000000000         0.1000000000         0.2000000000    
     1.000000000         0.2173174471         0.1000000000         0.2000000000          1.000000000         0.1000000000         0.2000000000          1.000000000         0.2114562065         0.1000000000    
    0.2000000000          1.000000000         0.1000000000         0.2000000000          1.000000000          1.000000000         0.1000000000         0.2000000000          1.000000000         0.1000000000    
    0.2000000000          1.000000000    
 

 INTERMEDIATE RESULTS BEFORE NEXT TEMPERATURE REDUCTION

  CURRENT TEMPERATURE:             0.11879    
  MIN FUNCTION VALUE SO FAR:   0.440472898952992686E-01
  TOTAL MOVES:                     420
     DOWNHILL:                     297
     ACCEPTED UPHILL:               87
     REJECTED UPHILL:               36
  TRIALS OUT OF BOUNDS:            214
  NEW MINIMA THIS TEMPERATURE:       0

                         CURRENT OPTIMAL X
    0.9658349893         0.3478152752E-01     0.1151431918         0.2472130060         0.2799361944E-01     0.1911955714         0.9147614837         0.5632186832         0.8121244311E-01     0.2204590321    
    0.4526926875         0.2520076632E-01     0.1182604671         0.8437830210E-01     0.9999948129         0.5196282268E-01     0.2412555814         0.7172810435         0.4556339979E-01     0.1443636179    
    0.4893882871         0.1044631004E-02     0.1284823417E-01     0.1968383431         0.6281852722E-01     0.5122290850E-01     0.2124083757         0.7137941122         0.7417464895         0.3150457144E-01
    0.1999348998         0.7658742666         0.5704593655E-02     0.1662652969         0.3564983606         0.5798496191E-03     0.9092512727E-01     0.2204002261         0.6983367205         0.8271188736E-01
    0.2013376594         0.6980614662    

                         STEP LENGTH (VM)
    0.5884302468         0.1000000000         0.2000000000          1.000000000         0.1000000000         0.2000000000          1.000000000         0.9316755040E-01     0.1000000000         0.2000000000    
     1.000000000         0.1000000000         0.2000000000          1.000000000         0.1551252087E-01     0.1000000000         0.2000000000          1.000000000         0.1000000000         0.2000000000    
     1.000000000         0.1443484592         0.1000000000         0.2000000000          1.000000000         0.1000000000         0.2000000000          1.000000000         0.1655847347         0.1000000000    
    0.2000000000          1.000000000         0.1000000000         0.2000000000          1.000000000         0.4285714160         0.1000000000         0.2000000000          1.000000000         0.1000000000    
    0.2000000000          1.000000000    
 

 INTERMEDIATE RESULTS BEFORE NEXT TEMPERATURE REDUCTION

  CURRENT TEMPERATURE:             0.89090E-01
  MIN FUNCTION VALUE SO FAR:   0.432433160017665630E-01
  TOTAL MOVES:                     420
     DOWNHILL:                     298
     ACCEPTED UPHILL:               92
     REJECTED UPHILL:               30
  TRIALS OUT OF BOUNDS:            183
  NEW MINIMA THIS TEMPERATURE:       0

                         CURRENT OPTIMAL X
    0.9658349893         0.1500282288E-01     0.2578705072         0.9775713682         0.9129271507E-01     0.1767306924         0.2082565427         0.5632186832         0.3285768032E-01     0.1694127560    
    0.4526926875         0.2520076632E-01     0.1182604671         0.8437830210E-01     0.9999948129         0.5196282268E-01     0.2412555814         0.7172810435         0.4556339979E-01     0.1443636179    
    0.4893882871         0.1044631004E-02     0.1284823417E-01     0.1968383431         0.6281852722E-01     0.5122290850E-01     0.2124083757         0.7137941122         0.7417464895         0.3150457144E-01
    0.1999348998         0.7658742666         0.5704593655E-02     0.1662652969         0.3564983606         0.5798496191E-03     0.9092512727E-01     0.2204002261         0.6983367205         0.8271188736E-01
    0.2013376594         0.6980614662    

                         STEP LENGTH (VM)
    0.3055310255         0.1000000000         0.2000000000          1.000000000         0.1000000000         0.2000000000          1.000000000         0.8281558904E-01     0.1000000000         0.2000000000    
     1.000000000         0.1000000000         0.2000000000          1.000000000         0.3684223133E-01     0.1000000000         0.2000000000          1.000000000         0.1000000000         0.2000000000    
     1.000000000         0.1283097383         0.1000000000         0.2000000000          1.000000000         0.1000000000         0.2000000000          1.000000000         0.1862828065         0.1000000000    
    0.2000000000          1.000000000         0.1000000000         0.2000000000          1.000000000         0.1836734586         0.1000000000         0.2000000000          1.000000000         0.1000000000    
    0.2000000000          1.000000000    
 

 INTERMEDIATE RESULTS BEFORE NEXT TEMPERATURE REDUCTION

  CURRENT TEMPERATURE:             0.66817E-01
  MIN FUNCTION VALUE SO FAR:   0.432426328222265607E-01
  TOTAL MOVES:                     420
     DOWNHILL:                     290
     ACCEPTED UPHILL:               90
     REJECTED UPHILL:               40
  TRIALS OUT OF BOUNDS:            168
  NEW MINIMA THIS TEMPERATURE:       0

                         CURRENT OPTIMAL X
    0.9658349893         0.1009429693E-01     0.2601288676         0.9775713682         0.9129271507E-01     0.1767306924         0.2082565427         0.5632186832         0.3285768032E-01     0.1694127560    
    0.4526926875         0.2520076632E-01     0.1182604671         0.8437830210E-01     0.9999948129         0.5196282268E-01     0.2412555814         0.7172810435         0.4556339979E-01     0.1443636179    
    0.4893882871         0.1044631004E-02     0.1284823417E-01     0.1968383431         0.6281852722E-01     0.5122290850E-01     0.2124083757         0.7137941122         0.7417464895         0.3150457144E-01
    0.1999348998         0.7658742666         0.5704593655E-02     0.1662652969         0.3564983606         0.5798496191E-03     0.9092512727E-01     0.2204002261         0.6983367205         0.8271188736E-01
    0.2013376594         0.6980614662    

                         STEP LENGTH (VM)
    0.3532702125         0.1000000000         0.2000000000          1.000000000         0.1000000000         0.2000000000          1.000000000         0.6309757900E-01     0.1000000000         0.2000000000    
     1.000000000         0.1000000000         0.2000000000          1.000000000         0.2105270061E-01     0.1000000000         0.2000000000          1.000000000         0.1000000000         0.2000000000    
     1.000000000         0.6242095174E-01     0.1000000000         0.2000000000          1.000000000         0.1000000000         0.2000000000          1.000000000         0.9295982973E-01     0.1000000000    
    0.2000000000          1.000000000         0.1000000000         0.2000000000          1.000000000         0.8935465263E-01     0.1000000000         0.2000000000          1.000000000         0.1000000000    
    0.2000000000          1.000000000    
 

 INTERMEDIATE RESULTS BEFORE NEXT TEMPERATURE REDUCTION

  CURRENT TEMPERATURE:             0.50113E-01
  MIN FUNCTION VALUE SO FAR:   0.432426328222265607E-01
  TOTAL MOVES:                     420
     DOWNHILL:                     292
     ACCEPTED UPHILL:               85
     REJECTED UPHILL:               43
  TRIALS OUT OF BOUNDS:            209
  NEW MINIMA THIS TEMPERATURE:       0

                         CURRENT OPTIMAL X
    0.9658349893         0.1009429693E-01     0.2601288676         0.9775713682         0.9129271507E-01     0.1767306924         0.2082565427         0.5632186832         0.3285768032E-01     0.1694127560    
    0.4526926875         0.2520076632E-01     0.1182604671         0.8437830210E-01     0.9999948129         0.5196282268E-01     0.2412555814         0.7172810435         0.4556339979E-01     0.1443636179    
    0.4893882871         0.1044631004E-02     0.1284823417E-01     0.1968383431         0.6281852722E-01     0.5122290850E-01     0.2124083757         0.7137941122         0.7417464895         0.3150457144E-01
    0.1999348998         0.7658742666         0.5704593655E-02     0.1662652969         0.3564983606         0.5798496191E-03     0.9092512727E-01     0.2204002261         0.6983367205         0.8271188736E-01
    0.2013376594         0.6980614662    

                         STEP LENGTH (VM)
    0.2405243757         0.1000000000         0.2000000000          1.000000000         0.1000000000         0.2000000000          1.000000000         0.4296004945E-01     0.1000000000         0.2000000000    
     1.000000000         0.1000000000         0.2000000000          1.000000000         0.8641563233E-02     0.1000000000         0.2000000000          1.000000000         0.1000000000         0.2000000000    
     1.000000000         0.2356709114E-01     0.1000000000         0.2000000000          1.000000000         0.1000000000         0.2000000000          1.000000000         0.7843484644E-01     0.1000000000    
    0.2000000000          1.000000000         0.1000000000         0.2000000000          1.000000000         0.1340319520         0.1000000000         0.2000000000          1.000000000         0.1000000000    
    0.2000000000          1.000000000    
 

 INTERMEDIATE RESULTS BEFORE NEXT TEMPERATURE REDUCTION

  CURRENT TEMPERATURE:             0.37585E-01
  MIN FUNCTION VALUE SO FAR:   0.425959752748224646E-01
  TOTAL MOVES:                     420
     DOWNHILL:                     291
     ACCEPTED UPHILL:               83
     REJECTED UPHILL:               46
  TRIALS OUT OF BOUNDS:            206
  NEW MINIMA THIS TEMPERATURE:       0

                         CURRENT OPTIMAL X
    0.9752408522         0.6888957024E-01     0.2570258975         0.8993667364E-01     0.2916552424E-01     0.1406061053         0.1029872298         0.5607920824         0.9930456877E-01     0.1908820271    
    0.4237032533         0.8977062106E-01     0.1277099848         0.1186124682         0.9999948129         0.7646635771E-01     0.2818985820         0.5219895244         0.2132745981E-01     0.1055708647    
    0.2916737199         0.1044631004E-02     0.7896292209E-01     0.1112960696         0.5105969906         0.8817323446E-01     0.2408051491         0.7803089619         0.7417464895         0.4263858795E-01
    0.1179616332         0.4933723211         0.3681282997E-01     0.1992122293         0.1225897074         0.5798496191E-03     0.9468517900E-01     0.2871949315         0.9620385170         0.9097740650E-01
    0.1765497327         0.9714883566    

                         STEP LENGTH (VM)
    0.9867666393E-01     0.1000000000         0.2000000000          1.000000000         0.1000000000         0.2000000000          1.000000000         0.2476975728E-01     0.1000000000         0.2000000000    
     1.000000000         0.1000000000         0.2000000000          1.000000000         0.7291318058E-02     0.1000000000         0.2000000000          1.000000000         0.1000000000         0.2000000000    
     1.000000000         0.5601273987E-01     0.1000000000         0.2000000000          1.000000000         0.1000000000         0.2000000000          1.000000000         0.9069027429E-01     0.1000000000    
    0.2000000000          1.000000000         0.1000000000         0.2000000000          1.000000000         0.3534908226E-01     0.1000000000         0.2000000000          1.000000000         0.1000000000    
    0.2000000000          1.000000000    
 

 INTERMEDIATE RESULTS BEFORE NEXT TEMPERATURE REDUCTION

  CURRENT TEMPERATURE:             0.28189E-01
  MIN FUNCTION VALUE SO FAR:   0.425651771140325222E-01
  TOTAL MOVES:                     420
     DOWNHILL:                     285
     ACCEPTED UPHILL:               91
     REJECTED UPHILL:               44
  TRIALS OUT OF BOUNDS:            208
  NEW MINIMA THIS TEMPERATURE:       2

                         CURRENT OPTIMAL X
    0.9752408522         0.9610270262E-01     0.2113296390         0.7170466781         0.1623284817E-01     0.2192425370         0.5441387892         0.5607920824         0.5689289570E-01     0.1518051028    
    0.6769029498         0.8977062106E-01     0.1277099848         0.1186124682         0.9999948129         0.7646635771E-01     0.2818985820         0.5219895244         0.2132745981E-01     0.1055708647    
    0.2916737199         0.1044631004E-02     0.7896292209E-01     0.1112960696         0.5105969906         0.8817323446E-01     0.2408051491         0.7803089619         0.7417464895         0.4263858795E-01
    0.1179616332         0.4933723211         0.3681282997E-01     0.1992122293         0.1225897074         0.5798496191E-03     0.9468517900E-01     0.2871949315         0.9620385170         0.9097740650E-01
    0.1765497327         0.9714883566    

                         STEP LENGTH (VM)
    0.7200728654E-01     0.1000000000         0.2000000000          1.000000000         0.1000000000         0.2000000000          1.000000000         0.2182097461E-01     0.1000000000         0.2000000000    
     1.000000000         0.1000000000         0.2000000000          1.000000000         0.3547127588E-02     0.1000000000         0.2000000000          1.000000000         0.1000000000         0.2000000000    
     1.000000000         0.2908353471E-01     0.1000000000         0.2000000000          1.000000000         0.1000000000         0.2000000000          1.000000000         0.3949414736E-01     0.1000000000    
    0.2000000000          1.000000000         0.1000000000         0.2000000000          1.000000000         0.5316600433E-01     0.1000000000         0.2000000000          1.000000000         0.1000000000    
    0.2000000000          1.000000000    
 

 INTERMEDIATE RESULTS BEFORE NEXT TEMPERATURE REDUCTION

  CURRENT TEMPERATURE:             0.21141E-01
  MIN FUNCTION VALUE SO FAR:   0.425651771125409861E-01
  TOTAL MOVES:                     420
     DOWNHILL:                     294
     ACCEPTED UPHILL:               82
     REJECTED UPHILL:               44
  TRIALS OUT OF BOUNDS:            186
  NEW MINIMA THIS TEMPERATURE:       0

                         CURRENT OPTIMAL X
    0.9752408522         0.8069924116E-01     0.2259175181         0.4828351736E-01     0.1623284817E-01     0.2192425370         0.5441387892         0.5607920824         0.5689289570E-01     0.1518051028    
    0.6769029498         0.8977062106E-01     0.1277099848         0.1186124682         0.9999948129         0.7646635771E-01     0.2818985820         0.5219895244         0.2132745981E-01     0.1055708647    
    0.2916737199         0.1044631004E-02     0.7896292209E-01     0.1112960696         0.5105969906         0.8817323446E-01     0.2408051491         0.7803089619         0.7417464895         0.4263858795E-01
    0.1179616332         0.4933723211         0.3681282997E-01     0.1992122293         0.1225897074         0.5798496191E-03     0.9468517900E-01     0.2871949315         0.9620385170         0.9097740650E-01
    0.1765497327         0.9714883566    

                         STEP LENGTH (VM)
    0.4267098170E-01     0.1000000000         0.2000000000          1.000000000         0.1000000000         0.2000000000          1.000000000         0.1887218974E-01     0.1000000000         0.2000000000    
     1.000000000         0.1000000000         0.2000000000          1.000000000         0.8870812508E-02     0.1000000000         0.2000000000          1.000000000         0.1000000000         0.2000000000    
     1.000000000         0.1886499522E-01     0.1000000000         0.2000000000          1.000000000         0.1000000000         0.2000000000          1.000000000         0.3510590790E-01     0.1000000000    
    0.2000000000          1.000000000         0.1000000000         0.2000000000          1.000000000         0.2658300051E-01     0.1000000000         0.2000000000          1.000000000         0.1000000000    
    0.2000000000          1.000000000    
 

 INTERMEDIATE RESULTS BEFORE NEXT TEMPERATURE REDUCTION

  CURRENT TEMPERATURE:             0.15856E-01
  MIN FUNCTION VALUE SO FAR:   0.402470986574974335E-01
  TOTAL MOVES:                     420
     DOWNHILL:                     293
     ACCEPTED UPHILL:               85
     REJECTED UPHILL:               42
  TRIALS OUT OF BOUNDS:            206
  NEW MINIMA THIS TEMPERATURE:       2

                         CURRENT OPTIMAL X
    0.9989955941         0.8998801708E-01     0.1793913960         0.1747300625         0.3271788359E-01     0.1978653312         0.9406793118         0.5573669998         0.6805640459E-02     0.2347786069    
    0.4692649841         0.7392678857E-01     0.2741320729         0.9762641191         0.9999948129         0.6316625476E-01     0.1888508797         0.1770678759         0.2236190438E-01     0.1028540254    
    0.6593427062         0.1044631004E-02     0.4157954454E-01     0.2355342627         0.8472709656         0.6925078034E-01     0.1849270344         0.9020100236         0.7407421767         0.8440041542E-02
    0.2289310336         0.6710138917         0.2082067728E-02     0.2160452008         0.4314088821         0.5798496191E-03     0.7512926459E-01     0.2839022279         0.5117560029         0.8342397809E-01
    0.1050422072         0.7266330719    

                         STEP LENGTH (VM)
    0.4267097605E-01     0.1000000000         0.2000000000          1.000000000         0.1000000000         0.2000000000          1.000000000         0.1917174199E-01     0.1000000000         0.2000000000    
     1.000000000         0.1000000000         0.2000000000          1.000000000         0.4529776058E-02     0.1000000000         0.2000000000          1.000000000         0.1000000000         0.2000000000    
     1.000000000         0.1591733593E-01     0.1000000000         0.2000000000          1.000000000         0.1000000000         0.2000000000          1.000000000         0.1792642091E-01     0.1000000000    
    0.2000000000          1.000000000         0.1000000000         0.2000000000          1.000000000         0.2100385121E-01     0.1000000000         0.2000000000          1.000000000         0.1000000000    
    0.2000000000          1.000000000    
 

 INTERMEDIATE RESULTS BEFORE NEXT TEMPERATURE REDUCTION

  CURRENT TEMPERATURE:             0.11892E-01
  MIN FUNCTION VALUE SO FAR:   0.400992914096043318E-01
  TOTAL MOVES:                     420
     DOWNHILL:                     297
     ACCEPTED UPHILL:               57
     REJECTED UPHILL:               66
  TRIALS OUT OF BOUNDS:            200
  NEW MINIMA THIS TEMPERATURE:       0

                         CURRENT OPTIMAL X
    0.9989955941         0.6820954084E-01     0.1793913960         0.1747300625         0.3271788359E-01     0.1978653312         0.9406793118         0.5573669998         0.6805640459E-02     0.2347786069    
    0.4692649841         0.7392678857E-01     0.2741320729         0.9762641191         0.9999948129         0.6316625476E-01     0.1888508797         0.1770678759         0.2236190438E-01     0.1028540254    
    0.6593427062         0.1044631004E-02     0.4157954454E-01     0.2355342627         0.8472709656         0.6925078034E-01     0.1849270344         0.9020100236         0.7407421767         0.8440041542E-02
    0.2289310336         0.6710138917         0.2082067728E-02     0.2160452008         0.4314088821         0.5798496191E-03     0.7512926459E-01     0.2839022279         0.5117560029         0.8342397809E-01
    0.1050422072         0.7266330719    

                         STEP LENGTH (VM)
    0.6555426968E-02     0.1000000000         0.2000000000          1.000000000         0.1000000000         0.2000000000          1.000000000         0.1136103151E-01     0.1000000000         0.2000000000    
     1.000000000         0.1000000000         0.2000000000          1.000000000         0.9271852666E-03     0.1000000000         0.2000000000          1.000000000         0.1000000000         0.2000000000    
     1.000000000         0.1591733593E-01     0.1000000000         0.2000000000          1.000000000         0.1000000000         0.2000000000          1.000000000         0.1416408495E-01     0.1000000000    
    0.2000000000          1.000000000         0.1000000000         0.2000000000          1.000000000         0.1867008742E-01     0.1000000000         0.2000000000          1.000000000         0.1000000000    
    0.2000000000          1.000000000    
 

 INTERMEDIATE RESULTS BEFORE NEXT TEMPERATURE REDUCTION

  CURRENT TEMPERATURE:             0.89190E-02
  MIN FUNCTION VALUE SO FAR:   0.399189175064603718E-01
  TOTAL MOVES:                     420
     DOWNHILL:                     275
     ACCEPTED UPHILL:               71
     REJECTED UPHILL:               74
  TRIALS OUT OF BOUNDS:            186
  NEW MINIMA THIS TEMPERATURE:       0

                         CURRENT OPTIMAL X
    0.9994175867         0.7193219662E-01     0.2366608739         0.7756577134         0.2362916470E-01     0.1156529903         0.2254712582E-01     0.5573669998         0.6805640459E-02     0.2372347355    
    0.4692649841         0.7392678857E-01     0.2741320729         0.9762641191         0.9999948129         0.6316625476E-01     0.1888508797         0.1770678759         0.2236190438E-01     0.1028540254    
    0.6593427062         0.1044631004E-02     0.4157954454E-01     0.2355342627         0.8472709656         0.6925078034E-01     0.1849270344         0.9020100236         0.7407421767         0.8440041542E-02
    0.2289310336         0.6710138917         0.2082067728E-02     0.2160452008         0.4314088821         0.5798496191E-03     0.7512926459E-01     0.2839022279         0.5117560029         0.8342397809E-01
    0.1050422072         0.7266330719    

                         STEP LENGTH (VM)
    0.1872978997E-02     0.1000000000         0.2000000000          1.000000000         0.1000000000         0.2000000000          1.000000000         0.7694242576E-02     0.6486486395E-01     0.2000000000    
    0.6486486395         0.1000000000         0.2000000000          1.000000000         0.1694115950E-02     0.1000000000         0.2000000000          1.000000000         0.1000000000         0.2000000000    
     1.000000000         0.5899861821E-02     0.1000000000         0.2000000000          1.000000000         0.1000000000         0.2000000000          1.000000000         0.6429087996E-02     0.1000000000    
    0.2000000000          1.000000000         0.1000000000         0.2000000000          1.000000000         0.2100384330E-01     0.1000000000         0.2000000000          1.000000000         0.1000000000    
    0.2000000000          1.000000000    
 

 INTERMEDIATE RESULTS BEFORE NEXT TEMPERATURE REDUCTION

  CURRENT TEMPERATURE:             0.66893E-02
  MIN FUNCTION VALUE SO FAR:   0.399060814972278521E-01
  TOTAL MOVES:                     420
     DOWNHILL:                     288
     ACCEPTED UPHILL:               66
     REJECTED UPHILL:               66
  TRIALS OUT OF BOUNDS:            183
  NEW MINIMA THIS TEMPERATURE:       0

                         CURRENT OPTIMAL X
    0.9994175867         0.3973108530E-01     0.2366608739         0.7756577134         0.2362916470E-01     0.1156529903         0.2254712582E-01     0.5573669998         0.6805640459E-02     0.2372347355    
    0.4692649841         0.7392678857E-01     0.2741320729         0.9762641191         0.9999948129         0.6316625476E-01     0.1888508797         0.1770678759         0.2236190438E-01     0.1028540254    
    0.6593427062         0.1044631004E-02     0.4157954454E-01     0.2355342627         0.8472709656         0.6925078034E-01     0.1849270344         0.9020100236         0.7407421767         0.8440041542E-02
    0.2289310336         0.6710138917         0.2082067728E-02     0.2160452008         0.4314088821         0.5798496191E-03     0.7512926459E-01     0.2839022279         0.5117560029         0.8342397809E-01
    0.1050422072         0.7266330719    

                         STEP LENGTH (VM)
    0.7009979190E-03     0.1000000000         0.2000000000          1.000000000         0.1000000000         0.2000000000          1.000000000         0.1851246307E-02     0.1000000000         0.2000000000    
     1.000000000         0.1000000000         0.2000000000          1.000000000         0.1241726474E-03     0.1000000000         0.2000000000          1.000000000         0.1000000000         0.2000000000    
     1.000000000         0.1611342033E-02     0.1000000000         0.2000000000          1.000000000         0.1000000000         0.2000000000          1.000000000         0.2073434433E-02     0.1000000000    
    0.2000000000          1.000000000         0.1000000000         0.2000000000          1.000000000         0.2854151512E-02     0.1000000000         0.2000000000          1.000000000         0.1000000000    
    0.2000000000          1.000000000    
 

 INTERMEDIATE RESULTS BEFORE NEXT TEMPERATURE REDUCTION

  CURRENT TEMPERATURE:             0.50170E-02
  MIN FUNCTION VALUE SO FAR:   0.399060814972278521E-01
  TOTAL MOVES:                     420
     DOWNHILL:                     304
     ACCEPTED UPHILL:               74
     REJECTED UPHILL:               42
  TRIALS OUT OF BOUNDS:            187
  NEW MINIMA THIS TEMPERATURE:       0

                         CURRENT OPTIMAL X
    0.9994175867         0.3973108530E-01     0.2366608739         0.7756577134         0.2362916470E-01     0.1156529903         0.2254712582E-01     0.5573669998         0.6805640459E-02     0.2372347355    
    0.4692649841         0.7392678857E-01     0.2741320729         0.9762641191         0.9999948129         0.6316625476E-01     0.1888508797         0.1770678759         0.2236190438E-01     0.1028540254    
    0.6593427062         0.1044631004E-02     0.4157954454E-01     0.2355342627         0.8472709656         0.6925078034E-01     0.1849270344         0.9020100236         0.7407421767         0.8440041542E-02
    0.2289310336         0.6710138917         0.2082067728E-02     0.2160452008         0.4314088821         0.5798496191E-03     0.7512926459E-01     0.2839022279         0.5117560029         0.8342397809E-01
    0.1050422072         0.7266330719    

                         STEP LENGTH (VM)
    0.1099216905E-01     0.1000000000         0.2000000000          1.000000000         0.1000000000         0.2000000000          1.000000000         0.7987113466E-02     0.1000000000         0.2000000000    
     1.000000000         0.1000000000         0.2000000000          1.000000000         0.1703397206E-02     0.1000000000         0.2000000000          1.000000000         0.1000000000         0.2000000000    
     1.000000000         0.4229771673E-02     0.1000000000         0.2000000000          1.000000000         0.1000000000         0.2000000000          1.000000000         0.4924406490E-02     0.1000000000    
    0.2000000000          1.000000000         0.1000000000         0.2000000000          1.000000000         0.1137837695E-01     0.1000000000         0.2000000000          1.000000000         0.1000000000    
    0.2000000000          1.000000000    
 

 INTERMEDIATE RESULTS BEFORE NEXT TEMPERATURE REDUCTION

  CURRENT TEMPERATURE:             0.37627E-02
  MIN FUNCTION VALUE SO FAR:   0.398715902773745592E-01
  TOTAL MOVES:                     420
     DOWNHILL:                     280
     ACCEPTED UPHILL:               86
     REJECTED UPHILL:               54
  TRIALS OUT OF BOUNDS:            185
  NEW MINIMA THIS TEMPERATURE:       0

                         CURRENT OPTIMAL X
    0.9994175867         0.7543580532E-01     0.1854246497         0.8177419305         0.1139184237E-01     0.2191542387         0.3832328320         0.5573669998         0.6805640459E-02     0.2372347355    
    0.4692649841         0.8148593903E-01     0.1363494277         0.4817287326         0.9999948129         0.9735873342E-01     0.1888508797         0.1770678759         0.2236190438E-01     0.1028540254    
    0.6593427062         0.1044631004E-02     0.4157954454E-01     0.2355342627         0.8472709656         0.6925078034E-01     0.1849270344         0.9020100236         0.7407421767         0.8440041542E-02
    0.2289310336         0.6710138917         0.2082067728E-02     0.2160452008         0.4314088821         0.5798496191E-03     0.7512926459E-01     0.2839022279         0.5117560029         0.8342397809E-01
    0.1050422072         0.7266330719    

                         STEP LENGTH (VM)
    0.1313239631E-01     0.1000000000         0.2000000000          1.000000000         0.1000000000         0.2000000000          1.000000000         0.3330533360E-02     0.1000000000         0.2000000000    
     1.000000000         0.1000000000         0.2000000000          1.000000000         0.1666344857E-02     0.1000000000         0.2000000000          1.000000000         0.1000000000         0.2000000000    
     1.000000000         0.5639695038E-02     0.1000000000         0.2000000000          1.000000000         0.1000000000         0.2000000000          1.000000000         0.3194209570E-02     0.1000000000    
    0.2000000000          1.000000000         0.1000000000         0.2000000000          1.000000000         0.1137837545E-01     0.1000000000         0.2000000000          1.000000000         0.1000000000    
    0.2000000000          1.000000000    
 

 INTERMEDIATE RESULTS BEFORE NEXT TEMPERATURE REDUCTION

  CURRENT TEMPERATURE:             0.28220E-02
  MIN FUNCTION VALUE SO FAR:   0.398203330631785660E-01
  TOTAL MOVES:                     420
     DOWNHILL:                     296
     ACCEPTED UPHILL:               64
     REJECTED UPHILL:               60
  TRIALS OUT OF BOUNDS:            198
  NEW MINIMA THIS TEMPERATURE:       0

                         CURRENT OPTIMAL X
    0.9994175867         0.9689947367E-01     0.1326254964         0.9070073366         0.7097324133E-01     0.1400592089         0.4995706677         0.5573669998         0.6805640459E-02     0.2372347355    
    0.4692649841         0.3783174157E-01     0.1721575856         0.1786587834         0.9999948129         0.9735873342E-01     0.1846828461         0.7113393545         0.2068732381E-01     0.2254190445    
    0.4174412489         0.1044631004E-02     0.4157954454E-01     0.2069045067         0.7564407587         0.7405564785E-01     0.1306390524         0.5369471312         0.7407421767         0.9426683187E-01
    0.2289310336         0.6710138917         0.2082067728E-02     0.2160452008         0.4314088821         0.5798496191E-03     0.7512926459E-01     0.2839022279         0.5117560029         0.8342397809E-01
    0.1050422072         0.7266330719    

                         STEP LENGTH (VM)
    0.2873958965E-02     0.1000000000         0.2000000000          1.000000000         0.1000000000         0.2000000000          1.000000000         0.1401305450E-02     0.1000000000         0.2000000000    
     1.000000000         0.1000000000         0.2000000000          1.000000000         0.1674614482E-03     0.1000000000         0.2000000000          1.000000000         0.1000000000         0.2000000000    
     1.000000000         0.1151437515E-01     0.1000000000         0.2000000000          1.000000000         0.1000000000         0.2000000000          1.000000000         0.2839297325E-02     0.1000000000    
    0.2000000000          1.000000000         0.1000000000         0.2000000000          1.000000000         0.8990320895E-02     0.1000000000         0.2000000000          1.000000000         0.1000000000    
    0.2000000000          1.000000000    
 

 INTERMEDIATE RESULTS BEFORE NEXT TEMPERATURE REDUCTION

  CURRENT TEMPERATURE:             0.21165E-02
  MIN FUNCTION VALUE SO FAR:   0.397731051915739958E-01
  TOTAL MOVES:                     420
     DOWNHILL:                     284
     ACCEPTED UPHILL:               71
     REJECTED UPHILL:               65
  TRIALS OUT OF BOUNDS:            197
  NEW MINIMA THIS TEMPERATURE:       1

                         CURRENT OPTIMAL X
    0.9995544866         0.9689947367E-01     0.1326254964         0.9070073366         0.7097324133E-01     0.1400592089         0.4995706677         0.5573669998         0.6805640459E-02     0.2372347355    
    0.4692649841         0.3783174157E-01     0.1721575856         0.1786587834         0.9999948129         0.9735873342E-01     0.1846828461         0.7113393545         0.2068732381E-01     0.2254190445    
    0.4174412489         0.1044631004E-02     0.4157954454E-01     0.2069045067         0.7564407587         0.7405564785E-01     0.1306390524         0.5369471312         0.7407421767         0.9426683187E-01
    0.2289310336         0.6710138917         0.2082067728E-02     0.2160452008         0.4314088821         0.5798496191E-03     0.7512926459E-01     0.2839022279         0.5117560029         0.8342397809E-01
    0.1050422072         0.7266330719    

                         STEP LENGTH (VM)
    0.3938387348E-02     0.1000000000         0.2000000000          1.000000000         0.1000000000         0.2000000000          1.000000000         0.1920307262E-02     0.1000000000         0.2000000000    
     1.000000000         0.1000000000         0.2000000000          1.000000000         0.3791867307E-03     0.1000000000         0.2000000000          1.000000000         0.1000000000         0.2000000000    
     1.000000000         0.5179718390E-02     0.1000000000         0.2000000000          1.000000000         0.1000000000         0.2000000000          1.000000000         0.2992772570E-02     0.7110186551E-01
    0.2000000000          1.000000000         0.1000000000         0.2000000000          1.000000000         0.5137326171E-02     0.1000000000         0.2000000000          1.000000000         0.1000000000    
    0.2000000000          1.000000000    
 

 INTERMEDIATE RESULTS BEFORE NEXT TEMPERATURE REDUCTION

  CURRENT TEMPERATURE:             0.15874E-02
  MIN FUNCTION VALUE SO FAR:   0.397517165104560311E-01
  TOTAL MOVES:                     420
     DOWNHILL:                     286
     ACCEPTED UPHILL:               61
     REJECTED UPHILL:               73
  TRIALS OUT OF BOUNDS:            195
  NEW MINIMA THIS TEMPERATURE:       1

                         CURRENT OPTIMAL X
    0.9997169186         0.6432840228E-01     0.1929255486         0.6384693384         0.9774049520E-01     0.2504942656         0.4381299019E-02     0.5583548693         0.6805640459E-02     0.1876840875    
    0.4692649841         0.5081391335E-01     0.2166955709         0.7446849346         0.9998229275         0.9345730543E-01     0.2927892089         0.4455721378E-01     0.5785562396E-01     0.2872343302    
    0.5951301455         0.9686047076E-03     0.4059842229E-01     0.2500028849         0.3002656102         0.8000275493E-01     0.2987375498         0.2152586579         0.7400286097         0.8702091575E-01
    0.1277931690         0.8222745061         0.2779309154E-01     0.1401358485         0.7449391484         0.5765213765E-02     0.9530199766E-01     0.2391270280         0.3263193965         0.9770070314E-01
    0.1355286717         0.1831030250    

                         STEP LENGTH (VM)
    0.1022465902E-02     0.1000000000         0.2000000000          1.000000000         0.1000000000         0.2000000000          1.000000000         0.7878183400E-03     0.9453988001E-02     0.3822321622E-01
    0.1036302529         0.1000000000         0.2000000000          1.000000000         0.1452204462E-03     0.1000000000         0.2000000000          1.000000000         0.1000000000         0.2000000000    
     1.000000000         0.4706570153E-02     0.1000000000         0.2000000000          1.000000000         0.1000000000         0.2000000000          1.000000000         0.1520138247E-02     0.1000000000    
    0.2000000000          1.000000000         0.1000000000         0.2000000000          1.000000000         0.8577009590E-02     0.1000000000         0.2000000000          1.000000000         0.1000000000    
    0.2000000000          1.000000000    
 

 INTERMEDIATE RESULTS BEFORE NEXT TEMPERATURE REDUCTION

  CURRENT TEMPERATURE:             0.11905E-02
  MIN FUNCTION VALUE SO FAR:   0.397432506996782189E-01
  TOTAL MOVES:                     420
     DOWNHILL:                     264
     ACCEPTED UPHILL:               69
     REJECTED UPHILL:               87
  TRIALS OUT OF BOUNDS:            183
  NEW MINIMA THIS TEMPERATURE:       3

                         CURRENT OPTIMAL X
    0.9997169186         0.5537528396E-01     0.1786009192         0.3688039184         0.9774049520E-01     0.2504942656         0.4381299019E-02     0.5583548693         0.6805640459E-02     0.1876840875    
    0.4692649841         0.5081391335E-01     0.2166955709         0.7446849346         0.9998229275         0.9345730543E-01     0.2927892089         0.4455721378E-01     0.5785562396E-01     0.2872343302    
    0.5951301455         0.9686047076E-03     0.4059842229E-01     0.2500028849         0.3002656102         0.8000275493E-01     0.2987375498         0.2152586579         0.7400286097         0.8702091575E-01
    0.1277931690         0.8222745061         0.2779309154E-01     0.1401358485         0.7449391484         0.5765213765E-02     0.9530199766E-01     0.2391270280         0.3263193965         0.9770070314E-01
    0.1355286717         0.1831030250    

                         STEP LENGTH (VM)
    0.1022465788E-02     0.3312248346E-01     0.2000000000         0.8888888668         0.1000000000         0.2000000000          1.000000000         0.5363869007E-03     0.9893448792E-01     0.2000000000    
     1.000000000         0.1000000000         0.2000000000          1.000000000         0.1844692003E-03     0.1000000000         0.2000000000          1.000000000         0.1000000000         0.2000000000    
     1.000000000         0.3627980635E-02     0.1000000000         0.2000000000          1.000000000         0.1000000000         0.2000000000          1.000000000         0.5008434646E-03     0.1000000000    
    0.2000000000          1.000000000         0.1000000000         0.2000000000          1.000000000         0.3370175945E-02     0.1000000000         0.2000000000          1.000000000         0.1000000000    
    0.2000000000          1.000000000    
 

 INTERMEDIATE RESULTS BEFORE NEXT TEMPERATURE REDUCTION

  CURRENT TEMPERATURE:             0.89291E-03
  MIN FUNCTION VALUE SO FAR:   0.396687802846218476E-01
  TOTAL MOVES:                     420
     DOWNHILL:                     278
     ACCEPTED UPHILL:               59
     REJECTED UPHILL:               83
  TRIALS OUT OF BOUNDS:            174
  NEW MINIMA THIS TEMPERATURE:       0

                         CURRENT OPTIMAL X
    0.9999288257         0.6211564746E-01     0.1953663230         0.9416951069         0.2885292172E-01     0.1435925007         0.7396055460         0.5576928016         0.6805640459E-02     0.1882619903    
    0.4692649841         0.8665995002E-01     0.2016751289         0.5494127870         0.9999553656         0.9837215543E-01     0.2720849395         0.2363646626         0.4571249485E-01     0.2569360852    
    0.8575530648         0.1095098807E-02     0.4691221118E-01     0.2576401949         0.8198067546         0.2321243882E-01     0.2530424833         0.9596237540         0.7395905099         0.6379953027E-01
    0.1666878223         0.3760042787         0.2739549279E-01     0.1589645863         0.9047955275         0.2790187620E-02     0.9530199766E-01     0.1591135979         0.2951977849         0.5353810787E-01
    0.1528315067         0.8891770244    

                         STEP LENGTH (VM)
    0.4495872996E-03     0.1000000000         0.2000000000          1.000000000         0.1000000000         0.2000000000          1.000000000         0.9888941534E-03     0.6750327455E-02     0.3609022437E-01
    0.5510906966E-01     0.1000000000         0.2000000000          1.000000000         0.9419702858E-04     0.1000000000         0.2000000000          1.000000000         0.1000000000         0.2000000000    
     1.000000000         0.4395436842E-02     0.1000000000         0.2000000000          1.000000000         0.1000000000         0.2000000000          1.000000000         0.6573569860E-03     0.1000000000    
    0.2000000000          1.000000000         0.1000000000         0.2000000000          1.000000000         0.3432797101E-02     0.3646723445E-01     0.2000000000         0.5714285653         0.1000000000    
    0.2000000000          1.000000000    
 

 INTERMEDIATE RESULTS BEFORE NEXT TEMPERATURE REDUCTION

  CURRENT TEMPERATURE:             0.66968E-03
  MIN FUNCTION VALUE SO FAR:   0.396685015422432452E-01
  TOTAL MOVES:                     420
     DOWNHILL:                     282
     ACCEPTED UPHILL:               72
     REJECTED UPHILL:               66
  TRIALS OUT OF BOUNDS:            170
  NEW MINIMA THIS TEMPERATURE:       2

                         CURRENT OPTIMAL X
    0.9999378945         0.6643208861E-01     0.2356640935         0.3552633652         0.6773626208E-01     0.2011912704         0.3854460120         0.5577280208         0.6815061907E-02     0.1882619903    
    0.4692649841         0.9255303741E-01     0.2477490187         0.5717303753         0.9999553656         0.8444309235E-01     0.2232332587         0.4149690866         0.7191274166E-01     0.1564757943    
    0.8821731210         0.1095098807E-02     0.5062953830E-01     0.2477231264         0.5404430032         0.2379918694E-01     0.1984395504         0.3924502730         0.7396598614         0.6379953027E-01
    0.1667172909         0.2101952434         0.2001230717E-01     0.2943074942         0.9813592434         0.3489764124E-02     0.9530199766E-01     0.1434183598         0.5760518708         0.2121403217E-01
    0.1033055663         0.9820250869    

                         STEP LENGTH (VM)
    0.1548968346E-02     0.1000000000         0.2000000000          1.000000000         0.1000000000         0.2000000000          1.000000000         0.5650823674E-03     0.4595967164E-02     0.2406014853E-01
    0.2824408595E-01     0.1000000000         0.2000000000          1.000000000         0.2075277921E-03     0.1000000000         0.2000000000          1.000000000         0.1000000000         0.2000000000    
     1.000000000         0.8516158252E-02     0.1000000000         0.2000000000          1.000000000         0.1000000000         0.2000000000          1.000000000         0.7790896693E-03     0.7499999860E-01
    0.2000000000          1.000000000         0.1000000000         0.2000000000          1.000000000         0.9916966542E-02     0.7141499592E-01     0.2000000000          1.000000000         0.1000000000    
    0.2000000000          1.000000000    
 

 INTERMEDIATE RESULTS BEFORE NEXT TEMPERATURE REDUCTION

  CURRENT TEMPERATURE:             0.50226E-03
  MIN FUNCTION VALUE SO FAR:   0.396664766259551757E-01
  TOTAL MOVES:                     420
     DOWNHILL:                     266
     ACCEPTED UPHILL:               59
     REJECTED UPHILL:               95
  TRIALS OUT OF BOUNDS:            164
  NEW MINIMA THIS TEMPERATURE:       0

                         CURRENT OPTIMAL X
    0.9999378945         0.7073987126E-01     0.2227684259         0.6204375625         0.7483586669E-01     0.1018387914         0.2719506621         0.5577280208         0.6815061907E-02     0.1882619903    
    0.4692649841         0.7427118421E-01     0.1052447796         0.9695386291         0.9999553656         0.8444309235E-01     0.2997125745         0.5411441922         0.3948126435E-01     0.1493981361    
    0.4317845702         0.1095098807E-02     0.7532292008E-01     0.2477231264         0.5404430032         0.2379918694E-01     0.1984395504         0.3924502730         0.7396598614         0.6379953027E-01
    0.1667172909         0.2101952434         0.2001230717E-01     0.2943074942         0.9813592434         0.3489764124E-02     0.9530199766E-01     0.1434183598         0.5760518708         0.2121403217E-01
    0.1033055663         0.9820250869    

                         STEP LENGTH (VM)
    0.8695960646E-03     0.1000000000         0.2000000000          1.000000000         0.1000000000         0.2000000000          1.000000000         0.4238117676E-03     0.3533235552E-02     0.1604009832E-01
    0.2118306407E-01     0.1000000000         0.2000000000          1.000000000         0.1556458412E-03     0.5714285653E-01     0.2000000000          1.000000000         0.1000000000         0.2000000000    
     1.000000000         0.8516158252E-02     0.1000000000         0.2000000000          1.000000000         0.1000000000         0.2000000000          1.000000000         0.8843719787E-03     0.1000000000    
    0.2000000000          1.000000000         0.1000000000         0.2000000000          1.000000000         0.7172090254E-02     0.7141498646E-01     0.2000000000          1.000000000         0.1000000000    
    0.2000000000          1.000000000    
 

 INTERMEDIATE RESULTS BEFORE NEXT TEMPERATURE REDUCTION

  CURRENT TEMPERATURE:             0.37670E-03
  MIN FUNCTION VALUE SO FAR:   0.396620956334347435E-01
  TOTAL MOVES:                     420
     DOWNHILL:                     287
     ACCEPTED UPHILL:               51
     REJECTED UPHILL:               82
  TRIALS OUT OF BOUNDS:            184
  NEW MINIMA THIS TEMPERATURE:       0

                         CURRENT OPTIMAL X
    0.9999395438         0.9884951711E-01     0.1261142135         0.6172174215E-01     0.1620934606E-01     0.2379750490         0.4920020700         0.5579417890         0.5212676451E-02     0.2005742752    
    0.4609079847         0.2379409671E-01     0.1244348049         0.3525347114         0.9999719439         0.8321848512E-01     0.2509627581         0.6594063640         0.9358984828E-01     0.1799178839    
    0.5552569032         0.6125445209E-02     0.7480878234E-01     0.2963883042         0.3930167556         0.4175757170E-01     0.2063430429         0.4210767746         0.7398066012         0.6953011155E-01
    0.1388951778         0.9219550490         0.8491933346E-03     0.1438151240         0.7510190606         0.9219775098E-02     0.5961006880E-01     0.2598684192         0.4633355141E-01     0.8358206153E-01
    0.2618100047         0.3270422816    

                         STEP LENGTH (VM)
    0.1191668553E-02     0.1000000000         0.2000000000          1.000000000         0.1000000000         0.2000000000          1.000000000         0.3479264727E-03     0.2235875299E-02     0.1040438796E-01
    0.1882938982E-01     0.1000000000         0.2000000000          1.000000000         0.4365814370E-04     0.1000000000         0.2000000000          1.000000000         0.1000000000         0.2000000000    
     1.000000000         0.9615841320E-02     0.1000000000         0.2000000000          1.000000000         0.1000000000         0.2000000000          1.000000000         0.7861083300E-03     0.1000000000    
    0.2000000000          1.000000000         0.1000000000         0.2000000000          1.000000000         0.7555781246E-02     0.1000000000         0.2000000000          1.000000000         0.1000000000    
    0.2000000000          1.000000000    
 

  SA ACHIEVED TERMINATION CRITERIA. IER = 0. 


  ****   RESULTS AFTER SA   ****   

                         SOLUTION
    0.9999395438         0.9884951711E-01     0.1261142135         0.6172174215E-01     0.1620934606E-01     0.2379750490         0.4920020700         0.5579417890         0.5212676451E-02     0.2005742752    
    0.4609079847         0.2379409671E-01     0.1244348049         0.3525347114         0.9999719439         0.8321848512E-01     0.2509627581         0.6594063640         0.9358984828E-01     0.1799178839    
    0.5552569032         0.6125445209E-02     0.7480878234E-01     0.2963883042         0.3930167556         0.4175757170E-01     0.2063430429         0.4210767746         0.7398066012         0.6953011155E-01
    0.1388951778         0.9219550490         0.8491933346E-03     0.1438151240         0.7510190606         0.9219775098E-02     0.5961006880E-01     0.2598684192         0.4633355141E-01     0.8358206153E-01
    0.2618100047         0.3270422816    

                         FINAL STEP LENGTH
    0.1191668553E-02     0.1000000000         0.2000000000          1.000000000         0.1000000000         0.2000000000          1.000000000         0.3479264727E-03     0.2235875299E-02     0.1040438796E-01
    0.1882938982E-01     0.1000000000         0.2000000000          1.000000000         0.4365814370E-04     0.1000000000         0.2000000000          1.000000000         0.1000000000         0.2000000000    
     1.000000000         0.9615841320E-02     0.1000000000         0.2000000000          1.000000000         0.1000000000         0.2000000000          1.000000000         0.7861083300E-03     0.1000000000    
    0.2000000000          1.000000000         0.1000000000         0.2000000000          1.000000000         0.7555781246E-02     0.1000000000         0.2000000000          1.000000000         0.1000000000    
    0.2000000000          1.000000000    

 OPTIMAL FUNCTION VALUE:  0.3966209563343E-01
 NUMBER OF FUNCTION EVALUATIONS:          14281
 NUMBER OF ACCEPTED EVALUATIONS:          12730
 NUMBER OF OUT OF BOUND EVALUATIONS:       6684
 FINAL TEMP:  0.3766965964524E-03  IER:   0
