
 SIMULATED PARALLEL ANNEALING by NEIGHBORHOOD EXAMPLE

 NUMBER OF PARAMETERS:  42   MAXIMAZATION:     F
 INITIAL TEMP:  5.0       RT: 0.75       EPS: 0.10E-02
 NS:  24   NT:  20   NEPS:  4
 MAXEVL:  100000000   IPRINT: 1   ISEED1:    7 ISEED2:    8

                         STARTING VALUES
    0.9959973882         0.3412953019E-01     0.1377381921         0.9999915957         0.1248220205E-01     0.2326530695         0.4326424003         0.6365877343         0.1624742715E-01     0.1058232005    
    0.4711381274E-01     0.4979940653E-01     0.2676329494         0.8453199863         0.9997809554         0.7590985160E-01     0.2893150806         0.6408299208         0.1704524755E-01     0.2043149948    
    0.1361035705         0.1081399161E-02     0.3957415223E-01     0.1134096026         0.2901213169         0.4757235646E-01     0.1286665440         0.2374512553         0.6571140857         0.7217850685E-01
    0.2383467674         0.4598909020         0.9557520151E-01     0.2727332115         0.1553654671E-02     0.1059490181E-01     0.6506617684E-01     0.1334386468         0.3320576549         0.6205911040E-01
    0.1064478397         0.7195239067    

                         INITIAL STEP LENGTH
     1.000000000         0.1000000000         0.2000000000          1.000000000         0.1000000000         0.2000000000          1.000000000          1.000000000         0.1000000000         0.2000000000    
     1.000000000         0.1000000000         0.2000000000          1.000000000          1.000000000         0.1000000000         0.2000000000          1.000000000         0.1000000000         0.2000000000    
     1.000000000          1.000000000         0.1000000000         0.2000000000          1.000000000         0.1000000000         0.2000000000          1.000000000          1.000000000         0.1000000000    
    0.2000000000          1.000000000         0.1000000000         0.2000000000          1.000000000          1.000000000         0.1000000000         0.2000000000          1.000000000         0.1000000000    
    0.2000000000          1.000000000    

                         LOWER BOUND
     0.000000000          0.000000000         0.1000000000          0.000000000          0.000000000         0.1000000000          0.000000000          0.000000000          0.000000000         0.1000000000    
     0.000000000          0.000000000         0.1000000000          0.000000000          0.000000000          0.000000000         0.1000000000          0.000000000          0.000000000         0.1000000000    
     0.000000000          0.000000000          0.000000000         0.1000000000          0.000000000          0.000000000         0.1000000000          0.000000000          0.000000000          0.000000000    
    0.1000000000          0.000000000          0.000000000         0.1000000000          0.000000000          0.000000000          0.000000000         0.1000000000          0.000000000          0.000000000    
    0.1000000000          0.000000000    

                         UPPER BOUND
     1.000000000         0.1000000000         0.3000000000          1.000000000         0.1000000000         0.3000000000          1.000000000          1.000000000         0.1000000000         0.3000000000    
     1.000000000         0.1000000000         0.3000000000          1.000000000          1.000000000         0.1000000000         0.3000000000          1.000000000         0.1000000000         0.3000000000    
     1.000000000          1.000000000         0.1000000000         0.3000000000          1.000000000         0.1000000000         0.3000000000          1.000000000          1.000000000         0.1000000000    
    0.3000000000          1.000000000         0.1000000000         0.3000000000          1.000000000          1.000000000         0.1000000000         0.3000000000          1.000000000         0.1000000000    
    0.3000000000          1.000000000    

                         C VECTOR
     2.000000000          2.000000000          2.000000000          2.000000000          2.000000000          2.000000000          2.000000000          2.000000000          2.000000000          2.000000000    
     2.000000000          2.000000000          2.000000000          2.000000000          2.000000000          2.000000000          2.000000000          2.000000000          2.000000000          2.000000000    
     2.000000000          2.000000000          2.000000000          2.000000000          2.000000000          2.000000000          2.000000000          2.000000000          2.000000000          2.000000000    
     2.000000000          2.000000000          2.000000000          2.000000000          2.000000000          2.000000000          2.000000000          2.000000000          2.000000000          2.000000000    
     2.000000000          2.000000000    

  ****   END OF DRIVER ROUTINE OUTPUT   ****
  ****   BEFORE CALL TO SA.             ****
  

                         INITIAL X
    0.9959973882         0.3412953019E-01     0.1377381921         0.9999915957         0.1248220205E-01     0.2326530695         0.4326424003         0.6365877343         0.1624742715E-01     0.1058232005    
    0.4711381274E-01     0.4979940653E-01     0.2676329494         0.8453199863         0.9997809554         0.7590985160E-01     0.2893150806         0.6408299208         0.1704524755E-01     0.2043149948    
    0.1361035705         0.1081399161E-02     0.3957415223E-01     0.1134096026         0.2901213169         0.4757235646E-01     0.1286665440         0.2374512553         0.6571140857         0.7217850685E-01
    0.2383467674         0.4598909020         0.9557520151E-01     0.2727332115         0.1553654671E-02     0.1059490181E-01     0.6506617684E-01     0.1334386468         0.3320576549         0.6205911040E-01
    0.1064478397         0.7195239067    
  INITIAL F: 
 0.527986271671990748    

 INTERMEDIATE RESULTS BEFORE NEXT TEMPERATURE REDUCTION

  CURRENT TEMPERATURE:              5.0000    
  MIN FUNCTION VALUE SO FAR:   0.674419096309398641E-01
  TOTAL MOVES:                    3360
     DOWNHILL:                    2368
     ACCEPTED UPHILL:              860
     REJECTED UPHILL:              132
  TRIALS OUT OF BOUNDS:           1602
  NEW MINIMA THIS TEMPERATURE:       5

                         CURRENT OPTIMAL X
    0.9570451975         0.5709733963E-01     0.1102974176         0.3767785430         0.7569199800E-01     0.1642771721         0.4830022454         0.2962404490         0.2905346155E-01     0.2568470120    
    0.1084732413         0.7693731189E-01     0.2007063985         0.8591707349         0.9997809554         0.4794948101E-01     0.1051525474         0.4376140237         0.3261420727E-01     0.1257260919    
    0.5657351017         0.5840224028E-01     0.6189694405E-01     0.1184777141         0.9351452589         0.3684708476E-01     0.1785339475         0.6898120045         0.3027084470         0.3415144682E-01
    0.1652735710         0.6891735196         0.4402875900E-03     0.2802980900         0.9605895281         0.4051303267         0.8976702690E-01     0.1055009365         0.9388943911         0.9115766287E-01
    0.2718910575         0.6106626987E-01

                         STEP LENGTH (VM)
     1.000000000         0.1000000000         0.2000000000          1.000000000         0.1000000000         0.2000000000          1.000000000          1.000000000         0.1000000000         0.2000000000    
     1.000000000         0.1000000000         0.2000000000          1.000000000         0.2257264428         0.1000000000         0.2000000000          1.000000000         0.1000000000         0.2000000000    
     1.000000000          1.000000000         0.1000000000         0.2000000000          1.000000000         0.1000000000         0.2000000000          1.000000000          1.000000000         0.1000000000    
    0.2000000000          1.000000000         0.1000000000         0.2000000000          1.000000000          1.000000000         0.1000000000         0.2000000000          1.000000000         0.1000000000    
    0.2000000000          1.000000000    
 

 INTERMEDIATE RESULTS BEFORE NEXT TEMPERATURE REDUCTION

  CURRENT TEMPERATURE:              3.7500    
  MIN FUNCTION VALUE SO FAR:   0.523069206571916551E-01
  TOTAL MOVES:                    3360
     DOWNHILL:                    2365
     ACCEPTED UPHILL:              877
     REJECTED UPHILL:              118
  TRIALS OUT OF BOUNDS:           1637
  NEW MINIMA THIS TEMPERATURE:       1

                         CURRENT OPTIMAL X
    0.9851991534         0.1238150001E-01     0.1467490911         0.6232216358         0.2862299681E-01     0.1445984125         0.8092167377         0.8924152851         0.4900761247E-01     0.2520891786    
    0.1275982857         0.7845889926E-01     0.1206105232         0.2753428221         0.9260803197         0.8044670820E-01     0.1623598456         0.3571051359E-01     0.3509689569E-01     0.1720931530    
    0.1066592932         0.1830173731         0.6798887253E-02     0.2824631929         0.9362641573         0.7459238172E-01     0.1428478599         0.8930695653         0.8318825960         0.7915897369E-01
    0.2616523743         0.1893730760         0.2814158797E-01     0.2540129542         0.4240869284         0.1237760186         0.9365043044E-01     0.1193835378         0.2870932817         0.3204666972E-01
    0.1585315585         0.3480672836E-01

                         STEP LENGTH (VM)
     1.000000000         0.1000000000         0.2000000000          1.000000000         0.1000000000         0.2000000000          1.000000000          1.000000000         0.1000000000         0.2000000000    
     1.000000000         0.1000000000         0.2000000000          1.000000000         0.3823112598         0.1000000000         0.2000000000          1.000000000         0.1000000000         0.2000000000    
     1.000000000          1.000000000         0.1000000000         0.2000000000          1.000000000         0.1000000000         0.2000000000          1.000000000          1.000000000         0.1000000000    
    0.2000000000          1.000000000         0.1000000000         0.2000000000          1.000000000          1.000000000         0.1000000000         0.2000000000          1.000000000         0.1000000000    
    0.2000000000          1.000000000    
 

 INTERMEDIATE RESULTS BEFORE NEXT TEMPERATURE REDUCTION

  CURRENT TEMPERATURE:              2.8125    
  MIN FUNCTION VALUE SO FAR:   0.418937432759362988E-01
  TOTAL MOVES:                    3360
     DOWNHILL:                    2331
     ACCEPTED UPHILL:              900
     REJECTED UPHILL:              129
  TRIALS OUT OF BOUNDS:           1669
  NEW MINIMA THIS TEMPERATURE:       0

                         CURRENT OPTIMAL X
    0.9853630662         0.8941215277E-02     0.1664591908         0.8673204184         0.3051975965E-01     0.1255383253         0.9308424592         0.4628336430         0.1357816458E-01     0.1316974759    
    0.2568578720         0.8428625464E-01     0.1286904573         0.9056526423         0.9401381016         0.4236479998E-01     0.2250391126         0.6470556855         0.7644662857E-01     0.1381258488    
    0.6148336530         0.1830173731         0.6468774676E-01     0.2359498501         0.1748187542         0.6827346683E-01     0.1825570226         0.6027286649         0.4480063915         0.2790824175E-01
    0.2616523743         0.1893730760         0.2814158797E-01     0.2540129542         0.4240869284         0.1237760186         0.9365043044E-01     0.1193835378         0.2870932817         0.3204666972E-01
    0.1585315585         0.3480672836E-01

                         STEP LENGTH (VM)
     1.000000000         0.1000000000         0.2000000000          1.000000000         0.1000000000         0.2000000000          1.000000000          1.000000000         0.1000000000         0.2000000000    
     1.000000000         0.1000000000         0.2000000000          1.000000000         0.2867333635         0.1000000000         0.2000000000          1.000000000         0.1000000000         0.2000000000    
     1.000000000          1.000000000         0.1000000000         0.2000000000          1.000000000         0.1000000000         0.2000000000          1.000000000          1.000000000         0.1000000000    
    0.2000000000          1.000000000         0.1000000000         0.2000000000          1.000000000          1.000000000         0.1000000000         0.2000000000          1.000000000         0.1000000000    
    0.2000000000          1.000000000    
 

 INTERMEDIATE RESULTS BEFORE NEXT TEMPERATURE REDUCTION

  CURRENT TEMPERATURE:              2.1094    
  MIN FUNCTION VALUE SO FAR:   0.413100783786396336E-01
  TOTAL MOVES:                    3360
     DOWNHILL:                    2387
     ACCEPTED UPHILL:              830
     REJECTED UPHILL:              143
  TRIALS OUT OF BOUNDS:           1687
  NEW MINIMA THIS TEMPERATURE:       0

                         CURRENT OPTIMAL X
    0.9853630662         0.7818835378E-01     0.1664591908         0.8673204184         0.3051975965E-01     0.1255383253         0.9308424592         0.4628336430         0.1357816458E-01     0.1316974759    
    0.2568578720         0.8428625464E-01     0.1286904573         0.9056526423         0.9401381016         0.4236479998E-01     0.2250391126         0.6470556855         0.7644662857E-01     0.1381258488    
    0.6148336530         0.1830173731         0.6468774676E-01     0.2359498501         0.1748187542         0.6827346683E-01     0.1825570226         0.6027286649         0.4480063915         0.2790824175E-01
    0.2616523743         0.1893730760         0.2814158797E-01     0.2540129542         0.4240869284         0.1237760186         0.9365043044E-01     0.1193835378         0.2870932817         0.3204666972E-01
    0.1585315585         0.3480672836E-01

                         STEP LENGTH (VM)
     1.000000000         0.1000000000         0.2000000000          1.000000000         0.1000000000         0.2000000000          1.000000000          1.000000000         0.1000000000         0.2000000000    
     1.000000000         0.1000000000         0.2000000000          1.000000000         0.2105697267         0.1000000000         0.2000000000          1.000000000         0.1000000000         0.2000000000    
     1.000000000          1.000000000         0.1000000000         0.2000000000          1.000000000         0.1000000000         0.2000000000          1.000000000          1.000000000         0.1000000000    
    0.2000000000          1.000000000         0.1000000000         0.2000000000          1.000000000          1.000000000         0.1000000000         0.2000000000          1.000000000         0.1000000000    
    0.2000000000          1.000000000    
 

 INTERMEDIATE RESULTS BEFORE NEXT TEMPERATURE REDUCTION

  CURRENT TEMPERATURE:              1.5820    
  MIN FUNCTION VALUE SO FAR:   0.413077194646614826E-01
  TOTAL MOVES:                    3360
     DOWNHILL:                    2392
     ACCEPTED UPHILL:              848
     REJECTED UPHILL:              120
  TRIALS OUT OF BOUNDS:           1692
  NEW MINIMA THIS TEMPERATURE:       1

                         CURRENT OPTIMAL X
    0.9853630662         0.2601454854E-01     0.1664591908         0.8673204184         0.3051975965E-01     0.1255383253         0.9308424592         0.4628336430         0.1357816458E-01     0.1316974759    
    0.2568578720         0.8428625464E-01     0.1286904573         0.9056526423         0.9401381016         0.4236479998E-01     0.2250391126         0.6470556855         0.7644662857E-01     0.1381258488    
    0.6148336530         0.1830173731         0.6468774676E-01     0.2359498501         0.1748187542         0.6827346683E-01     0.1825570226         0.6027286649         0.4480063915         0.2790824175E-01
    0.2616523743         0.1893730760         0.2814158797E-01     0.2540129542         0.4240869284         0.1237760186         0.9365043044E-01     0.1193835378         0.2870932817         0.3204666972E-01
    0.1585315585         0.3480672836E-01

                         STEP LENGTH (VM)
     1.000000000         0.1000000000         0.2000000000          1.000000000         0.1000000000         0.2000000000          1.000000000          1.000000000         0.1000000000         0.2000000000    
     1.000000000         0.1000000000         0.2000000000          1.000000000         0.3665471916         0.1000000000         0.2000000000          1.000000000         0.1000000000         0.2000000000    
     1.000000000          1.000000000         0.1000000000         0.2000000000          1.000000000         0.1000000000         0.2000000000          1.000000000          1.000000000         0.1000000000    
    0.2000000000          1.000000000         0.1000000000         0.2000000000          1.000000000          1.000000000         0.1000000000         0.2000000000          1.000000000         0.1000000000    
    0.2000000000          1.000000000    
 

 INTERMEDIATE RESULTS BEFORE NEXT TEMPERATURE REDUCTION

  CURRENT TEMPERATURE:              1.1865    
  MIN FUNCTION VALUE SO FAR:   0.412196054126916372E-01
  TOTAL MOVES:                    3360
     DOWNHILL:                    2373
     ACCEPTED UPHILL:              844
     REJECTED UPHILL:              143
  TRIALS OUT OF BOUNDS:           1630
  NEW MINIMA THIS TEMPERATURE:       2

                         CURRENT OPTIMAL X
    0.9853630662         0.3812217116E-01     0.2075060964         0.3877217174         0.3051975965E-01     0.1255383253         0.9308424592         0.4628336430         0.1357816458E-01     0.1316974759    
    0.2568578720         0.8428625464E-01     0.1286904573         0.9056526423         0.9401381016         0.4236479998E-01     0.2250391126         0.6470556855         0.7644662857E-01     0.1381258488    
    0.6148336530         0.1830173731         0.6468774676E-01     0.2359498501         0.1748187542         0.6827346683E-01     0.1825570226         0.6027286649         0.4480063915         0.2790824175E-01
    0.2616523743         0.1893730760         0.2814158797E-01     0.2540129542         0.4240869284         0.1237760186         0.9365043044E-01     0.1193835378         0.2870932817         0.3204666972E-01
    0.1585315585         0.3480672836E-01

                         STEP LENGTH (VM)
     1.000000000         0.1000000000         0.2000000000          1.000000000         0.1000000000         0.2000000000          1.000000000          1.000000000         0.1000000000         0.2000000000    
     1.000000000         0.1000000000         0.2000000000          1.000000000         0.2792739265         0.1000000000         0.2000000000          1.000000000         0.1000000000         0.2000000000    
     1.000000000          1.000000000         0.1000000000         0.2000000000          1.000000000         0.1000000000         0.2000000000          1.000000000          1.000000000         0.1000000000    
    0.2000000000          1.000000000         0.1000000000         0.2000000000          1.000000000          1.000000000         0.1000000000         0.2000000000          1.000000000         0.1000000000    
    0.2000000000          1.000000000    
 

 INTERMEDIATE RESULTS BEFORE NEXT TEMPERATURE REDUCTION

  CURRENT TEMPERATURE:             0.88989    
  MIN FUNCTION VALUE SO FAR:   0.243174626314675950E-01
  TOTAL MOVES:                    3360
     DOWNHILL:                    2309
     ACCEPTED UPHILL:              911
     REJECTED UPHILL:              140
  TRIALS OUT OF BOUNDS:           1685
  NEW MINIMA THIS TEMPERATURE:       0

                         CURRENT OPTIMAL X
    0.9299545288         0.4404070973E-01     0.2050100207         0.1534025669         0.7644917369E-01     0.2739015460         0.9602566957         0.8984727263         0.2998304367E-01     0.1641265392    
    0.1369873285         0.3216308355E-01     0.1928620458         0.3349545002         0.9578567663         0.7530956268E-01     0.2498138189         0.4767882824         0.1067525148E-02     0.2836828709    
    0.7350553274         0.1692005992         0.1927190423E-01     0.1821394324         0.3991681933         0.6736422181E-01     0.2357675672         0.8639791608         0.9771567583         0.9625301957E-01
    0.1254180074         0.9094801545         0.2752268314E-01     0.2332084894         0.1293626428         0.3895890713E-01     0.8384569883E-01     0.2677472472         0.1053324342         0.3372685909E-01
    0.1398745775         0.8528994322    

                         STEP LENGTH (VM)
     1.000000000         0.1000000000         0.2000000000          1.000000000         0.1000000000         0.2000000000          1.000000000          1.000000000         0.1000000000         0.2000000000    
     1.000000000         0.1000000000         0.2000000000          1.000000000         0.2393775373         0.1000000000         0.2000000000          1.000000000         0.1000000000         0.2000000000    
     1.000000000          1.000000000         0.1000000000         0.2000000000          1.000000000         0.1000000000         0.2000000000          1.000000000          1.000000000         0.1000000000    
    0.2000000000          1.000000000         0.1000000000         0.2000000000          1.000000000          1.000000000         0.1000000000         0.2000000000          1.000000000         0.1000000000    
    0.2000000000          1.000000000    
 

 INTERMEDIATE RESULTS BEFORE NEXT TEMPERATURE REDUCTION

  CURRENT TEMPERATURE:             0.66742    
  MIN FUNCTION VALUE SO FAR:   0.235018440405391042E-01
  TOTAL MOVES:                    3360
     DOWNHILL:                    2353
     ACCEPTED UPHILL:              850
     REJECTED UPHILL:              157
  TRIALS OUT OF BOUNDS:           1622
  NEW MINIMA THIS TEMPERATURE:       0

                         CURRENT OPTIMAL X
    0.9299545288         0.4006730914E-01     0.1680186868         0.8669147491         0.3140410781E-01     0.1167899251         0.1329977512         0.8984727263         0.6559638977E-01     0.1683351278    
    0.3596439362         0.5865523815E-01     0.1570539117         0.2596660852         0.9578567663         0.3613197803E-02     0.2498138189         0.3382530808         0.1056531072E-01     0.2660865068    
    0.8520290256         0.1261591315         0.1732074618E-01     0.2996657014         0.3991681933         0.6736422181E-01     0.2357675672         0.8639791608         0.9771567583         0.9625301957E-01
    0.1254180074         0.9094801545         0.2752268314E-01     0.2332084894         0.1293626428         0.3895890713E-01     0.8384569883E-01     0.2677472472         0.1053324342         0.3372685909E-01
    0.1398745775         0.8528994322    

                         STEP LENGTH (VM)
     1.000000000         0.1000000000         0.2000000000          1.000000000         0.1000000000         0.2000000000          1.000000000         0.5559844306         0.1000000000         0.2000000000    
     1.000000000         0.1000000000         0.2000000000          1.000000000         0.1205029041         0.1000000000         0.2000000000          1.000000000         0.1000000000         0.2000000000    
     1.000000000          1.000000000         0.1000000000         0.2000000000          1.000000000         0.1000000000         0.2000000000          1.000000000          1.000000000         0.1000000000    
    0.2000000000          1.000000000         0.1000000000         0.2000000000          1.000000000          1.000000000         0.1000000000         0.2000000000          1.000000000         0.1000000000    
    0.2000000000          1.000000000    
 

 INTERMEDIATE RESULTS BEFORE NEXT TEMPERATURE REDUCTION

  CURRENT TEMPERATURE:             0.50056    
  MIN FUNCTION VALUE SO FAR:   0.229712068777257854E-01
  TOTAL MOVES:                    3360
     DOWNHILL:                    2355
     ACCEPTED UPHILL:              810
     REJECTED UPHILL:              195
  TRIALS OUT OF BOUNDS:           1669
  NEW MINIMA THIS TEMPERATURE:       0

                         CURRENT OPTIMAL X
    0.9299545288         0.2976540923E-01     0.1909856200         0.7723415494         0.1348881125E-01     0.2430690050         0.1798629761E-01     0.8984727263         0.7758911252E-01     0.2316634655    
    0.3596439362         0.5865523815E-01     0.1570539117         0.2596660852         0.9578567663         0.3613197803E-02     0.2498138189         0.3382530808         0.1056531072E-01     0.2660865068    
    0.8520290256         0.1261591315         0.1732074618E-01     0.2996657014         0.3991681933         0.6736422181E-01     0.2357675672         0.8639791608         0.9771567583         0.9625301957E-01
    0.1254180074         0.9094801545         0.2752268314E-01     0.2332084894         0.1293626428         0.3895890713E-01     0.8384569883E-01     0.2677472472         0.1053324342         0.3372685909E-01
    0.1398745775         0.8528994322    

                         STEP LENGTH (VM)
     1.000000000         0.1000000000         0.2000000000          1.000000000         0.1000000000         0.2000000000          1.000000000         0.3897242641         0.1000000000         0.2000000000    
     1.000000000         0.1000000000         0.2000000000          1.000000000         0.1174749995         0.1000000000         0.2000000000          1.000000000         0.1000000000         0.2000000000    
     1.000000000          1.000000000         0.1000000000         0.2000000000          1.000000000         0.1000000000         0.2000000000          1.000000000          1.000000000         0.1000000000    
    0.2000000000          1.000000000         0.1000000000         0.2000000000          1.000000000          1.000000000         0.1000000000         0.2000000000          1.000000000         0.1000000000    
    0.2000000000          1.000000000    
 

 INTERMEDIATE RESULTS BEFORE NEXT TEMPERATURE REDUCTION

  CURRENT TEMPERATURE:             0.37542    
  MIN FUNCTION VALUE SO FAR:   0.229712068777257854E-01
  TOTAL MOVES:                    3360
     DOWNHILL:                    2301
     ACCEPTED UPHILL:              849
     REJECTED UPHILL:              210
  TRIALS OUT OF BOUNDS:           1622
  NEW MINIMA THIS TEMPERATURE:       0

                         CURRENT OPTIMAL X
    0.9299545288         0.2976540923E-01     0.1909856200         0.7723415494         0.1348881125E-01     0.2430690050         0.1798629761E-01     0.8984727263         0.7758911252E-01     0.2316634655    
    0.3596439362         0.5865523815E-01     0.1570539117         0.2596660852         0.9578567663         0.3613197803E-02     0.2498138189         0.3382530808         0.1056531072E-01     0.2660865068    
    0.8520290256         0.1261591315         0.1732074618E-01     0.2996657014         0.3991681933         0.6736422181E-01     0.2357675672         0.8639791608         0.9771567583         0.9625301957E-01
    0.1254180074         0.9094801545         0.2752268314E-01     0.2332084894         0.1293626428         0.3895890713E-01     0.8384569883E-01     0.2677472472         0.1053324342         0.3372685909E-01
    0.1398745775         0.8528994322    

                         STEP LENGTH (VM)
     1.000000000         0.1000000000         0.2000000000          1.000000000         0.1000000000         0.2000000000          1.000000000          1.000000000         0.1000000000         0.2000000000    
     1.000000000         0.1000000000         0.2000000000          1.000000000         0.1265782621         0.1000000000         0.2000000000          1.000000000         0.1000000000         0.2000000000    
     1.000000000          1.000000000         0.1000000000         0.2000000000          1.000000000         0.1000000000         0.2000000000          1.000000000         0.8437498935         0.1000000000    
    0.2000000000          1.000000000         0.1000000000         0.2000000000          1.000000000          1.000000000         0.1000000000         0.2000000000          1.000000000         0.1000000000    
    0.2000000000          1.000000000    
 

 INTERMEDIATE RESULTS BEFORE NEXT TEMPERATURE REDUCTION

  CURRENT TEMPERATURE:             0.28157    
  MIN FUNCTION VALUE SO FAR:   0.217925616325603637E-01
  TOTAL MOVES:                    3360
     DOWNHILL:                    2359
     ACCEPTED UPHILL:              796
     REJECTED UPHILL:              205
  TRIALS OUT OF BOUNDS:           1619
  NEW MINIMA THIS TEMPERATURE:       0

                         CURRENT OPTIMAL X
    0.9299545288         0.2290857434E-01     0.1912108064         0.3818762302         0.5473631024E-01     0.2503308773         0.9896139503         0.8984727263         0.1927906275E-02     0.2626551867    
    0.9690328836         0.5865523815E-01     0.1570539117         0.2596660852         0.9578567663         0.3613197803E-02     0.2498138189         0.3382530808         0.1056531072E-01     0.2660865068    
    0.8520290256         0.1261591315         0.1732074618E-01     0.2996657014         0.3991681933         0.6736422181E-01     0.2357675672         0.8639791608         0.9771567583         0.9625301957E-01
    0.1254180074         0.9094801545         0.2752268314E-01     0.2332084894         0.1293626428         0.3895890713E-01     0.8384569883E-01     0.2677472472         0.1053324342         0.3372685909E-01
    0.1398745775         0.8528994322    

                         STEP LENGTH (VM)
     1.000000000         0.1000000000         0.2000000000          1.000000000         0.1000000000         0.2000000000          1.000000000         0.4693045312         0.1000000000         0.2000000000    
     1.000000000         0.1000000000         0.2000000000          1.000000000         0.8266331158E-01     0.1000000000         0.2000000000          1.000000000         0.1000000000         0.2000000000    
     1.000000000          1.000000000         0.1000000000         0.2000000000          1.000000000         0.1000000000         0.2000000000          1.000000000          1.000000000         0.1000000000    
    0.2000000000          1.000000000         0.1000000000         0.2000000000          1.000000000          1.000000000         0.1000000000         0.2000000000          1.000000000         0.1000000000    
    0.2000000000          1.000000000    
 

 INTERMEDIATE RESULTS BEFORE NEXT TEMPERATURE REDUCTION

  CURRENT TEMPERATURE:             0.21118    
  MIN FUNCTION VALUE SO FAR:   0.202595866395496142E-01
  TOTAL MOVES:                    3360
     DOWNHILL:                    2280
     ACCEPTED UPHILL:              829
     REJECTED UPHILL:              251
  TRIALS OUT OF BOUNDS:           1601
  NEW MINIMA THIS TEMPERATURE:       0

                         CURRENT OPTIMAL X
    0.9299545288         0.4602852464E-01     0.1912108064         0.3818762302         0.5473631024E-01     0.2503308773         0.9896139503         0.8984727263         0.1927906275E-02     0.2626551867    
    0.9690328836         0.5865523815E-01     0.1570539117         0.2596660852         0.9578567663         0.3613197803E-02     0.2498138189         0.3382530808         0.1056531072E-01     0.2660865068    
    0.8520290256         0.1261591315         0.1732074618E-01     0.2996657014         0.3991681933         0.6736422181E-01     0.2357675672         0.8639791608         0.9771567583         0.9625301957E-01
    0.1254180074         0.9094801545         0.2752268314E-01     0.2332084894         0.1293626428         0.3895890713E-01     0.8384569883E-01     0.2677472472         0.1053324342         0.3372685909E-01
    0.1398745775         0.8528994322    

                         STEP LENGTH (VM)
     1.000000000         0.1000000000         0.2000000000          1.000000000         0.1000000000         0.2000000000          1.000000000         0.2637216996         0.1000000000         0.2000000000    
     1.000000000         0.1000000000         0.2000000000          1.000000000         0.7282240550E-01     0.1000000000         0.2000000000          1.000000000         0.1000000000         0.2000000000    
     1.000000000          1.000000000         0.1000000000         0.2000000000          1.000000000         0.1000000000         0.2000000000          1.000000000         0.2998985725         0.1000000000    
    0.2000000000          1.000000000         0.1000000000         0.2000000000          1.000000000          1.000000000         0.1000000000         0.2000000000          1.000000000         0.1000000000    
    0.2000000000          1.000000000    
 

 INTERMEDIATE RESULTS BEFORE NEXT TEMPERATURE REDUCTION

  CURRENT TEMPERATURE:             0.15838    
  MIN FUNCTION VALUE SO FAR:   0.202595866395496142E-01
  TOTAL MOVES:                    3360
     DOWNHILL:                    2307
     ACCEPTED UPHILL:              811
     REJECTED UPHILL:              242
  TRIALS OUT OF BOUNDS:           1591
  NEW MINIMA THIS TEMPERATURE:       0

                         CURRENT OPTIMAL X
    0.9299545288         0.4602852464E-01     0.1912108064         0.3818762302         0.5473631024E-01     0.2503308773         0.9896139503         0.8984727263         0.1927906275E-02     0.2626551867    
    0.9690328836         0.5865523815E-01     0.1570539117         0.2596660852         0.9578567663         0.3613197803E-02     0.2498138189         0.3382530808         0.1056531072E-01     0.2660865068    
    0.8520290256         0.1261591315         0.1732074618E-01     0.2996657014         0.3991681933         0.6736422181E-01     0.2357675672         0.8639791608         0.9771567583         0.9625301957E-01
    0.1254180074         0.9094801545         0.2752268314E-01     0.2332084894         0.1293626428         0.3895890713E-01     0.8384569883E-01     0.2677472472         0.1053324342         0.3372685909E-01
    0.1398745775         0.8528994322    

                         STEP LENGTH (VM)
     1.000000000         0.1000000000         0.2000000000          1.000000000         0.1000000000         0.2000000000          1.000000000         0.3525731307         0.1000000000         0.2000000000    
     1.000000000         0.1000000000         0.2000000000          1.000000000         0.6192218223E-01     0.1000000000         0.2000000000          1.000000000         0.1000000000         0.2000000000    
     1.000000000          1.000000000         0.1000000000         0.2000000000          1.000000000         0.1000000000         0.2000000000          1.000000000         0.3693005758         0.1000000000    
    0.2000000000          1.000000000         0.1000000000         0.2000000000          1.000000000          1.000000000         0.1000000000         0.2000000000          1.000000000         0.1000000000    
    0.2000000000          1.000000000    
 

 INTERMEDIATE RESULTS BEFORE NEXT TEMPERATURE REDUCTION

  CURRENT TEMPERATURE:             0.11879    
  MIN FUNCTION VALUE SO FAR:   0.202580948158097400E-01
  TOTAL MOVES:                    3360
     DOWNHILL:                    2327
     ACCEPTED UPHILL:              805
     REJECTED UPHILL:              228
  TRIALS OUT OF BOUNDS:           1588
  NEW MINIMA THIS TEMPERATURE:       0

                         CURRENT OPTIMAL X
    0.9299545288         0.4506152272E-01     0.2051624894         0.3818762302         0.5473631024E-01     0.2503308773         0.9896139503         0.8984727263         0.1927906275E-02     0.2626551867    
    0.9690328836         0.5865523815E-01     0.1570539117         0.2596660852         0.9578567663         0.3613197803E-02     0.2498138189         0.3382530808         0.1056531072E-01     0.2660865068    
    0.8520290256         0.1261591315         0.1732074618E-01     0.2996657014         0.3991681933         0.6736422181E-01     0.2357675672         0.8639791608         0.9771567583         0.9625301957E-01
    0.1254180074         0.9094801545         0.2752268314E-01     0.2332084894         0.1293626428         0.3895890713E-01     0.8384569883E-01     0.2677472472         0.1053324342         0.3372685909E-01
    0.1398745775         0.8528994322    

                         STEP LENGTH (VM)
     1.000000000         0.1000000000         0.2000000000          1.000000000         0.1000000000         0.2000000000          1.000000000         0.3847103852         0.1000000000         0.2000000000    
     1.000000000         0.1000000000         0.2000000000          1.000000000         0.5798654848E-01     0.1000000000         0.2000000000          1.000000000         0.1000000000         0.2000000000    
     1.000000000          1.000000000         0.1000000000         0.2000000000          1.000000000         0.1000000000         0.2000000000          1.000000000         0.2889763722         0.1000000000    
    0.2000000000          1.000000000         0.1000000000         0.2000000000          1.000000000          1.000000000         0.1000000000         0.2000000000          1.000000000         0.1000000000    
    0.2000000000          1.000000000    
 

 INTERMEDIATE RESULTS BEFORE NEXT TEMPERATURE REDUCTION

  CURRENT TEMPERATURE:             0.89090E-01
  MIN FUNCTION VALUE SO FAR:   0.202565007510035859E-01
  TOTAL MOVES:                    3360
     DOWNHILL:                    2341
     ACCEPTED UPHILL:              761
     REJECTED UPHILL:              258
  TRIALS OUT OF BOUNDS:           1542
  NEW MINIMA THIS TEMPERATURE:       0

                         CURRENT OPTIMAL X
    0.9299545288         0.4476351142E-01     0.2051624894         0.3818762302         0.5473631024E-01     0.2503308773         0.9896139503         0.8984727263         0.1927906275E-02     0.2626551867    
    0.9690328836         0.5865523815E-01     0.1570539117         0.2596660852         0.9578567663         0.3613197803E-02     0.2498138189         0.3382530808         0.1056531072E-01     0.2660865068    
    0.8520290256         0.1261591315         0.1732074618E-01     0.2996657014         0.3991681933         0.6736422181E-01     0.2357675672         0.8639791608         0.9771567583         0.9625301957E-01
    0.1254180074         0.9094801545         0.2752268314E-01     0.2332084894         0.1293626428         0.3895890713E-01     0.8384569883E-01     0.2677472472         0.1053324342         0.3372685909E-01
    0.1398745775         0.8528994322    

                         STEP LENGTH (VM)
     1.000000000         0.1000000000         0.2000000000          1.000000000         0.1000000000         0.2000000000          1.000000000         0.2720323034         0.1000000000         0.2000000000    
     1.000000000         0.1000000000         0.2000000000          1.000000000         0.3761288161E-01     0.1000000000         0.2000000000          1.000000000         0.1000000000         0.2000000000    
     1.000000000         0.5744680187         0.1000000000         0.2000000000          1.000000000         0.1000000000         0.2000000000          1.000000000         0.2854782931         0.1000000000    
    0.2000000000          1.000000000         0.1000000000         0.2000000000          1.000000000         0.7499999860         0.1000000000         0.2000000000          1.000000000         0.1000000000    
    0.2000000000          1.000000000    
 

 INTERMEDIATE RESULTS BEFORE NEXT TEMPERATURE REDUCTION

  CURRENT TEMPERATURE:             0.66817E-01
  MIN FUNCTION VALUE SO FAR:   0.202565007510035859E-01
  TOTAL MOVES:                    3360
     DOWNHILL:                    2291
     ACCEPTED UPHILL:              756
     REJECTED UPHILL:              313
  TRIALS OUT OF BOUNDS:           1509
  NEW MINIMA THIS TEMPERATURE:       0

                         CURRENT OPTIMAL X
    0.9299545288         0.4476351142E-01     0.2051624894         0.3818762302         0.5473631024E-01     0.2503308773         0.9896139503         0.8984727263         0.1927906275E-02     0.2626551867    
    0.9690328836         0.5865523815E-01     0.1570539117         0.2596660852         0.9578567663         0.3613197803E-02     0.2498138189         0.3382530808         0.1056531072E-01     0.2660865068    
    0.8520290256         0.1261591315         0.1732074618E-01     0.2996657014         0.3991681933         0.6736422181E-01     0.2357675672         0.8639791608         0.9771567583         0.9625301957E-01
    0.1254180074         0.9094801545         0.2752268314E-01     0.2332084894         0.1293626428         0.3895890713E-01     0.8384569883E-01     0.2677472472         0.1053324342         0.3372685909E-01
    0.1398745775         0.8528994322    

                         STEP LENGTH (VM)
    0.4169881692         0.1000000000         0.2000000000          1.000000000         0.1000000000         0.2000000000          1.000000000         0.1443436019         0.1000000000         0.2000000000    
     1.000000000         0.1000000000         0.2000000000          1.000000000         0.3507647633E-01     0.1000000000         0.2000000000          1.000000000         0.1000000000         0.2000000000    
     1.000000000         0.1508949513         0.1000000000         0.2000000000          1.000000000         0.1000000000         0.2000000000          1.000000000         0.1800752303         0.1000000000    
    0.2000000000          1.000000000         0.1000000000         0.2000000000          1.000000000         0.8382666425         0.1000000000         0.2000000000          1.000000000         0.1000000000    
    0.2000000000          1.000000000    
 

 INTERMEDIATE RESULTS BEFORE NEXT TEMPERATURE REDUCTION

  CURRENT TEMPERATURE:             0.50113E-01
  MIN FUNCTION VALUE SO FAR:   0.202565007510035859E-01
  TOTAL MOVES:                    3360
     DOWNHILL:                    2304
     ACCEPTED UPHILL:              760
     REJECTED UPHILL:              296
  TRIALS OUT OF BOUNDS:           1557
  NEW MINIMA THIS TEMPERATURE:       0

                         CURRENT OPTIMAL X
    0.9299545288         0.4476351142E-01     0.2051624894         0.3818762302         0.5473631024E-01     0.2503308773         0.9896139503         0.8984727263         0.1927906275E-02     0.2626551867    
    0.9690328836         0.5865523815E-01     0.1570539117         0.2596660852         0.9578567663         0.3613197803E-02     0.2498138189         0.3382530808         0.1056531072E-01     0.2660865068    
    0.8520290256         0.1261591315         0.1732074618E-01     0.2996657014         0.3991681933         0.6736422181E-01     0.2357675672         0.8639791608         0.9771567583         0.9625301957E-01
    0.1254180074         0.9094801545         0.2752268314E-01     0.2332084894         0.1293626428         0.3895890713E-01     0.8384569883E-01     0.2677472472         0.1053324342         0.3372685909E-01
    0.1398745775         0.8528994322    

                         STEP LENGTH (VM)
    0.2964246270         0.1000000000         0.2000000000          1.000000000         0.1000000000         0.2000000000          1.000000000         0.5741252160E-01     0.1000000000         0.2000000000    
     1.000000000         0.1000000000         0.2000000000          1.000000000         0.2124945406E-01     0.1000000000         0.2000000000          1.000000000         0.1000000000         0.2000000000    
     1.000000000         0.1141907223         0.1000000000         0.2000000000          1.000000000         0.1000000000         0.2000000000          1.000000000         0.8040033619E-01     0.1000000000    
    0.2000000000          1.000000000         0.1000000000         0.2000000000          1.000000000         0.3202589268         0.1000000000         0.2000000000          1.000000000         0.1000000000    
    0.2000000000          1.000000000    
 

 INTERMEDIATE RESULTS BEFORE NEXT TEMPERATURE REDUCTION

  CURRENT TEMPERATURE:             0.37585E-01
  MIN FUNCTION VALUE SO FAR:   0.202565007510035859E-01
  TOTAL MOVES:                    3360
     DOWNHILL:                    2277
     ACCEPTED UPHILL:              722
     REJECTED UPHILL:              361
  TRIALS OUT OF BOUNDS:           1540
  NEW MINIMA THIS TEMPERATURE:       0

                         CURRENT OPTIMAL X
    0.9299545288         0.4476351142E-01     0.2051624894         0.3818762302         0.5473631024E-01     0.2503308773         0.9896139503         0.8984727263         0.1927906275E-02     0.2626551867    
    0.9690328836         0.5865523815E-01     0.1570539117         0.2596660852         0.9578567663         0.3613197803E-02     0.2498138189         0.3382530808         0.1056531072E-01     0.2660865068    
    0.8520290256         0.1261591315         0.1732074618E-01     0.2996657014         0.3991681933         0.6736422181E-01     0.2357675672         0.8639791608         0.9771567583         0.9625301957E-01
    0.1254180074         0.9094801545         0.2752268314E-01     0.2332084894         0.1293626428         0.3895890713E-01     0.8384569883E-01     0.2677472472         0.1053324342         0.3372685909E-01
    0.1398745775         0.8528994322    

                         STEP LENGTH (VM)
    0.2708075691         0.1000000000         0.2000000000          1.000000000         0.1000000000         0.2000000000          1.000000000         0.4553826742E-01     0.1000000000         0.2000000000    
     1.000000000         0.1000000000         0.2000000000          1.000000000         0.1933269779E-01     0.1000000000         0.2000000000          1.000000000         0.1000000000         0.2000000000    
     1.000000000         0.1269213878         0.1000000000         0.2000000000          1.000000000         0.1000000000         0.2000000000          1.000000000         0.4903534321E-01     0.1000000000    
    0.2000000000          1.000000000         0.1000000000         0.2000000000          1.000000000         0.2585643452         0.1000000000         0.2000000000          1.000000000         0.1000000000    
    0.2000000000          1.000000000    
 

 INTERMEDIATE RESULTS BEFORE NEXT TEMPERATURE REDUCTION

  CURRENT TEMPERATURE:             0.28189E-01
  MIN FUNCTION VALUE SO FAR:   0.202565007510035859E-01
  TOTAL MOVES:                    3360
     DOWNHILL:                    2209
     ACCEPTED UPHILL:              761
     REJECTED UPHILL:              390
  TRIALS OUT OF BOUNDS:           1485
  NEW MINIMA THIS TEMPERATURE:       0

                         CURRENT OPTIMAL X
    0.9299545288         0.4476351142E-01     0.2051624894         0.3818762302         0.5473631024E-01     0.2503308773         0.9896139503         0.8984727263         0.1927906275E-02     0.2626551867    
    0.9690328836         0.5865523815E-01     0.1570539117         0.2596660852         0.9578567663         0.3613197803E-02     0.2498138189         0.3382530808         0.1056531072E-01     0.2660865068    
    0.8520290256         0.1261591315         0.1732074618E-01     0.2996657014         0.3991681933         0.6736422181E-01     0.2357675672         0.8639791608         0.9771567583         0.9625301957E-01
    0.1254180074         0.9094801545         0.2752268314E-01     0.2332084894         0.1293626428         0.3895890713E-01     0.8384569883E-01     0.2677472472         0.1053324342         0.3372685909E-01
    0.1398745775         0.8528994322    

                         STEP LENGTH (VM)
    0.1040941600         0.1000000000         0.2000000000          1.000000000         0.1000000000         0.2000000000          1.000000000         0.2561525609E-01     0.1000000000         0.2000000000    
     1.000000000         0.1000000000         0.2000000000          1.000000000         0.1766196187E-01     0.1000000000         0.2000000000          1.000000000         0.1000000000         0.2000000000    
     1.000000000         0.5004402215E-01     0.1000000000         0.2000000000          1.000000000         0.1000000000         0.2000000000          1.000000000         0.2169180507E-01     0.1000000000    
    0.2000000000          1.000000000         0.1000000000         0.2000000000          1.000000000         0.4144366556E-01     0.1000000000         0.2000000000          1.000000000         0.1000000000    
    0.2000000000          1.000000000    
 

 INTERMEDIATE RESULTS BEFORE NEXT TEMPERATURE REDUCTION

  CURRENT TEMPERATURE:             0.21141E-01
  MIN FUNCTION VALUE SO FAR:   0.201964860775115489E-01
  TOTAL MOVES:                    3360
     DOWNHILL:                    2251
     ACCEPTED UPHILL:              726
     REJECTED UPHILL:              383
  TRIALS OUT OF BOUNDS:           1484
  NEW MINIMA THIS TEMPERATURE:       0

                         CURRENT OPTIMAL X
    0.8278366337         0.3042072058E-02     0.1371847153         0.5273489952         0.3027613163E-01     0.2277558327         0.8734155893         0.8726915512         0.2886724472E-01     0.2822453737    
    0.9431995749         0.7136482596E-01     0.2236474037         0.7118896842         0.9357585343         0.3134492636E-01     0.2326890826         0.7016173601         0.8211960196E-01     0.1395093203    
    0.5820238590E-01     0.1889060134E-01     0.5692704320E-01     0.2614364505         0.1244451404         0.2607582211E-01     0.2849420428         0.1761232615         0.8897079874         0.4276005030E-01
    0.1860292077         0.5639792681         0.4637821913E-01     0.2966822982         0.3168542385         0.7681702335E-01     0.2636301517E-01     0.1321665168         0.2480499148         0.4463687539E-01
    0.1483548522         0.4228293896E-02

                         STEP LENGTH (VM)
    0.4173893714         0.1000000000         0.2000000000          1.000000000         0.1000000000         0.2000000000          1.000000000         0.5599970172E-01     0.1000000000         0.2000000000    
     1.000000000         0.1000000000         0.2000000000          1.000000000         0.1177463942E-01     0.1000000000         0.2000000000          1.000000000         0.1000000000         0.2000000000    
     1.000000000         0.1183050267         0.1000000000         0.2000000000          1.000000000         0.1000000000         0.2000000000          1.000000000         0.4595231764E-01     0.1000000000    
    0.2000000000          1.000000000         0.1000000000         0.2000000000          1.000000000         0.5155688973E-01     0.1000000000         0.2000000000          1.000000000         0.1000000000    
    0.2000000000          1.000000000    
 

 INTERMEDIATE RESULTS BEFORE NEXT TEMPERATURE REDUCTION

  CURRENT TEMPERATURE:             0.15856E-01
  MIN FUNCTION VALUE SO FAR:   0.201278647834693784E-01
  TOTAL MOVES:                    3360
     DOWNHILL:                    2222
     ACCEPTED UPHILL:              730
     REJECTED UPHILL:              408
  TRIALS OUT OF BOUNDS:           1459
  NEW MINIMA THIS TEMPERATURE:       0

                         CURRENT OPTIMAL X
    0.8278366337         0.3357142210E-02     0.1371847153         0.5273489952         0.3027613163E-01     0.2277558327         0.8734155893         0.8726915512         0.2886724472E-01     0.2822453737    
    0.9431995749         0.7136482596E-01     0.2236474037         0.7118896842         0.9357585343         0.3134492636E-01     0.2326890826         0.7016173601         0.8211960196E-01     0.1395093203    
    0.5820238590E-01     0.1889060134E-01     0.5692704320E-01     0.2614364505         0.1244451404         0.2607582211E-01     0.2849420428         0.1761232615         0.8897079874         0.4276005030E-01
    0.1860292077         0.5639792681         0.4637821913E-01     0.2966822982         0.3168542385         0.7681702335E-01     0.2636301517E-01     0.1321665168         0.2480499148         0.4463687539E-01
    0.1483548522         0.4228293896E-02

                         STEP LENGTH (VM)
    0.1994444129         0.1000000000         0.2000000000          1.000000000         0.1000000000         0.2000000000          1.000000000         0.3612257316E-01     0.1000000000         0.2000000000    
     1.000000000         0.1000000000         0.2000000000          1.000000000         0.9150892343E-02     0.1000000000         0.2000000000          1.000000000         0.1000000000         0.2000000000    
     1.000000000         0.7588194085E-01     0.1000000000         0.2000000000          1.000000000         0.1000000000         0.2000000000          1.000000000         0.2632897304E-01     0.1000000000    
    0.2000000000          1.000000000         0.1000000000         0.2000000000          1.000000000         0.6210711115E-01     0.1000000000         0.2000000000          1.000000000         0.1000000000    
    0.2000000000          1.000000000    
 

 INTERMEDIATE RESULTS BEFORE NEXT TEMPERATURE REDUCTION

  CURRENT TEMPERATURE:             0.11892E-01
  MIN FUNCTION VALUE SO FAR:   0.201278647834693784E-01
  TOTAL MOVES:                    3360
     DOWNHILL:                    2248
     ACCEPTED UPHILL:              719
     REJECTED UPHILL:              393
  TRIALS OUT OF BOUNDS:           1515
  NEW MINIMA THIS TEMPERATURE:       0

                         CURRENT OPTIMAL X
    0.8278366337         0.3357142210E-02     0.1371847153         0.5273489952         0.3027613163E-01     0.2277558327         0.8734155893         0.8726915512         0.2886724472E-01     0.2822453737    
    0.9431995749         0.7136482596E-01     0.2236474037         0.7118896842         0.9357585343         0.3134492636E-01     0.2326890826         0.7016173601         0.8211960196E-01     0.1395093203    
    0.5820238590E-01     0.1889060134E-01     0.5692704320E-01     0.2614364505         0.1244451404         0.2607582211E-01     0.2849420428         0.1761232615         0.8897079874         0.4276005030E-01
    0.1860292077         0.5639792681         0.4637821913E-01     0.2966822982         0.3168542385         0.7681702335E-01     0.2636301517E-01     0.1321665168         0.2480499148         0.4463687539E-01
    0.1483548522         0.4228293896E-02

                         STEP LENGTH (VM)
    0.2745656733         0.1000000000         0.2000000000          1.000000000         0.1000000000         0.2000000000          1.000000000         0.5097307349E-01     0.1000000000         0.2000000000    
     1.000000000         0.1000000000         0.2000000000          1.000000000         0.5882713927E-02     0.1000000000         0.2000000000          1.000000000         0.1000000000         0.2000000000    
     1.000000000         0.5973682582E-01     0.1000000000         0.2000000000          1.000000000         0.1000000000         0.2000000000          1.000000000         0.2656616798E-01     0.1000000000    
    0.2000000000          1.000000000         0.1000000000         0.2000000000          1.000000000         0.5948431733E-01     0.1000000000         0.2000000000          1.000000000         0.1000000000    
    0.2000000000          1.000000000    
 

 INTERMEDIATE RESULTS BEFORE NEXT TEMPERATURE REDUCTION

  CURRENT TEMPERATURE:             0.89190E-02
  MIN FUNCTION VALUE SO FAR:   0.201278647834693784E-01
  TOTAL MOVES:                    3360
     DOWNHILL:                    2191
     ACCEPTED UPHILL:              709
     REJECTED UPHILL:              460
  TRIALS OUT OF BOUNDS:           1436
  NEW MINIMA THIS TEMPERATURE:       0

                         CURRENT OPTIMAL X
    0.8278366337         0.3357142210E-02     0.1371847153         0.5273489952         0.3027613163E-01     0.2277558327         0.8734155893         0.8726915512         0.2886724472E-01     0.2822453737    
    0.9431995749         0.7136482596E-01     0.2236474037         0.7118896842         0.9357585343         0.3134492636E-01     0.2326890826         0.7016173601         0.8211960196E-01     0.1395093203    
    0.5820238590E-01     0.1889060134E-01     0.5692704320E-01     0.2614364505         0.1244451404         0.2607582211E-01     0.2849420428         0.1761232615         0.8897079874         0.4276005030E-01
    0.1860292077         0.5639792681         0.4637821913E-01     0.2966822982         0.3168542385         0.7681702335E-01     0.2636301517E-01     0.1321665168         0.2480499148         0.4463687539E-01
    0.1483548522         0.4228293896E-02

                         STEP LENGTH (VM)
    0.1077842132         0.1000000000         0.2000000000          1.000000000         0.1000000000         0.2000000000          1.000000000         0.4972858497E-01     0.1000000000         0.2000000000    
     1.000000000         0.1000000000         0.2000000000          1.000000000         0.4648067832E-02     0.1000000000         0.2000000000          1.000000000         0.1000000000         0.2000000000    
     1.000000000         0.3982454194E-01     0.1000000000         0.2000000000          1.000000000         0.1000000000         0.2000000000          1.000000000         0.2151583143E-01     0.1000000000    
    0.2000000000          1.000000000         0.1000000000         0.2000000000          1.000000000         0.4234770722E-01     0.1000000000         0.2000000000          1.000000000         0.1000000000    
    0.2000000000          1.000000000    
 

 INTERMEDIATE RESULTS BEFORE NEXT TEMPERATURE REDUCTION

  CURRENT TEMPERATURE:             0.66893E-02
  MIN FUNCTION VALUE SO FAR:   0.201278647834693784E-01
  TOTAL MOVES:                    3360
     DOWNHILL:                    2218
     ACCEPTED UPHILL:              665
     REJECTED UPHILL:              477
  TRIALS OUT OF BOUNDS:           1411
  NEW MINIMA THIS TEMPERATURE:       0

                         CURRENT OPTIMAL X
    0.8278366337         0.3357142210E-02     0.1371847153         0.5273489952         0.3027613163E-01     0.2277558327         0.8734155893         0.8726915512         0.2886724472E-01     0.2822453737    
    0.9431995749         0.7136482596E-01     0.2236474037         0.7118896842         0.9357585343         0.3134492636E-01     0.2326890826         0.7016173601         0.8211960196E-01     0.1395093203    
    0.5820238590E-01     0.1889060134E-01     0.5692704320E-01     0.2614364505         0.1244451404         0.2607582211E-01     0.2849420428         0.1761232615         0.8897079874         0.4276005030E-01
    0.1860292077         0.5639792681         0.4637821913E-01     0.2966822982         0.3168542385         0.7681702335E-01     0.2636301517E-01     0.1321665168         0.2480499148         0.4463687539E-01
    0.1483548522         0.4228293896E-02

                         STEP LENGTH (VM)
    0.6523108224E-01     0.1000000000         0.2000000000          1.000000000         0.1000000000         0.2000000000          1.000000000         0.4392355456E-01     0.1000000000         0.2000000000    
     1.000000000         0.1000000000         0.2000000000          1.000000000         0.2465019558E-02     0.1824939113E-02     0.9169125691E-02     0.2217889975         0.1000000000         0.2000000000    
     1.000000000         0.4381594950E-01     0.1000000000         0.2000000000          1.000000000         0.1000000000         0.2000000000          1.000000000         0.3182488745E-01     0.1000000000    
    0.2000000000          1.000000000         0.1000000000         0.2000000000          1.000000000         0.3226489805E-01     0.1000000000         0.2000000000          1.000000000         0.1000000000    
    0.2000000000          1.000000000    
 

 INTERMEDIATE RESULTS BEFORE NEXT TEMPERATURE REDUCTION

  CURRENT TEMPERATURE:             0.50170E-02
  MIN FUNCTION VALUE SO FAR:   0.200773194432541761E-01
  TOTAL MOVES:                    3360
     DOWNHILL:                    2193
     ACCEPTED UPHILL:              682
     REJECTED UPHILL:              485
  TRIALS OUT OF BOUNDS:           1436
  NEW MINIMA THIS TEMPERATURE:       0

                         CURRENT OPTIMAL X
    0.9286669077         0.1485427618E-01     0.1852267027         0.3880879283         0.1464653015E-01     0.2178123474         0.9763819575         0.8943350741         0.5224933624E-01     0.2174880028    
    0.2770459652E-01     0.7273717523E-01     0.2846549749         0.8404908180         0.9351184514         0.3950478541E-01     0.2295983059         0.7449673145         0.5431144238E-01     0.1358056068    
    0.6107417941         0.4118727082E-01     0.6404100657E-01     0.1491338134         0.2550211549         0.6992995739E-01     0.1259194613         0.6725188494         0.8865100491         0.2828696966E-01
    0.1898757458         0.6925315857         0.1100367308E-02     0.1287385345         0.7816237211E-01     0.9266313342E-01     0.2470185077E-01     0.1710958123         0.6281747222         0.8625753522E-01
    0.2945191622         0.6372379065    

                         STEP LENGTH (VM)
    0.1429147623         0.1000000000         0.2000000000          1.000000000         0.1000000000         0.2000000000          1.000000000         0.1753288834E-01     0.1000000000         0.2000000000    
     1.000000000         0.1000000000         0.2000000000          1.000000000         0.3316301904E-02     0.1000000000         0.2000000000          1.000000000         0.1000000000         0.2000000000    
     1.000000000         0.1996107869E-01     0.1000000000         0.2000000000          1.000000000         0.1000000000         0.2000000000          1.000000000         0.1818564423E-01     0.1000000000    
    0.2000000000          1.000000000         0.1000000000         0.2000000000          1.000000000         0.2213778307E-01     0.1000000000         0.2000000000          1.000000000         0.1000000000    
    0.2000000000          1.000000000    
 

 INTERMEDIATE RESULTS BEFORE NEXT TEMPERATURE REDUCTION

  CURRENT TEMPERATURE:             0.37627E-02
  MIN FUNCTION VALUE SO FAR:   0.200773194432541761E-01
  TOTAL MOVES:                    3360
     DOWNHILL:                    2156
     ACCEPTED UPHILL:              687
     REJECTED UPHILL:              517
  TRIALS OUT OF BOUNDS:           1399
  NEW MINIMA THIS TEMPERATURE:       0

                         CURRENT OPTIMAL X
    0.9286669077         0.1485427618E-01     0.1852267027         0.3880879283         0.1464653015E-01     0.2178123474         0.9763819575         0.8943350741         0.5224933624E-01     0.2174880028    
    0.2770459652E-01     0.7273717523E-01     0.2846549749         0.8404908180         0.9351184514         0.3950478541E-01     0.2295983059         0.7449673145         0.5431144238E-01     0.1358056068    
    0.6107417941         0.4118727082E-01     0.6404100657E-01     0.1491338134         0.2550211549         0.6992995739E-01     0.1259194613         0.6725188494         0.8865100491         0.2828696966E-01
    0.1898757458         0.6925315857         0.1100367308E-02     0.1287385345         0.7816237211E-01     0.9266313342E-01     0.2470185077E-01     0.1710958123         0.6281747222         0.8625753522E-01
    0.2945191622         0.6372379065    

                         STEP LENGTH (VM)
    0.8297565552E-01     0.1000000000         0.2000000000          1.000000000         0.1000000000         0.2000000000          1.000000000         0.2565724292E-01     0.1000000000         0.2000000000    
     1.000000000         0.1000000000         0.2000000000          1.000000000         0.1905108757E-02     0.1000000000         0.2000000000          1.000000000         0.1000000000         0.2000000000    
     1.000000000         0.2055099145E-01     0.1000000000         0.2000000000          1.000000000         0.1000000000         0.2000000000          1.000000000         0.1278989847E-01     0.1000000000    
    0.2000000000          1.000000000         0.1000000000         0.2000000000          1.000000000         0.1045120506E-01     0.1000000000         0.2000000000          1.000000000         0.1000000000    
    0.2000000000          1.000000000    
 

 INTERMEDIATE RESULTS BEFORE NEXT TEMPERATURE REDUCTION

  CURRENT TEMPERATURE:             0.28220E-02
  MIN FUNCTION VALUE SO FAR:   0.200267526736791317E-01
  TOTAL MOVES:                    3360
     DOWNHILL:                    2169
     ACCEPTED UPHILL:              611
     REJECTED UPHILL:              580
  TRIALS OUT OF BOUNDS:           1345
  NEW MINIMA THIS TEMPERATURE:       1

                         CURRENT OPTIMAL X
    0.9931509858         0.2221370339E-01     0.1455123901         0.2934615016         0.5960369110E-01     0.2960583329         0.3181316853         0.8888349821         0.2513151169E-01     0.1609505415    
    0.9894095063         0.6874820590E-01     0.2339501262         0.3171586990E-01     0.9358483123         0.6593151547E-02     0.2813811345         0.2889716831         0.8712557554E-01     0.2402126908    
    0.4397112131E-01     0.8766965375E-01     0.7618369460E-01     0.2975131154         0.5218562484         0.1441382766E-01     0.1275514007         0.8474140763         0.8701950545         0.9526071548E-01
    0.2971311569         0.7888806462         0.1015728712E-01     0.1853258729         0.4650812149         0.9652321232E-01     0.1706592795E-01     0.2896472692         0.1563224196         0.3859101534E-01
    0.1357718468         0.5645573139    

                         STEP LENGTH (VM)
    0.3554373704E-01     0.1000000000         0.2000000000          1.000000000         0.1000000000         0.2000000000          1.000000000         0.2072314670E-01     0.1000000000         0.2000000000    
     1.000000000         0.1000000000         0.2000000000          1.000000000         0.1189349767E-02     0.2519954334E-02     0.1552995206E-01     0.1448782879         0.1000000000         0.2000000000    
     1.000000000         0.2397613799E-01     0.1000000000         0.2000000000          1.000000000         0.1000000000         0.2000000000          1.000000000         0.1866632628E-01     0.1000000000    
    0.2000000000          1.000000000         0.1000000000         0.2000000000          1.000000000         0.7239266473E-02     0.1000000000         0.2000000000          1.000000000         0.1000000000    
    0.2000000000          1.000000000    
 

 INTERMEDIATE RESULTS BEFORE NEXT TEMPERATURE REDUCTION

  CURRENT TEMPERATURE:             0.21165E-02
  MIN FUNCTION VALUE SO FAR:   0.200267526736791317E-01
  TOTAL MOVES:                    3360
     DOWNHILL:                    2094
     ACCEPTED UPHILL:              632
     REJECTED UPHILL:              634
  TRIALS OUT OF BOUNDS:           1323
  NEW MINIMA THIS TEMPERATURE:       0

                         CURRENT OPTIMAL X
    0.9931509858         0.2221370339E-01     0.1455123901         0.2934615016         0.5960369110E-01     0.2960583329         0.3181316853         0.8888349821         0.2513151169E-01     0.1609505415    
    0.9894095063         0.6874820590E-01     0.2339501262         0.3171586990E-01     0.9358483123         0.6593151547E-02     0.2813811345         0.2889716831         0.8712557554E-01     0.2402126908    
    0.4397112131E-01     0.8766965375E-01     0.7618369460E-01     0.2975131154         0.5218562484         0.1441382766E-01     0.1275514007         0.8474140763         0.8701950545         0.9526071548E-01
    0.2971311569         0.7888806462         0.1015728712E-01     0.1853258729         0.4650812149         0.9652321232E-01     0.1706592795E-01     0.2896472692         0.1563224196         0.3859101534E-01
    0.1357718468         0.5645573139    

                         STEP LENGTH (VM)
    0.2960198465E-01     0.1000000000         0.2000000000          1.000000000         0.1000000000         0.2000000000          1.000000000         0.4879430211E-02     0.1757034942E-01     0.1499999972    
    0.5714285653         0.1000000000         0.2000000000          1.000000000         0.9676736539E-03     0.2790651672E-02     0.1885790191E-01     0.1388614548         0.1000000000         0.2000000000    
     1.000000000         0.2066027523E-01     0.1000000000         0.2000000000          1.000000000         0.1000000000         0.2000000000          1.000000000         0.6042139501E-02     0.1000000000    
    0.2000000000          1.000000000         0.1000000000         0.2000000000          1.000000000         0.8807485159E-02     0.1825115657E-01     0.1777777734         0.7297296409         0.1000000000    
    0.2000000000          1.000000000    
 

 INTERMEDIATE RESULTS BEFORE NEXT TEMPERATURE REDUCTION

  CURRENT TEMPERATURE:             0.15874E-02
  MIN FUNCTION VALUE SO FAR:   0.200267526736791317E-01
  TOTAL MOVES:                    3360
     DOWNHILL:                    2039
     ACCEPTED UPHILL:              562
     REJECTED UPHILL:              759
  TRIALS OUT OF BOUNDS:           1174
  NEW MINIMA THIS TEMPERATURE:       0

                         CURRENT OPTIMAL X
    0.9931509858         0.2221370339E-01     0.1455123901         0.2934615016         0.5960369110E-01     0.2960583329         0.3181316853         0.8888349821         0.2513151169E-01     0.1609505415    
    0.9894095063         0.6874820590E-01     0.2339501262         0.3171586990E-01     0.9358483123         0.6593151547E-02     0.2813811345         0.2889716831         0.8712557554E-01     0.2402126908    
    0.4397112131E-01     0.8766965375E-01     0.7618369460E-01     0.2975131154         0.5218562484         0.1441382766E-01     0.1275514007         0.8474140763         0.8701950545         0.9526071548E-01
    0.2971311569         0.7888806462         0.1015728712E-01     0.1853258729         0.4650812149         0.9652321232E-01     0.1706592795E-01     0.2896472692         0.1563224196         0.3859101534E-01
    0.1357718468         0.5645573139    

                         STEP LENGTH (VM)
    0.2631286930E-01     0.7659571809E-01     0.2000000000          1.000000000         0.1000000000         0.2000000000          1.000000000         0.4135149370E-02     0.2465281437E-02     0.1404409444E-01
    0.6235965531E-01     0.1000000000         0.2000000000          1.000000000         0.8032926929E-03     0.8555216173E-03     0.8852927622E-02     0.4387223760E-01     0.1000000000         0.2000000000    
     1.000000000         0.1176269076E-01     0.1000000000         0.2000000000          1.000000000         0.1000000000         0.2000000000          1.000000000         0.4139983308E-02     0.1000000000    
    0.2000000000          1.000000000         0.1000000000         0.2000000000          1.000000000         0.3204934087E-02     0.9999998882E-01     0.2000000000          1.000000000         0.1000000000    
    0.2000000000          1.000000000    
 

 INTERMEDIATE RESULTS BEFORE NEXT TEMPERATURE REDUCTION

  CURRENT TEMPERATURE:             0.11905E-02
  MIN FUNCTION VALUE SO FAR:   0.200101543001721498E-01
  TOTAL MOVES:                    3360
     DOWNHILL:                    2085
     ACCEPTED UPHILL:              568
     REJECTED UPHILL:              707
  TRIALS OUT OF BOUNDS:           1234
  NEW MINIMA THIS TEMPERATURE:       0

                         CURRENT OPTIMAL X
    0.9954437852         0.4538052082E-01     0.2895193696         0.6297679543         0.8971425295E-01     0.2155627012         0.7866233587E-01     0.8890764341         0.2017854452E-01     0.2626603842    
    0.8410487771         0.3934510350E-01     0.2855919242         0.8539309502         0.9365244128         0.4810365970E-02     0.2553312545         0.2491055443         0.2392914891E-01     0.1180064678    
    0.6621767282         0.7510539771E-01     0.3098087311E-01     0.1929952145         0.2197099328         0.6352189779E-01     0.1997456312         0.5050394535         0.8671406846         0.1243929330E-01
    0.1759986674         0.4142093658E-01     0.5646938086E-01     0.1645723462         0.2996084094         0.8548384112E-01     0.6612055302E-01     0.2860479236         0.8791983128E-01     0.8889798522E-01
    0.1644323349         0.1550137997E-01

                         STEP LENGTH (VM)
    0.9595573847E-02     0.1000000000         0.2000000000          1.000000000         0.1000000000         0.2000000000          1.000000000         0.6375019730E-02     0.1000000000         0.2000000000    
     1.000000000         0.1000000000         0.2000000000          1.000000000         0.7884355392E-03     0.6833545282E-03     0.4496722879E-02     0.2655151081E-01     0.1000000000         0.2000000000    
     1.000000000         0.9287185466E-02     0.1000000000         0.2000000000          1.000000000         0.1000000000         0.2000000000          1.000000000         0.4139981663E-02     0.2651390584E-01
    0.1297297279         0.6486486395         0.1000000000         0.2000000000          1.000000000         0.4092785647E-02     0.6666666377E-01     0.2000000000          1.000000000         0.1000000000    
    0.2000000000          1.000000000    
 

 INTERMEDIATE RESULTS BEFORE NEXT TEMPERATURE REDUCTION

  CURRENT TEMPERATURE:             0.89291E-03
  MIN FUNCTION VALUE SO FAR:   0.200036017442183182E-01
  TOTAL MOVES:                    3360
     DOWNHILL:                    2115
     ACCEPTED UPHILL:              582
     REJECTED UPHILL:              663
  TRIALS OUT OF BOUNDS:           1209
  NEW MINIMA THIS TEMPERATURE:       0

                         CURRENT OPTIMAL X
    0.9964272489         0.3073253632E-01     0.1415978074         0.5619528890         0.8648704290E-01     0.2548663020         0.6203011274         0.8994072173         0.1042115688E-01     0.2152422547    
    0.9380048513         0.6107998490E-01     0.2759515762         0.4667209387         0.9375796741         0.4628536685E-02     0.2579714965         0.1009448406         0.4370744824E-01     0.1417834878    
    0.1058226228         0.7077966657E-01     0.5325967669E-01     0.2809735179         0.7994775176         0.4798036814E-02     0.1502004623         0.8632892370E-01     0.8672741260         0.5537663910E-02
    0.2309811089         0.9615177114E-01     0.4014688730E-01     0.1015951872         0.4901958108         0.7899961983E-01     0.7487567067E-01     0.2465045214         0.9875989400         0.8219599724E-02
    0.1173037291         0.6581447721    

                         STEP LENGTH (VM)
    0.6280225915E-02     0.1000000000         0.2000000000          1.000000000         0.1000000000         0.2000000000          1.000000000         0.3811822654E-02     0.1000000000         0.2000000000    
     1.000000000         0.1000000000         0.2000000000          1.000000000         0.4434947552E-03     0.4312769738E-03     0.2807281124E-02     0.2360133743E-01     0.1000000000         0.2000000000    
     1.000000000         0.5503515987E-02     0.1000000000         0.2000000000          1.000000000         0.1000000000         0.2000000000          1.000000000         0.2203399137E-02     0.4981881075E-02
    0.4255798364E-01     0.9207789871E-01     0.1000000000         0.2000000000          1.000000000         0.2319528107E-02     0.1516976083E-01     0.6953371809E-01     0.2917933077         0.1000000000    
    0.2000000000          1.000000000    
 

 INTERMEDIATE RESULTS BEFORE NEXT TEMPERATURE REDUCTION

  CURRENT TEMPERATURE:             0.66968E-03
  MIN FUNCTION VALUE SO FAR:   0.200036017442183182E-01
  TOTAL MOVES:                    3360
     DOWNHILL:                    2099
     ACCEPTED UPHILL:              560
     REJECTED UPHILL:              701
  TRIALS OUT OF BOUNDS:           1126
  NEW MINIMA THIS TEMPERATURE:       0

                         CURRENT OPTIMAL X
    0.9964272489         0.3073253632E-01     0.1415978074         0.5619528890         0.8648704290E-01     0.2548663020         0.6203011274         0.8994072173         0.1042115688E-01     0.2152422547    
    0.9380048513         0.6107998490E-01     0.2759515762         0.4667209387         0.9375796741         0.4628536685E-02     0.2579714965         0.1009448406         0.4370744824E-01     0.1417834878    
    0.1058226228         0.7077966657E-01     0.5325967669E-01     0.2809735179         0.7994775176         0.4798036814E-02     0.1502004623         0.8632892370E-01     0.8672741260         0.5537663910E-02
    0.2309811089         0.9615177114E-01     0.4014688730E-01     0.1015951872         0.4901958108         0.7899961983E-01     0.7487567067E-01     0.2465045214         0.9875989400         0.8219599724E-02
    0.1173037291         0.6581447721    

                         STEP LENGTH (VM)
    0.4690629140E-02     0.1000000000         0.2000000000          1.000000000         0.1000000000         0.2000000000          1.000000000         0.2189769275E-02     0.1000000000         0.2000000000    
     1.000000000         0.1000000000         0.2000000000          1.000000000         0.2151762044E-03     0.3315522244E-03     0.3584971616E-02     0.2721594041E-01     0.1000000000         0.2000000000    
     1.000000000         0.3223565088E-02     0.1000000000         0.2000000000          1.000000000         0.1000000000         0.2000000000          1.000000000         0.1780607164E-02     0.3153165043E-01
    0.1690461110         0.7813827844         0.1000000000         0.2000000000          1.000000000         0.1325444167E-02     0.6325734688E-02     0.6897757110E-01     0.4189849672         0.1000000000    
    0.2000000000          1.000000000    
 

 INTERMEDIATE RESULTS BEFORE NEXT TEMPERATURE REDUCTION

  CURRENT TEMPERATURE:             0.50226E-03
  MIN FUNCTION VALUE SO FAR:   0.200036017442183182E-01
  TOTAL MOVES:                    3360
     DOWNHILL:                    2021
     ACCEPTED UPHILL:              570
     REJECTED UPHILL:              769
  TRIALS OUT OF BOUNDS:           1142
  NEW MINIMA THIS TEMPERATURE:       0

                         CURRENT OPTIMAL X
    0.9964272489         0.3073253632E-01     0.1415978074         0.5619528890         0.8648704290E-01     0.2548663020         0.6203011274         0.8994072173         0.1042115688E-01     0.2152422547    
    0.9380048513         0.6107998490E-01     0.2759515762         0.4667209387         0.9375796741         0.4628536685E-02     0.2579714965         0.1009448406         0.4370744824E-01     0.1417834878    
    0.1058226228         0.7077966657E-01     0.5325967669E-01     0.2809735179         0.7994775176         0.4798036814E-02     0.1502004623         0.8632892370E-01     0.8672741260         0.5537663910E-02
    0.2309811089         0.9615177114E-01     0.4014688730E-01     0.1015951872         0.4901958108         0.7899961983E-01     0.7487567067E-01     0.2465045214         0.9875989400         0.8219599724E-02
    0.1173037291         0.6581447721    

                         STEP LENGTH (VM)
    0.6193800252E-02     0.1000000000         0.2000000000          1.000000000         0.1000000000         0.2000000000          1.000000000         0.1669961302E-02     0.1051883201E-01     0.3890577266E-01
    0.1090786416         0.1000000000         0.2000000000          1.000000000         0.2426084271E-03     0.2432303135E-03     0.1873275813E-02     0.1389749546E-01     0.1000000000         0.2000000000    
     1.000000000         0.2659315309E-02     0.1000000000         0.2000000000          1.000000000         0.1000000000         0.2000000000          1.000000000         0.1784340817E-02     0.2030277026E-02
    0.7189288819E-02     0.6216432484E-01     0.1000000000         0.2000000000          1.000000000         0.6585295834E-03     0.6863690621E-01     0.2000000000          1.000000000         0.1000000000    
    0.2000000000          1.000000000    
 

 INTERMEDIATE RESULTS BEFORE NEXT TEMPERATURE REDUCTION

  CURRENT TEMPERATURE:             0.37670E-03
  MIN FUNCTION VALUE SO FAR:   0.200036017442183182E-01
  TOTAL MOVES:                    3360
     DOWNHILL:                    2043
     ACCEPTED UPHILL:              504
     REJECTED UPHILL:              813
  TRIALS OUT OF BOUNDS:           1135
  NEW MINIMA THIS TEMPERATURE:       0

                         CURRENT OPTIMAL X
    0.9964272489         0.3073253632E-01     0.1415978074         0.5619528890         0.8648704290E-01     0.2548663020         0.6203011274         0.8994072173         0.1042115688E-01     0.2152422547    
    0.9380048513         0.6107998490E-01     0.2759515762         0.4667209387         0.9375796741         0.4628536685E-02     0.2579714965         0.1009448406         0.4370744824E-01     0.1417834878    
    0.1058226228         0.7077966657E-01     0.5325967669E-01     0.2809735179         0.7994775176         0.4798036814E-02     0.1502004623         0.8632892370E-01     0.8672741260         0.5537663910E-02
    0.2309811089         0.9615177114E-01     0.4014688730E-01     0.1015951872         0.4901958108         0.7899961983E-01     0.7487567067E-01     0.2465045214         0.9875989400         0.8219599724E-02
    0.1173037291         0.6581447721    

                         STEP LENGTH (VM)
    0.5605689941E-03     0.1000000000         0.2000000000          1.000000000         0.1000000000         0.2000000000          1.000000000         0.1887553517E-03     0.3312248346E-01     0.2000000000    
    0.3461538377         0.1000000000         0.2000000000          1.000000000         0.7420277897E-04     0.2051171861E-03     0.1234384832E-02     0.9535433013E-02     0.1000000000         0.2000000000    
     1.000000000         0.3180849410E-04     0.2903225745E-01     0.5462304311E-01     0.2356792112         0.1000000000         0.2000000000          1.000000000         0.1620106783E-03     0.1674087215E-02
    0.9435937870E-02     0.5103352812E-01     0.1000000000         0.2000000000          1.000000000         0.1167202093E-03     0.5584406036E-01     0.2000000000          1.000000000         0.1000000000    
    0.2000000000          1.000000000    
 

 INTERMEDIATE RESULTS BEFORE NEXT TEMPERATURE REDUCTION

  CURRENT TEMPERATURE:             0.28252E-03
  MIN FUNCTION VALUE SO FAR:   0.200035271017010401E-01
  TOTAL MOVES:                    3360
     DOWNHILL:                    2081
     ACCEPTED UPHILL:              531
     REJECTED UPHILL:              748
  TRIALS OUT OF BOUNDS:           1098
  NEW MINIMA THIS TEMPERATURE:       1

                         CURRENT OPTIMAL X
    0.9944130771         0.4611057043E-02     0.1021597147         0.9656862020         0.6888439655E-01     0.1285639524         0.5640691519E-01     0.8980600221         0.2657655366E-01     0.2252801418    
    0.8002688799         0.5809195638E-01     0.1528352261         0.7418605089         0.9377563028         0.4670007827E-02     0.2575886349         0.1124375573         0.3257215023E-01     0.1052329063    
    0.3672899604         0.7084873968E-01     0.7250557184E-01     0.1471059680         0.2439512014         0.9384149909E-01     0.2303974271         0.8725771904         0.8671301494         0.6379097743E-02
    0.2268632475         0.1338692586         0.1569636464E-01     0.1072460651         0.9879437089         0.7941318133E-01     0.7119461298E-01     0.2198220968         0.3676842451         0.8349958062E-01
    0.1250128508         0.7395339608    

                         STEP LENGTH (VM)
    0.2989874897E-02     0.8262947016E-01     0.2000000000          1.000000000         0.1000000000         0.2000000000          1.000000000         0.1104938006E-02     0.1000000000         0.2000000000    
     1.000000000         0.1000000000         0.2000000000          1.000000000         0.8673452880E-04     0.7813985205E-04     0.8457818720E-03     0.5349314584E-02     0.1000000000         0.2000000000    
     1.000000000         0.1006931832E-02     0.1000000000         0.2000000000          1.000000000         0.1000000000         0.2000000000          1.000000000         0.1242321786E-02     0.1412510270E-02
    0.4357345018E-02     0.5449719645E-01     0.1000000000         0.2000000000          1.000000000         0.3190553151E-03     0.4756596992E-01     0.2000000000          1.000000000         0.1000000000    
    0.2000000000          1.000000000    
 

  SA ACHIEVED TERMINATION CRITERIA. IER = 0. 


  ****   RESULTS AFTER SA   ****   

                         SOLUTION
    0.9944130771         0.4611057043E-02     0.1021597147         0.9656862020         0.6888439655E-01     0.1285639524         0.5640691519E-01     0.8980600221         0.2657655366E-01     0.2252801418    
    0.8002688799         0.5809195638E-01     0.1528352261         0.7418605089         0.9377563028         0.4670007827E-02     0.2575886349         0.1124375573         0.3257215023E-01     0.1052329063    
    0.3672899604         0.7084873968E-01     0.7250557184E-01     0.1471059680         0.2439512014         0.9384149909E-01     0.2303974271         0.8725771904         0.8671301494         0.6379097743E-02
    0.2268632475         0.1338692586         0.1569636464E-01     0.1072460651         0.9879437089         0.7941318133E-01     0.7119461298E-01     0.2198220968         0.3676842451         0.8349958062E-01
    0.1250128508         0.7395339608    

                         FINAL STEP LENGTH
    0.2989874897E-02     0.8262947016E-01     0.2000000000          1.000000000         0.1000000000         0.2000000000          1.000000000         0.1104938006E-02     0.1000000000         0.2000000000    
     1.000000000         0.1000000000         0.2000000000          1.000000000         0.8673452880E-04     0.7813985205E-04     0.8457818720E-03     0.5349314584E-02     0.1000000000         0.2000000000    
     1.000000000         0.1006931832E-02     0.1000000000         0.2000000000          1.000000000         0.1000000000         0.2000000000          1.000000000         0.1242321786E-02     0.1412510270E-02
    0.4357345018E-02     0.5449719645E-01     0.1000000000         0.2000000000          1.000000000         0.3190553151E-03     0.4756596992E-01     0.2000000000          1.000000000         0.1000000000    
    0.2000000000          1.000000000    

 OPTIMAL FUNCTION VALUE:  0.2000352710170E-01
 NUMBER OF FUNCTION EVALUATIONS:         117601
 NUMBER OF ACCEPTED EVALUATIONS:         104072
 NUMBER OF OUT OF BOUND EVALUATIONS:      51473
 FINAL TEMP:  0.2825224473393E-03  IER:   0
