
 SIMULATED PARALLEL ANNEALING by NEIGHBORHOOD EXAMPLE

 NUMBER OF PARAMETERS:  42   MAXIMAZATION:     F
 INITIAL TEMP:  5.0       RT: 0.75       EPS: 0.10E-02
 NS:  24   NT:  20   NEPS:  4
 MAXEVL:  100000000   IPRINT: 1   ISEED1:    7 ISEED2:    8

                         STARTING VALUES
    0.9426984857         0.6955633163E-01     0.2444008946         0.6020414829E-01     0.9251289964E-01     0.2857739687         0.3760224581         0.4884487115         0.2482991815E-01     0.2032503486    
    0.1457606554         0.7442701459E-01     0.2978557110         0.3371322155E-01     0.9992192003         0.4624795914E-01     0.2961221218         0.7205051184E-01     0.8331395984E-01     0.1448420167    
    0.3152668476E-01     0.4147215902E-02     0.8335492015E-01     0.1891031265         0.2433720231         0.9756169319E-01     0.1437682033         0.3481434584         0.5464039944         0.5169009566E-01
    0.2961269379         0.6032524705         0.9209231138E-01     0.2821425557         0.6636217237         0.9653174715E-02     0.9024423957E-01     0.2067955613         0.1672407389         0.4216772914E-01
    0.1764378667         0.9330423474    

                         INITIAL STEP LENGTH
     1.000000000         0.1000000000         0.2000000000          1.000000000         0.1000000000         0.2000000000          1.000000000          1.000000000         0.1000000000         0.2000000000    
     1.000000000         0.1000000000         0.2000000000          1.000000000          1.000000000         0.1000000000         0.2000000000          1.000000000         0.1000000000         0.2000000000    
     1.000000000          1.000000000         0.1000000000         0.2000000000          1.000000000         0.1000000000         0.2000000000          1.000000000          1.000000000         0.1000000000    
    0.2000000000          1.000000000         0.1000000000         0.2000000000          1.000000000          1.000000000         0.1000000000         0.2000000000          1.000000000         0.1000000000    
    0.2000000000          1.000000000    

                         LOWER BOUND
     0.000000000          0.000000000         0.1000000000          0.000000000          0.000000000         0.1000000000          0.000000000          0.000000000          0.000000000         0.1000000000    
     0.000000000          0.000000000         0.1000000000          0.000000000          0.000000000          0.000000000         0.1000000000          0.000000000          0.000000000         0.1000000000    
     0.000000000          0.000000000          0.000000000         0.1000000000          0.000000000          0.000000000         0.1000000000          0.000000000          0.000000000          0.000000000    
    0.1000000000          0.000000000          0.000000000         0.1000000000          0.000000000          0.000000000          0.000000000         0.1000000000          0.000000000          0.000000000    
    0.1000000000          0.000000000    

                         UPPER BOUND
     1.000000000         0.1000000000         0.3000000000          1.000000000         0.1000000000         0.3000000000          1.000000000          1.000000000         0.1000000000         0.3000000000    
     1.000000000         0.1000000000         0.3000000000          1.000000000          1.000000000         0.1000000000         0.3000000000          1.000000000         0.1000000000         0.3000000000    
     1.000000000          1.000000000         0.1000000000         0.3000000000          1.000000000         0.1000000000         0.3000000000          1.000000000          1.000000000         0.1000000000    
    0.3000000000          1.000000000         0.1000000000         0.3000000000          1.000000000          1.000000000         0.1000000000         0.3000000000          1.000000000         0.1000000000    
    0.3000000000          1.000000000    

                         C VECTOR
     2.000000000          2.000000000          2.000000000          2.000000000          2.000000000          2.000000000          2.000000000          2.000000000          2.000000000          2.000000000    
     2.000000000          2.000000000          2.000000000          2.000000000          2.000000000          2.000000000          2.000000000          2.000000000          2.000000000          2.000000000    
     2.000000000          2.000000000          2.000000000          2.000000000          2.000000000          2.000000000          2.000000000          2.000000000          2.000000000          2.000000000    
     2.000000000          2.000000000          2.000000000          2.000000000          2.000000000          2.000000000          2.000000000          2.000000000          2.000000000          2.000000000    
     2.000000000          2.000000000    

  ****   END OF DRIVER ROUTINE OUTPUT   ****
  ****   BEFORE CALL TO SA.             ****
  

                         INITIAL X
    0.9426984857         0.6955633163E-01     0.2444008946         0.6020414829E-01     0.9251289964E-01     0.2857739687         0.3760224581         0.4884487115         0.2482991815E-01     0.2032503486    
    0.1457606554         0.7442701459E-01     0.2978557110         0.3371322155E-01     0.9992192003         0.4624795914E-01     0.2961221218         0.7205051184E-01     0.8331395984E-01     0.1448420167    
    0.3152668476E-01     0.4147215902E-02     0.8335492015E-01     0.1891031265         0.2433720231         0.9756169319E-01     0.1437682033         0.3481434584         0.5464039944         0.5169009566E-01
    0.2961269379         0.6032524705         0.9209231138E-01     0.2821425557         0.6636217237         0.9653174715E-02     0.9024423957E-01     0.2067955613         0.1672407389         0.4216772914E-01
    0.1764378667         0.9330423474    
  INITIAL F: 
 0.154998906962608540    

 INTERMEDIATE RESULTS BEFORE NEXT TEMPERATURE REDUCTION

  CURRENT TEMPERATURE:              5.0000    
  MIN FUNCTION VALUE SO FAR:   0.114104358201488676    
  TOTAL MOVES:                    3360
     DOWNHILL:                    2440
     ACCEPTED UPHILL:              809
     REJECTED UPHILL:              111
  TRIALS OUT OF BOUNDS:           1653
  NEW MINIMA THIS TEMPERATURE:       0

                         CURRENT OPTIMAL X
    0.6371448040         0.8181506991E-01     0.1972611308         0.2950963378         0.8232551813E-02     0.2893464804         0.7895243764         0.8863033574         0.6141547561E-01     0.1732804298    
    0.8117740750         0.7527202964E-01     0.2792924047         0.9959716201         0.9627968777         0.8704879284E-01     0.2675547481         0.2513038516         0.2639881372E-01     0.2550909042    
    0.9037250280E-01     0.4030668736E-01     0.5258893967E-01     0.1693960071         0.6727339029         0.5024168491E-01     0.1666044354         0.3950111866         0.7473486066         0.5336388946E-01
    0.2931227446         0.4400354624E-01     0.2705362439E-01     0.1224944592         0.7136770487         0.5918931961E-01     0.7349780798E-01     0.1664563775         0.6967552304         0.2840533257E-01
    0.2745935559         0.7755181789    

                         STEP LENGTH (VM)
     1.000000000         0.1000000000         0.2000000000          1.000000000         0.1000000000         0.2000000000          1.000000000          1.000000000         0.1000000000         0.2000000000    
     1.000000000         0.1000000000         0.2000000000          1.000000000         0.2493303383         0.1000000000         0.2000000000          1.000000000         0.1000000000         0.2000000000    
     1.000000000          1.000000000         0.1000000000         0.2000000000          1.000000000         0.1000000000         0.2000000000          1.000000000          1.000000000         0.1000000000    
    0.2000000000          1.000000000         0.1000000000         0.2000000000          1.000000000          1.000000000         0.1000000000         0.2000000000          1.000000000         0.1000000000    
    0.2000000000          1.000000000    
 

 INTERMEDIATE RESULTS BEFORE NEXT TEMPERATURE REDUCTION

  CURRENT TEMPERATURE:              3.7500    
  MIN FUNCTION VALUE SO FAR:   0.768346334412295384E-01
  TOTAL MOVES:                    3360
     DOWNHILL:                    2429
     ACCEPTED UPHILL:              785
     REJECTED UPHILL:              146
  TRIALS OUT OF BOUNDS:           1603
  NEW MINIMA THIS TEMPERATURE:       2

                         CURRENT OPTIMAL X
    0.9989931583         0.8181506991E-01     0.1972611308         0.2950963378         0.8232551813E-02     0.2893464804         0.7895243764         0.8863033574         0.6141547561E-01     0.1732804298    
    0.8117740750         0.7527202964E-01     0.2792924047         0.9959716201         0.9627968777         0.8704879284E-01     0.2675547481         0.2513038516         0.2639881372E-01     0.2550909042    
    0.9037250280E-01     0.4030668736E-01     0.5258893967E-01     0.1693960071         0.6727339029         0.5024168491E-01     0.1666044354         0.3950111866         0.7473486066         0.5336388946E-01
    0.2931227446         0.4400354624E-01     0.2705362439E-01     0.1224944592         0.7136770487         0.5918931961E-01     0.7349780798E-01     0.1664563775         0.6967552304         0.2840533257E-01
    0.2745935559         0.7755181789    

                         STEP LENGTH (VM)
     1.000000000         0.1000000000         0.2000000000          1.000000000         0.1000000000         0.2000000000          1.000000000         0.7499999860         0.1000000000         0.2000000000    
     1.000000000         0.1000000000         0.2000000000          1.000000000         0.2467399564         0.1000000000         0.2000000000          1.000000000         0.1000000000         0.2000000000    
     1.000000000          1.000000000         0.1000000000         0.2000000000          1.000000000         0.1000000000         0.2000000000          1.000000000          1.000000000         0.1000000000    
    0.2000000000          1.000000000         0.1000000000         0.2000000000          1.000000000          1.000000000         0.1000000000         0.2000000000          1.000000000         0.1000000000    
    0.2000000000          1.000000000    
 

 INTERMEDIATE RESULTS BEFORE NEXT TEMPERATURE REDUCTION

  CURRENT TEMPERATURE:              2.8125    
  MIN FUNCTION VALUE SO FAR:   0.751452088355855086E-01
  TOTAL MOVES:                    3360
     DOWNHILL:                    2412
     ACCEPTED UPHILL:              804
     REJECTED UPHILL:              144
  TRIALS OUT OF BOUNDS:           1683
  NEW MINIMA THIS TEMPERATURE:       0

                         CURRENT OPTIMAL X
    0.9578233957         0.8181506991E-01     0.1972611308         0.2950963378         0.8232551813E-02     0.2893464804         0.7895243764         0.8863033574         0.6141547561E-01     0.1732804298    
    0.8117740750         0.7527202964E-01     0.2792924047         0.9959716201         0.9627968777         0.8704879284E-01     0.2675547481         0.2513038516         0.2639881372E-01     0.2550909042    
    0.9037250280E-01     0.4030668736E-01     0.5258893967E-01     0.1693960071         0.6727339029         0.5024168491E-01     0.1666044354         0.3950111866         0.7473486066         0.5336388946E-01
    0.2931227446         0.4400354624E-01     0.2705362439E-01     0.1224944592         0.7136770487         0.5918931961E-01     0.7349780798E-01     0.1664563775         0.6967552304         0.2840533257E-01
    0.2745935559         0.7755181789    

                         STEP LENGTH (VM)
     1.000000000         0.1000000000         0.2000000000          1.000000000         0.1000000000         0.2000000000          1.000000000         0.8671873961         0.1000000000         0.2000000000    
     1.000000000         0.1000000000         0.2000000000          1.000000000         0.2213002291         0.1000000000         0.2000000000          1.000000000         0.1000000000         0.2000000000    
     1.000000000          1.000000000         0.1000000000         0.2000000000          1.000000000         0.1000000000         0.2000000000          1.000000000          1.000000000         0.1000000000    
    0.2000000000          1.000000000         0.1000000000         0.2000000000          1.000000000          1.000000000         0.1000000000         0.2000000000          1.000000000         0.1000000000    
    0.2000000000          1.000000000    
 

 INTERMEDIATE RESULTS BEFORE NEXT TEMPERATURE REDUCTION

  CURRENT TEMPERATURE:              2.1094    
  MIN FUNCTION VALUE SO FAR:   0.751452088355855086E-01
  TOTAL MOVES:                    3360
     DOWNHILL:                    2416
     ACCEPTED UPHILL:              812
     REJECTED UPHILL:              132
  TRIALS OUT OF BOUNDS:           1671
  NEW MINIMA THIS TEMPERATURE:       0

                         CURRENT OPTIMAL X
    0.9578233957         0.8181506991E-01     0.1972611308         0.2950963378         0.8232551813E-02     0.2893464804         0.7895243764         0.8863033574         0.6141547561E-01     0.1732804298    
    0.8117740750         0.7527202964E-01     0.2792924047         0.9959716201         0.9627968777         0.8704879284E-01     0.2675547481         0.2513038516         0.2639881372E-01     0.2550909042    
    0.9037250280E-01     0.4030668736E-01     0.5258893967E-01     0.1693960071         0.6727339029         0.5024168491E-01     0.1666044354         0.3950111866         0.7473486066         0.5336388946E-01
    0.2931227446         0.4400354624E-01     0.2705362439E-01     0.1224944592         0.7136770487         0.5918931961E-01     0.7349780798E-01     0.1664563775         0.6967552304         0.2840533257E-01
    0.2745935559         0.7755181789    

                         STEP LENGTH (VM)
     1.000000000         0.1000000000         0.2000000000          1.000000000         0.1000000000         0.2000000000          1.000000000          1.000000000         0.1000000000         0.2000000000    
     1.000000000         0.1000000000         0.2000000000          1.000000000         0.2213001998         0.1000000000         0.2000000000          1.000000000         0.1000000000         0.2000000000    
     1.000000000          1.000000000         0.1000000000         0.2000000000          1.000000000         0.1000000000         0.2000000000          1.000000000          1.000000000         0.1000000000    
    0.2000000000          1.000000000         0.1000000000         0.2000000000          1.000000000          1.000000000         0.1000000000         0.2000000000          1.000000000         0.1000000000    
    0.2000000000          1.000000000    
 

 INTERMEDIATE RESULTS BEFORE NEXT TEMPERATURE REDUCTION

  CURRENT TEMPERATURE:              1.5820    
  MIN FUNCTION VALUE SO FAR:   0.711415081616982858E-01
  TOTAL MOVES:                    3360
     DOWNHILL:                    2412
     ACCEPTED UPHILL:              833
     REJECTED UPHILL:              115
  TRIALS OUT OF BOUNDS:           1693
  NEW MINIMA THIS TEMPERATURE:       2

                         CURRENT OPTIMAL X
    0.8930013180         0.7295972109E-02     0.1722812295         0.4511004686E-01     0.6551383138E-01     0.1426904082         0.1812175512         0.6736804843         0.5182373524E-01     0.1284337640    
    0.2276126742         0.2013295889E-01     0.2685068965         0.5161231160         0.9966527390         0.4174285531E-01     0.2361371636         0.9079998732         0.9845685959E-02     0.1524818778    
    0.7638654113         0.3808677197E-01     0.1746065617E-01     0.1376381874         0.4355460405         0.6364637017E-01     0.1497891426         0.1209105253         0.6603999138         0.7513555288E-01
    0.2714360118         0.6879687309         0.3440978527E-01     0.1621233940         0.3728771210E-01     0.3317213058E-01     0.8631138206E-01     0.1936478972         0.3464829326         0.7346315980E-01
    0.2691046000         0.3186306953    

                         STEP LENGTH (VM)
     1.000000000         0.1000000000         0.2000000000          1.000000000         0.1000000000         0.2000000000          1.000000000          1.000000000         0.1000000000         0.2000000000    
     1.000000000         0.1000000000         0.2000000000          1.000000000         0.2489625830         0.1000000000         0.2000000000          1.000000000         0.1000000000         0.2000000000    
     1.000000000          1.000000000         0.1000000000         0.2000000000          1.000000000         0.1000000000         0.2000000000          1.000000000          1.000000000         0.1000000000    
    0.2000000000          1.000000000         0.1000000000         0.2000000000          1.000000000          1.000000000         0.1000000000         0.2000000000          1.000000000         0.1000000000    
    0.2000000000          1.000000000    
 

 INTERMEDIATE RESULTS BEFORE NEXT TEMPERATURE REDUCTION

  CURRENT TEMPERATURE:              1.1865    
  MIN FUNCTION VALUE SO FAR:   0.554879662246793304E-01
  TOTAL MOVES:                    3360
     DOWNHILL:                    2433
     ACCEPTED UPHILL:              773
     REJECTED UPHILL:              154
  TRIALS OUT OF BOUNDS:           1663
  NEW MINIMA THIS TEMPERATURE:       1

                         CURRENT OPTIMAL X
    0.8930013180         0.7134608030E-01     0.1214984417         0.3768247962         0.5008715987E-01     0.1884080768         0.2522778511E-01     0.6736804843         0.1797886491E-01     0.1495453477    
    0.2276126742         0.2013295889E-01     0.2685068965         0.5161231160         0.9966527390         0.4174285531E-01     0.2361371636         0.9079998732         0.9845685959E-02     0.1524818778    
    0.7638654113         0.3808677197E-01     0.1746065617E-01     0.1376381874         0.4355460405         0.6364637017E-01     0.1497891426         0.1209105253         0.6603999138         0.7513555288E-01
    0.2714360118         0.6879687309         0.3440978527E-01     0.1621233940         0.3728771210E-01     0.3317213058E-01     0.8631138206E-01     0.1936478972         0.3464829326         0.7346315980E-01
    0.2691046000         0.3186306953    

                         STEP LENGTH (VM)
     1.000000000         0.1000000000         0.2000000000          1.000000000         0.1000000000         0.2000000000          1.000000000         0.5714285015         0.1000000000         0.2000000000    
     1.000000000         0.1000000000         0.2000000000          1.000000000         0.2826060812         0.1000000000         0.2000000000          1.000000000         0.1000000000         0.2000000000    
     1.000000000          1.000000000         0.1000000000         0.2000000000          1.000000000         0.1000000000         0.2000000000          1.000000000          1.000000000         0.1000000000    
    0.2000000000          1.000000000         0.1000000000         0.2000000000          1.000000000          1.000000000         0.1000000000         0.2000000000          1.000000000         0.1000000000    
    0.2000000000          1.000000000    
 

 INTERMEDIATE RESULTS BEFORE NEXT TEMPERATURE REDUCTION

  CURRENT TEMPERATURE:             0.88989    
  MIN FUNCTION VALUE SO FAR:   0.554879662246793304E-01
  TOTAL MOVES:                    3360
     DOWNHILL:                    2383
     ACCEPTED UPHILL:              821
     REJECTED UPHILL:              156
  TRIALS OUT OF BOUNDS:           1676
  NEW MINIMA THIS TEMPERATURE:       0

                         CURRENT OPTIMAL X
    0.8930013180         0.7134608030E-01     0.1214984417         0.3768247962         0.5008715987E-01     0.1884080768         0.2522778511E-01     0.6736804843         0.1797886491E-01     0.1495453477    
    0.2276126742         0.2013295889E-01     0.2685068965         0.5161231160         0.9966527390         0.4174285531E-01     0.2361371636         0.9079998732         0.9845685959E-02     0.1524818778    
    0.7638654113         0.3808677197E-01     0.1746065617E-01     0.1376381874         0.4355460405         0.6364637017E-01     0.1497891426         0.1209105253         0.6603999138         0.7513555288E-01
    0.2714360118         0.6879687309         0.3440978527E-01     0.1621233940         0.3728771210E-01     0.3317213058E-01     0.8631138206E-01     0.1936478972         0.3464829326         0.7346315980E-01
    0.2691046000         0.3186306953    

                         STEP LENGTH (VM)
     1.000000000         0.1000000000         0.2000000000          1.000000000         0.1000000000         0.2000000000          1.000000000         0.5470084069         0.1000000000         0.2000000000    
     1.000000000         0.1000000000         0.2000000000          1.000000000         0.1297434245         0.1000000000         0.2000000000          1.000000000         0.1000000000         0.2000000000    
     1.000000000          1.000000000         0.1000000000         0.2000000000          1.000000000         0.1000000000         0.2000000000          1.000000000          1.000000000         0.1000000000    
    0.2000000000          1.000000000         0.1000000000         0.2000000000          1.000000000          1.000000000         0.1000000000         0.2000000000          1.000000000         0.1000000000    
    0.2000000000          1.000000000    
 

 INTERMEDIATE RESULTS BEFORE NEXT TEMPERATURE REDUCTION

  CURRENT TEMPERATURE:             0.66742    
  MIN FUNCTION VALUE SO FAR:   0.551154452848220400E-01
  TOTAL MOVES:                    3360
     DOWNHILL:                    2407
     ACCEPTED UPHILL:              793
     REJECTED UPHILL:              160
  TRIALS OUT OF BOUNDS:           1613
  NEW MINIMA THIS TEMPERATURE:       0

                         CURRENT OPTIMAL X
    0.9092081785         0.2976369858E-01     0.1214984417         0.3768247962         0.5008715987E-01     0.1884080768         0.2522778511E-01     0.6736804843         0.1797886491E-01     0.1495453477    
    0.2276126742         0.2013295889E-01     0.2685068965         0.5161231160         0.9966527390         0.4174285531E-01     0.2361371636         0.9079998732         0.9845685959E-02     0.1524818778    
    0.7638654113         0.3808677197E-01     0.1746065617E-01     0.1376381874         0.4355460405         0.6364637017E-01     0.1497891426         0.1209105253         0.6603999138         0.7513555288E-01
    0.2714360118         0.6879687309         0.3440978527E-01     0.1621233940         0.3728771210E-01     0.3317213058E-01     0.8631138206E-01     0.1936478972         0.3464829326         0.7346315980E-01
    0.2691046000         0.3186306953    

                         STEP LENGTH (VM)
     1.000000000         0.1000000000         0.2000000000          1.000000000         0.1000000000         0.2000000000          1.000000000         0.3163763891         0.1000000000         0.2000000000    
     1.000000000         0.1000000000         0.2000000000          1.000000000         0.2436470372         0.1000000000         0.2000000000          1.000000000         0.1000000000         0.2000000000    
     1.000000000          1.000000000         0.1000000000         0.2000000000          1.000000000         0.1000000000         0.2000000000          1.000000000          1.000000000         0.1000000000    
    0.2000000000          1.000000000         0.1000000000         0.2000000000          1.000000000          1.000000000         0.1000000000         0.2000000000          1.000000000         0.1000000000    
    0.2000000000          1.000000000    
 

 INTERMEDIATE RESULTS BEFORE NEXT TEMPERATURE REDUCTION

  CURRENT TEMPERATURE:             0.50056    
  MIN FUNCTION VALUE SO FAR:   0.551154452848220400E-01
  TOTAL MOVES:                    3360
     DOWNHILL:                    2412
     ACCEPTED UPHILL:              771
     REJECTED UPHILL:              177
  TRIALS OUT OF BOUNDS:           1623
  NEW MINIMA THIS TEMPERATURE:       0

                         CURRENT OPTIMAL X
    0.9092081785         0.2976369858E-01     0.1214984417         0.3768247962         0.5008715987E-01     0.1884080768         0.2522778511E-01     0.6736804843         0.1797886491E-01     0.1495453477    
    0.2276126742         0.2013295889E-01     0.2685068965         0.5161231160         0.9966527390         0.4174285531E-01     0.2361371636         0.9079998732         0.9845685959E-02     0.1524818778    
    0.7638654113         0.3808677197E-01     0.1746065617E-01     0.1376381874         0.4355460405         0.6364637017E-01     0.1497891426         0.1209105253         0.6603999138         0.7513555288E-01
    0.2714360118         0.6879687309         0.3440978527E-01     0.1621233940         0.3728771210E-01     0.3317213058E-01     0.8631138206E-01     0.1936478972         0.3464829326         0.7346315980E-01
    0.2691046000         0.3186306953    

                         STEP LENGTH (VM)
     1.000000000         0.1000000000         0.2000000000          1.000000000         0.1000000000         0.2000000000          1.000000000         0.3691056179         0.1000000000         0.2000000000    
     1.000000000         0.1000000000         0.2000000000          1.000000000         0.1512873222         0.1000000000         0.2000000000          1.000000000         0.1000000000         0.2000000000    
     1.000000000          1.000000000         0.1000000000         0.2000000000          1.000000000         0.1000000000         0.2000000000          1.000000000          1.000000000         0.1000000000    
    0.2000000000          1.000000000         0.1000000000         0.2000000000          1.000000000          1.000000000         0.1000000000         0.2000000000          1.000000000         0.1000000000    
    0.2000000000          1.000000000    
 

 INTERMEDIATE RESULTS BEFORE NEXT TEMPERATURE REDUCTION

  CURRENT TEMPERATURE:             0.37542    
  MIN FUNCTION VALUE SO FAR:   0.551154452848220400E-01
  TOTAL MOVES:                    3360
     DOWNHILL:                    2396
     ACCEPTED UPHILL:              762
     REJECTED UPHILL:              202
  TRIALS OUT OF BOUNDS:           1617
  NEW MINIMA THIS TEMPERATURE:       0

                         CURRENT OPTIMAL X
    0.9092081785         0.2976369858E-01     0.1214984417         0.3768247962         0.5008715987E-01     0.1884080768         0.2522778511E-01     0.6736804843         0.1797886491E-01     0.1495453477    
    0.2276126742         0.2013295889E-01     0.2685068965         0.5161231160         0.9966527390         0.4174285531E-01     0.2361371636         0.9079998732         0.9845685959E-02     0.1524818778    
    0.7638654113         0.3808677197E-01     0.1746065617E-01     0.1376381874         0.4355460405         0.6364637017E-01     0.1497891426         0.1209105253         0.6603999138         0.7513555288E-01
    0.2714360118         0.6879687309         0.3440978527E-01     0.1621233940         0.3728771210E-01     0.3317213058E-01     0.8631138206E-01     0.1936478972         0.3464829326         0.7346315980E-01
    0.2691046000         0.3186306953    

                         STEP LENGTH (VM)
     1.000000000         0.1000000000         0.2000000000          1.000000000         0.1000000000         0.2000000000          1.000000000         0.8357740570         0.1000000000         0.2000000000    
     1.000000000         0.1000000000         0.2000000000          1.000000000         0.1077035060         0.1000000000         0.2000000000          1.000000000         0.1000000000         0.2000000000    
     1.000000000          1.000000000         0.1000000000         0.2000000000          1.000000000         0.1000000000         0.2000000000          1.000000000         0.9999998882         0.1000000000    
    0.2000000000          1.000000000         0.1000000000         0.2000000000          1.000000000          1.000000000         0.1000000000         0.2000000000          1.000000000         0.1000000000    
    0.2000000000          1.000000000    
 

 INTERMEDIATE RESULTS BEFORE NEXT TEMPERATURE REDUCTION

  CURRENT TEMPERATURE:             0.28157    
  MIN FUNCTION VALUE SO FAR:   0.532265623334039484E-01
  TOTAL MOVES:                    3360
     DOWNHILL:                    2390
     ACCEPTED UPHILL:              765
     REJECTED UPHILL:              205
  TRIALS OUT OF BOUNDS:           1576
  NEW MINIMA THIS TEMPERATURE:       0

                         CURRENT OPTIMAL X
    0.9092081785         0.8926880360E-02     0.1684782505         0.7084959745E-01     0.5008715987E-01     0.1884080768         0.2522778511E-01     0.6736804843         0.1797886491E-01     0.1495453477    
    0.2276126742         0.2013295889E-01     0.2685068965         0.5161231160         0.9966527390         0.4174285531E-01     0.2361371636         0.9079998732         0.9845685959E-02     0.1524818778    
    0.7638654113         0.3808677197E-01     0.1746065617E-01     0.1376381874         0.4355460405         0.6364637017E-01     0.1497891426         0.1209105253         0.6603999138         0.7513555288E-01
    0.2714360118         0.6879687309         0.3440978527E-01     0.1621233940         0.3728771210E-01     0.3317213058E-01     0.8631138206E-01     0.1936478972         0.3464829326         0.7346315980E-01
    0.2691046000         0.3186306953    

                         STEP LENGTH (VM)
     1.000000000         0.1000000000         0.2000000000          1.000000000         0.1000000000         0.2000000000          1.000000000         0.3049444301         0.1000000000         0.2000000000    
     1.000000000         0.1000000000         0.2000000000          1.000000000         0.7647024173E-01     0.1000000000         0.2000000000          1.000000000         0.1000000000         0.2000000000    
     1.000000000          1.000000000         0.1000000000         0.2000000000          1.000000000         0.1000000000         0.2000000000          1.000000000          1.000000000         0.1000000000    
    0.2000000000          1.000000000         0.1000000000         0.2000000000          1.000000000          1.000000000         0.1000000000         0.2000000000          1.000000000         0.1000000000    
    0.2000000000          1.000000000    
 

 INTERMEDIATE RESULTS BEFORE NEXT TEMPERATURE REDUCTION

  CURRENT TEMPERATURE:             0.21118    
  MIN FUNCTION VALUE SO FAR:   0.527384016011028800E-01
  TOTAL MOVES:                    3360
     DOWNHILL:                    2384
     ACCEPTED UPHILL:              739
     REJECTED UPHILL:              237
  TRIALS OUT OF BOUNDS:           1634
  NEW MINIMA THIS TEMPERATURE:       0

                         CURRENT OPTIMAL X
    0.9092081785         0.1229058504E-01     0.1667620182         0.7084959745E-01     0.5008715987E-01     0.1884080768         0.2522778511E-01     0.6736804843         0.1797886491E-01     0.1495453477    
    0.2276126742         0.2013295889E-01     0.2685068965         0.5161231160         0.9966527390         0.4174285531E-01     0.2361371636         0.9079998732         0.9845685959E-02     0.1524818778    
    0.7638654113         0.3808677197E-01     0.1746065617E-01     0.1376381874         0.4355460405         0.6364637017E-01     0.1497891426         0.1209105253         0.6603999138         0.7513555288E-01
    0.2714360118         0.6879687309         0.3440978527E-01     0.1621233940         0.3728771210E-01     0.3317213058E-01     0.8631138206E-01     0.1936478972         0.3464829326         0.7346315980E-01
    0.2691046000         0.3186306953    

                         STEP LENGTH (VM)
     1.000000000         0.1000000000         0.2000000000          1.000000000         0.1000000000         0.2000000000          1.000000000         0.1772795350         0.1000000000         0.2000000000    
     1.000000000         0.1000000000         0.2000000000          1.000000000         0.5364222684E-01     0.1000000000         0.2000000000          1.000000000         0.1000000000         0.2000000000    
     1.000000000         0.9999998675         0.1000000000         0.2000000000          1.000000000         0.1000000000         0.2000000000          1.000000000         0.5125123547         0.1000000000    
    0.2000000000          1.000000000         0.1000000000         0.2000000000          1.000000000          1.000000000         0.1000000000         0.2000000000          1.000000000         0.1000000000    
    0.2000000000          1.000000000    
 

 INTERMEDIATE RESULTS BEFORE NEXT TEMPERATURE REDUCTION

  CURRENT TEMPERATURE:             0.15838    
  MIN FUNCTION VALUE SO FAR:   0.465443521521143877E-01
  TOTAL MOVES:                    3360
     DOWNHILL:                    2391
     ACCEPTED UPHILL:              738
     REJECTED UPHILL:              231
  TRIALS OUT OF BOUNDS:           1611
  NEW MINIMA THIS TEMPERATURE:       0

                         CURRENT OPTIMAL X
    0.9092081785         0.7311959267E-01     0.2102717638         0.1877037287         0.5552481413E-01     0.1819712877         0.2343525887         0.7213920410         0.7955342531E-02     0.1121544838    
    0.1257666945         0.5711624622E-01     0.2887133241         0.8273958564         0.9966527390         0.7017216086E-01     0.1313440919         0.9592010975         0.6039072275E-01     0.1616848946    
    0.7516997457         0.3808677197E-01     0.8943378925E-01     0.1185149550         0.3391835690         0.5758721232E-01     0.2565077066         0.2220112681         0.6603999138         0.1546031237E-01
    0.1599278092         0.9322060347         0.3066077232E-01     0.2825081468         0.2846062183E-01     0.3317213058E-01     0.9917956591E-02     0.2728543401         0.4566951394         0.1771250367E-01
    0.1618375540         0.1256647110    

                         STEP LENGTH (VM)
     1.000000000         0.1000000000         0.2000000000          1.000000000         0.1000000000         0.2000000000          1.000000000         0.3765223732         0.1000000000         0.2000000000    
     1.000000000         0.1000000000         0.2000000000          1.000000000         0.6977678237E-01     0.1000000000         0.2000000000          1.000000000         0.1000000000         0.2000000000    
     1.000000000          1.000000000         0.1000000000         0.2000000000          1.000000000         0.1000000000         0.2000000000          1.000000000         0.3230485941         0.1000000000    
    0.2000000000          1.000000000         0.1000000000         0.2000000000          1.000000000          1.000000000         0.1000000000         0.2000000000          1.000000000         0.1000000000    
    0.2000000000          1.000000000    
 

 INTERMEDIATE RESULTS BEFORE NEXT TEMPERATURE REDUCTION

  CURRENT TEMPERATURE:             0.11879    
  MIN FUNCTION VALUE SO FAR:   0.465443521521143877E-01
  TOTAL MOVES:                    3360
     DOWNHILL:                    2348
     ACCEPTED UPHILL:              755
     REJECTED UPHILL:              257
  TRIALS OUT OF BOUNDS:           1647
  NEW MINIMA THIS TEMPERATURE:       0

                         CURRENT OPTIMAL X
    0.9092081785         0.7311959267E-01     0.2102717638         0.1877037287         0.5552481413E-01     0.1819712877         0.2343525887         0.7213920410         0.7955342531E-02     0.1121544838    
    0.1257666945         0.5711624622E-01     0.2887133241         0.8273958564         0.9966527390         0.7017216086E-01     0.1313440919         0.9592010975         0.6039072275E-01     0.1616848946    
    0.7516997457         0.3808677197E-01     0.8943378925E-01     0.1185149550         0.3391835690         0.5758721232E-01     0.2565077066         0.2220112681         0.6603999138         0.1546031237E-01
    0.1599278092         0.9322060347         0.3066077232E-01     0.2825081468         0.2846062183E-01     0.3317213058E-01     0.9917956591E-02     0.2728543401         0.4566951394         0.1771250367E-01
    0.1618375540         0.1256647110    

                         STEP LENGTH (VM)
    0.8888888668         0.1000000000         0.2000000000          1.000000000         0.1000000000         0.2000000000          1.000000000         0.2182709218         0.1000000000         0.2000000000    
     1.000000000         0.1000000000         0.2000000000          1.000000000         0.5408633167E-01     0.1000000000         0.2000000000          1.000000000         0.1000000000         0.2000000000    
     1.000000000         0.3461537919         0.1000000000         0.2000000000          1.000000000         0.1000000000         0.2000000000          1.000000000         0.1582278477         0.1000000000    
    0.2000000000          1.000000000         0.1000000000         0.2000000000          1.000000000          1.000000000         0.1000000000         0.2000000000          1.000000000         0.1000000000    
    0.2000000000          1.000000000    
 

 INTERMEDIATE RESULTS BEFORE NEXT TEMPERATURE REDUCTION

  CURRENT TEMPERATURE:             0.89090E-01
  MIN FUNCTION VALUE SO FAR:   0.465419960447795988E-01
  TOTAL MOVES:                    3360
     DOWNHILL:                    2348
     ACCEPTED UPHILL:              730
     REJECTED UPHILL:              282
  TRIALS OUT OF BOUNDS:           1508
  NEW MINIMA THIS TEMPERATURE:       0

                         CURRENT OPTIMAL X
    0.9092081785         0.5868733525E-01     0.1654511213         0.1877037287         0.5552481413E-01     0.1819712877         0.2343525887         0.7213920410         0.7955342531E-02     0.1121544838    
    0.1257666945         0.5711624622E-01     0.2887133241         0.8273958564         0.9966527390         0.7017216086E-01     0.1313440919         0.9592010975         0.6039072275E-01     0.1616848946    
    0.7516997457         0.3808677197E-01     0.8943378925E-01     0.1185149550         0.3391835690         0.5758721232E-01     0.2565077066         0.2220112681         0.6603999138         0.1546031237E-01
    0.1599278092         0.9322060347         0.3066077232E-01     0.2825081468         0.2846062183E-01     0.3317213058E-01     0.9917956591E-02     0.2728543401         0.4566951394         0.1771250367E-01
    0.1618375540         0.1256647110    

                         STEP LENGTH (VM)
     1.000000000         0.1000000000         0.2000000000          1.000000000         0.1000000000         0.2000000000          1.000000000         0.2299478557         0.1000000000         0.2000000000    
     1.000000000         0.1000000000         0.2000000000          1.000000000         0.2968078766E-01     0.1000000000         0.2000000000          1.000000000         0.1000000000         0.2000000000    
     1.000000000         0.4207447674         0.1000000000         0.2000000000          1.000000000         0.1000000000         0.2000000000          1.000000000         0.2652323240         0.1000000000    
    0.2000000000          1.000000000         0.1000000000         0.2000000000          1.000000000         0.7110185609         0.1000000000         0.2000000000          1.000000000         0.1000000000    
    0.2000000000          1.000000000    
 

 INTERMEDIATE RESULTS BEFORE NEXT TEMPERATURE REDUCTION

  CURRENT TEMPERATURE:             0.66817E-01
  MIN FUNCTION VALUE SO FAR:   0.465419960447795988E-01
  TOTAL MOVES:                    3360
     DOWNHILL:                    2375
     ACCEPTED UPHILL:              718
     REJECTED UPHILL:              267
  TRIALS OUT OF BOUNDS:           1597
  NEW MINIMA THIS TEMPERATURE:       0

                         CURRENT OPTIMAL X
    0.9092081785         0.5868733525E-01     0.1654511213         0.1877037287         0.5552481413E-01     0.1819712877         0.2343525887         0.7213920410         0.7955342531E-02     0.1121544838    
    0.1257666945         0.5711624622E-01     0.2887133241         0.8273958564         0.9966527390         0.7017216086E-01     0.1313440919         0.9592010975         0.6039072275E-01     0.1616848946    
    0.7516997457         0.3808677197E-01     0.8943378925E-01     0.1185149550         0.3391835690         0.5758721232E-01     0.2565077066         0.2220112681         0.6603999138         0.1546031237E-01
    0.1599278092         0.9322060347         0.3066077232E-01     0.2825081468         0.2846062183E-01     0.3317213058E-01     0.9917956591E-02     0.2728543401         0.4566951394         0.1771250367E-01
    0.1618375540         0.1256647110    

                         STEP LENGTH (VM)
    0.6666666377         0.1000000000         0.2000000000          1.000000000         0.1000000000         0.2000000000          1.000000000         0.8420779277E-01     0.1000000000         0.2000000000    
     1.000000000         0.1000000000         0.2000000000          1.000000000         0.2794218462E-01     0.1000000000         0.2000000000          1.000000000         0.1000000000         0.2000000000    
     1.000000000         0.2686510532         0.1000000000         0.2000000000          1.000000000         0.1000000000         0.2000000000          1.000000000         0.1590577203         0.1000000000    
    0.2000000000          1.000000000         0.1000000000         0.2000000000          1.000000000         0.5714285653         0.1000000000         0.2000000000          1.000000000         0.1000000000    
    0.2000000000          1.000000000    
 

 INTERMEDIATE RESULTS BEFORE NEXT TEMPERATURE REDUCTION

  CURRENT TEMPERATURE:             0.50113E-01
  MIN FUNCTION VALUE SO FAR:   0.465419960447795988E-01
  TOTAL MOVES:                    3360
     DOWNHILL:                    2334
     ACCEPTED UPHILL:              704
     REJECTED UPHILL:              322
  TRIALS OUT OF BOUNDS:           1484
  NEW MINIMA THIS TEMPERATURE:       0

                         CURRENT OPTIMAL X
    0.9092081785         0.5868733525E-01     0.1654511213         0.1877037287         0.5552481413E-01     0.1819712877         0.2343525887         0.7213920410         0.7955342531E-02     0.1121544838    
    0.1257666945         0.5711624622E-01     0.2887133241         0.8273958564         0.9966527390         0.7017216086E-01     0.1313440919         0.9592010975         0.6039072275E-01     0.1616848946    
    0.7516997457         0.3808677197E-01     0.8943378925E-01     0.1185149550         0.3391835690         0.5758721232E-01     0.2565077066         0.2220112681         0.6603999138         0.1546031237E-01
    0.1599278092         0.9322060347         0.3066077232E-01     0.2825081468         0.2846062183E-01     0.3317213058E-01     0.9917956591E-02     0.2728543401         0.4566951394         0.1771250367E-01
    0.1618375540         0.1256647110    

                         STEP LENGTH (VM)
    0.5714285653         0.1000000000         0.2000000000          1.000000000         0.1000000000         0.2000000000          1.000000000         0.1112745359         0.1000000000         0.2000000000    
     1.000000000         0.1000000000         0.2000000000          1.000000000         0.2496960481E-01     0.1000000000         0.2000000000          1.000000000         0.1000000000         0.2000000000    
     1.000000000         0.4012205887         0.1000000000         0.2000000000          1.000000000         0.1000000000         0.2000000000          1.000000000         0.1086920695         0.1000000000    
    0.2000000000          1.000000000         0.1000000000         0.2000000000          1.000000000         0.1164746235         0.1000000000         0.2000000000          1.000000000         0.1000000000    
    0.2000000000          1.000000000    
 

 INTERMEDIATE RESULTS BEFORE NEXT TEMPERATURE REDUCTION

  CURRENT TEMPERATURE:             0.37585E-01
  MIN FUNCTION VALUE SO FAR:   0.393639322398512403E-01
  TOTAL MOVES:                    3360
     DOWNHILL:                    2373
     ACCEPTED UPHILL:              700
     REJECTED UPHILL:              287
  TRIALS OUT OF BOUNDS:           1494
  NEW MINIMA THIS TEMPERATURE:       2

                         CURRENT OPTIMAL X
    0.9993643921         0.3336376548E-01     0.1359820008         0.6706207991E-01     0.3836492896E-01     0.1484476805         0.4553968906         0.7537764946         0.1534152031E-02     0.1095059037    
    0.1905136704         0.7290528417E-01     0.2473696232         0.8064420819         0.9999202021         0.8703526258E-01     0.2159592628         0.3934346437         0.4318856001E-01     0.1345495343    
    0.5199235082         0.4281401634E-03     0.9448826313E-02     0.1400283575         0.6527068019         0.5276523232E-01     0.1005258679         0.7806444764         0.6736355182         0.8071134686E-01
    0.1767341256         0.2745146751         0.1700281501E-01     0.2802733898         0.6463225484         0.9014517069E-01     0.5452049375E-01     0.2649246693         0.1577974558         0.9028876424E-01
    0.1045998216         0.5721570849    

                         STEP LENGTH (VM)
    0.4778376958         0.1000000000         0.2000000000          1.000000000         0.1000000000         0.2000000000          1.000000000         0.2349128355         0.1000000000         0.2000000000    
     1.000000000         0.1000000000         0.2000000000          1.000000000         0.1926629740E-01     0.1000000000         0.2000000000          1.000000000         0.1000000000         0.2000000000    
     1.000000000         0.4925332593         0.1000000000         0.2000000000          1.000000000         0.1000000000         0.2000000000          1.000000000         0.1630379962         0.1000000000    
    0.2000000000          1.000000000         0.1000000000         0.2000000000          1.000000000         0.1538004040         0.1000000000         0.2000000000          1.000000000         0.1000000000    
    0.2000000000          1.000000000    
 

 INTERMEDIATE RESULTS BEFORE NEXT TEMPERATURE REDUCTION

  CURRENT TEMPERATURE:             0.28189E-01
  MIN FUNCTION VALUE SO FAR:   0.209756557640368158E-01
  TOTAL MOVES:                    3360
     DOWNHILL:                    2381
     ACCEPTED UPHILL:              695
     REJECTED UPHILL:              284
  TRIALS OUT OF BOUNDS:           1528
  NEW MINIMA THIS TEMPERATURE:       1

                         CURRENT OPTIMAL X
    0.9993643921         0.2290463448E-01     0.2123154283         0.5427075624         0.6623675227E-01     0.1141249657         0.2208799124         0.6908192930         0.7454158664E-01     0.2130454063    
    0.3059889674         0.4717076421E-01     0.2480795383         0.1174856424         0.9999202021         0.8525536060E-01     0.1678014040         0.8312920332         0.1008188725E-01     0.2255309224    
    0.9861568213         0.4281401634E-03     0.9448826313E-02     0.1206512451         0.9268063307E-01     0.7358928323E-01     0.1880587578         0.8798986673         0.7497015160         0.4539673924E-01
    0.1391481757         0.6314837933E-01     0.3379777074E-01     0.1885192633         0.1821199656         0.5978462988E-02     0.5452049375E-01     0.2649246693         0.1577974558         0.9028876424E-01
    0.1045998216         0.5721570849    

                         STEP LENGTH (VM)
     1.000000000         0.1000000000         0.2000000000          1.000000000         0.1000000000         0.2000000000          1.000000000         0.1349498529         0.1000000000         0.2000000000    
     1.000000000         0.1000000000         0.2000000000          1.000000000         0.2654238770E-01     0.1000000000         0.2000000000          1.000000000         0.1000000000         0.2000000000    
     1.000000000         0.1414419089         0.1000000000         0.2000000000          1.000000000         0.1000000000         0.2000000000          1.000000000         0.1641884013         0.1000000000    
    0.2000000000          1.000000000         0.1000000000         0.2000000000          1.000000000         0.3388413848         0.1000000000         0.2000000000          1.000000000         0.1000000000    
    0.2000000000          1.000000000    
 

 INTERMEDIATE RESULTS BEFORE NEXT TEMPERATURE REDUCTION

  CURRENT TEMPERATURE:             0.21141E-01
  MIN FUNCTION VALUE SO FAR:   0.199142224335913109E-01
  TOTAL MOVES:                    3360
     DOWNHILL:                    2347
     ACCEPTED UPHILL:              667
     REJECTED UPHILL:              346
  TRIALS OUT OF BOUNDS:           1502
  NEW MINIMA THIS TEMPERATURE:       4

                         CURRENT OPTIMAL X
    0.9993643921         0.2793657780E-02     0.2550653815         0.8995170593         0.4857220650E-01     0.1917425036         0.2974736691         0.6908192930         0.7454158664E-01     0.1895043492    
    0.3017197251         0.2316111326E-01     0.1656866074         0.5675626397         0.9999202021         0.6207084656E-01     0.1599522352         0.5628669262E-01     0.4632633924E-01     0.2558554530    
    0.4847573042         0.4281401634E-03     0.1773853302E-01     0.2786700249         0.7093225121         0.8411646485E-01     0.2345783591         0.2036100030         0.7497015160         0.8610934615E-01
    0.2872181535         0.4466327429         0.7276774049E-01     0.1098447323         0.3220024109         0.5978462988E-02     0.8844627738E-01     0.2258622169         0.5463564396         0.8957135081E-01
    0.1070847392         0.8472429514    

                         STEP LENGTH (VM)
    0.1149698336         0.1000000000         0.2000000000          1.000000000         0.1000000000         0.2000000000          1.000000000         0.4240649028E-01     0.1000000000         0.2000000000    
     1.000000000         0.1000000000         0.2000000000          1.000000000         0.1420667001E-01     0.1000000000         0.2000000000          1.000000000         0.1000000000         0.2000000000    
     1.000000000         0.1383270572         0.1000000000         0.2000000000          1.000000000         0.1000000000         0.2000000000          1.000000000         0.4495170805E-01     0.1000000000    
    0.2000000000          1.000000000         0.1000000000         0.2000000000          1.000000000         0.5016967976E-01     0.1000000000         0.2000000000          1.000000000         0.1000000000    
    0.2000000000          1.000000000    
 

 INTERMEDIATE RESULTS BEFORE NEXT TEMPERATURE REDUCTION

  CURRENT TEMPERATURE:             0.15856E-01
  MIN FUNCTION VALUE SO FAR:   0.197407003409765247E-01
  TOTAL MOVES:                    3360
     DOWNHILL:                    2328
     ACCEPTED UPHILL:              727
     REJECTED UPHILL:              305
  TRIALS OUT OF BOUNDS:           1488
  NEW MINIMA THIS TEMPERATURE:       2

                         CURRENT OPTIMAL X
    0.9993643921         0.3604220152E-01     0.2241068602         0.5872812271         0.3116002083E-01     0.1175831318         0.7848818302         0.6908192930         0.6936704516E-01     0.1336358428    
    0.9670116305         0.5670124292E-01     0.1736088037         0.1038399339         0.9999202021         0.6207084656E-01     0.2910205364         0.2320643663         0.4632633924E-01     0.2558554530    
    0.4847573042         0.4281401634E-03     0.1773853302E-01     0.2786700249         0.7093225121         0.8411646485E-01     0.2345783591         0.2036100030         0.7497015160         0.8610934615E-01
    0.2872181535         0.4466327429         0.7276774049E-01     0.1098447323         0.3220024109         0.5978462988E-02     0.8844627738E-01     0.2258622169         0.5463564396         0.8957135081E-01
    0.1070847392         0.8472429514    

                         STEP LENGTH (VM)
    0.1740083023         0.1000000000         0.2000000000          1.000000000         0.1000000000         0.2000000000          1.000000000         0.2423227398E-01     0.1000000000         0.2000000000    
     1.000000000         0.1000000000         0.2000000000          1.000000000         0.9747566065E-02     0.1000000000         0.2000000000          1.000000000         0.1000000000         0.2000000000    
     1.000000000         0.4759637862E-01     0.1000000000         0.2000000000          1.000000000         0.1000000000         0.2000000000          1.000000000         0.3278527355E-01     0.1000000000    
    0.2000000000          1.000000000         0.1000000000         0.2000000000          1.000000000         0.4087698128E-01     0.1000000000         0.2000000000          1.000000000         0.1000000000    
    0.2000000000          1.000000000    
 

 INTERMEDIATE RESULTS BEFORE NEXT TEMPERATURE REDUCTION

  CURRENT TEMPERATURE:             0.11892E-01
  MIN FUNCTION VALUE SO FAR:   0.196871146564776556E-01
  TOTAL MOVES:                    3360
     DOWNHILL:                    2320
     ACCEPTED UPHILL:              649
     REJECTED UPHILL:              391
  TRIALS OUT OF BOUNDS:           1567
  NEW MINIMA THIS TEMPERATURE:       0

                         CURRENT OPTIMAL X
    0.9993643921         0.4708834887E-01     0.2523455381         0.7274105549         0.4278283119E-01     0.2565592885         0.2143409848         0.6908192930         0.3324680924E-01     0.2253769517    
    0.1707005501E-01     0.2081642747E-01     0.1596901059         0.5565208793         0.9999202021         0.6207084656E-01     0.2811501026         0.8370099068         0.1909607649E-01     0.1353817344    
    0.1756338477         0.4281401634E-03     0.6567833424E-01     0.1752750635         0.1573734283         0.4675481915E-01     0.1949705243         0.1622366309         0.7497015160         0.9609254003E-01
    0.2212124467         0.8647242785         0.6520938873E-02     0.2341329575         0.8176083565         0.5978462988E-02     0.8844627738E-01     0.1550948858         0.4094901085         0.4508332610E-01
    0.2071611524         0.9763718843    

                         STEP LENGTH (VM)
    0.8137833599E-01     0.1000000000         0.2000000000          1.000000000         0.1000000000         0.2000000000          1.000000000         0.1507275974E-01     0.1000000000         0.2000000000    
     1.000000000         0.1000000000         0.2000000000          1.000000000         0.5627052545E-02     0.1000000000         0.2000000000          1.000000000         0.1000000000         0.2000000000    
     1.000000000         0.4882311194E-01     0.1000000000         0.2000000000          1.000000000         0.1000000000         0.2000000000          1.000000000         0.1511746244E-01     0.1000000000    
    0.2000000000          1.000000000         0.1000000000         0.2000000000          1.000000000         0.1363157070E-01     0.1000000000         0.2000000000          1.000000000         0.1000000000    
    0.2000000000          1.000000000    
 

 INTERMEDIATE RESULTS BEFORE NEXT TEMPERATURE REDUCTION

  CURRENT TEMPERATURE:             0.89190E-02
  MIN FUNCTION VALUE SO FAR:   0.194183198277144697E-01
  TOTAL MOVES:                    3360
     DOWNHILL:                    2363
     ACCEPTED UPHILL:              627
     REJECTED UPHILL:              370
  TRIALS OUT OF BOUNDS:           1512
  NEW MINIMA THIS TEMPERATURE:       0

                         CURRENT OPTIMAL X
    0.9993643921         0.3538644314E-01     0.2454281092         0.8347861767         0.5594193935E-02     0.1927559733         0.7651898265         0.6908192930         0.3324680924E-01     0.2514588237    
    0.1707005501E-01     0.2081642747E-01     0.1596901059         0.5565208793         0.9999202021         0.6207084656E-01     0.2811501026         0.8370099068         0.1909607649E-01     0.1353817344    
    0.1756338477         0.4281401634E-03     0.6567833424E-01     0.1752750635         0.1573734283         0.4675481915E-01     0.1949705243         0.1622366309         0.7497015160         0.9609254003E-01
    0.2212124467         0.8647242785         0.6520938873E-02     0.2341329575         0.8176083565         0.5978462988E-02     0.8844627738E-01     0.1550948858         0.4094901085         0.4508332610E-01
    0.2071611524         0.9763718843    

                         STEP LENGTH (VM)
    0.8455448036E-01     0.1000000000         0.2000000000          1.000000000         0.1000000000         0.2000000000          1.000000000         0.1520854717E-01     0.1000000000         0.2000000000    
     1.000000000         0.1000000000         0.2000000000          1.000000000         0.2554122472E-02     0.1000000000         0.2000000000          1.000000000         0.1000000000         0.2000000000    
     1.000000000         0.2339774417E-01     0.1000000000         0.2000000000          1.000000000         0.1000000000         0.2000000000          1.000000000         0.1127810334E-01     0.1000000000    
    0.2000000000          1.000000000         0.1000000000         0.2000000000          1.000000000         0.1884858321E-01     0.1000000000         0.2000000000          1.000000000         0.1000000000    
    0.2000000000          1.000000000    
 

 INTERMEDIATE RESULTS BEFORE NEXT TEMPERATURE REDUCTION

  CURRENT TEMPERATURE:             0.66893E-02
  MIN FUNCTION VALUE SO FAR:   0.194183198277144697E-01
  TOTAL MOVES:                    3360
     DOWNHILL:                    2316
     ACCEPTED UPHILL:              640
     REJECTED UPHILL:              404
  TRIALS OUT OF BOUNDS:           1495
  NEW MINIMA THIS TEMPERATURE:       0

                         CURRENT OPTIMAL X
    0.9993643921         0.3538644314E-01     0.2454281092         0.8347861767         0.5594193935E-02     0.1927559733         0.7651898265         0.6908192930         0.3324680924E-01     0.2514588237    
    0.1707005501E-01     0.2081642747E-01     0.1596901059         0.5565208793         0.9999202021         0.6207084656E-01     0.2811501026         0.8370099068         0.1909607649E-01     0.1353817344    
    0.1756338477         0.4281401634E-03     0.6567833424E-01     0.1752750635         0.1573734283         0.4675481915E-01     0.1949705243         0.1622366309         0.7497015160         0.9609254003E-01
    0.2212124467         0.8647242785         0.6520938873E-02     0.2341329575         0.8176083565         0.5978462988E-02     0.8844627738E-01     0.1550948858         0.4094901085         0.4508332610E-01
    0.2071611524         0.9763718843    

                         STEP LENGTH (VM)
    0.8455443895E-01     0.1000000000         0.2000000000          1.000000000         0.1000000000         0.2000000000          1.000000000         0.1229030665E-01     0.1000000000         0.2000000000    
     1.000000000         0.1000000000         0.2000000000          1.000000000         0.3313454721E-02     0.1000000000         0.2000000000          1.000000000         0.1000000000         0.2000000000    
     1.000000000         0.3014871276E-01     0.1000000000         0.2000000000          1.000000000         0.1000000000         0.2000000000          1.000000000         0.2101976571E-01     0.1000000000    
    0.2000000000          1.000000000         0.1000000000         0.2000000000          1.000000000         0.9169574469E-02     0.1000000000         0.2000000000          1.000000000         0.1000000000    
    0.2000000000          1.000000000    
 

 INTERMEDIATE RESULTS BEFORE NEXT TEMPERATURE REDUCTION

  CURRENT TEMPERATURE:             0.50170E-02
  MIN FUNCTION VALUE SO FAR:   0.194135843337377434E-01
  TOTAL MOVES:                    3360
     DOWNHILL:                    2391
     ACCEPTED UPHILL:              599
     REJECTED UPHILL:              370
  TRIALS OUT OF BOUNDS:           1441
  NEW MINIMA THIS TEMPERATURE:       0

                         CURRENT OPTIMAL X
    0.9993643921         0.4431404471E-01     0.1437588096         0.8347861767         0.5594193935E-02     0.1927559733         0.7651898265         0.6908192930         0.3324680924E-01     0.2514588237    
    0.1707005501E-01     0.2081642747E-01     0.1596901059         0.5565208793         0.9999202021         0.6207084656E-01     0.2811501026         0.8370099068         0.1909607649E-01     0.1353817344    
    0.1756338477         0.4281401634E-03     0.6567833424E-01     0.1752750635         0.1573734283         0.4675481915E-01     0.1949705243         0.1622366309         0.7497015160         0.9609254003E-01
    0.2212124467         0.8647242785         0.6520938873E-02     0.2341329575         0.8176083565         0.5978462988E-02     0.8844627738E-01     0.1550948858         0.4094901085         0.4508332610E-01
    0.2071611524         0.9763718843    

                         STEP LENGTH (VM)
    0.4807326749E-01     0.1000000000         0.2000000000          1.000000000         0.1000000000         0.2000000000          1.000000000         0.8703343663E-02     0.1000000000         0.2000000000    
     1.000000000         0.1000000000         0.2000000000          1.000000000         0.3429523768E-02     0.1000000000         0.2000000000          1.000000000         0.1000000000         0.2000000000    
     1.000000000         0.9641809126E-02     0.1000000000         0.2000000000          1.000000000         0.1000000000         0.2000000000          1.000000000         0.7654419542E-02     0.1000000000    
    0.2000000000          1.000000000         0.1000000000         0.2000000000          1.000000000         0.1069783061E-01     0.9999997709E-01     0.2000000000          1.000000000         0.1000000000    
    0.2000000000          1.000000000    
 

 INTERMEDIATE RESULTS BEFORE NEXT TEMPERATURE REDUCTION

  CURRENT TEMPERATURE:             0.37627E-02
  MIN FUNCTION VALUE SO FAR:   0.187615019620935852E-01
  TOTAL MOVES:                    3360
     DOWNHILL:                    2365
     ACCEPTED UPHILL:              541
     REJECTED UPHILL:              454
  TRIALS OUT OF BOUNDS:           1536
  NEW MINIMA THIS TEMPERATURE:       1

                         CURRENT OPTIMAL X
    0.9993581882         0.6940572262E-01     0.1300464511         0.3984941840         0.6085410714E-01     0.2222224832         0.6701568365         0.7216844822         0.1466676988E-01     0.1253376553    
    0.3286123570         0.1089973450E-01     0.2395635009         0.5549464226         0.9989070703         0.5949836969E-01     0.2586065650         0.9150692821         0.4103409648E-01     0.2837605119    
    0.1394735575         0.6923437119E-02     0.4460275769E-01     0.2738283038         0.9306413531         0.8690170050E-01     0.2727589369         0.3296476007         0.7584470299         0.6856878400E-01
    0.2218214989         0.5597776771         0.7849264145E-01     0.1785847187         0.8110885620         0.2988543519E-02     0.6775355935E-01     0.2025927544         0.5472619534         0.3724789619E-02
    0.2848229527         0.7477259636    

                         STEP LENGTH (VM)
    0.9730544217E-02     0.1000000000         0.2000000000          1.000000000         0.1000000000         0.2000000000          1.000000000         0.4526927110E-02     0.8612265469E-02     0.4300111931E-01
    0.2150055725         0.1000000000         0.2000000000          1.000000000         0.1482190363E-02     0.1000000000         0.2000000000          1.000000000         0.1000000000         0.2000000000    
     1.000000000         0.1433357496E-01     0.1000000000         0.2000000000          1.000000000         0.1000000000         0.2000000000          1.000000000         0.5054930293E-02     0.1000000000    
    0.2000000000          1.000000000         0.1000000000         0.2000000000          1.000000000         0.5799553433E-02     0.1000000000         0.2000000000          1.000000000         0.1000000000    
    0.2000000000          1.000000000    
 

 INTERMEDIATE RESULTS BEFORE NEXT TEMPERATURE REDUCTION

  CURRENT TEMPERATURE:             0.28220E-02
  MIN FUNCTION VALUE SO FAR:   0.186477259447466182E-01
  TOTAL MOVES:                    3360
     DOWNHILL:                    2342
     ACCEPTED UPHILL:              525
     REJECTED UPHILL:              493
  TRIALS OUT OF BOUNDS:           1409
  NEW MINIMA THIS TEMPERATURE:       1

                         CURRENT OPTIMAL X
    0.9996585616         0.6331825256E-01     0.2540992618         0.8974408507         0.8247486353E-01     0.1952428699         0.6010022163         0.7216844822         0.1466676988E-01     0.1253376553    
    0.3286123570         0.7000432611E-01     0.2999221444         0.4291121960         0.9989070703         0.6242780685E-01     0.2595342040         0.9150692821         0.4103409648E-01     0.2837605119    
    0.1394735575         0.6923437119E-02     0.4460275769E-01     0.2738283038         0.9306413531         0.8690170050E-01     0.2727589369         0.3296476007         0.7584470299         0.6856878400E-01
    0.2218214989         0.5597776771         0.7849264145E-01     0.1785847187         0.8110885620         0.2988543519E-02     0.6775355935E-01     0.2025927544         0.5472619534         0.3724789619E-02
    0.2848229527         0.7477259636    

                         STEP LENGTH (VM)
    0.2292042621E-01     0.1000000000         0.2000000000          1.000000000         0.1000000000         0.2000000000          1.000000000         0.5291457068E-02     0.1085335978E-02     0.7396174905E-02
    0.1323475721         0.1000000000         0.2000000000          1.000000000         0.1513725725E-02     0.1000000000         0.2000000000          1.000000000         0.1000000000         0.2000000000    
     1.000000000         0.1297794389E-01     0.1000000000         0.2000000000          1.000000000         0.1000000000         0.2000000000          1.000000000         0.3791197147E-02     0.1000000000    
    0.2000000000          1.000000000         0.1000000000         0.2000000000          1.000000000         0.1353228418E-01     0.1000000000         0.2000000000          1.000000000         0.1000000000    
    0.2000000000          1.000000000    
 

 INTERMEDIATE RESULTS BEFORE NEXT TEMPERATURE REDUCTION

  CURRENT TEMPERATURE:             0.21165E-02
  MIN FUNCTION VALUE SO FAR:   0.150922086280441681E-01
  TOTAL MOVES:                    3360
     DOWNHILL:                    2266
     ACCEPTED UPHILL:              541
     REJECTED UPHILL:              553
  TRIALS OUT OF BOUNDS:           1420
  NEW MINIMA THIS TEMPERATURE:       3

                         CURRENT OPTIMAL X
    0.9995919944         0.5104408264E-01     0.2412942052         0.6379714012         0.8675711751E-01     0.2644135833         0.8986796141         0.7317564001         0.1119894193E-01     0.1023295783    
    0.3235192582         0.6220825315E-01     0.2229585290         0.8143087626         0.9998127464         0.9606196284E-01     0.1426782370         0.8985731602         0.1475059986E-01     0.2210506678    
    0.4721918106         0.9356470448E-02     0.6685441136E-01     0.1267144322         0.1110812426         0.9064738750E-01     0.2028078556         0.6878384352         0.7539353910         0.2004319429E-02
    0.2507539988         0.7141897678         0.4296163321E-01     0.1336047649         0.6938707829         0.1552576666E-02     0.8904986978E-01     0.1191383958         0.6733162403         0.4571740627E-01
    0.1294013500         0.1180768013    

                         STEP LENGTH (VM)
    0.1172689999E-01     0.1000000000         0.2000000000          1.000000000         0.1000000000         0.2000000000          1.000000000         0.4547712452E-02     0.1773779606E-02     0.5062476342E-02
    0.2769497143E-01     0.1000000000         0.2000000000          1.000000000         0.7956373449E-03     0.1000000000         0.2000000000          1.000000000         0.1000000000         0.2000000000    
     1.000000000         0.7792235348E-02     0.1000000000         0.2000000000          1.000000000         0.1000000000         0.2000000000          1.000000000         0.2922380325E-02     0.9999999149E-01
    0.2000000000          1.000000000         0.1000000000         0.2000000000          1.000000000         0.7397191205E-02     0.1000000000         0.2000000000          1.000000000         0.1000000000    
    0.2000000000          1.000000000    
 

 INTERMEDIATE RESULTS BEFORE NEXT TEMPERATURE REDUCTION

  CURRENT TEMPERATURE:             0.15874E-02
  MIN FUNCTION VALUE SO FAR:   0.142851722568032580E-01
  TOTAL MOVES:                    3360
     DOWNHILL:                    2285
     ACCEPTED UPHILL:              462
     REJECTED UPHILL:              613
  TRIALS OUT OF BOUNDS:           1354
  NEW MINIMA THIS TEMPERATURE:       0

                         CURRENT OPTIMAL X
    0.9989674219         0.3731011748E-01     0.2962750673         0.2281482220         0.7368698716E-01     0.2282616138         0.5657758117         0.7378225668         0.1194996398E-01     0.1004791284    
    0.2921279205         0.2107572556E-02     0.2052010775         0.6535508037         0.9999539396         0.8195551038E-01     0.2301716447         0.2317466736         0.9556635022E-01     0.2520978808    
    0.9442120790E-01     0.4690838991E-02     0.8905025125E-01     0.1270133018         0.4243957996         0.3227000237E-01     0.2358164668         0.5771439075         0.7510132971         0.3174960613E-02
    0.1391303897         0.9600911140         0.3100856543E-01     0.1182643294         0.2522293925         0.3955289775E-02     0.5190314820E-01     0.2959151387         0.1437478662         0.5313519835E-01
    0.2398885250         0.3438276052E-01

                         STEP LENGTH (VM)
    0.1406505690E-01     0.1000000000         0.2000000000          1.000000000         0.1000000000         0.2000000000          1.000000000         0.3194002432E-02     0.6144529284E-03     0.1345922508E-02
    0.2887346802E-01     0.1000000000         0.2000000000          1.000000000         0.6608292853E-03     0.1000000000         0.2000000000          1.000000000         0.1000000000         0.2000000000    
     1.000000000         0.8845236998E-02     0.1000000000         0.2000000000          1.000000000         0.1000000000         0.2000000000          1.000000000         0.3815329442E-02     0.1000000000    
    0.2000000000          1.000000000         0.1000000000         0.2000000000          1.000000000         0.5137814884E-02     0.1000000000         0.2000000000          1.000000000         0.1000000000    
    0.2000000000          1.000000000    
 

 INTERMEDIATE RESULTS BEFORE NEXT TEMPERATURE REDUCTION

  CURRENT TEMPERATURE:             0.11905E-02
  MIN FUNCTION VALUE SO FAR:   0.135683429476324280E-01
  TOTAL MOVES:                    3360
     DOWNHILL:                    2286
     ACCEPTED UPHILL:              476
     REJECTED UPHILL:              598
  TRIALS OUT OF BOUNDS:           1316
  NEW MINIMA THIS TEMPERATURE:       5

                         CURRENT OPTIMAL X
    0.9986758432         0.9741103649E-01     0.2250044823         0.5062380433         0.5245460272E-01     0.2169143200         0.3364956379         0.7430327712         0.1057478107E-01     0.1012704042    
    0.2861440236         0.5711757541E-01     0.1936018586         0.4713815451E-01     0.9999991550         0.6584762931E-01     0.2741921425         0.8872671127         0.2513284087E-01     0.2424449563    
    0.6843396425         0.1383092104E-02     0.4364047050E-01     0.2133189321         0.2785989642         0.1388533115E-01     0.1220722437         0.6208667159         0.7495617351         0.3864094158E-02
    0.1301358511         0.9844445727         0.3921198845E-02     0.1550066233         0.8996468782         0.5577318521E-02     0.9431279302E-01     0.1300951481         0.9160519838         0.8125402927E-01
    0.2073842525         0.5392519236    

                         STEP LENGTH (VM)
    0.8655414082E-02     0.1000000000         0.2000000000          1.000000000         0.1000000000         0.2000000000          1.000000000         0.2123630578E-02     0.4811586960E-03     0.1383308549E-02
    0.1185177480E-01     0.1000000000         0.2000000000          1.000000000         0.5635792804E-03     0.1000000000         0.2000000000          1.000000000         0.1000000000         0.2000000000    
     1.000000000         0.8707027070E-02     0.1000000000         0.2000000000          1.000000000         0.1000000000         0.2000000000          1.000000000         0.2087017323E-02     0.1000000000    
    0.2000000000          1.000000000         0.1000000000         0.2000000000          1.000000000         0.8716174652E-02     0.6666666377E-01     0.2000000000          1.000000000         0.1000000000    
    0.2000000000          1.000000000    
 

 INTERMEDIATE RESULTS BEFORE NEXT TEMPERATURE REDUCTION

  CURRENT TEMPERATURE:             0.89291E-03
  MIN FUNCTION VALUE SO FAR:   0.135682360445759098E-01
  TOTAL MOVES:                    3360
     DOWNHILL:                    2318
     ACCEPTED UPHILL:              499
     REJECTED UPHILL:              543
  TRIALS OUT OF BOUNDS:           1376
  NEW MINIMA THIS TEMPERATURE:       0

                         CURRENT OPTIMAL X
    0.9986758432         0.6555382013E-01     0.1711886406         0.5062380433         0.5245460272E-01     0.2169143200         0.3364956379         0.7430327712         0.1057478107E-01     0.1012704042    
    0.2861440236         0.5711757541E-01     0.1936018586         0.4713815451E-01     0.9999991550         0.6584762931E-01     0.2741921425         0.8872671127         0.2513284087E-01     0.2424449563    
    0.6843396425         0.1383092104E-02     0.4364047050E-01     0.2133189321         0.2785989642         0.1388533115E-01     0.1220722437         0.6208667159         0.7495617351         0.3864094158E-02
    0.1301358511         0.9844445727         0.3921198845E-02     0.1550066233         0.8996468782         0.5577318521E-02     0.9431279302E-01     0.1300951481         0.9160519838         0.8125402927E-01
    0.2073842525         0.5392519236    

                         STEP LENGTH (VM)
    0.5010781330E-02     0.1000000000         0.2000000000          1.000000000         0.1000000000         0.2000000000          1.000000000         0.1791812663E-02     0.3009562705E-03     0.1431404557E-02
    0.1547314344E-01     0.1000000000         0.2000000000          1.000000000         0.5090390794E-03     0.1000000000         0.2000000000          1.000000000         0.1000000000         0.2000000000    
     1.000000000         0.8845228776E-02     0.1000000000         0.2000000000          1.000000000         0.1000000000         0.2000000000          1.000000000         0.1253623687E-02     0.1000000000    
    0.2000000000          1.000000000         0.1000000000         0.2000000000          1.000000000         0.8716172343E-02     0.1000000000         0.2000000000          1.000000000         0.1000000000    
    0.2000000000          1.000000000    
 

 INTERMEDIATE RESULTS BEFORE NEXT TEMPERATURE REDUCTION

  CURRENT TEMPERATURE:             0.66968E-03
  MIN FUNCTION VALUE SO FAR:   0.135650912888028996E-01
  TOTAL MOVES:                    3360
     DOWNHILL:                    2267
     ACCEPTED UPHILL:              459
     REJECTED UPHILL:              634
  TRIALS OUT OF BOUNDS:           1346
  NEW MINIMA THIS TEMPERATURE:       0

                         CURRENT OPTIMAL X
    0.9986758432         0.3816531897E-01     0.2655094147         0.9005931020         0.4653683901E-01     0.1710649967         0.1210999489         0.7430327712         0.1057478107E-01     0.1012704042    
    0.2861440236         0.4260599613E-01     0.1858296037         0.6196885109         0.9999991550         0.7876127362E-01     0.2741921425         0.8872671127         0.2513284087E-01     0.2424449563    
    0.6843396425         0.1383092104E-02     0.4364047050E-01     0.2133189321         0.2785989642         0.1388533115E-01     0.1220722437         0.6208667159         0.7495617351         0.3864094158E-02
    0.1301358511         0.9844445727         0.3921198845E-02     0.1550066233         0.8996468782         0.5577318521E-02     0.9431279302E-01     0.1300951481         0.9160519838         0.8125402927E-01
    0.2073842525         0.5392519236    

                         STEP LENGTH (VM)
    0.8323567879E-02     0.1000000000         0.2000000000          1.000000000         0.1000000000         0.2000000000          1.000000000         0.1343859050E-02     0.4514340947E-03     0.9720200260E-03
    0.8644022076E-02     0.1000000000         0.2000000000          1.000000000         0.2558782925E-03     0.1000000000         0.2000000000          1.000000000         0.1000000000         0.2000000000    
     1.000000000         0.1022729203E-01     0.1000000000         0.2000000000          1.000000000         0.1000000000         0.2000000000          1.000000000         0.1152507888E-02     0.1000000000    
    0.2000000000         0.3443409104         0.1000000000         0.2000000000          1.000000000         0.5366626001E-02     0.8888888668E-01     0.2000000000          1.000000000         0.1000000000    
    0.2000000000          1.000000000    
 

 INTERMEDIATE RESULTS BEFORE NEXT TEMPERATURE REDUCTION

  CURRENT TEMPERATURE:             0.50226E-03
  MIN FUNCTION VALUE SO FAR:   0.134635756828619391E-01
  TOTAL MOVES:                    3360
     DOWNHILL:                    2258
     ACCEPTED UPHILL:              417
     REJECTED UPHILL:              685
  TRIALS OUT OF BOUNDS:           1307
  NEW MINIMA THIS TEMPERATURE:       1

                         CURRENT OPTIMAL X
    0.9999883321         0.3845270872E-01     0.1058077335         0.3584653735         0.2057442665E-01     0.2428531766         0.3402751684         0.7443582798         0.1032577264E-01     0.1003672776    
    0.2891968225         0.4176285267E-01     0.2817812443         0.1065914035         0.9998630149         0.9363670945E-01     0.2967231870         0.7251411676         0.5882117748E-01     0.1584905863    
    0.1224908233         0.3254866258E-02     0.7711337805E-01     0.1153851390         0.7603031397E-01     0.5039771795E-01     0.2967578530         0.6694936752E-01     0.7488591315         0.9263396516E-02
    0.1137858458         0.9899955153         0.5574778914E-01     0.1573267937         0.9257648587         0.7489946706E-02     0.3726991415E-01     0.1737653732         0.1304149628E-03     0.9040270448E-01
    0.1096291304         0.5366500616    

                         STEP LENGTH (VM)
    0.3599378910E-02     0.1000000000         0.2000000000          1.000000000         0.1000000000         0.2000000000          1.000000000         0.1194541099E-02     0.2531069005E-03     0.6982284863E-03
    0.8644020931E-02     0.1000000000         0.2000000000          1.000000000         0.2702184607E-03     0.1000000000         0.2000000000          1.000000000         0.1000000000         0.2000000000    
     1.000000000         0.7330478653E-02     0.1000000000         0.2000000000          1.000000000         0.1000000000         0.2000000000          1.000000000         0.7875661008E-03     0.2163376345E-02
    0.1340664834E-01     0.2487679079E-01     0.1000000000         0.2000000000          1.000000000         0.9307736888E-02     0.9527026066E-01     0.2000000000          1.000000000         0.1000000000    
    0.2000000000          1.000000000    
 

 INTERMEDIATE RESULTS BEFORE NEXT TEMPERATURE REDUCTION

  CURRENT TEMPERATURE:             0.37670E-03
  MIN FUNCTION VALUE SO FAR:   0.128325898508702130E-01
  TOTAL MOVES:                    3360
     DOWNHILL:                    2265
     ACCEPTED UPHILL:              456
     REJECTED UPHILL:              639
  TRIALS OUT OF BOUNDS:           1263
  NEW MINIMA THIS TEMPERATURE:       7

                         CURRENT OPTIMAL X
    0.9999400385         0.8822156191E-01     0.2350191593         0.1095361114         0.8534049988E-02     0.2515363216         0.2590947747         0.7447528764         0.1138065021E-01     0.1000151646    
    0.2542046320         0.6370849013E-01     0.2945098996         0.5793562531         0.9999981949         0.9682016969E-01     0.2223394871         0.4712098837         0.4242574573E-01     0.2243612289    
    0.7111575603         0.4456770478E-02     0.8985581398E-01     0.2993879080         0.8134114146         0.9677336812E-01     0.2964002132         0.9751496911         0.7456937018         0.6683747275E-02
    0.1054128752         0.9940073602         0.1485150456E-01     0.1040627122         0.6487942934         0.7039937214E-02     0.7405584455E-01     0.1898799777         0.4493842721         0.9801287055E-01
    0.1860810995         0.5510933399    

                         STEP LENGTH (VM)
    0.3429136994E-02     0.1000000000         0.2000000000          1.000000000         0.1000000000         0.2000000000          1.000000000         0.5876964958E-03     0.1351427196E-03     0.5187217536E-03
    0.6251474354E-02     0.1000000000         0.2000000000          1.000000000         0.1896909795E-03     0.1000000000         0.2000000000          1.000000000         0.1000000000         0.2000000000    
     1.000000000         0.8512951275E-02     0.1000000000         0.2000000000          1.000000000         0.1000000000         0.2000000000          1.000000000         0.7634778251E-03     0.1345645429E-02
    0.2679123692E-02     0.7651252285E-02     0.1000000000         0.2000000000          1.000000000         0.8049931610E-02     0.8888888668E-01     0.2000000000          1.000000000         0.1000000000    
    0.2000000000          1.000000000    
 

 INTERMEDIATE RESULTS BEFORE NEXT TEMPERATURE REDUCTION

  CURRENT TEMPERATURE:             0.28252E-03
  MIN FUNCTION VALUE SO FAR:   0.128001000397363063E-01
  TOTAL MOVES:                    3360
     DOWNHILL:                    2225
     ACCEPTED UPHILL:              440
     REJECTED UPHILL:              695
  TRIALS OUT OF BOUNDS:           1246
  NEW MINIMA THIS TEMPERATURE:       1

                         CURRENT OPTIMAL X
    0.9999400385         0.8822156191E-01     0.1759567022         0.7408682704         0.6531519890E-01     0.2192586899         0.9672896266         0.7447528764         0.1138065021E-01     0.1000151646    
    0.2542046320         0.2468896508E-01     0.1650937438         0.9111291766         0.9999975321         0.8536826372E-01     0.2644846439         0.2291302681         0.6536121368E-01     0.2165862799    
    0.2329907417         0.1250536047E-02     0.8985581398E-01     0.2993879080         0.8134114146         0.9677336812E-01     0.2964002132         0.9751496911         0.7456937018         0.6683747275E-02
    0.1054128752         0.9940073602         0.1485150456E-01     0.1040627122         0.6487942934         0.7039937214E-02     0.7405584455E-01     0.1898799777         0.4493842721         0.9801287055E-01
    0.1860810995         0.5510933399    

                         STEP LENGTH (VM)
    0.3253281932E-02     0.1000000000         0.2000000000          1.000000000         0.1000000000         0.2000000000          1.000000000         0.1028468506E-02     0.1503190450E-03     0.2318697323E-03
    0.4963299580E-02     0.1000000000         0.2000000000          1.000000000         0.8893931202E-04     0.1000000000         0.2000000000          1.000000000         0.1000000000         0.2000000000    
     1.000000000         0.5654542491E-02     0.6428570668E-01     0.2000000000          1.000000000         0.1000000000         0.2000000000          1.000000000         0.5116923510E-03     0.7706250822E-03
    0.3403209235E-02     0.9506772354E-02     0.1000000000         0.2000000000          1.000000000         0.8692807797E-02     0.8888888668E-01     0.2000000000          1.000000000         0.1000000000    
    0.2000000000          1.000000000    
 

 INTERMEDIATE RESULTS BEFORE NEXT TEMPERATURE REDUCTION

  CURRENT TEMPERATURE:             0.21189E-03
  MIN FUNCTION VALUE SO FAR:   0.128000158436276656E-01
  TOTAL MOVES:                    3360
     DOWNHILL:                    2267
     ACCEPTED UPHILL:              397
     REJECTED UPHILL:              696
  TRIALS OUT OF BOUNDS:           1279
  NEW MINIMA THIS TEMPERATURE:       3

                         CURRENT OPTIMAL X
    0.9999400385         0.6432069540E-01     0.1759567022         0.7408682704         0.6531519890E-01     0.2192586899         0.9672896266         0.7447528764         0.1138065021E-01     0.1000151646    
    0.2542046320         0.2468896508E-01     0.1650937438         0.9111291766         0.9999975321         0.8536826372E-01     0.2644846439         0.2291302681         0.6536121368E-01     0.2165862799    
    0.2329907417         0.1250536047E-02     0.8985581398E-01     0.2993879080         0.8134114146         0.9677336812E-01     0.2964002132         0.9751496911         0.7456937018         0.6683747275E-02
    0.1054128752         0.9940073602         0.1485150456E-01     0.1040627122         0.6487942934         0.7039937214E-02     0.7405584455E-01     0.1898799777         0.4493842721         0.9801287055E-01
    0.1860810995         0.5510933399    

                         STEP LENGTH (VM)
    0.9595089255E-03     0.1000000000         0.2000000000          1.000000000         0.1000000000         0.2000000000          1.000000000         0.3862052819E-03     0.9049183349E-04     0.1545797844E-03
    0.2543752446E-02     0.1000000000         0.2000000000          1.000000000         0.1223270801E-03     0.1000000000         0.2000000000          1.000000000         0.1000000000         0.2000000000    
     1.000000000         0.1091835525E-01     0.7499999860E-01     0.2000000000          1.000000000         0.1000000000         0.2000000000          1.000000000         0.3580635021E-03     0.3853124662E-03
    0.1537668822E-02     0.6986322257E-02     0.1000000000         0.2000000000          1.000000000         0.1424554571E-01     0.1000000000         0.2000000000          1.000000000         0.1000000000    
    0.2000000000          1.000000000    
 

 INTERMEDIATE RESULTS BEFORE NEXT TEMPERATURE REDUCTION

  CURRENT TEMPERATURE:             0.15892E-03
  MIN FUNCTION VALUE SO FAR:   0.127998126270166823E-01
  TOTAL MOVES:                    3360
     DOWNHILL:                    2249
     ACCEPTED UPHILL:              417
     REJECTED UPHILL:              694
  TRIALS OUT OF BOUNDS:           1298
  NEW MINIMA THIS TEMPERATURE:       1

                         CURRENT OPTIMAL X
    0.9999400385         0.6097683907E-01     0.1759567022         0.7408682704         0.6531519890E-01     0.2192586899         0.9672896266         0.7447528764         0.1138065021E-01     0.1000151646    
    0.2542046320         0.2468896508E-01     0.1650937438         0.9111291766         0.9999975321         0.8536826372E-01     0.2644846439         0.2291302681         0.6536121368E-01     0.2165862799    
    0.2329907417         0.1250536047E-02     0.8985581398E-01     0.2993879080         0.8134114146         0.9677336812E-01     0.2964002132         0.9751496911         0.7456937018         0.6683747275E-02
    0.1054128752         0.9940073602         0.1485150456E-01     0.1040627122         0.6487942934         0.7039937214E-02     0.7405584455E-01     0.1898799777         0.4493842721         0.9801287055E-01
    0.1860810995         0.5510933399    

                         STEP LENGTH (VM)
    0.1381836833E-02     0.1000000000         0.2000000000          1.000000000         0.1000000000         0.2000000000          1.000000000         0.3633198938E-03     0.6544495596E-04     0.1967759795E-03
    0.2754276540E-02     0.1000000000         0.2000000000          1.000000000         0.8284583455E-04     0.5714285653E-01     0.2000000000          1.000000000         0.1000000000         0.2000000000    
     1.000000000         0.1017464054E-01     0.1000000000         0.2000000000          1.000000000         0.1000000000         0.2000000000          1.000000000         0.3182786185E-03     0.4334763874E-03
    0.2229001144E-02     0.5286945364E-02     0.1000000000         0.2000000000          1.000000000         0.9095969438E-02     0.4868419896E-01     0.2000000000          1.000000000         0.1000000000    
    0.2000000000          1.000000000    
 

 INTERMEDIATE RESULTS BEFORE NEXT TEMPERATURE REDUCTION

  CURRENT TEMPERATURE:             0.11919E-03
  MIN FUNCTION VALUE SO FAR:   0.127236798685086416E-01
  TOTAL MOVES:                    3360
     DOWNHILL:                    2262
     ACCEPTED UPHILL:              387
     REJECTED UPHILL:              711
  TRIALS OUT OF BOUNDS:           1287
  NEW MINIMA THIS TEMPERATURE:       9

                         CURRENT OPTIMAL X
    0.9999240852         0.4772480726E-01     0.2101321220         0.4733425975         0.1743473411E-01     0.1888353109         0.4246933460         0.7452295762         0.1130686815E-01     0.1001732103    
    0.2488781770         0.9942990541E-01     0.2718014479         0.5210113525E-01     0.9999843247         0.6832820773E-01     0.2559882998         0.4736418724         0.9867262840E-01     0.2704228044    
    0.8089073300         0.2132846524E-02     0.8193647861E-01     0.2648071766         0.9817290306E-01     0.5706180334E-01     0.2226108789         0.3646320105E-01     0.7450512021         0.6637827714E-02
    0.1041039069         0.9923623534         0.4866096377E-01     0.1438768148         0.5024899244         0.4095758623E-02     0.5770744705E-01     0.1856957674         0.1578330994E-02     0.8722522259E-01
    0.2584542871         0.7527198792    

                         STEP LENGTH (VM)
    0.8615955892E-03     0.1000000000         0.2000000000          1.000000000         0.1000000000         0.2000000000          1.000000000         0.2353114131E-03     0.7163565296E-04     0.1000435192E-03
    0.2047262441E-02     0.1000000000         0.2000000000          1.000000000         0.4832671602E-04     0.7499999860E-01     0.2000000000          1.000000000         0.1000000000         0.2000000000    
     1.000000000         0.6599765869E-02     0.1000000000         0.2000000000          1.000000000         0.1000000000         0.2000000000          1.000000000         0.1977325545E-03     0.3377893988E-03
    0.1340224949E-02     0.4367923865E-02     0.1000000000         0.2000000000          1.000000000         0.9047837769E-02     0.7901234175E-01     0.2000000000          1.000000000         0.1000000000    
    0.2000000000          1.000000000    
 

 INTERMEDIATE RESULTS BEFORE NEXT TEMPERATURE REDUCTION

  CURRENT TEMPERATURE:             0.89392E-04
  MIN FUNCTION VALUE SO FAR:   0.126901246313469995E-01
  TOTAL MOVES:                    3360
     DOWNHILL:                    2292
     ACCEPTED UPHILL:              394
     REJECTED UPHILL:              674
  TRIALS OUT OF BOUNDS:           1276
  NEW MINIMA THIS TEMPERATURE:       2

                         CURRENT OPTIMAL X
    0.9999997425         0.4629152417E-01     0.2845788002         0.1926110983         0.9730144143E-01     0.2911701560         0.5142151117         0.7452920036         0.1127077531E-01     0.1002135523    
    0.2447927110         0.5830859542E-01     0.1921419859         0.5582842231         0.9999525879         0.8478542566E-01     0.1871121049         0.5476217270         0.9195728898E-01     0.2970252514    
    0.6043650508         0.3057181835E-02     0.5218783617E-01     0.1906695962         0.4319283962         0.7649580836E-01     0.2918451309         0.8562904596         0.7444143577         0.6906392249E-02
    0.1040197371         0.9951131406         0.5912924409E-01     0.1746669769         0.6445517540         0.4057246622E-02     0.7644182444E-01     0.2656249762         0.1369608045         0.3132832050E-02
    0.2783170819         0.6118704081    

                         STEP LENGTH (VM)
    0.5742522020E-03     0.1000000000         0.2000000000          1.000000000         0.1000000000         0.2000000000          1.000000000         0.2040590147E-03     0.3393266944E-04     0.1175114021E-03
    0.1176086543E-02     0.1000000000         0.2000000000          1.000000000         0.5886709904E-04     0.7499999860E-01     0.2000000000          1.000000000         0.1000000000         0.2000000000    
     1.000000000         0.6890758191E-02     0.1000000000         0.2000000000          1.000000000         0.1000000000         0.2000000000          1.000000000         0.1537919449E-03     0.3013592077E-03
    0.6962531091E-03     0.3020935541E-02     0.1000000000         0.2000000000          1.000000000         0.5197690898E-02     0.1000000000         0.2000000000          1.000000000         0.1000000000    
    0.2000000000          1.000000000    
 

 INTERMEDIATE RESULTS BEFORE NEXT TEMPERATURE REDUCTION

  CURRENT TEMPERATURE:             0.67044E-04
  MIN FUNCTION VALUE SO FAR:   0.126891980886920663E-01
  TOTAL MOVES:                    3360
     DOWNHILL:                    2296
     ACCEPTED UPHILL:              385
     REJECTED UPHILL:              679
  TRIALS OUT OF BOUNDS:           1267
  NEW MINIMA THIS TEMPERATURE:       0

                         CURRENT OPTIMAL X
    0.9999997425         0.9298784137E-01     0.2598572969         0.5585308075         0.9536939859E-02     0.1385300994         0.9607156515         0.7452903895         0.1128737641E-01     0.1002232405    
    0.2445379672         0.2881459594E-01     0.2827837944         0.4470004439         0.9999525879         0.8432565928E-01     0.2443968415         0.5361192822         0.8785755634E-01     0.2451756239    
    0.4926562905         0.3057181835E-02     0.5218783617E-01     0.2464687943         0.1517509818         0.4012720585E-01     0.1403739452         0.4038734436         0.7444826977         0.6906392249E-02
    0.1041823010         0.9959238825         0.3979906440E-01     0.1274485588         0.7027523518         0.1457035545E-02     0.2575278282E-01     0.2932207346         0.5912631750E-01     0.4452049732E-01
    0.2268348813         0.4038591385    

                         STEP LENGTH (VM)
    0.5450905719E-03     0.1000000000         0.2000000000          1.000000000         0.1000000000         0.2000000000          1.000000000         0.1698573353E-03     0.3565223086E-04     0.6550996169E-04
    0.9655030765E-03     0.1000000000         0.2000000000          1.000000000         0.1035025602E-04     0.7499999860E-01     0.2000000000          1.000000000         0.1000000000         0.2000000000    
     1.000000000         0.9442886731E-02     0.1000000000         0.2000000000          1.000000000         0.1000000000         0.2000000000          1.000000000         0.1330092001E-03     0.9057525307E-04
    0.4833155936E-03     0.2993961632E-02     0.1000000000         0.2000000000          1.000000000         0.9052601162E-02     0.8888887491E-01     0.2000000000          1.000000000         0.1000000000    
    0.2000000000          1.000000000    
 

  SA ACHIEVED TERMINATION CRITERIA. IER = 0. 


  ****   RESULTS AFTER SA   ****   

                         SOLUTION
    0.9999997425         0.9298784137E-01     0.2598572969         0.5585308075         0.9536939859E-02     0.1385300994         0.9607156515         0.7452903895         0.1128737641E-01     0.1002232405    
    0.2445379672         0.2881459594E-01     0.2827837944         0.4470004439         0.9999525879         0.8432565928E-01     0.2443968415         0.5361192822         0.8785755634E-01     0.2451756239    
    0.4926562905         0.3057181835E-02     0.5218783617E-01     0.2464687943         0.1517509818         0.4012720585E-01     0.1403739452         0.4038734436         0.7444826977         0.6906392249E-02
    0.1041823010         0.9959238825         0.3979906440E-01     0.1274485588         0.7027523518         0.1457035545E-02     0.2575278282E-01     0.2932207346         0.5912631750E-01     0.4452049732E-01
    0.2268348813         0.4038591385    

                         FINAL STEP LENGTH
    0.5450905719E-03     0.1000000000         0.2000000000          1.000000000         0.1000000000         0.2000000000          1.000000000         0.1698573353E-03     0.3565223086E-04     0.6550996169E-04
    0.9655030765E-03     0.1000000000         0.2000000000          1.000000000         0.1035025602E-04     0.7499999860E-01     0.2000000000          1.000000000         0.1000000000         0.2000000000    
     1.000000000         0.9442886731E-02     0.1000000000         0.2000000000          1.000000000         0.1000000000         0.2000000000          1.000000000         0.1330092001E-03     0.9057525307E-04
    0.4833155936E-03     0.2993961632E-02     0.1000000000         0.2000000000          1.000000000         0.9052601162E-02     0.8888887491E-01     0.2000000000          1.000000000         0.1000000000    
    0.2000000000          1.000000000    

 OPTIMAL FUNCTION VALUE:  0.1268919808869E-01
 NUMBER OF FUNCTION EVALUATIONS:         134401
 NUMBER OF ACCEPTED EVALUATIONS:         118984
 NUMBER OF OUT OF BOUND EVALUATIONS:      59559
 FINAL TEMP:  0.6704390107758E-04  IER:   0
