
 SIMULATED PARALLEL ANNEALING by NEIGHBORHOOD EXAMPLE

 NUMBER OF PARAMETERS:  42   MAXIMAZATION:     F
 INITIAL TEMP:  5.0       RT: 0.75       EPS: 0.10E-02
 NS:  24   NT:  20   NEPS:  4
 MAXEVL:  100000000   IPRINT: 1   ISEED1:    7 ISEED2:    8

                         STARTING VALUES
    0.9860965189         0.9817026854E-01     0.2276078939         0.9240287542E-01     0.5321571827E-01     0.1337925553         0.7054297924         0.6276063123         0.7025480270E-01     0.1331485748    
    0.9856224060E-03     0.9808939695E-01     0.2469187379         0.8437964916         0.9884389760         0.1554431915E-01     0.2321749330         0.8768939972         0.9597520828E-01     0.2122278929    
    0.6387174129E-01     0.2124164783E-02     0.7298127413E-01     0.1616803050         0.3013575077E-01     0.3554546833E-02     0.1436545730         0.1204679012         0.6597125507         0.8055697680E-01
    0.2589887738         0.3128205538         0.6002806425E-01     0.1746662974         0.2591425180         0.5127191635E-02     0.6176833510E-01     0.2704537392         0.6900990009E-01     0.9393055439E-01
    0.2498641014         0.7967279553    

                         INITIAL STEP LENGTH
     1.000000000         0.1000000000         0.2000000000          1.000000000         0.1000000000         0.2000000000          1.000000000          1.000000000         0.1000000000         0.2000000000    
     1.000000000         0.1000000000         0.2000000000          1.000000000          1.000000000         0.1000000000         0.2000000000          1.000000000         0.1000000000         0.2000000000    
     1.000000000          1.000000000         0.1000000000         0.2000000000          1.000000000         0.1000000000         0.2000000000          1.000000000          1.000000000         0.1000000000    
    0.2000000000          1.000000000         0.1000000000         0.2000000000          1.000000000          1.000000000         0.1000000000         0.2000000000          1.000000000         0.1000000000    
    0.2000000000          1.000000000    

                         LOWER BOUND
     0.000000000          0.000000000         0.1000000000          0.000000000          0.000000000         0.1000000000          0.000000000          0.000000000          0.000000000         0.1000000000    
     0.000000000          0.000000000         0.1000000000          0.000000000          0.000000000          0.000000000         0.1000000000          0.000000000          0.000000000         0.1000000000    
     0.000000000          0.000000000          0.000000000         0.1000000000          0.000000000          0.000000000         0.1000000000          0.000000000          0.000000000          0.000000000    
    0.1000000000          0.000000000          0.000000000         0.1000000000          0.000000000          0.000000000          0.000000000         0.1000000000          0.000000000          0.000000000    
    0.1000000000          0.000000000    

                         UPPER BOUND
     1.000000000         0.1000000000         0.3000000000          1.000000000         0.1000000000         0.3000000000          1.000000000          1.000000000         0.1000000000         0.3000000000    
     1.000000000         0.1000000000         0.3000000000          1.000000000          1.000000000         0.1000000000         0.3000000000          1.000000000         0.1000000000         0.3000000000    
     1.000000000          1.000000000         0.1000000000         0.3000000000          1.000000000         0.1000000000         0.3000000000          1.000000000          1.000000000         0.1000000000    
    0.3000000000          1.000000000         0.1000000000         0.3000000000          1.000000000          1.000000000         0.1000000000         0.3000000000          1.000000000         0.1000000000    
    0.3000000000          1.000000000    

                         C VECTOR
     2.000000000          2.000000000          2.000000000          2.000000000          2.000000000          2.000000000          2.000000000          2.000000000          2.000000000          2.000000000    
     2.000000000          2.000000000          2.000000000          2.000000000          2.000000000          2.000000000          2.000000000          2.000000000          2.000000000          2.000000000    
     2.000000000          2.000000000          2.000000000          2.000000000          2.000000000          2.000000000          2.000000000          2.000000000          2.000000000          2.000000000    
     2.000000000          2.000000000          2.000000000          2.000000000          2.000000000          2.000000000          2.000000000          2.000000000          2.000000000          2.000000000    
     2.000000000          2.000000000    

  ****   END OF DRIVER ROUTINE OUTPUT   ****
  ****   BEFORE CALL TO SA.             ****
  

                         INITIAL X
    0.9860965189         0.9817026854E-01     0.2276078939         0.9240287542E-01     0.5321571827E-01     0.1337925553         0.7054297924         0.6276063123         0.7025480270E-01     0.1331485748    
    0.9856224060E-03     0.9808939695E-01     0.2469187379         0.8437964916         0.9884389760         0.1554431915E-01     0.2321749330         0.8768939972         0.9597520828E-01     0.2122278929    
    0.6387174129E-01     0.2124164783E-02     0.7298127413E-01     0.1616803050         0.3013575077E-01     0.3554546833E-02     0.1436545730         0.1204679012         0.6597125507         0.8055697680E-01
    0.2589887738         0.3128205538         0.6002806425E-01     0.1746662974         0.2591425180         0.5127191635E-02     0.6176833510E-01     0.2704537392         0.6900990009E-01     0.9393055439E-01
    0.2498641014         0.7967279553    
  INITIAL F: 
  1.28086279896594224    

 INTERMEDIATE RESULTS BEFORE NEXT TEMPERATURE REDUCTION

  CURRENT TEMPERATURE:              5.0000    
  MIN FUNCTION VALUE SO FAR:   0.707657412424707866E-01
  TOTAL MOVES:                    3360
     DOWNHILL:                    2344
     ACCEPTED UPHILL:              908
     REJECTED UPHILL:              108
  TRIALS OUT OF BOUNDS:           1620
  NEW MINIMA THIS TEMPERATURE:      24

                         CURRENT OPTIMAL X
    0.7023949027         0.6718338728E-01     0.2716357231         0.4926234484E-01     0.2113299966E-01     0.1867763162         0.5198789835         0.6867402792         0.4551529288E-01     0.2433321476    
    0.1080116630         0.5368275642E-01     0.1337563634         0.1094652414         0.8826401053         0.8557232022E-01     0.2482919931         0.4920318127         0.7474941015E-01     0.1203945637    
    0.8568359613         0.1676657200         0.5299183726E-01     0.2743060231         0.7310953736         0.8556376100E-01     0.1052025676         0.1283762455         0.7510038614         0.3114328980E-01
    0.1686106801         0.7670328617         0.8111781478E-01     0.1744081736         0.2725569010         0.3837040067         0.7946684361E-01     0.1952815533         0.4398881197         0.1888513565E-03
    0.2001697659         0.2280225754    

                         STEP LENGTH (VM)
     1.000000000         0.1000000000         0.2000000000          1.000000000         0.1000000000         0.2000000000          1.000000000          1.000000000         0.1000000000         0.2000000000    
     1.000000000         0.1000000000         0.2000000000          1.000000000         0.4381007652         0.1000000000         0.2000000000          1.000000000         0.1000000000         0.2000000000    
     1.000000000          1.000000000         0.1000000000         0.2000000000          1.000000000         0.1000000000         0.2000000000          1.000000000          1.000000000         0.1000000000    
    0.2000000000          1.000000000         0.1000000000         0.2000000000          1.000000000          1.000000000         0.1000000000         0.2000000000          1.000000000         0.1000000000    
    0.2000000000          1.000000000    
 

 INTERMEDIATE RESULTS BEFORE NEXT TEMPERATURE REDUCTION

  CURRENT TEMPERATURE:              3.7500    
  MIN FUNCTION VALUE SO FAR:   0.706673018328327351E-01
  TOTAL MOVES:                    3360
     DOWNHILL:                    2356
     ACCEPTED UPHILL:              896
     REJECTED UPHILL:              108
  TRIALS OUT OF BOUNDS:           1705
  NEW MINIMA THIS TEMPERATURE:       0

                         CURRENT OPTIMAL X
    0.7023949027         0.3574324250E-01     0.1696022034         0.3908587098         0.2113299966E-01     0.1867763162         0.5198789835         0.6867402792         0.4551529288E-01     0.2433321476    
    0.1080116630         0.5368275642E-01     0.1337563634         0.1094652414         0.8826401053         0.8557232022E-01     0.2482919931         0.4920318127         0.7474941015E-01     0.1203945637    
    0.8568359613         0.1676657200         0.5299183726E-01     0.2743060231         0.7310953736         0.8556376100E-01     0.1052025676         0.1283762455         0.7510038614         0.3114328980E-01
    0.1686106801         0.7670328617         0.8111781478E-01     0.1744081736         0.2725569010         0.3837040067         0.7946684361E-01     0.1952815533         0.4398881197         0.1888513565E-03
    0.2001697659         0.2280225754    

                         STEP LENGTH (VM)
     1.000000000         0.1000000000         0.2000000000          1.000000000         0.1000000000         0.2000000000          1.000000000          1.000000000         0.1000000000         0.2000000000    
     1.000000000         0.1000000000         0.2000000000          1.000000000         0.3246286350         0.1000000000         0.2000000000          1.000000000         0.1000000000         0.2000000000    
     1.000000000          1.000000000         0.1000000000         0.2000000000          1.000000000         0.1000000000         0.2000000000          1.000000000          1.000000000         0.1000000000    
    0.2000000000          1.000000000         0.1000000000         0.2000000000          1.000000000          1.000000000         0.1000000000         0.2000000000          1.000000000         0.1000000000    
    0.2000000000          1.000000000    
 

 INTERMEDIATE RESULTS BEFORE NEXT TEMPERATURE REDUCTION

  CURRENT TEMPERATURE:              2.8125    
  MIN FUNCTION VALUE SO FAR:   0.706673018328327351E-01
  TOTAL MOVES:                    3360
     DOWNHILL:                    2386
     ACCEPTED UPHILL:              872
     REJECTED UPHILL:              102
  TRIALS OUT OF BOUNDS:           1694
  NEW MINIMA THIS TEMPERATURE:       0

                         CURRENT OPTIMAL X
    0.7023949027         0.3574324250E-01     0.1696022034         0.3908587098         0.2113299966E-01     0.1867763162         0.5198789835         0.6867402792         0.4551529288E-01     0.2433321476    
    0.1080116630         0.5368275642E-01     0.1337563634         0.1094652414         0.8826401053         0.8557232022E-01     0.2482919931         0.4920318127         0.7474941015E-01     0.1203945637    
    0.8568359613         0.1676657200         0.5299183726E-01     0.2743060231         0.7310953736         0.8556376100E-01     0.1052025676         0.1283762455         0.7510038614         0.3114328980E-01
    0.1686106801         0.7670328617         0.8111781478E-01     0.1744081736         0.2725569010         0.3837040067         0.7946684361E-01     0.1952815533         0.4398881197         0.1888513565E-03
    0.2001697659         0.2280225754    

                         STEP LENGTH (VM)
     1.000000000         0.1000000000         0.2000000000          1.000000000         0.1000000000         0.2000000000          1.000000000          1.000000000         0.1000000000         0.2000000000    
     1.000000000         0.1000000000         0.2000000000          1.000000000         0.2588074092         0.1000000000         0.2000000000          1.000000000         0.1000000000         0.2000000000    
     1.000000000          1.000000000         0.1000000000         0.2000000000          1.000000000         0.1000000000         0.2000000000          1.000000000          1.000000000         0.1000000000    
    0.2000000000          1.000000000         0.1000000000         0.2000000000          1.000000000          1.000000000         0.1000000000         0.2000000000          1.000000000         0.1000000000    
    0.2000000000          1.000000000    
 

 INTERMEDIATE RESULTS BEFORE NEXT TEMPERATURE REDUCTION

  CURRENT TEMPERATURE:              2.1094    
  MIN FUNCTION VALUE SO FAR:   0.639904190040622156E-01
  TOTAL MOVES:                    3360
     DOWNHILL:                    2346
     ACCEPTED UPHILL:              883
     REJECTED UPHILL:              131
  TRIALS OUT OF BOUNDS:           1666
  NEW MINIMA THIS TEMPERATURE:       1

                         CURRENT OPTIMAL X
    0.9699438810         0.3598114848E-01     0.1871261120         0.8312030435         0.8197395802E-01     0.1448882818         0.9932958484         0.3043927550         0.6944958568E-01     0.1723432183    
    0.9372887611         0.2458708286E-01     0.1878606439         0.7288514972         0.8712630735         0.1291912794E-01     0.2701910973         0.5044049025E-01     0.3115034103E-01     0.2701539874    
    0.7952741981         0.2040528655         0.5357614160E-01     0.1890138030         0.2712067962         0.2209758759E-02     0.1831036210         0.8493551016         0.3322261572         0.8183956742E-01
    0.1337424755         0.4540786743         0.8061896563E-01     0.1573100090         0.1894998550         0.2334181666         0.1363008022E-01     0.2692013383         0.4056496620         0.5235694647E-01
    0.1009472132         0.1803657413    

                         STEP LENGTH (VM)
     1.000000000         0.1000000000         0.2000000000          1.000000000         0.1000000000         0.2000000000          1.000000000          1.000000000         0.1000000000         0.2000000000    
     1.000000000         0.1000000000         0.2000000000          1.000000000         0.3067346304         0.1000000000         0.2000000000          1.000000000         0.1000000000         0.2000000000    
     1.000000000          1.000000000         0.1000000000         0.2000000000          1.000000000         0.1000000000         0.2000000000          1.000000000          1.000000000         0.1000000000    
    0.2000000000          1.000000000         0.1000000000         0.2000000000          1.000000000          1.000000000         0.1000000000         0.2000000000          1.000000000         0.1000000000    
    0.2000000000          1.000000000    
 

 INTERMEDIATE RESULTS BEFORE NEXT TEMPERATURE REDUCTION

  CURRENT TEMPERATURE:              1.5820    
  MIN FUNCTION VALUE SO FAR:   0.631022995860984759E-01
  TOTAL MOVES:                    3360
     DOWNHILL:                    2342
     ACCEPTED UPHILL:              885
     REJECTED UPHILL:              133
  TRIALS OUT OF BOUNDS:           1637
  NEW MINIMA THIS TEMPERATURE:       0

                         CURRENT OPTIMAL X
    0.9699438810         0.3842619658E-01     0.1527073860         0.4348290563         0.8197395802E-01     0.1448882818         0.9932958484         0.3043927550         0.6944958568E-01     0.1723432183    
    0.9372887611         0.2458708286E-01     0.1878606439         0.7288514972         0.8712630735         0.1291912794E-01     0.2701910973         0.5044049025E-01     0.3115034103E-01     0.2701539874    
    0.7952741981         0.2040528655         0.5357614160E-01     0.1890138030         0.2712067962         0.2209758759E-02     0.1831036210         0.8493551016         0.3322261572         0.8183956742E-01
    0.1337424755         0.4540786743         0.8061896563E-01     0.1573100090         0.1894998550         0.2334181666         0.1363008022E-01     0.2692013383         0.4056496620         0.5235694647E-01
    0.1009472132         0.1803657413    

                         STEP LENGTH (VM)
     1.000000000         0.1000000000         0.2000000000          1.000000000         0.1000000000         0.2000000000          1.000000000          1.000000000         0.1000000000         0.2000000000    
     1.000000000         0.1000000000         0.2000000000          1.000000000         0.2423581938         0.1000000000         0.2000000000          1.000000000         0.1000000000         0.2000000000    
     1.000000000          1.000000000         0.1000000000         0.2000000000          1.000000000         0.1000000000         0.2000000000          1.000000000         0.8888888668         0.1000000000    
    0.2000000000          1.000000000         0.1000000000         0.2000000000          1.000000000          1.000000000         0.1000000000         0.2000000000          1.000000000         0.1000000000    
    0.2000000000          1.000000000    
 

 INTERMEDIATE RESULTS BEFORE NEXT TEMPERATURE REDUCTION

  CURRENT TEMPERATURE:              1.1865    
  MIN FUNCTION VALUE SO FAR:   0.568465838827874465E-01
  TOTAL MOVES:                    3360
     DOWNHILL:                    2307
     ACCEPTED UPHILL:              910
     REJECTED UPHILL:              143
  TRIALS OUT OF BOUNDS:           1664
  NEW MINIMA THIS TEMPERATURE:       0

                         CURRENT OPTIMAL X
    0.9699438810         0.3536200523E-02     0.1527073860         0.4348290563         0.8197395802E-01     0.1448882818         0.9932958484         0.3043927550         0.6944958568E-01     0.1723432183    
    0.9372887611         0.2458708286E-01     0.1878606439         0.7288514972         0.8712630735         0.1291912794E-01     0.2701910973         0.5044049025E-01     0.3115034103E-01     0.2701539874    
    0.7952741981         0.2040528655         0.5357614160E-01     0.1890138030         0.2712067962         0.2209758759E-02     0.1831036210         0.8493551016         0.3322261572         0.8183956742E-01
    0.1337424755         0.4540786743         0.8061896563E-01     0.1573100090         0.1894998550         0.2334181666         0.1363008022E-01     0.2692013383         0.4056496620         0.5235694647E-01
    0.1009472132         0.1803657413    

                         STEP LENGTH (VM)
     1.000000000         0.1000000000         0.2000000000          1.000000000         0.1000000000         0.2000000000          1.000000000          1.000000000         0.1000000000         0.2000000000    
     1.000000000         0.1000000000         0.2000000000          1.000000000         0.3277896321         0.1000000000         0.2000000000          1.000000000         0.1000000000         0.2000000000    
     1.000000000          1.000000000         0.1000000000         0.2000000000          1.000000000         0.1000000000         0.2000000000          1.000000000          1.000000000         0.1000000000    
    0.2000000000          1.000000000         0.1000000000         0.2000000000          1.000000000          1.000000000         0.1000000000         0.2000000000          1.000000000         0.1000000000    
    0.2000000000          1.000000000    
 

 INTERMEDIATE RESULTS BEFORE NEXT TEMPERATURE REDUCTION

  CURRENT TEMPERATURE:             0.88989    
  MIN FUNCTION VALUE SO FAR:   0.568465838827874465E-01
  TOTAL MOVES:                    3360
     DOWNHILL:                    2353
     ACCEPTED UPHILL:              850
     REJECTED UPHILL:              157
  TRIALS OUT OF BOUNDS:           1648
  NEW MINIMA THIS TEMPERATURE:       0

                         CURRENT OPTIMAL X
    0.9699438810         0.3536200523E-02     0.1527073860         0.4348290563         0.8197395802E-01     0.1448882818         0.9932958484         0.3043927550         0.6944958568E-01     0.1723432183    
    0.9372887611         0.2458708286E-01     0.1878606439         0.7288514972         0.8712630735         0.1291912794E-01     0.2701910973         0.5044049025E-01     0.3115034103E-01     0.2701539874    
    0.7952741981         0.2040528655         0.5357614160E-01     0.1890138030         0.2712067962         0.2209758759E-02     0.1831036210         0.8493551016         0.3322261572         0.8183956742E-01
    0.1337424755         0.4540786743         0.8061896563E-01     0.1573100090         0.1894998550         0.2334181666         0.1363008022E-01     0.2692013383         0.4056496620         0.5235694647E-01
    0.1009472132         0.1803657413    

                         STEP LENGTH (VM)
     1.000000000         0.1000000000         0.2000000000          1.000000000         0.1000000000         0.2000000000          1.000000000          1.000000000         0.1000000000         0.2000000000    
     1.000000000         0.1000000000         0.2000000000          1.000000000         0.2834936185         0.1000000000         0.2000000000          1.000000000         0.1000000000         0.2000000000    
     1.000000000          1.000000000         0.1000000000         0.2000000000          1.000000000         0.1000000000         0.2000000000          1.000000000          1.000000000         0.1000000000    
    0.2000000000          1.000000000         0.1000000000         0.2000000000          1.000000000          1.000000000         0.1000000000         0.2000000000          1.000000000         0.1000000000    
    0.2000000000          1.000000000    
 

 INTERMEDIATE RESULTS BEFORE NEXT TEMPERATURE REDUCTION

  CURRENT TEMPERATURE:             0.66742    
  MIN FUNCTION VALUE SO FAR:   0.557408214578790223E-01
  TOTAL MOVES:                    3360
     DOWNHILL:                    2274
     ACCEPTED UPHILL:              917
     REJECTED UPHILL:              169
  TRIALS OUT OF BOUNDS:           1678
  NEW MINIMA THIS TEMPERATURE:       1

                         CURRENT OPTIMAL X
    0.7536142468         0.5911663771E-01     0.1104718804         0.4810943604         0.2372498512E-01     0.2914520264         0.8685550094         0.8486256599         0.9402912259E-01     0.2310323477    
    0.1418944001         0.6060349941E-01     0.1970642090         0.4511810541         0.8348287824         0.2901273966E-01     0.1246151924         0.9070557356         0.2823388577E-01     0.2330172658    
    0.1329159737         0.2704821825         0.9146850109E-01     0.1411584139         0.5517118573         0.1777191162E-01     0.2593571663         0.5997101068         0.8308547735         0.8749361634E-01
    0.1003196120         0.5463239551         0.1988809705E-01     0.1483493328         0.4311117530         0.4118984938E-01     0.8356036544E-01     0.1149634838         0.2467007637         0.6453794241E-01
    0.1487324357         0.8430706859    

                         STEP LENGTH (VM)
     1.000000000         0.1000000000         0.2000000000          1.000000000         0.1000000000         0.2000000000          1.000000000          1.000000000         0.1000000000         0.2000000000    
     1.000000000         0.1000000000         0.2000000000          1.000000000         0.2594866912         0.1000000000         0.2000000000          1.000000000         0.1000000000         0.2000000000    
     1.000000000          1.000000000         0.1000000000         0.2000000000          1.000000000         0.1000000000         0.2000000000          1.000000000          1.000000000         0.1000000000    
    0.2000000000          1.000000000         0.1000000000         0.2000000000          1.000000000          1.000000000         0.1000000000         0.2000000000          1.000000000         0.1000000000    
    0.2000000000          1.000000000    
 

 INTERMEDIATE RESULTS BEFORE NEXT TEMPERATURE REDUCTION

  CURRENT TEMPERATURE:             0.50056    
  MIN FUNCTION VALUE SO FAR:   0.557408214578790223E-01
  TOTAL MOVES:                    3360
     DOWNHILL:                    2290
     ACCEPTED UPHILL:              853
     REJECTED UPHILL:              217
  TRIALS OUT OF BOUNDS:           1662
  NEW MINIMA THIS TEMPERATURE:       0

                         CURRENT OPTIMAL X
    0.7536142468         0.5911663771E-01     0.1104718804         0.4810943604         0.2372498512E-01     0.2914520264         0.8685550094         0.8486256599         0.9402912259E-01     0.2310323477    
    0.1418944001         0.6060349941E-01     0.1970642090         0.4511810541         0.8348287824         0.2901273966E-01     0.1246151924         0.9070557356         0.2823388577E-01     0.2330172658    
    0.1329159737         0.2704821825         0.9146850109E-01     0.1411584139         0.5517118573         0.1777191162E-01     0.2593571663         0.5997101068         0.8308547735         0.8749361634E-01
    0.1003196120         0.5463239551         0.1988809705E-01     0.1483493328         0.4311117530         0.4118984938E-01     0.8356036544E-01     0.1149634838         0.2467007637         0.6453794241E-01
    0.1487324357         0.8430706859    

                         STEP LENGTH (VM)
     1.000000000         0.1000000000         0.2000000000          1.000000000         0.1000000000         0.2000000000          1.000000000          1.000000000         0.1000000000         0.2000000000    
     1.000000000         0.1000000000         0.2000000000          1.000000000         0.2473334717         0.1000000000         0.2000000000          1.000000000         0.1000000000         0.2000000000    
     1.000000000          1.000000000         0.1000000000         0.2000000000          1.000000000         0.1000000000         0.2000000000          1.000000000         0.9999998882         0.1000000000    
    0.2000000000          1.000000000         0.1000000000         0.2000000000          1.000000000          1.000000000         0.1000000000         0.2000000000          1.000000000         0.1000000000    
    0.2000000000          1.000000000    
 

 INTERMEDIATE RESULTS BEFORE NEXT TEMPERATURE REDUCTION

  CURRENT TEMPERATURE:             0.37542    
  MIN FUNCTION VALUE SO FAR:   0.548815837821219413E-01
  TOTAL MOVES:                    3360
     DOWNHILL:                    2285
     ACCEPTED UPHILL:              873
     REJECTED UPHILL:              202
  TRIALS OUT OF BOUNDS:           1599
  NEW MINIMA THIS TEMPERATURE:       2

                         CURRENT OPTIMAL X
    0.7536142468         0.4607666731E-01     0.2065935493         0.5035620332         0.7388056517E-01     0.2140288353         0.5234839320         0.8486256599         0.6437166333E-01     0.1459751964    
    0.1418944001         0.6060349941E-01     0.1970642090         0.4511810541         0.8348287824         0.2901273966E-01     0.1246151924         0.9070557356         0.2823388577E-01     0.2330172658    
    0.1329159737         0.2704821825         0.9146850109E-01     0.1411584139         0.5517118573         0.1777191162E-01     0.2593571663         0.5997101068         0.8308547735         0.8749361634E-01
    0.1003196120         0.5463239551         0.1988809705E-01     0.1483493328         0.4311117530         0.4118984938E-01     0.8356036544E-01     0.1149634838         0.2467007637         0.6453794241E-01
    0.1487324357         0.8430706859    

                         STEP LENGTH (VM)
     1.000000000         0.1000000000         0.2000000000          1.000000000         0.1000000000         0.2000000000          1.000000000         0.3356008576         0.1000000000         0.2000000000    
     1.000000000         0.1000000000         0.2000000000          1.000000000         0.1203243449         0.1000000000         0.2000000000          1.000000000         0.1000000000         0.2000000000    
     1.000000000          1.000000000         0.1000000000         0.2000000000          1.000000000         0.1000000000         0.2000000000          1.000000000         0.5714285653         0.1000000000    
    0.2000000000          1.000000000         0.1000000000         0.2000000000          1.000000000          1.000000000         0.1000000000         0.2000000000          1.000000000         0.1000000000    
    0.2000000000          1.000000000    
 

 INTERMEDIATE RESULTS BEFORE NEXT TEMPERATURE REDUCTION

  CURRENT TEMPERATURE:             0.28157    
  MIN FUNCTION VALUE SO FAR:   0.538814612191851200E-01
  TOTAL MOVES:                    3360
     DOWNHILL:                    2289
     ACCEPTED UPHILL:              858
     REJECTED UPHILL:              213
  TRIALS OUT OF BOUNDS:           1617
  NEW MINIMA THIS TEMPERATURE:       0

                         CURRENT OPTIMAL X
    0.7763478160         0.4234653711E-01     0.2065935493         0.5035620332         0.7388056517E-01     0.2140288353         0.5234839320         0.8486256599         0.6437166333E-01     0.1459751964    
    0.1418944001         0.6060349941E-01     0.1970642090         0.4511810541         0.8348287824         0.2901273966E-01     0.1246151924         0.9070557356         0.2823388577E-01     0.2330172658    
    0.1329159737         0.2704821825         0.9146850109E-01     0.1411584139         0.5517118573         0.1777191162E-01     0.2593571663         0.5997101068         0.8308547735         0.8749361634E-01
    0.1003196120         0.5463239551         0.1988809705E-01     0.1483493328         0.4311117530         0.4118984938E-01     0.8356036544E-01     0.1149634838         0.2467007637         0.6453794241E-01
    0.1487324357         0.8430706859    

                         STEP LENGTH (VM)
     1.000000000         0.1000000000         0.2000000000          1.000000000         0.1000000000         0.2000000000          1.000000000         0.6803933103         0.1000000000         0.2000000000    
     1.000000000         0.1000000000         0.2000000000          1.000000000         0.1453956111         0.1000000000         0.2000000000          1.000000000         0.1000000000         0.2000000000    
     1.000000000          1.000000000         0.1000000000         0.2000000000          1.000000000         0.1000000000         0.2000000000          1.000000000         0.4539006436         0.1000000000    
    0.2000000000          1.000000000         0.1000000000         0.2000000000          1.000000000          1.000000000         0.1000000000         0.2000000000          1.000000000         0.1000000000    
    0.2000000000          1.000000000    
 

 INTERMEDIATE RESULTS BEFORE NEXT TEMPERATURE REDUCTION

  CURRENT TEMPERATURE:             0.21118    
  MIN FUNCTION VALUE SO FAR:   0.519441601952843959E-01
  TOTAL MOVES:                    3360
     DOWNHILL:                    2297
     ACCEPTED UPHILL:              816
     REJECTED UPHILL:              247
  TRIALS OUT OF BOUNDS:           1594
  NEW MINIMA THIS TEMPERATURE:       0

                         CURRENT OPTIMAL X
    0.7763478160         0.2261435986E-02     0.2065935493         0.5035620332         0.7388056517E-01     0.2140288353         0.5234839320         0.8486256599         0.6437166333E-01     0.1459751964    
    0.1418944001         0.6060349941E-01     0.1970642090         0.4511810541         0.8348287824         0.2901273966E-01     0.1246151924         0.9070557356         0.2823388577E-01     0.2330172658    
    0.1329159737         0.2704821825         0.9146850109E-01     0.1411584139         0.5517118573         0.1777191162E-01     0.2593571663         0.5997101068         0.8308547735         0.8749361634E-01
    0.1003196120         0.5463239551         0.1988809705E-01     0.1483493328         0.4311117530         0.4118984938E-01     0.8356036544E-01     0.1149634838         0.2467007637         0.6453794241E-01
    0.1487324357         0.8430706859    

                         STEP LENGTH (VM)
     1.000000000         0.1000000000         0.2000000000          1.000000000         0.1000000000         0.2000000000          1.000000000         0.3922987595         0.1000000000         0.2000000000    
     1.000000000         0.1000000000         0.2000000000          1.000000000         0.9693038207E-01     0.1000000000         0.2000000000          1.000000000         0.1000000000         0.2000000000    
     1.000000000         0.5765765541         0.1000000000         0.2000000000          1.000000000         0.1000000000         0.2000000000          1.000000000         0.5744677381         0.1000000000    
    0.2000000000          1.000000000         0.1000000000         0.2000000000          1.000000000          1.000000000         0.1000000000         0.2000000000          1.000000000         0.1000000000    
    0.2000000000          1.000000000    
 

 INTERMEDIATE RESULTS BEFORE NEXT TEMPERATURE REDUCTION

  CURRENT TEMPERATURE:             0.15838    
  MIN FUNCTION VALUE SO FAR:   0.519441601952843959E-01
  TOTAL MOVES:                    3360
     DOWNHILL:                    2273
     ACCEPTED UPHILL:              827
     REJECTED UPHILL:              260
  TRIALS OUT OF BOUNDS:           1580
  NEW MINIMA THIS TEMPERATURE:       0

                         CURRENT OPTIMAL X
    0.7763478160         0.2261435986E-02     0.2065935493         0.5035620332         0.7388056517E-01     0.2140288353         0.5234839320         0.8486256599         0.6437166333E-01     0.1459751964    
    0.1418944001         0.6060349941E-01     0.1970642090         0.4511810541         0.8348287824         0.2901273966E-01     0.1246151924         0.9070557356         0.2823388577E-01     0.2330172658    
    0.1329159737         0.2704821825         0.9146850109E-01     0.1411584139         0.5517118573         0.1777191162E-01     0.2593571663         0.5997101068         0.8308547735         0.8749361634E-01
    0.1003196120         0.5463239551         0.1988809705E-01     0.1483493328         0.4311117530         0.4118984938E-01     0.8356036544E-01     0.1149634838         0.2467007637         0.6453794241E-01
    0.1487324357         0.8430706859    

                         STEP LENGTH (VM)
     1.000000000         0.1000000000         0.2000000000          1.000000000         0.1000000000         0.2000000000          1.000000000         0.2309142362         0.1000000000         0.2000000000    
     1.000000000         0.1000000000         0.2000000000          1.000000000         0.5437727127E-01     0.1000000000         0.2000000000          1.000000000         0.1000000000         0.2000000000    
     1.000000000         0.4733381388         0.1000000000         0.2000000000          1.000000000         0.1000000000         0.2000000000          1.000000000         0.2071751584         0.1000000000    
    0.2000000000          1.000000000         0.1000000000         0.2000000000          1.000000000          1.000000000         0.1000000000         0.2000000000          1.000000000         0.1000000000    
    0.2000000000          1.000000000    
 

 INTERMEDIATE RESULTS BEFORE NEXT TEMPERATURE REDUCTION

  CURRENT TEMPERATURE:             0.11879    
  MIN FUNCTION VALUE SO FAR:   0.510342181666888980E-01
  TOTAL MOVES:                    3360
     DOWNHILL:                    2250
     ACCEPTED UPHILL:              835
     REJECTED UPHILL:              275
  TRIALS OUT OF BOUNDS:           1583
  NEW MINIMA THIS TEMPERATURE:       1

                         CURRENT OPTIMAL X
    0.7763478160         0.4189517498E-01     0.2849600673         0.5974782705         0.1591693759E-01     0.1811105728         0.1644263864         0.8553123007         0.6437166333E-01     0.1577016473    
    0.7648235559E-01     0.9574279189E-01     0.2146443129         0.1341840029         0.8348287824         0.2901273966E-01     0.1688189864         0.9070557356         0.2823388577E-01     0.2330172658    
    0.1329159737         0.2704821825         0.9146850109E-01     0.1411584139         0.5517118573         0.1777191162E-01     0.2593571663         0.5997101068         0.8308547735         0.8749361634E-01
    0.1003196120         0.5463239551         0.1988809705E-01     0.1483493328         0.4311117530         0.4118984938E-01     0.8356036544E-01     0.1149634838         0.2467007637         0.6453794241E-01
    0.1487324357         0.8430706859    

                         STEP LENGTH (VM)
    0.8650825885         0.1000000000         0.2000000000          1.000000000         0.1000000000         0.2000000000          1.000000000         0.3812783184         0.1000000000         0.2000000000    
     1.000000000         0.1000000000         0.2000000000          1.000000000         0.6440004705E-01     0.1000000000         0.2000000000          1.000000000         0.1000000000         0.2000000000    
     1.000000000         0.5585488238         0.1000000000         0.2000000000          1.000000000         0.1000000000         0.2000000000          1.000000000         0.1980421092         0.1000000000    
    0.2000000000          1.000000000         0.1000000000         0.2000000000          1.000000000         0.9999998675         0.1000000000         0.2000000000          1.000000000         0.1000000000    
    0.2000000000          1.000000000    
 

 INTERMEDIATE RESULTS BEFORE NEXT TEMPERATURE REDUCTION

  CURRENT TEMPERATURE:             0.89090E-01
  MIN FUNCTION VALUE SO FAR:   0.501692805882768544E-01
  TOTAL MOVES:                    3360
     DOWNHILL:                    2268
     ACCEPTED UPHILL:              814
     REJECTED UPHILL:              278
  TRIALS OUT OF BOUNDS:           1566
  NEW MINIMA THIS TEMPERATURE:       3

                         CURRENT OPTIMAL X
    0.7763478160         0.7064841986E-01     0.2372033715         0.9550018311         0.7289712429E-01     0.2031352758         0.3235735297         0.8553123007         0.9250541329E-01     0.1359622121    
    0.7648235559E-01     0.9574279189E-01     0.2146443129         0.1341840029         0.8348287824         0.2901273966E-01     0.1688189864         0.9070557356         0.2823388577E-01     0.2330172658    
    0.1329159737         0.2704821825         0.9146850109E-01     0.1411584139         0.5517118573         0.1777191162E-01     0.2593571663         0.5997101068         0.8308547735         0.8749361634E-01
    0.1003196120         0.5463239551         0.1988809705E-01     0.1483493328         0.4311117530         0.4118984938E-01     0.8356036544E-01     0.1149634838         0.2467007637         0.6453794241E-01
    0.1487324357         0.8430706859    

                         STEP LENGTH (VM)
    0.5106382938         0.1000000000         0.2000000000          1.000000000         0.1000000000         0.2000000000          1.000000000         0.1721467327         0.1000000000         0.2000000000    
     1.000000000         0.1000000000         0.2000000000          1.000000000         0.3738413018E-01     0.1000000000         0.2000000000          1.000000000         0.1000000000         0.2000000000    
     1.000000000         0.7905403454         0.1000000000         0.2000000000          1.000000000         0.1000000000         0.2000000000          1.000000000         0.2122595483         0.1000000000    
    0.2000000000          1.000000000         0.1000000000         0.2000000000          1.000000000         0.9999998675         0.1000000000         0.2000000000          1.000000000         0.1000000000    
    0.2000000000          1.000000000    
 

 INTERMEDIATE RESULTS BEFORE NEXT TEMPERATURE REDUCTION

  CURRENT TEMPERATURE:             0.66817E-01
  MIN FUNCTION VALUE SO FAR:   0.501435247294901645E-01
  TOTAL MOVES:                    3360
     DOWNHILL:                    2228
     ACCEPTED UPHILL:              800
     REJECTED UPHILL:              332
  TRIALS OUT OF BOUNDS:           1509
  NEW MINIMA THIS TEMPERATURE:       0

                         CURRENT OPTIMAL X
    0.7763478160         0.3748739362E-01     0.2372033715         0.9550018311         0.7289712429E-01     0.2031352758         0.3235735297         0.8553123007         0.9250541329E-01     0.1359622121    
    0.7648235559E-01     0.9574279189E-01     0.2146443129         0.1341840029         0.8348287824         0.2901273966E-01     0.1688189864         0.9070557356         0.2823388577E-01     0.2330172658    
    0.1329159737         0.2704821825         0.9146850109E-01     0.1411584139         0.5517118573         0.1777191162E-01     0.2593571663         0.5997101068         0.8308547735         0.8749361634E-01
    0.1003196120         0.5463239551         0.1988809705E-01     0.1483493328         0.4311117530         0.4118984938E-01     0.8356036544E-01     0.1149634838         0.2467007637         0.6453794241E-01
    0.1487324357         0.8430706859    

                         STEP LENGTH (VM)
    0.5013129688         0.1000000000         0.2000000000          1.000000000         0.1000000000         0.2000000000          1.000000000         0.2963183356         0.1000000000         0.2000000000    
     1.000000000         0.1000000000         0.2000000000          1.000000000         0.2602162731E-01     0.1000000000         0.2000000000          1.000000000         0.1000000000         0.2000000000    
     1.000000000         0.1446356917         0.1000000000         0.2000000000          1.000000000         0.1000000000         0.2000000000          1.000000000         0.1730700991         0.1000000000    
    0.2000000000          1.000000000         0.1000000000         0.2000000000          1.000000000         0.4443064389         0.1000000000         0.2000000000          1.000000000         0.1000000000    
    0.2000000000          1.000000000    
 

 INTERMEDIATE RESULTS BEFORE NEXT TEMPERATURE REDUCTION

  CURRENT TEMPERATURE:             0.50113E-01
  MIN FUNCTION VALUE SO FAR:   0.499879609862412255E-01
  TOTAL MOVES:                    3360
     DOWNHILL:                    2210
     ACCEPTED UPHILL:              777
     REJECTED UPHILL:              373
  TRIALS OUT OF BOUNDS:           1470
  NEW MINIMA THIS TEMPERATURE:       0

                         CURRENT OPTIMAL X
    0.7763478160         0.2057601810E-01     0.2734689116         0.9550018311         0.7289712429E-01     0.2031352758         0.3235735297         0.8553123007         0.9250541329E-01     0.1359622121    
    0.7648235559E-01     0.9574279189E-01     0.2146443129         0.1341840029         0.8348287824         0.2901273966E-01     0.1688189864         0.9070557356         0.2823388577E-01     0.2330172658    
    0.1329159737         0.2704821825         0.9146850109E-01     0.1411584139         0.5517118573         0.1777191162E-01     0.2593571663         0.5997101068         0.8308547735         0.8749361634E-01
    0.1003196120         0.5463239551         0.1988809705E-01     0.1483493328         0.4311117530         0.4118984938E-01     0.8356036544E-01     0.1149634838         0.2467007637         0.6453794241E-01
    0.1487324357         0.8430706859    

                         STEP LENGTH (VM)
    0.2956282393         0.1000000000         0.2000000000          1.000000000         0.1000000000         0.2000000000          1.000000000         0.6166018909E-01     0.1000000000         0.2000000000    
     1.000000000         0.1000000000         0.2000000000          1.000000000         0.1869204981E-01     0.1000000000         0.2000000000          1.000000000         0.1000000000         0.2000000000    
     1.000000000         0.1667870014         0.1000000000         0.2000000000          1.000000000         0.1000000000         0.2000000000          1.000000000         0.5264963848E-01     0.1000000000    
    0.2000000000          1.000000000         0.1000000000         0.2000000000          1.000000000         0.2376374616         0.1000000000         0.2000000000          1.000000000         0.1000000000    
    0.2000000000          1.000000000    
 

 INTERMEDIATE RESULTS BEFORE NEXT TEMPERATURE REDUCTION

  CURRENT TEMPERATURE:             0.37585E-01
  MIN FUNCTION VALUE SO FAR:   0.499879609862412255E-01
  TOTAL MOVES:                    3360
     DOWNHILL:                    2229
     ACCEPTED UPHILL:              802
     REJECTED UPHILL:              329
  TRIALS OUT OF BOUNDS:           1536
  NEW MINIMA THIS TEMPERATURE:       0

                         CURRENT OPTIMAL X
    0.7763478160         0.2057601810E-01     0.2734689116         0.9550018311         0.7289712429E-01     0.2031352758         0.3235735297         0.8553123007         0.9250541329E-01     0.1359622121    
    0.7648235559E-01     0.9574279189E-01     0.2146443129         0.1341840029         0.8348287824         0.2901273966E-01     0.1688189864         0.9070557356         0.2823388577E-01     0.2330172658    
    0.1329159737         0.2704821825         0.9146850109E-01     0.1411584139         0.5517118573         0.1777191162E-01     0.2593571663         0.5997101068         0.8308547735         0.8749361634E-01
    0.1003196120         0.5463239551         0.1988809705E-01     0.1483493328         0.4311117530         0.4118984938E-01     0.8356036544E-01     0.1149634838         0.2467007637         0.6453794241E-01
    0.1487324357         0.8430706859    

                         STEP LENGTH (VM)
    0.3755276487         0.1000000000         0.2000000000          1.000000000         0.1000000000         0.2000000000          1.000000000         0.1477984801         0.1000000000         0.2000000000    
     1.000000000         0.1000000000         0.2000000000          1.000000000         0.1661514629E-01     0.1000000000         0.2000000000          1.000000000         0.1000000000         0.2000000000    
     1.000000000         0.2660793504         0.1000000000         0.2000000000          1.000000000         0.1000000000         0.2000000000          1.000000000         0.1311177339         0.1000000000    
    0.2000000000          1.000000000         0.1000000000         0.2000000000          1.000000000         0.2155699551         0.1000000000         0.2000000000          1.000000000         0.1000000000    
    0.2000000000          1.000000000    
 

 INTERMEDIATE RESULTS BEFORE NEXT TEMPERATURE REDUCTION

  CURRENT TEMPERATURE:             0.28189E-01
  MIN FUNCTION VALUE SO FAR:   0.499879609862412255E-01
  TOTAL MOVES:                    3360
     DOWNHILL:                    2215
     ACCEPTED UPHILL:              777
     REJECTED UPHILL:              368
  TRIALS OUT OF BOUNDS:           1474
  NEW MINIMA THIS TEMPERATURE:       0

                         CURRENT OPTIMAL X
    0.7763478160         0.2057601810E-01     0.2734689116         0.9550018311         0.7289712429E-01     0.2031352758         0.3235735297         0.8553123007         0.9250541329E-01     0.1359622121    
    0.7648235559E-01     0.9574279189E-01     0.2146443129         0.1341840029         0.8348287824         0.2901273966E-01     0.1688189864         0.9070557356         0.2823388577E-01     0.2330172658    
    0.1329159737         0.2704821825         0.9146850109E-01     0.1411584139         0.5517118573         0.1777191162E-01     0.2593571663         0.5997101068         0.8308547735         0.8749361634E-01
    0.1003196120         0.5463239551         0.1988809705E-01     0.1483493328         0.4311117530         0.4118984938E-01     0.8356036544E-01     0.1149634838         0.2467007637         0.6453794241E-01
    0.1487324357         0.8430706859    

                         STEP LENGTH (VM)
    0.2311173930         0.1000000000         0.2000000000          1.000000000         0.1000000000         0.2000000000          1.000000000         0.7038216452E-01     0.1000000000         0.2000000000    
     1.000000000         0.1000000000         0.2000000000          1.000000000         0.1009240482E-01     0.1000000000         0.2000000000          1.000000000         0.1000000000         0.2000000000    
     1.000000000         0.5041756653         0.1000000000         0.2000000000          1.000000000         0.1000000000         0.2000000000          1.000000000         0.9309448963E-01     0.1000000000    
    0.2000000000          1.000000000         0.1000000000         0.2000000000          1.000000000         0.1100008921         0.1000000000         0.2000000000          1.000000000         0.1000000000    
    0.2000000000          1.000000000    
 

 INTERMEDIATE RESULTS BEFORE NEXT TEMPERATURE REDUCTION

  CURRENT TEMPERATURE:             0.21141E-01
  MIN FUNCTION VALUE SO FAR:   0.499879609862412255E-01
  TOTAL MOVES:                    3360
     DOWNHILL:                    2192
     ACCEPTED UPHILL:              742
     REJECTED UPHILL:              426
  TRIALS OUT OF BOUNDS:           1434
  NEW MINIMA THIS TEMPERATURE:       0

                         CURRENT OPTIMAL X
    0.7763478160         0.2057601810E-01     0.2734689116         0.9550018311         0.7289712429E-01     0.2031352758         0.3235735297         0.8553123007         0.9250541329E-01     0.1359622121    
    0.7648235559E-01     0.9574279189E-01     0.2146443129         0.1341840029         0.8348287824         0.2901273966E-01     0.1688189864         0.9070557356         0.2823388577E-01     0.2330172658    
    0.1329159737         0.2704821825         0.9146850109E-01     0.1411584139         0.5517118573         0.1777191162E-01     0.2593571663         0.5997101068         0.8308547735         0.8749361634E-01
    0.1003196120         0.5463239551         0.1988809705E-01     0.1483493328         0.4311117530         0.4118984938E-01     0.8356036544E-01     0.1149634838         0.2467007637         0.6453794241E-01
    0.1487324357         0.8430706859    

                         STEP LENGTH (VM)
    0.1535147369         0.1000000000         0.2000000000          1.000000000         0.1000000000         0.2000000000          1.000000000         0.2726554596         0.1000000000         0.2000000000    
     1.000000000         0.1000000000         0.2000000000          1.000000000         0.5153565440E-02     0.1000000000         0.2000000000          1.000000000         0.1000000000         0.2000000000    
     1.000000000         0.5728998490E-01     0.1000000000         0.2000000000          1.000000000         0.1000000000         0.2000000000          1.000000000         0.1587860596         0.1000000000    
    0.2000000000          1.000000000         0.1000000000         0.2000000000          1.000000000         0.7489420690E-01     0.6964284942E-01     0.2000000000          1.000000000         0.1000000000    
    0.2000000000          1.000000000    
 

 INTERMEDIATE RESULTS BEFORE NEXT TEMPERATURE REDUCTION

  CURRENT TEMPERATURE:             0.15856E-01
  MIN FUNCTION VALUE SO FAR:   0.439140608770310983E-01
  TOTAL MOVES:                    3360
     DOWNHILL:                    2131
     ACCEPTED UPHILL:              767
     REJECTED UPHILL:              462
  TRIALS OUT OF BOUNDS:           1430
  NEW MINIMA THIS TEMPERATURE:       0

                         CURRENT OPTIMAL X
    0.4984292824         0.2231526971E-01     0.2665192723         0.1752651334         0.8494141698E-01     0.2504652262         0.6842839122         0.8463093039         0.3485018015E-01     0.1527512550    
    0.3021254539         0.6395429373E-02     0.2900342822         0.5947036147         0.8420298045         0.5146250129E-01     0.2039450288         0.6986395121         0.6205074191E-01     0.1722662687    
    0.2287002206         0.6323801807E-01     0.7969450355E-01     0.1418587923         0.9694658518         0.7809876204E-01     0.2170626998         0.8204865456         0.8928657313         0.6137388945E-02
    0.1304067492         0.1082592010         0.7253245115E-01     0.2051070452         0.8847713470E-02     0.6073023083E-01     0.9140952826E-01     0.1404951453         0.8752703667E-02     0.8892648816E-01
    0.1095436454         0.2940927148    

                         STEP LENGTH (VM)
    0.2676681950         0.1000000000         0.2000000000          1.000000000         0.1000000000         0.2000000000          1.000000000         0.6705995600E-01     0.1000000000         0.2000000000    
     1.000000000         0.1000000000         0.2000000000          1.000000000         0.6012491508E-02     0.1000000000         0.2000000000          1.000000000         0.1000000000         0.2000000000    
     1.000000000         0.2042446250         0.1000000000         0.2000000000          1.000000000         0.1000000000         0.2000000000          1.000000000         0.5885502866E-01     0.1000000000    
    0.2000000000          1.000000000         0.1000000000         0.2000000000          1.000000000         0.2878816124E-01     0.1000000000         0.2000000000          1.000000000         0.1000000000    
    0.2000000000          1.000000000    
 

 INTERMEDIATE RESULTS BEFORE NEXT TEMPERATURE REDUCTION

  CURRENT TEMPERATURE:             0.11892E-01
  MIN FUNCTION VALUE SO FAR:   0.437674255263884177E-01
  TOTAL MOVES:                    3360
     DOWNHILL:                    2186
     ACCEPTED UPHILL:              758
     REJECTED UPHILL:              416
  TRIALS OUT OF BOUNDS:           1448
  NEW MINIMA THIS TEMPERATURE:       0

                         CURRENT OPTIMAL X
    0.4985480140         0.2332792878E-01     0.1793618083         0.1752651334         0.8494141698E-01     0.2504652262         0.6842839122         0.8463093039         0.3485018015E-01     0.1527512550    
    0.3021254539         0.6395429373E-02     0.2900342822         0.5947036147         0.8420298045         0.5146250129E-01     0.2039450288         0.6986395121         0.6205074191E-01     0.1722662687    
    0.2287002206         0.6323801807E-01     0.7969450355E-01     0.1418587923         0.9694658518         0.7809876204E-01     0.2170626998         0.8204865456         0.8928657313         0.6137388945E-02
    0.1304067492         0.1082592010         0.7253245115E-01     0.2051070452         0.8847713470E-02     0.6073023083E-01     0.9140952826E-01     0.1404951453         0.8752703667E-02     0.8892648816E-01
    0.1095436454         0.2940927148    

                         STEP LENGTH (VM)
    0.1845149546         0.1000000000         0.2000000000          1.000000000         0.1000000000         0.2000000000          1.000000000         0.6023856320E-01     0.1000000000         0.2000000000    
     1.000000000         0.1000000000         0.2000000000          1.000000000         0.4008326048E-02     0.9999998675E-01     0.2000000000          1.000000000         0.1000000000         0.2000000000    
     1.000000000         0.6892120719E-01     0.1000000000         0.2000000000          1.000000000         0.1000000000         0.2000000000          1.000000000         0.5061401673E-01     0.1000000000    
    0.2000000000          1.000000000         0.1000000000         0.2000000000          1.000000000         0.4992943885E-01     0.1000000000         0.2000000000          1.000000000         0.1000000000    
    0.2000000000          1.000000000    
 

 INTERMEDIATE RESULTS BEFORE NEXT TEMPERATURE REDUCTION

  CURRENT TEMPERATURE:             0.89190E-02
  MIN FUNCTION VALUE SO FAR:   0.350094194438121536E-01
  TOTAL MOVES:                    3360
     DOWNHILL:                    2082
     ACCEPTED UPHILL:              660
     REJECTED UPHILL:              618
  TRIALS OUT OF BOUNDS:           1370
  NEW MINIMA THIS TEMPERATURE:       4

                         CURRENT OPTIMAL X
    0.5233067422         0.1020862460E-01     0.1830343723         0.4557182193         0.2646303177E-02     0.2569726348         0.6306995153         0.8707646604         0.7769041061E-01     0.2690367222    
    0.5001632571         0.4462188482E-02     0.2969776392         0.7319500446         0.8355938393         0.3448138237E-01     0.1317448020         0.9750313787         0.8387464285E-01     0.2489242673    
    0.3276681900         0.2942149337E-02     0.3538759947E-01     0.1557811260         0.3272376657         0.7941216230E-02     0.2427258134         0.6071239114         0.9991933128         0.1056719000E-02
    0.1271408103         0.5946599771E-01     0.7357690930E-01     0.2634225488         0.2626113892         0.3660966205E-01     0.6254096031E-01     0.2247447371         0.4097229242         0.5843349695E-01
    0.1928413153         0.2609068155E-01

                         STEP LENGTH (VM)
    0.1236642235         0.1000000000         0.2000000000          1.000000000         0.1000000000         0.2000000000          1.000000000         0.1730255899E-01     0.1000000000         0.2000000000    
     1.000000000         0.1000000000         0.2000000000          1.000000000         0.3053961982E-02     0.1000000000         0.2000000000         0.6486486395         0.1000000000         0.2000000000    
     1.000000000         0.3406143586E-01     0.1000000000         0.2000000000          1.000000000         0.1000000000         0.2000000000          1.000000000         0.1750379405E-01     0.1245861229E-02
    0.5385989720E-02     0.2756716474E-01     0.1000000000         0.2000000000          1.000000000         0.1818198184E-01     0.1000000000         0.2000000000          1.000000000         0.1000000000    
    0.2000000000          1.000000000    
 

 INTERMEDIATE RESULTS BEFORE NEXT TEMPERATURE REDUCTION

  CURRENT TEMPERATURE:             0.66893E-02
  MIN FUNCTION VALUE SO FAR:   0.347635424978475563E-01
  TOTAL MOVES:                    3360
     DOWNHILL:                    2064
     ACCEPTED UPHILL:              612
     REJECTED UPHILL:              684
  TRIALS OUT OF BOUNDS:           1282
  NEW MINIMA THIS TEMPERATURE:       0

                         CURRENT OPTIMAL X
    0.5233067422         0.1020862460E-01     0.1856953382         0.5025944114         0.1209821701E-01     0.1042600989         0.4857748747E-01     0.8707646604         0.7769041061E-01     0.2055827737    
    0.5001632571         0.4462188482E-02     0.2969776392         0.7319500446         0.8355938393         0.3448138237E-01     0.1317448020         0.9750313787         0.8387464285E-01     0.2489242673    
    0.3276681900         0.2942149337E-02     0.3538759947E-01     0.1557811260         0.3272376657         0.7941216230E-02     0.2427258134         0.6071239114         0.9991933128         0.1056719000E-02
    0.1271408103         0.5946599771E-01     0.7357690930E-01     0.2634225488         0.2626113892         0.3660966205E-01     0.6254096031E-01     0.2247447371         0.4097229242         0.5843349695E-01
    0.1928413153         0.2609068155E-01

                         STEP LENGTH (VM)
    0.6314765818E-01     0.1000000000         0.2000000000          1.000000000         0.1000000000         0.2000000000          1.000000000         0.1159638967E-01     0.1000000000         0.2000000000    
     1.000000000         0.1000000000         0.2000000000          1.000000000         0.1551218051E-02     0.1000000000         0.2000000000          1.000000000         0.1000000000         0.2000000000    
     1.000000000         0.2796258814E-01     0.1000000000         0.2000000000          1.000000000         0.1000000000         0.2000000000          1.000000000         0.2948919597E-01     0.7838109435E-03
    0.2497492340E-02     0.2882486311E-01     0.1000000000         0.2000000000          1.000000000         0.1351472646E-01     0.6252711955E-02     0.3548163235E-01     0.2304408730         0.1000000000    
    0.2000000000          1.000000000    
 

 INTERMEDIATE RESULTS BEFORE NEXT TEMPERATURE REDUCTION

  CURRENT TEMPERATURE:             0.50170E-02
  MIN FUNCTION VALUE SO FAR:   0.347094099831047609E-01
  TOTAL MOVES:                    3360
     DOWNHILL:                    2063
     ACCEPTED UPHILL:              611
     REJECTED UPHILL:              686
  TRIALS OUT OF BOUNDS:           1304
  NEW MINIMA THIS TEMPERATURE:       0

                         CURRENT OPTIMAL X
    0.5233067422         0.1020862460E-01     0.1482730627         0.5025944114         0.1209821701E-01     0.1042600989         0.4857748747E-01     0.8707646604         0.7769041061E-01     0.2055827737    
    0.5001632571         0.4462188482E-02     0.2969776392         0.7319500446         0.8355938393         0.3448138237E-01     0.1317448020         0.9750313787         0.8387464285E-01     0.2489242673    
    0.3276681900         0.2942149337E-02     0.3538759947E-01     0.1557811260         0.3272376657         0.7941216230E-02     0.2427258134         0.6071239114         0.9991933128         0.1056719000E-02
    0.1271408103         0.5946599771E-01     0.7357690930E-01     0.2634225488         0.2626113892         0.3660966205E-01     0.6254096031E-01     0.2247447371         0.4097229242         0.5843349695E-01
    0.1928413153         0.2609068155E-01

                         STEP LENGTH (VM)
    0.2984510202E-01     0.1000000000         0.2000000000          1.000000000         0.1000000000         0.2000000000          1.000000000         0.8386668810E-02     0.6293856500E-02     0.2679900673E-01
    0.3265306053         0.1000000000         0.2000000000          1.000000000         0.1297153733E-02     0.1000000000         0.2000000000          1.000000000         0.1000000000         0.2000000000    
     1.000000000         0.1830129062E-01     0.1000000000         0.2000000000          1.000000000         0.1000000000         0.2000000000          1.000000000         0.9600920656E-02     0.1411706727E-02
    0.1909834615E-02     0.1736881834E-01     0.1000000000         0.2000000000          1.000000000         0.1314945635E-01     0.7619046828E-01     0.2000000000          1.000000000         0.1000000000    
    0.2000000000          1.000000000    
 

 INTERMEDIATE RESULTS BEFORE NEXT TEMPERATURE REDUCTION

  CURRENT TEMPERATURE:             0.37627E-02
  MIN FUNCTION VALUE SO FAR:   0.346775015397536995E-01
  TOTAL MOVES:                    3360
     DOWNHILL:                    2015
     ACCEPTED UPHILL:              570
     REJECTED UPHILL:              775
  TRIALS OUT OF BOUNDS:           1259
  NEW MINIMA THIS TEMPERATURE:       1

                         CURRENT OPTIMAL X
    0.5233067422         0.1781636477E-02     0.2776231289         0.5025944114         0.1209821701E-01     0.1042600989         0.4857748747E-01     0.8707646604         0.7769041061E-01     0.2055827737    
    0.5001632571         0.4462188482E-02     0.2969776392         0.7319500446         0.8355938393         0.3448138237E-01     0.1317448020         0.9750313787         0.8387464285E-01     0.2489242673    
    0.3276681900         0.2942149337E-02     0.3538759947E-01     0.1557811260         0.3272376657         0.7941216230E-02     0.2427258134         0.6071239114         0.9991933128         0.1056719000E-02
    0.1271408103         0.5946599771E-01     0.7357690930E-01     0.2634225488         0.2626113892         0.3660966205E-01     0.6254096031E-01     0.2247447371         0.4097229242         0.5843349695E-01
    0.1928413153         0.2609068155E-01

                         STEP LENGTH (VM)
    0.4422989083E-01     0.1000000000         0.2000000000          1.000000000         0.1000000000         0.2000000000          1.000000000         0.7587935737E-02     0.1000000000         0.2000000000    
    0.7619046828         0.1000000000         0.2000000000          1.000000000         0.1268268197E-02     0.4945694610E-01     0.2000000000          1.000000000         0.1000000000         0.2000000000    
     1.000000000         0.2507953288E-01     0.1000000000         0.2000000000          1.000000000         0.1000000000         0.2000000000          1.000000000         0.1053177595E-01     0.7925365814E-03
    0.1788450049E-02     0.1267454034E-01     0.1000000000         0.2000000000          1.000000000         0.9395637538E-02     0.3742689093E-01     0.2000000000          1.000000000         0.1000000000    
    0.2000000000          1.000000000    
 

 INTERMEDIATE RESULTS BEFORE NEXT TEMPERATURE REDUCTION

  CURRENT TEMPERATURE:             0.28220E-02
  MIN FUNCTION VALUE SO FAR:   0.346775015397536995E-01
  TOTAL MOVES:                    3360
     DOWNHILL:                    2052
     ACCEPTED UPHILL:              535
     REJECTED UPHILL:              773
  TRIALS OUT OF BOUNDS:           1275
  NEW MINIMA THIS TEMPERATURE:       0

                         CURRENT OPTIMAL X
    0.5233067422         0.1781636477E-02     0.2776231289         0.5025944114         0.1209821701E-01     0.1042600989         0.4857748747E-01     0.8707646604         0.7769041061E-01     0.2055827737    
    0.5001632571         0.4462188482E-02     0.2969776392         0.7319500446         0.8355938393         0.3448138237E-01     0.1317448020         0.9750313787         0.8387464285E-01     0.2489242673    
    0.3276681900         0.2942149337E-02     0.3538759947E-01     0.1557811260         0.3272376657         0.7941216230E-02     0.2427258134         0.6071239114         0.9991933128         0.1056719000E-02
    0.1271408103         0.5946599771E-01     0.7357690930E-01     0.2634225488         0.2626113892         0.3660966205E-01     0.6254096031E-01     0.2247447371         0.4097229242         0.5843349695E-01
    0.1928413153         0.2609068155E-01

                         STEP LENGTH (VM)
    0.5046121644E-01     0.1000000000         0.2000000000          1.000000000         0.1000000000         0.2000000000          1.000000000         0.6285401910E-02     0.1884231181E-02     0.5428148750E-02
    0.7331664037E-01     0.1000000000         0.2000000000          1.000000000         0.8410383045E-03     0.4864864706E-01     0.1297297279          1.000000000         0.1000000000         0.2000000000    
     1.000000000         0.2520326622E-01     0.1000000000         0.2000000000          1.000000000         0.1000000000         0.2000000000          1.000000000         0.5123564766E-02     0.4788570401E-03
    0.8246638239E-03     0.1425885179E-01     0.1000000000         0.2000000000          1.000000000         0.8351674757E-02     0.2188449477E-01     0.1153153108         0.3554354224         0.1000000000    
    0.2000000000          1.000000000    
 

 INTERMEDIATE RESULTS BEFORE NEXT TEMPERATURE REDUCTION

  CURRENT TEMPERATURE:             0.21165E-02
  MIN FUNCTION VALUE SO FAR:   0.344117868420911743E-01
  TOTAL MOVES:                    3360
     DOWNHILL:                    2024
     ACCEPTED UPHILL:              567
     REJECTED UPHILL:              769
  TRIALS OUT OF BOUNDS:           1202
  NEW MINIMA THIS TEMPERATURE:       2

                         CURRENT OPTIMAL X
    0.5880662763         0.9160773754E-01     0.1379618406         0.6055619121         0.5927589536E-01     0.2963114977         0.3536762595         0.8642314583         0.2458875550E-01     0.2087176245    
    0.9140899181         0.9955720901E-01     0.1701287270         0.6580226421         0.8342884725         0.1484903693E-01     0.2570610523         0.8605029740         0.8276065588E-01     0.2799555898    
    0.5293932557         0.9729268865E-02     0.8636273146E-01     0.2581093431         0.6708413363E-01     0.5392665267E-01     0.2488653183         0.1491118073         0.9979929161         0.2346770031E-03
    0.1263253272         0.4781673027E-01     0.6082801223E-01     0.2988934994         0.8772585392         0.3940746841E-01     0.9308299677E-01     0.1259097338         0.9946854624         0.1547672749E-01
    0.1497436881         0.1428553462    

                         STEP LENGTH (VM)
    0.2048904600E-01     0.1000000000         0.2000000000          1.000000000         0.1000000000         0.2000000000          1.000000000         0.3547593956E-02     0.4615384589E-01     0.1142857131    
     1.000000000         0.1000000000         0.2000000000          1.000000000         0.9461677597E-03     0.9619872699E-01     0.2000000000          1.000000000         0.1000000000         0.2000000000    
     1.000000000         0.6533843438E-02     0.1000000000         0.2000000000          1.000000000         0.1000000000         0.2000000000          1.000000000         0.2525216491E-02     0.2962787974E-03
    0.5964083780E-03     0.5698847759E-02     0.1000000000         0.2000000000          1.000000000         0.4774903158E-02     0.3414876922E-01     0.2000000000          1.000000000         0.1000000000    
    0.2000000000          1.000000000    
 

 INTERMEDIATE RESULTS BEFORE NEXT TEMPERATURE REDUCTION

  CURRENT TEMPERATURE:             0.15874E-02
  MIN FUNCTION VALUE SO FAR:   0.343738201570066362E-01
  TOTAL MOVES:                    3360
     DOWNHILL:                    2025
     ACCEPTED UPHILL:              575
     REJECTED UPHILL:              760
  TRIALS OUT OF BOUNDS:           1165
  NEW MINIMA THIS TEMPERATURE:       0

                         CURRENT OPTIMAL X
    0.5880662763         0.7506984472E-01     0.1898074031         0.1496394277         0.3898341060E-01     0.1474282742         0.7680195570E-01     0.8642314583         0.2458875550E-01     0.2087176245    
    0.9140899181         0.7053889036E-01     0.2285744548         0.5258463621         0.8342884725         0.4751909621E-01     0.1314351678         0.8605029740         0.8918510079E-01     0.2687460780    
    0.6616362929         0.9224312123E-02     0.6772551537E-01     0.1155374050         0.6708413363E-01     0.6772318482E-01     0.1677015305         0.1863593459         0.9965173619         0.2346770031E-03
    0.1263253272         0.4781673027E-01     0.8834753633E-01     0.1973759413         0.1432746053         0.3940746841E-01     0.9049032927E-01     0.1370410919         0.4088694367         0.6900250912E-02
    0.2633370161         0.8891065717    

                         STEP LENGTH (VM)
    0.1796200789E-01     0.1000000000         0.2000000000          1.000000000         0.1000000000         0.2000000000          1.000000000         0.2022832836E-02     0.5171482197E-02     0.1671769097E-01
    0.1446283474         0.1000000000         0.2000000000          1.000000000         0.4915385622E-03     0.4968503011E-01     0.2000000000          1.000000000         0.1000000000         0.2000000000    
     1.000000000         0.1619422371E-01     0.1000000000         0.2000000000          1.000000000         0.1000000000         0.2000000000          1.000000000         0.2417300507E-02     0.1975191153E-03
    0.6622775645E-03     0.5263249240E-02     0.1000000000         0.2000000000          1.000000000         0.1032410960E-02     0.5028771639E-01     0.2000000000         0.2944220679         0.1000000000    
    0.2000000000          1.000000000    
 

 INTERMEDIATE RESULTS BEFORE NEXT TEMPERATURE REDUCTION

  CURRENT TEMPERATURE:             0.11905E-02
  MIN FUNCTION VALUE SO FAR:   0.335035137836575334E-01
  TOTAL MOVES:                    3360
     DOWNHILL:                    1996
     ACCEPTED UPHILL:              604
     REJECTED UPHILL:              760
  TRIALS OUT OF BOUNDS:           1186
  NEW MINIMA THIS TEMPERATURE:       3

                         CURRENT OPTIMAL X
    0.6424840836         0.6044757366E-01     0.2372871399         0.6259666085         0.4123774171E-01     0.1557590365         0.2734257579         0.8742929860         0.7893552780E-01     0.2429199696    
    0.3292009830         0.7414220572E-01     0.2228008747         0.9094169736         0.8326008213         0.2491435393E-01     0.1181398120         0.8808505407         0.2184297442E-01     0.2620334625    
    0.6810098886E-01     0.7985618530E-02     0.2797790191E-01     0.1010671758         0.7828922922         0.5631857514E-01     0.1225124002         0.3076505661E-01     0.9913316062         0.1477069873E-02
    0.1244445693         0.5158860107E-01     0.5750465393E-01     0.1294175386         0.8562387824         0.3962575519E-01     0.9128561700E-01     0.2420319676         0.3417352438         0.9083128572E-01
    0.1543569088         0.4531970024    

                         STEP LENGTH (VM)
    0.9426866077E-02     0.1000000000         0.2000000000          1.000000000         0.1000000000         0.2000000000          1.000000000         0.2214180490E-02     0.5489779620E-01     0.2000000000    
    0.7499999860         0.1000000000         0.2000000000          1.000000000         0.4161287477E-03     0.3123133253E-02     0.1337706948E-01     0.1364333677E-01     0.1000000000         0.2000000000    
     1.000000000         0.8419121710E-02     0.3087245797E-02     0.1440607707E-01     0.2510897953         0.1000000000         0.2000000000          1.000000000         0.2971056794E-02     0.2115873156E-03
    0.4628744741E-03     0.3034665030E-02     0.1000000000         0.2000000000          1.000000000         0.4706756600E-03     0.3706563201E-01     0.2000000000          1.000000000         0.1000000000    
    0.2000000000          1.000000000    
 

 INTERMEDIATE RESULTS BEFORE NEXT TEMPERATURE REDUCTION

  CURRENT TEMPERATURE:             0.89291E-03
  MIN FUNCTION VALUE SO FAR:   0.329496833646958573E-01
  TOTAL MOVES:                    3360
     DOWNHILL:                    1938
     ACCEPTED UPHILL:              511
     REJECTED UPHILL:              911
  TRIALS OUT OF BOUNDS:           1018
  NEW MINIMA THIS TEMPERATURE:       0

                         CURRENT OPTIMAL X
    0.6471777666         0.2579228282E-01     0.1244697809         0.3274005055         0.8085364699E-01     0.2542188644         0.5061267614         0.8757459462         0.5528431311E-01     0.1649970531    
    0.9126589298         0.5647783279E-01     0.1907042146         0.5089786649         0.8318836633         0.2384482889E-01     0.1000696249         0.8815170235         0.5089027882E-01     0.2994326472    
    0.2033245564         0.7735963322E-02     0.1809742591E-01     0.1458095832         0.7632899114         0.6026018858E-01     0.2377570748         0.6463007331         0.9959777903         0.1846289328E-02
    0.1241362584         0.4988723135E-01     0.3108468652E-01     0.1522155046         0.6445916295         0.3999378720E-01     0.9802003200E-01     0.2454390287         0.8648484945         0.1864954233E-01
    0.1830167532         0.7273155451    

                         STEP LENGTH (VM)
    0.5698266144E-02     0.1000000000         0.2000000000          1.000000000         0.1000000000         0.2000000000          1.000000000         0.2328119105E-02     0.3577989830E-02     0.2356791702E-01
    0.1771557697         0.1000000000         0.2000000000          1.000000000         0.3134621813E-03     0.1607147385E-02     0.5819696572E-02     0.5272178794E-02     0.1000000000         0.2000000000    
     1.000000000         0.1586832392E-02     0.2928923865E-02     0.1140422439E-01     0.9717151636E-01     0.1000000000         0.2000000000          1.000000000         0.1000646518E-02     0.2437530187E-03
    0.2742958932E-03     0.2410513305E-02     0.1000000000         0.2000000000          1.000000000         0.5794525958E-03     0.5590110832E-02     0.4438702600E-01     0.4498479192         0.1000000000    
    0.2000000000          1.000000000    
 

 INTERMEDIATE RESULTS BEFORE NEXT TEMPERATURE REDUCTION

  CURRENT TEMPERATURE:             0.66968E-03
  MIN FUNCTION VALUE SO FAR:   0.326417198828683613E-01
  TOTAL MOVES:                    3360
     DOWNHILL:                    1932
     ACCEPTED UPHILL:              515
     REJECTED UPHILL:              913
  TRIALS OUT OF BOUNDS:            981
  NEW MINIMA THIS TEMPERATURE:       3

                         CURRENT OPTIMAL X
    0.6478798278         0.5522936583E-01     0.1079464912         0.6479306817         0.1804770827E-01     0.1945691943         0.1274376512         0.8727657238         0.9929489493E-01     0.1572143674    
    0.4260831584         0.3781526089E-01     0.1362836003         0.1199486852         0.8317261518         0.2185200596E-01     0.1029970183         0.8956511584         0.3641749620E-01     0.2083577514    
    0.9610821009         0.1762376251E-02     0.1654985647E-01     0.1309722430         0.9668638897         0.3360544443E-01     0.2529555321         0.7706834078         0.9958779422         0.2259450682E-02
    0.1239168250         0.4942481795E-01     0.4623472095E-01     0.2219804525         0.8183437586         0.3990288617E-01     0.9102299158E-01     0.1992391348         0.9627479315         0.5621668100E-01
    0.1376094341         0.2094749808    

                         STEP LENGTH (VM)
    0.2361780199E-02     0.1000000000         0.2000000000          1.000000000         0.1000000000         0.2000000000          1.000000000         0.9795441227E-03     0.3824168188E-01     0.1523809366    
    0.5041324213         0.1000000000         0.2000000000          1.000000000         0.3022669377E-03     0.6949825355E-03     0.2064923063E-02     0.4258730186E-02     0.1000000000         0.2000000000    
     1.000000000         0.1163503385E-02     0.4824995766E-03     0.3487150585E-02     0.5270682739E-01     0.1000000000         0.2000000000          1.000000000         0.4221475201E-03     0.1032107046E-03
    0.1952750285E-03     0.2226262767E-02     0.1000000000         0.2000000000          1.000000000         0.1029789575E-03     0.1541066171E-01     0.2000000000         0.1653889092E-01     0.1000000000    
    0.2000000000          1.000000000    
 

 INTERMEDIATE RESULTS BEFORE NEXT TEMPERATURE REDUCTION

  CURRENT TEMPERATURE:             0.50226E-03
  MIN FUNCTION VALUE SO FAR:   0.326414405919165027E-01
  TOTAL MOVES:                    3360
     DOWNHILL:                    1935
     ACCEPTED UPHILL:              522
     REJECTED UPHILL:              903
  TRIALS OUT OF BOUNDS:            933
  NEW MINIMA THIS TEMPERATURE:       0

                         CURRENT OPTIMAL X
    0.6478798278         0.1948297024E-01     0.1945338488         0.6479306817         0.9644737840E-01     0.1088906407         0.5671997666         0.8727657238         0.9929489493E-01     0.1252216673    
    0.6777072335         0.3781526089E-01     0.1362836003         0.1199486852         0.8317261518         0.2185200596E-01     0.1029970183         0.8956511584         0.3641749620E-01     0.2083577514    
    0.9610821009         0.1762376251E-02     0.1654985647E-01     0.1309722430         0.9668638897         0.3360544443E-01     0.2529555321         0.7706834078         0.9958779422         0.2259450682E-02
    0.1239168250         0.4942481795E-01     0.4623472095E-01     0.2219804525         0.8183437586         0.3990288617E-01     0.9102299158E-01     0.1992391348         0.9627479315         0.5621668100E-01
    0.1376094341         0.2094749808    

                         STEP LENGTH (VM)
    0.1843348533E-03     0.1000000000         0.2000000000          1.000000000         0.1000000000         0.2000000000          1.000000000         0.1622245831E-03     0.6162245891E-02     0.3485084174E-01
    0.4083981132         0.1000000000         0.2000000000          1.000000000         0.2815194237E-04     0.8163284322E-03     0.2323037321E-02     0.3119126578E-02     0.1000000000         0.2000000000    
     1.000000000         0.3056162512E-03     0.1563395232E-03     0.1106061526E-02     0.2025967252E-01     0.1000000000         0.2000000000          1.000000000         0.5746447330E-04     0.9256933752E-04
    0.1235724026E-03     0.1894331217E-02     0.1000000000         0.2000000000          1.000000000         0.1324984367E-05     0.2290063099E-01     0.2000000000          1.000000000         0.1000000000    
    0.2000000000          1.000000000    
 

 INTERMEDIATE RESULTS BEFORE NEXT TEMPERATURE REDUCTION

  CURRENT TEMPERATURE:             0.37670E-03
  MIN FUNCTION VALUE SO FAR:   0.325465071226861621E-01
  TOTAL MOVES:                    3360
     DOWNHILL:                    1904
     ACCEPTED UPHILL:              463
     REJECTED UPHILL:              993
  TRIALS OUT OF BOUNDS:            905
  NEW MINIMA THIS TEMPERATURE:       3

                         CURRENT OPTIMAL X
    0.6478954186         0.8201287389E-01     0.1504790902         0.3018736243         0.8164014816E-01     0.2640129566         0.2291635275         0.8726549351         0.7078474641E-01     0.2245639324    
    0.8958774805         0.4585369229E-01     0.1225443959         0.6442692280         0.8315562878         0.2228571971E-01     0.1038666455         0.8962446765         0.8036881685E-01     0.2144299030    
    0.9865137935         0.2183672535E-02     0.1635135537E-01     0.1289226897         0.9450215670         0.5519941449E-01     0.1815746188         0.7273858786         0.9961471935         0.2154135040E-02
    0.1240540378         0.4856391910E-01     0.8244379759E-01     0.1098550916         0.6719660759         0.3990587843E-01     0.3988880356E-01     0.2428041872         0.1694487693E-02     0.6528733373E-01
    0.2763616085         0.9421291351    

                         STEP LENGTH (VM)
    0.1202068417E-03     0.4207450286E-01     0.2000000000          1.000000000         0.1000000000         0.2000000000          1.000000000         0.7402549170E-04     0.2754836061E-02     0.1905588907E-01
    0.1367035930E-01     0.1000000000         0.2000000000          1.000000000         0.1611461495E-04     0.1190367021E-03     0.4198062549E-03     0.5642049830E-03     0.1000000000         0.2000000000    
     1.000000000         0.1730034028E-03     0.8601928188E-04     0.4597797183E-03     0.1407740067E-01     0.1000000000         0.2000000000          1.000000000         0.5099749193E-04     0.3754077488E-04
    0.1176172460E-03     0.1051773818E-02     0.1000000000         0.2000000000          1.000000000         0.5150510515E-05     0.1635640763E-02     0.1857284523E-01     0.2733660125E-02     0.1000000000    
    0.2000000000          1.000000000    
 

 INTERMEDIATE RESULTS BEFORE NEXT TEMPERATURE REDUCTION

  CURRENT TEMPERATURE:             0.28252E-03
  MIN FUNCTION VALUE SO FAR:   0.324683682383098485E-01
  TOTAL MOVES:                    3360
     DOWNHILL:                    1895
     ACCEPTED UPHILL:              462
     REJECTED UPHILL:             1003
  TRIALS OUT OF BOUNDS:            903
  NEW MINIMA THIS TEMPERATURE:       4

                         CURRENT OPTIMAL X
    0.6478133662         0.6037430167E-01     0.2571587682         0.8610069752         0.7505691051E-01     0.2240272522         0.9897514582         0.8726761521         0.8651262959E-01     0.2422398567    
    0.5302310586         0.5979770422E-01     0.2891636252         0.4810424447         0.8315673275         0.2218447431E-01     0.1037328062         0.8955387180         0.8122777939E-01     0.2432496428    
    0.8374933600         0.2148763615E-02     0.1639638557E-01     0.1288101913         0.9528550757         0.2161375880E-01     0.1512543559         0.4357906580         0.9960708116         0.2216499739E-02
    0.1240480718         0.4875110249E-01     0.6601848602E-01     0.1724788785         0.3851896524E-01     0.3990767961E-01     0.4154862489E-01     0.2394723881         0.5026110365E-03     0.4111162424E-01
    0.2772662759         0.3045557141    

                         STEP LENGTH (VM)
    0.1956773851E-04     0.5376952960E-01     0.2000000000          1.000000000         0.1000000000         0.2000000000          1.000000000         0.1236665775E-04     0.2315642266E-01     0.2000000000    
    0.2177419268         0.1000000000         0.2000000000          1.000000000         0.7126882383E-05     0.2009832441E-04     0.7331081373E-04     0.1585337089E-03     0.1000000000         0.2000000000    
     1.000000000         0.3136177733E-04     0.6238806451E-05     0.3666830420E-04     0.6578905894E-03     0.1000000000         0.2000000000          1.000000000         0.7407943140E-05     0.6056799624E-05
    0.1817884417E-04     0.1712174624E-03     0.1000000000         0.2000000000          1.000000000         0.4338243889E-05     0.1024684678E-03     0.9614511619E-03     0.3084655498E-03     0.1000000000    
    0.2000000000          1.000000000    
 

 INTERMEDIATE RESULTS BEFORE NEXT TEMPERATURE REDUCTION

  CURRENT TEMPERATURE:             0.21189E-03
  MIN FUNCTION VALUE SO FAR:   0.324576060260537980E-01
  TOTAL MOVES:                    3360
     DOWNHILL:                    1984
     ACCEPTED UPHILL:              510
     REJECTED UPHILL:              866
  TRIALS OUT OF BOUNDS:            875
  NEW MINIMA THIS TEMPERATURE:       2

                         CURRENT OPTIMAL X
    0.6477405590         0.6245790720E-01     0.2256417632         0.8103906635         0.7258886099E-01     0.2343856692         0.9394356608         0.8727191075         0.8334773712E-01     0.1568056703    
    0.8226922540         0.8287677765E-01     0.1567840695         0.9492791891         0.8315464368         0.2211161232E-01     0.1034205182         0.8949773007         0.4832438231E-01     0.1744171500    
    0.8228636980         0.2351174703E-02     0.1641144545E-01     0.1288492854         0.9535214701         0.5704812407E-01     0.2812639713         0.1760087013         0.9960925533         0.2192829647E-02
    0.1241704403         0.4781182563E-01     0.1817435026E-02     0.1555341125         0.9624534249         0.3990900872E-01     0.4182042910E-01     0.2348333522         0.2885220025E-03     0.9756287932E-01
    0.1953673482         0.7971895933    

                         STEP LENGTH (VM)
    0.1453413917E-04     0.4516909226E-01     0.2000000000         0.1710848352         0.1000000000         0.2000000000          1.000000000         0.8524859729E-05     0.2868162526E-01     0.2000000000    
    0.7872339713         0.1000000000         0.2000000000          1.000000000         0.3615603627E-05     0.1169261685E-04     0.8239725199E-04     0.1653225423E-03     0.1000000000         0.2000000000    
     1.000000000         0.5843594434E-04     0.7827345830E-05     0.5587547730E-04     0.1128693665E-02     0.1000000000         0.2000000000          1.000000000         0.8317684552E-05     0.7015171723E-05
    0.2045118847E-04     0.4574715370E-03     0.1000000000         0.2000000000          1.000000000         0.1277274282E-05     0.1008673600E-03     0.9330149529E-03     0.3869157510E-03     0.1000000000    
    0.2000000000          1.000000000    
 

 INTERMEDIATE RESULTS BEFORE NEXT TEMPERATURE REDUCTION

  CURRENT TEMPERATURE:             0.15892E-03
  MIN FUNCTION VALUE SO FAR:   0.324559456161982104E-01
  TOTAL MOVES:                    3360
     DOWNHILL:                    1915
     ACCEPTED UPHILL:              467
     REJECTED UPHILL:              978
  TRIALS OUT OF BOUNDS:            814
  NEW MINIMA THIS TEMPERATURE:       0

                         CURRENT OPTIMAL X
    0.6477405756         0.6245790720E-01     0.2297393918         0.8103906635         0.7258886099E-01     0.2343856692         0.9394356608         0.8727191075         0.8334773712E-01     0.1568056703    
    0.8226922540         0.8287677765E-01     0.1567840695         0.9492791891         0.8315464368         0.2211161232E-01     0.1034205182         0.8949773007         0.4832438231E-01     0.1744171500    
    0.8228636980         0.2351174703E-02     0.1641144545E-01     0.1288492854         0.9535214701         0.5704812407E-01     0.2812639713         0.1760087013         0.9960925533         0.2192829647E-02
    0.1241704403         0.4781182563E-01     0.1817435026E-02     0.1555341125         0.9624534249         0.3990900872E-01     0.4182042910E-01     0.2348333522         0.2885220025E-03     0.9756287932E-01
    0.1953673482         0.7971895933    

                         STEP LENGTH (VM)
    0.6015008958E-05     0.6643335622E-01     0.2000000000         0.2082359737         0.1000000000         0.2000000000          1.000000000         0.5210884329E-05     0.2012511106E-01     0.2000000000    
     1.000000000         0.1000000000         0.2000000000          1.000000000         0.1805920592E-05     0.8275721373E-05     0.4165308749E-04     0.1139917592E-03     0.1000000000         0.2000000000    
     1.000000000         0.2708369894E-04     0.5097821381E-05     0.3165225276E-04     0.4706519164E-03     0.1000000000         0.2000000000          1.000000000         0.3075571211E-05     0.3327708129E-05
    0.6911767304E-05     0.8352814863E-04     0.1000000000         0.2000000000          1.000000000         0.7117006566E-06     0.1699344012E-03     0.3379090823E-02     0.1923101953E-02     0.1000000000    
    0.2000000000          1.000000000    
 

 INTERMEDIATE RESULTS BEFORE NEXT TEMPERATURE REDUCTION

  CURRENT TEMPERATURE:             0.11919E-03
  MIN FUNCTION VALUE SO FAR:   0.324498564246459148E-01
  TOTAL MOVES:                    3360
     DOWNHILL:                    1887
     ACCEPTED UPHILL:              443
     REJECTED UPHILL:             1030
  TRIALS OUT OF BOUNDS:            850
  NEW MINIMA THIS TEMPERATURE:       1

                         CURRENT OPTIMAL X
    0.6477420336         0.4993817806E-01     0.1239586949         0.6572699547         0.1175380945E-01     0.1672068357         0.7861602902         0.8727215582         0.8870704928E-01     0.2317431092    
    0.2800506353E-01     0.5474118590E-01     0.1709706187         0.6307865977         0.8315472739         0.2210691904E-01     0.1034055006         0.8949571095         0.6215406656E-01     0.1430979729    
    0.2132714987         0.2336093701E-02     0.1640874147E-01     0.1288717675         0.9532820520         0.2724087834E-01     0.2999758005         0.3256540895         0.9960952134         0.2194943435E-02
    0.1241671032         0.4783898192E-01     0.7555319667E-01     0.1567288637         0.1798480749         0.3990912892E-01     0.4184366772E-01     0.2345200002         0.2365702701E-03     0.3017385006E-01
    0.1358853340         0.3926256895    

                         STEP LENGTH (VM)
    0.1879803996E-05     0.2083920589E-02     0.4386715046E-01     0.3345109336E-01     0.1000000000         0.2000000000          1.000000000         0.8536143572E-06     0.3457577493E-01     0.2000000000    
    0.1235554836         0.1000000000         0.2000000000          1.000000000         0.7213930709E-06     0.1748398027E-05     0.1120949502E-04     0.1264973450E-04     0.1000000000         0.2000000000    
     1.000000000         0.1537182102E-04     0.1194272763E-05     0.5806621555E-05     0.9405293277E-04     0.1000000000         0.2000000000          1.000000000         0.5928337949E-06     0.1141613771E-05
    0.3145493847E-05     0.8383469038E-04     0.1000000000         0.2000000000          1.000000000         0.1283333384E-06     0.4892178717E-05     0.7054178274E-04     0.2169159062E-04     0.1000000000    
    0.2000000000          1.000000000    
 

  SA ACHIEVED TERMINATION CRITERIA. IER = 0. 


  ****   RESULTS AFTER SA   ****   

                         SOLUTION
    0.6477420336         0.4993817806E-01     0.1239586949         0.6572699547         0.1175380945E-01     0.1672068357         0.7861602902         0.8727215582         0.8870704928E-01     0.2317431092    
    0.2800506353E-01     0.5474118590E-01     0.1709706187         0.6307865977         0.8315472739         0.2210691904E-01     0.1034055006         0.8949571095         0.6215406656E-01     0.1430979729    
    0.2132714987         0.2336093701E-02     0.1640874147E-01     0.1288717675         0.9532820520         0.2724087834E-01     0.2999758005         0.3256540895         0.9960952134         0.2194943435E-02
    0.1241671032         0.4783898192E-01     0.7555319667E-01     0.1567288637         0.1798480749         0.3990912892E-01     0.4184366772E-01     0.2345200002         0.2365702701E-03     0.3017385006E-01
    0.1358853340         0.3926256895    

                         FINAL STEP LENGTH
    0.1879803996E-05     0.2083920589E-02     0.4386715046E-01     0.3345109336E-01     0.1000000000         0.2000000000          1.000000000         0.8536143572E-06     0.3457577493E-01     0.2000000000    
    0.1235554836         0.1000000000         0.2000000000          1.000000000         0.7213930709E-06     0.1748398027E-05     0.1120949502E-04     0.1264973450E-04     0.1000000000         0.2000000000    
     1.000000000         0.1537182102E-04     0.1194272763E-05     0.5806621555E-05     0.9405293277E-04     0.1000000000         0.2000000000          1.000000000         0.5928337949E-06     0.1141613771E-05
    0.3145493847E-05     0.8383469038E-04     0.1000000000         0.2000000000          1.000000000         0.1283333384E-06     0.4892178717E-05     0.7054178274E-04     0.2169159062E-04     0.1000000000    
    0.2000000000          1.000000000    

 OPTIMAL FUNCTION VALUE:  0.3244985642465E-01
 NUMBER OF FUNCTION EVALUATIONS:         127681
 NUMBER OF ACCEPTED EVALUATIONS:         108809
 NUMBER OF OUT OF BOUND EVALUATIONS:      52136
 FINAL TEMP:  0.1191891574713E-03  IER:   0
