
 SIMULATED PARALLEL ANNEALING by NEIGHBORHOOD EXAMPLE

 NUMBER OF PARAMETERS:  42   MAXIMAZATION:     F
 INITIAL TEMP:  5.0       RT: 0.75       EPS: 0.10E-02
 NS:  24   NT:   5   NEPS:  4
 MAXEVL:  100000000   IPRINT: 1   ISEED1:    7 ISEED2:    8

                         STARTING VALUES
    0.9999926132         0.2894198463E-01     0.2920638653         0.5903291680         0.6792666907E-01     0.3067978864         0.9458405881         0.5555998252         0.4087267660E-01     0.1565092389    
    0.2534719906         0.8596908436E-01     0.9911920324E-01     0.9893588821         0.9999976317         0.9778755152E-01     0.1468528933         0.7069408302         0.6140064387E-01     0.1700685505    
    0.9233308915         0.1618106973E-02     0.5887676017E-01     0.2620177920         0.6126546041         0.7009953859E-01     0.1658924558         0.4432810149         0.8198734836         0.3562237493E-01
    0.3128275577         0.3661938215         0.7392658694E-01     0.2778075953         0.6150116005         0.1623765966E-01     0.4363631134E-01     0.1184678201         0.4333160450         0.5056831078E-01
    0.3860764304         0.1177557631    

                         INITIAL STEP LENGTH
    0.2000059094         0.1157679385E-01     0.1168255461         0.2361316672         0.2717066763E-01     0.1227191546         0.2433275295         0.2222399301         0.1634907064E-01     0.6260369556E-01
    0.1013887962         0.3438763374E-01     0.3964768130E-01     0.2085128943         0.2000018946         0.3911502061E-01     0.5874115732E-01     0.2827763321         0.2456025755E-01     0.6802742020E-01
    0.2613352868         0.6472427892E-03     0.2355070407E-01     0.1048071168         0.2450618416         0.2803981544E-01     0.6635698232E-01     0.1773124060         0.3279493934         0.1424894997E-01
    0.1251310231         0.1464775286         0.2957063478E-01     0.1111230381         0.2460046402         0.6495063864E-02     0.1745452454E-01     0.4738712804E-01     0.1733264180         0.2022732431E-01
    0.1544305722         0.4710230524E-01

                         LOWER BOUND
    0.7999940906         0.2315358770E-01     0.2336510922         0.4722633344         0.5434133526E-01     0.2454383091         0.7566724705         0.4444798602         0.3269814128E-01     0.1252073911    
    0.2027775925         0.6877526749E-01     0.7929536259E-01     0.7914871057         0.7999981054         0.7823004122E-01     0.1174823146         0.5655526642         0.4912051510E-01     0.1360548404    
    0.7386647132         0.1294485578E-02     0.4710140814E-01     0.2096142336         0.4901236833         0.5607963087E-01     0.1327139646         0.3546248119         0.6558987869         0.2849789994E-01
    0.2502620462         0.2929550572         0.5914126955E-01     0.2222460762         0.4920092804         0.1299012773E-01     0.3490904907E-01     0.9477425608E-01     0.3466528360         0.4045464862E-01
    0.3088611443         0.9420461048E-01

                         UPPER BOUND
     1.000000000         0.3473038156E-01     0.3504766384         0.7083950016         0.8151200288E-01     0.3681574637          1.000000000         0.6667197902         0.4904721192E-01     0.1878110867    
    0.3041663887         0.1031629012         0.1189430439          1.000000000          1.000000000         0.1173450618         0.1762234720         0.8483289962         0.7368077264E-01     0.2040822606    
     1.000000000         0.1941728368E-02     0.7065211220E-01     0.3144213504         0.7351855249         0.8411944631E-01     0.1990709470         0.5319372179         0.9838481803         0.4274684992E-01
    0.3753930692         0.4394325858         0.8871190433E-01     0.3333691144         0.7380139206         0.1948519159E-01     0.5236357361E-01     0.1421613841         0.5199792540         0.6068197294E-01
    0.4632917165         0.1413069157    

                         C VECTOR
     2.000000000          2.000000000          2.000000000          2.000000000          2.000000000          2.000000000          2.000000000          2.000000000          2.000000000          2.000000000    
     2.000000000          2.000000000          2.000000000          2.000000000          2.000000000          2.000000000          2.000000000          2.000000000          2.000000000          2.000000000    
     2.000000000          2.000000000          2.000000000          2.000000000          2.000000000          2.000000000          2.000000000          2.000000000          2.000000000          2.000000000    
     2.000000000          2.000000000          2.000000000          2.000000000          2.000000000          2.000000000          2.000000000          2.000000000          2.000000000          2.000000000    
     2.000000000          2.000000000    

  ****   END OF DRIVER ROUTINE OUTPUT   ****
  ****   BEFORE CALL TO SA.             ****
  

                         INITIAL X
    0.9999926132         0.2894198463E-01     0.2920638653         0.5903291680         0.6792666907E-01     0.3067978864         0.9458405881         0.5555998252         0.4087267660E-01     0.1565092389    
    0.2534719906         0.8596908436E-01     0.9911920324E-01     0.9893588821         0.9999976317         0.9778755152E-01     0.1468528933         0.7069408302         0.6140064387E-01     0.1700685505    
    0.9233308915         0.1618106973E-02     0.5887676017E-01     0.2620177920         0.6126546041         0.7009953859E-01     0.1658924558         0.4432810149         0.8198734836         0.3562237493E-01
    0.3128275577         0.3661938215         0.7392658694E-01     0.2778075953         0.6150116005         0.1623765966E-01     0.4363631134E-01     0.1184678201         0.4333160450         0.5056831078E-01
    0.3860764304         0.1177557631    
  INITIAL F: 
 0.710944688292987348E-01

 INTERMEDIATE RESULTS BEFORE NEXT TEMPERATURE REDUCTION

  CURRENT TEMPERATURE:              5.0000    
  MIN FUNCTION VALUE SO FAR:   0.169899290019341134E-01
  TOTAL MOVES:                     840
     DOWNHILL:                     622
     ACCEPTED UPHILL:              215
     REJECTED UPHILL:                3
  TRIALS OUT OF BOUNDS:            415
  NEW MINIMA THIS TEMPERATURE:       1

                         CURRENT OPTIMAL X
    0.9235213138         0.2894198463E-01     0.2920638653         0.5903291680         0.6792666907E-01     0.3067978864         0.9458405881         0.5555998252         0.4087267660E-01     0.1565092389    
    0.2534719906         0.8596908436E-01     0.9911920324E-01     0.9893588821         0.9999976317         0.9778755152E-01     0.1468528933         0.7069408302         0.6140064387E-01     0.1700685505    
    0.9233308915         0.1618106973E-02     0.5887676017E-01     0.2620177920         0.6126546041         0.7009953859E-01     0.1658924558         0.4432810149         0.8198734836         0.3562237493E-01
    0.3128275577         0.3661938215         0.7392658694E-01     0.2778075953         0.6150116005         0.1623765966E-01     0.4363631134E-01     0.1184678201         0.4333160450         0.5056831078E-01
    0.3860764304         0.1177557631    

                         STEP LENGTH (VM)
    0.2000059094         0.1157679385E-01     0.1168255461         0.2361316672         0.2717066763E-01     0.1227191546         0.2433275295         0.2222399301         0.1634907064E-01     0.6260369556E-01
    0.1013887962         0.3438763374E-01     0.3964768130E-01     0.2085128943         0.2000018946         0.3911502061E-01     0.5874115732E-01     0.2827763321         0.2456025755E-01     0.6802742020E-01
    0.2613352868         0.6472427892E-03     0.2355070407E-01     0.1048071168         0.2450618416         0.2803981544E-01     0.6635698232E-01     0.1773124060         0.3279493934         0.1424894997E-01
    0.1251310231         0.1464775286         0.2957063478E-01     0.1111230381         0.2460046402         0.6495063864E-02     0.1745452454E-01     0.4738712804E-01     0.1733264180         0.2022732431E-01
    0.1544305722         0.4710230524E-01
 

 INTERMEDIATE RESULTS BEFORE NEXT TEMPERATURE REDUCTION

  CURRENT TEMPERATURE:              3.7500    
  MIN FUNCTION VALUE SO FAR:   0.169899290019341134E-01
  TOTAL MOVES:                     840
     DOWNHILL:                     628
     ACCEPTED UPHILL:              208
     REJECTED UPHILL:                4
  TRIALS OUT OF BOUNDS:            404
  NEW MINIMA THIS TEMPERATURE:       0

                         CURRENT OPTIMAL X
    0.9235213138         0.2894198463E-01     0.2920638653         0.5903291680         0.6792666907E-01     0.3067978864         0.9458405881         0.5555998252         0.4087267660E-01     0.1565092389    
    0.2534719906         0.8596908436E-01     0.9911920324E-01     0.9893588821         0.9999976317         0.9778755152E-01     0.1468528933         0.7069408302         0.6140064387E-01     0.1700685505    
    0.9233308915         0.1618106973E-02     0.5887676017E-01     0.2620177920         0.6126546041         0.7009953859E-01     0.1658924558         0.4432810149         0.8198734836         0.3562237493E-01
    0.3128275577         0.3661938215         0.7392658694E-01     0.2778075953         0.6150116005         0.1623765966E-01     0.4363631134E-01     0.1184678201         0.4333160450         0.5056831078E-01
    0.3860764304         0.1177557631    

                         STEP LENGTH (VM)
    0.2000059094         0.1157679385E-01     0.1168255461         0.2361316672         0.2717066763E-01     0.1227191546         0.2433275295         0.2222399301         0.1634907064E-01     0.6260369556E-01
    0.1013887962         0.3438763374E-01     0.3964768130E-01     0.2085128943         0.2000018946         0.3911502061E-01     0.5874115732E-01     0.2827763321         0.2456025755E-01     0.6802742020E-01
    0.2613352868         0.6472427892E-03     0.2355070407E-01     0.1048071168         0.2450618416         0.2803981544E-01     0.6635698232E-01     0.1773124060         0.3279493934         0.1424894997E-01
    0.1251310231         0.1464775286         0.2957063478E-01     0.1111230381         0.2460046402         0.6495063864E-02     0.1745452454E-01     0.4738712804E-01     0.1733264180         0.2022732431E-01
    0.1544305722         0.4710230524E-01
 

 INTERMEDIATE RESULTS BEFORE NEXT TEMPERATURE REDUCTION

  CURRENT TEMPERATURE:              2.8125    
  MIN FUNCTION VALUE SO FAR:   0.379006917830547810E-02
  TOTAL MOVES:                     840
     DOWNHILL:                     629
     ACCEPTED UPHILL:              204
     REJECTED UPHILL:                7
  TRIALS OUT OF BOUNDS:            431
  NEW MINIMA THIS TEMPERATURE:       0

                         CURRENT OPTIMAL X
    0.9854646560         0.2822635105E-01     0.2702989969         0.6622828963         0.6130505354E-01     0.3350875460         0.8139381121         0.5365327139         0.3805209138E-01     0.1565092389    
    0.2534719906         0.8596908436E-01     0.9911920324E-01     0.9893588821         0.9999976317         0.9778755152E-01     0.1468528933         0.7069408302         0.6140064387E-01     0.1700685505    
    0.9233308915         0.1618106973E-02     0.5887676017E-01     0.2620177920         0.6126546041         0.7009953859E-01     0.1658924558         0.4432810149         0.8198734836         0.3562237493E-01
    0.3128275577         0.3661938215         0.7392658694E-01     0.2778075953         0.6150116005         0.1623765966E-01     0.4363631134E-01     0.1184678201         0.4333160450         0.5056831078E-01
    0.3860764304         0.1177557631    

                         STEP LENGTH (VM)
    0.2000059094         0.1157679385E-01     0.1168255461         0.2361316672         0.2717066763E-01     0.1227191546         0.2433275295         0.2222399301         0.1634907064E-01     0.6260369556E-01
    0.1013887962         0.3438763374E-01     0.3964768130E-01     0.2085128943         0.2000018946         0.3911502061E-01     0.5874115732E-01     0.2827763321         0.2456025755E-01     0.6802742020E-01
    0.2613352868         0.6472427892E-03     0.2355070407E-01     0.1048071168         0.2450618416         0.2803981544E-01     0.6635698232E-01     0.1773124060         0.3279493934         0.1424894997E-01
    0.1251310231         0.1464775286         0.2957063478E-01     0.1111230381         0.2460046402         0.6495063864E-02     0.1745452454E-01     0.4738712804E-01     0.1733264180         0.2022732431E-01
    0.1544305722         0.4710230524E-01
 

 INTERMEDIATE RESULTS BEFORE NEXT TEMPERATURE REDUCTION

  CURRENT TEMPERATURE:              2.1094    
  MIN FUNCTION VALUE SO FAR:   0.379006917830547810E-02
  TOTAL MOVES:                     840
     DOWNHILL:                     636
     ACCEPTED UPHILL:              199
     REJECTED UPHILL:                5
  TRIALS OUT OF BOUNDS:            423
  NEW MINIMA THIS TEMPERATURE:       0

                         CURRENT OPTIMAL X
    0.9854646560         0.2822635105E-01     0.2702989969         0.6622828963         0.6130505354E-01     0.3350875460         0.8139381121         0.5365327139         0.3805209138E-01     0.1565092389    
    0.2534719906         0.8596908436E-01     0.9911920324E-01     0.9893588821         0.9999976317         0.9778755152E-01     0.1468528933         0.7069408302         0.6140064387E-01     0.1700685505    
    0.9233308915         0.1618106973E-02     0.5887676017E-01     0.2620177920         0.6126546041         0.7009953859E-01     0.1658924558         0.4432810149         0.8198734836         0.3562237493E-01
    0.3128275577         0.3661938215         0.7392658694E-01     0.2778075953         0.6150116005         0.1623765966E-01     0.4363631134E-01     0.1184678201         0.4333160450         0.5056831078E-01
    0.3860764304         0.1177557631    

                         STEP LENGTH (VM)
    0.2000059094         0.1157679385E-01     0.1168255461         0.2361316672         0.2717066763E-01     0.1227191546         0.2433275295         0.2222399301         0.1634907064E-01     0.6260369556E-01
    0.1013887962         0.3438763374E-01     0.3964768130E-01     0.2085128943         0.2000018946         0.3911502061E-01     0.5874115732E-01     0.2827763321         0.2456025755E-01     0.6802742020E-01
    0.2613352868         0.6472427892E-03     0.2355070407E-01     0.1048071168         0.2450618416         0.2803981544E-01     0.6635698232E-01     0.1773124060         0.3279493934         0.1424894997E-01
    0.1251310231         0.1464775286         0.2957063478E-01     0.1111230381         0.2460046402         0.6495063864E-02     0.1745452454E-01     0.4738712804E-01     0.1733264180         0.2022732431E-01
    0.1544305722         0.4710230524E-01
 

 INTERMEDIATE RESULTS BEFORE NEXT TEMPERATURE REDUCTION

  CURRENT TEMPERATURE:              1.5820    
  MIN FUNCTION VALUE SO FAR:   0.337338511452895447E-02
  TOTAL MOVES:                     840
     DOWNHILL:                     625
     ACCEPTED UPHILL:              210
     REJECTED UPHILL:                5
  TRIALS OUT OF BOUNDS:            383
  NEW MINIMA THIS TEMPERATURE:       0

                         CURRENT OPTIMAL X
    0.9854646560         0.2870007367E-01     0.3199758077         0.6180991021         0.6130505354E-01     0.3350875460         0.8139381121         0.5365327139         0.3805209138E-01     0.1565092389    
    0.2534719906         0.8596908436E-01     0.9911920324E-01     0.9893588821         0.9999976317         0.9778755152E-01     0.1468528933         0.7069408302         0.6140064387E-01     0.1700685505    
    0.9233308915         0.1618106973E-02     0.5887676017E-01     0.2620177920         0.6126546041         0.7009953859E-01     0.1658924558         0.4432810149         0.8198734836         0.3562237493E-01
    0.3128275577         0.3661938215         0.7392658694E-01     0.2778075953         0.6150116005         0.1623765966E-01     0.4363631134E-01     0.1184678201         0.4333160450         0.5056831078E-01
    0.3860764304         0.1177557631    

                         STEP LENGTH (VM)
    0.2000059094         0.1157679385E-01     0.1168255461         0.2361316672         0.2717066763E-01     0.1227191546         0.2433275295         0.2222399301         0.1634907064E-01     0.6260369556E-01
    0.1013887962         0.3438763374E-01     0.3964768130E-01     0.2085128943         0.2000018946         0.3911502061E-01     0.5874115732E-01     0.2827763321         0.2456025755E-01     0.6802742020E-01
    0.2613352868         0.6472427892E-03     0.2355070407E-01     0.1048071168         0.2450618416         0.2803981544E-01     0.6635698232E-01     0.1773124060         0.3279493934         0.1424894997E-01
    0.1251310231         0.1464775286         0.2957063478E-01     0.1111230381         0.2460046402         0.6495063864E-02     0.1745452454E-01     0.4738712804E-01     0.1733264180         0.2022732431E-01
    0.1544305722         0.4710230524E-01
 

 INTERMEDIATE RESULTS BEFORE NEXT TEMPERATURE REDUCTION

  CURRENT TEMPERATURE:              1.1865    
  MIN FUNCTION VALUE SO FAR:   0.337338511452895447E-02
  TOTAL MOVES:                     840
     DOWNHILL:                     625
     ACCEPTED UPHILL:              209
     REJECTED UPHILL:                6
  TRIALS OUT OF BOUNDS:            396
  NEW MINIMA THIS TEMPERATURE:       0

                         CURRENT OPTIMAL X
    0.9854646560         0.2870007367E-01     0.3199758077         0.6180991021         0.6130505354E-01     0.3350875460         0.8139381121         0.5365327139         0.3805209138E-01     0.1565092389    
    0.2534719906         0.8596908436E-01     0.9911920324E-01     0.9893588821         0.9999976317         0.9778755152E-01     0.1468528933         0.7069408302         0.6140064387E-01     0.1700685505    
    0.9233308915         0.1618106973E-02     0.5887676017E-01     0.2620177920         0.6126546041         0.7009953859E-01     0.1658924558         0.4432810149         0.8198734836         0.3562237493E-01
    0.3128275577         0.3661938215         0.7392658694E-01     0.2778075953         0.6150116005         0.1623765966E-01     0.4363631134E-01     0.1184678201         0.4333160450         0.5056831078E-01
    0.3860764304         0.1177557631    

                         STEP LENGTH (VM)
    0.2000059094         0.1157679385E-01     0.1168255461         0.2361316672         0.2717066763E-01     0.1227191546         0.2433275295         0.2222399301         0.1634907064E-01     0.6260369556E-01
    0.1013887962         0.3438763374E-01     0.3964768130E-01     0.2085128943         0.2000018946         0.3911502061E-01     0.5874115732E-01     0.2827763321         0.2456025755E-01     0.6802742020E-01
    0.2613352868         0.6472427892E-03     0.2355070407E-01     0.1048071168         0.2450618416         0.2803981544E-01     0.6635698232E-01     0.1773124060         0.3279493934         0.1424894997E-01
    0.1251310231         0.1464775286         0.2957063478E-01     0.1111230381         0.2460046402         0.6495063864E-02     0.1745452454E-01     0.4738712804E-01     0.1733264180         0.2022732431E-01
    0.1544305722         0.4710230524E-01
 

 INTERMEDIATE RESULTS BEFORE NEXT TEMPERATURE REDUCTION

  CURRENT TEMPERATURE:             0.88989    
  MIN FUNCTION VALUE SO FAR:   0.337338511452895447E-02
  TOTAL MOVES:                     840
     DOWNHILL:                     620
     ACCEPTED UPHILL:              208
     REJECTED UPHILL:               12
  TRIALS OUT OF BOUNDS:            418
  NEW MINIMA THIS TEMPERATURE:       0

                         CURRENT OPTIMAL X
    0.9854646560         0.2870007367E-01     0.3199758077         0.6180991021         0.6130505354E-01     0.3350875460         0.8139381121         0.5365327139         0.3805209138E-01     0.1565092389    
    0.2534719906         0.8596908436E-01     0.9911920324E-01     0.9893588821         0.9999976317         0.9778755152E-01     0.1468528933         0.7069408302         0.6140064387E-01     0.1700685505    
    0.9233308915         0.1618106973E-02     0.5887676017E-01     0.2620177920         0.6126546041         0.7009953859E-01     0.1658924558         0.4432810149         0.8198734836         0.3562237493E-01
    0.3128275577         0.3661938215         0.7392658694E-01     0.2778075953         0.6150116005         0.1623765966E-01     0.4363631134E-01     0.1184678201         0.4333160450         0.5056831078E-01
    0.3860764304         0.1177557631    

                         STEP LENGTH (VM)
    0.2000059094         0.1157679385E-01     0.1168255461         0.2361316672         0.2717066763E-01     0.1227191546         0.2433275295         0.2222399301         0.1634907064E-01     0.6260369556E-01
    0.1013887962         0.3438763374E-01     0.3964768130E-01     0.2085128943         0.2000018946         0.3911502061E-01     0.5874115732E-01     0.2827763321         0.2456025755E-01     0.6802742020E-01
    0.2613352868         0.6472427892E-03     0.2355070407E-01     0.1048071168         0.2450618416         0.2803981544E-01     0.6635698232E-01     0.1773124060         0.3279493934         0.1424894997E-01
    0.1251310231         0.1464775286         0.2957063478E-01     0.1111230381         0.2460046402         0.6495063864E-02     0.1745452454E-01     0.4738712804E-01     0.1733264180         0.2022732431E-01
    0.1544305722         0.4710230524E-01
 

 INTERMEDIATE RESULTS BEFORE NEXT TEMPERATURE REDUCTION

  CURRENT TEMPERATURE:             0.66742    
  MIN FUNCTION VALUE SO FAR:   0.337338511452895447E-02
  TOTAL MOVES:                     840
     DOWNHILL:                     622
     ACCEPTED UPHILL:              205
     REJECTED UPHILL:               13
  TRIALS OUT OF BOUNDS:            402
  NEW MINIMA THIS TEMPERATURE:       0

                         CURRENT OPTIMAL X
    0.9854646560         0.2870007367E-01     0.3199758077         0.6180991021         0.6130505354E-01     0.3350875460         0.8139381121         0.5365327139         0.3805209138E-01     0.1565092389    
    0.2534719906         0.8596908436E-01     0.9911920324E-01     0.9893588821         0.9999976317         0.9778755152E-01     0.1468528933         0.7069408302         0.6140064387E-01     0.1700685505    
    0.9233308915         0.1618106973E-02     0.5887676017E-01     0.2620177920         0.6126546041         0.7009953859E-01     0.1658924558         0.4432810149         0.8198734836         0.3562237493E-01
    0.3128275577         0.3661938215         0.7392658694E-01     0.2778075953         0.6150116005         0.1623765966E-01     0.4363631134E-01     0.1184678201         0.4333160450         0.5056831078E-01
    0.3860764304         0.1177557631    

                         STEP LENGTH (VM)
    0.2000059094         0.1157679385E-01     0.1168255461         0.2361316672         0.2717066763E-01     0.1227191546         0.2433275295         0.2222399301         0.1634907064E-01     0.6260369556E-01
    0.1013887962         0.3438763374E-01     0.3964768130E-01     0.2085128943         0.2000018946         0.3911502061E-01     0.5874115732E-01     0.2827763321         0.2456025755E-01     0.6802742020E-01
    0.2613352868         0.6472427892E-03     0.2355070407E-01     0.1048071168         0.2450618416         0.2803981544E-01     0.6635698232E-01     0.1773124060         0.3279493934         0.1424894997E-01
    0.1251310231         0.1464775286         0.2957063478E-01     0.1111230381         0.2460046402         0.6495063864E-02     0.1745452454E-01     0.4738712804E-01     0.1733264180         0.2022732431E-01
    0.1544305722         0.4710230524E-01
 

 INTERMEDIATE RESULTS BEFORE NEXT TEMPERATURE REDUCTION

  CURRENT TEMPERATURE:             0.50056    
  MIN FUNCTION VALUE SO FAR:   0.337338511452895447E-02
  TOTAL MOVES:                     840
     DOWNHILL:                     616
     ACCEPTED UPHILL:              211
     REJECTED UPHILL:               13
  TRIALS OUT OF BOUNDS:            416
  NEW MINIMA THIS TEMPERATURE:       0

                         CURRENT OPTIMAL X
    0.9854646560         0.2870007367E-01     0.3199758077         0.6180991021         0.6130505354E-01     0.3350875460         0.8139381121         0.5365327139         0.3805209138E-01     0.1565092389    
    0.2534719906         0.8596908436E-01     0.9911920324E-01     0.9893588821         0.9999976317         0.9778755152E-01     0.1468528933         0.7069408302         0.6140064387E-01     0.1700685505    
    0.9233308915         0.1618106973E-02     0.5887676017E-01     0.2620177920         0.6126546041         0.7009953859E-01     0.1658924558         0.4432810149         0.8198734836         0.3562237493E-01
    0.3128275577         0.3661938215         0.7392658694E-01     0.2778075953         0.6150116005         0.1623765966E-01     0.4363631134E-01     0.1184678201         0.4333160450         0.5056831078E-01
    0.3860764304         0.1177557631    

                         STEP LENGTH (VM)
    0.2000059094         0.1157679385E-01     0.1168255461         0.2361316672         0.2717066763E-01     0.1227191546         0.2433275295         0.2222399301         0.1634907064E-01     0.6260369556E-01
    0.1013887962         0.3438763374E-01     0.3964768130E-01     0.2085128943         0.2000018946         0.3911502061E-01     0.5874115732E-01     0.2827763321         0.2456025755E-01     0.6802742020E-01
    0.2613352868         0.6472427892E-03     0.2355070407E-01     0.1048071168         0.2450618416         0.2803981544E-01     0.6635698232E-01     0.1773124060         0.3279493934         0.1424894997E-01
    0.1251310231         0.1464775286         0.2957063478E-01     0.1111230381         0.2460046402         0.6495063864E-02     0.1745452454E-01     0.4738712804E-01     0.1733264180         0.2022732431E-01
    0.1544305722         0.4710230524E-01
 

 INTERMEDIATE RESULTS BEFORE NEXT TEMPERATURE REDUCTION

  CURRENT TEMPERATURE:             0.37542    
  MIN FUNCTION VALUE SO FAR:   0.327261573097946835E-02
  TOTAL MOVES:                     840
     DOWNHILL:                     616
     ACCEPTED UPHILL:              195
     REJECTED UPHILL:               29
  TRIALS OUT OF BOUNDS:            422
  NEW MINIMA THIS TEMPERATURE:       0

                         CURRENT OPTIMAL X
    0.9854646560         0.2706454500E-01     0.2565186482         0.5303100901         0.6130505354E-01     0.3350875460         0.8139381121         0.5365327139         0.3805209138E-01     0.1565092389    
    0.2534719906         0.8596908436E-01     0.9911920324E-01     0.9893588821         0.9999976317         0.9778755152E-01     0.1468528933         0.7069408302         0.6140064387E-01     0.1700685505    
    0.9233308915         0.1618106973E-02     0.5887676017E-01     0.2620177920         0.6126546041         0.7009953859E-01     0.1658924558         0.4432810149         0.8198734836         0.3562237493E-01
    0.3128275577         0.3661938215         0.7392658694E-01     0.2778075953         0.6150116005         0.1623765966E-01     0.4363631134E-01     0.1184678201         0.4333160450         0.5056831078E-01
    0.3860764304         0.1177557631    

                         STEP LENGTH (VM)
    0.2000059094         0.1157679385E-01     0.1168255461         0.2361316672         0.2717066763E-01     0.1227191546         0.2433275295         0.2222399301         0.1634907064E-01     0.6260369556E-01
    0.1013887962         0.3438763374E-01     0.3964768130E-01     0.2085128943         0.2000018946         0.3911502061E-01     0.5874115732E-01     0.2827763321         0.2456025755E-01     0.6802742020E-01
    0.2613352868         0.6472427892E-03     0.2355070407E-01     0.1048071168         0.2450618416         0.2803981544E-01     0.6635698232E-01     0.1773124060         0.3279493934         0.1424894997E-01
    0.1251310231         0.1464775286         0.2957063478E-01     0.1111230381         0.2460046402         0.6495063864E-02     0.1745452454E-01     0.4738712804E-01     0.1733264180         0.2022732431E-01
    0.1544305722         0.4710230524E-01
 

 INTERMEDIATE RESULTS BEFORE NEXT TEMPERATURE REDUCTION

  CURRENT TEMPERATURE:             0.28157    
  MIN FUNCTION VALUE SO FAR:   0.327261573097946835E-02
  TOTAL MOVES:                     840
     DOWNHILL:                     607
     ACCEPTED UPHILL:              206
     REJECTED UPHILL:               27
  TRIALS OUT OF BOUNDS:            430
  NEW MINIMA THIS TEMPERATURE:       0

                         CURRENT OPTIMAL X
    0.9854646560         0.2706454500E-01     0.2565186482         0.5303100901         0.6130505354E-01     0.3350875460         0.8139381121         0.5365327139         0.3805209138E-01     0.1565092389    
    0.2534719906         0.8596908436E-01     0.9911920324E-01     0.9893588821         0.9999976317         0.9778755152E-01     0.1468528933         0.7069408302         0.6140064387E-01     0.1700685505    
    0.9233308915         0.1618106973E-02     0.5887676017E-01     0.2620177920         0.6126546041         0.7009953859E-01     0.1658924558         0.4432810149         0.8198734836         0.3562237493E-01
    0.3128275577         0.3661938215         0.7392658694E-01     0.2778075953         0.6150116005         0.1623765966E-01     0.4363631134E-01     0.1184678201         0.4333160450         0.5056831078E-01
    0.3860764304         0.1177557631    

                         STEP LENGTH (VM)
    0.2000059094         0.1157679385E-01     0.1168255461         0.2361316672         0.2717066763E-01     0.1227191546         0.2433275295         0.2222399301         0.1634907064E-01     0.6260369556E-01
    0.1013887962         0.3438763374E-01     0.3964768130E-01     0.2085128943         0.1500014182         0.3911502061E-01     0.5874115732E-01     0.2827763321         0.2456025755E-01     0.6802742020E-01
    0.2613352868         0.6472427892E-03     0.2355070407E-01     0.1048071168         0.2450618416         0.2803981544E-01     0.6635698232E-01     0.1773124060         0.3279493934         0.1424894997E-01
    0.1251310231         0.1464775286         0.2957063478E-01     0.1111230381         0.2460046402         0.6495063864E-02     0.1745452454E-01     0.4738712804E-01     0.1733264180         0.2022732431E-01
    0.1544305722         0.4710230524E-01
 

 INTERMEDIATE RESULTS BEFORE NEXT TEMPERATURE REDUCTION

  CURRENT TEMPERATURE:             0.21118    
  MIN FUNCTION VALUE SO FAR:   0.327261573097946835E-02
  TOTAL MOVES:                     840
     DOWNHILL:                     604
     ACCEPTED UPHILL:              208
     REJECTED UPHILL:               28
  TRIALS OUT OF BOUNDS:            401
  NEW MINIMA THIS TEMPERATURE:       0

                         CURRENT OPTIMAL X
    0.9854646560         0.2706454500E-01     0.2565186482         0.5303100901         0.6130505354E-01     0.3350875460         0.8139381121         0.5365327139         0.3805209138E-01     0.1565092389    
    0.2534719906         0.8596908436E-01     0.9911920324E-01     0.9893588821         0.9999976317         0.9778755152E-01     0.1468528933         0.7069408302         0.6140064387E-01     0.1700685505    
    0.9233308915         0.1618106973E-02     0.5887676017E-01     0.2620177920         0.6126546041         0.7009953859E-01     0.1658924558         0.4432810149         0.8198734836         0.3562237493E-01
    0.3128275577         0.3661938215         0.7392658694E-01     0.2778075953         0.6150116005         0.1623765966E-01     0.4363631134E-01     0.1184678201         0.4333160450         0.5056831078E-01
    0.3860764304         0.1177557631    

                         STEP LENGTH (VM)
    0.2000059094         0.1157679385E-01     0.1168255461         0.2361316672         0.2717066763E-01     0.1227191546         0.2433275295         0.2222399301         0.1634907064E-01     0.6260369556E-01
    0.1013887962         0.3438763374E-01     0.3964768130E-01     0.2085128943         0.9729820294E-01     0.3911502061E-01     0.5874115732E-01     0.2827763321         0.2456025755E-01     0.6802742020E-01
    0.2613352868         0.6472427892E-03     0.2355070407E-01     0.1048071168         0.2450618416         0.2803981544E-01     0.6635698232E-01     0.1773124060         0.3279493934         0.1424894997E-01
    0.1251310231         0.1464775286         0.2957063478E-01     0.1111230381         0.2460046402         0.6495063864E-02     0.1745452454E-01     0.4738712804E-01     0.1733264180         0.2022732431E-01
    0.1544305722         0.4710230524E-01
 

 INTERMEDIATE RESULTS BEFORE NEXT TEMPERATURE REDUCTION

  CURRENT TEMPERATURE:             0.15838    
  MIN FUNCTION VALUE SO FAR:   0.280554598509742984E-02
  TOTAL MOVES:                     840
     DOWNHILL:                     616
     ACCEPTED UPHILL:              183
     REJECTED UPHILL:               41
  TRIALS OUT OF BOUNDS:            432
  NEW MINIMA THIS TEMPERATURE:       0

                         CURRENT OPTIMAL X
    0.9854646560         0.3291444988E-01     0.2403691118         0.4795711333         0.7389984732E-01     0.2734987648         0.8341963166         0.5365327139         0.3656246143E-01     0.1565092389    
    0.2534719906         0.8596908436E-01     0.9911920324E-01     0.9893588821         0.9999976317         0.9778755152E-01     0.1468528933         0.7069408302         0.6140064387E-01     0.1700685505    
    0.9233308915         0.1618106973E-02     0.5887676017E-01     0.2620177920         0.6126546041         0.7009953859E-01     0.1658924558         0.4432810149         0.8198734836         0.3562237493E-01
    0.3128275577         0.3661938215         0.7392658694E-01     0.2778075953         0.6150116005         0.1623765966E-01     0.4363631134E-01     0.1184678201         0.4333160450         0.5056831078E-01
    0.3860764304         0.1177557631    

                         STEP LENGTH (VM)
    0.2000059094         0.1157679385E-01     0.1168255461         0.2361316672         0.2717066763E-01     0.1227191546         0.2433275295         0.2222399301         0.1634907064E-01     0.6260369556E-01
    0.1013887962         0.3438763374E-01     0.3964768130E-01     0.2085128943         0.7413194663E-01     0.3911502061E-01     0.5874115732E-01     0.2827763321         0.2456025755E-01     0.6802742020E-01
    0.2613352868         0.6472427892E-03     0.2355070407E-01     0.1048071168         0.2450618416         0.2803981544E-01     0.6635698232E-01     0.1773124060         0.2591204955         0.1424894997E-01
    0.1251310231         0.1464775286         0.2957063478E-01     0.1111230381         0.2460046402         0.6495063864E-02     0.1745452454E-01     0.4738712804E-01     0.1733264180         0.2022732431E-01
    0.1544305722         0.4710230524E-01
 

 INTERMEDIATE RESULTS BEFORE NEXT TEMPERATURE REDUCTION

  CURRENT TEMPERATURE:             0.11879    
  MIN FUNCTION VALUE SO FAR:   0.280554598509742984E-02
  TOTAL MOVES:                     840
     DOWNHILL:                     614
     ACCEPTED UPHILL:              192
     REJECTED UPHILL:               34
  TRIALS OUT OF BOUNDS:            412
  NEW MINIMA THIS TEMPERATURE:       0

                         CURRENT OPTIMAL X
    0.9854646560         0.3291444988E-01     0.2403691118         0.4795711333         0.7389984732E-01     0.2734987648         0.8341963166         0.5365327139         0.3656246143E-01     0.1565092389    
    0.2534719906         0.8596908436E-01     0.9911920324E-01     0.9893588821         0.9999976317         0.9778755152E-01     0.1468528933         0.7069408302         0.6140064387E-01     0.1700685505    
    0.9233308915         0.1618106973E-02     0.5887676017E-01     0.2620177920         0.6126546041         0.7009953859E-01     0.1658924558         0.4432810149         0.8198734836         0.3562237493E-01
    0.3128275577         0.3661938215         0.7392658694E-01     0.2778075953         0.6150116005         0.1623765966E-01     0.4363631134E-01     0.1184678201         0.4333160450         0.5056831078E-01
    0.3860764304         0.1177557631    

                         STEP LENGTH (VM)
    0.2000059094         0.1157679385E-01     0.1168255461         0.2361316672         0.2717066763E-01     0.1227191546         0.2433275295         0.2222399301         0.1634907064E-01     0.6260369556E-01
    0.1013887962         0.3438763374E-01     0.3964768130E-01     0.2085128943         0.6589506204E-01     0.3911502061E-01     0.5874115732E-01     0.2827763321         0.2456025755E-01     0.6802742020E-01
    0.2613352868         0.6472427892E-03     0.2355070407E-01     0.1048071168         0.2450618416         0.2803981544E-01     0.6635698232E-01     0.1773124060         0.2591204955         0.1424894997E-01
    0.1251310231         0.1464775286         0.2957063478E-01     0.1111230381         0.2460046402         0.6495063864E-02     0.1745452454E-01     0.4738712804E-01     0.1733264180         0.2022732431E-01
    0.1544305722         0.4710230524E-01
 

 INTERMEDIATE RESULTS BEFORE NEXT TEMPERATURE REDUCTION

  CURRENT TEMPERATURE:             0.89090E-01
  MIN FUNCTION VALUE SO FAR:   0.272361179487219272E-02
  TOTAL MOVES:                     840
     DOWNHILL:                     603
     ACCEPTED UPHILL:              179
     REJECTED UPHILL:               58
  TRIALS OUT OF BOUNDS:            424
  NEW MINIMA THIS TEMPERATURE:       0

                         CURRENT OPTIMAL X
    0.9854646560         0.3331788667E-01     0.3009495951         0.4769338452         0.7389984732E-01     0.2734987648         0.8341963166         0.5365327139         0.3656246143E-01     0.1565092389    
    0.2534719906         0.8596908436E-01     0.9911920324E-01     0.9893588821         0.9999976317         0.9778755152E-01     0.1468528933         0.7069408302         0.6140064387E-01     0.1700685505    
    0.9233308915         0.1618106973E-02     0.5887676017E-01     0.2620177920         0.6126546041         0.7009953859E-01     0.1658924558         0.4432810149         0.8198734836         0.3562237493E-01
    0.3128275577         0.3661938215         0.7392658694E-01     0.2778075953         0.6150116005         0.1623765966E-01     0.4363631134E-01     0.1184678201         0.4333160450         0.5056831078E-01
    0.3860764304         0.1177557631    

                         STEP LENGTH (VM)
    0.2000059094         0.1157679385E-01     0.1168255461         0.2361316672         0.2717066763E-01     0.1227191546         0.2433275295         0.1666799445         0.1634907064E-01     0.6260369556E-01
    0.1013887962         0.3438763374E-01     0.3964768130E-01     0.2085128943         0.5857338702E-01     0.3911502061E-01     0.5874115732E-01     0.2827763321         0.2456025755E-01     0.6802742020E-01
    0.2613352868         0.6472427892E-03     0.2355070407E-01     0.1048071168         0.2450618416         0.2803981544E-01     0.6635698232E-01     0.1773124060         0.1316167550         0.1424894997E-01
    0.1251310231         0.1464775286         0.2957063478E-01     0.1111230381         0.2460046402         0.6495063864E-02     0.1745452454E-01     0.4738712804E-01     0.1733264180         0.2022732431E-01
    0.1544305722         0.4710230524E-01
 

 INTERMEDIATE RESULTS BEFORE NEXT TEMPERATURE REDUCTION

  CURRENT TEMPERATURE:             0.66817E-01
  MIN FUNCTION VALUE SO FAR:   0.241666382194311241E-02
  TOTAL MOVES:                     840
     DOWNHILL:                     599
     ACCEPTED UPHILL:              172
     REJECTED UPHILL:               69
  TRIALS OUT OF BOUNDS:            414
  NEW MINIMA THIS TEMPERATURE:       0

                         CURRENT OPTIMAL X
    0.9905712084         0.2378906525E-01     0.3234351558         0.5757574406         0.7584449354E-01     0.2683075268         0.8075193650         0.5365327139         0.3911116171E-01     0.1620811237    
    0.2655967851         0.9771916109E-01     0.1036901815         0.8582179665         0.9999976317         0.1122741702         0.1427069246         0.6624515522         0.7133644522E-01     0.1816532638    
    0.9821193636         0.1934515158E-02     0.6315365446E-01     0.2666875239         0.5588592050         0.6423086757E-01     0.1467614703         0.4806944126         0.8208383521         0.3868184338E-01
    0.3694941017         0.4093109180         0.8411284062E-01     0.2776505997         0.7286165236         0.1764649741E-01     0.3618954153E-01     0.1184678201         0.4333160450         0.5098347618E-01
    0.3144345646         0.9570446423E-01

                         STEP LENGTH (VM)
    0.2000059094         0.1157679385E-01     0.1168255461         0.2361316672         0.2717066763E-01     0.1227191546         0.2433275295         0.7692919450E-01     0.1634907064E-01     0.6260369556E-01
    0.1013887962         0.3438763374E-01     0.3964768130E-01     0.2085128943         0.2703386776E-01     0.3911502061E-01     0.5874115732E-01     0.2827763321         0.2456025755E-01     0.6802742020E-01
    0.2613352868         0.6472427892E-03     0.2355070407E-01     0.1048071168         0.2450618416         0.2803981544E-01     0.6635698232E-01     0.1773124060         0.7923311958E-01     0.1424894997E-01
    0.1251310231         0.1464775286         0.2957063478E-01     0.1111230381         0.2460046402         0.6495063864E-02     0.1745452454E-01     0.4738712804E-01     0.1733264180         0.2022732431E-01
    0.1544305722         0.4710230524E-01
 

 INTERMEDIATE RESULTS BEFORE NEXT TEMPERATURE REDUCTION

  CURRENT TEMPERATURE:             0.50113E-01
  MIN FUNCTION VALUE SO FAR:   0.241666382194311241E-02
  TOTAL MOVES:                     840
     DOWNHILL:                     601
     ACCEPTED UPHILL:              171
     REJECTED UPHILL:               68
  TRIALS OUT OF BOUNDS:            390
  NEW MINIMA THIS TEMPERATURE:       0

                         CURRENT OPTIMAL X
    0.9905712084         0.2378906525E-01     0.3234351558         0.5757574406         0.7584449354E-01     0.2683075268         0.8075193650         0.5365327139         0.3911116171E-01     0.1620811237    
    0.2655967851         0.9771916109E-01     0.1036901815         0.8582179665         0.9999976317         0.1122741702         0.1427069246         0.6624515522         0.7133644522E-01     0.1816532638    
    0.9821193636         0.1934515158E-02     0.6315365446E-01     0.2666875239         0.5588592050         0.6423086757E-01     0.1467614703         0.4806944126         0.8208383521         0.3868184338E-01
    0.3694941017         0.4093109180         0.8411284062E-01     0.2776505997         0.7286165236         0.1764649741E-01     0.3618954153E-01     0.1184678201         0.4333160450         0.5098347618E-01
    0.3144345646         0.9570446423E-01

                         STEP LENGTH (VM)
    0.2000059094         0.1157679385E-01     0.1168255461         0.2361316672         0.2717066763E-01     0.1227191546         0.2433275295         0.8894936036E-01     0.1634907064E-01     0.6260369556E-01
    0.1013887962         0.3438763374E-01     0.3964768130E-01     0.2085128943         0.2280982084E-01     0.3911502061E-01     0.5874115732E-01     0.2827763321         0.2456025755E-01     0.6802742020E-01
    0.2613352868         0.6472427892E-03     0.2355070407E-01     0.1048071168         0.2450618416         0.2803981544E-01     0.6635698232E-01     0.1773124060         0.5942483858E-01     0.1424894997E-01
    0.1251310231         0.1464775286         0.2957063478E-01     0.1111230381         0.2460046402         0.6495063864E-02     0.1745452454E-01     0.4738712804E-01     0.1733264180         0.2022732431E-01
    0.1544305722         0.4710230524E-01
 

 INTERMEDIATE RESULTS BEFORE NEXT TEMPERATURE REDUCTION

  CURRENT TEMPERATURE:             0.37585E-01
  MIN FUNCTION VALUE SO FAR:   0.241666382194311241E-02
  TOTAL MOVES:                     840
     DOWNHILL:                     607
     ACCEPTED UPHILL:              160
     REJECTED UPHILL:               73
  TRIALS OUT OF BOUNDS:            403
  NEW MINIMA THIS TEMPERATURE:       0

                         CURRENT OPTIMAL X
    0.9905712084         0.2378906525E-01     0.3234351558         0.5757574406         0.7584449354E-01     0.2683075268         0.8075193650         0.5365327139         0.3911116171E-01     0.1620811237    
    0.2655967851         0.9771916109E-01     0.1036901815         0.8582179665         0.9999976317         0.1122741702         0.1427069246         0.6624515522         0.7133644522E-01     0.1816532638    
    0.9821193636         0.1934515158E-02     0.6315365446E-01     0.2666875239         0.5588592050         0.6423086757E-01     0.1467614703         0.4806944126         0.8208383521         0.3868184338E-01
    0.3694941017         0.4093109180         0.8411284062E-01     0.2776505997         0.7286165236         0.1764649741E-01     0.3618954153E-01     0.1184678201         0.4333160450         0.5098347618E-01
    0.3144345646         0.9570446423E-01

                         STEP LENGTH (VM)
    0.2000059094         0.1157679385E-01     0.1168255461         0.2361316672         0.2717066763E-01     0.1227191546         0.2433275295         0.5929957100E-01     0.1634907064E-01     0.6260369556E-01
    0.1013887962         0.3438763374E-01     0.3964768130E-01     0.2085128943         0.3802920476E-01     0.3911502061E-01     0.5874115732E-01     0.2827763321         0.2456025755E-01     0.6802742020E-01
    0.2613352868         0.6472427892E-03     0.2355070407E-01     0.1048071168         0.2450618416         0.2803981544E-01     0.6635698232E-01     0.1773124060         0.5942483858E-01     0.1424894997E-01
    0.1251310231         0.1464775286         0.2957063478E-01     0.1111230381         0.2460046402         0.6495063864E-02     0.1745452454E-01     0.4738712804E-01     0.1733264180         0.2022732431E-01
    0.1544305722         0.4710230524E-01
 

 INTERMEDIATE RESULTS BEFORE NEXT TEMPERATURE REDUCTION

  CURRENT TEMPERATURE:             0.28189E-01
  MIN FUNCTION VALUE SO FAR:   0.187071253688335859E-02
  TOTAL MOVES:                     840
     DOWNHILL:                     591
     ACCEPTED UPHILL:              164
     REJECTED UPHILL:               85
  TRIALS OUT OF BOUNDS:            403
  NEW MINIMA THIS TEMPERATURE:       0

                         CURRENT OPTIMAL X
    0.9987788078         0.3404383277E-01     0.2866777944         0.6989665911         0.6246578014E-01     0.2826523898         0.7681776810         0.5575142938         0.3317954247E-01     0.1312252091    
    0.2640666601         0.7643195875E-01     0.9646002115E-01     0.8701190686         0.9994282645         0.8927083581E-01     0.1478704044         0.7467172075         0.5223994385E-01     0.1526863594    
    0.8233191838         0.1699683051E-02     0.6270421478E-01     0.2435347449         0.7050790640         0.8134835534E-01     0.1489165198         0.4980227279         0.8435124196         0.3179373213E-01
    0.3648712795         0.4308086130         0.8099480124E-01     0.2470128286         0.6571098178         0.1660885221E-01     0.4970356620E-01     0.1313844212         0.3936990866         0.5278922238E-01
    0.3575662923         0.1032933320    

                         STEP LENGTH (VM)
    0.2000059094         0.1157679385E-01     0.1168255461         0.2361316672         0.2717066763E-01     0.1227191546         0.2433275295         0.2259031154E-01     0.1634907064E-01     0.6260369556E-01
    0.1013887962         0.3438763374E-01     0.3964768130E-01     0.2085128943         0.1495464590E-01     0.3911502061E-01     0.5874115732E-01     0.2827763321         0.2456025755E-01     0.6802742020E-01
    0.2613352868         0.6472427892E-03     0.2355070407E-01     0.1048071168         0.2450618416         0.2803981544E-01     0.6635698232E-01     0.1773124060         0.5235044815E-01     0.1424894997E-01
    0.1251310231         0.1464775286         0.2957063478E-01     0.1111230381         0.2460046402         0.6495063864E-02     0.1745452454E-01     0.4738712804E-01     0.1733264180         0.2022732431E-01
    0.1544305722         0.4710230524E-01
 

 INTERMEDIATE RESULTS BEFORE NEXT TEMPERATURE REDUCTION

  CURRENT TEMPERATURE:             0.21141E-01
  MIN FUNCTION VALUE SO FAR:   0.993566033143568599E-03
  TOTAL MOVES:                     840
     DOWNHILL:                     588
     ACCEPTED UPHILL:              178
     REJECTED UPHILL:               74
  TRIALS OUT OF BOUNDS:            374
  NEW MINIMA THIS TEMPERATURE:       0

                         CURRENT OPTIMAL X
    0.9987788078         0.2499712129E-01     0.2390066358         0.4849095516         0.5807287402E-01     0.2558366431         0.7842234580         0.5575142938         0.3491596448E-01     0.1312252091    
    0.2311483409         0.8612933109E-01     0.9268700098E-01     0.9923115449         0.9994282645         0.1001536149         0.1385745267         0.5922624048         0.7149648960E-01     0.1703207843    
    0.8529282137         0.1695326399E-02     0.5305542169E-01     0.2858653364         0.6257014047         0.7913607130E-01     0.1630930594         0.4361080663         0.8435124196         0.3564733426E-01
    0.3668019211         0.3333354069         0.8452329027E-01     0.2774937630         0.6317102280         0.1832799726E-01     0.5151552581E-01     0.1252522352         0.4788238769         0.4193801085E-01
    0.4078260723         0.1404006074    

                         STEP LENGTH (VM)
    0.1950199690         0.1157679385E-01     0.1168255461         0.2361316672         0.2717066763E-01     0.1227191546         0.2433275295         0.2259031154E-01     0.1634907064E-01     0.6260369556E-01
    0.1013887962         0.3438763374E-01     0.3964768130E-01     0.2085128943         0.1508937072E-01     0.3911502061E-01     0.5874115732E-01     0.2827763321         0.2456025755E-01     0.6802742020E-01
    0.2613352868         0.6472427892E-03     0.2355070407E-01     0.1048071168         0.2450618416         0.2803981544E-01     0.6635698232E-01     0.1773124060         0.2416174516E-01     0.1424894997E-01
    0.1251310231         0.1464775286         0.2957063478E-01     0.1111230381         0.2460046402         0.6495063864E-02     0.1745452454E-01     0.4738712804E-01     0.1733264180         0.2022732431E-01
    0.1544305722         0.4710230524E-01
 

 INTERMEDIATE RESULTS BEFORE NEXT TEMPERATURE REDUCTION

  CURRENT TEMPERATURE:             0.15856E-01
  MIN FUNCTION VALUE SO FAR:   0.869280036963745810E-03
  TOTAL MOVES:                     840
     DOWNHILL:                     579
     ACCEPTED UPHILL:              172
     REJECTED UPHILL:               89
  TRIALS OUT OF BOUNDS:            410
  NEW MINIMA THIS TEMPERATURE:       0

                         CURRENT OPTIMAL X
    0.9987788078         0.2981042344E-01     0.2359643364         0.6666007554         0.7048104657E-01     0.2738698580         0.8385528632         0.5575142938         0.3278850584E-01     0.1456193661    
    0.2807727526         0.9343037718E-01     0.9295697135E-01     0.9098528100         0.9994282645         0.1133175022         0.1342133469         0.6386015963         0.6567966725E-01     0.1502396785    
    0.8679358033         0.1595580459E-02     0.6431787555E-01     0.2261607323         0.5474441181         0.5636734907E-01     0.1827176400         0.3956184960         0.8442663162         0.4161973061E-01
    0.2697944737         0.4036432352         0.8147052858E-01     0.2657031889         0.7329076121         0.1444232084E-01     0.4654824452E-01     0.1295855864         0.4949509295         0.4262655327E-01
    0.3415708342         0.1211895407    

                         STEP LENGTH (VM)
    0.7163997937E-01     0.1157679385E-01     0.1168255461         0.2361316672         0.2717066763E-01     0.1227191546         0.2433275295         0.2008027642E-01     0.1634907064E-01     0.6260369556E-01
    0.1013887962         0.3438763374E-01     0.3964768130E-01     0.2085128943         0.5876148400E-02     0.3911502061E-01     0.5874115732E-01     0.2827763321         0.2456025755E-01     0.6802742020E-01
    0.2613352868         0.6472427892E-03     0.2355070407E-01     0.1048071168         0.2450618416         0.2803981544E-01     0.6635698232E-01     0.1773124060         0.1567248138E-01     0.1424894997E-01
    0.1251310231         0.1464775286         0.2957063478E-01     0.1111230381         0.2460046402         0.6495063864E-02     0.1745452454E-01     0.4738712804E-01     0.1733264180         0.2022732431E-01
    0.1544305722         0.4710230524E-01
 

 INTERMEDIATE RESULTS BEFORE NEXT TEMPERATURE REDUCTION

  CURRENT TEMPERATURE:             0.11892E-01
  MIN FUNCTION VALUE SO FAR:   0.869280036963745810E-03
  TOTAL MOVES:                     840
     DOWNHILL:                     575
     ACCEPTED UPHILL:              167
     REJECTED UPHILL:               98
  TRIALS OUT OF BOUNDS:            401
  NEW MINIMA THIS TEMPERATURE:       0

                         CURRENT OPTIMAL X
    0.9987788078         0.2981042344E-01     0.2359643364         0.6666007554         0.7048104657E-01     0.2738698580         0.8385528632         0.5575142938         0.3278850584E-01     0.1456193661    
    0.2807727526         0.9343037718E-01     0.9295697135E-01     0.9098528100         0.9994282645         0.1133175022         0.1342133469         0.6386015963         0.6567966725E-01     0.1502396785    
    0.8679358033         0.1595580459E-02     0.6431787555E-01     0.2261607323         0.5474441181         0.5636734907E-01     0.1827176400         0.3956184960         0.8442663162         0.4161973061E-01
    0.2697944737         0.4036432352         0.8147052858E-01     0.2657031889         0.7329076121         0.1444232084E-01     0.4654824452E-01     0.1295855864         0.4949509295         0.4262655327E-01
    0.3415708342         0.1211895407    

                         STEP LENGTH (VM)
    0.2239295758E-01     0.1157679385E-01     0.1168255461         0.2361316672         0.2717066763E-01     0.1227191546         0.2433275295         0.1506020504E-01     0.1634907064E-01     0.6260369556E-01
    0.1013887962         0.3438763374E-01     0.3964768130E-01     0.2085128943         0.4000781485E-02     0.3911502061E-01     0.5874115732E-01     0.2827763321         0.2456025755E-01     0.6802742020E-01
    0.2613352868         0.6472427892E-03     0.2355070407E-01     0.1048071168         0.2450618416         0.2803981544E-01     0.6635698232E-01     0.1773124060         0.1393109421E-01     0.1424894997E-01
    0.1251310231         0.1464775286         0.2957063478E-01     0.1111230381         0.2460046402         0.6495063864E-02     0.1745452454E-01     0.4738712804E-01     0.1733264180         0.2022732431E-01
    0.1544305722         0.4710230524E-01
 

 INTERMEDIATE RESULTS BEFORE NEXT TEMPERATURE REDUCTION

  CURRENT TEMPERATURE:             0.89190E-02
  MIN FUNCTION VALUE SO FAR:   0.836561580215756722E-03
  TOTAL MOVES:                     840
     DOWNHILL:                     570
     ACCEPTED UPHILL:              134
     REJECTED UPHILL:              136
  TRIALS OUT OF BOUNDS:            375
  NEW MINIMA THIS TEMPERATURE:       0

                         CURRENT OPTIMAL X
    0.9987788078         0.3441272938E-01     0.2771055762         0.6906133070         0.6941181999E-01     0.3275726910         0.9620086018         0.5575142938         0.3278850584E-01     0.1456193661    
    0.2167120180         0.7311876099E-01     0.8717049547E-01     0.8125633281         0.9994282645         0.8457352433E-01     0.1748631119         0.7629984221         0.5241831341E-01     0.1534618425    
    0.8115540914         0.1595580459E-02     0.6705955098E-01     0.2154235604         0.6328967700         0.6118037315E-01     0.1597830565         0.3641401522         0.8442663162         0.3714567058E-01
    0.3604466716         0.3725360588         0.6967965900E-01     0.3320764489         0.7202615059         0.1537648072E-01     0.4654824452E-01     0.1295855864         0.4416799675         0.4047441875E-01
    0.3330479264         0.1339742225    

                         STEP LENGTH (VM)
    0.3865323461E-02     0.1157679385E-01     0.1168255461         0.2361316672         0.2717066763E-01     0.1227191546         0.2433275295         0.7649627687E-02     0.1634907064E-01     0.6260369556E-01
    0.1013887962         0.3438763374E-01     0.3964768130E-01     0.2085128943         0.2421276433E-02     0.3911502061E-01     0.5874115732E-01     0.2827763321         0.2456025755E-01     0.6802742020E-01
    0.2613352868         0.6472427892E-03     0.2355070407E-01     0.1048071168         0.2450618416         0.2803981544E-01     0.6635698232E-01     0.1773124060         0.6323333335E-02     0.1424894997E-01
    0.1251310231         0.1464775286         0.2957063478E-01     0.1111230381         0.2460046402         0.6495063864E-02     0.1745452454E-01     0.4738712804E-01     0.1733264180         0.2022732431E-01
    0.1544305722         0.4710230524E-01
 

 INTERMEDIATE RESULTS BEFORE NEXT TEMPERATURE REDUCTION

  CURRENT TEMPERATURE:             0.66893E-02
  MIN FUNCTION VALUE SO FAR:   0.780823620495156275E-03
  TOTAL MOVES:                     840
     DOWNHILL:                     568
     ACCEPTED UPHILL:              170
     REJECTED UPHILL:              102
  TRIALS OUT OF BOUNDS:            395
  NEW MINIMA THIS TEMPERATURE:       2

                         CURRENT OPTIMAL X
    0.9987788078         0.3445851154E-01     0.3504384026         0.6906133070         0.6941181999E-01     0.3275726910         0.9620086018         0.5575142938         0.3278850584E-01     0.1456193661    
    0.2167120180         0.7311876099E-01     0.8717049547E-01     0.8125633281         0.9994282645         0.8457352433E-01     0.1748631119         0.7629984221         0.5241831341E-01     0.1534618425    
    0.8115540914         0.1595580459E-02     0.6705955098E-01     0.2154235604         0.6328967700         0.6118037315E-01     0.1597830565         0.3641401522         0.8442663162         0.3714567058E-01
    0.3604466716         0.3725360588         0.6967965900E-01     0.3320764489         0.7202615059         0.1537648072E-01     0.4654824452E-01     0.1295855864         0.4416799675         0.4047441875E-01
    0.3330479264         0.1339742225    

                         STEP LENGTH (VM)
    0.2576881854E-02     0.1157679385E-01     0.1168255461         0.2361316672         0.2717066763E-01     0.1227191546         0.2433275295         0.2850464692E-02     0.1634907064E-01     0.6260369556E-01
    0.1013887962         0.3438763374E-01     0.3964768130E-01     0.2085128943         0.2421276163E-02     0.3911502061E-01     0.5874115732E-01     0.2827763321         0.2456025755E-01     0.6802742020E-01
    0.2613352868         0.6472427892E-03     0.2355070407E-01     0.1048071168         0.2450618416         0.2803981544E-01     0.6635698232E-01     0.1773124060         0.6323332629E-02     0.1424894997E-01
    0.1251310231         0.1464775286         0.2957063478E-01     0.1111230381         0.2460046402         0.6495063864E-02     0.1745452454E-01     0.4738712804E-01     0.1733264180         0.2022732431E-01
    0.1544305722         0.4710230524E-01
 

 INTERMEDIATE RESULTS BEFORE NEXT TEMPERATURE REDUCTION

  CURRENT TEMPERATURE:             0.50170E-02
  MIN FUNCTION VALUE SO FAR:   0.780823620495156275E-03
  TOTAL MOVES:                     840
     DOWNHILL:                     562
     ACCEPTED UPHILL:              128
     REJECTED UPHILL:              150
  TRIALS OUT OF BOUNDS:            359
  NEW MINIMA THIS TEMPERATURE:       0

                         CURRENT OPTIMAL X
    0.9987788078         0.3445851154E-01     0.3504384026         0.6906133070         0.6941181999E-01     0.3275726910         0.9620086018         0.5575142938         0.3278850584E-01     0.1456193661    
    0.2167120180         0.7311876099E-01     0.8717049547E-01     0.8125633281         0.9994282645         0.8457352433E-01     0.1748631119         0.7629984221         0.5241831341E-01     0.1534618425    
    0.8115540914         0.1595580459E-02     0.6705955098E-01     0.2154235604         0.6328967700         0.6118037315E-01     0.1597830565         0.3641401522         0.8442663162         0.3714567058E-01
    0.3604466716         0.3725360588         0.6967965900E-01     0.3320764489         0.7202615059         0.1537648072E-01     0.4654824452E-01     0.1295855864         0.4416799675         0.4047441875E-01
    0.3330479264         0.1339742225    

                         STEP LENGTH (VM)
    0.1231624783E-02     0.1157679385E-01     0.1168255461         0.2361316672         0.2717066763E-01     0.1227191546         0.2433275295         0.1170038530E-02     0.1453250687E-01     0.6260369556E-01
    0.1013887962         0.3438763374E-01     0.3964768130E-01     0.2085128943         0.7782673007E-03     0.3911502061E-01     0.5874115732E-01     0.2827763321         0.2456025755E-01     0.6802742020E-01
    0.2613352868         0.6472427892E-03     0.2355070407E-01     0.1048071168         0.2450618416         0.2803981544E-01     0.6635698232E-01     0.1773124060         0.3645885338E-02     0.1424894997E-01
    0.1251310231         0.1464775286         0.2957063478E-01     0.1111230381         0.2460046402         0.4110157006E-02     0.1551513254E-01     0.4738712804E-01     0.1733264180         0.2022732431E-01
    0.1544305722         0.4710230524E-01
 

 INTERMEDIATE RESULTS BEFORE NEXT TEMPERATURE REDUCTION

  CURRENT TEMPERATURE:             0.37627E-02
  MIN FUNCTION VALUE SO FAR:   0.780823620495156275E-03
  TOTAL MOVES:                     840
     DOWNHILL:                     545
     ACCEPTED UPHILL:              141
     REJECTED UPHILL:              154
  TRIALS OUT OF BOUNDS:            370
  NEW MINIMA THIS TEMPERATURE:       0

                         CURRENT OPTIMAL X
    0.9987788078         0.3445851154E-01     0.3504384026         0.6906133070         0.6941181999E-01     0.3275726910         0.9620086018         0.5575142938         0.3278850584E-01     0.1456193661    
    0.2167120180         0.7311876099E-01     0.8717049547E-01     0.8125633281         0.9994282645         0.8457352433E-01     0.1748631119         0.7629984221         0.5241831341E-01     0.1534618425    
    0.8115540914         0.1595580459E-02     0.6705955098E-01     0.2154235604         0.6328967700         0.6118037315E-01     0.1597830565         0.3641401522         0.8442663162         0.3714567058E-01
    0.3604466716         0.3725360588         0.6967965900E-01     0.3320764489         0.7202615059         0.1537648072E-01     0.4654824452E-01     0.1295855864         0.4416799675         0.4047441875E-01
    0.3330479264         0.1339742225    

                         STEP LENGTH (VM)
    0.5560774701E-03     0.1157679385E-01     0.1168255461         0.2361316672         0.2717066763E-01     0.1227191546         0.2433275295         0.3147148237E-03     0.1148247400E-01     0.6260369556E-01
    0.1013887962         0.3438763374E-01     0.3964768130E-01     0.2085128943         0.3953103609E-03     0.3911502061E-01     0.5874115732E-01     0.2827763321         0.2456025755E-01     0.6802742020E-01
    0.2613352868         0.6472427892E-03     0.2355070407E-01     0.1048071168         0.2450618416         0.2803981544E-01     0.6635698232E-01     0.1773124060         0.7797381868E-03     0.1424894997E-01
    0.1251310231         0.1464775286         0.2957063478E-01     0.1111230381         0.2460046402         0.1230483570E-02     0.1163634918E-01     0.3130934895E-01     0.1733264180         0.2022732431E-01
    0.1544305722         0.4710230524E-01
 

 INTERMEDIATE RESULTS BEFORE NEXT TEMPERATURE REDUCTION

  CURRENT TEMPERATURE:             0.28220E-02
  MIN FUNCTION VALUE SO FAR:   0.759705366546600423E-03
  TOTAL MOVES:                     840
     DOWNHILL:                     544
     ACCEPTED UPHILL:              116
     REJECTED UPHILL:              180
  TRIALS OUT OF BOUNDS:            360
  NEW MINIMA THIS TEMPERATURE:       0

                         CURRENT OPTIMAL X
    0.9985556177         0.3409117508E-01     0.3093057277         0.5344615036         0.8010809246E-01     0.2551931677         0.9685322540         0.5575025385         0.3289557786E-01     0.1425569515    
    0.2441717838         0.7280016142E-01     0.1040691987         0.8752890455         0.9994282645         0.1140076076         0.1620572808         0.8195298019         0.5666208448E-01     0.1594901370    
    0.9981731533         0.1935360301E-02     0.6595649327E-01     0.2797086207         0.5423151071         0.6175926245E-01     0.1515607424         0.3903180045         0.8442663162         0.4192890770E-01
    0.2633235147         0.4385468958         0.7933545119E-01     0.2598368330         0.6942047343         0.1537648072E-01     0.4882548973E-01     0.1003356073         0.3637175872         0.5040117497E-01
    0.4305745708         0.1131329042    

                         STEP LENGTH (VM)
    0.1787391783E-03     0.1029048217E-01     0.1168255461         0.2361316672         0.2717066763E-01     0.1227191546         0.2433275295         0.2875172030E-03     0.2760682361E-02     0.6260369556E-01
    0.1013887962         0.3438763374E-01     0.3964768130E-01     0.2085128943         0.5417214870E-03     0.3911502061E-01     0.5874115732E-01     0.2827763321         0.2456025755E-01     0.6802742020E-01
    0.2613352868         0.6472427892E-03     0.2355070407E-01     0.1048071168         0.2450618416         0.2803981544E-01     0.6635698232E-01     0.1773124060         0.2890149192E-03     0.1424894997E-01
    0.1251310231         0.1464775286         0.2957063478E-01     0.1111230381         0.2460046402         0.8203223443E-03     0.3018141096E-02     0.1353917715E-01     0.9993594883E-01     0.2022732431E-01
    0.1544305722         0.4710230524E-01
 

 INTERMEDIATE RESULTS BEFORE NEXT TEMPERATURE REDUCTION

  CURRENT TEMPERATURE:             0.21165E-02
  MIN FUNCTION VALUE SO FAR:   0.695032240157538220E-03
  TOTAL MOVES:                     840
     DOWNHILL:                     563
     ACCEPTED UPHILL:              126
     REJECTED UPHILL:              151
  TRIALS OUT OF BOUNDS:            356
  NEW MINIMA THIS TEMPERATURE:       0

                         CURRENT OPTIMAL X
    0.9986447195         0.3409117508E-01     0.3093057277         0.5344615036         0.8010809246E-01     0.2551931677         0.9685322540         0.5575025385         0.3289557786E-01     0.1425569515    
    0.2441717838         0.7280016142E-01     0.1040691987         0.8752890455         0.9994282645         0.1140076076         0.1620572808         0.8195298019         0.5666208448E-01     0.1594901370    
    0.9981731533         0.1935360301E-02     0.6595649327E-01     0.2797086207         0.5423151071         0.6175926245E-01     0.1515607424         0.3903180045         0.8442663162         0.4192890770E-01
    0.2633235147         0.4385468958         0.7933545119E-01     0.2598368330         0.6942047343         0.1537648072E-01     0.4882548973E-01     0.1003356073         0.3637175872         0.5040117497E-01
    0.4305745708         0.1131329042    

                         STEP LENGTH (VM)
    0.3597539012E-03     0.1157679385E-01     0.1038449273         0.2361316672         0.2717066763E-01     0.1227191546         0.2433275295         0.1835835964E-03     0.3591043102E-02     0.5564772800E-01
    0.1013887962         0.3438763374E-01     0.3964768130E-01     0.2085128943         0.2007924887E-03     0.3911502061E-01     0.5874115732E-01     0.2827763321         0.2456025755E-01     0.6802742020E-01
    0.2613352868         0.6472427892E-03     0.2355070407E-01     0.1048071168         0.2450618416         0.2803981544E-01     0.6635698232E-01     0.1773124060         0.1276385465E-03     0.1424894997E-01
    0.1251310231         0.1464775286         0.2957063478E-01     0.1111230381         0.2460046402         0.1303104371E-03     0.3961309820E-02     0.4738712804E-01     0.1733264180         0.2022732431E-01
    0.1544305722         0.4710230524E-01
 

 INTERMEDIATE RESULTS BEFORE NEXT TEMPERATURE REDUCTION

  CURRENT TEMPERATURE:             0.15874E-02
  MIN FUNCTION VALUE SO FAR:   0.525198474385794693E-03
  TOTAL MOVES:                     840
     DOWNHILL:                     571
     ACCEPTED UPHILL:              134
     REJECTED UPHILL:              135
  TRIALS OUT OF BOUNDS:            331
  NEW MINIMA THIS TEMPERATURE:       0

                         CURRENT OPTIMAL X
    0.9991433237         0.2514280195E-01     0.3206980041         0.6459839127         0.6262453143E-01     0.2605420871         0.7774554371         0.5575290392         0.3468481400E-01     0.1264083729    
    0.2288690472         0.8695606459E-01     0.1083900243         0.8178446754         0.9994567883         0.9872708562E-01     0.1348271223         0.8404743303         0.6582176269E-01     0.1752010412    
    0.7675730831         0.1503721004E-02     0.5676920354E-01     0.2105919814         0.5180848984         0.7900157986E-01     0.1639491353         0.5165842242         0.8443808766         0.3275573152E-01
    0.2565642665         0.3878893114         0.8865351643E-01     0.2290025044         0.6427474931         0.1525909939E-01     0.4329509427E-01     0.1407094168         0.4263259055         0.5631841763E-01
    0.4264121143         0.1214292997    

                         STEP LENGTH (VM)
    0.2131874824E-03     0.1157679385E-01     0.1168255461         0.2361316672         0.2717066763E-01     0.1227191546         0.2433275295         0.5954062131E-04     0.1746993884E-02     0.5564772800E-01
    0.1013887962         0.3438763374E-01     0.3964768130E-01     0.2085128943         0.1003962381E-03     0.3911502061E-01     0.5874115732E-01     0.2827763321         0.2456025755E-01     0.6802742020E-01
    0.2613352868         0.6472427892E-03     0.2355070407E-01     0.1048071168         0.2450618416         0.2803981544E-01     0.6635698232E-01     0.1773124060         0.4205336717E-04     0.1424894997E-01
    0.1251310231         0.1464775286         0.2957063478E-01     0.1111230381         0.2460046402         0.1472896553E-04     0.2640873099E-02     0.4738712804E-01     0.1733264180         0.2022732431E-01
    0.1544305722         0.4710230524E-01
 

 INTERMEDIATE RESULTS BEFORE NEXT TEMPERATURE REDUCTION

  CURRENT TEMPERATURE:             0.11905E-02
  MIN FUNCTION VALUE SO FAR:   0.517293677747338010E-03
  TOTAL MOVES:                     840
     DOWNHILL:                     553
     ACCEPTED UPHILL:              119
     REJECTED UPHILL:              168
  TRIALS OUT OF BOUNDS:            344
  NEW MINIMA THIS TEMPERATURE:       0

                         CURRENT OPTIMAL X
    0.9991433237         0.2423880379E-01     0.3206980041         0.6568260971         0.7045908618E-01     0.3616492556         0.8062208421         0.5575829042         0.3468481400E-01     0.1264083729    
    0.2288690472         0.7923943709E-01     0.1009345507         0.8550621756         0.9994567883         0.1113277141         0.1220512619         0.5887378506         0.6217314384E-01     0.1971629307    
    0.8289330147         0.1312776462E-02     0.6707481937E-01     0.3076503056         0.5067790413         0.6604209399E-01     0.1505296377         0.4754865975         0.8444055258         0.3430478910E-01
    0.2565642665         0.3878893114         0.8865351643E-01     0.2290025044         0.6427474931         0.1525909939E-01     0.4329509427E-01     0.1407094168         0.4263259055         0.5631841763E-01
    0.4264121143         0.1214292997    

                         STEP LENGTH (VM)
    0.6325342101E-04     0.3780177504E-02     0.6675745422E-01     0.1089838458         0.2717066763E-01     0.1227191546         0.2433275295         0.1908679584E-04     0.5883845597E-03     0.1546963627E-01
    0.6136058764E-01     0.3438763374E-01     0.3964768130E-01     0.2085128943         0.3307778081E-04     0.3911502061E-01     0.5874115732E-01     0.2827763321         0.2456025755E-01     0.6802742020E-01
    0.2613352868         0.6472427892E-03     0.2355070407E-01     0.1048071168         0.2450618416         0.2803981544E-01     0.6635698232E-01     0.1773124060         0.1602032948E-04     0.1424894997E-01
    0.1251310231         0.1464775286         0.2957063478E-01     0.1111230381         0.2460046402         0.1809605706E-05     0.3242215537E-03     0.1569579365E-01     0.1514110238E-01     0.2022732431E-01
    0.1544305722         0.4710230524E-01
 

 INTERMEDIATE RESULTS BEFORE NEXT TEMPERATURE REDUCTION

  CURRENT TEMPERATURE:             0.89291E-03
  MIN FUNCTION VALUE SO FAR:   0.514953449331952140E-03
  TOTAL MOVES:                     840
     DOWNHILL:                     560
     ACCEPTED UPHILL:              183
     REJECTED UPHILL:               97
  TRIALS OUT OF BOUNDS:            308
  NEW MINIMA THIS TEMPERATURE:       0

                         CURRENT OPTIMAL X
    0.9991433237         0.2472873526E-01     0.3206980041         0.6568260971         0.7045908618E-01     0.3616492556         0.8062208421         0.5575829042         0.3468481400E-01     0.1264083729    
    0.2288690472         0.7923943709E-01     0.1009345507         0.8550621756         0.9994567883         0.1113277141         0.1220512619         0.5887378506         0.6217314384E-01     0.1971629307    
    0.8289330147         0.1312776462E-02     0.6707481937E-01     0.3076503056         0.5067790413         0.6604209399E-01     0.1505296377         0.4754865975         0.8444055258         0.3430478910E-01
    0.2565642665         0.3878893114         0.8865351643E-01     0.2290025044         0.6427474931         0.1525909939E-01     0.4329509427E-01     0.1407094168         0.4263259055         0.5631841763E-01
    0.4264121143         0.1214292997    

                         STEP LENGTH (VM)
    0.1238712744E-03     0.1110426843E-01     0.1168255461         0.2361316672         0.2717066763E-01     0.1227191546         0.2433275295         0.3737830102E-04     0.1097754453E-02     0.6629843045E-02
    0.7835911343E-01     0.3438763374E-01     0.3964768130E-01     0.2085128943         0.4961665468E-04     0.3911502061E-01     0.5874115732E-01     0.2827763321         0.2456025755E-01     0.6802742020E-01
    0.2613352868         0.6472427892E-03     0.2355070407E-01     0.1048071168         0.2450618416         0.2803981544E-01     0.6635698232E-01     0.1773124060         0.4984101207E-04     0.1424894997E-01
    0.1251310231         0.1464775286         0.2957063478E-01     0.1111230381         0.2460046402         0.3150054085E-05     0.7902898141E-03     0.3090108576E-01     0.5740999974E-01     0.2022732431E-01
    0.1544305722         0.4710230524E-01
 

  SA ACHIEVED TERMINATION CRITERIA. IER = 0. 


  ****   RESULTS AFTER SA   ****   

                         SOLUTION
    0.9991433237         0.2472873526E-01     0.3206980041         0.6568260971         0.7045908618E-01     0.3616492556         0.8062208421         0.5575829042         0.3468481400E-01     0.1264083729    
    0.2288690472         0.7923943709E-01     0.1009345507         0.8550621756         0.9994567883         0.1113277141         0.1220512619         0.5887378506         0.6217314384E-01     0.1971629307    
    0.8289330147         0.1312776462E-02     0.6707481937E-01     0.3076503056         0.5067790413         0.6604209399E-01     0.1505296377         0.4754865975         0.8444055258         0.3430478910E-01
    0.2565642665         0.3878893114         0.8865351643E-01     0.2290025044         0.6427474931         0.1525909939E-01     0.4329509427E-01     0.1407094168         0.4263259055         0.5631841763E-01
    0.4264121143         0.1214292997    

                         FINAL STEP LENGTH
    0.1238712744E-03     0.1110426843E-01     0.1168255461         0.2361316672         0.2717066763E-01     0.1227191546         0.2433275295         0.3737830102E-04     0.1097754453E-02     0.6629843045E-02
    0.7835911343E-01     0.3438763374E-01     0.3964768130E-01     0.2085128943         0.4961665468E-04     0.3911502061E-01     0.5874115732E-01     0.2827763321         0.2456025755E-01     0.6802742020E-01
    0.2613352868         0.6472427892E-03     0.2355070407E-01     0.1048071168         0.2450618416         0.2803981544E-01     0.6635698232E-01     0.1773124060         0.4984101207E-04     0.1424894997E-01
    0.1251310231         0.1464775286         0.2957063478E-01     0.1111230381         0.2460046402         0.3150054085E-05     0.7902898141E-03     0.3090108576E-01     0.5740999974E-01     0.2022732431E-01
    0.1544305722         0.4710230524E-01

 OPTIMAL FUNCTION VALUE:  0.5149534493320E-03
 NUMBER OF FUNCTION EVALUATIONS:          26041
 NUMBER OF ACCEPTED EVALUATIONS:          23926
 NUMBER OF OUT OF BOUND EVALUATIONS:      12202
 FINAL TEMP:  0.8929104508501E-03  IER:   0
