
 SIMULATED PARALLEL ANNEALING by NEIGHBORHOOD EXAMPLE

 NUMBER OF PARAMETERS:  42   MAXIMAZATION:     F
 INITIAL TEMP:  5.0       RT: 0.75       EPS: 0.10E-02
 NS:  24   NT:  20   NEPS:  4
 MAXEVL:  100000000   IPRINT: 1   ISEED1:    7 ISEED2:    8

                         STARTING VALUES
    0.9708312750         0.2903715372E-01     0.1029981613         0.1093627214         0.4881050587E-01     0.2420457840         0.1520796418         0.9767534137         0.2105603218E-01     0.2152556539    
    0.3236711025         0.5402476788E-01     0.2230664134         0.2086710334         0.9198785719         0.1245949268E-01     0.2851165771         0.8319026828         0.5973059535E-01     0.1727055073    
    0.4702355862         0.1218812466         0.2388987541E-01     0.2884328723         0.5173456669         0.3296000361E-01     0.1724704742         0.3639710546         0.9163977504         0.4831148982E-01
    0.1040262103         0.7454244494         0.7174916267E-01     0.1890231729         0.5688793659         0.3609448671E-01     0.2544283271E-01     0.2354990482         0.9139114618E-01     0.3639703393E-01
    0.2582206964         0.1091670990    

                         INITIAL STEP LENGTH
     1.000000000         0.1000000000         0.2000000000          1.000000000         0.1000000000         0.2000000000          1.000000000          1.000000000         0.1000000000         0.2000000000    
     1.000000000         0.1000000000         0.2000000000          1.000000000          1.000000000         0.1000000000         0.2000000000          1.000000000         0.1000000000         0.2000000000    
     1.000000000          1.000000000         0.1000000000         0.2000000000          1.000000000         0.1000000000         0.2000000000          1.000000000          1.000000000         0.1000000000    
    0.2000000000          1.000000000         0.1000000000         0.2000000000          1.000000000          1.000000000         0.1000000000         0.2000000000          1.000000000         0.1000000000    
    0.2000000000          1.000000000    

                         LOWER BOUND
     0.000000000          0.000000000         0.1000000000          0.000000000          0.000000000         0.1000000000          0.000000000          0.000000000          0.000000000         0.1000000000    
     0.000000000          0.000000000         0.1000000000          0.000000000          0.000000000          0.000000000         0.1000000000          0.000000000          0.000000000         0.1000000000    
     0.000000000          0.000000000          0.000000000         0.1000000000          0.000000000          0.000000000         0.1000000000          0.000000000          0.000000000          0.000000000    
    0.1000000000          0.000000000          0.000000000         0.1000000000          0.000000000          0.000000000          0.000000000         0.1000000000          0.000000000          0.000000000    
    0.1000000000          0.000000000    

                         UPPER BOUND
     1.000000000         0.1000000000         0.3000000000          1.000000000         0.1000000000         0.3000000000          1.000000000          1.000000000         0.1000000000         0.3000000000    
     1.000000000         0.1000000000         0.3000000000          1.000000000          1.000000000         0.1000000000         0.3000000000          1.000000000         0.1000000000         0.3000000000    
     1.000000000          1.000000000         0.1000000000         0.3000000000          1.000000000         0.1000000000         0.3000000000          1.000000000          1.000000000         0.1000000000    
    0.3000000000          1.000000000         0.1000000000         0.3000000000          1.000000000          1.000000000         0.1000000000         0.3000000000          1.000000000         0.1000000000    
    0.3000000000          1.000000000    

                         C VECTOR
     2.000000000          2.000000000          2.000000000          2.000000000          2.000000000          2.000000000          2.000000000          2.000000000          2.000000000          2.000000000    
     2.000000000          2.000000000          2.000000000          2.000000000          2.000000000          2.000000000          2.000000000          2.000000000          2.000000000          2.000000000    
     2.000000000          2.000000000          2.000000000          2.000000000          2.000000000          2.000000000          2.000000000          2.000000000          2.000000000          2.000000000    
     2.000000000          2.000000000          2.000000000          2.000000000          2.000000000          2.000000000          2.000000000          2.000000000          2.000000000          2.000000000    
     2.000000000          2.000000000    

  ****   END OF DRIVER ROUTINE OUTPUT   ****
  ****   BEFORE CALL TO SA.             ****
  

                         INITIAL X
    0.9708312750         0.2903715372E-01     0.1029981613         0.1093627214         0.4881050587E-01     0.2420457840         0.1520796418         0.9767534137         0.2105603218E-01     0.2152556539    
    0.3236711025         0.5402476788E-01     0.2230664134         0.2086710334         0.9198785719         0.1245949268E-01     0.2851165771         0.8319026828         0.5973059535E-01     0.1727055073    
    0.4702355862         0.1218812466         0.2388987541E-01     0.2884328723         0.5173456669         0.3296000361E-01     0.1724704742         0.3639710546         0.9163977504         0.4831148982E-01
    0.1040262103         0.7454244494         0.7174916267E-01     0.1890231729         0.5688793659         0.3609448671E-01     0.2544283271E-01     0.2354990482         0.9139114618E-01     0.3639703393E-01
    0.2582206964         0.1091670990    
  INITIAL F: 
 0.186267338844546715    

 INTERMEDIATE RESULTS BEFORE NEXT TEMPERATURE REDUCTION

  CURRENT TEMPERATURE:              5.0000    
  MIN FUNCTION VALUE SO FAR:   0.108839224537604307    
  TOTAL MOVES:                    3360
     DOWNHILL:                    2366
     ACCEPTED UPHILL:              832
     REJECTED UPHILL:              162
  TRIALS OUT OF BOUNDS:           1594
  NEW MINIMA THIS TEMPERATURE:       5

                         CURRENT OPTIMAL X
    0.7067267299         0.3337391615E-01     0.1497772098         0.5010346174         0.9831370711E-01     0.2883910179         0.4922283292         0.6310493946         0.2896953821E-01     0.2098737597    
    0.6299526691         0.4836632013E-01     0.2478539586         0.8990598917         0.9854122400         0.7172924280E-01     0.2962911487         0.9129678607         0.4295611382E-01     0.1566389680    
    0.4619498849         0.8643686771E-02     0.8274918199E-01     0.2829827309         0.3639645576         0.8927298188E-01     0.1139986634         0.3672760129         0.5595407486         0.4256775379E-01
    0.2733870864         0.6731759906         0.5721621513E-01     0.1563499331         0.1330481768         0.5099010468         0.6276204586E-01     0.2197485089         0.4705982804         0.6228424907E-01
    0.2388759851         0.1173408628    

                         STEP LENGTH (VM)
     1.000000000         0.1000000000         0.2000000000          1.000000000         0.1000000000         0.2000000000          1.000000000          1.000000000         0.1000000000         0.2000000000    
     1.000000000         0.1000000000         0.2000000000          1.000000000         0.2769756140         0.1000000000         0.2000000000          1.000000000         0.1000000000         0.2000000000    
     1.000000000          1.000000000         0.1000000000         0.2000000000          1.000000000         0.1000000000         0.2000000000          1.000000000          1.000000000         0.1000000000    
    0.2000000000          1.000000000         0.1000000000         0.2000000000          1.000000000          1.000000000         0.1000000000         0.2000000000          1.000000000         0.1000000000    
    0.2000000000          1.000000000    
 

 INTERMEDIATE RESULTS BEFORE NEXT TEMPERATURE REDUCTION

  CURRENT TEMPERATURE:              3.7500    
  MIN FUNCTION VALUE SO FAR:   0.945642311606675889E-01
  TOTAL MOVES:                    3360
     DOWNHILL:                    2385
     ACCEPTED UPHILL:              865
     REJECTED UPHILL:              110
  TRIALS OUT OF BOUNDS:           1639
  NEW MINIMA THIS TEMPERATURE:       0

                         CURRENT OPTIMAL X
    0.7552824616         0.2274252176E-01     0.2661877632         0.5591674447         0.9831370711E-01     0.2883910179         0.4922283292         0.6310493946         0.2896953821E-01     0.2098737597    
    0.6299526691         0.4836632013E-01     0.2478539586         0.8990598917         0.9854122400         0.7172924280E-01     0.2962911487         0.9129678607         0.4295611382E-01     0.1566389680    
    0.4619498849         0.8643686771E-02     0.8274918199E-01     0.2829827309         0.3639645576         0.8927298188E-01     0.1139986634         0.3672760129         0.5595407486         0.4256775379E-01
    0.2733870864         0.6731759906         0.5721621513E-01     0.1563499331         0.1330481768         0.5099010468         0.6276204586E-01     0.2197485089         0.4705982804         0.6228424907E-01
    0.2388759851         0.1173408628    

                         STEP LENGTH (VM)
     1.000000000         0.1000000000         0.2000000000          1.000000000         0.1000000000         0.2000000000          1.000000000          1.000000000         0.1000000000         0.2000000000    
     1.000000000         0.1000000000         0.2000000000          1.000000000         0.3253362793         0.1000000000         0.2000000000          1.000000000         0.1000000000         0.2000000000    
     1.000000000          1.000000000         0.1000000000         0.2000000000          1.000000000         0.1000000000         0.2000000000          1.000000000          1.000000000         0.1000000000    
    0.2000000000          1.000000000         0.1000000000         0.2000000000          1.000000000          1.000000000         0.1000000000         0.2000000000          1.000000000         0.1000000000    
    0.2000000000          1.000000000    
 

 INTERMEDIATE RESULTS BEFORE NEXT TEMPERATURE REDUCTION

  CURRENT TEMPERATURE:              2.8125    
  MIN FUNCTION VALUE SO FAR:   0.656400009140634122E-01
  TOTAL MOVES:                    3360
     DOWNHILL:                    2391
     ACCEPTED UPHILL:              842
     REJECTED UPHILL:              127
  TRIALS OUT OF BOUNDS:           1672
  NEW MINIMA THIS TEMPERATURE:       0

                         CURRENT OPTIMAL X
    0.9637551308         0.2390766144E-01     0.2608425021         0.3402233124E-03     0.2358840704E-01     0.2016219020         0.8675360680E-01     0.8367776871         0.8387394547E-01     0.2491396546    
    0.9359085560E-01     0.4115263820E-01     0.1709038019         0.9795248508         0.9258947372         0.3904904723E-01     0.1050294280         0.5312902331         0.2658501267E-01     0.1265300274    
    0.4722771049         0.1918021441         0.6161465645E-01     0.2127357602         0.5897529721         0.3069584370E-01     0.1333599925         0.5877997279         0.7053423524         0.3832309842E-01
    0.2038525701         0.3356086016         0.1461103559E-01     0.1834496260         0.1240541935         0.3329032660E-01     0.7651913762E-01     0.2885668755         0.3205758333E-01     0.8397935033E-01
    0.1334375262         0.4807778001    

                         STEP LENGTH (VM)
     1.000000000         0.1000000000         0.2000000000          1.000000000         0.1000000000         0.2000000000          1.000000000         0.8648647721         0.1000000000         0.2000000000    
     1.000000000         0.1000000000         0.2000000000          1.000000000         0.2272850079         0.1000000000         0.2000000000          1.000000000         0.1000000000         0.2000000000    
     1.000000000          1.000000000         0.1000000000         0.2000000000          1.000000000         0.1000000000         0.2000000000          1.000000000          1.000000000         0.1000000000    
    0.2000000000          1.000000000         0.1000000000         0.2000000000          1.000000000          1.000000000         0.1000000000         0.2000000000          1.000000000         0.1000000000    
    0.2000000000          1.000000000    
 

 INTERMEDIATE RESULTS BEFORE NEXT TEMPERATURE REDUCTION

  CURRENT TEMPERATURE:              2.1094    
  MIN FUNCTION VALUE SO FAR:   0.656400009140634122E-01
  TOTAL MOVES:                    3360
     DOWNHILL:                    2375
     ACCEPTED UPHILL:              845
     REJECTED UPHILL:              140
  TRIALS OUT OF BOUNDS:           1661
  NEW MINIMA THIS TEMPERATURE:       0

                         CURRENT OPTIMAL X
    0.9637551308         0.2390766144E-01     0.2608425021         0.3402233124E-03     0.2358840704E-01     0.2016219020         0.8675360680E-01     0.8367776871         0.8387394547E-01     0.2491396546    
    0.9359085560E-01     0.4115263820E-01     0.1709038019         0.9795248508         0.9258947372         0.3904904723E-01     0.1050294280         0.5312902331         0.2658501267E-01     0.1265300274    
    0.4722771049         0.1918021441         0.6161465645E-01     0.2127357602         0.5897529721         0.3069584370E-01     0.1333599925         0.5877997279         0.7053423524         0.3832309842E-01
    0.2038525701         0.3356086016         0.1461103559E-01     0.1834496260         0.1240541935         0.3329032660E-01     0.7651913762E-01     0.2885668755         0.3205758333E-01     0.8397935033E-01
    0.1334375262         0.4807778001    

                         STEP LENGTH (VM)
     1.000000000         0.1000000000         0.2000000000          1.000000000         0.1000000000         0.2000000000          1.000000000          1.000000000         0.1000000000         0.2000000000    
     1.000000000         0.1000000000         0.2000000000          1.000000000         0.2556955440         0.1000000000         0.2000000000          1.000000000         0.1000000000         0.2000000000    
     1.000000000          1.000000000         0.1000000000         0.2000000000          1.000000000         0.1000000000         0.2000000000          1.000000000          1.000000000         0.1000000000    
    0.2000000000          1.000000000         0.1000000000         0.2000000000          1.000000000          1.000000000         0.1000000000         0.2000000000          1.000000000         0.1000000000    
    0.2000000000          1.000000000    
 

 INTERMEDIATE RESULTS BEFORE NEXT TEMPERATURE REDUCTION

  CURRENT TEMPERATURE:              1.5820    
  MIN FUNCTION VALUE SO FAR:   0.432720949963124601E-01
  TOTAL MOVES:                    3360
     DOWNHILL:                    2430
     ACCEPTED UPHILL:              809
     REJECTED UPHILL:              121
  TRIALS OUT OF BOUNDS:           1650
  NEW MINIMA THIS TEMPERATURE:       6

                         CURRENT OPTIMAL X
    0.9815251827         0.6784206629E-01     0.2386788726         0.2166849375E-01     0.2477992177E-01     0.1788228154         0.1994427443         0.8367776871         0.4098756909E-01     0.1060464263    
    0.3536913991         0.4685866237E-01     0.1013624787         0.9630434513         0.9258947372         0.3858671784E-01     0.2624375701         0.5599969625         0.8159214258E-01     0.2619840741    
    0.4055982232         0.1110532284         0.2581264973E-01     0.1818643808         0.7624500990E-01     0.1584417820E-01     0.2779243112         0.7693378329         0.6585847735         0.8530259728E-01
    0.2301800728         0.8150778413         0.1461103559E-01     0.1834496260         0.1240541935         0.3329032660E-01     0.7651913762E-01     0.2885668755         0.3205758333E-01     0.8397935033E-01
    0.1334375262         0.4807778001    

                         STEP LENGTH (VM)
     1.000000000         0.1000000000         0.2000000000          1.000000000         0.1000000000         0.2000000000          1.000000000          1.000000000         0.1000000000         0.2000000000    
     1.000000000         0.1000000000         0.2000000000          1.000000000         0.2765208959         0.1000000000         0.2000000000          1.000000000         0.1000000000         0.2000000000    
     1.000000000          1.000000000         0.1000000000         0.2000000000          1.000000000         0.1000000000         0.2000000000          1.000000000          1.000000000         0.1000000000    
    0.2000000000          1.000000000         0.1000000000         0.2000000000          1.000000000          1.000000000         0.1000000000         0.2000000000          1.000000000         0.1000000000    
    0.2000000000          1.000000000    
 

 INTERMEDIATE RESULTS BEFORE NEXT TEMPERATURE REDUCTION

  CURRENT TEMPERATURE:              1.1865    
  MIN FUNCTION VALUE SO FAR:   0.431753389687332678E-01
  TOTAL MOVES:                    3360
     DOWNHILL:                    2349
     ACCEPTED UPHILL:              852
     REJECTED UPHILL:              159
  TRIALS OUT OF BOUNDS:           1644
  NEW MINIMA THIS TEMPERATURE:       0

                         CURRENT OPTIMAL X
    0.9815251827         0.4978625774E-01     0.1289723039         0.2166849375E-01     0.2477992177E-01     0.1788228154         0.1994427443         0.8367776871         0.4098756909E-01     0.1060464263    
    0.3536913991         0.4685866237E-01     0.1013624787         0.9630434513         0.9258947372         0.3858671784E-01     0.2624375701         0.5599969625         0.8159214258E-01     0.2619840741    
    0.4055982232         0.1110532284         0.2581264973E-01     0.1818643808         0.7624500990E-01     0.1584417820E-01     0.2779243112         0.7693378329         0.6585847735         0.8530259728E-01
    0.2301800728         0.8150778413         0.1461103559E-01     0.1834496260         0.1240541935         0.3329032660E-01     0.7651913762E-01     0.2885668755         0.3205758333E-01     0.8397935033E-01
    0.1334375262         0.4807778001    

                         STEP LENGTH (VM)
     1.000000000         0.1000000000         0.2000000000          1.000000000         0.1000000000         0.2000000000          1.000000000          1.000000000         0.1000000000         0.2000000000    
     1.000000000         0.1000000000         0.2000000000          1.000000000         0.2765208090         0.1000000000         0.2000000000          1.000000000         0.1000000000         0.2000000000    
     1.000000000          1.000000000         0.1000000000         0.2000000000          1.000000000         0.1000000000         0.2000000000          1.000000000          1.000000000         0.1000000000    
    0.2000000000          1.000000000         0.1000000000         0.2000000000          1.000000000          1.000000000         0.1000000000         0.2000000000          1.000000000         0.1000000000    
    0.2000000000          1.000000000    
 

 INTERMEDIATE RESULTS BEFORE NEXT TEMPERATURE REDUCTION

  CURRENT TEMPERATURE:             0.88989    
  MIN FUNCTION VALUE SO FAR:   0.413508191761506883E-01
  TOTAL MOVES:                    3360
     DOWNHILL:                    2373
     ACCEPTED UPHILL:              837
     REJECTED UPHILL:              150
  TRIALS OUT OF BOUNDS:           1656
  NEW MINIMA THIS TEMPERATURE:       0

                         CURRENT OPTIMAL X
    0.8868833780         0.6707499027E-01     0.1892862797         0.4594141245E-01     0.3877520561E-02     0.2530318141         0.9792141914         0.8367776871         0.4724273682E-01     0.2628742099    
    0.5113518238         0.1206204295E-01     0.1477803111         0.8688858747         0.9258947372         0.3010883927E-01     0.2762185216         0.4918800592         0.7304743528E-01     0.2087967753    
    0.6243363023         0.4965078831E-01     0.2581264973E-01     0.1818643808         0.7624500990E-01     0.1584417820E-01     0.2779243112         0.7693378329         0.6585847735         0.8530259728E-01
    0.2301800728         0.8150778413         0.1461103559E-01     0.1834496260         0.1240541935         0.3329032660E-01     0.7651913762E-01     0.2885668755         0.3205758333E-01     0.8397935033E-01
    0.1334375262         0.4807778001    

                         STEP LENGTH (VM)
     1.000000000         0.1000000000         0.2000000000          1.000000000         0.1000000000         0.2000000000          1.000000000          1.000000000         0.1000000000         0.2000000000    
     1.000000000         0.1000000000         0.2000000000          1.000000000         0.2265775670         0.1000000000         0.2000000000          1.000000000         0.1000000000         0.2000000000    
     1.000000000          1.000000000         0.1000000000         0.2000000000          1.000000000         0.1000000000         0.2000000000          1.000000000          1.000000000         0.1000000000    
    0.2000000000          1.000000000         0.1000000000         0.2000000000          1.000000000          1.000000000         0.1000000000         0.2000000000          1.000000000         0.1000000000    
    0.2000000000          1.000000000    
 

 INTERMEDIATE RESULTS BEFORE NEXT TEMPERATURE REDUCTION

  CURRENT TEMPERATURE:             0.66742    
  MIN FUNCTION VALUE SO FAR:   0.336712248381495494E-01
  TOTAL MOVES:                    3360
     DOWNHILL:                    2353
     ACCEPTED UPHILL:              862
     REJECTED UPHILL:              145
  TRIALS OUT OF BOUNDS:           1673
  NEW MINIMA THIS TEMPERATURE:       5

                         CURRENT OPTIMAL X
    0.9612696171         0.8270120621E-02     0.1246550083         0.9450147748         0.1582879424E-01     0.1079048038         0.9558703899         0.8367776871         0.6324363351E-01     0.2485761523    
    0.8359110355         0.4340466857E-01     0.1216252923         0.7481913567         0.9258947372         0.5475617051E-01     0.2762185216         0.4918800592         0.7304743528E-01     0.2087967753    
    0.6243363023         0.4965078831E-01     0.2581264973E-01     0.1818643808         0.7624500990E-01     0.1584417820E-01     0.2779243112         0.7693378329         0.6585847735         0.8530259728E-01
    0.2301800728         0.8150778413         0.1461103559E-01     0.1834496260         0.1240541935         0.3329032660E-01     0.7651913762E-01     0.2885668755         0.3205758333E-01     0.8397935033E-01
    0.1334375262         0.4807778001    

                         STEP LENGTH (VM)
     1.000000000         0.1000000000         0.2000000000          1.000000000         0.1000000000         0.2000000000          1.000000000         0.9750709400         0.1000000000         0.2000000000    
     1.000000000         0.1000000000         0.2000000000          1.000000000         0.1879605766         0.1000000000         0.2000000000          1.000000000         0.1000000000         0.2000000000    
     1.000000000          1.000000000         0.1000000000         0.2000000000          1.000000000         0.1000000000         0.2000000000          1.000000000          1.000000000         0.1000000000    
    0.2000000000          1.000000000         0.1000000000         0.2000000000          1.000000000          1.000000000         0.1000000000         0.2000000000          1.000000000         0.1000000000    
    0.2000000000          1.000000000    
 

 INTERMEDIATE RESULTS BEFORE NEXT TEMPERATURE REDUCTION

  CURRENT TEMPERATURE:             0.50056    
  MIN FUNCTION VALUE SO FAR:   0.139843731922029146E-01
  TOTAL MOVES:                    3360
     DOWNHILL:                    2361
     ACCEPTED UPHILL:              825
     REJECTED UPHILL:              174
  TRIALS OUT OF BOUNDS:           1635
  NEW MINIMA THIS TEMPERATURE:       0

                         CURRENT OPTIMAL X
    0.9591889381         0.3066220880E-01     0.2201636076         0.3225803971         0.9699789286E-01     0.1849862337         0.5454553962         0.8534556031         0.9906579256E-01     0.1147526979    
    0.2840501666         0.3548512459E-01     0.1375319362         0.6778204441         0.9670765405         0.1856625080E-01     0.2587705016         0.6379081011         0.2301385999E-01     0.2157563210    
    0.6967710257         0.5308032036E-02     0.2128918171E-01     0.2689041853         0.8076084256         0.7953647375E-01     0.2476850152         0.9961336851         0.8534411788         0.4297322631E-01
    0.1170145512         0.9173130393         0.6880146265E-01     0.1930943131         0.8439904451         0.9153562784E-01     0.8814674616E-02     0.1009628654         0.1389328241         0.6144706607E-01
    0.1715142965         0.9794155359    

                         STEP LENGTH (VM)
     1.000000000         0.1000000000         0.2000000000          1.000000000         0.1000000000         0.2000000000          1.000000000         0.7105260252         0.1000000000         0.2000000000    
     1.000000000         0.1000000000         0.2000000000          1.000000000         0.1739679139         0.1000000000         0.2000000000          1.000000000         0.1000000000         0.2000000000    
     1.000000000          1.000000000         0.1000000000         0.2000000000          1.000000000         0.1000000000         0.2000000000          1.000000000          1.000000000         0.1000000000    
    0.2000000000          1.000000000         0.1000000000         0.2000000000          1.000000000          1.000000000         0.1000000000         0.2000000000          1.000000000         0.1000000000    
    0.2000000000          1.000000000    
 

 INTERMEDIATE RESULTS BEFORE NEXT TEMPERATURE REDUCTION

  CURRENT TEMPERATURE:             0.37542    
  MIN FUNCTION VALUE SO FAR:   0.486412846945394328E-02
  TOTAL MOVES:                    3360
     DOWNHILL:                    2363
     ACCEPTED UPHILL:              796
     REJECTED UPHILL:              201
  TRIALS OUT OF BOUNDS:           1614
  NEW MINIMA THIS TEMPERATURE:       0

                         CURRENT OPTIMAL X
    0.9125685692         0.2442079782E-01     0.2629941940         0.6651300192E-01     0.2334885597E-01     0.1485212326         0.4293808937         0.8534556031         0.2422806025E-01     0.1147526979    
    0.2840501666         0.3548512459E-01     0.1375319362         0.6778204441         0.9670765405         0.1856625080E-01     0.2587705016         0.6379081011         0.2301385999E-01     0.2157563210    
    0.6967710257         0.5308032036E-02     0.2128918171E-01     0.2689041853         0.8076084256         0.7953647375E-01     0.2476850152         0.9961336851         0.8534411788         0.4297322631E-01
    0.1170145512         0.9173130393         0.6880146265E-01     0.1930943131         0.8439904451         0.9153562784E-01     0.8814674616E-02     0.1009628654         0.1389328241         0.6144706607E-01
    0.1715142965         0.9794155359    

                         STEP LENGTH (VM)
     1.000000000         0.1000000000         0.2000000000          1.000000000         0.1000000000         0.2000000000          1.000000000         0.6653666736         0.1000000000         0.2000000000    
     1.000000000         0.1000000000         0.2000000000          1.000000000         0.1329028972         0.1000000000         0.2000000000          1.000000000         0.1000000000         0.2000000000    
     1.000000000          1.000000000         0.1000000000         0.2000000000          1.000000000         0.1000000000         0.2000000000          1.000000000          1.000000000         0.1000000000    
    0.2000000000          1.000000000         0.1000000000         0.2000000000          1.000000000          1.000000000         0.1000000000         0.2000000000          1.000000000         0.1000000000    
    0.2000000000          1.000000000    
 

  SA ACHIEVED TERMINATION CRITERIA. IER = 0. 


  ****   RESULTS AFTER SA   ****   

                         SOLUTION
    0.9125685692         0.2442079782E-01     0.2629941940         0.6651300192E-01     0.2334885597E-01     0.1485212326         0.4293808937         0.8534556031         0.2422806025E-01     0.1147526979    
    0.2840501666         0.3548512459E-01     0.1375319362         0.6778204441         0.9670765405         0.1856625080E-01     0.2587705016         0.6379081011         0.2301385999E-01     0.2157563210    
    0.6967710257         0.5308032036E-02     0.2128918171E-01     0.2689041853         0.8076084256         0.7953647375E-01     0.2476850152         0.9961336851         0.8534411788         0.4297322631E-01
    0.1170145512         0.9173130393         0.6880146265E-01     0.1930943131         0.8439904451         0.9153562784E-01     0.8814674616E-02     0.1009628654         0.1389328241         0.6144706607E-01
    0.1715142965         0.9794155359    

                         FINAL STEP LENGTH
     1.000000000         0.1000000000         0.2000000000          1.000000000         0.1000000000         0.2000000000          1.000000000         0.6653666736         0.1000000000         0.2000000000    
     1.000000000         0.1000000000         0.2000000000          1.000000000         0.1329028972         0.1000000000         0.2000000000          1.000000000         0.1000000000         0.2000000000    
     1.000000000          1.000000000         0.1000000000         0.2000000000          1.000000000         0.1000000000         0.2000000000          1.000000000          1.000000000         0.1000000000    
    0.2000000000          1.000000000         0.1000000000         0.2000000000          1.000000000          1.000000000         0.1000000000         0.2000000000          1.000000000         0.1000000000    
    0.2000000000          1.000000000    

 OPTIMAL FUNCTION VALUE:  0.4864128469454E-02
 NUMBER OF FUNCTION EVALUATIONS:          33601
 NUMBER OF ACCEPTED EVALUATIONS:          32111
 NUMBER OF OUT OF BOUND EVALUATIONS:      16438
 FINAL TEMP:  0.3754234313965      IER:   0
