
 SIMULATED PARALLEL ANNEALING by NEIGHBORHOOD EXAMPLE

 NUMBER OF PARAMETERS:  42   MAXIMAZATION:     F
 INITIAL TEMP:  5.0       RT: 0.75       EPS: 0.10E-02
 NS:  24   NT:   5   NEPS:  4
 MAXEVL:  100000000   IPRINT: 1   ISEED1:    7 ISEED2:    8

                         STARTING VALUES
    0.9994853677         0.1059092897         0.1865462090         0.7921563237E-01     0.4177072191E-01     0.2421591068         0.1301629685         0.8656003159         0.3556536024E-01     0.1673115201    
    0.1040384849         0.5010900800E-01     0.1178321114         0.5911937982         0.9997990935         0.2206400032E-01     0.2097782377         0.7666025650         0.9446232308E-01     0.2391592737    
    0.2983079672         0.1984199859E-02     0.7794188634E-01     0.1311817421         0.4751815363         0.2555649037E-01     0.2084733238         0.6341154178         0.9599134428         0.9562924305E-03
    0.1576720434         0.3768776131         0.3361864564E-01     0.3187271798         0.9341903883         0.2742634006E-01     0.2188862556E-01     0.2314457956         0.2977522485         0.8282819182E-01
    0.2641410969         0.7528192656E-01

                         INITIAL STEP LENGTH
    0.2004117058         0.4236371588E-01     0.7461848360E-01     0.3168625295E-01     0.1670828876E-01     0.9686364272E-01     0.5206518740E-01     0.3075197473         0.1422614410E-01     0.6692460804E-01
    0.4161539396E-01     0.2004360320E-01     0.4713284456E-01     0.2364775193         0.2001607252         0.8825600128E-02     0.8391129508E-01     0.3066410260         0.3778492923E-01     0.9566370948E-01
    0.1193231869         0.7936799436E-03     0.3117675454E-01     0.5247269684E-01     0.1900726145         0.1022259615E-01     0.8338932952E-01     0.2536461671         0.2320692458         0.3825169722E-03
    0.6306881736E-01     0.1507510452         0.1344745826E-01     0.1274908719         0.2526476894         0.1097053602E-01     0.8755450224E-02     0.9257831824E-01     0.1191008994         0.3313127673E-01
    0.1056564388         0.3011277062E-01

                         LOWER BOUND
    0.7995882942         0.8472743176E-01     0.1492369672         0.6337250590E-01     0.3341657753E-01     0.1937272854         0.1041303748         0.6924802527         0.2845228819E-01     0.1338492161    
    0.8323078792E-01     0.4008720640E-01     0.9426568912E-01     0.4729550386         0.7998392748         0.1765120026E-01     0.1678225902         0.6132820520         0.7556985846E-01     0.1913274190    
    0.2386463738         0.1587359887E-02     0.6235350907E-01     0.1049453937         0.3801452290         0.2044519230E-01     0.1667786590         0.5072923342         0.7679307542         0.7650339444E-03
    0.1261376347         0.3015020905         0.2689491651E-01     0.2549817438         0.7473523106         0.2194107205E-01     0.1751090045E-01     0.1851566365         0.2382017988         0.6626255346E-01
    0.2113128775         0.6022554125E-01

                         UPPER BOUND
     1.000000000         0.1270911476         0.2238554508         0.9505875884E-01     0.5012486629E-01     0.2905909282         0.1561955622          1.000000000         0.4267843229E-01     0.2007738241    
    0.1248461819         0.6013080960E-01     0.1413985337         0.7094325578          1.000000000         0.2647680038E-01     0.2517338852         0.9199230780         0.1133547877         0.2869911284    
    0.3579695606         0.2381039831E-02     0.9353026361E-01     0.1574180905         0.5702178436         0.3066778844E-01     0.2501679886         0.7609385014          1.000000000         0.1147550917E-02
    0.1892064521         0.4522531357         0.4034237477E-01     0.3824726158          1.000000000         0.3291160807E-01     0.2626635067E-01     0.2777349547         0.3573026982         0.9939383018E-01
    0.3169693163         0.9033831187E-01

                         C VECTOR
     2.000000000          2.000000000          2.000000000          2.000000000          2.000000000          2.000000000          2.000000000          2.000000000          2.000000000          2.000000000    
     2.000000000          2.000000000          2.000000000          2.000000000          2.000000000          2.000000000          2.000000000          2.000000000          2.000000000          2.000000000    
     2.000000000          2.000000000          2.000000000          2.000000000          2.000000000          2.000000000          2.000000000          2.000000000          2.000000000          2.000000000    
     2.000000000          2.000000000          2.000000000          2.000000000          2.000000000          2.000000000          2.000000000          2.000000000          2.000000000          2.000000000    
     2.000000000          2.000000000    

  ****   END OF DRIVER ROUTINE OUTPUT   ****
  ****   BEFORE CALL TO SA.             ****
  

                         INITIAL X
    0.9994853677         0.1059092897         0.1865462090         0.7921563237E-01     0.4177072191E-01     0.2421591068         0.1301629685         0.8656003159         0.3556536024E-01     0.1673115201    
    0.1040384849         0.5010900800E-01     0.1178321114         0.5911937982         0.9997990935         0.2206400032E-01     0.2097782377         0.7666025650         0.9446232308E-01     0.2391592737    
    0.2983079672         0.1984199859E-02     0.7794188634E-01     0.1311817421         0.4751815363         0.2555649037E-01     0.2084733238         0.6341154178         0.9599134428         0.9562924305E-03
    0.1576720434         0.3768776131         0.3361864564E-01     0.3187271798         0.9341903883         0.2742634006E-01     0.2188862556E-01     0.2314457956         0.2977522485         0.8282819182E-01
    0.2641410969         0.7528192656E-01
  INITIAL F: 
 0.664270220103985037E-01

 INTERMEDIATE RESULTS BEFORE NEXT TEMPERATURE REDUCTION

  CURRENT TEMPERATURE:              5.0000    
  MIN FUNCTION VALUE SO FAR:   0.189623583841374323E-01
  TOTAL MOVES:                     840
     DOWNHILL:                     631
     ACCEPTED UPHILL:              207
     REJECTED UPHILL:                2
  TRIALS OUT OF BOUNDS:            400
  NEW MINIMA THIS TEMPERATURE:       1

                         CURRENT OPTIMAL X
    0.9620148555         0.9406804497E-01     0.1766187872         0.9058816696E-01     0.3691311913E-01     0.2586303387         0.1558238333         0.7903375247         0.3692610982E-01     0.1764519269    
    0.8641511708E-01     0.5719343270E-01     0.1333454584         0.6979066084         0.9788114281         0.1815377428E-01     0.2272048493         0.8290503931         0.1050798776         0.2583399170    
    0.2712277987         0.1851479235E-02     0.8539248655E-01     0.1090201087         0.5395007168         0.2757139193E-01     0.1943507470         0.5370643747         0.8627064093         0.9922520057E-03
    0.1554350859         0.3356998892         0.3444597228E-01     0.3325842720         0.8085712336         0.2448149232E-01     0.2549489256E-01     0.2240580946         0.2976182768         0.7505549729E-01
    0.2690026601         0.8729436762E-01

                         STEP LENGTH (VM)
    0.2004117058         0.4236371588E-01     0.7461848360E-01     0.3168625295E-01     0.1670828876E-01     0.9686364272E-01     0.5206518740E-01     0.3075197473         0.1422614410E-01     0.6692460804E-01
    0.4161539396E-01     0.2004360320E-01     0.4713284456E-01     0.2364775193         0.2001607252         0.8825600128E-02     0.8391129508E-01     0.3066410260         0.3778492923E-01     0.9566370948E-01
    0.1193231869         0.7936799436E-03     0.3117675454E-01     0.5247269684E-01     0.1900726145         0.1022259615E-01     0.8338932952E-01     0.2536461671         0.2320692458         0.3825169722E-03
    0.6306881736E-01     0.1507510452         0.1344745826E-01     0.1274908719         0.2526476894         0.1097053602E-01     0.8755450224E-02     0.9257831824E-01     0.1191008994         0.3313127673E-01
    0.1056564388         0.3011277062E-01
 

 INTERMEDIATE RESULTS BEFORE NEXT TEMPERATURE REDUCTION

  CURRENT TEMPERATURE:              3.7500    
  MIN FUNCTION VALUE SO FAR:   0.189623583841374323E-01
  TOTAL MOVES:                     840
     DOWNHILL:                     651
     ACCEPTED UPHILL:              187
     REJECTED UPHILL:                2
  TRIALS OUT OF BOUNDS:            408
  NEW MINIMA THIS TEMPERATURE:       0

                         CURRENT OPTIMAL X
    0.9620148555         0.9406804497E-01     0.1766187872         0.9058816696E-01     0.3691311913E-01     0.2586303387         0.1558238333         0.7903375247         0.3692610982E-01     0.1764519269    
    0.8641511708E-01     0.5719343270E-01     0.1333454584         0.6979066084         0.9788114281         0.1815377428E-01     0.2272048493         0.8290503931         0.1050798776         0.2583399170    
    0.2712277987         0.1851479235E-02     0.8539248655E-01     0.1090201087         0.5395007168         0.2757139193E-01     0.1943507470         0.5370643747         0.8627064093         0.9922520057E-03
    0.1554350859         0.3356998892         0.3444597228E-01     0.3325842720         0.8085712336         0.2448149232E-01     0.2549489256E-01     0.2240580946         0.2976182768         0.7505549729E-01
    0.2690026601         0.8729436762E-01

                         STEP LENGTH (VM)
    0.2004117058         0.4236371588E-01     0.7461848360E-01     0.3168625295E-01     0.1670828876E-01     0.9686364272E-01     0.5206518740E-01     0.3075197473         0.1422614410E-01     0.6692460804E-01
    0.4161539396E-01     0.2004360320E-01     0.4713284456E-01     0.2364775193         0.2001607252         0.8825600128E-02     0.8391129508E-01     0.3066410260         0.3778492923E-01     0.9566370948E-01
    0.1193231869         0.7936799436E-03     0.3117675454E-01     0.5247269684E-01     0.1900726145         0.1022259615E-01     0.8338932952E-01     0.2536461671         0.2320692458         0.3825169722E-03
    0.6306881736E-01     0.1507510452         0.1344745826E-01     0.1274908719         0.2526476894         0.1097053602E-01     0.8755450224E-02     0.9257831824E-01     0.1191008994         0.3313127673E-01
    0.1056564388         0.3011277062E-01
 

 INTERMEDIATE RESULTS BEFORE NEXT TEMPERATURE REDUCTION

  CURRENT TEMPERATURE:              2.8125    
  MIN FUNCTION VALUE SO FAR:   0.181991957963123854E-01
  TOTAL MOVES:                     840
     DOWNHILL:                     634
     ACCEPTED UPHILL:              200
     REJECTED UPHILL:                6
  TRIALS OUT OF BOUNDS:            444
  NEW MINIMA THIS TEMPERATURE:       0

                         CURRENT OPTIMAL X
    0.9780151058         0.9360702954E-01     0.1862941408         0.7730801683E-01     0.4460335038E-01     0.2523682024         0.1072402995         0.9052201222         0.3662233294E-01     0.1801782955    
    0.9858191056E-01     0.4354365541E-01     0.1281205645         0.6179759666         0.9934901059         0.1768185984E-01     0.1859803265         0.9103312063         0.9011123628E-01     0.1925617483    
    0.2602101509         0.1932819099E-02     0.7406524053E-01     0.1508447790         0.4074039783         0.2618852469E-01     0.2410764867         0.6976969972         0.9914189708         0.9181388544E-03
    0.1574760653         0.3810918130         0.2749927167E-01     0.3491813759         0.8088138036         0.2932253850E-01     0.2469388120E-01     0.2343580324         0.2899303371         0.7586745292E-01
    0.2898922000         0.6307410411E-01

                         STEP LENGTH (VM)
    0.2004117058         0.4236371588E-01     0.7461848360E-01     0.3168625295E-01     0.1670828876E-01     0.9686364272E-01     0.5206518740E-01     0.3075197473         0.1422614410E-01     0.6692460804E-01
    0.4161539396E-01     0.2004360320E-01     0.4713284456E-01     0.2364775193         0.2001607252         0.8825600128E-02     0.8391129508E-01     0.3066410260         0.3778492923E-01     0.9566370948E-01
    0.1193231869         0.7936799436E-03     0.3117675454E-01     0.5247269684E-01     0.1900726145         0.1022259615E-01     0.8338932952E-01     0.2536461671         0.2320692458         0.3825169722E-03
    0.6306881736E-01     0.1507510452         0.1344745826E-01     0.1274908719         0.2526476894         0.1097053602E-01     0.8755450224E-02     0.9257831824E-01     0.1191008994         0.3313127673E-01
    0.1056564388         0.3011277062E-01
 

 INTERMEDIATE RESULTS BEFORE NEXT TEMPERATURE REDUCTION

  CURRENT TEMPERATURE:              2.1094    
  MIN FUNCTION VALUE SO FAR:   0.148802973481333613E-01
  TOTAL MOVES:                     840
     DOWNHILL:                     648
     ACCEPTED UPHILL:              187
     REJECTED UPHILL:                5
  TRIALS OUT OF BOUNDS:            398
  NEW MINIMA THIS TEMPERATURE:       0

                         CURRENT OPTIMAL X
    0.9860207199         0.1181479963         0.1650563357         0.8432560899E-01     0.4710504506E-01     0.2249133973         0.1200166967         0.7481233072         0.4054960037E-01     0.1849973716    
    0.9736478324E-01     0.5041465079E-01     0.9609831762E-01     0.5747086787         0.9932979770         0.1817298656E-01     0.2284522942         0.6440491724         0.1079359959         0.2745420343    
    0.3542150217         0.1704037426E-02     0.8948788529E-01     0.1060089053         0.5580921781         0.2407349757E-01     0.2441095785         0.6205329969         0.8772544337         0.8958917331E-03
    0.1406440203         0.4070687491         0.3713310888E-01     0.3035300486         0.7584385931         0.2856706560E-01     0.2390771692E-01     0.1969333000         0.3096025680         0.8542874732E-01
    0.2495838461         0.6746596205E-01

                         STEP LENGTH (VM)
    0.2004117058         0.4236371588E-01     0.7461848360E-01     0.3168625295E-01     0.1670828876E-01     0.9686364272E-01     0.5206518740E-01     0.3075197473         0.1422614410E-01     0.6692460804E-01
    0.4161539396E-01     0.2004360320E-01     0.4713284456E-01     0.2364775193         0.2001607252         0.8825600128E-02     0.8391129508E-01     0.3066410260         0.3778492923E-01     0.9566370948E-01
    0.1193231869         0.7936799436E-03     0.3117675454E-01     0.5247269684E-01     0.1900726145         0.1022259615E-01     0.8338932952E-01     0.2536461671         0.2320692458         0.3825169722E-03
    0.6306881736E-01     0.1507510452         0.1344745826E-01     0.1274908719         0.2526476894         0.1097053602E-01     0.8755450224E-02     0.9257831824E-01     0.1191008994         0.3313127673E-01
    0.1056564388         0.3011277062E-01
 

 INTERMEDIATE RESULTS BEFORE NEXT TEMPERATURE REDUCTION

  CURRENT TEMPERATURE:              1.5820    
  MIN FUNCTION VALUE SO FAR:   0.115895084729361313E-01
  TOTAL MOVES:                     840
     DOWNHILL:                     639
     ACCEPTED UPHILL:              197
     REJECTED UPHILL:                4
  TRIALS OUT OF BOUNDS:            404
  NEW MINIMA THIS TEMPERATURE:       0

                         CURRENT OPTIMAL X
    0.9620157633         0.1104379901         0.1768062628         0.7310946955E-01     0.3813780490E-01     0.2127886871         0.1527249192         0.7978544225         0.4053745442E-01     0.1381614477    
    0.1037986581         0.5891197183E-01     0.1270423384         0.7082689743         0.9932979770         0.2459828319E-01     0.2381577407         0.8223166048         0.9893367508E-01     0.1988878110    
    0.3121922649         0.1789086113E-02     0.7995909135E-01     0.1052936850         0.5540233374         0.2450160844E-01     0.1934937571         0.6777988726         0.9216041948         0.9828881555E-03
    0.1414992370         0.4228904234         0.3882594710E-01     0.3390797484         0.8559134157         0.2739166597E-01     0.2192892349E-01     0.1927467524         0.3177831121         0.7694858463E-01
    0.2444737476         0.7282097290E-01

                         STEP LENGTH (VM)
    0.2004117058         0.4236371588E-01     0.7461848360E-01     0.3168625295E-01     0.1670828876E-01     0.9686364272E-01     0.5206518740E-01     0.3075197473         0.1422614410E-01     0.6692460804E-01
    0.4161539396E-01     0.2004360320E-01     0.4713284456E-01     0.2364775193         0.2001607252         0.8825600128E-02     0.8391129508E-01     0.3066410260         0.3778492923E-01     0.9566370948E-01
    0.1193231869         0.7936799436E-03     0.3117675454E-01     0.5247269684E-01     0.1900726145         0.1022259615E-01     0.8338932952E-01     0.2536461671         0.2320692458         0.3825169722E-03
    0.6306881736E-01     0.1507510452         0.1344745826E-01     0.1274908719         0.2526476894         0.1097053602E-01     0.8755450224E-02     0.9257831824E-01     0.1191008994         0.3313127673E-01
    0.1056564388         0.3011277062E-01
 

 INTERMEDIATE RESULTS BEFORE NEXT TEMPERATURE REDUCTION

  CURRENT TEMPERATURE:              1.1865    
  MIN FUNCTION VALUE SO FAR:   0.819166317295601937E-02
  TOTAL MOVES:                     840
     DOWNHILL:                     646
     ACCEPTED UPHILL:              190
     REJECTED UPHILL:                4
  TRIALS OUT OF BOUNDS:            423
  NEW MINIMA THIS TEMPERATURE:       0

                         CURRENT OPTIMAL X
    0.9873165046         0.8762974704E-01     0.1777005034         0.9279945630E-01     0.4510321826E-01     0.2031285266         0.1149624570         0.8747863604         0.3118392623E-01     0.1784707806    
    0.1189803869         0.5995538463E-01     0.1266626959         0.5928357150         0.9982492813         0.2169762190E-01     0.1843499816         0.8317111556         0.1049850663         0.2339337999    
    0.2994315267         0.1845509895E-02     0.8269827692E-01     0.1200718980         0.4576880341         0.2186320052E-01     0.1962989814         0.7039357176         0.9950949047         0.1028393706E-02
    0.1746306793         0.4286762436         0.3462639851E-01     0.2953367853         0.9403717266         0.2590515492E-01     0.2403090379E-01     0.2102847128         0.2825952445         0.8272342195E-01
    0.2147429677         0.6090493203E-01

                         STEP LENGTH (VM)
    0.2004117058         0.4236371588E-01     0.7461848360E-01     0.3168625295E-01     0.1670828876E-01     0.9686364272E-01     0.5206518740E-01     0.3075197473         0.1422614410E-01     0.6692460804E-01
    0.4161539396E-01     0.2004360320E-01     0.4713284456E-01     0.2364775193         0.2001607252         0.8825600128E-02     0.8391129508E-01     0.3066410260         0.3778492923E-01     0.9566370948E-01
    0.1193231869         0.7936799436E-03     0.3117675454E-01     0.5247269684E-01     0.1900726145         0.1022259615E-01     0.8338932952E-01     0.2536461671         0.2320692458         0.3825169722E-03
    0.6306881736E-01     0.1507510452         0.1344745826E-01     0.1274908719         0.2526476894         0.1097053602E-01     0.8755450224E-02     0.9257831824E-01     0.1191008994         0.3313127673E-01
    0.1056564388         0.3011277062E-01
 

 INTERMEDIATE RESULTS BEFORE NEXT TEMPERATURE REDUCTION

  CURRENT TEMPERATURE:             0.88989    
  MIN FUNCTION VALUE SO FAR:   0.819166317295601937E-02
  TOTAL MOVES:                     840
     DOWNHILL:                     620
     ACCEPTED UPHILL:              211
     REJECTED UPHILL:                9
  TRIALS OUT OF BOUNDS:            434
  NEW MINIMA THIS TEMPERATURE:       0

                         CURRENT OPTIMAL X
    0.9873165046         0.8762974704E-01     0.1777005034         0.9279945630E-01     0.4510321826E-01     0.2031285266         0.1149624570         0.8747863604         0.3118392623E-01     0.1784707806    
    0.1189803869         0.5995538463E-01     0.1266626959         0.5928357150         0.9982492813         0.2169762190E-01     0.1843499816         0.8317111556         0.1049850663         0.2339337999    
    0.2994315267         0.1845509895E-02     0.8269827692E-01     0.1200718980         0.4576880341         0.2186320052E-01     0.1962989814         0.7039357176         0.9950949047         0.1028393706E-02
    0.1746306793         0.4286762436         0.3462639851E-01     0.2953367853         0.9403717266         0.2590515492E-01     0.2403090379E-01     0.2102847128         0.2825952445         0.8272342195E-01
    0.2147429677         0.6090493203E-01

                         STEP LENGTH (VM)
    0.2004117058         0.4236371588E-01     0.7461848360E-01     0.3168625295E-01     0.1670828876E-01     0.9686364272E-01     0.5206518740E-01     0.3075197473         0.1422614410E-01     0.6692460804E-01
    0.4161539396E-01     0.2004360320E-01     0.4713284456E-01     0.2364775193         0.2001607252         0.8825600128E-02     0.8391129508E-01     0.3066410260         0.3778492923E-01     0.9566370948E-01
    0.1193231869         0.7936799436E-03     0.3117675454E-01     0.5247269684E-01     0.1900726145         0.1022259615E-01     0.8338932952E-01     0.2536461671         0.2320692458         0.3825169722E-03
    0.6306881736E-01     0.1507510452         0.1344745826E-01     0.1274908719         0.2526476894         0.1097053602E-01     0.8755450224E-02     0.9257831824E-01     0.1191008994         0.3313127673E-01
    0.1056564388         0.3011277062E-01
 

 INTERMEDIATE RESULTS BEFORE NEXT TEMPERATURE REDUCTION

  CURRENT TEMPERATURE:             0.66742    
  MIN FUNCTION VALUE SO FAR:   0.819166317295601937E-02
  TOTAL MOVES:                     840
     DOWNHILL:                     625
     ACCEPTED UPHILL:              203
     REJECTED UPHILL:               12
  TRIALS OUT OF BOUNDS:            400
  NEW MINIMA THIS TEMPERATURE:       0

                         CURRENT OPTIMAL X
    0.9873165046         0.8762974704E-01     0.1777005034         0.9279945630E-01     0.4510321826E-01     0.2031285266         0.1149624570         0.8747863604         0.3118392623E-01     0.1784707806    
    0.1189803869         0.5995538463E-01     0.1266626959         0.5928357150         0.9982492813         0.2169762190E-01     0.1843499816         0.8317111556         0.1049850663         0.2339337999    
    0.2994315267         0.1845509895E-02     0.8269827692E-01     0.1200718980         0.4576880341         0.2186320052E-01     0.1962989814         0.7039357176         0.9950949047         0.1028393706E-02
    0.1746306793         0.4286762436         0.3462639851E-01     0.2953367853         0.9403717266         0.2590515492E-01     0.2403090379E-01     0.2102847128         0.2825952445         0.8272342195E-01
    0.2147429677         0.6090493203E-01

                         STEP LENGTH (VM)
    0.2004117058         0.4236371588E-01     0.7461848360E-01     0.3168625295E-01     0.1670828876E-01     0.9686364272E-01     0.5206518740E-01     0.3075197473         0.1422614410E-01     0.6692460804E-01
    0.4161539396E-01     0.2004360320E-01     0.4713284456E-01     0.2364775193         0.2001607252         0.8825600128E-02     0.8391129508E-01     0.3066410260         0.3778492923E-01     0.9566370948E-01
    0.1193231869         0.7936799436E-03     0.3117675454E-01     0.5247269684E-01     0.1900726145         0.1022259615E-01     0.8338932952E-01     0.2536461671         0.2320692458         0.3825169722E-03
    0.6306881736E-01     0.1507510452         0.1344745826E-01     0.1274908719         0.2526476894         0.1097053602E-01     0.8755450224E-02     0.9257831824E-01     0.1191008994         0.3313127673E-01
    0.1056564388         0.3011277062E-01
 

 INTERMEDIATE RESULTS BEFORE NEXT TEMPERATURE REDUCTION

  CURRENT TEMPERATURE:             0.50056    
  MIN FUNCTION VALUE SO FAR:   0.569086977763254287E-02
  TOTAL MOVES:                     840
     DOWNHILL:                     634
     ACCEPTED UPHILL:              194
     REJECTED UPHILL:               12
  TRIALS OUT OF BOUNDS:            438
  NEW MINIMA THIS TEMPERATURE:       0

                         CURRENT OPTIMAL X
    0.9934994552         0.1027787784         0.1777005034         0.9279945630E-01     0.4510321826E-01     0.2031285266         0.1149624570         0.8747863604         0.3118392623E-01     0.1784707806    
    0.1189803869         0.5995538463E-01     0.1266626959         0.5928357150         0.9982492813         0.2169762190E-01     0.1843499816         0.8317111556         0.1049850663         0.2339337999    
    0.2994315267         0.1845509895E-02     0.8269827692E-01     0.1200718980         0.4576880341         0.2186320052E-01     0.1962989814         0.7039357176         0.9950949047         0.1028393706E-02
    0.1746306793         0.4286762436         0.3462639851E-01     0.2953367853         0.9403717266         0.2590515492E-01     0.2403090379E-01     0.2102847128         0.2825952445         0.8272342195E-01
    0.2147429677         0.6090493203E-01

                         STEP LENGTH (VM)
    0.2004117058         0.4236371588E-01     0.7461848360E-01     0.3168625295E-01     0.1670828876E-01     0.9686364272E-01     0.5206518740E-01     0.3075197473         0.1422614410E-01     0.6692460804E-01
    0.4161539396E-01     0.2004360320E-01     0.4713284456E-01     0.2364775193         0.2001607252         0.8825600128E-02     0.8391129508E-01     0.3066410260         0.3778492923E-01     0.9566370948E-01
    0.1193231869         0.7936799436E-03     0.3117675454E-01     0.5247269684E-01     0.1900726145         0.1022259615E-01     0.8338932952E-01     0.2536461671         0.2320692458         0.3825169722E-03
    0.6306881736E-01     0.1507510452         0.1344745826E-01     0.1274908719         0.2526476894         0.1097053602E-01     0.8755450224E-02     0.9257831824E-01     0.1191008994         0.3313127673E-01
    0.1056564388         0.3011277062E-01
 

 INTERMEDIATE RESULTS BEFORE NEXT TEMPERATURE REDUCTION

  CURRENT TEMPERATURE:             0.37542    
  MIN FUNCTION VALUE SO FAR:   0.569086977763254287E-02
  TOTAL MOVES:                     840
     DOWNHILL:                     619
     ACCEPTED UPHILL:              195
     REJECTED UPHILL:               26
  TRIALS OUT OF BOUNDS:            394
  NEW MINIMA THIS TEMPERATURE:       0

                         CURRENT OPTIMAL X
    0.9934994552         0.1027787784         0.1777005034         0.9279945630E-01     0.4510321826E-01     0.2031285266         0.1149624570         0.8747863604         0.3118392623E-01     0.1784707806    
    0.1189803869         0.5995538463E-01     0.1266626959         0.5928357150         0.9982492813         0.2169762190E-01     0.1843499816         0.8317111556         0.1049850663         0.2339337999    
    0.2994315267         0.1845509895E-02     0.8269827692E-01     0.1200718980         0.4576880341         0.2186320052E-01     0.1962989814         0.7039357176         0.9950949047         0.1028393706E-02
    0.1746306793         0.4286762436         0.3462639851E-01     0.2953367853         0.9403717266         0.2590515492E-01     0.2403090379E-01     0.2102847128         0.2825952445         0.8272342195E-01
    0.2147429677         0.6090493203E-01

                         STEP LENGTH (VM)
    0.2004117058         0.4236371588E-01     0.7461848360E-01     0.3168625295E-01     0.1670828876E-01     0.9686364272E-01     0.5206518740E-01     0.3075197473         0.1422614410E-01     0.6692460804E-01
    0.4161539396E-01     0.2004360320E-01     0.4713284456E-01     0.2364775193         0.1501205411         0.8825600128E-02     0.8391129508E-01     0.3066410260         0.3778492923E-01     0.9566370948E-01
    0.1193231869         0.7936799436E-03     0.3117675454E-01     0.5247269684E-01     0.1900726145         0.1022259615E-01     0.8338932952E-01     0.2536461671         0.2320692458         0.3825169722E-03
    0.6306881736E-01     0.1507510452         0.1344745826E-01     0.1274908719         0.2526476894         0.1097053602E-01     0.8755450224E-02     0.9257831824E-01     0.1191008994         0.3313127673E-01
    0.1056564388         0.3011277062E-01
 

 INTERMEDIATE RESULTS BEFORE NEXT TEMPERATURE REDUCTION

  CURRENT TEMPERATURE:             0.28157    
  MIN FUNCTION VALUE SO FAR:   0.569086977763254287E-02
  TOTAL MOVES:                     840
     DOWNHILL:                     621
     ACCEPTED UPHILL:              191
     REJECTED UPHILL:               28
  TRIALS OUT OF BOUNDS:            405
  NEW MINIMA THIS TEMPERATURE:       0

                         CURRENT OPTIMAL X
    0.9934994552         0.1027787784         0.1777005034         0.9279945630E-01     0.4510321826E-01     0.2031285266         0.1149624570         0.8747863604         0.3118392623E-01     0.1784707806    
    0.1189803869         0.5995538463E-01     0.1266626959         0.5928357150         0.9982492813         0.2169762190E-01     0.1843499816         0.8317111556         0.1049850663         0.2339337999    
    0.2994315267         0.1845509895E-02     0.8269827692E-01     0.1200718980         0.4576880341         0.2186320052E-01     0.1962989814         0.7039357176         0.9950949047         0.1028393706E-02
    0.1746306793         0.4286762436         0.3462639851E-01     0.2953367853         0.9403717266         0.2590515492E-01     0.2403090379E-01     0.2102847128         0.2825952445         0.8272342195E-01
    0.2147429677         0.6090493203E-01

                         STEP LENGTH (VM)
    0.2004117058         0.4236371588E-01     0.7461848360E-01     0.3168625295E-01     0.1670828876E-01     0.9686364272E-01     0.5206518740E-01     0.3075197473         0.1422614410E-01     0.6692460804E-01
    0.4161539396E-01     0.2004360320E-01     0.4713284456E-01     0.2364775193         0.1245680974         0.8825600128E-02     0.8391129508E-01     0.3066410260         0.3778492923E-01     0.9566370948E-01
    0.1193231869         0.7936799436E-03     0.3117675454E-01     0.5247269684E-01     0.1900726145         0.1022259615E-01     0.8338932952E-01     0.2536461671         0.2320692458         0.3825169722E-03
    0.6306881736E-01     0.1507510452         0.1344745826E-01     0.1274908719         0.2526476894         0.1097053602E-01     0.8755450224E-02     0.9257831824E-01     0.1191008994         0.3313127673E-01
    0.1056564388         0.3011277062E-01
 

 INTERMEDIATE RESULTS BEFORE NEXT TEMPERATURE REDUCTION

  CURRENT TEMPERATURE:             0.21118    
  MIN FUNCTION VALUE SO FAR:   0.530341864903098158E-02
  TOTAL MOVES:                     840
     DOWNHILL:                     615
     ACCEPTED UPHILL:              195
     REJECTED UPHILL:               30
  TRIALS OUT OF BOUNDS:            422
  NEW MINIMA THIS TEMPERATURE:       0

                         CURRENT OPTIMAL X
    0.9934994552         0.9115740200E-01     0.1522886313         0.8845304678E-01     0.3620633983E-01     0.2662805511         0.1389275398         0.8747863604         0.3038205332E-01     0.1784707806    
    0.1189803869         0.5995538463E-01     0.1266626959         0.5928357150         0.9982492813         0.2169762190E-01     0.1843499816         0.8317111556         0.1049850663         0.2339337999    
    0.2994315267         0.1845509895E-02     0.8269827692E-01     0.1200718980         0.4576880341         0.2186320052E-01     0.1962989814         0.7039357176         0.9950949047         0.1028393706E-02
    0.1746306793         0.4286762436         0.3462639851E-01     0.2953367853         0.9403717266         0.2590515492E-01     0.2403090379E-01     0.2102847128         0.2825952445         0.8272342195E-01
    0.2147429677         0.6090493203E-01

                         STEP LENGTH (VM)
    0.2004117058         0.4236371588E-01     0.7461848360E-01     0.3168625295E-01     0.1670828876E-01     0.9686364272E-01     0.5206518740E-01     0.3075197473         0.1422614410E-01     0.6692460804E-01
    0.4161539396E-01     0.2004360320E-01     0.4713284456E-01     0.2364775193         0.8007947398E-01     0.8825600128E-02     0.8391129508E-01     0.3066410260         0.3778492923E-01     0.9566370948E-01
    0.1193231869         0.7936799436E-03     0.3117675454E-01     0.5247269684E-01     0.1900726145         0.1022259615E-01     0.8338932952E-01     0.2536461671         0.2320692458         0.3825169722E-03
    0.6306881736E-01     0.1507510452         0.1344745826E-01     0.1274908719         0.2526476894         0.1097053602E-01     0.8755450224E-02     0.9257831824E-01     0.1191008994         0.3313127673E-01
    0.1056564388         0.3011277062E-01
 

 INTERMEDIATE RESULTS BEFORE NEXT TEMPERATURE REDUCTION

  CURRENT TEMPERATURE:             0.15838    
  MIN FUNCTION VALUE SO FAR:   0.530341864903098158E-02
  TOTAL MOVES:                     840
     DOWNHILL:                     621
     ACCEPTED UPHILL:              194
     REJECTED UPHILL:               25
  TRIALS OUT OF BOUNDS:            414
  NEW MINIMA THIS TEMPERATURE:       0

                         CURRENT OPTIMAL X
    0.9934994552         0.9115740200E-01     0.1522886313         0.8845304678E-01     0.3620633983E-01     0.2662805511         0.1389275398         0.8747863604         0.3038205332E-01     0.1784707806    
    0.1189803869         0.5995538463E-01     0.1266626959         0.5928357150         0.9982492813         0.2169762190E-01     0.1843499816         0.8317111556         0.1049850663         0.2339337999    
    0.2994315267         0.1845509895E-02     0.8269827692E-01     0.1200718980         0.4576880341         0.2186320052E-01     0.1962989814         0.7039357176         0.9950949047         0.1028393706E-02
    0.1746306793         0.4286762436         0.3462639851E-01     0.2953367853         0.9403717266         0.2590515492E-01     0.2403090379E-01     0.2102847128         0.2825952445         0.8272342195E-01
    0.2147429677         0.6090493203E-01

                         STEP LENGTH (VM)
    0.2004117058         0.4236371588E-01     0.7461848360E-01     0.3168625295E-01     0.1670828876E-01     0.9686364272E-01     0.5206518740E-01     0.3075197473         0.1422614410E-01     0.6692460804E-01
    0.4161539396E-01     0.2004360320E-01     0.4713284456E-01     0.2364775193         0.9490898583E-01     0.8825600128E-02     0.8391129508E-01     0.3066410260         0.3778492923E-01     0.9566370948E-01
    0.1193231869         0.7936799436E-03     0.3117675454E-01     0.5247269684E-01     0.1900726145         0.1022259615E-01     0.8338932952E-01     0.2536461671         0.2320692458         0.3825169722E-03
    0.6306881736E-01     0.1507510452         0.1344745826E-01     0.1274908719         0.2526476894         0.1097053602E-01     0.8755450224E-02     0.9257831824E-01     0.1191008994         0.3313127673E-01
    0.1056564388         0.3011277062E-01
 

 INTERMEDIATE RESULTS BEFORE NEXT TEMPERATURE REDUCTION

  CURRENT TEMPERATURE:             0.11879    
  MIN FUNCTION VALUE SO FAR:   0.530341864903098158E-02
  TOTAL MOVES:                     840
     DOWNHILL:                     626
     ACCEPTED UPHILL:              180
     REJECTED UPHILL:               34
  TRIALS OUT OF BOUNDS:            417
  NEW MINIMA THIS TEMPERATURE:       0

                         CURRENT OPTIMAL X
    0.9934994552         0.9115740200E-01     0.1522886313         0.8845304678E-01     0.3620633983E-01     0.2662805511         0.1389275398         0.8747863604         0.3038205332E-01     0.1784707806    
    0.1189803869         0.5995538463E-01     0.1266626959         0.5928357150         0.9982492813         0.2169762190E-01     0.1843499816         0.8317111556         0.1049850663         0.2339337999    
    0.2994315267         0.1845509895E-02     0.8269827692E-01     0.1200718980         0.4576880341         0.2186320052E-01     0.1962989814         0.7039357176         0.9950949047         0.1028393706E-02
    0.1746306793         0.4286762436         0.3462639851E-01     0.2953367853         0.9403717266         0.2590515492E-01     0.2403090379E-01     0.2102847128         0.2825952445         0.8272342195E-01
    0.2147429677         0.6090493203E-01

                         STEP LENGTH (VM)
    0.2004117058         0.4236371588E-01     0.7461848360E-01     0.3168625295E-01     0.1670828876E-01     0.9686364272E-01     0.5206518740E-01     0.3075197473         0.1422614410E-01     0.6692460804E-01
    0.4161539396E-01     0.2004360320E-01     0.4713284456E-01     0.2364775193         0.3520432824E-01     0.8825600128E-02     0.8391129508E-01     0.3066410260         0.3778492923E-01     0.9566370948E-01
    0.1193231869         0.7936799436E-03     0.3117675454E-01     0.5247269684E-01     0.1900726145         0.1022259615E-01     0.8338932952E-01     0.2536461671         0.2320692458         0.3825169722E-03
    0.6306881736E-01     0.1507510452         0.1344745826E-01     0.1274908719         0.2526476894         0.1097053602E-01     0.8755450224E-02     0.9257831824E-01     0.1191008994         0.3313127673E-01
    0.1056564388         0.3011277062E-01
 

 INTERMEDIATE RESULTS BEFORE NEXT TEMPERATURE REDUCTION

  CURRENT TEMPERATURE:             0.89090E-01
  MIN FUNCTION VALUE SO FAR:   0.470646739158661273E-02
  TOTAL MOVES:                     840
     DOWNHILL:                     626
     ACCEPTED UPHILL:              181
     REJECTED UPHILL:               33
  TRIALS OUT OF BOUNDS:            417
  NEW MINIMA THIS TEMPERATURE:       0

                         CURRENT OPTIMAL X
    0.9975292710         0.1240877789         0.2224618461         0.7826155547E-01     0.4090603603E-01     0.2591934534         0.1253751804         0.8747863604         0.3038205332E-01     0.1518041947    
    0.9957403190E-01     0.5294192105E-01     0.1089523692         0.6510501857         0.9982492813         0.2372623075E-01     0.2328153953         0.8454201377         0.1113376363         0.2859371762    
    0.2433541701         0.1846648953E-02     0.6754993463E-01     0.1125520134         0.4641406540         0.2872179301E-01     0.2082890664         0.5420458566         0.9950949047         0.9459307475E-03
    0.1736138135         0.3644024216         0.3462639851E-01     0.2953367853         0.9403717266         0.2590515492E-01     0.2403090379E-01     0.2102847128         0.2825952445         0.8272342195E-01
    0.2147429677         0.6090493203E-01

                         STEP LENGTH (VM)
    0.2004117058         0.4236371588E-01     0.7461848360E-01     0.3168625295E-01     0.1670828876E-01     0.9686364272E-01     0.5206518740E-01     0.3075197473         0.1422614410E-01     0.6692460804E-01
    0.4161539396E-01     0.2004360320E-01     0.4713284456E-01     0.2364775193         0.5427332883E-01     0.8825600128E-02     0.8391129508E-01     0.3066410260         0.3778492923E-01     0.9566370948E-01
    0.1193231869         0.7936799436E-03     0.3117675454E-01     0.5247269684E-01     0.1900726145         0.1022259615E-01     0.8338932952E-01     0.2536461671         0.2320692458         0.3825169722E-03
    0.6306881736E-01     0.1507510452         0.1344745826E-01     0.1274908719         0.2526476894         0.1097053602E-01     0.8755450224E-02     0.9257831824E-01     0.1191008994         0.3313127673E-01
    0.1056564388         0.3011277062E-01
 

 INTERMEDIATE RESULTS BEFORE NEXT TEMPERATURE REDUCTION

  CURRENT TEMPERATURE:             0.66817E-01
  MIN FUNCTION VALUE SO FAR:   0.470646739158661273E-02
  TOTAL MOVES:                     840
     DOWNHILL:                     609
     ACCEPTED UPHILL:              186
     REJECTED UPHILL:               45
  TRIALS OUT OF BOUNDS:            378
  NEW MINIMA THIS TEMPERATURE:       0

                         CURRENT OPTIMAL X
    0.9975292710         0.1240877789         0.2224618461         0.7826155547E-01     0.4090603603E-01     0.2591934534         0.1253751804         0.8747863604         0.3038205332E-01     0.1518041947    
    0.9957403190E-01     0.5294192105E-01     0.1089523692         0.6510501857         0.9982492813         0.2372623075E-01     0.2328153953         0.8454201377         0.1113376363         0.2859371762    
    0.2433541701         0.1846648953E-02     0.6754993463E-01     0.1125520134         0.4641406540         0.2872179301E-01     0.2082890664         0.5420458566         0.9950949047         0.9459307475E-03
    0.1736138135         0.3644024216         0.3462639851E-01     0.2953367853         0.9403717266         0.2590515492E-01     0.2403090379E-01     0.2102847128         0.2825952445         0.8272342195E-01
    0.2147429677         0.6090493203E-01

                         STEP LENGTH (VM)
    0.2004117058         0.4236371588E-01     0.7461848360E-01     0.3168625295E-01     0.1670828876E-01     0.9686364272E-01     0.5206518740E-01     0.3075197473         0.1422614410E-01     0.6692460804E-01
    0.4161539396E-01     0.2004360320E-01     0.4713284456E-01     0.2364775193         0.4288262441E-01     0.8825600128E-02     0.8391129508E-01     0.3066410260         0.3778492923E-01     0.9566370948E-01
    0.1193231869         0.7936799436E-03     0.3117675454E-01     0.5247269684E-01     0.1900726145         0.1022259615E-01     0.8338932952E-01     0.2536461671         0.2320692458         0.3825169722E-03
    0.6306881736E-01     0.1507510452         0.1344745826E-01     0.1274908719         0.2526476894         0.1097053602E-01     0.8755450224E-02     0.9257831824E-01     0.1191008994         0.3313127673E-01
    0.1056564388         0.3011277062E-01
 

 INTERMEDIATE RESULTS BEFORE NEXT TEMPERATURE REDUCTION

  CURRENT TEMPERATURE:             0.50113E-01
  MIN FUNCTION VALUE SO FAR:   0.470646739158661273E-02
  TOTAL MOVES:                     840
     DOWNHILL:                     620
     ACCEPTED UPHILL:              174
     REJECTED UPHILL:               46
  TRIALS OUT OF BOUNDS:            413
  NEW MINIMA THIS TEMPERATURE:       0

                         CURRENT OPTIMAL X
    0.9975292710         0.1240877789         0.2224618461         0.7826155547E-01     0.4090603603E-01     0.2591934534         0.1253751804         0.8747863604         0.3038205332E-01     0.1518041947    
    0.9957403190E-01     0.5294192105E-01     0.1089523692         0.6510501857         0.9982492813         0.2372623075E-01     0.2328153953         0.8454201377         0.1113376363         0.2859371762    
    0.2433541701         0.1846648953E-02     0.6754993463E-01     0.1125520134         0.4641406540         0.2872179301E-01     0.2082890664         0.5420458566         0.9950949047         0.9459307475E-03
    0.1736138135         0.3644024216         0.3462639851E-01     0.2953367853         0.9403717266         0.2590515492E-01     0.2403090379E-01     0.2102847128         0.2825952445         0.8272342195E-01
    0.2147429677         0.6090493203E-01

                         STEP LENGTH (VM)
    0.2004117058         0.4236371588E-01     0.7461848360E-01     0.3168625295E-01     0.1670828876E-01     0.9686364272E-01     0.5206518740E-01     0.3075197473         0.1422614410E-01     0.6692460804E-01
    0.4161539396E-01     0.2004360320E-01     0.4713284456E-01     0.2364775193         0.2288447500E-01     0.8825600128E-02     0.8391129508E-01     0.3066410260         0.3778492923E-01     0.9566370948E-01
    0.1193231869         0.7936799436E-03     0.3117675454E-01     0.5247269684E-01     0.1900726145         0.1022259615E-01     0.8338932952E-01     0.2536461671         0.2320692458         0.3825169722E-03
    0.6306881736E-01     0.1507510452         0.1344745826E-01     0.1274908719         0.2526476894         0.1097053602E-01     0.8755450224E-02     0.9257831824E-01     0.1191008994         0.3313127673E-01
    0.1056564388         0.3011277062E-01
 

 INTERMEDIATE RESULTS BEFORE NEXT TEMPERATURE REDUCTION

  CURRENT TEMPERATURE:             0.37585E-01
  MIN FUNCTION VALUE SO FAR:   0.470646739149353614E-02
  TOTAL MOVES:                     840
     DOWNHILL:                     598
     ACCEPTED UPHILL:              158
     REJECTED UPHILL:               84
  TRIALS OUT OF BOUNDS:            377
  NEW MINIMA THIS TEMPERATURE:       0

                         CURRENT OPTIMAL X
    0.9975292710         0.8810416556E-01     0.1887324264         0.7251301001E-01     0.4090603603E-01     0.2591934534         0.1253751804         0.8747863604         0.3038205332E-01     0.1518041947    
    0.9957403190E-01     0.5294192105E-01     0.1089523692         0.6510501857         0.9982492813         0.2372623075E-01     0.2328153953         0.8454201377         0.1113376363         0.2859371762    
    0.2433541701         0.1846648953E-02     0.6754993463E-01     0.1125520134         0.4641406540         0.2872179301E-01     0.2082890664         0.5420458566         0.9950949047         0.9459307475E-03
    0.1736138135         0.3644024216         0.3462639851E-01     0.2953367853         0.9403717266         0.2590515492E-01     0.2403090379E-01     0.2102847128         0.2825952445         0.8272342195E-01
    0.2147429677         0.6090493203E-01

                         STEP LENGTH (VM)
    0.2004117058         0.4236371588E-01     0.7461848360E-01     0.3168625295E-01     0.1670828876E-01     0.9686364272E-01     0.5206518740E-01     0.7976195733E-01     0.1422614410E-01     0.6692460804E-01
    0.4161539396E-01     0.2004360320E-01     0.4713284456E-01     0.2364775193         0.1446336732E-01     0.8825600128E-02     0.8391129508E-01     0.3066410260         0.3778492923E-01     0.9566370948E-01
    0.1193231869         0.7936799436E-03     0.3117675454E-01     0.5247269684E-01     0.1900726145         0.1022259615E-01     0.8338932952E-01     0.2536461671         0.6771625282E-01     0.3825169722E-03
    0.6306881736E-01     0.1507510452         0.1344745826E-01     0.1274908719         0.2526476894         0.1097053602E-01     0.8755450224E-02     0.9257831824E-01     0.1191008994         0.3313127673E-01
    0.1056564388         0.3011277062E-01
 

 INTERMEDIATE RESULTS BEFORE NEXT TEMPERATURE REDUCTION

  CURRENT TEMPERATURE:             0.28189E-01
  MIN FUNCTION VALUE SO FAR:   0.470646739149353614E-02
  TOTAL MOVES:                     840
     DOWNHILL:                     595
     ACCEPTED UPHILL:              162
     REJECTED UPHILL:               83
  TRIALS OUT OF BOUNDS:            395
  NEW MINIMA THIS TEMPERATURE:       0

                         CURRENT OPTIMAL X
    0.9975292710         0.8810416556E-01     0.1887324264         0.7251301001E-01     0.4090603603E-01     0.2591934534         0.1253751804         0.8747863604         0.3038205332E-01     0.1518041947    
    0.9957403190E-01     0.5294192105E-01     0.1089523692         0.6510501857         0.9982492813         0.2372623075E-01     0.2328153953         0.8454201377         0.1113376363         0.2859371762    
    0.2433541701         0.1846648953E-02     0.6754993463E-01     0.1125520134         0.4641406540         0.2872179301E-01     0.2082890664         0.5420458566         0.9950949047         0.9459307475E-03
    0.1736138135         0.3644024216         0.3462639851E-01     0.2953367853         0.9403717266         0.2590515492E-01     0.2403090379E-01     0.2102847128         0.2825952445         0.8272342195E-01
    0.2147429677         0.6090493203E-01

                         STEP LENGTH (VM)
    0.2004117058         0.4236371588E-01     0.7461848360E-01     0.3168625295E-01     0.1670828876E-01     0.9686364272E-01     0.5206518740E-01     0.1457378681         0.1422614410E-01     0.6692460804E-01
    0.4161539396E-01     0.2004360320E-01     0.4713284456E-01     0.2364775193         0.1627128648E-01     0.8825600128E-02     0.8391129508E-01     0.3066410260         0.3778492923E-01     0.9566370948E-01
    0.1193231869         0.7936799436E-03     0.3117675454E-01     0.5247269684E-01     0.1900726145         0.1022259615E-01     0.8338932952E-01     0.2536461671         0.6771623769E-01     0.3825169722E-03
    0.6306881736E-01     0.1507510452         0.1344745826E-01     0.1274908719         0.2526476894         0.1097053602E-01     0.8755450224E-02     0.9257831824E-01     0.1191008994         0.3313127673E-01
    0.1056564388         0.3011277062E-01
 

 INTERMEDIATE RESULTS BEFORE NEXT TEMPERATURE REDUCTION

  CURRENT TEMPERATURE:             0.21141E-01
  MIN FUNCTION VALUE SO FAR:   0.470646739149353614E-02
  TOTAL MOVES:                     840
     DOWNHILL:                     581
     ACCEPTED UPHILL:              164
     REJECTED UPHILL:               95
  TRIALS OUT OF BOUNDS:            408
  NEW MINIMA THIS TEMPERATURE:       0

                         CURRENT OPTIMAL X
    0.9975292710         0.8810416556E-01     0.1887324264         0.7251301001E-01     0.4090603603E-01     0.2591934534         0.1253751804         0.8747863604         0.3038205332E-01     0.1518041947    
    0.9957403190E-01     0.5294192105E-01     0.1089523692         0.6510501857         0.9982492813         0.2372623075E-01     0.2328153953         0.8454201377         0.1113376363         0.2859371762    
    0.2433541701         0.1846648953E-02     0.6754993463E-01     0.1125520134         0.4641406540         0.2872179301E-01     0.2082890664         0.5420458566         0.9950949047         0.9459307475E-03
    0.1736138135         0.3644024216         0.3462639851E-01     0.2953367853         0.9403717266         0.2590515492E-01     0.2403090379E-01     0.2102847128         0.2825952445         0.8272342195E-01
    0.2147429677         0.6090493203E-01

                         STEP LENGTH (VM)
    0.2004117058         0.4236371588E-01     0.7461848360E-01     0.3168625295E-01     0.1670828876E-01     0.9686364272E-01     0.5206518740E-01     0.5581450120E-01     0.1422614410E-01     0.6692460804E-01
    0.4161539396E-01     0.2004360320E-01     0.4713284456E-01     0.2364775193         0.5447404816E-02     0.8825600128E-02     0.8391129508E-01     0.3066410260         0.3778492923E-01     0.9566370948E-01
    0.1193231869         0.7936799436E-03     0.3117675454E-01     0.5247269684E-01     0.1900726145         0.1022259615E-01     0.8338932952E-01     0.2536461671         0.3439554808E-01     0.3825169722E-03
    0.6306881736E-01     0.1507510452         0.1344745826E-01     0.1274908719         0.2526476894         0.1097053602E-01     0.8755450224E-02     0.9257831824E-01     0.1191008994         0.3313127673E-01
    0.1056564388         0.3011277062E-01
 

 INTERMEDIATE RESULTS BEFORE NEXT TEMPERATURE REDUCTION

  CURRENT TEMPERATURE:             0.15856E-01
  MIN FUNCTION VALUE SO FAR:   0.467551044571083013E-02
  TOTAL MOVES:                     840
     DOWNHILL:                     582
     ACCEPTED UPHILL:              150
     REJECTED UPHILL:              108
  TRIALS OUT OF BOUNDS:            406
  NEW MINIMA THIS TEMPERATURE:       0

                         CURRENT OPTIMAL X
    0.9975292710         0.1047342388         0.2144949923         0.8836259944E-01     0.4481086631E-01     0.2413742945         0.1144703873         0.8747863604         0.3038205332E-01     0.1583293617    
    0.1022763560         0.5294192105E-01     0.1089523692         0.6510501857         0.9982492813         0.2372623075E-01     0.2328153953         0.8454201377         0.1113376363         0.2859371762    
    0.2433541701         0.1846648953E-02     0.6754993463E-01     0.1125520134         0.4641406540         0.2872179301E-01     0.2082890664         0.5420458566         0.9950949047         0.9459307475E-03
    0.1736138135         0.3644024216         0.3462639851E-01     0.2953367853         0.9403717266         0.2590515492E-01     0.2403090379E-01     0.2102847128         0.2825952445         0.8272342195E-01
    0.2147429677         0.6090493203E-01

                         STEP LENGTH (VM)
    0.2004117058         0.4236371588E-01     0.7461848360E-01     0.3168625295E-01     0.1670828876E-01     0.9686364272E-01     0.5206518740E-01     0.2533424085E-01     0.1422614410E-01     0.6692460804E-01
    0.4161539396E-01     0.2004360320E-01     0.4713284456E-01     0.2364775193         0.5995026932E-02     0.8825600128E-02     0.8391129508E-01     0.3066410260         0.3778492923E-01     0.9566370948E-01
    0.1193231869         0.7936799436E-03     0.3117675454E-01     0.5247269684E-01     0.1900726145         0.1022259615E-01     0.8338932952E-01     0.2536461671         0.1965459869E-01     0.3825169722E-03
    0.6306881736E-01     0.1507510452         0.1344745826E-01     0.1274908719         0.2526476894         0.1097053602E-01     0.8755450224E-02     0.9257831824E-01     0.1191008994         0.3313127673E-01
    0.1056564388         0.3011277062E-01
 

 INTERMEDIATE RESULTS BEFORE NEXT TEMPERATURE REDUCTION

  CURRENT TEMPERATURE:             0.11892E-01
  MIN FUNCTION VALUE SO FAR:   0.467551044571083013E-02
  TOTAL MOVES:                     840
     DOWNHILL:                     573
     ACCEPTED UPHILL:              137
     REJECTED UPHILL:              130
  TRIALS OUT OF BOUNDS:            418
  NEW MINIMA THIS TEMPERATURE:       0

                         CURRENT OPTIMAL X
    0.9975292710         0.1047342388         0.2144949923         0.8836259944E-01     0.4481086631E-01     0.2413742945         0.1144703873         0.8747863604         0.3038205332E-01     0.1583293617    
    0.1022763560         0.5294192105E-01     0.1089523692         0.6510501857         0.9982492813         0.2372623075E-01     0.2328153953         0.8454201377         0.1113376363         0.2859371762    
    0.2433541701         0.1846648953E-02     0.6754993463E-01     0.1125520134         0.4641406540         0.2872179301E-01     0.2082890664         0.5420458566         0.9950949047         0.9459307475E-03
    0.1736138135         0.3644024216         0.3462639851E-01     0.2953367853         0.9403717266         0.2590515492E-01     0.2403090379E-01     0.2102847128         0.2825952445         0.8272342195E-01
    0.2147429677         0.6090493203E-01

                         STEP LENGTH (VM)
    0.2004117058         0.4236371588E-01     0.7461848360E-01     0.3168625295E-01     0.1670828876E-01     0.9686364272E-01     0.5206518740E-01     0.3905694809E-01     0.1422614410E-01     0.6692460804E-01
    0.4161539396E-01     0.2004360320E-01     0.4713284456E-01     0.2364775193         0.5103873733E-02     0.8825600128E-02     0.8391129508E-01     0.3066410260         0.3778492923E-01     0.9566370948E-01
    0.1193231869         0.7936799436E-03     0.3117675454E-01     0.5247269684E-01     0.1900726145         0.1022259615E-01     0.8338932952E-01     0.2536461671         0.8557103215E-02     0.3825169722E-03
    0.6306881736E-01     0.1507510452         0.1344745826E-01     0.1274908719         0.2526476894         0.1097053602E-01     0.8755450224E-02     0.9257831824E-01     0.1191008994         0.3313127673E-01
    0.1056564388         0.3011277062E-01
 

 INTERMEDIATE RESULTS BEFORE NEXT TEMPERATURE REDUCTION

  CURRENT TEMPERATURE:             0.89190E-02
  MIN FUNCTION VALUE SO FAR:   0.420380383773941504E-02
  TOTAL MOVES:                     840
     DOWNHILL:                     553
     ACCEPTED UPHILL:              117
     REJECTED UPHILL:              170
  TRIALS OUT OF BOUNDS:            377
  NEW MINIMA THIS TEMPERATURE:       2

                         CURRENT OPTIMAL X
    0.9975292710         0.9634237429E-01     0.1760950102         0.7744448108E-01     0.4527763971E-01     0.2565518646         0.1318993451         0.8747863604         0.3038205332E-01     0.1412214350    
    0.1022763560         0.5250316330E-01     0.1064227302         0.5295657339         0.9982492813         0.2372623075E-01     0.2328153953         0.8454201377         0.8100346042E-01     0.2713356164    
    0.2551871767         0.2017939882E-02     0.8252408738E-01     0.1125520134         0.4641406540         0.2872179301E-01     0.2082890664         0.5420458566         0.9950949047         0.9459307475E-03
    0.1736138135         0.3644024216         0.3462639851E-01     0.2953367853         0.9403717266         0.2590515492E-01     0.2403090379E-01     0.2102847128         0.2825952445         0.8272342195E-01
    0.2147429677         0.6090493203E-01

                         STEP LENGTH (VM)
    0.4473007374E-01     0.4236371588E-01     0.7461848360E-01     0.3168625295E-01     0.1670828876E-01     0.9686364272E-01     0.5206518740E-01     0.2251932055E-01     0.9227769013E-02     0.6692460804E-01
    0.4161539396E-01     0.2004360320E-01     0.4713284456E-01     0.2364775193         0.1466006219E-02     0.6619199973E-02     0.8391129508E-01     0.3066410260         0.3778492923E-01     0.9566370948E-01
    0.1193231869         0.7936799436E-03     0.3117675454E-01     0.5247269684E-01     0.1900726145         0.1022259615E-01     0.8338932952E-01     0.2536461671         0.8557102081E-02     0.3825169722E-03
    0.6306880901E-01     0.1507510452         0.1344745826E-01     0.1274908719         0.2526476894         0.1097053602E-01     0.8755450224E-02     0.9257831824E-01     0.1058674635         0.3313127673E-01
    0.1056564388         0.3011277062E-01
 

 INTERMEDIATE RESULTS BEFORE NEXT TEMPERATURE REDUCTION

  CURRENT TEMPERATURE:             0.66893E-02
  MIN FUNCTION VALUE SO FAR:   0.405834688334518173E-02
  TOTAL MOVES:                     840
     DOWNHILL:                     557
     ACCEPTED UPHILL:              122
     REJECTED UPHILL:              161
  TRIALS OUT OF BOUNDS:            397
  NEW MINIMA THIS TEMPERATURE:       0

                         CURRENT OPTIMAL X
    0.9975292710         0.9610708029E-01     0.1765708776         0.7943274755E-01     0.3415969492E-01     0.2542954101         0.1398778840         0.8747863604         0.3038205332E-01     0.1412214350    
    0.1001867082         0.5250316330E-01     0.1064227302         0.5295657339         0.9982492813         0.2372623075E-01     0.2328153953         0.8454201377         0.8100346042E-01     0.2713356164    
    0.2551871767         0.2017939882E-02     0.8252408738E-01     0.1125520134         0.4641406540         0.2872179301E-01     0.2082890664         0.5420458566         0.9950949047         0.9459307475E-03
    0.1736138135         0.3644024216         0.3462639851E-01     0.2953367853         0.9403717266         0.2590515492E-01     0.2403090379E-01     0.2102847128         0.2825952445         0.8272342195E-01
    0.2147429677         0.6090493203E-01

                         STEP LENGTH (VM)
    0.3774099495E-01     0.4236371588E-01     0.7461848360E-01     0.3168625295E-01     0.1670828876E-01     0.9686364272E-01     0.5206518740E-01     0.1334478164E-01     0.1038123902E-01     0.6692460804E-01
    0.4161539396E-01     0.2004360320E-01     0.4713284456E-01     0.2364775193         0.9509229392E-03     0.5883733163E-02     0.8391129508E-01     0.3066410260         0.3778492923E-01     0.9566370948E-01
    0.1193231869         0.7936799436E-03     0.3117675454E-01     0.5247269684E-01     0.1900726145         0.1022259615E-01     0.8338932952E-01     0.2536461671         0.3803156150E-02     0.3825169722E-03
    0.1940578643E-01     0.1507510452         0.1344745826E-01     0.1274908719         0.2526476894         0.1097053602E-01     0.8755450224E-02     0.9257831824E-01     0.7725463636E-01     0.3313127673E-01
    0.1056564388         0.3011277062E-01
 

 INTERMEDIATE RESULTS BEFORE NEXT TEMPERATURE REDUCTION

  CURRENT TEMPERATURE:             0.50170E-02
  MIN FUNCTION VALUE SO FAR:   0.405448081395476910E-02
  TOTAL MOVES:                     840
     DOWNHILL:                     562
     ACCEPTED UPHILL:              115
     REJECTED UPHILL:              163
  TRIALS OUT OF BOUNDS:            317
  NEW MINIMA THIS TEMPERATURE:       0

                         CURRENT OPTIMAL X
    0.9975292710         0.1020721162         0.1817288177         0.6873123632E-01     0.4637075823E-01     0.1950154162         0.1083580310         0.8747863604         0.3038205332E-01     0.1412214350    
    0.1001867082         0.5382029194E-01     0.1056386585         0.5940380321         0.9982492813         0.2372623075E-01     0.2328153953         0.8454201377         0.1060027892         0.2379212095    
    0.2464047561         0.2017939882E-02     0.7063320664E-01     0.1125520134         0.4641406540         0.2872179301E-01     0.2082890664         0.5420458566         0.9950949047         0.9459307475E-03
    0.1736138135         0.3644024216         0.3462639851E-01     0.2953367853         0.9403717266         0.2590515492E-01     0.2403090379E-01     0.2102847128         0.2825952445         0.8272342195E-01
    0.2147429677         0.6090493203E-01

                         STEP LENGTH (VM)
    0.8894767919E-02     0.4236371588E-01     0.7461848360E-01     0.3168625295E-01     0.1670828876E-01     0.9686364272E-01     0.5206518740E-01     0.6814356526E-02     0.7785928091E-02     0.4883687019E-01
    0.4161539396E-01     0.2004360320E-01     0.4713284456E-01     0.2364775193         0.6339485986E-03     0.3300735223E-02     0.6293347014E-01     0.1258678336         0.3778492923E-01     0.9566370948E-01
    0.1193231869         0.7936799436E-03     0.3117675454E-01     0.5247269684E-01     0.1900726145         0.1022259615E-01     0.8338932952E-01     0.2536461671         0.3803155725E-02     0.2791339728E-03
    0.2950924296E-02     0.7333834393E-01     0.1344745826E-01     0.1274908719         0.2526476894         0.8005524253E-02     0.7782622228E-02     0.3431474259E-01     0.6867078617E-01     0.3313127673E-01
    0.1056564388         0.3011277062E-01
 

 INTERMEDIATE RESULTS BEFORE NEXT TEMPERATURE REDUCTION

  CURRENT TEMPERATURE:             0.37627E-02
  MIN FUNCTION VALUE SO FAR:   0.390507996095545030E-02
  TOTAL MOVES:                     840
     DOWNHILL:                     526
     ACCEPTED UPHILL:              105
     REJECTED UPHILL:              209
  TRIALS OUT OF BOUNDS:            297
  NEW MINIMA THIS TEMPERATURE:       0

                         CURRENT OPTIMAL X
    0.9975292710         0.9362366978E-01     0.1526709210         0.8589460319E-01     0.4565712023E-01     0.2516351208         0.1084983758         0.8747863604         0.3038205332E-01     0.1357930045    
    0.9866225053E-01     0.5824275444E-01     0.1259232308         0.4930370029         0.9987521396         0.2372623075E-01     0.2328153953         0.8454201377         0.8083826018E-01     0.2861817578    
    0.3465418224         0.1723111708E-02     0.6401539434E-01     0.1297501945         0.4327579928         0.2872179301E-01     0.2082890664         0.5420458566         0.9950949047         0.9459307475E-03
    0.1736138135         0.3644024216         0.3462639851E-01     0.2953367853         0.9403717266         0.2590515492E-01     0.2403090379E-01     0.2102847128         0.2825952445         0.8272342195E-01
    0.2147429677         0.6090493203E-01

                         STEP LENGTH (VM)
    0.2345872819E-02     0.4236371588E-01     0.7461848360E-01     0.3168625295E-01     0.1670828876E-01     0.9686364272E-01     0.5206518740E-01     0.1420753782E-02     0.1780709960E-02     0.3255791205E-01
    0.4161539396E-01     0.2004360320E-01     0.4713284456E-01     0.2364775193         0.3291655444E-03     0.1203686852E-02     0.4592441856E-01     0.4169055235E-01     0.3778492923E-01     0.9566370948E-01
    0.1193231869         0.7936799436E-03     0.3117675454E-01     0.5247269684E-01     0.1900726145         0.1022259615E-01     0.8338932952E-01     0.2536461671         0.1109735388E-02     0.1810598717E-03
    0.1241586813E-02     0.3328832523E-01     0.1344745826E-01     0.1274908719         0.2526476894         0.1557305533E-02     0.1170064193E-02     0.8127175542E-02     0.5821384953E-02     0.3313127673E-01
    0.1056564388         0.3011277062E-01
 

 INTERMEDIATE RESULTS BEFORE NEXT TEMPERATURE REDUCTION

  CURRENT TEMPERATURE:             0.28220E-02
  MIN FUNCTION VALUE SO FAR:   0.299993582851826790E-02
  TOTAL MOVES:                     840
     DOWNHILL:                     506
     ACCEPTED UPHILL:               89
     REJECTED UPHILL:              245
  TRIALS OUT OF BOUNDS:            279
  NEW MINIMA THIS TEMPERATURE:       6

                         CURRENT OPTIMAL X
    0.9995753244         0.8750632898E-01     0.2142713577         0.8121889848E-01     0.3547533547E-01     0.2376942221         0.1320157323         0.8731966011         0.2847681478E-01     0.1377734502    
    0.9866225053E-01     0.4259005954E-01     0.1220552830         0.6941812439         0.9989997947         0.2450513720E-01     0.2332698218         0.8658511428         0.1059204007         0.2449994802    
    0.2850489684         0.2347273884E-02     0.7014591747E-01     0.1147732341         0.3922838212         0.2855330971E-01     0.2228140709         0.6676128355         0.9947741675         0.8238819282E-03
    0.1745472312         0.3684175447         0.2850331826E-01     0.3547697083         0.9768682386         0.2631648496E-01     0.2314066473E-01     0.2067433614         0.2825952445         0.7288808564E-01
    0.3080286371         0.7643107734E-01

                         STEP LENGTH (VM)
    0.3009851524E-03     0.4236371588E-01     0.7461848360E-01     0.3168625295E-01     0.1670828876E-01     0.9686364272E-01     0.5206518740E-01     0.9978407164E-03     0.5866946294E-03     0.4621709450E-02
    0.3699146038E-01     0.2004360320E-01     0.4713284456E-01     0.2364775193         0.1012817010E-03     0.1668597025E-03     0.8646185287E-02     0.7369197232E-02     0.3778492923E-01     0.9566370948E-01
    0.1193231869         0.1831568976E-03     0.3117675454E-01     0.5247269684E-01     0.1900726145         0.1022259615E-01     0.8338932952E-01     0.2536461671         0.2214856352E-03     0.6606238222E-04
    0.3547390635E-03     0.5434828156E-02     0.1344745826E-01     0.1274908719         0.2526476894         0.1975474164E-03     0.2987397731E-03     0.2380159341E-02     0.1250715908E-02     0.3313127673E-01
    0.1056564388         0.3011277062E-01
 

 INTERMEDIATE RESULTS BEFORE NEXT TEMPERATURE REDUCTION

  CURRENT TEMPERATURE:             0.21165E-02
  MIN FUNCTION VALUE SO FAR:   0.291990149922107889E-02
  TOTAL MOVES:                     840
     DOWNHILL:                     509
     ACCEPTED UPHILL:               69
     REJECTED UPHILL:              262
  TRIALS OUT OF BOUNDS:            261
  NEW MINIMA THIS TEMPERATURE:       2

                         CURRENT OPTIMAL X
    0.9995753244         0.1001316093         0.1527746348         0.6968486940E-01     0.4151649169E-01     0.2075492727         0.1474712069         0.8731966011         0.2847681478E-01     0.1377734502    
    0.9866225053E-01     0.5129161674E-01     0.1013898826         0.5361066063         0.9989997947         0.2450513720E-01     0.2332698218         0.8691635422         0.7769775297E-01     0.2080492053    
    0.3106785364         0.2347273884E-02     0.6968277479E-01     0.1146812384         0.3937935405         0.2188332860E-01     0.1881821335         0.5713653251         0.9947741675         0.8159409203E-03
    0.1748809472         0.3684175447         0.2850331826E-01     0.3547697083         0.9768682386         0.2631648496E-01     0.2314066473E-01     0.2067433614         0.2825952445         0.7288808564E-01
    0.3080286371         0.7643107734E-01

                         STEP LENGTH (VM)
    0.1908516348E-04     0.4236371588E-01     0.7461848360E-01     0.3168625295E-01     0.1670828876E-01     0.9686364272E-01     0.5206518740E-01     0.4651720313E-04     0.7273088224E-04     0.5043644366E-03
    0.3848735287E-02     0.2004360320E-01     0.4713284456E-01     0.2364775193         0.7939698435E-05     0.1719315730E-04     0.2736575234E-03     0.1012425550E-02     0.3778492923E-01     0.9566370948E-01
    0.1193231869         0.1285458306E-04     0.3117675454E-01     0.5247269684E-01     0.1900726145         0.1022259615E-01     0.8338932952E-01     0.2536461671         0.1414351886E-04     0.2356387706E-05
    0.6026341150E-04     0.6973108549E-03     0.1344745826E-01     0.1274908719         0.2526476894         0.1900961051E-04     0.3213925942E-04     0.1693796875E-03     0.6651523678E-04     0.3313127673E-01
    0.1056564388         0.3011277062E-01
 

 INTERMEDIATE RESULTS BEFORE NEXT TEMPERATURE REDUCTION

  CURRENT TEMPERATURE:             0.15874E-02
  MIN FUNCTION VALUE SO FAR:   0.287175643698153954E-02
  TOTAL MOVES:                     840
     DOWNHILL:                     529
     ACCEPTED UPHILL:               77
     REJECTED UPHILL:              234
  TRIALS OUT OF BOUNDS:            261
  NEW MINIMA THIS TEMPERATURE:       3

                         CURRENT OPTIMAL X
    0.9995862085         0.1115710415         0.1742853273         0.9371458173E-01     0.4454565439E-01     0.2095439961         0.1479827221         0.8731819007         0.2846183203E-01     0.1380777872    
    0.9468150992E-01     0.5278870301E-01     0.1147083849         0.6361077672         0.9989905307         0.2449544458E-01     0.2339267749         0.8721194012         0.9045342906E-01     0.2000821636    
    0.3105525150         0.2345223612E-02     0.8376269377E-01     0.1298866931         0.4961373812         0.2518119973E-01     0.1853940074         0.6533936087         0.9947706894         0.8153382556E-03
    0.1748909069         0.3692869532         0.3829560211E-01     0.3448895475         0.8543267870         0.2630202627E-01     0.2313613659E-01     0.2068701794         0.2825195682         0.7979283760E-01
    0.2247609232         0.7114408094E-01

                         STEP LENGTH (VM)
    0.4741109999E-05     0.4236371588E-01     0.7461848360E-01     0.3168625295E-01     0.1670828876E-01     0.9686364272E-01     0.5206518740E-01     0.1495195743E-04     0.6192549827E-05     0.1246305859E-03
    0.7877852255E-03     0.2004360320E-01     0.4713284456E-01     0.2364775193         0.1279374429E-05     0.3901992777E-05     0.5413005769E-04     0.1966029433E-03     0.3778492923E-01     0.9566370948E-01
    0.1193231869         0.3042282425E-05     0.3117675454E-01     0.5247269684E-01     0.1900726145         0.1022259615E-01     0.8338932952E-01     0.2536461671         0.1414351886E-04     0.5035877819E-06
    0.1690368763E-04     0.1808627873E-03     0.1344745826E-01     0.1274908719         0.2526476894         0.5596848834E-05     0.3361680203E-05     0.3619843243E-04     0.1689275690E-04     0.3313127673E-01
    0.1056564388         0.3011277062E-01
 

 INTERMEDIATE RESULTS BEFORE NEXT TEMPERATURE REDUCTION

  CURRENT TEMPERATURE:             0.11905E-02
  MIN FUNCTION VALUE SO FAR:   0.286899691547851544E-02
  TOTAL MOVES:                     840
     DOWNHILL:                     532
     ACCEPTED UPHILL:               68
     REJECTED UPHILL:              240
  TRIALS OUT OF BOUNDS:            222
  NEW MINIMA THIS TEMPERATURE:       0

                         CURRENT OPTIMAL X
    0.9995884561         0.1099876432         0.2028611300         0.7161265192E-01     0.3373845966E-01     0.2845959501         0.1482197201         0.8731861286         0.2846723706E-01     0.1380351019    
    0.9468150992E-01     0.5750953502E-01     0.1168625026         0.5028652892         0.9989905307         0.2449544458E-01     0.2339267749         0.8721130062         0.8238266578E-01     0.2128776487    
    0.2471436229         0.2345223612E-02     0.8237650841E-01     0.1511447706         0.4264874333         0.2184885787E-01     0.1684698794         0.6329612723         0.9947661384         0.8152141445E-03
    0.1749020128         0.3692869532         0.3770913552E-01     0.3345811955         0.7765350094         0.2630561168E-01     0.2313613659E-01     0.2068701794         0.2825195682         0.6872852981E-01
    0.2883375961         0.7732224018E-01

                         STEP LENGTH (VM)
    0.1361808130E-05     0.4236371588E-01     0.7461848360E-01     0.3168625295E-01     0.1670828876E-01     0.9686364272E-01     0.5206518740E-01     0.3694691932E-05     0.1367417469E-05     0.7886778120E-04
    0.1606316196E-03     0.2004360320E-01     0.4713284456E-01     0.2364775193         0.1433504050E-06     0.1423699994E-05     0.8722322667E-05     0.2606356399E-04     0.3778492923E-01     0.9566370948E-01
    0.1193231869         0.5489832765E-06     0.3117675454E-01     0.5247269684E-01     0.1900726145         0.1022259615E-01     0.8338932952E-01     0.2536461671         0.3967210266E-05     0.1866580149E-06
    0.2322332366E-05     0.3263689287E-04     0.1344745826E-01     0.1274908719         0.2526476894         0.1633123034E-05     0.4663497045E-06     0.6005269706E-05     0.2284567596E-05     0.3313127673E-01
    0.1056564388         0.3011277062E-01
 

 INTERMEDIATE RESULTS BEFORE NEXT TEMPERATURE REDUCTION

  CURRENT TEMPERATURE:             0.89291E-03
  MIN FUNCTION VALUE SO FAR:   0.286853482437960218E-02
  TOTAL MOVES:                     840
     DOWNHILL:                     519
     ACCEPTED UPHILL:               59
     REJECTED UPHILL:              262
  TRIALS OUT OF BOUNDS:            221
  NEW MINIMA THIS TEMPERATURE:       4

                         CURRENT OPTIMAL X
    0.9995884661         0.8775899296E-01     0.2150379208         0.8355058535E-01     0.4400528261E-01     0.1996702152         0.1161915731         0.8731862057         0.2846677800E-01     0.1380332986    
    0.9483921763E-01     0.5001273376E-01     0.1123750119         0.6076915470         0.9989904969         0.2449731684E-01     0.2339282558         0.8721363776         0.9646370490E-01     0.1950784977    
    0.3216816113         0.2345646213E-02     0.7601975462E-01     0.1365615833         0.5256510286         0.3002626954E-01     0.2380446225         0.7490648780         0.9947666723         0.8152302389E-03
    0.1749038499         0.3692767609         0.3849759192E-01     0.2576931374         0.9560484968         0.2630774606E-01     0.2313607191E-01     0.2068554616         0.2825187861         0.7138932197E-01
    0.2610184499         0.6476791084E-01

                         STEP LENGTH (VM)
    0.1561377674E-06     0.4236371588E-01     0.7461848360E-01     0.3168625295E-01     0.1670828876E-01     0.9686364272E-01     0.5206518740E-01     0.3042304169E-06     0.3103358500E-06     0.1148650211E-04
    0.6403074966E-05     0.2004360320E-01     0.4713284456E-01     0.2364775193         0.1808808062E-07     0.3070025277E-06     0.1979534035E-05     0.2774860476E-05     0.3778492923E-01     0.9566370948E-01
    0.1193231869         0.1144598266E-06     0.3117675454E-01     0.5247269684E-01     0.1900726145         0.1022259615E-01     0.8338932952E-01     0.2536461671         0.5005860926E-06     0.9417189919E-08
    0.4083221498E-06     0.5231165953E-05     0.1344745826E-01     0.1274908719         0.2526476894         0.6053274416E-06     0.7474831339E-07     0.3431582653E-05     0.1087260076E-06     0.3313127673E-01
    0.1056564388         0.3011277062E-01
 

 INTERMEDIATE RESULTS BEFORE NEXT TEMPERATURE REDUCTION

  CURRENT TEMPERATURE:             0.66968E-03
  MIN FUNCTION VALUE SO FAR:   0.286853482095520123E-02
  TOTAL MOVES:                     840
     DOWNHILL:                     517
     ACCEPTED UPHILL:               76
     REJECTED UPHILL:              247
  TRIALS OUT OF BOUNDS:            267
  NEW MINIMA THIS TEMPERATURE:       1

                         CURRENT OPTIMAL X
    0.9995884661         0.9029357158E-01     0.1543378935         0.8355058535E-01     0.4400528261E-01     0.1996702152         0.1161915731         0.8731862057         0.2846677800E-01     0.1380332986    
    0.9483921763E-01     0.5001273376E-01     0.1123750119         0.6076915470         0.9989904969         0.2449731684E-01     0.2339282558         0.8721363776         0.9646370490E-01     0.1950784977    
    0.3216816113         0.2345646213E-02     0.7601975462E-01     0.1365615833         0.5256510286         0.3002626954E-01     0.2380446225         0.7490648780         0.9947666723         0.8152302389E-03
    0.1749038499         0.3692767609         0.3849759192E-01     0.2576931374         0.9560484968         0.2630774606E-01     0.2313607191E-01     0.2068554616         0.2825187861         0.7138932197E-01
    0.2610184499         0.6476791084E-01

                         STEP LENGTH (VM)
    0.2640853061E-07     0.4236371588E-01     0.7461848360E-01     0.3168625295E-01     0.1670828876E-01     0.9686364272E-01     0.5206518740E-01     0.3966426131E-07     0.6193812829E-07     0.3381879705E-05
    0.5898242325E-06     0.2004360320E-01     0.4713284456E-01     0.2364775193         0.2397928732E-08     0.4171768548E-07     0.2200437152E-06     0.1066612948E-05     0.3778492923E-01     0.9566370948E-01
    0.1193231869         0.4242526287E-07     0.3117675454E-01     0.5247269684E-01     0.1900726145         0.1022259615E-01     0.8338932952E-01     0.2536461671         0.1043692947E-06     0.1963429437E-08
    0.1166634629E-06     0.4661770891E-06     0.1344745826E-01     0.1274908719         0.2526476894         0.1300537160E-06     0.1258755310E-07     0.7509846255E-06     0.2117020691E-07     0.3313127673E-01
    0.1056564388         0.3011277062E-01
 

  SA ACHIEVED TERMINATION CRITERIA. IER = 0. 


  ****   RESULTS AFTER SA   ****   

                         SOLUTION
    0.9995884661         0.9029357158E-01     0.1543378935         0.8355058535E-01     0.4400528261E-01     0.1996702152         0.1161915731         0.8731862057         0.2846677800E-01     0.1380332986    
    0.9483921763E-01     0.5001273376E-01     0.1123750119         0.6076915470         0.9989904969         0.2449731684E-01     0.2339282558         0.8721363776         0.9646370490E-01     0.1950784977    
    0.3216816113         0.2345646213E-02     0.7601975462E-01     0.1365615833         0.5256510286         0.3002626954E-01     0.2380446225         0.7490648780         0.9947666723         0.8152302389E-03
    0.1749038499         0.3692767609         0.3849759192E-01     0.2576931374         0.9560484968         0.2630774606E-01     0.2313607191E-01     0.2068554616         0.2825187861         0.7138932197E-01
    0.2610184499         0.6476791084E-01

                         FINAL STEP LENGTH
    0.2640853061E-07     0.4236371588E-01     0.7461848360E-01     0.3168625295E-01     0.1670828876E-01     0.9686364272E-01     0.5206518740E-01     0.3966426131E-07     0.6193812829E-07     0.3381879705E-05
    0.5898242325E-06     0.2004360320E-01     0.4713284456E-01     0.2364775193         0.2397928732E-08     0.4171768548E-07     0.2200437152E-06     0.1066612948E-05     0.3778492923E-01     0.9566370948E-01
    0.1193231869         0.4242526287E-07     0.3117675454E-01     0.5247269684E-01     0.1900726145         0.1022259615E-01     0.8338932952E-01     0.2536461671         0.1043692947E-06     0.1963429437E-08
    0.1166634629E-06     0.4661770891E-06     0.1344745826E-01     0.1274908719         0.2526476894         0.1300537160E-06     0.1258755310E-07     0.7509846255E-06     0.2117020691E-07     0.3313127673E-01
    0.1056564388         0.3011277062E-01

 OPTIMAL FUNCTION VALUE:  0.2868534820955E-02
 NUMBER OF FUNCTION EVALUATIONS:          26881
 NUMBER OF ACCEPTED EVALUATIONS:          23864
 NUMBER OF OUT OF BOUND EVALUATIONS:      11912
 FINAL TEMP:  0.6696828381376E-03  IER:   0
