
 SIMULATED PARALLEL ANNEALING by NEIGHBORHOOD EXAMPLE

 NUMBER OF PARAMETERS:  42   MAXIMAZATION:     F
 INITIAL TEMP:  5.0       RT: 0.75       EPS: 0.10E-02
 NS:  24   NT:  20   NEPS:  4
 MAXEVL:  100000000   IPRINT: 1   ISEED1:    7 ISEED2:    8

                         STARTING VALUES
    0.9997560387         0.5630010962E-01     0.2477994084         0.6015957594         0.6817606091E-01     0.1823925018         0.4872542024         0.7301573167         0.6813852911E-02     0.1000360808    
    0.1485734197E-03     0.4230064154E-02     0.1897215724         0.1385343671         0.9999906677         0.9037213326E-01     0.2977118134         0.7839199305         0.4880978465E-01     0.1508336663    
    0.1506070495         0.3955511559E-02     0.7384853201E-01     0.1806574821         0.7217687964         0.3335751295E-01     0.2101033568         0.4093538523         0.6658127917         0.3444075911E-01
    0.1118821144         0.8788196198         0.3322746158E-01     0.2298802495         0.9343615770         0.1913667986E-02     0.6099478006E-01     0.2767240882         0.8095939159         0.5851763487E-02
    0.1096677423         0.4259322882    

                         INITIAL STEP LENGTH
     1.000000000         0.1000000000         0.2000000000          1.000000000         0.1000000000         0.2000000000          1.000000000          1.000000000         0.1000000000         0.2000000000    
     1.000000000         0.1000000000         0.2000000000          1.000000000          1.000000000         0.1000000000         0.2000000000          1.000000000         0.1000000000         0.2000000000    
     1.000000000          1.000000000         0.1000000000         0.2000000000          1.000000000         0.1000000000         0.2000000000          1.000000000          1.000000000         0.1000000000    
    0.2000000000          1.000000000         0.1000000000         0.2000000000          1.000000000          1.000000000         0.1000000000         0.2000000000          1.000000000         0.1000000000    
    0.2000000000          1.000000000    

                         LOWER BOUND
     0.000000000          0.000000000         0.1000000000          0.000000000          0.000000000         0.1000000000          0.000000000          0.000000000          0.000000000         0.1000000000    
     0.000000000          0.000000000         0.1000000000          0.000000000          0.000000000          0.000000000         0.1000000000          0.000000000          0.000000000         0.1000000000    
     0.000000000          0.000000000          0.000000000         0.1000000000          0.000000000          0.000000000         0.1000000000          0.000000000          0.000000000          0.000000000    
    0.1000000000          0.000000000          0.000000000         0.1000000000          0.000000000          0.000000000          0.000000000         0.1000000000          0.000000000          0.000000000    
    0.1000000000          0.000000000    

                         UPPER BOUND
     1.000000000         0.1000000000         0.3000000000          1.000000000         0.1000000000         0.3000000000          1.000000000          1.000000000         0.1000000000         0.3000000000    
     1.000000000         0.1000000000         0.3000000000          1.000000000          1.000000000         0.1000000000         0.3000000000          1.000000000         0.1000000000         0.3000000000    
     1.000000000          1.000000000         0.1000000000         0.3000000000          1.000000000         0.1000000000         0.3000000000          1.000000000          1.000000000         0.1000000000    
    0.3000000000          1.000000000         0.1000000000         0.3000000000          1.000000000          1.000000000         0.1000000000         0.3000000000          1.000000000         0.1000000000    
    0.3000000000          1.000000000    

                         C VECTOR
     2.000000000          2.000000000          2.000000000          2.000000000          2.000000000          2.000000000          2.000000000          2.000000000          2.000000000          2.000000000    
     2.000000000          2.000000000          2.000000000          2.000000000          2.000000000          2.000000000          2.000000000          2.000000000          2.000000000          2.000000000    
     2.000000000          2.000000000          2.000000000          2.000000000          2.000000000          2.000000000          2.000000000          2.000000000          2.000000000          2.000000000    
     2.000000000          2.000000000          2.000000000          2.000000000          2.000000000          2.000000000          2.000000000          2.000000000          2.000000000          2.000000000    
     2.000000000          2.000000000    

  ****   END OF DRIVER ROUTINE OUTPUT   ****
  ****   BEFORE CALL TO SA.             ****
  

                         INITIAL X
    0.9997560387         0.5630010962E-01     0.2477994084         0.6015957594         0.6817606091E-01     0.1823925018         0.4872542024         0.7301573167         0.6813852911E-02     0.1000360808    
    0.1485734197E-03     0.4230064154E-02     0.1897215724         0.1385343671         0.9999906677         0.9037213326E-01     0.2977118134         0.7839199305         0.4880978465E-01     0.1508336663    
    0.1506070495         0.3955511559E-02     0.7384853201E-01     0.1806574821         0.7217687964         0.3335751295E-01     0.2101033568         0.4093538523         0.6658127917         0.3444075911E-01
    0.1118821144         0.8788196198         0.3322746158E-01     0.2298802495         0.9343615770         0.1913667986E-02     0.6099478006E-01     0.2767240882         0.8095939159         0.5851763487E-02
    0.1096677423         0.4259322882    
  INITIAL F: 
 0.523285173323611685    

 INTERMEDIATE RESULTS BEFORE NEXT TEMPERATURE REDUCTION

  CURRENT TEMPERATURE:              5.0000    
  MIN FUNCTION VALUE SO FAR:   0.688797644269669718E-01
  TOTAL MOVES:                    3360
     DOWNHILL:                    2371
     ACCEPTED UPHILL:              887
     REJECTED UPHILL:              102
  TRIALS OUT OF BOUNDS:           1639
  NEW MINIMA THIS TEMPERATURE:       4

                         CURRENT OPTIMAL X
    0.9834830165         0.8896518350E-01     0.1281228662         0.6362782717         0.7064514756E-01     0.1136587262         0.5362846255         0.7241873145         0.1921176910E-02     0.1691961765    
    0.9173612595         0.9874723554E-01     0.1234911561         0.9303485751         0.9386110934         0.5941430926E-01     0.2922669530         0.9955527186         0.8546907306E-01     0.1998666763    
    0.5496504307         0.1227861643         0.8419408202E-01     0.2923588634         0.3341852427         0.5219426751E-01     0.2174175024         0.3290833235         0.5715288520         0.9898313880E-01
    0.2252271533         0.6598870754         0.9374957085E-01     0.2417167425         0.1689299345         0.4052143693         0.7523923516E-01     0.2592233777         0.5432751179         0.4794381261E-01
    0.2014397979         0.6324362755E-01

                         STEP LENGTH (VM)
     1.000000000         0.1000000000         0.2000000000          1.000000000         0.1000000000         0.2000000000          1.000000000          1.000000000         0.1000000000         0.2000000000    
     1.000000000         0.1000000000         0.2000000000          1.000000000         0.2919131416         0.1000000000         0.2000000000          1.000000000         0.1000000000         0.2000000000    
     1.000000000          1.000000000         0.1000000000         0.2000000000          1.000000000         0.1000000000         0.2000000000          1.000000000          1.000000000         0.1000000000    
    0.2000000000          1.000000000         0.1000000000         0.2000000000          1.000000000          1.000000000         0.1000000000         0.2000000000          1.000000000         0.1000000000    
    0.2000000000          1.000000000    
 

 INTERMEDIATE RESULTS BEFORE NEXT TEMPERATURE REDUCTION

  CURRENT TEMPERATURE:              3.7500    
  MIN FUNCTION VALUE SO FAR:   0.654956425301435052E-01
  TOTAL MOVES:                    3360
     DOWNHILL:                    2390
     ACCEPTED UPHILL:              857
     REJECTED UPHILL:              113
  TRIALS OUT OF BOUNDS:           1604
  NEW MINIMA THIS TEMPERATURE:       0

                         CURRENT OPTIMAL X
    0.7848078609         0.7163562179E-01     0.1310290575         0.6273825765         0.2207967043E-01     0.2148435950         0.4459851980E-01     0.7400749922         0.5673300624E-01     0.2662722111    
    0.3125139475         0.2119724751E-01     0.1766016245         0.5279287696         0.9850122957         0.5763534904E-01     0.2663168073         0.4784190655E-01     0.8588734269E-01     0.1635543585    
    0.1825487614         0.1118541360         0.8537262082E-01     0.1830652475         0.8754607439         0.3762131929E-01     0.2809822917         0.7446175814         0.8603039980         0.8358119726E-01
    0.1320660591         0.9199586511         0.3587287664E-02     0.2922357321         0.3320092559         0.5954408646E-01     0.4032714367E-01     0.1938418031         0.5553513765         0.9773101807E-01
    0.1856327415         0.9889363647    

                         STEP LENGTH (VM)
     1.000000000         0.1000000000         0.2000000000          1.000000000         0.1000000000         0.2000000000          1.000000000          1.000000000         0.1000000000         0.2000000000    
     1.000000000         0.1000000000         0.2000000000          1.000000000         0.1570365180         0.1000000000         0.2000000000          1.000000000         0.1000000000         0.2000000000    
     1.000000000          1.000000000         0.1000000000         0.2000000000          1.000000000         0.1000000000         0.2000000000          1.000000000          1.000000000         0.1000000000    
    0.2000000000          1.000000000         0.1000000000         0.2000000000          1.000000000          1.000000000         0.1000000000         0.2000000000          1.000000000         0.1000000000    
    0.2000000000          1.000000000    
 

 INTERMEDIATE RESULTS BEFORE NEXT TEMPERATURE REDUCTION

  CURRENT TEMPERATURE:              2.8125    
  MIN FUNCTION VALUE SO FAR:   0.426572549731593087E-01
  TOTAL MOVES:                    3360
     DOWNHILL:                    2376
     ACCEPTED UPHILL:              868
     REJECTED UPHILL:              116
  TRIALS OUT OF BOUNDS:           1653
  NEW MINIMA THIS TEMPERATURE:       2

                         CURRENT OPTIMAL X
    0.7439253330         0.1626072526E-01     0.2255919695         0.5088021755         0.6969484091E-01     0.2597060680         0.8526844382         0.9767534137         0.3086128235E-01     0.1673336864    
    0.4997299314         0.7149362564E-01     0.2068552613         0.2398753166         0.9198785719         0.5191903114E-01     0.2553344607         0.1077876687         0.5973059535E-01     0.1727055073    
    0.4702355862         0.1218812466         0.2388987541E-01     0.2884328723         0.5173456669         0.3296000361E-01     0.1724704742         0.3639710546         0.9163977504         0.4831148982E-01
    0.1040262103         0.7454244494         0.7174916267E-01     0.1890231729         0.5688793659         0.3609448671E-01     0.2544283271E-01     0.2354990482         0.9139114618E-01     0.3639703393E-01
    0.2582206964         0.1091670990    

                         STEP LENGTH (VM)
     1.000000000         0.1000000000         0.2000000000          1.000000000         0.1000000000         0.2000000000          1.000000000         0.9492184023         0.1000000000         0.2000000000    
     1.000000000         0.1000000000         0.2000000000          1.000000000         0.2855340725         0.1000000000         0.2000000000          1.000000000         0.1000000000         0.2000000000    
     1.000000000          1.000000000         0.1000000000         0.2000000000          1.000000000         0.1000000000         0.2000000000          1.000000000          1.000000000         0.1000000000    
    0.2000000000          1.000000000         0.1000000000         0.2000000000          1.000000000          1.000000000         0.1000000000         0.2000000000          1.000000000         0.1000000000    
    0.2000000000          1.000000000    
 

 INTERMEDIATE RESULTS BEFORE NEXT TEMPERATURE REDUCTION

  CURRENT TEMPERATURE:              2.1094    
  MIN FUNCTION VALUE SO FAR:   0.126243043817872991E-01
  TOTAL MOVES:                    3360
     DOWNHILL:                    2362
     ACCEPTED UPHILL:              862
     REJECTED UPHILL:              136
  TRIALS OUT OF BOUNDS:           1670
  NEW MINIMA THIS TEMPERATURE:       0

                         CURRENT OPTIMAL X
    0.9708312750         0.2318854928E-01     0.2663191795         0.4161602259         0.4762542248E-02     0.1986941576         0.2584041953         0.9767534137         0.7432938218E-01     0.1695860028    
    0.7638202906         0.5402476788E-01     0.2230664134         0.2086710334         0.9198785719         0.1245949268E-01     0.2851165771         0.8319026828         0.5973059535E-01     0.1727055073    
    0.4702355862         0.1218812466         0.2388987541E-01     0.2884328723         0.5173456669         0.3296000361E-01     0.1724704742         0.3639710546         0.9163977504         0.4831148982E-01
    0.1040262103         0.7454244494         0.7174916267E-01     0.1890231729         0.5688793659         0.3609448671E-01     0.2544283271E-01     0.2354990482         0.9139114618E-01     0.3639703393E-01
    0.2582206964         0.1091670990    

                         STEP LENGTH (VM)
     1.000000000         0.1000000000         0.2000000000          1.000000000         0.1000000000         0.2000000000          1.000000000         0.7499999860         0.1000000000         0.2000000000    
     1.000000000         0.1000000000         0.2000000000          1.000000000         0.2637088979         0.1000000000         0.2000000000          1.000000000         0.1000000000         0.2000000000    
     1.000000000          1.000000000         0.1000000000         0.2000000000          1.000000000         0.1000000000         0.2000000000          1.000000000          1.000000000         0.1000000000    
    0.2000000000          1.000000000         0.1000000000         0.2000000000          1.000000000          1.000000000         0.1000000000         0.2000000000          1.000000000         0.1000000000    
    0.2000000000          1.000000000    
 

 INTERMEDIATE RESULTS BEFORE NEXT TEMPERATURE REDUCTION

  CURRENT TEMPERATURE:              1.5820    
  MIN FUNCTION VALUE SO FAR:   0.126243043817872991E-01
  TOTAL MOVES:                    3360
     DOWNHILL:                    2392
     ACCEPTED UPHILL:              823
     REJECTED UPHILL:              145
  TRIALS OUT OF BOUNDS:           1681
  NEW MINIMA THIS TEMPERATURE:       0

                         CURRENT OPTIMAL X
    0.9708312750         0.2318854928E-01     0.2663191795         0.4161602259         0.4762542248E-02     0.1986941576         0.2584041953         0.9767534137         0.7432938218E-01     0.1695860028    
    0.7638202906         0.5402476788E-01     0.2230664134         0.2086710334         0.9198785719         0.1245949268E-01     0.2851165771         0.8319026828         0.5973059535E-01     0.1727055073    
    0.4702355862         0.1218812466         0.2388987541E-01     0.2884328723         0.5173456669         0.3296000361E-01     0.1724704742         0.3639710546         0.9163977504         0.4831148982E-01
    0.1040262103         0.7454244494         0.7174916267E-01     0.1890231729         0.5688793659         0.3609448671E-01     0.2544283271E-01     0.2354990482         0.9139114618E-01     0.3639703393E-01
    0.2582206964         0.1091670990    

                         STEP LENGTH (VM)
     1.000000000         0.1000000000         0.2000000000          1.000000000         0.1000000000         0.2000000000          1.000000000         0.8437498935         0.1000000000         0.2000000000    
     1.000000000         0.1000000000         0.2000000000          1.000000000         0.2337799780         0.1000000000         0.2000000000          1.000000000         0.1000000000         0.2000000000    
     1.000000000          1.000000000         0.1000000000         0.2000000000          1.000000000         0.1000000000         0.2000000000          1.000000000          1.000000000         0.1000000000    
    0.2000000000          1.000000000         0.1000000000         0.2000000000          1.000000000          1.000000000         0.1000000000         0.2000000000          1.000000000         0.1000000000    
    0.2000000000          1.000000000    
 

 INTERMEDIATE RESULTS BEFORE NEXT TEMPERATURE REDUCTION

  CURRENT TEMPERATURE:              1.1865    
  MIN FUNCTION VALUE SO FAR:   0.126243043817872991E-01
  TOTAL MOVES:                    3360
     DOWNHILL:                    2345
     ACCEPTED UPHILL:              871
     REJECTED UPHILL:              144
  TRIALS OUT OF BOUNDS:           1618
  NEW MINIMA THIS TEMPERATURE:       0

                         CURRENT OPTIMAL X
    0.9708312750         0.2318854928E-01     0.2663191795         0.4161602259         0.4762542248E-02     0.1986941576         0.2584041953         0.9767534137         0.7432938218E-01     0.1695860028    
    0.7638202906         0.5402476788E-01     0.2230664134         0.2086710334         0.9198785719         0.1245949268E-01     0.2851165771         0.8319026828         0.5973059535E-01     0.1727055073    
    0.4702355862         0.1218812466         0.2388987541E-01     0.2884328723         0.5173456669         0.3296000361E-01     0.1724704742         0.3639710546         0.9163977504         0.4831148982E-01
    0.1040262103         0.7454244494         0.7174916267E-01     0.1890231729         0.5688793659         0.3609448671E-01     0.2544283271E-01     0.2354990482         0.9139114618E-01     0.3639703393E-01
    0.2582206964         0.1091670990    

                         STEP LENGTH (VM)
     1.000000000         0.1000000000         0.2000000000          1.000000000         0.1000000000         0.2000000000          1.000000000         0.6486486395         0.1000000000         0.2000000000    
     1.000000000         0.1000000000         0.2000000000          1.000000000         0.2703080062         0.1000000000         0.2000000000          1.000000000         0.1000000000         0.2000000000    
     1.000000000          1.000000000         0.1000000000         0.2000000000          1.000000000         0.1000000000         0.2000000000          1.000000000          1.000000000         0.1000000000    
    0.2000000000          1.000000000         0.1000000000         0.2000000000          1.000000000          1.000000000         0.1000000000         0.2000000000          1.000000000         0.1000000000    
    0.2000000000          1.000000000    
 

 INTERMEDIATE RESULTS BEFORE NEXT TEMPERATURE REDUCTION

  CURRENT TEMPERATURE:             0.88989    
  MIN FUNCTION VALUE SO FAR:   0.126243043817872991E-01
  TOTAL MOVES:                    3360
     DOWNHILL:                    2369
     ACCEPTED UPHILL:              862
     REJECTED UPHILL:              129
  TRIALS OUT OF BOUNDS:           1631
  NEW MINIMA THIS TEMPERATURE:       0

                         CURRENT OPTIMAL X
    0.9708312750         0.2318854928E-01     0.2663191795         0.4161602259         0.4762542248E-02     0.1986941576         0.2584041953         0.9767534137         0.7432938218E-01     0.1695860028    
    0.7638202906         0.5402476788E-01     0.2230664134         0.2086710334         0.9198785719         0.1245949268E-01     0.2851165771         0.8319026828         0.5973059535E-01     0.1727055073    
    0.4702355862         0.1218812466         0.2388987541E-01     0.2884328723         0.5173456669         0.3296000361E-01     0.1724704742         0.3639710546         0.9163977504         0.4831148982E-01
    0.1040262103         0.7454244494         0.7174916267E-01     0.1890231729         0.5688793659         0.3609448671E-01     0.2544283271E-01     0.2354990482         0.9139114618E-01     0.3639703393E-01
    0.2582206964         0.1091670990    

                         STEP LENGTH (VM)
     1.000000000         0.1000000000         0.2000000000          1.000000000         0.1000000000         0.2000000000          1.000000000          1.000000000         0.1000000000         0.2000000000    
     1.000000000         0.1000000000         0.2000000000          1.000000000         0.1710542248         0.1000000000         0.2000000000          1.000000000         0.1000000000         0.2000000000    
     1.000000000          1.000000000         0.1000000000         0.2000000000          1.000000000         0.1000000000         0.2000000000          1.000000000          1.000000000         0.1000000000    
    0.2000000000          1.000000000         0.1000000000         0.2000000000          1.000000000          1.000000000         0.1000000000         0.2000000000          1.000000000         0.1000000000    
    0.2000000000          1.000000000    
 

 INTERMEDIATE RESULTS BEFORE NEXT TEMPERATURE REDUCTION

  CURRENT TEMPERATURE:             0.66742    
  MIN FUNCTION VALUE SO FAR:   0.126243043817872991E-01
  TOTAL MOVES:                    3360
     DOWNHILL:                    2370
     ACCEPTED UPHILL:              825
     REJECTED UPHILL:              165
  TRIALS OUT OF BOUNDS:           1637
  NEW MINIMA THIS TEMPERATURE:       0

                         CURRENT OPTIMAL X
    0.9708312750         0.2318854928E-01     0.2663191795         0.4161602259         0.4762542248E-02     0.1986941576         0.2584041953         0.9767534137         0.7432938218E-01     0.1695860028    
    0.7638202906         0.5402476788E-01     0.2230664134         0.2086710334         0.9198785719         0.1245949268E-01     0.2851165771         0.8319026828         0.5973059535E-01     0.1727055073    
    0.4702355862         0.1218812466         0.2388987541E-01     0.2884328723         0.5173456669         0.3296000361E-01     0.1724704742         0.3639710546         0.9163977504         0.4831148982E-01
    0.1040262103         0.7454244494         0.7174916267E-01     0.1890231729         0.5688793659         0.3609448671E-01     0.2544283271E-01     0.2354990482         0.9139114618E-01     0.3639703393E-01
    0.2582206964         0.1091670990    

                         STEP LENGTH (VM)
     1.000000000         0.1000000000         0.2000000000          1.000000000         0.1000000000         0.2000000000          1.000000000         0.9999998882         0.1000000000         0.2000000000    
     1.000000000         0.1000000000         0.2000000000          1.000000000         0.1758056856         0.1000000000         0.2000000000          1.000000000         0.1000000000         0.2000000000    
     1.000000000          1.000000000         0.1000000000         0.2000000000          1.000000000         0.1000000000         0.2000000000          1.000000000          1.000000000         0.1000000000    
    0.2000000000          1.000000000         0.1000000000         0.2000000000          1.000000000          1.000000000         0.1000000000         0.2000000000          1.000000000         0.1000000000    
    0.2000000000          1.000000000    
 

 INTERMEDIATE RESULTS BEFORE NEXT TEMPERATURE REDUCTION

  CURRENT TEMPERATURE:             0.50056    
  MIN FUNCTION VALUE SO FAR:   0.654259647175048364E-02
  TOTAL MOVES:                    3360
     DOWNHILL:                    2378
     ACCEPTED UPHILL:              802
     REJECTED UPHILL:              180
  TRIALS OUT OF BOUNDS:           1653
  NEW MINIMA THIS TEMPERATURE:       0

                         CURRENT OPTIMAL X
    0.9708312750         0.2903715372E-01     0.1029981613         0.1093627214         0.4881050587E-01     0.2420457840         0.1520796418         0.9767534137         0.2105603218E-01     0.2152556539    
    0.3236711025         0.5402476788E-01     0.2230664134         0.2086710334         0.9198785719         0.1245949268E-01     0.2851165771         0.8319026828         0.5973059535E-01     0.1727055073    
    0.4702355862         0.1218812466         0.2388987541E-01     0.2884328723         0.5173456669         0.3296000361E-01     0.1724704742         0.3639710546         0.9163977504         0.4831148982E-01
    0.1040262103         0.7454244494         0.7174916267E-01     0.1890231729         0.5688793659         0.3609448671E-01     0.2544283271E-01     0.2354990482         0.9139114618E-01     0.3639703393E-01
    0.2582206964         0.1091670990    

                         STEP LENGTH (VM)
     1.000000000         0.1000000000         0.2000000000          1.000000000         0.1000000000         0.2000000000          1.000000000         0.5106382938         0.1000000000         0.2000000000    
     1.000000000         0.1000000000         0.2000000000          1.000000000         0.2381282124         0.1000000000         0.2000000000          1.000000000         0.1000000000         0.2000000000    
     1.000000000          1.000000000         0.1000000000         0.2000000000          1.000000000         0.1000000000         0.2000000000          1.000000000          1.000000000         0.1000000000    
    0.2000000000          1.000000000         0.1000000000         0.2000000000          1.000000000          1.000000000         0.1000000000         0.2000000000          1.000000000         0.1000000000    
    0.2000000000          1.000000000    
 

  SA ACHIEVED TERMINATION CRITERIA. IER = 0. 


  ****   RESULTS AFTER SA   ****   

                         SOLUTION
    0.9708312750         0.2903715372E-01     0.1029981613         0.1093627214         0.4881050587E-01     0.2420457840         0.1520796418         0.9767534137         0.2105603218E-01     0.2152556539    
    0.3236711025         0.5402476788E-01     0.2230664134         0.2086710334         0.9198785719         0.1245949268E-01     0.2851165771         0.8319026828         0.5973059535E-01     0.1727055073    
    0.4702355862         0.1218812466         0.2388987541E-01     0.2884328723         0.5173456669         0.3296000361E-01     0.1724704742         0.3639710546         0.9163977504         0.4831148982E-01
    0.1040262103         0.7454244494         0.7174916267E-01     0.1890231729         0.5688793659         0.3609448671E-01     0.2544283271E-01     0.2354990482         0.9139114618E-01     0.3639703393E-01
    0.2582206964         0.1091670990    

                         FINAL STEP LENGTH
     1.000000000         0.1000000000         0.2000000000          1.000000000         0.1000000000         0.2000000000          1.000000000         0.5106382938         0.1000000000         0.2000000000    
     1.000000000         0.1000000000         0.2000000000          1.000000000         0.2381282124         0.1000000000         0.2000000000          1.000000000         0.1000000000         0.2000000000    
     1.000000000          1.000000000         0.1000000000         0.2000000000          1.000000000         0.1000000000         0.2000000000          1.000000000          1.000000000         0.1000000000    
    0.2000000000          1.000000000         0.1000000000         0.2000000000          1.000000000          1.000000000         0.1000000000         0.2000000000          1.000000000         0.1000000000    
    0.2000000000          1.000000000    

 OPTIMAL FUNCTION VALUE:  0.6542596471750E-02
 NUMBER OF FUNCTION EVALUATIONS:          30241
 NUMBER OF ACCEPTED EVALUATIONS:          29010
 NUMBER OF OUT OF BOUND EVALUATIONS:      14786
 FINAL TEMP:  0.5005645751953      IER:   0
