
 SIMULATED PARALLEL ANNEALING by NEIGHBORHOOD EXAMPLE

 NUMBER OF PARAMETERS:  42   MAXIMAZATION:     F
 INITIAL TEMP:  5.0       RT: 0.75       EPS: 0.10E-02
 NS:  24   NT:   5   NEPS:  4
 MAXEVL:  100000000   IPRINT: 1   ISEED1:    7 ISEED2:    8

                         STARTING VALUES
    0.9980657507         0.8833473384E-01     0.2319577575         0.6896907091E-01     0.3593816757E-01     0.2285532355         0.1400729418         0.8713305280         0.4230038553E-01     0.1990971338    
    0.9509983039E-01     0.4316180944E-01     0.1360909820         0.7123157978         0.9425830907         0.1853953029E-01     0.1767142289         0.6434633428         0.9629922509E-01     0.2452642322    
    0.2635189891         0.1876904166E-02     0.7392606882E-01     0.1154475451         0.5416694880         0.2967796326E-01     0.2106177330         0.7539252043         0.9802752194         0.9160231788E-03
    0.1314711923         0.3859191237         0.4142854214E-01     0.2806409717         0.8947706223         0.3123234455E-01     0.1978077442E-01     0.2655506843         0.2504844229         0.8424493670E-01
    0.2627087116         0.6695533330E-01

                         INITIAL STEP LENGTH
    0.2015473994         0.3533389354E-01     0.9278310300E-01     0.2758762836E-01     0.1437526703E-01     0.9142129420E-01     0.5602917672E-01     0.3029355776         0.1692015421E-01     0.7963885352E-01
    0.3803993216E-01     0.1726472378E-01     0.5443639280E-01     0.2849263191         0.2459335274         0.7415812116E-02     0.7068569156E-01     0.2573853371         0.3851969004E-01     0.9810569288E-01
    0.1054075956         0.7507616664E-03     0.2957042753E-01     0.4617901804E-01     0.2166677952         0.1187118530E-01     0.8424709320E-01     0.3015700817         0.2157798245         0.3664092715E-03
    0.5258847692E-01     0.1543676495         0.1657141686E-01     0.1122563887         0.2841835022         0.1249293782E-01     0.7912309768E-02     0.1062202737         0.1001937692         0.3369797468E-01
    0.1050834846         0.2678213332E-01

                         LOWER BOUND
    0.7984526006         0.7066778707E-01     0.1855662060         0.5517525673E-01     0.2875053406E-01     0.1828425884         0.1120583534         0.6970644224         0.3384030842E-01     0.1592777070    
    0.7607986431E-01     0.3452944755E-01     0.1088727856         0.5698526382         0.7540664726         0.1483162423E-01     0.1413713831         0.5147706742         0.7703938007E-01     0.1962113858    
    0.2108151913         0.1501523333E-02     0.5914085506E-01     0.1000000000         0.4333355904         0.2374237061E-01     0.1684941864         0.6031401634         0.7842201755         0.7328185430E-03
    0.1051769538         0.3087352990         0.3314283371E-01     0.2245127774         0.7158164978         0.2498587564E-01     0.1582461954E-01     0.2124405474         0.2003875383         0.6739594936E-01
    0.2101669693         0.5356426664E-01

                         UPPER BOUND
     1.000000000         0.1060016806         0.2783493090         0.8276288509E-01     0.4312580108E-01     0.2742638826         0.1680875302          1.000000000         0.5076046264E-01     0.2389165606    
    0.1141197965         0.5179417133E-01     0.1633091784         0.8547789574          1.000000000         0.2224743635E-01     0.2120570747         0.7721560114         0.1155590701         0.2943170786    
    0.3162227869         0.2252284999E-02     0.8871128258E-01     0.1385370541         0.6500033856         0.3561355591E-01     0.2527412796         0.9047102452          1.000000000         0.1099227815E-02
    0.1577654308         0.4631029484         0.4971425057E-01     0.3367691660          1.000000000         0.3747881346E-01     0.2373692930E-01     0.3186608212         0.3005813075         0.1010939240    
    0.3152504539         0.8034639996E-01

                         C VECTOR
     2.000000000          2.000000000          2.000000000          2.000000000          2.000000000          2.000000000          2.000000000          2.000000000          2.000000000          2.000000000    
     2.000000000          2.000000000          2.000000000          2.000000000          2.000000000          2.000000000          2.000000000          2.000000000          2.000000000          2.000000000    
     2.000000000          2.000000000          2.000000000          2.000000000          2.000000000          2.000000000          2.000000000          2.000000000          2.000000000          2.000000000    
     2.000000000          2.000000000          2.000000000          2.000000000          2.000000000          2.000000000          2.000000000          2.000000000          2.000000000          2.000000000    
     2.000000000          2.000000000    

  ****   END OF DRIVER ROUTINE OUTPUT   ****
  ****   BEFORE CALL TO SA.             ****
  

                         INITIAL X
    0.9980657507         0.8833473384E-01     0.2319577575         0.6896907091E-01     0.3593816757E-01     0.2285532355         0.1400729418         0.8713305280         0.4230038553E-01     0.1990971338    
    0.9509983039E-01     0.4316180944E-01     0.1360909820         0.7123157978         0.9425830907         0.1853953029E-01     0.1767142289         0.6434633428         0.9629922509E-01     0.2452642322    
    0.2635189891         0.1876904166E-02     0.7392606882E-01     0.1154475451         0.5416694880         0.2967796326E-01     0.2106177330         0.7539252043         0.9802752194         0.9160231788E-03
    0.1314711923         0.3859191237         0.4142854214E-01     0.2806409717         0.8947706223         0.3123234455E-01     0.1978077442E-01     0.2655506843         0.2504844229         0.8424493670E-01
    0.2627087116         0.6695533330E-01
  INITIAL F: 
 0.394547741995175838    

 INTERMEDIATE RESULTS BEFORE NEXT TEMPERATURE REDUCTION

  CURRENT TEMPERATURE:              5.0000    
  MIN FUNCTION VALUE SO FAR:   0.301733984782966112E-01
  TOTAL MOVES:                     840
     DOWNHILL:                     626
     ACCEPTED UPHILL:              212
     REJECTED UPHILL:                2
  TRIALS OUT OF BOUNDS:            392
  NEW MINIMA THIS TEMPERATURE:       7

                         CURRENT OPTIMAL X
    0.9196438587         0.9590569757E-01     0.2579011265         0.7470065620E-01     0.3999386427E-01     0.2098782912         0.1191760879         0.9044251190         0.5004623498E-01     0.2132950818    
    0.8191237173E-01     0.3836909141E-01     0.1260204926         0.7746106870         0.9985978093         0.2051795792E-01     0.1767142289         0.6434633428         0.9629922509E-01     0.2452642322    
    0.2635189891         0.1876904166E-02     0.7392606882E-01     0.1154475451         0.5416694880         0.2967796326E-01     0.2106177330         0.7539252043         0.9802752194         0.9160231788E-03
    0.1314711923         0.3859191237         0.4142854214E-01     0.2806409717         0.8947706223         0.3123234455E-01     0.1978077442E-01     0.2655506843         0.2504844229         0.8424493670E-01
    0.2627087116         0.6695533330E-01

                         STEP LENGTH (VM)
    0.2015473994         0.3533389354E-01     0.9278310300E-01     0.2758762836E-01     0.1437526703E-01     0.9142129420E-01     0.5602917672E-01     0.3029355776         0.1692015421E-01     0.7963885352E-01
    0.3803993216E-01     0.1726472378E-01     0.5443639280E-01     0.2849263191         0.2459335274         0.7415812116E-02     0.7068569156E-01     0.2573853371         0.3851969004E-01     0.9810569288E-01
    0.1054075956         0.7507616664E-03     0.2957042753E-01     0.3853705412E-01     0.2166677952         0.1187118530E-01     0.8424709320E-01     0.3015700817         0.2157798245         0.3664092715E-03
    0.5258847692E-01     0.1543676495         0.1657141686E-01     0.1122563887         0.2841835022         0.1249293782E-01     0.7912309768E-02     0.1062202737         0.1001937692         0.3369797468E-01
    0.1050834846         0.2678213332E-01
 

 INTERMEDIATE RESULTS BEFORE NEXT TEMPERATURE REDUCTION

  CURRENT TEMPERATURE:              3.7500    
  MIN FUNCTION VALUE SO FAR:   0.301733984782966112E-01
  TOTAL MOVES:                     840
     DOWNHILL:                     624
     ACCEPTED UPHILL:              212
     REJECTED UPHILL:                4
  TRIALS OUT OF BOUNDS:            421
  NEW MINIMA THIS TEMPERATURE:       0

                         CURRENT OPTIMAL X
    0.9196438587         0.9590569757E-01     0.2579011265         0.7470065620E-01     0.3999386427E-01     0.2098782912         0.1191760879         0.9044251190         0.5004623498E-01     0.2132950818    
    0.8191237173E-01     0.3836909141E-01     0.1260204926         0.7746106870         0.9985978093         0.2051795792E-01     0.1767142289         0.6434633428         0.9629922509E-01     0.2452642322    
    0.2635189891         0.1876904166E-02     0.7392606882E-01     0.1154475451         0.5416694880         0.2967796326E-01     0.2106177330         0.7539252043         0.9802752194         0.9160231788E-03
    0.1314711923         0.3859191237         0.4142854214E-01     0.2806409717         0.8947706223         0.3123234455E-01     0.1978077442E-01     0.2655506843         0.2504844229         0.8424493670E-01
    0.2627087116         0.6695533330E-01

                         STEP LENGTH (VM)
    0.2015473994         0.3533389354E-01     0.9278310300E-01     0.2758762836E-01     0.1437526703E-01     0.9142129420E-01     0.5602917672E-01     0.3029355776         0.1692015421E-01     0.7963885352E-01
    0.3803993216E-01     0.1726472378E-01     0.5443639280E-01     0.2849263191         0.2459335274         0.7415812116E-02     0.7068569156E-01     0.2573853371         0.3851969004E-01     0.9810569288E-01
    0.1054075956         0.7507616664E-03     0.2957042753E-01     0.3853705412E-01     0.2166677952         0.1187118530E-01     0.8424709320E-01     0.3015700817         0.2157798245         0.3664092715E-03
    0.5258847692E-01     0.1543676495         0.1657141686E-01     0.1122563887         0.2841835022         0.1249293782E-01     0.7912309768E-02     0.1062202737         0.1001937692         0.3369797468E-01
    0.1050834846         0.2678213332E-01
 

 INTERMEDIATE RESULTS BEFORE NEXT TEMPERATURE REDUCTION

  CURRENT TEMPERATURE:              2.8125    
  MIN FUNCTION VALUE SO FAR:   0.286214169529930146E-01
  TOTAL MOVES:                     840
     DOWNHILL:                     615
     ACCEPTED UPHILL:              220
     REJECTED UPHILL:                5
  TRIALS OUT OF BOUNDS:            412
  NEW MINIMA THIS TEMPERATURE:       0

                         CURRENT OPTIMAL X
    0.9886157038         0.9590569757E-01     0.2579011265         0.7470065620E-01     0.3999386427E-01     0.2098782912         0.1191760879         0.9044251190         0.5004623498E-01     0.2132950818    
    0.8191237173E-01     0.3836909141E-01     0.1260204926         0.7746106870         0.9985978093         0.2051795792E-01     0.1767142289         0.6434633428         0.9629922509E-01     0.2452642322    
    0.2635189891         0.1876904166E-02     0.7392606882E-01     0.1154475451         0.5416694880         0.2967796326E-01     0.2106177330         0.7539252043         0.9802752194         0.9160231788E-03
    0.1314711923         0.3859191237         0.4142854214E-01     0.2806409717         0.8947706223         0.3123234455E-01     0.1978077442E-01     0.2655506843         0.2504844229         0.8424493670E-01
    0.2627087116         0.6695533330E-01

                         STEP LENGTH (VM)
    0.2015473994         0.3533389354E-01     0.9278310300E-01     0.2758762836E-01     0.1437526703E-01     0.9142129420E-01     0.5602917672E-01     0.3029355776         0.1692015421E-01     0.7963885352E-01
    0.3803993216E-01     0.1726472378E-01     0.5443639280E-01     0.2849263191         0.2459335274         0.7415812116E-02     0.7068569156E-01     0.2573853371         0.3851969004E-01     0.9810569288E-01
    0.1054075956         0.7507616664E-03     0.2957042753E-01     0.3853705412E-01     0.2166677952         0.1187118530E-01     0.8424709320E-01     0.3015700817         0.2157798245         0.3664092715E-03
    0.5258847692E-01     0.1543676495         0.1657141686E-01     0.1122563887         0.2841835022         0.1249293782E-01     0.7912309768E-02     0.1062202737         0.1001937692         0.3369797468E-01
    0.1050834846         0.2678213332E-01
 

 INTERMEDIATE RESULTS BEFORE NEXT TEMPERATURE REDUCTION

  CURRENT TEMPERATURE:              2.1094    
  MIN FUNCTION VALUE SO FAR:   0.286214169529930146E-01
  TOTAL MOVES:                     840
     DOWNHILL:                     637
     ACCEPTED UPHILL:              198
     REJECTED UPHILL:                5
  TRIALS OUT OF BOUNDS:            406
  NEW MINIMA THIS TEMPERATURE:       0

                         CURRENT OPTIMAL X
    0.9886157038         0.9590569757E-01     0.2579011265         0.7470065620E-01     0.3999386427E-01     0.2098782912         0.1191760879         0.9044251190         0.5004623498E-01     0.2132950818    
    0.8191237173E-01     0.3836909141E-01     0.1260204926         0.7746106870         0.9985978093         0.2051795792E-01     0.1767142289         0.6434633428         0.9629922509E-01     0.2452642322    
    0.2635189891         0.1876904166E-02     0.7392606882E-01     0.1154475451         0.5416694880         0.2967796326E-01     0.2106177330         0.7539252043         0.9802752194         0.9160231788E-03
    0.1314711923         0.3859191237         0.4142854214E-01     0.2806409717         0.8947706223         0.3123234455E-01     0.1978077442E-01     0.2655506843         0.2504844229         0.8424493670E-01
    0.2627087116         0.6695533330E-01

                         STEP LENGTH (VM)
    0.2015473994         0.3533389354E-01     0.9278310300E-01     0.2758762836E-01     0.1437526703E-01     0.9142129420E-01     0.5602917672E-01     0.3029355776         0.1692015421E-01     0.7963885352E-01
    0.3803993216E-01     0.1726472378E-01     0.5443639280E-01     0.2849263191         0.2459335274         0.7415812116E-02     0.7068569156E-01     0.2573853371         0.3851969004E-01     0.9810569288E-01
    0.1054075956         0.7507616664E-03     0.2957042753E-01     0.3853705412E-01     0.2166677952         0.1187118530E-01     0.8424709320E-01     0.3015700817         0.2157798245         0.3664092715E-03
    0.5258847692E-01     0.1543676495         0.1657141686E-01     0.1122563887         0.2841835022         0.1249293782E-01     0.7912309768E-02     0.1062202737         0.1001937692         0.3369797468E-01
    0.1050834846         0.2678213332E-01
 

 INTERMEDIATE RESULTS BEFORE NEXT TEMPERATURE REDUCTION

  CURRENT TEMPERATURE:              1.5820    
  MIN FUNCTION VALUE SO FAR:   0.286214169529930146E-01
  TOTAL MOVES:                     840
     DOWNHILL:                     615
     ACCEPTED UPHILL:              218
     REJECTED UPHILL:                7
  TRIALS OUT OF BOUNDS:            406
  NEW MINIMA THIS TEMPERATURE:       0

                         CURRENT OPTIMAL X
    0.9886157038         0.9590569757E-01     0.2579011265         0.7470065620E-01     0.3999386427E-01     0.2098782912         0.1191760879         0.9044251190         0.5004623498E-01     0.2132950818    
    0.8191237173E-01     0.3836909141E-01     0.1260204926         0.7746106870         0.9985978093         0.2051795792E-01     0.1767142289         0.6434633428         0.9629922509E-01     0.2452642322    
    0.2635189891         0.1876904166E-02     0.7392606882E-01     0.1154475451         0.5416694880         0.2967796326E-01     0.2106177330         0.7539252043         0.9802752194         0.9160231788E-03
    0.1314711923         0.3859191237         0.4142854214E-01     0.2806409717         0.8947706223         0.3123234455E-01     0.1978077442E-01     0.2655506843         0.2504844229         0.8424493670E-01
    0.2627087116         0.6695533330E-01

                         STEP LENGTH (VM)
    0.2015473994         0.3533389354E-01     0.9278310300E-01     0.2758762836E-01     0.1437526703E-01     0.9142129420E-01     0.5602917672E-01     0.3029355776         0.1692015421E-01     0.7963885352E-01
    0.3803993216E-01     0.1726472378E-01     0.5443639280E-01     0.2849263191         0.2459335274         0.7415812116E-02     0.7068569156E-01     0.2573853371         0.3851969004E-01     0.9810569288E-01
    0.1054075956         0.7507616664E-03     0.2957042753E-01     0.3853705412E-01     0.2166677952         0.1187118530E-01     0.8424709320E-01     0.3015700817         0.2157798245         0.3664092715E-03
    0.5258847692E-01     0.1543676495         0.1657141686E-01     0.1122563887         0.2841835022         0.1249293782E-01     0.7912309768E-02     0.1062202737         0.1001937692         0.3369797468E-01
    0.1050834846         0.2678213332E-01
 

 INTERMEDIATE RESULTS BEFORE NEXT TEMPERATURE REDUCTION

  CURRENT TEMPERATURE:              1.1865    
  MIN FUNCTION VALUE SO FAR:   0.262036253125826520E-01
  TOTAL MOVES:                     840
     DOWNHILL:                     615
     ACCEPTED UPHILL:              219
     REJECTED UPHILL:                6
  TRIALS OUT OF BOUNDS:            407
  NEW MINIMA THIS TEMPERATURE:       0

                         CURRENT OPTIMAL X
    0.9905922532         0.9590569757E-01     0.2579011265         0.7470065620E-01     0.3999386427E-01     0.2098782912         0.1191760879         0.9044251190         0.5004623498E-01     0.2132950818    
    0.8191237173E-01     0.3836909141E-01     0.1260204926         0.7746106870         0.9985978093         0.2051795792E-01     0.1767142289         0.6434633428         0.9629922509E-01     0.2452642322    
    0.2635189891         0.1876904166E-02     0.7392606882E-01     0.1154475451         0.5416694880         0.2967796326E-01     0.2106177330         0.7539252043         0.9802752194         0.9160231788E-03
    0.1314711923         0.3859191237         0.4142854214E-01     0.2806409717         0.8947706223         0.3123234455E-01     0.1978077442E-01     0.2655506843         0.2504844229         0.8424493670E-01
    0.2627087116         0.6695533330E-01

                         STEP LENGTH (VM)
    0.2015473994         0.3533389354E-01     0.9278310300E-01     0.2758762836E-01     0.1437526703E-01     0.9142129420E-01     0.5602917672E-01     0.3029355776         0.1692015421E-01     0.7963885352E-01
    0.3803993216E-01     0.1726472378E-01     0.5443639280E-01     0.2849263191         0.2459335274         0.7415812116E-02     0.7068569156E-01     0.2573853371         0.3851969004E-01     0.9810569288E-01
    0.1054075956         0.7507616664E-03     0.2957042753E-01     0.3853705412E-01     0.2166677952         0.1187118530E-01     0.8424709320E-01     0.3015700817         0.2157798245         0.3664092715E-03
    0.5258847692E-01     0.1543676495         0.1657141686E-01     0.1122563887         0.2841835022         0.1249293782E-01     0.7912309768E-02     0.1062202737         0.1001937692         0.3369797468E-01
    0.1050834846         0.2678213332E-01
 

 INTERMEDIATE RESULTS BEFORE NEXT TEMPERATURE REDUCTION

  CURRENT TEMPERATURE:             0.88989    
  MIN FUNCTION VALUE SO FAR:   0.246684507771167474E-01
  TOTAL MOVES:                     840
     DOWNHILL:                     620
     ACCEPTED UPHILL:              204
     REJECTED UPHILL:               16
  TRIALS OUT OF BOUNDS:            430
  NEW MINIMA THIS TEMPERATURE:       0

                         CURRENT OPTIMAL X
    0.9926042535         0.9688662223E-01     0.2470515164         0.6375449253E-01     0.3847665521E-01     0.2448870031         0.1192416810         0.8349069666         0.3936012175E-01     0.1789885466    
    0.9787523590E-01     0.4169006548E-01     0.1106214182         0.6192748386         0.9960517014         0.2014312321E-01     0.1861626612         0.7265580176         0.1034011341         0.2488808631    
    0.2835839842         0.1705857156E-02     0.7233204466E-01     0.1363856888         0.6344545946         0.2760188617E-01     0.2479990885         0.7243495357         0.9081815063         0.1016839336E-02
    0.1290989424         0.4308014023         0.4303964695E-01     0.2337178433         0.8151713744         0.2790309656E-01     0.2302066250E-01     0.2511888841         0.2466009416         0.7722289905E-01
    0.2247877916         0.7560861425E-01

                         STEP LENGTH (VM)
    0.2015473994         0.3533389354E-01     0.9278310300E-01     0.2758762836E-01     0.1437526703E-01     0.9142129420E-01     0.5602917672E-01     0.3029355776         0.1692015421E-01     0.7963885352E-01
    0.3803993216E-01     0.1726472378E-01     0.5443639280E-01     0.2849263191         0.2459335274         0.7415812116E-02     0.7068569156E-01     0.2573853371         0.3851969004E-01     0.9810569288E-01
    0.1054075956         0.7507616664E-03     0.2957042753E-01     0.3853705412E-01     0.2166677952         0.1187118530E-01     0.8424709320E-01     0.3015700817         0.2157798245         0.3664092715E-03
    0.5258847692E-01     0.1543676495         0.1657141686E-01     0.1122563887         0.2841835022         0.1249293782E-01     0.7912309768E-02     0.1062202737         0.1001937692         0.3369797468E-01
    0.1050834846         0.2678213332E-01
 

 INTERMEDIATE RESULTS BEFORE NEXT TEMPERATURE REDUCTION

  CURRENT TEMPERATURE:             0.66742    
  MIN FUNCTION VALUE SO FAR:   0.246684507771167474E-01
  TOTAL MOVES:                     840
     DOWNHILL:                     623
     ACCEPTED UPHILL:              206
     REJECTED UPHILL:               11
  TRIALS OUT OF BOUNDS:            425
  NEW MINIMA THIS TEMPERATURE:       0

                         CURRENT OPTIMAL X
    0.9926042535         0.9688662223E-01     0.2470515164         0.6375449253E-01     0.3847665521E-01     0.2448870031         0.1192416810         0.8349069666         0.3936012175E-01     0.1789885466    
    0.9787523590E-01     0.4169006548E-01     0.1106214182         0.6192748386         0.9960517014         0.2014312321E-01     0.1861626612         0.7265580176         0.1034011341         0.2488808631    
    0.2835839842         0.1705857156E-02     0.7233204466E-01     0.1363856888         0.6344545946         0.2760188617E-01     0.2479990885         0.7243495357         0.9081815063         0.1016839336E-02
    0.1290989424         0.4308014023         0.4303964695E-01     0.2337178433         0.8151713744         0.2790309656E-01     0.2302066250E-01     0.2511888841         0.2466009416         0.7722289905E-01
    0.2247877916         0.7560861425E-01

                         STEP LENGTH (VM)
    0.2015473994         0.3533389354E-01     0.9278310300E-01     0.2758762836E-01     0.1437526703E-01     0.9142129420E-01     0.5602917672E-01     0.3029355776         0.1692015421E-01     0.7963885352E-01
    0.3803993216E-01     0.1726472378E-01     0.5443639280E-01     0.2849263191         0.2459335274         0.7415812116E-02     0.7068569156E-01     0.2573853371         0.3851969004E-01     0.9810569288E-01
    0.1054075956         0.7507616664E-03     0.2957042753E-01     0.3853705412E-01     0.2166677952         0.1187118530E-01     0.8424709320E-01     0.3015700817         0.2157798245         0.3664092715E-03
    0.5258847692E-01     0.1543676495         0.1657141686E-01     0.1122563887         0.2841835022         0.1249293782E-01     0.7912309768E-02     0.1062202737         0.1001937692         0.3369797468E-01
    0.1050834846         0.2678213332E-01
 

 INTERMEDIATE RESULTS BEFORE NEXT TEMPERATURE REDUCTION

  CURRENT TEMPERATURE:             0.50056    
  MIN FUNCTION VALUE SO FAR:   0.228336236478865612E-01
  TOTAL MOVES:                     840
     DOWNHILL:                     618
     ACCEPTED UPHILL:              206
     REJECTED UPHILL:               16
  TRIALS OUT OF BOUNDS:            403
  NEW MINIMA THIS TEMPERATURE:       0

                         CURRENT OPTIMAL X
    0.9658042965         0.9291099647E-01     0.2202106952         0.6402689075E-01     0.3343532760E-01     0.1990118684         0.1558513423         0.8349069666         0.3890126138E-01     0.2245582404    
    0.9849378894E-01     0.4308519609E-01     0.1128737295         0.6454231194         0.9960517014         0.1934670477E-01     0.1879792563         0.7036744898         0.9633342101E-01     0.2162711541    
    0.2710920036         0.2142415977E-02     0.6967425141E-01     0.1330349814         0.5087317450         0.2854463026E-01     0.2476592020         0.6699454619         0.9231598736         0.1016839336E-02
    0.1290989424         0.4308014023         0.4303964695E-01     0.2337178433         0.8151713744         0.2790309656E-01     0.2302066250E-01     0.2511888841         0.2466009416         0.7722289905E-01
    0.2247877916         0.7560861425E-01

                         STEP LENGTH (VM)
    0.2015473994         0.3533389354E-01     0.9278310300E-01     0.2758762836E-01     0.1437526703E-01     0.9142129420E-01     0.5602917672E-01     0.3029355776         0.1692015421E-01     0.7963885352E-01
    0.3803993216E-01     0.1726472378E-01     0.5443639280E-01     0.2849263191         0.2459335274         0.7415812116E-02     0.7068569156E-01     0.2573853371         0.3851969004E-01     0.9810569288E-01
    0.1054075956         0.7507616664E-03     0.2957042753E-01     0.3853705412E-01     0.2166677952         0.1187118530E-01     0.8424709320E-01     0.3015700817         0.2157798245         0.3664092715E-03
    0.5258847692E-01     0.1543676495         0.1657141686E-01     0.1122563887         0.2841835022         0.1249293782E-01     0.7912309768E-02     0.1062202737         0.1001937692         0.3369797468E-01
    0.1050834846         0.2678213332E-01
 

 INTERMEDIATE RESULTS BEFORE NEXT TEMPERATURE REDUCTION

  CURRENT TEMPERATURE:             0.37542    
  MIN FUNCTION VALUE SO FAR:   0.228336236478865612E-01
  TOTAL MOVES:                     840
     DOWNHILL:                     617
     ACCEPTED UPHILL:              203
     REJECTED UPHILL:               20
  TRIALS OUT OF BOUNDS:            420
  NEW MINIMA THIS TEMPERATURE:       0

                         CURRENT OPTIMAL X
    0.9658042965         0.9291099647E-01     0.2202106952         0.6402689075E-01     0.3343532760E-01     0.1990118684         0.1558513423         0.8349069666         0.3890126138E-01     0.2245582404    
    0.9849378894E-01     0.4308519609E-01     0.1128737295         0.6454231194         0.9960517014         0.1934670477E-01     0.1879792563         0.7036744898         0.9633342101E-01     0.2162711541    
    0.2710920036         0.2142415977E-02     0.6967425141E-01     0.1330349814         0.5087317450         0.2854463026E-01     0.2476592020         0.6699454619         0.9231598736         0.1016839336E-02
    0.1290989424         0.4308014023         0.4303964695E-01     0.2337178433         0.8151713744         0.2790309656E-01     0.2302066250E-01     0.2511888841         0.2466009416         0.7722289905E-01
    0.2247877916         0.7560861425E-01

                         STEP LENGTH (VM)
    0.2015473994         0.3533389354E-01     0.9278310300E-01     0.2758762836E-01     0.1437526703E-01     0.9142129420E-01     0.5602917672E-01     0.3029355776         0.1692015421E-01     0.7963885352E-01
    0.3803993216E-01     0.1726472378E-01     0.5443639280E-01     0.2849263191         0.1553264066         0.7415812116E-02     0.7068569156E-01     0.2573853371         0.3851969004E-01     0.9810569288E-01
    0.1054075956         0.7507616664E-03     0.2957042753E-01     0.3853705412E-01     0.2166677952         0.1187118530E-01     0.8424709320E-01     0.3015700817         0.2157798245         0.3664092715E-03
    0.5258847692E-01     0.1543676495         0.1657141686E-01     0.1122563887         0.2841835022         0.1249293782E-01     0.7912309768E-02     0.1062202737         0.1001937692         0.3369797468E-01
    0.1050834846         0.2678213332E-01
 

 INTERMEDIATE RESULTS BEFORE NEXT TEMPERATURE REDUCTION

  CURRENT TEMPERATURE:             0.28157    
  MIN FUNCTION VALUE SO FAR:   0.225416579729918846E-01
  TOTAL MOVES:                     840
     DOWNHILL:                     604
     ACCEPTED UPHILL:              213
     REJECTED UPHILL:               23
  TRIALS OUT OF BOUNDS:            430
  NEW MINIMA THIS TEMPERATURE:       1

                         CURRENT OPTIMAL X
    0.9991063409         0.7600426094E-01     0.2288518116         0.6606209879E-01     0.3245208381E-01     0.2583268719         0.1239506828         0.9086001664         0.3411656115E-01     0.1631635888    
    0.1126174278         0.4579988537E-01     0.1227607917         0.6783958386         0.9989268586         0.1628838181E-01     0.1517212412         0.7716440855         0.1044826562         0.2097264419    
    0.3156741618         0.1960785588E-02     0.6824194687E-01     0.1063018723         0.4561383651         0.3349969347E-01     0.1742137005         0.7966919181         0.9635552350         0.9047615840E-03
    0.1522981176         0.3262179440         0.3979029441E-01     0.2477347635         0.7855971743         0.2689581401E-01     0.2182633271E-01     0.2568189039         0.2716494795         0.9895596100E-01
    0.2144644195         0.8016576776E-01

                         STEP LENGTH (VM)
    0.2015473994         0.3533389354E-01     0.9278310300E-01     0.2758762836E-01     0.1437526703E-01     0.9142129420E-01     0.5602917672E-01     0.3029355776         0.1692015421E-01     0.7963885352E-01
    0.3803993216E-01     0.1726472378E-01     0.5443639280E-01     0.2849263191         0.1007522511         0.7415812116E-02     0.7068569156E-01     0.2573853371         0.3851969004E-01     0.9810569288E-01
    0.1054075956         0.7507616664E-03     0.2957042753E-01     0.3853705412E-01     0.2166677952         0.1187118530E-01     0.8424709320E-01     0.3015700817         0.2157798245         0.3664092715E-03
    0.5258847692E-01     0.1543676495         0.1657141686E-01     0.1122563887         0.2841835022         0.1249293782E-01     0.7912309768E-02     0.1062202737         0.1001937692         0.3369797468E-01
    0.1050834846         0.2678213332E-01
 

 INTERMEDIATE RESULTS BEFORE NEXT TEMPERATURE REDUCTION

  CURRENT TEMPERATURE:             0.21118    
  MIN FUNCTION VALUE SO FAR:   0.225416579729918846E-01
  TOTAL MOVES:                     840
     DOWNHILL:                     602
     ACCEPTED UPHILL:              210
     REJECTED UPHILL:               28
  TRIALS OUT OF BOUNDS:            434
  NEW MINIMA THIS TEMPERATURE:       0

                         CURRENT OPTIMAL X
    0.9991063409         0.7600426094E-01     0.2288518116         0.6606209879E-01     0.3245208381E-01     0.2583268719         0.1239506828         0.9086001664         0.3411656115E-01     0.1631635888    
    0.1126174278         0.4579988537E-01     0.1227607917         0.6783958386         0.9989268586         0.1628838181E-01     0.1517212412         0.7716440855         0.1044826562         0.2097264419    
    0.3156741618         0.1960785588E-02     0.6824194687E-01     0.1063018723         0.4561383651         0.3349969347E-01     0.1742137005         0.7966919181         0.9635552350         0.9047615840E-03
    0.1522981176         0.3262179440         0.3979029441E-01     0.2477347635         0.7855971743         0.2689581401E-01     0.2182633271E-01     0.2568189039         0.2716494795         0.9895596100E-01
    0.2144644195         0.8016576776E-01

                         STEP LENGTH (VM)
    0.2015473994         0.3533389354E-01     0.9278310300E-01     0.2758762836E-01     0.1437526703E-01     0.9142129420E-01     0.5602917672E-01     0.3029355776         0.1692015421E-01     0.7963885352E-01
    0.3803993216E-01     0.1726472378E-01     0.5443639280E-01     0.2849263191         0.5117574475E-01     0.7415812116E-02     0.7068569156E-01     0.2573853371         0.3851969004E-01     0.9810569288E-01
    0.1054075956         0.7507616664E-03     0.2957042753E-01     0.3853705412E-01     0.2166677952         0.1187118530E-01     0.8424709320E-01     0.3015700817         0.2157798245         0.3664092715E-03
    0.5258847692E-01     0.1543676495         0.1657141686E-01     0.1122563887         0.2841835022         0.1249293782E-01     0.7912309768E-02     0.1062202737         0.1001937692         0.3369797468E-01
    0.1050834846         0.2678213332E-01
 

 INTERMEDIATE RESULTS BEFORE NEXT TEMPERATURE REDUCTION

  CURRENT TEMPERATURE:             0.15838    
  MIN FUNCTION VALUE SO FAR:   0.225416579729918846E-01
  TOTAL MOVES:                     840
     DOWNHILL:                     619
     ACCEPTED UPHILL:              193
     REJECTED UPHILL:               28
  TRIALS OUT OF BOUNDS:            424
  NEW MINIMA THIS TEMPERATURE:       0

                         CURRENT OPTIMAL X
    0.9991063409         0.7600426094E-01     0.2288518116         0.6606209879E-01     0.3245208381E-01     0.2583268719         0.1239506828         0.9086001664         0.3411656115E-01     0.1631635888    
    0.1126174278         0.4579988537E-01     0.1227607917         0.6783958386         0.9989268586         0.1628838181E-01     0.1517212412         0.7716440855         0.1044826562         0.2097264419    
    0.3156741618         0.1960785588E-02     0.6824194687E-01     0.1063018723         0.4561383651         0.3349969347E-01     0.1742137005         0.7966919181         0.9635552350         0.9047615840E-03
    0.1522981176         0.3262179440         0.3979029441E-01     0.2477347635         0.7855971743         0.2689581401E-01     0.2182633271E-01     0.2568189039         0.2716494795         0.9895596100E-01
    0.2144644195         0.8016576776E-01

                         STEP LENGTH (VM)
    0.2015473994         0.3533389354E-01     0.9278310300E-01     0.2758762836E-01     0.1437526703E-01     0.9142129420E-01     0.5602917672E-01     0.3029355776         0.1692015421E-01     0.7963885352E-01
    0.3803993216E-01     0.1726472378E-01     0.5443639280E-01     0.2849263191         0.8635904264E-01     0.7415812116E-02     0.7068569156E-01     0.2573853371         0.3851969004E-01     0.9810569288E-01
    0.1054075956         0.7507616664E-03     0.2957042753E-01     0.3853705412E-01     0.2166677952         0.1187118530E-01     0.8424709320E-01     0.3015700817         0.2157798245         0.3664092715E-03
    0.5258847692E-01     0.1543676495         0.1657141686E-01     0.1122563887         0.2841835022         0.1249293782E-01     0.7912309768E-02     0.1062202737         0.1001937692         0.3369797468E-01
    0.1050834846         0.2678213332E-01
 

 INTERMEDIATE RESULTS BEFORE NEXT TEMPERATURE REDUCTION

  CURRENT TEMPERATURE:             0.11879    
  MIN FUNCTION VALUE SO FAR:   0.225416579729918846E-01
  TOTAL MOVES:                     840
     DOWNHILL:                     608
     ACCEPTED UPHILL:              195
     REJECTED UPHILL:               37
  TRIALS OUT OF BOUNDS:            430
  NEW MINIMA THIS TEMPERATURE:       0

                         CURRENT OPTIMAL X
    0.9991063409         0.7600426094E-01     0.2288518116         0.6606209879E-01     0.3245208381E-01     0.2583268719         0.1239506828         0.9086001664         0.3411656115E-01     0.1631635888    
    0.1126174278         0.4579988537E-01     0.1227607917         0.6783958386         0.9989268586         0.1628838181E-01     0.1517212412         0.7716440855         0.1044826562         0.2097264419    
    0.3156741618         0.1960785588E-02     0.6824194687E-01     0.1063018723         0.4561383651         0.3349969347E-01     0.1742137005         0.7966919181         0.9635552350         0.9047615840E-03
    0.1522981176         0.3262179440         0.3979029441E-01     0.2477347635         0.7855971743         0.2689581401E-01     0.2182633271E-01     0.2568189039         0.2716494795         0.9895596100E-01
    0.2144644195         0.8016576776E-01

                         STEP LENGTH (VM)
    0.2015473994         0.3533389354E-01     0.9278310300E-01     0.2758762836E-01     0.1437526703E-01     0.9142129420E-01     0.5602917672E-01     0.3029355776         0.1692015421E-01     0.7963885352E-01
    0.3803993216E-01     0.1726472378E-01     0.5443639280E-01     0.2849263191         0.3633514036E-01     0.7415812116E-02     0.7068569156E-01     0.2573853371         0.3851969004E-01     0.9810569288E-01
    0.1054075956         0.7507616664E-03     0.2957042753E-01     0.3853705412E-01     0.2166677952         0.1187118530E-01     0.8424709320E-01     0.3015700817         0.2157798245         0.3664092715E-03
    0.5258847692E-01     0.1543676495         0.1657141686E-01     0.1122563887         0.2841835022         0.1249293782E-01     0.7912309768E-02     0.1062202737         0.1001937692         0.3369797468E-01
    0.1050834846         0.2678213332E-01
 

 INTERMEDIATE RESULTS BEFORE NEXT TEMPERATURE REDUCTION

  CURRENT TEMPERATURE:             0.89090E-01
  MIN FUNCTION VALUE SO FAR:   0.215716307179450693E-01
  TOTAL MOVES:                     840
     DOWNHILL:                     598
     ACCEPTED UPHILL:              200
     REJECTED UPHILL:               42
  TRIALS OUT OF BOUNDS:            424
  NEW MINIMA THIS TEMPERATURE:       0

                         CURRENT OPTIMAL X
    0.9632685104         0.7103507835E-01     0.2030568373         0.7462000079E-01     0.3766214321E-01     0.2439641650         0.1310725216         0.9086001664         0.4130599713E-01     0.1762494743    
    0.1128615042         0.4268578380E-01     0.1610711956         0.8419301125         0.9989268586         0.2092118513E-01     0.1922098818         0.6013438033         0.8979042492E-01     0.2930602461    
    0.2416789195         0.1673830784E-02     0.8811517215E-01     0.1338776128         0.4681650486         0.3096087395E-01     0.2287549792         0.6792158768         0.9844663291         0.7514343929E-03
    0.1522981176         0.3779589179         0.4291041488E-01     0.2931276731         0.7929370669         0.3074160709E-01     0.2038099346E-01     0.3123054649         0.2559250471         0.7269638754E-01
    0.2715088907         0.7369520336E-01

                         STEP LENGTH (VM)
    0.2015473994         0.3533389354E-01     0.9278310300E-01     0.2758762836E-01     0.1437526703E-01     0.9142129420E-01     0.5602917672E-01     0.3029355776         0.1692015421E-01     0.7963885352E-01
    0.3803993216E-01     0.1726472378E-01     0.5443639280E-01     0.2849263191         0.3633513760E-01     0.7415812116E-02     0.7068569156E-01     0.2573853371         0.3851969004E-01     0.9810569288E-01
    0.1054075956         0.7507616664E-03     0.2957042753E-01     0.3853705412E-01     0.2166677952         0.1187118530E-01     0.8424709320E-01     0.3015700817         0.2157798245         0.3664092715E-03
    0.5258847692E-01     0.1543676495         0.1657141686E-01     0.1122563887         0.2841835022         0.1249293782E-01     0.7912309768E-02     0.1062202737         0.1001937692         0.3369797468E-01
    0.1050834846         0.2678213332E-01
 

 INTERMEDIATE RESULTS BEFORE NEXT TEMPERATURE REDUCTION

  CURRENT TEMPERATURE:             0.66817E-01
  MIN FUNCTION VALUE SO FAR:   0.210946421486615104E-01
  TOTAL MOVES:                     840
     DOWNHILL:                     587
     ACCEPTED UPHILL:              208
     REJECTED UPHILL:               45
  TRIALS OUT OF BOUNDS:            426
  NEW MINIMA THIS TEMPERATURE:       0

                         CURRENT OPTIMAL X
    0.9660654506         0.7655489985E-01     0.2159741783         0.7462000079E-01     0.3766214321E-01     0.2439641650         0.1310725216         0.9086001664         0.4130599713E-01     0.1762494743    
    0.1128615042         0.4268578380E-01     0.1610711956         0.8419301125         0.9989268586         0.2092118513E-01     0.1922098818         0.6013438033         0.8979042492E-01     0.2930602461    
    0.2416789195         0.1673830784E-02     0.8811517215E-01     0.1338776128         0.4681650486         0.3096087395E-01     0.2287549792         0.6792158768         0.9844663291         0.7514343929E-03
    0.1522981176         0.3779589179         0.4291041488E-01     0.2931276731         0.7929370669         0.3074160709E-01     0.2038099346E-01     0.3123054649         0.2559250471         0.7269638754E-01
    0.2715088907         0.7369520336E-01

                         STEP LENGTH (VM)
    0.2015473994         0.3533389354E-01     0.9278310300E-01     0.2758762836E-01     0.1437526703E-01     0.9142129420E-01     0.5602917672E-01     0.3029355776         0.1692015421E-01     0.7963885352E-01
    0.3803993216E-01     0.1726472378E-01     0.5443639280E-01     0.2849263191         0.2422342401E-01     0.7415812116E-02     0.7068569156E-01     0.2573853371         0.3851969004E-01     0.9810569288E-01
    0.1054075956         0.7507616664E-03     0.2957042753E-01     0.3853705412E-01     0.2166677952         0.1187118530E-01     0.8424709320E-01     0.3015700817         0.2157798245         0.3664092715E-03
    0.5258847692E-01     0.1543676495         0.1657141686E-01     0.1122563887         0.2841835022         0.1249293782E-01     0.7912309768E-02     0.1062202737         0.1001937692         0.3369797468E-01
    0.1050834846         0.2678213332E-01
 

 INTERMEDIATE RESULTS BEFORE NEXT TEMPERATURE REDUCTION

  CURRENT TEMPERATURE:             0.50113E-01
  MIN FUNCTION VALUE SO FAR:   0.204559753103205483E-01
  TOTAL MOVES:                     840
     DOWNHILL:                     579
     ACCEPTED UPHILL:              193
     REJECTED UPHILL:               68
  TRIALS OUT OF BOUNDS:            440
  NEW MINIMA THIS TEMPERATURE:       2

                         CURRENT OPTIMAL X
    0.9954899109         0.7281789536E-01     0.2684942632         0.7094500504E-01     0.3345712370E-01     0.2526888167         0.1153546614         0.8652134238         0.3910112681E-01     0.2279938600    
    0.9851207743E-01     0.4800078773E-01     0.1278764391         0.8527870123         0.9997859511         0.2110848800E-01     0.2018758203         0.6711816854         0.9059363863E-01     0.2316308507    
    0.2884415236         0.1752646275E-02     0.7543550717E-01     0.1290650567         0.6127216752         0.2980861325E-01     0.2127655166         0.7577687578         0.9594526930         0.9265606785E-03
    0.1112784394         0.3809790453         0.3853700393E-01     0.2885791767         0.9903656986         0.3001691954E-01     0.1979363193E-01     0.2337494136         0.2971346790         0.1002575915    
    0.2276372354         0.5406725088E-01

                         STEP LENGTH (VM)
    0.2015473994         0.3533389354E-01     0.9278310300E-01     0.2758762836E-01     0.1437526703E-01     0.9142129420E-01     0.5602917672E-01     0.3029355776         0.1692015421E-01     0.7963885352E-01
    0.3803993216E-01     0.1726472378E-01     0.5443639280E-01     0.2849263191         0.2043851143E-01     0.7415812116E-02     0.7068569156E-01     0.2573853371         0.3851969004E-01     0.9810569288E-01
    0.1054075956         0.7507616664E-03     0.2957042753E-01     0.3853705412E-01     0.2166677952         0.1187118530E-01     0.8424709320E-01     0.3015700817         0.2157798245         0.3664092715E-03
    0.5258847692E-01     0.1543676495         0.1657141686E-01     0.1122563887         0.2841835022         0.1249293782E-01     0.7912309768E-02     0.1062202737         0.1001937692         0.3369797468E-01
    0.1050834846         0.2678213332E-01
 

 INTERMEDIATE RESULTS BEFORE NEXT TEMPERATURE REDUCTION

  CURRENT TEMPERATURE:             0.37585E-01
  MIN FUNCTION VALUE SO FAR:   0.168878641942148550E-01
  TOTAL MOVES:                     840
     DOWNHILL:                     598
     ACCEPTED UPHILL:              178
     REJECTED UPHILL:               64
  TRIALS OUT OF BOUNDS:            429
  NEW MINIMA THIS TEMPERATURE:       0

                         CURRENT OPTIMAL X
    0.9954899109         0.7730649728E-01     0.1946333936         0.7403975215E-01     0.3409212241E-01     0.2500631080         0.1184999360         0.8652134238         0.4674457519E-01     0.1613931198    
    0.1013980778         0.4720814984E-01     0.1393334570         0.7610513273         0.9997859511         0.2070055154E-01     0.2021693157         0.7417518259         0.9539847244E-01     0.2851124891    
    0.2747045217         0.2018119378E-02     0.6672198619E-01     0.1295680831         0.4661800397         0.3098668993E-01     0.2190304329         0.8163420198         0.9594526930         0.1039190385E-02
    0.1559442259         0.3506825873         0.3630211287E-01     0.2911204996         0.8678976862         0.2750099474E-01     0.2189913757E-01     0.2319696439         0.2971346790         0.1006292487    
    0.2138915255         0.6173775497E-01

                         STEP LENGTH (VM)
    0.2015473994         0.3533389354E-01     0.9278310300E-01     0.2758762836E-01     0.1437526703E-01     0.9142129420E-01     0.5602917672E-01     0.1925402769         0.1692015421E-01     0.7963885352E-01
    0.3803993216E-01     0.1726472378E-01     0.5443639280E-01     0.2849263191         0.1960428079E-01     0.7415812116E-02     0.7068569156E-01     0.2573853371         0.3851969004E-01     0.9810569288E-01
    0.1054075956         0.7507616664E-03     0.2957042753E-01     0.3853705412E-01     0.2166677952         0.1187118530E-01     0.8424709320E-01     0.3015700817         0.1918042837         0.3664092715E-03
    0.5258847692E-01     0.1543676495         0.1657141686E-01     0.1122563887         0.2841835022         0.1249293782E-01     0.7912309768E-02     0.1062202737         0.1001937692         0.3369797468E-01
    0.1050834846         0.2678213332E-01
 

 INTERMEDIATE RESULTS BEFORE NEXT TEMPERATURE REDUCTION

  CURRENT TEMPERATURE:             0.28189E-01
  MIN FUNCTION VALUE SO FAR:   0.159254724693824734E-01
  TOTAL MOVES:                     840
     DOWNHILL:                     563
     ACCEPTED UPHILL:              185
     REJECTED UPHILL:               92
  TRIALS OUT OF BOUNDS:            421
  NEW MINIMA THIS TEMPERATURE:       0

                         CURRENT OPTIMAL X
    0.9954899109         0.9015704167E-01     0.2540451829         0.7786037325E-01     0.3740929017E-01     0.2715138301         0.1512298280         0.8652134238         0.3727555674E-01     0.1772062105    
    0.1013980778         0.4720814984E-01     0.1393334570         0.7610513273         0.9997859511         0.2070055154E-01     0.2021693157         0.7417518259         0.9539847244E-01     0.2851124891    
    0.2747045217         0.2018119378E-02     0.6672198619E-01     0.1295680831         0.4661800397         0.3098668993E-01     0.2190304329         0.8163420198         0.9594526930         0.1039190385E-02
    0.1559442259         0.3506825873         0.3630211287E-01     0.2911204996         0.8678976862         0.2750099474E-01     0.2189913757E-01     0.2319696439         0.2971346790         0.1006292487    
    0.2138915255         0.6173775497E-01

                         STEP LENGTH (VM)
    0.2015473994         0.3533389354E-01     0.9278310300E-01     0.2758762836E-01     0.1437526703E-01     0.9142129420E-01     0.5602917672E-01     0.8101036987E-01     0.1692015421E-01     0.7963885352E-01
    0.3803993216E-01     0.1726472378E-01     0.5443639280E-01     0.2849263191         0.1470320837E-01     0.7415812116E-02     0.7068569156E-01     0.2573853371         0.3851969004E-01     0.9810569288E-01
    0.1054075956         0.7507616664E-03     0.2957042753E-01     0.3853705412E-01     0.2166677952         0.1187118530E-01     0.8424709320E-01     0.3015700817         0.1347102688         0.3664092715E-03
    0.5258847692E-01     0.1543676495         0.1657141686E-01     0.1122563887         0.2841835022         0.1249293782E-01     0.7912309768E-02     0.1062202737         0.1001937692         0.3369797468E-01
    0.1050834846         0.2678213332E-01
 

 INTERMEDIATE RESULTS BEFORE NEXT TEMPERATURE REDUCTION

  CURRENT TEMPERATURE:             0.21141E-01
  MIN FUNCTION VALUE SO FAR:   0.154047011002926733E-01
  TOTAL MOVES:                     840
     DOWNHILL:                     573
     ACCEPTED UPHILL:              170
     REJECTED UPHILL:               97
  TRIALS OUT OF BOUNDS:            410
  NEW MINIMA THIS TEMPERATURE:       1

                         CURRENT OPTIMAL X
    0.9954899109         0.9131652266E-01     0.2508680123         0.6449154482E-01     0.3640152127E-01     0.2713204894         0.1362499624         0.8652134238         0.3727555674E-01     0.1677293422    
    0.1077599994         0.4720814984E-01     0.1393334570         0.7610513273         0.9997859511         0.2070055154E-01     0.2021693157         0.7417518259         0.9539847244E-01     0.2851124891    
    0.2747045217         0.2018119378E-02     0.6672198619E-01     0.1295680831         0.4661800397         0.3098668993E-01     0.2190304329         0.8163420198         0.9594526930         0.1039190385E-02
    0.1559442259         0.3506825873         0.3630211287E-01     0.2911204996         0.8678976862         0.2750099474E-01     0.2189913757E-01     0.2319696439         0.2971346790         0.1006292487    
    0.2138915255         0.6173775497E-01

                         STEP LENGTH (VM)
    0.2015473994         0.3533389354E-01     0.9278310300E-01     0.2758762836E-01     0.1437526703E-01     0.9142129420E-01     0.5602917672E-01     0.6205048312E-01     0.1692015421E-01     0.7963885352E-01
    0.3803993216E-01     0.1726472378E-01     0.5443639280E-01     0.2849263191         0.9286234963E-02     0.7415812116E-02     0.7068569156E-01     0.2573853371         0.3851969004E-01     0.9810569288E-01
    0.1054075956         0.7507616664E-03     0.2957042753E-01     0.3853705412E-01     0.2166677952         0.1187118530E-01     0.8424709320E-01     0.3015700817         0.4585881254E-01     0.3664092715E-03
    0.5258847692E-01     0.1543676495         0.1657141686E-01     0.1122563887         0.2841835022         0.1249293782E-01     0.7912309768E-02     0.1062202737         0.1001937692         0.3369797468E-01
    0.1050834846         0.2678213332E-01
 

 INTERMEDIATE RESULTS BEFORE NEXT TEMPERATURE REDUCTION

  CURRENT TEMPERATURE:             0.15856E-01
  MIN FUNCTION VALUE SO FAR:   0.154047011002926733E-01
  TOTAL MOVES:                     840
     DOWNHILL:                     567
     ACCEPTED UPHILL:              149
     REJECTED UPHILL:              124
  TRIALS OUT OF BOUNDS:            393
  NEW MINIMA THIS TEMPERATURE:       0

                         CURRENT OPTIMAL X
    0.9954899109         0.9131652266E-01     0.2508680123         0.6449154482E-01     0.3640152127E-01     0.2713204894         0.1362499624         0.8652134238         0.3727555674E-01     0.1677293422    
    0.1077599994         0.4720814984E-01     0.1393334570         0.7610513273         0.9997859511         0.2070055154E-01     0.2021693157         0.7417518259         0.9539847244E-01     0.2851124891    
    0.2747045217         0.2018119378E-02     0.6672198619E-01     0.1295680831         0.4661800397         0.3098668993E-01     0.2190304329         0.8163420198         0.9594526930         0.1039190385E-02
    0.1559442259         0.3506825873         0.3630211287E-01     0.2911204996         0.8678976862         0.2750099474E-01     0.2189913757E-01     0.2319696439         0.2971346790         0.1006292487    
    0.2138915255         0.6173775497E-01

                         STEP LENGTH (VM)
    0.2015473994         0.3533389354E-01     0.9278310300E-01     0.2758762836E-01     0.1437526703E-01     0.9142129420E-01     0.5602917672E-01     0.4224713318E-01     0.1692015421E-01     0.7963885352E-01
    0.3803993216E-01     0.1726472378E-01     0.5443639280E-01     0.2849263191         0.6951098533E-02     0.7415812116E-02     0.7068569156E-01     0.2573853371         0.3851969004E-01     0.9810569288E-01
    0.1054075956         0.7507616664E-03     0.2957042753E-01     0.3853705412E-01     0.2166677952         0.1187118530E-01     0.8424709320E-01     0.3015700817         0.2644111611E-01     0.3664092715E-03
    0.5258847692E-01     0.1543676495         0.1657141686E-01     0.1122563887         0.2841835022         0.1249293782E-01     0.7912309768E-02     0.1062202737         0.1001937692         0.3369797468E-01
    0.1050834846         0.2678213332E-01
 

 INTERMEDIATE RESULTS BEFORE NEXT TEMPERATURE REDUCTION

  CURRENT TEMPERATURE:             0.11892E-01
  MIN FUNCTION VALUE SO FAR:   0.154047011002148935E-01
  TOTAL MOVES:                     840
     DOWNHILL:                     551
     ACCEPTED UPHILL:              125
     REJECTED UPHILL:              164
  TRIALS OUT OF BOUNDS:            379
  NEW MINIMA THIS TEMPERATURE:       0

                         CURRENT OPTIMAL X
    0.9954899109         0.8902517539E-01     0.2508680123         0.6449154482E-01     0.3640152127E-01     0.2713204894         0.1362499624         0.8652134238         0.3727555674E-01     0.1677293422    
    0.1077599994         0.4720814984E-01     0.1393334570         0.7610513273         0.9997859511         0.2070055154E-01     0.2021693157         0.7417518259         0.9539847244E-01     0.2851124891    
    0.2747045217         0.2018119378E-02     0.6672198619E-01     0.1295680831         0.4661800397         0.3098668993E-01     0.2190304329         0.8163420198         0.9594526930         0.1039190385E-02
    0.1559442259         0.3506825873         0.3630211287E-01     0.2911204996         0.8678976862         0.2750099474E-01     0.2189913757E-01     0.2319696439         0.2971346790         0.1006292487    
    0.2138915255         0.6173775497E-01

                         STEP LENGTH (VM)
    0.1023732786         0.3533389354E-01     0.9278310300E-01     0.2758762836E-01     0.1437526703E-01     0.9142129420E-01     0.5602917672E-01     0.2145886053E-01     0.1692015421E-01     0.7963885352E-01
    0.3803993216E-01     0.1726472378E-01     0.5443639280E-01     0.2849263191         0.5296074523E-02     0.7415812116E-02     0.7068569156E-01     0.2573853371         0.3851969004E-01     0.9810569288E-01
    0.1054075956         0.7507616664E-03     0.2957042753E-01     0.3853705412E-01     0.2166677952         0.1187118530E-01     0.8424709320E-01     0.3015700817         0.1133190657E-01     0.3664092715E-03
    0.5258847692E-01     0.1543676495         0.1657141686E-01     0.1122563887         0.2841835022         0.1249293782E-01     0.7912309768E-02     0.1062202737         0.1001937692         0.3369797468E-01
    0.1050834846         0.2678213332E-01
 

 INTERMEDIATE RESULTS BEFORE NEXT TEMPERATURE REDUCTION

  CURRENT TEMPERATURE:             0.89190E-02
  MIN FUNCTION VALUE SO FAR:   0.154047011002148935E-01
  TOTAL MOVES:                     840
     DOWNHILL:                     540
     ACCEPTED UPHILL:              131
     REJECTED UPHILL:              169
  TRIALS OUT OF BOUNDS:            376
  NEW MINIMA THIS TEMPERATURE:       0

                         CURRENT OPTIMAL X
    0.9954899109         0.8902517539E-01     0.2508680123         0.6449154482E-01     0.3640152127E-01     0.2713204894         0.1362499624         0.8652134238         0.3727555674E-01     0.1677293422    
    0.1077599994         0.4720814984E-01     0.1393334570         0.7610513273         0.9997859511         0.2070055154E-01     0.2021693157         0.7417518259         0.9539847244E-01     0.2851124891    
    0.2747045217         0.2018119378E-02     0.6672198619E-01     0.1295680831         0.4661800397         0.3098668993E-01     0.2190304329         0.8163420198         0.9594526930         0.1039190385E-02
    0.1559442259         0.3506825873         0.3630211287E-01     0.2911204996         0.8678976862         0.2750099474E-01     0.2189913757E-01     0.2319696439         0.2971346790         0.1006292487    
    0.2138915255         0.6173775497E-01

                         STEP LENGTH (VM)
    0.3899934213E-01     0.3533389354E-01     0.9278310300E-01     0.2758762836E-01     0.1437526703E-01     0.9142129420E-01     0.5602917672E-01     0.1232742910E-01     0.1692015421E-01     0.7963885352E-01
    0.3803993216E-01     0.1726472378E-01     0.5443639280E-01     0.2849263191         0.1446438535E-02     0.6591832828E-02     0.6283172427E-01     0.1286926606         0.3851969004E-01     0.9810569288E-01
    0.1054075956         0.7507616664E-03     0.2957042753E-01     0.3853705412E-01     0.2166677952         0.1187118530E-01     0.8424709320E-01     0.3015700817         0.1552890734E-01     0.3664092715E-03
    0.4674531166E-01     0.1543676495         0.1657141686E-01     0.1122563887         0.2841835022         0.1249293782E-01     0.7912309768E-02     0.1062202737         0.1001937692         0.3369797468E-01
    0.1050834846         0.2678213332E-01
 

 INTERMEDIATE RESULTS BEFORE NEXT TEMPERATURE REDUCTION

  CURRENT TEMPERATURE:             0.66893E-02
  MIN FUNCTION VALUE SO FAR:   0.154047011001150272E-01
  TOTAL MOVES:                     840
     DOWNHILL:                     525
     ACCEPTED UPHILL:              112
     REJECTED UPHILL:              203
  TRIALS OUT OF BOUNDS:            374
  NEW MINIMA THIS TEMPERATURE:       0

                         CURRENT OPTIMAL X
    0.9954899109         0.8840382749E-01     0.2614910680         0.6449154482E-01     0.3640152127E-01     0.2713204894         0.1362499624         0.8652134238         0.3727555674E-01     0.1677293422    
    0.1077599994         0.4720814984E-01     0.1393334570         0.7610513273         0.9997859511         0.2070055154E-01     0.2021693157         0.7417518259         0.9539847244E-01     0.2851124891    
    0.2747045217         0.2018119378E-02     0.6672198619E-01     0.1295680831         0.4661800397         0.3098668993E-01     0.2190304329         0.8163420198         0.9594526930         0.1039190385E-02
    0.1559442259         0.3506825873         0.3630211287E-01     0.2911204996         0.8678976862         0.2750099474E-01     0.2189913757E-01     0.2319696439         0.2971346790         0.1006292487    
    0.2138915255         0.6173775497E-01

                         STEP LENGTH (VM)
    0.9636902417E-02     0.3533389354E-01     0.9278310300E-01     0.2758762836E-01     0.1437526703E-01     0.9142129420E-01     0.5602917672E-01     0.5689582627E-02     0.9668659447E-02     0.7079009026E-01
    0.3803993216E-01     0.1726472378E-01     0.5443639280E-01     0.2849263191         0.4258634245E-03     0.1848987308E-02     0.8922847927E-02     0.4695542780E-01     0.3851969004E-01     0.9810569288E-01
    0.1054075956         0.7507616664E-03     0.2957042753E-01     0.3853705412E-01     0.2166677952         0.1187118530E-01     0.8424709320E-01     0.3015700817         0.2800161780E-02     0.2318683335E-03
    0.2157475624E-01     0.8821008448E-01     0.1657141686E-01     0.1122563887         0.2841835022         0.5128012513E-02     0.7912309768E-02     0.7966520381E-01     0.7311436319E-01     0.3369797468E-01
    0.1050834846         0.2678213332E-01
 

 INTERMEDIATE RESULTS BEFORE NEXT TEMPERATURE REDUCTION

  CURRENT TEMPERATURE:             0.50170E-02
  MIN FUNCTION VALUE SO FAR:   0.154047011001150272E-01
  TOTAL MOVES:                     840
     DOWNHILL:                     523
     ACCEPTED UPHILL:              111
     REJECTED UPHILL:              206
  TRIALS OUT OF BOUNDS:            319
  NEW MINIMA THIS TEMPERATURE:       0

                         CURRENT OPTIMAL X
    0.9954899109         0.8840382749E-01     0.2614910680         0.6449154482E-01     0.3640152127E-01     0.2713204894         0.1362499624         0.8652134238         0.3727555674E-01     0.1677293422    
    0.1077599994         0.4720814984E-01     0.1393334570         0.7610513273         0.9997859511         0.2070055154E-01     0.2021693157         0.7417518259         0.9539847244E-01     0.2851124891    
    0.2747045217         0.2018119378E-02     0.6672198619E-01     0.1295680831         0.4661800397         0.3098668993E-01     0.2190304329         0.8163420198         0.9594526930         0.1039190385E-02
    0.1559442259         0.3506825873         0.3630211287E-01     0.2911204996         0.8678976862         0.2750099474E-01     0.2189913757E-01     0.2319696439         0.2971346790         0.1006292487    
    0.2138915255         0.6173775497E-01

                         STEP LENGTH (VM)
    0.2259200473E-02     0.3533389354E-01     0.9278310300E-01     0.2758762836E-01     0.1437526703E-01     0.9142129420E-01     0.5602917672E-01     0.8553899586E-03     0.5574722347E-02     0.3614813091E-01
    0.1949593738E-01     0.1726472378E-01     0.5443639280E-01     0.2849263191         0.2163115730E-03     0.5310920751E-03     0.5948564238E-02     0.3130361717E-01     0.3851969004E-01     0.9810569288E-01
    0.1054075956         0.7507616664E-03     0.2957042753E-01     0.3853705412E-01     0.2166677952         0.1187118530E-01     0.8424709320E-01     0.3015700817         0.8615881977E-03     0.1128008072E-03
    0.8292998714E-02     0.4410503950E-01     0.1657141686E-01     0.1122563887         0.2841835022         0.3418674860E-02     0.4018950851E-02     0.1920500321E-01     0.4742553221E-01     0.3369797468E-01
    0.1050834846         0.2678213332E-01
 

 INTERMEDIATE RESULTS BEFORE NEXT TEMPERATURE REDUCTION

  CURRENT TEMPERATURE:             0.37627E-02
  MIN FUNCTION VALUE SO FAR:   0.152478499137890348E-01
  TOTAL MOVES:                     840
     DOWNHILL:                     496
     ACCEPTED UPHILL:              107
     REJECTED UPHILL:              237
  TRIALS OUT OF BOUNDS:            296
  NEW MINIMA THIS TEMPERATURE:       0

                         CURRENT OPTIMAL X
    0.9954899109         0.9189755418E-01     0.2277080121         0.5598278096E-01     0.3138131629E-01     0.1934109327         0.1616390180         0.8652134238         0.3727555674E-01     0.1677293422    
    0.1113308603         0.3592160933E-01     0.1226646783         0.7817543366         0.9997859511         0.2069758896E-01     0.1977255178         0.7720975614         0.9521138675E-01     0.2497849653    
    0.2826699839         0.1812275369E-02     0.7524766679E-01     0.1070984009         0.5321299643         0.3079626589E-01     0.2266459065         0.6444334324         0.9594526930         0.1039190385E-02
    0.1574306026         0.3506825873         0.3630211287E-01     0.2911204996         0.8678976862         0.2750099474E-01     0.2189913757E-01     0.2319696439         0.2971346790         0.1006292487    
    0.2138915255         0.6173775497E-01

                         STEP LENGTH (VM)
    0.4866894326E-03     0.3533389354E-01     0.9278310300E-01     0.2758762836E-01     0.1437526703E-01     0.9142129420E-01     0.5602917672E-01     0.4367948690E-03     0.2034020211E-02     0.1807406433E-01
    0.5570267418E-02     0.1726472378E-01     0.5443639280E-01     0.2849263191         0.3588578978E-04     0.3730029111E-03     0.1218482530E-02     0.1192518685E-01     0.3851969004E-01     0.9810569288E-01
    0.1054075956         0.5630712393E-03     0.2957042753E-01     0.3853705412E-01     0.2166677952         0.1187118530E-01     0.8424709320E-01     0.3015700817         0.2461680386E-03     0.6345045170E-04
    0.1962696426E-02     0.1150045376E-01     0.1657141686E-01     0.1122563887         0.2841835022         0.3573300695E-03     0.7182238638E-03     0.2595904262E-02     0.7533674870E-02     0.3369797468E-01
    0.1050834846         0.2678213332E-01
 

 INTERMEDIATE RESULTS BEFORE NEXT TEMPERATURE REDUCTION

  CURRENT TEMPERATURE:             0.28220E-02
  MIN FUNCTION VALUE SO FAR:   0.152005095623485281E-01
  TOTAL MOVES:                     840
     DOWNHILL:                     518
     ACCEPTED UPHILL:              161
     REJECTED UPHILL:              161
  TRIALS OUT OF BOUNDS:            258
  NEW MINIMA THIS TEMPERATURE:       0

                         CURRENT OPTIMAL X
    0.9959008416         0.9189755418E-01     0.2277080121         0.5598278096E-01     0.3138131629E-01     0.1934109327         0.1616390180         0.8652134238         0.3727555674E-01     0.1677293422    
    0.1113308603         0.3592160933E-01     0.1226646783         0.7817543366         0.9997859511         0.2069758896E-01     0.1977255178         0.7720975614         0.9521138675E-01     0.2497849653    
    0.2826699839         0.1812275369E-02     0.7524766679E-01     0.1070984009         0.5321299643         0.3079626589E-01     0.2266459065         0.6444334324         0.9594526930         0.1039190385E-02
    0.1574306026         0.3506825873         0.3630211287E-01     0.2911204996         0.8678976862         0.2750099474E-01     0.2189913757E-01     0.2319696439         0.2971346790         0.1006292487    
    0.2138915255         0.6173775497E-01

                         STEP LENGTH (VM)
    0.7300340024E-03     0.3533389354E-01     0.9278310300E-01     0.2758762836E-01     0.1437526703E-01     0.9142129420E-01     0.5602917672E-01     0.2822902380E-03     0.9552516142E-02     0.1343451362E-01
    0.1802448852E-01     0.1726472378E-01     0.5443639280E-01     0.2849263191         0.9923968661E-04     0.9739517945E-03     0.4504905479E-02     0.1590024765E-01     0.3851969004E-01     0.9810569288E-01
    0.1054075956         0.7507616664E-03     0.2957042753E-01     0.3853705412E-01     0.2166677952         0.1187118530E-01     0.8424709320E-01     0.3015700817         0.3849648079E-03     0.9781941440E-04
    0.2208032995E-02     0.1329739655E-01     0.1657141686E-01     0.1122563887         0.2841835022         0.2805268448E-04     0.7771145415E-04     0.9889158558E-03     0.1542043636E-02     0.3369797468E-01
    0.1050834846         0.2678213332E-01
 

 INTERMEDIATE RESULTS BEFORE NEXT TEMPERATURE REDUCTION

  CURRENT TEMPERATURE:             0.21165E-02
  MIN FUNCTION VALUE SO FAR:   0.151721520110592624E-01
  TOTAL MOVES:                     840
     DOWNHILL:                     478
     ACCEPTED UPHILL:              101
     REJECTED UPHILL:              261
  TRIALS OUT OF BOUNDS:            239
  NEW MINIMA THIS TEMPERATURE:       0

                         CURRENT OPTIMAL X
    0.9958852651         0.8532551774E-01     0.2659876474         0.6515515711E-01     0.3626075394E-01     0.2125267664         0.1382483651         0.8652621932         0.3727555674E-01     0.1677293422    
    0.1099347190         0.4228911189E-01     0.1353311925         0.6820376416         0.9997859511         0.2069758896E-01     0.1992946595         0.7720975614         0.9501953697E-01     0.2870114358    
    0.2353156296         0.2169297302E-02     0.8466073608E-01     0.1057286545         0.6060116851         0.2402389741E-01     0.1815071793         0.8964545896         0.9596551567         0.9692364987E-03
    0.1574306026         0.3506825873         0.3630211287E-01     0.2911204996         0.8678976862         0.2750099474E-01     0.2189913757E-01     0.2319696439         0.2971346790         0.1006292487    
    0.2138915255         0.6173775497E-01

                         STEP LENGTH (VM)
    0.9883942733E-04     0.3533389354E-01     0.9278310300E-01     0.2758762836E-01     0.1437526703E-01     0.9142129420E-01     0.5602917672E-01     0.4405586193E-04     0.9641932617E-03     0.1453010435E-02
    0.2427426966E-02     0.1726472378E-01     0.5443639280E-01     0.2849263191         0.6521231400E-05     0.2996774605E-03     0.5180455003E-03     0.1127405608E-02     0.3851969004E-01     0.9810569288E-01
    0.1054075956         0.1605638923E-03     0.2957042753E-01     0.3853705412E-01     0.2166677952         0.1187118530E-01     0.8424709320E-01     0.3015700817         0.7528510244E-04     0.3086777578E-04
    0.2100701481E-03     0.3288244633E-02     0.1657141686E-01     0.1122563887         0.2841835022         0.2056728579E-05     0.9805699867E-05     0.9823285574E-04     0.5905698875E-03     0.3369797468E-01
    0.1050834846         0.2678213332E-01
 

 INTERMEDIATE RESULTS BEFORE NEXT TEMPERATURE REDUCTION

  CURRENT TEMPERATURE:             0.15874E-02
  MIN FUNCTION VALUE SO FAR:   0.149274441504844875E-01
  TOTAL MOVES:                     840
     DOWNHILL:                     570
     ACCEPTED UPHILL:              166
     REJECTED UPHILL:              104
  TRIALS OUT OF BOUNDS:            256
  NEW MINIMA THIS TEMPERATURE:       6

                         CURRENT OPTIMAL X
    0.9955327550         0.9637271730E-01     0.2145586638         0.6844611803E-01     0.4225271514E-01     0.2165671792         0.1585990977         0.8653001906         0.3475285197E-01     0.1718419694    
    0.8061201312E-01     0.3879021991E-01     0.1201521420         0.8368982056         0.9997609361         0.2201472671E-01     0.2020574184         0.7713130822         0.8176324253E-01     0.2084353018    
    0.2672172609         0.1798197248E-02     0.8074679836E-01     0.1290872341         0.4798570424         0.2802366126E-01     0.2067270608         0.7527178610         0.9595390683         0.9301261016E-03
    0.1573732177         0.3631480121         0.4726353976E-01     0.2953186752         0.8455759244         0.2750175868E-01     0.2187251362E-01     0.2317546496         0.2966172584         0.9221835493E-01
    0.2815676691         0.5394404859E-01

                         STEP LENGTH (VM)
    0.2076828392E-02     0.3533389354E-01     0.9278310300E-01     0.2758762836E-01     0.1437526703E-01     0.9142129420E-01     0.5602917672E-01     0.3604921393E-03     0.1692015421E-01     0.4370638968E-01
    0.3803993216E-01     0.1726472378E-01     0.5443639280E-01     0.2849263191         0.1469324901E-03     0.1542090077E-02     0.7907036179E-02     0.6970865394E-02     0.3851969004E-01     0.9810569288E-01
    0.1054075956         0.7507616664E-03     0.2957042753E-01     0.3853705412E-01     0.2166677952         0.1187118530E-01     0.8424709320E-01     0.3015700817         0.3874044992E-03     0.3664092715E-03
    0.2949793062E-02     0.4421426096E-01     0.1657141686E-01     0.1122563887         0.2841835022         0.2914997355E-04     0.5910656658E-04     0.5049781006E-03     0.1536403872E-02     0.3369797468E-01
    0.1050834846         0.2678213332E-01
 

 INTERMEDIATE RESULTS BEFORE NEXT TEMPERATURE REDUCTION

  CURRENT TEMPERATURE:             0.11905E-02
  MIN FUNCTION VALUE SO FAR:   0.148474150270893144E-01
  TOTAL MOVES:                     840
     DOWNHILL:                     533
     ACCEPTED UPHILL:              165
     REJECTED UPHILL:              142
  TRIALS OUT OF BOUNDS:            300
  NEW MINIMA THIS TEMPERATURE:       1

                         CURRENT OPTIMAL X
    0.9958350401         0.8185228516E-01     0.2518764134         0.7863416691E-01     0.2912956942E-01     0.2416670064         0.1302817714         0.8654287272         0.3475285197E-01     0.1718419694    
    0.9434710199E-01     0.4037950078E-01     0.1346239503         0.6130264613         0.9997715409         0.2201472671E-01     0.2020574184         0.7718106336         0.9834896648E-01     0.2862246064    
    0.2140991890         0.1609224060E-02     0.7807293609E-01     0.1186205377         0.4368654853         0.3211596850E-01     0.2063904534         0.6480868825         0.9596509477         0.9545614875E-03
    0.1573732177         0.3631480121         0.4726353976E-01     0.2953186752         0.8455759244         0.2750175868E-01     0.2187251362E-01     0.2317546496         0.2966172584         0.9221835493E-01
    0.2815676691         0.5394404859E-01

                         STEP LENGTH (VM)
    0.8290041708E-03     0.3533389354E-01     0.9278310300E-01     0.2758762836E-01     0.1437526703E-01     0.9142129420E-01     0.5602917672E-01     0.4940076934E-03     0.1692015421E-01     0.7963885352E-01
    0.3803993216E-01     0.1726472378E-01     0.5443639280E-01     0.2849263191         0.1652990195E-03     0.5623576039E-03     0.1639977559E-01     0.1543937318E-01     0.3851969004E-01     0.9810569288E-01
    0.1054075956         0.7507616664E-03     0.2957042753E-01     0.3853705412E-01     0.2166677952         0.1187118530E-01     0.8424709320E-01     0.3015700817         0.3874044478E-03     0.3664092715E-03
    0.2488887582E-02     0.2549290338E-01     0.1657141686E-01     0.1122563887         0.2841835022         0.2521078523E-04     0.6226863738E-04     0.3438148423E-03     0.1365692297E-02     0.3369797468E-01
    0.1050834846         0.2678213332E-01
 

 INTERMEDIATE RESULTS BEFORE NEXT TEMPERATURE REDUCTION

  CURRENT TEMPERATURE:             0.89291E-03
  MIN FUNCTION VALUE SO FAR:   0.147869654795585882E-01
  TOTAL MOVES:                     840
     DOWNHILL:                     484
     ACCEPTED UPHILL:               68
     REJECTED UPHILL:              288
  TRIALS OUT OF BOUNDS:            285
  NEW MINIMA THIS TEMPERATURE:       0

                         CURRENT OPTIMAL X
    0.9962285133         0.7973937207E-01     0.1992135692         0.6185508156E-01     0.3228355339E-01     0.2509344299         0.1537001562         0.8654287272         0.3475285197E-01     0.1718419694    
    0.8643631961E-01     0.4037950078E-01     0.1346239503         0.6130264613         0.9997715409         0.2201472671E-01     0.2020574184         0.7718106336         0.9834896648E-01     0.2862246064    
    0.2140991890         0.1609224060E-02     0.7807293609E-01     0.1186205377         0.4368654853         0.3211596850E-01     0.2063904534         0.6480868825         0.9596509477         0.9545614875E-03
    0.1573732177         0.3631480121         0.4726353976E-01     0.2953186752         0.8455759244         0.2750175868E-01     0.2187251362E-01     0.2317546496         0.2966172584         0.9221835493E-01
    0.2815676691         0.5394404859E-01

                         STEP LENGTH (VM)
    0.4161920523E-04     0.3533389354E-01     0.9278310300E-01     0.2758762836E-01     0.1437526703E-01     0.9142129420E-01     0.5602917672E-01     0.5152921581E-05     0.2515944633E-03     0.3723639343E-02
    0.1449980852E-02     0.1726472378E-01     0.5443639280E-01     0.2849263191         0.4688071409E-05     0.1136512186E-04     0.4103490962E-03     0.2455017593E-03     0.3851969004E-01     0.9810569288E-01
    0.1054075956         0.2724414879E-04     0.2957042753E-01     0.3853705412E-01     0.2166677952         0.1187118530E-01     0.8424709320E-01     0.3015700817         0.1029144775E-04     0.1066964173E-04
    0.4843690669E-04     0.4123185707E-03     0.1657141686E-01     0.1122563887         0.2841835022         0.8122229182E-06     0.1070173587E-05     0.1416261142E-04     0.4188806969E-04     0.3369797468E-01
    0.1050834846         0.2678213332E-01
 

 INTERMEDIATE RESULTS BEFORE NEXT TEMPERATURE REDUCTION

  CURRENT TEMPERATURE:             0.66968E-03
  MIN FUNCTION VALUE SO FAR:   0.146921352011643077E-01
  TOTAL MOVES:                     840
     DOWNHILL:                     568
     ACCEPTED UPHILL:              174
     REJECTED UPHILL:               98
  TRIALS OUT OF BOUNDS:            247
  NEW MINIMA THIS TEMPERATURE:       1

                         CURRENT OPTIMAL X
    0.9973360642         0.7487189131E-01     0.2065387277         0.5863613170E-01     0.4263410251E-01     0.1941848405         0.1266919694         0.8654258280         0.3431929044E-01     0.1808764094    
    0.1070303231         0.3858143439E-01     0.1369457590         0.6451987749         0.9998148986         0.2210502581E-01     0.2004189360         0.7705597741         0.9294666386E-01     0.2506146924    
    0.2516576993         0.1604237368E-02     0.8517385579E-01     0.1193954081         0.4864678757         0.3318599239E-01     0.1806406913         0.6266296125         0.9598187505         0.9619865711E-03
    0.1575624863         0.3680545196         0.3658831554E-01     0.2994095138         0.9401150223         0.2749429974E-01     0.2187040749E-01     0.2319445869         0.2971025906         0.8913184337E-01
    0.2371887483         0.5936802085E-01

                         STEP LENGTH (VM)
    0.1284434803E-02     0.3533389354E-01     0.9278310300E-01     0.2758762836E-01     0.1437526703E-01     0.9142129420E-01     0.5602917672E-01     0.2314332870E-03     0.2755890395E-02     0.4000985186E-01
    0.3480633418E-01     0.1726472378E-01     0.5443639280E-01     0.2849263191         0.8922947179E-04     0.2403557596E-03     0.9873320265E-02     0.3277870267E-02     0.3851969004E-01     0.9810569288E-01
    0.1054075956         0.7507616664E-03     0.2957042753E-01     0.3853705412E-01     0.2166677952         0.1187118530E-01     0.8424709320E-01     0.3015700817         0.1761913523E-03     0.3232512869E-03
    0.5638070627E-03     0.1384101736E-01     0.1657141686E-01     0.1122563887         0.2841835022         0.1433417856E-04     0.3321737048E-04     0.3215779378E-03     0.1164692793E-02     0.3369797468E-01
    0.1050834846         0.2678213332E-01
 

 INTERMEDIATE RESULTS BEFORE NEXT TEMPERATURE REDUCTION

  CURRENT TEMPERATURE:             0.50226E-03
  MIN FUNCTION VALUE SO FAR:   0.142985866452909303E-01
  TOTAL MOVES:                     840
     DOWNHILL:                     537
     ACCEPTED UPHILL:              116
     REJECTED UPHILL:              187
  TRIALS OUT OF BOUNDS:            276
  NEW MINIMA THIS TEMPERATURE:       6

                         CURRENT OPTIMAL X
    0.9994853677         0.8452607474E-01     0.2100811473         0.8129305912E-01     0.3169782685E-01     0.1926498249         0.1555523380         0.8656214873         0.3556536024E-01     0.1673115201    
    0.1040384849         0.5010900800E-01     0.1178321114         0.5911937982         0.9997990935         0.2206400032E-01     0.2097782377         0.7666025650         0.9446232308E-01     0.2391592737    
    0.2983079672         0.1984199859E-02     0.7794188634E-01     0.1311817421         0.4751815363         0.2555649037E-01     0.2084733238         0.6341154178         0.9599134428         0.9562924305E-03
    0.1576720434         0.3768776131         0.3361864564E-01     0.3187271798         0.9341903883         0.2742634006E-01     0.2188862556E-01     0.2314457956         0.2977522485         0.8282819182E-01
    0.2641410969         0.7528192656E-01

                         STEP LENGTH (VM)
    0.9633260847E-03     0.3533389354E-01     0.9278310300E-01     0.2758762836E-01     0.1437526703E-01     0.9142129420E-01     0.5602917672E-01     0.2314332870E-03     0.2066917757E-02     0.3556431188E-01
    0.3803993216E-01     0.1726472378E-01     0.5443639280E-01     0.2849263191         0.1375620793E-03     0.4206224922E-03     0.4676835394E-02     0.1141184173E-01     0.3851969004E-01     0.9810569288E-01
    0.1054075956         0.7507616664E-03     0.2957042753E-01     0.3853705412E-01     0.2166677952         0.1187118530E-01     0.8424709320E-01     0.3015700817         0.2123331327E-03     0.2895085458E-03
    0.9866621760E-03     0.1060162811E-01     0.1657141686E-01     0.1122563887         0.2841835022         0.1612594915E-04     0.4878800866E-04     0.2788683345E-03     0.7554762956E-03     0.3369797468E-01
    0.1050834846         0.2678213332E-01
 

 INTERMEDIATE RESULTS BEFORE NEXT TEMPERATURE REDUCTION

  CURRENT TEMPERATURE:             0.37670E-03
  MIN FUNCTION VALUE SO FAR:   0.142946153722589321E-01
  TOTAL MOVES:                     840
     DOWNHILL:                     529
     ACCEPTED UPHILL:              143
     REJECTED UPHILL:              168
  TRIALS OUT OF BOUNDS:            267
  NEW MINIMA THIS TEMPERATURE:       0

                         CURRENT OPTIMAL X
    0.9994853677         0.1059092897         0.1865462090         0.7921563237E-01     0.4177072191E-01     0.2421591068         0.1301629685         0.8656003159         0.3556536024E-01     0.1673115201    
    0.1040384849         0.5010900800E-01     0.1178321114         0.5911937982         0.9997990935         0.2206400032E-01     0.2097782377         0.7666025650         0.9446232308E-01     0.2391592737    
    0.2983079672         0.1984199859E-02     0.7794188634E-01     0.1311817421         0.4751815363         0.2555649037E-01     0.2084733238         0.6341154178         0.9599134428         0.9562924305E-03
    0.1576720434         0.3768776131         0.3361864564E-01     0.3187271798         0.9341903883         0.2742634006E-01     0.2188862556E-01     0.2314457956         0.2977522485         0.8282819182E-01
    0.2641410969         0.7528192656E-01

                         STEP LENGTH (VM)
    0.1093505105E-02     0.3533389354E-01     0.9278310300E-01     0.2758762836E-01     0.1437526703E-01     0.9142129420E-01     0.5602917672E-01     0.4556342008E-03     0.2449680016E-02     0.2188572533E-01
    0.3803993216E-01     0.1726472378E-01     0.5443639280E-01     0.2849263191         0.1031715575E-03     0.7360893065E-03     0.5456307315E-02     0.1160386580E-01     0.3851969004E-01     0.9810569288E-01
    0.1054075956         0.7507616664E-03     0.2957042753E-01     0.3853705412E-01     0.2166677952         0.1187118530E-01     0.8424709320E-01     0.3015700817         0.2123331147E-03     0.3664092715E-03
    0.1315549318E-02     0.1722764260E-01     0.1657141686E-01     0.1122563887         0.2841835022         0.2807109033E-04     0.3659100582E-04     0.4183024178E-03     0.1075668050E-02     0.3369797468E-01
    0.1050834846         0.2678213332E-01
 

  SA ACHIEVED TERMINATION CRITERIA. IER = 0. 


  ****   RESULTS AFTER SA   ****   

                         SOLUTION
    0.9994853677         0.1059092897         0.1865462090         0.7921563237E-01     0.4177072191E-01     0.2421591068         0.1301629685         0.8656003159         0.3556536024E-01     0.1673115201    
    0.1040384849         0.5010900800E-01     0.1178321114         0.5911937982         0.9997990935         0.2206400032E-01     0.2097782377         0.7666025650         0.9446232308E-01     0.2391592737    
    0.2983079672         0.1984199859E-02     0.7794188634E-01     0.1311817421         0.4751815363         0.2555649037E-01     0.2084733238         0.6341154178         0.9599134428         0.9562924305E-03
    0.1576720434         0.3768776131         0.3361864564E-01     0.3187271798         0.9341903883         0.2742634006E-01     0.2188862556E-01     0.2314457956         0.2977522485         0.8282819182E-01
    0.2641410969         0.7528192656E-01

                         FINAL STEP LENGTH
    0.1093505105E-02     0.3533389354E-01     0.9278310300E-01     0.2758762836E-01     0.1437526703E-01     0.9142129420E-01     0.5602917672E-01     0.4556342008E-03     0.2449680016E-02     0.2188572533E-01
    0.3803993216E-01     0.1726472378E-01     0.5443639280E-01     0.2849263191         0.1031715575E-03     0.7360893065E-03     0.5456307315E-02     0.1160386580E-01     0.3851969004E-01     0.9810569288E-01
    0.1054075956         0.7507616664E-03     0.2957042753E-01     0.3853705412E-01     0.2166677952         0.1187118530E-01     0.8424709320E-01     0.3015700817         0.2123331147E-03     0.3664092715E-03
    0.1315549318E-02     0.1722764260E-01     0.1657141686E-01     0.1122563887         0.2841835022         0.2807109033E-04     0.3659100582E-04     0.4183024178E-03     0.1075668050E-02     0.3369797468E-01
    0.1050834846         0.2678213332E-01

 OPTIMAL FUNCTION VALUE:  0.1429461537226E-01
 NUMBER OF FUNCTION EVALUATIONS:          28561
 NUMBER OF ACCEPTED EVALUATIONS:          25432
 NUMBER OF OUT OF BOUND EVALUATIONS:      12655
 FINAL TEMP:  0.3766965964524E-03  IER:   0
