
 SIMULATED PARALLEL ANNEALING by NEIGHBORHOOD EXAMPLE

 NUMBER OF PARAMETERS:  42   MAXIMAZATION:     F
 INITIAL TEMP:  5.0       RT: 0.75       EPS: 0.10E-02
 NS:  24   NT:  20   NEPS:  4
 MAXEVL:  100000000   IPRINT: 1   ISEED1:    7 ISEED2:    8

                         STARTING VALUES
    0.9631066918         0.2946726084E-01     0.2977850556         0.5708932877         0.3624960780E-01     0.1102365851         0.6182761192         0.9770088712         0.2839112282E-02     0.2330365419    
    0.3211099505         0.4765607119E-01     0.2237915158         0.7926585078         0.9980306846         0.7094384432E-01     0.2620273709         0.4109096527E-01     0.9503442645E-01     0.2579867721    
    0.6695522070         0.6344833405E-02     0.3763681650E-01     0.1938537598         0.2858248353         0.5097302794E-01     0.1347779274         0.8392735124         0.9912753453         0.6212595105E-01
    0.2609655380         0.4692392945         0.2496320009E-02     0.2784231782         0.5266053081         0.2819239311E-01     0.9644739628E-01     0.2327911139         0.8381339312         0.7423680425E-01
    0.2973866582         0.8213030696    

                         INITIAL STEP LENGTH
     1.000000000         0.1000000000         0.2000000000          1.000000000         0.1000000000         0.2000000000          1.000000000          1.000000000         0.1000000000         0.2000000000    
     1.000000000         0.1000000000         0.2000000000          1.000000000          1.000000000         0.1000000000         0.2000000000          1.000000000         0.1000000000         0.2000000000    
     1.000000000          1.000000000         0.1000000000         0.2000000000          1.000000000         0.1000000000         0.2000000000          1.000000000          1.000000000         0.1000000000    
    0.2000000000          1.000000000         0.1000000000         0.2000000000          1.000000000          1.000000000         0.1000000000         0.2000000000          1.000000000         0.1000000000    
    0.2000000000          1.000000000    

                         LOWER BOUND
     0.000000000          0.000000000         0.1000000000          0.000000000          0.000000000         0.1000000000          0.000000000          0.000000000          0.000000000         0.1000000000    
     0.000000000          0.000000000         0.1000000000          0.000000000          0.000000000          0.000000000         0.1000000000          0.000000000          0.000000000         0.1000000000    
     0.000000000          0.000000000          0.000000000         0.1000000000          0.000000000          0.000000000         0.1000000000          0.000000000          0.000000000          0.000000000    
    0.1000000000          0.000000000          0.000000000         0.1000000000          0.000000000          0.000000000          0.000000000         0.1000000000          0.000000000          0.000000000    
    0.1000000000          0.000000000    

                         UPPER BOUND
     1.000000000         0.1000000000         0.3000000000          1.000000000         0.1000000000         0.3000000000          1.000000000          1.000000000         0.1000000000         0.3000000000    
     1.000000000         0.1000000000         0.3000000000          1.000000000          1.000000000         0.1000000000         0.3000000000          1.000000000         0.1000000000         0.3000000000    
     1.000000000          1.000000000         0.1000000000         0.3000000000          1.000000000         0.1000000000         0.3000000000          1.000000000          1.000000000         0.1000000000    
    0.3000000000          1.000000000         0.1000000000         0.3000000000          1.000000000          1.000000000         0.1000000000         0.3000000000          1.000000000         0.1000000000    
    0.3000000000          1.000000000    

                         C VECTOR
     2.000000000          2.000000000          2.000000000          2.000000000          2.000000000          2.000000000          2.000000000          2.000000000          2.000000000          2.000000000    
     2.000000000          2.000000000          2.000000000          2.000000000          2.000000000          2.000000000          2.000000000          2.000000000          2.000000000          2.000000000    
     2.000000000          2.000000000          2.000000000          2.000000000          2.000000000          2.000000000          2.000000000          2.000000000          2.000000000          2.000000000    
     2.000000000          2.000000000          2.000000000          2.000000000          2.000000000          2.000000000          2.000000000          2.000000000          2.000000000          2.000000000    
     2.000000000          2.000000000    

  ****   END OF DRIVER ROUTINE OUTPUT   ****
  ****   BEFORE CALL TO SA.             ****
  

                         INITIAL X
    0.9631066918         0.2946726084E-01     0.2977850556         0.5708932877         0.3624960780E-01     0.1102365851         0.6182761192         0.9770088712         0.2839112282E-02     0.2330365419    
    0.3211099505         0.4765607119E-01     0.2237915158         0.7926585078         0.9980306846         0.7094384432E-01     0.2620273709         0.4109096527E-01     0.9503442645E-01     0.2579867721    
    0.6695522070         0.6344833405E-02     0.3763681650E-01     0.1938537598         0.2858248353         0.5097302794E-01     0.1347779274         0.8392735124         0.9912753453         0.6212595105E-01
    0.2609655380         0.4692392945         0.2496320009E-02     0.2784231782         0.5266053081         0.2819239311E-01     0.9644739628E-01     0.2327911139         0.8381339312         0.7423680425E-01
    0.2973866582         0.8213030696    
  INITIAL F: 
 0.132868198029818751    

 INTERMEDIATE RESULTS BEFORE NEXT TEMPERATURE REDUCTION

  CURRENT TEMPERATURE:              5.0000    
  MIN FUNCTION VALUE SO FAR:   0.132868198029818751    
  TOTAL MOVES:                    3360
     DOWNHILL:                    2425
     ACCEPTED UPHILL:              808
     REJECTED UPHILL:              127
  TRIALS OUT OF BOUNDS:           1647
  NEW MINIMA THIS TEMPERATURE:       0

                         CURRENT OPTIMAL X
    0.9631066918         0.2946726084E-01     0.2977850556         0.5708932877         0.3624960780E-01     0.1102365851         0.6182761192         0.9770088712         0.2839112282E-02     0.2330365419    
    0.3211099505         0.4765607119E-01     0.2237915158         0.7926585078         0.9980306846         0.7094384432E-01     0.2620273709         0.4109096527E-01     0.9503442645E-01     0.2579867721    
    0.6695522070         0.6344833405E-02     0.3763681650E-01     0.1938537598         0.2858248353         0.5097302794E-01     0.1347779274         0.8392735124         0.9912753453         0.6212595105E-01
    0.2609655380         0.4692392945         0.2496320009E-02     0.2784231782         0.5266053081         0.2819239311E-01     0.9644739628E-01     0.2327911139         0.8381339312         0.7423680425E-01
    0.2973866582         0.8213030696    

                         STEP LENGTH (VM)
     1.000000000         0.1000000000         0.2000000000          1.000000000         0.1000000000         0.2000000000          1.000000000          1.000000000         0.1000000000         0.2000000000    
     1.000000000         0.1000000000         0.2000000000          1.000000000         0.2993762203         0.1000000000         0.2000000000          1.000000000         0.1000000000         0.2000000000    
     1.000000000          1.000000000         0.1000000000         0.2000000000          1.000000000         0.1000000000         0.2000000000          1.000000000          1.000000000         0.1000000000    
    0.2000000000          1.000000000         0.1000000000         0.2000000000          1.000000000          1.000000000         0.1000000000         0.2000000000          1.000000000         0.1000000000    
    0.2000000000          1.000000000    
 

 INTERMEDIATE RESULTS BEFORE NEXT TEMPERATURE REDUCTION

  CURRENT TEMPERATURE:              3.7500    
  MIN FUNCTION VALUE SO FAR:   0.132868198029818751    
  TOTAL MOVES:                    3360
     DOWNHILL:                    2426
     ACCEPTED UPHILL:              813
     REJECTED UPHILL:              121
  TRIALS OUT OF BOUNDS:           1693
  NEW MINIMA THIS TEMPERATURE:       0

                         CURRENT OPTIMAL X
    0.9631066918         0.2946726084E-01     0.2977850556         0.5708932877         0.3624960780E-01     0.1102365851         0.6182761192         0.9770088712         0.2839112282E-02     0.2330365419    
    0.3211099505         0.4765607119E-01     0.2237915158         0.7926585078         0.9980306846         0.7094384432E-01     0.2620273709         0.4109096527E-01     0.9503442645E-01     0.2579867721    
    0.6695522070         0.6344833405E-02     0.3763681650E-01     0.1938537598         0.2858248353         0.5097302794E-01     0.1347779274         0.8392735124         0.9912753453         0.6212595105E-01
    0.2609655380         0.4692392945         0.2496320009E-02     0.2784231782         0.5266053081         0.2819239311E-01     0.9644739628E-01     0.2327911139         0.8381339312         0.7423680425E-01
    0.2973866582         0.8213030696    

                         STEP LENGTH (VM)
     1.000000000         0.1000000000         0.2000000000          1.000000000         0.1000000000         0.2000000000          1.000000000          1.000000000         0.1000000000         0.2000000000    
     1.000000000         0.1000000000         0.2000000000          1.000000000         0.2135989140         0.1000000000         0.2000000000          1.000000000         0.1000000000         0.2000000000    
     1.000000000          1.000000000         0.1000000000         0.2000000000          1.000000000         0.1000000000         0.2000000000          1.000000000          1.000000000         0.1000000000    
    0.2000000000          1.000000000         0.1000000000         0.2000000000          1.000000000          1.000000000         0.1000000000         0.2000000000          1.000000000         0.1000000000    
    0.2000000000          1.000000000    
 

 INTERMEDIATE RESULTS BEFORE NEXT TEMPERATURE REDUCTION

  CURRENT TEMPERATURE:              2.8125    
  MIN FUNCTION VALUE SO FAR:   0.471802373992485924E-01
  TOTAL MOVES:                    3360
     DOWNHILL:                    2407
     ACCEPTED UPHILL:              822
     REJECTED UPHILL:              131
  TRIALS OUT OF BOUNDS:           1627
  NEW MINIMA THIS TEMPERATURE:       2

                         CURRENT OPTIMAL X
    0.9850190281         0.7161854506E-01     0.1909297228         0.3157423735         0.3574096560E-01     0.1253085852         0.6120976210         0.3806441346         0.1603151560E-01     0.2266610265    
    0.6545261741         0.1889263392E-01     0.2456325650         0.6012809277E-01     0.9980306846         0.6131696703E-02     0.2760391593         0.2691223621         0.7091708779E-01     0.1524616599    
    0.6017360091         0.6344833405E-02     0.5501391888E-01     0.2312829018         0.6611465812         0.6920589805E-01     0.1958738446         0.1700369716         0.2821321487         0.6212595105E-01
    0.2609655380         0.4692392945         0.2496320009E-02     0.2784231782         0.5266053081         0.2819239311E-01     0.9644739628E-01     0.2327911139         0.8381339312         0.7423680425E-01
    0.2973866582         0.8213030696    

                         STEP LENGTH (VM)
     1.000000000         0.1000000000         0.2000000000          1.000000000         0.1000000000         0.2000000000          1.000000000         0.9999998675         0.1000000000         0.2000000000    
     1.000000000         0.1000000000         0.2000000000          1.000000000         0.2402986938         0.1000000000         0.2000000000          1.000000000         0.1000000000         0.2000000000    
     1.000000000          1.000000000         0.1000000000         0.2000000000          1.000000000         0.1000000000         0.2000000000          1.000000000          1.000000000         0.1000000000    
    0.2000000000          1.000000000         0.1000000000         0.2000000000          1.000000000          1.000000000         0.1000000000         0.2000000000          1.000000000         0.1000000000    
    0.2000000000          1.000000000    
 

 INTERMEDIATE RESULTS BEFORE NEXT TEMPERATURE REDUCTION

  CURRENT TEMPERATURE:              2.1094    
  MIN FUNCTION VALUE SO FAR:   0.457968101827709306E-01
  TOTAL MOVES:                    3360
     DOWNHILL:                    2400
     ACCEPTED UPHILL:              821
     REJECTED UPHILL:              139
  TRIALS OUT OF BOUNDS:           1641
  NEW MINIMA THIS TEMPERATURE:       0

                         CURRENT OPTIMAL X
    0.9850190281         0.1258295774E-01     0.1909297228         0.3157423735         0.3574096560E-01     0.1253085852         0.6120976210         0.3806441346         0.1603151560E-01     0.2266610265    
    0.6545261741         0.1889263392E-01     0.2456325650         0.6012809277E-01     0.9980306846         0.6131696703E-02     0.2760391593         0.2691223621         0.7091708779E-01     0.1524616599    
    0.6017360091         0.6344833405E-02     0.5501391888E-01     0.2312829018         0.6611465812         0.6920589805E-01     0.1958738446         0.1700369716         0.2821321487         0.6212595105E-01
    0.2609655380         0.4692392945         0.2496320009E-02     0.2784231782         0.5266053081         0.2819239311E-01     0.9644739628E-01     0.2327911139         0.8381339312         0.7423680425E-01
    0.2973866582         0.8213030696    

                         STEP LENGTH (VM)
     1.000000000         0.1000000000         0.2000000000          1.000000000         0.1000000000         0.2000000000          1.000000000          1.000000000         0.1000000000         0.2000000000    
     1.000000000         0.1000000000         0.2000000000          1.000000000         0.3704603651         0.1000000000         0.2000000000          1.000000000         0.1000000000         0.2000000000    
     1.000000000          1.000000000         0.1000000000         0.2000000000          1.000000000         0.1000000000         0.2000000000          1.000000000          1.000000000         0.1000000000    
    0.2000000000          1.000000000         0.1000000000         0.2000000000          1.000000000          1.000000000         0.1000000000         0.2000000000          1.000000000         0.1000000000    
    0.2000000000          1.000000000    
 

 INTERMEDIATE RESULTS BEFORE NEXT TEMPERATURE REDUCTION

  CURRENT TEMPERATURE:              1.5820    
  MIN FUNCTION VALUE SO FAR:   0.457968101827709306E-01
  TOTAL MOVES:                    3360
     DOWNHILL:                    2382
     ACCEPTED UPHILL:              828
     REJECTED UPHILL:              150
  TRIALS OUT OF BOUNDS:           1701
  NEW MINIMA THIS TEMPERATURE:       0

                         CURRENT OPTIMAL X
    0.9850190281         0.1258295774E-01     0.1909297228         0.3157423735         0.3574096560E-01     0.1253085852         0.6120976210         0.3806441346         0.1603151560E-01     0.2266610265    
    0.6545261741         0.1889263392E-01     0.2456325650         0.6012809277E-01     0.9980306846         0.6131696703E-02     0.2760391593         0.2691223621         0.7091708779E-01     0.1524616599    
    0.6017360091         0.6344833405E-02     0.5501391888E-01     0.2312829018         0.6611465812         0.6920589805E-01     0.1958738446         0.1700369716         0.2821321487         0.6212595105E-01
    0.2609655380         0.4692392945         0.2496320009E-02     0.2784231782         0.5266053081         0.2819239311E-01     0.9644739628E-01     0.2327911139         0.8381339312         0.7423680425E-01
    0.2973866582         0.8213030696    

                         STEP LENGTH (VM)
     1.000000000         0.1000000000         0.2000000000          1.000000000         0.1000000000         0.2000000000          1.000000000         0.7499999860         0.1000000000         0.2000000000    
     1.000000000         0.1000000000         0.2000000000          1.000000000         0.1814498929         0.1000000000         0.2000000000          1.000000000         0.1000000000         0.2000000000    
     1.000000000          1.000000000         0.1000000000         0.2000000000          1.000000000         0.1000000000         0.2000000000          1.000000000          1.000000000         0.1000000000    
    0.2000000000          1.000000000         0.1000000000         0.2000000000          1.000000000          1.000000000         0.1000000000         0.2000000000          1.000000000         0.1000000000    
    0.2000000000          1.000000000    
 

 INTERMEDIATE RESULTS BEFORE NEXT TEMPERATURE REDUCTION

  CURRENT TEMPERATURE:              1.1865    
  MIN FUNCTION VALUE SO FAR:   0.400045710559193690E-01
  TOTAL MOVES:                    3360
     DOWNHILL:                    2390
     ACCEPTED UPHILL:              827
     REJECTED UPHILL:              143
  TRIALS OUT OF BOUNDS:           1691
  NEW MINIMA THIS TEMPERATURE:       0

                         CURRENT OPTIMAL X
    0.9850190281         0.6195298433E-01     0.1067282677         0.8558484912         0.2728259563E-01     0.2594001770         0.5368191600         0.3806441346         0.2770980597E-01     0.2109178901    
    0.6409281492E-01     0.1889263392E-01     0.2456325650         0.6012809277E-01     0.9980306846         0.6131696703E-02     0.2760391593         0.2691223621         0.7091708779E-01     0.1524616599    
    0.6017360091         0.6344833405E-02     0.5501391888E-01     0.2312829018         0.6611465812         0.6920589805E-01     0.1958738446         0.1700369716         0.2821321487         0.6212595105E-01
    0.2609655380         0.4692392945         0.2496320009E-02     0.2784231782         0.5266053081         0.2819239311E-01     0.9644739628E-01     0.2327911139         0.8381339312         0.7423680425E-01
    0.2973866582         0.8213030696    

                         STEP LENGTH (VM)
     1.000000000         0.1000000000         0.2000000000          1.000000000         0.1000000000         0.2000000000          1.000000000         0.7499999860         0.1000000000         0.2000000000    
     1.000000000         0.1000000000         0.2000000000          1.000000000         0.1675805506         0.1000000000         0.2000000000          1.000000000         0.1000000000         0.2000000000    
     1.000000000          1.000000000         0.1000000000         0.2000000000          1.000000000         0.1000000000         0.2000000000          1.000000000          1.000000000         0.1000000000    
    0.2000000000          1.000000000         0.1000000000         0.2000000000          1.000000000          1.000000000         0.1000000000         0.2000000000          1.000000000         0.1000000000    
    0.2000000000          1.000000000    
 

 INTERMEDIATE RESULTS BEFORE NEXT TEMPERATURE REDUCTION

  CURRENT TEMPERATURE:             0.88989    
  MIN FUNCTION VALUE SO FAR:   0.397379868484930565E-01
  TOTAL MOVES:                    3360
     DOWNHILL:                    2433
     ACCEPTED UPHILL:              788
     REJECTED UPHILL:              139
  TRIALS OUT OF BOUNDS:           1693
  NEW MINIMA THIS TEMPERATURE:       0

                         CURRENT OPTIMAL X
    0.9850190281         0.1624085903E-01     0.2489135027         0.4733451605         0.8918050528E-01     0.1751403451         0.5114865899         0.3806441346         0.6910777092E-02     0.1820006132    
    0.3669134378         0.1889263392E-01     0.2456325650         0.6012809277E-01     0.9980306846         0.6131696703E-02     0.2760391593         0.2691223621         0.7091708779E-01     0.1524616599    
    0.6017360091         0.6344833405E-02     0.5501391888E-01     0.2312829018         0.6611465812         0.6920589805E-01     0.1958738446         0.1700369716         0.2821321487         0.6212595105E-01
    0.2609655380         0.4692392945         0.2496320009E-02     0.2784231782         0.5266053081         0.2819239311E-01     0.9644739628E-01     0.2327911139         0.8381339312         0.7423680425E-01
    0.2973866582         0.8213030696    

                         STEP LENGTH (VM)
     1.000000000         0.1000000000         0.2000000000          1.000000000         0.1000000000         0.2000000000          1.000000000         0.8120711879         0.1000000000         0.2000000000    
     1.000000000         0.1000000000         0.2000000000          1.000000000         0.2802670477         0.1000000000         0.2000000000          1.000000000         0.1000000000         0.2000000000    
     1.000000000          1.000000000         0.1000000000         0.2000000000          1.000000000         0.1000000000         0.2000000000          1.000000000          1.000000000         0.1000000000    
    0.2000000000          1.000000000         0.1000000000         0.2000000000          1.000000000          1.000000000         0.1000000000         0.2000000000          1.000000000         0.1000000000    
    0.2000000000          1.000000000    
 

 INTERMEDIATE RESULTS BEFORE NEXT TEMPERATURE REDUCTION

  CURRENT TEMPERATURE:             0.66742    
  MIN FUNCTION VALUE SO FAR:   0.397379868484930565E-01
  TOTAL MOVES:                    3360
     DOWNHILL:                    2358
     ACCEPTED UPHILL:              824
     REJECTED UPHILL:              178
  TRIALS OUT OF BOUNDS:           1605
  NEW MINIMA THIS TEMPERATURE:       0

                         CURRENT OPTIMAL X
    0.9850190281         0.1624085903E-01     0.2489135027         0.4733451605         0.8918050528E-01     0.1751403451         0.5114865899         0.3806441346         0.6910777092E-02     0.1820006132    
    0.3669134378         0.1889263392E-01     0.2456325650         0.6012809277E-01     0.9980306846         0.6131696703E-02     0.2760391593         0.2691223621         0.7091708779E-01     0.1524616599    
    0.6017360091         0.6344833405E-02     0.5501391888E-01     0.2312829018         0.6611465812         0.6920589805E-01     0.1958738446         0.1700369716         0.2821321487         0.6212595105E-01
    0.2609655380         0.4692392945         0.2496320009E-02     0.2784231782         0.5266053081         0.2819239311E-01     0.9644739628E-01     0.2327911139         0.8381339312         0.7423680425E-01
    0.2973866582         0.8213030696    

                         STEP LENGTH (VM)
     1.000000000         0.1000000000         0.2000000000          1.000000000         0.1000000000         0.2000000000          1.000000000         0.6833499095         0.1000000000         0.2000000000    
     1.000000000         0.1000000000         0.2000000000          1.000000000         0.1769685502         0.1000000000         0.2000000000          1.000000000         0.1000000000         0.2000000000    
     1.000000000          1.000000000         0.1000000000         0.2000000000          1.000000000         0.1000000000         0.2000000000          1.000000000          1.000000000         0.1000000000    
    0.2000000000          1.000000000         0.1000000000         0.2000000000          1.000000000          1.000000000         0.1000000000         0.2000000000          1.000000000         0.1000000000    
    0.2000000000          1.000000000    
 

 INTERMEDIATE RESULTS BEFORE NEXT TEMPERATURE REDUCTION

  CURRENT TEMPERATURE:             0.50056    
  MIN FUNCTION VALUE SO FAR:   0.397379868484930565E-01
  TOTAL MOVES:                    3360
     DOWNHILL:                    2397
     ACCEPTED UPHILL:              776
     REJECTED UPHILL:              187
  TRIALS OUT OF BOUNDS:           1578
  NEW MINIMA THIS TEMPERATURE:       0

                         CURRENT OPTIMAL X
    0.9850190281         0.1624085903E-01     0.2489135027         0.4733451605         0.8918050528E-01     0.1751403451         0.5114865899         0.3806441346         0.6910777092E-02     0.1820006132    
    0.3669134378         0.1889263392E-01     0.2456325650         0.6012809277E-01     0.9980306846         0.6131696703E-02     0.2760391593         0.2691223621         0.7091708779E-01     0.1524616599    
    0.6017360091         0.6344833405E-02     0.5501391888E-01     0.2312829018         0.6611465812         0.6920589805E-01     0.1958738446         0.1700369716         0.2821321487         0.6212595105E-01
    0.2609655380         0.4692392945         0.2496320009E-02     0.2784231782         0.5266053081         0.2819239311E-01     0.9644739628E-01     0.2327911139         0.8381339312         0.7423680425E-01
    0.2973866582         0.8213030696    

                         STEP LENGTH (VM)
     1.000000000         0.1000000000         0.2000000000          1.000000000         0.1000000000         0.2000000000          1.000000000         0.6019984469         0.1000000000         0.2000000000    
     1.000000000         0.1000000000         0.2000000000          1.000000000         0.1388491259         0.1000000000         0.2000000000          1.000000000         0.1000000000         0.2000000000    
     1.000000000          1.000000000         0.1000000000         0.2000000000          1.000000000         0.1000000000         0.2000000000          1.000000000          1.000000000         0.1000000000    
    0.2000000000          1.000000000         0.1000000000         0.2000000000          1.000000000          1.000000000         0.1000000000         0.2000000000          1.000000000         0.1000000000    
    0.2000000000          1.000000000    
 

 INTERMEDIATE RESULTS BEFORE NEXT TEMPERATURE REDUCTION

  CURRENT TEMPERATURE:             0.37542    
  MIN FUNCTION VALUE SO FAR:   0.397060074626004456E-01
  TOTAL MOVES:                    3360
     DOWNHILL:                    2345
     ACCEPTED UPHILL:              842
     REJECTED UPHILL:              173
  TRIALS OUT OF BOUNDS:           1662
  NEW MINIMA THIS TEMPERATURE:       0

                         CURRENT OPTIMAL X
    0.9850190281         0.2591241598E-01     0.2489135027         0.4733451605         0.8918050528E-01     0.1751403451         0.5114865899         0.3806441346         0.6910777092E-02     0.1820006132    
    0.3669134378         0.1889263392E-01     0.2456325650         0.6012809277E-01     0.9980306846         0.6131696703E-02     0.2760391593         0.2691223621         0.7091708779E-01     0.1524616599    
    0.6017360091         0.6344833405E-02     0.5501391888E-01     0.2312829018         0.6611465812         0.6920589805E-01     0.1958738446         0.1700369716         0.2821321487         0.6212595105E-01
    0.2609655380         0.4692392945         0.2496320009E-02     0.2784231782         0.5266053081         0.2819239311E-01     0.9644739628E-01     0.2327911139         0.8381339312         0.7423680425E-01
    0.2973866582         0.8213030696    

                         STEP LENGTH (VM)
     1.000000000         0.1000000000         0.2000000000          1.000000000         0.1000000000         0.2000000000          1.000000000         0.6279362381         0.1000000000         0.2000000000    
     1.000000000         0.1000000000         0.2000000000          1.000000000         0.1645618350         0.1000000000         0.2000000000          1.000000000         0.1000000000         0.2000000000    
     1.000000000          1.000000000         0.1000000000         0.2000000000          1.000000000         0.1000000000         0.2000000000          1.000000000         0.7499999860         0.1000000000    
    0.2000000000          1.000000000         0.1000000000         0.2000000000          1.000000000          1.000000000         0.1000000000         0.2000000000          1.000000000         0.1000000000    
    0.2000000000          1.000000000    
 

 INTERMEDIATE RESULTS BEFORE NEXT TEMPERATURE REDUCTION

  CURRENT TEMPERATURE:             0.28157    
  MIN FUNCTION VALUE SO FAR:   0.395230591850951329E-01
  TOTAL MOVES:                    3360
     DOWNHILL:                    2352
     ACCEPTED UPHILL:              794
     REJECTED UPHILL:              214
  TRIALS OUT OF BOUNDS:           1610
  NEW MINIMA THIS TEMPERATURE:       2

                         CURRENT OPTIMAL X
    0.9850190281         0.8794552088E-01     0.2103874445         0.8727041483         0.4914489985E-01     0.1671030164         0.2867027521         0.3806441346         0.8730113506E-03     0.1820006132    
    0.3669134378         0.1889263392E-01     0.2456325650         0.6012809277E-01     0.9980306846         0.6131696703E-02     0.2760391593         0.2691223621         0.7091708779E-01     0.1524616599    
    0.6017360091         0.6344833405E-02     0.5501391888E-01     0.2312829018         0.6611465812         0.6920589805E-01     0.1958738446         0.1700369716         0.2821321487         0.6212595105E-01
    0.2609655380         0.4692392945         0.2496320009E-02     0.2784231782         0.5266053081         0.2819239311E-01     0.9644739628E-01     0.2327911139         0.8381339312         0.7423680425E-01
    0.2973866582         0.8213030696    

                         STEP LENGTH (VM)
     1.000000000         0.1000000000         0.2000000000          1.000000000         0.1000000000         0.2000000000          1.000000000         0.4275308603         0.1000000000         0.2000000000    
     1.000000000         0.1000000000         0.2000000000          1.000000000         0.7627059366E-01     0.1000000000         0.2000000000          1.000000000         0.1000000000         0.2000000000    
     1.000000000          1.000000000         0.1000000000         0.2000000000          1.000000000         0.1000000000         0.2000000000          1.000000000         0.6486486395         0.1000000000    
    0.2000000000          1.000000000         0.1000000000         0.2000000000          1.000000000          1.000000000         0.1000000000         0.2000000000          1.000000000         0.1000000000    
    0.2000000000          1.000000000    
 

 INTERMEDIATE RESULTS BEFORE NEXT TEMPERATURE REDUCTION

  CURRENT TEMPERATURE:             0.21118    
  MIN FUNCTION VALUE SO FAR:   0.395230591850951329E-01
  TOTAL MOVES:                    3360
     DOWNHILL:                    2324
     ACCEPTED UPHILL:              777
     REJECTED UPHILL:              259
  TRIALS OUT OF BOUNDS:           1587
  NEW MINIMA THIS TEMPERATURE:       0

                         CURRENT OPTIMAL X
    0.9850190281         0.8794552088E-01     0.2103874445         0.8727041483         0.4914489985E-01     0.1671030164         0.2867027521         0.3806441346         0.8730113506E-03     0.1820006132    
    0.3669134378         0.1889263392E-01     0.2456325650         0.6012809277E-01     0.9980306846         0.6131696703E-02     0.2760391593         0.2691223621         0.7091708779E-01     0.1524616599    
    0.6017360091         0.6344833405E-02     0.5501391888E-01     0.2312829018         0.6611465812         0.6920589805E-01     0.1958738446         0.1700369716         0.2821321487         0.6212595105E-01
    0.2609655380         0.4692392945         0.2496320009E-02     0.2784231782         0.5266053081         0.2819239311E-01     0.9644739628E-01     0.2327911139         0.8381339312         0.7423680425E-01
    0.2973866582         0.8213030696    

                         STEP LENGTH (VM)
     1.000000000         0.1000000000         0.2000000000          1.000000000         0.1000000000         0.2000000000          1.000000000         0.4214715891         0.1000000000         0.2000000000    
     1.000000000         0.1000000000         0.2000000000          1.000000000         0.6537476020E-01     0.1000000000         0.2000000000          1.000000000         0.1000000000         0.2000000000    
     1.000000000          1.000000000         0.1000000000         0.2000000000          1.000000000         0.1000000000         0.2000000000          1.000000000         0.3294722126         0.1000000000    
    0.2000000000          1.000000000         0.1000000000         0.2000000000          1.000000000          1.000000000         0.1000000000         0.2000000000          1.000000000         0.1000000000    
    0.2000000000          1.000000000    
 

 INTERMEDIATE RESULTS BEFORE NEXT TEMPERATURE REDUCTION

  CURRENT TEMPERATURE:             0.15838    
  MIN FUNCTION VALUE SO FAR:   0.376205302191290336E-01
  TOTAL MOVES:                    3360
     DOWNHILL:                    2351
     ACCEPTED UPHILL:              801
     REJECTED UPHILL:              208
  TRIALS OUT OF BOUNDS:           1581
  NEW MINIMA THIS TEMPERATURE:       1

                         CURRENT OPTIMAL X
    0.9794207215         0.4373062253E-01     0.2441849947         0.5406033397         0.5911942124E-01     0.2625831723         0.2546893358         0.3806441346         0.4915764332E-01     0.1079373002    
    0.7843375206E-01     0.3754297495E-01     0.2489039778         0.1322959661         0.9909257316         0.7715759277E-01     0.1504131675         0.4586389065         0.3282084465E-01     0.1693286896    
    0.8314146996         0.6344833405E-02     0.4274018407E-01     0.2440990686         0.4879140854E-01     0.3699499369E-02     0.2696377873         0.5550087094         0.2821321487         0.9867013097E-01
    0.2059027433         0.3131923676         0.4366093874E-02     0.2633748889         0.6392598748         0.2819239311E-01     0.6855956316E-01     0.1936592102         0.9422540705E-02     0.2325618267E-01
    0.1096479297         0.9096040726    

                         STEP LENGTH (VM)
     1.000000000         0.1000000000         0.2000000000          1.000000000         0.1000000000         0.2000000000          1.000000000         0.4906414266         0.1000000000         0.2000000000    
     1.000000000         0.1000000000         0.2000000000          1.000000000         0.3894665263E-01     0.1000000000         0.2000000000          1.000000000         0.1000000000         0.2000000000    
     1.000000000         0.8888888668         0.1000000000         0.2000000000          1.000000000         0.1000000000         0.2000000000          1.000000000         0.3648646070         0.1000000000    
    0.2000000000          1.000000000         0.1000000000         0.2000000000          1.000000000          1.000000000         0.1000000000         0.2000000000          1.000000000         0.1000000000    
    0.2000000000          1.000000000    
 

 INTERMEDIATE RESULTS BEFORE NEXT TEMPERATURE REDUCTION

  CURRENT TEMPERATURE:             0.11879    
  MIN FUNCTION VALUE SO FAR:   0.341050124811210775E-01
  TOTAL MOVES:                    3360
     DOWNHILL:                    2325
     ACCEPTED UPHILL:              777
     REJECTED UPHILL:              258
  TRIALS OUT OF BOUNDS:           1525
  NEW MINIMA THIS TEMPERATURE:       3

                         CURRENT OPTIMAL X
    0.9794207215         0.4663261771E-01     0.2638241291         0.3465712070E-02     0.2479639053E-01     0.1397035003         0.5888320804         0.3806441346         0.9060010910E-01     0.2201862335    
    0.8588488102         0.3262718916E-01     0.2997676492         0.6605901122         0.9938911734         0.8439908028E-01     0.2729202867         0.5923954844         0.5358625650E-01     0.1971401691    
    0.6067847610         0.6344833405E-02     0.5083441138E-01     0.1482148528         0.8829544783         0.2975010872E-02     0.1673264265         0.8832321763         0.2821321487         0.8848792910E-01
    0.2814128160         0.6914507747         0.9808797240E-01     0.1406961083         0.2358677983         0.2819239311E-01     0.1164543629E-01     0.1936592102         0.9422540705E-02     0.2325618267E-01
    0.1096479297         0.9096040726    

                         STEP LENGTH (VM)
     1.000000000         0.1000000000         0.2000000000          1.000000000         0.1000000000         0.2000000000          1.000000000         0.2314850069         0.1000000000         0.2000000000    
     1.000000000         0.1000000000         0.2000000000          1.000000000         0.6493299162E-01     0.1000000000         0.2000000000          1.000000000         0.1000000000         0.2000000000    
     1.000000000          1.000000000         0.1000000000         0.2000000000          1.000000000         0.1000000000         0.2000000000          1.000000000         0.4746087618         0.1000000000    
    0.2000000000          1.000000000         0.1000000000         0.2000000000          1.000000000         0.6294640205         0.1000000000         0.2000000000          1.000000000         0.1000000000    
    0.2000000000          1.000000000    
 

 INTERMEDIATE RESULTS BEFORE NEXT TEMPERATURE REDUCTION

  CURRENT TEMPERATURE:             0.89090E-01
  MIN FUNCTION VALUE SO FAR:   0.333860288071037292E-01
  TOTAL MOVES:                    3360
     DOWNHILL:                    2338
     ACCEPTED UPHILL:              737
     REJECTED UPHILL:              285
  TRIALS OUT OF BOUNDS:           1550
  NEW MINIMA THIS TEMPERATURE:       0

                         CURRENT OPTIMAL X
    0.9794207215         0.5926974416E-01     0.1131052256         0.3465712070E-02     0.2479639053E-01     0.1397035003         0.5888320804         0.3806441346         0.9060010910E-01     0.2201862335    
    0.8588488102         0.3262718916E-01     0.2997676492         0.6605901122         0.9938911734         0.8439908028E-01     0.2729202867         0.5923954844         0.5358625650E-01     0.1971401691    
    0.6067847610         0.6344833405E-02     0.5083441138E-01     0.1482148528         0.8829544783         0.2975010872E-02     0.1673264265         0.8832321763         0.2821321487         0.8848792910E-01
    0.2814128160         0.6914507747         0.9808797240E-01     0.1406961083         0.2358677983         0.2819239311E-01     0.1164543629E-01     0.1936592102         0.9422540705E-02     0.2325618267E-01
    0.1096479297         0.9096040726    

                         STEP LENGTH (VM)
     1.000000000         0.1000000000         0.2000000000          1.000000000         0.1000000000         0.2000000000          1.000000000         0.1374015814         0.1000000000         0.2000000000    
     1.000000000         0.1000000000         0.2000000000          1.000000000         0.4493511791E-01     0.1000000000         0.2000000000          1.000000000         0.1000000000         0.2000000000    
     1.000000000         0.6366364687         0.1000000000         0.2000000000          1.000000000         0.1000000000         0.2000000000          1.000000000         0.2860443265         0.1000000000    
    0.2000000000          1.000000000         0.1000000000         0.2000000000          1.000000000         0.4303560407         0.1000000000         0.2000000000          1.000000000         0.1000000000    
    0.2000000000          1.000000000    
 

 INTERMEDIATE RESULTS BEFORE NEXT TEMPERATURE REDUCTION

  CURRENT TEMPERATURE:             0.66817E-01
  MIN FUNCTION VALUE SO FAR:   0.332713081380421327E-01
  TOTAL MOVES:                    3360
     DOWNHILL:                    2282
     ACCEPTED UPHILL:              762
     REJECTED UPHILL:              316
  TRIALS OUT OF BOUNDS:           1507
  NEW MINIMA THIS TEMPERATURE:       0

                         CURRENT OPTIMAL X
    0.9794207215         0.3447178006E-01     0.2709653139         0.9963497519         0.7743265033E-01     0.1612045050         0.1441034675         0.3844922630         0.8395863175E-01     0.1865892410    
    0.1025407314         0.2115441561E-01     0.2392508507         0.8501016498         0.9938911734         0.7904573083E-01     0.2311914802         0.3221879601         0.9239441156E-02     0.1771147370    
    0.1777997017         0.6344833405E-02     0.7177442908E-01     0.1421981573         0.8538469076         0.7904835343E-01     0.1571580887         0.1191020608         0.2821321487         0.2736926079E-02
    0.1173584700         0.4799138904         0.6641873717E-01     0.1208237767         0.9897009730         0.2819239311E-01     0.7055453062E-01     0.2817544937         0.3032891750         0.2434341908E-01
    0.1023850799         0.9139814973    

                         STEP LENGTH (VM)
    0.8888888668         0.1000000000         0.2000000000          1.000000000         0.1000000000         0.2000000000          1.000000000         0.7976143118E-01     0.1000000000         0.2000000000    
     1.000000000         0.1000000000         0.2000000000          1.000000000         0.2835933472E-01     0.1000000000         0.2000000000          1.000000000         0.1000000000         0.2000000000    
     1.000000000         0.2485375693         0.1000000000         0.2000000000          1.000000000         0.1000000000         0.2000000000          1.000000000         0.1898653013         0.1000000000    
    0.2000000000          1.000000000         0.1000000000         0.2000000000          1.000000000         0.2035963811         0.1000000000         0.2000000000          1.000000000         0.1000000000    
    0.2000000000          1.000000000    
 

 INTERMEDIATE RESULTS BEFORE NEXT TEMPERATURE REDUCTION

  CURRENT TEMPERATURE:             0.50113E-01
  MIN FUNCTION VALUE SO FAR:   0.332476646720613056E-01
  TOTAL MOVES:                    3360
     DOWNHILL:                    2242
     ACCEPTED UPHILL:              764
     REJECTED UPHILL:              354
  TRIALS OUT OF BOUNDS:           1462
  NEW MINIMA THIS TEMPERATURE:       2

                         CURRENT OPTIMAL X
    0.9794207215         0.4735097289E-01     0.1358453512         0.5792796016         0.8903943896E-01     0.2539378881         0.5356474519         0.3844922630         0.2572682500E-01     0.1055353403    
    0.6318374872         0.2115441561E-01     0.2392508507         0.8501016498         0.9938911734         0.7904573083E-01     0.2311914802         0.3221879601         0.9239441156E-02     0.1771147370    
    0.1777997017         0.6344833405E-02     0.7177442908E-01     0.1421981573         0.8538469076         0.7904835343E-01     0.1571580887         0.1191020608         0.2821321487         0.2736926079E-02
    0.1173584700         0.4799138904         0.6641873717E-01     0.1208237767         0.9897009730         0.2819239311E-01     0.7055453062E-01     0.2817544937         0.3032891750         0.2434341908E-01
    0.1023850799         0.9139814973    

                         STEP LENGTH (VM)
    0.1995841118         0.1000000000         0.2000000000          1.000000000         0.1000000000         0.2000000000          1.000000000         0.3401173559E-01     0.1000000000         0.2000000000    
     1.000000000         0.1000000000         0.2000000000          1.000000000         0.3485589925E-01     0.1000000000         0.2000000000          1.000000000         0.1000000000         0.2000000000    
     1.000000000         0.7317491904E-01     0.1000000000         0.2000000000          1.000000000         0.1000000000         0.2000000000          1.000000000         0.4595668056E-01     0.1000000000    
    0.2000000000          1.000000000         0.1000000000         0.2000000000          1.000000000         0.1735428148         0.1000000000         0.2000000000          1.000000000         0.1000000000    
    0.2000000000          1.000000000    
 

 INTERMEDIATE RESULTS BEFORE NEXT TEMPERATURE REDUCTION

  CURRENT TEMPERATURE:             0.37585E-01
  MIN FUNCTION VALUE SO FAR:   0.331327102159481024E-01
  TOTAL MOVES:                    3360
     DOWNHILL:                    2356
     ACCEPTED UPHILL:              707
     REJECTED UPHILL:              297
  TRIALS OUT OF BOUNDS:           1508
  NEW MINIMA THIS TEMPERATURE:       0

                         CURRENT OPTIMAL X
    0.9794207215         0.3852133155E-01     0.1358453512         0.5792796016         0.8903943896E-01     0.2539378881         0.5356474519         0.3844922630         0.2572682500E-01     0.1055353403    
    0.6318374872         0.2115441561E-01     0.2392508507         0.8501016498         0.9938911734         0.7904573083E-01     0.2311914802         0.3221879601         0.9239441156E-02     0.1771147370    
    0.1777997017         0.6344833405E-02     0.7177442908E-01     0.1421981573         0.8538469076         0.7904835343E-01     0.1571580887         0.1191020608         0.2821321487         0.2736926079E-02
    0.1173584700         0.4799138904         0.6641873717E-01     0.1208237767         0.9897009730         0.2819239311E-01     0.7055453062E-01     0.2817544937         0.3032891750         0.2434341908E-01
    0.1023850799         0.9139814973    

                         STEP LENGTH (VM)
    0.1673508565         0.1000000000         0.2000000000          1.000000000         0.1000000000         0.2000000000          1.000000000         0.5850464823E-01     0.1000000000         0.2000000000    
     1.000000000         0.1000000000         0.2000000000          1.000000000         0.1415887594E-01     0.1000000000         0.2000000000          1.000000000         0.1000000000         0.2000000000    
     1.000000000         0.1027362799         0.1000000000         0.2000000000          1.000000000         0.1000000000         0.2000000000          1.000000000         0.1102108562         0.1000000000    
    0.2000000000          1.000000000         0.1000000000         0.2000000000          1.000000000         0.1433004972         0.1000000000         0.2000000000          1.000000000         0.1000000000    
    0.2000000000          1.000000000    
 

 INTERMEDIATE RESULTS BEFORE NEXT TEMPERATURE REDUCTION

  CURRENT TEMPERATURE:             0.28189E-01
  MIN FUNCTION VALUE SO FAR:   0.331327102159481024E-01
  TOTAL MOVES:                    3360
     DOWNHILL:                    2279
     ACCEPTED UPHILL:              728
     REJECTED UPHILL:              353
  TRIALS OUT OF BOUNDS:           1473
  NEW MINIMA THIS TEMPERATURE:       0

                         CURRENT OPTIMAL X
    0.9794207215         0.3852133155E-01     0.1358453512         0.5792796016         0.8903943896E-01     0.2539378881         0.5356474519         0.3844922630         0.2572682500E-01     0.1055353403    
    0.6318374872         0.2115441561E-01     0.2392508507         0.8501016498         0.9938911734         0.7904573083E-01     0.2311914802         0.3221879601         0.9239441156E-02     0.1771147370    
    0.1777997017         0.6344833405E-02     0.7177442908E-01     0.1421981573         0.8538469076         0.7904835343E-01     0.1571580887         0.1191020608         0.2821321487         0.2736926079E-02
    0.1173584700         0.4799138904         0.6641873717E-01     0.1208237767         0.9897009730         0.2819239311E-01     0.7055453062E-01     0.2817544937         0.3032891750         0.2434341908E-01
    0.1023850799         0.9139814973    

                         STEP LENGTH (VM)
    0.1293383862         0.1000000000         0.2000000000          1.000000000         0.1000000000         0.2000000000          1.000000000         0.2424862483E-01     0.1000000000         0.2000000000    
     1.000000000         0.1000000000         0.2000000000          1.000000000         0.6309358493E-02     0.1000000000         0.2000000000          1.000000000         0.1000000000         0.2000000000    
     1.000000000         0.1454279856         0.1000000000         0.2000000000          1.000000000         0.1000000000         0.2000000000          1.000000000         0.6297760161E-01     0.1000000000    
    0.2000000000          1.000000000         0.1000000000         0.2000000000          1.000000000         0.7838657668E-01     0.1000000000         0.2000000000          1.000000000         0.1000000000    
    0.2000000000          1.000000000    
 

 INTERMEDIATE RESULTS BEFORE NEXT TEMPERATURE REDUCTION

  CURRENT TEMPERATURE:             0.21141E-01
  MIN FUNCTION VALUE SO FAR:   0.238372612595825206E-01
  TOTAL MOVES:                    3360
     DOWNHILL:                    2317
     ACCEPTED UPHILL:              707
     REJECTED UPHILL:              336
  TRIALS OUT OF BOUNDS:           1538
  NEW MINIMA THIS TEMPERATURE:       1

                         CURRENT OPTIMAL X
    0.9722458616         0.4514596462E-01     0.1197054982         0.5935304761         0.1237984300E-01     0.1983811617         0.1787797213         0.3600385111         0.8462821245E-01     0.1943651080    
    0.2523987293         0.1243982911E-01     0.1612009048         0.2959046364         0.9977260022         0.4403201938E-01     0.2785022378         0.8687452078         0.3899743557E-01     0.1320384383    
    0.3193603754         0.2828875397E-02     0.8888627291E-01     0.2742801189         0.7181205153         0.5912285447E-01     0.1886690855         0.1078920960         0.2790489231         0.6641654372E-01
    0.2093758345         0.2466789484         0.6847739220E-03     0.1806595206         0.9330349565         0.9849346583E-02     0.7888934016E-01     0.2863315463         0.2249228954         0.7093644142E-02
    0.1575267196         0.4594354630    

                         STEP LENGTH (VM)
    0.8806012906E-01     0.1000000000         0.2000000000          1.000000000         0.1000000000         0.2000000000          1.000000000         0.2545244339E-01     0.1000000000         0.2000000000    
     1.000000000         0.1000000000         0.2000000000          1.000000000         0.1401812347E-01     0.1000000000         0.2000000000          1.000000000         0.1000000000         0.2000000000    
     1.000000000         0.4962276041E-01     0.1000000000         0.2000000000          1.000000000         0.1000000000         0.2000000000          1.000000000         0.4483462507E-01     0.1000000000    
    0.2000000000          1.000000000         0.1000000000         0.2000000000          1.000000000         0.4089148440E-01     0.1000000000         0.2000000000          1.000000000         0.1000000000    
    0.2000000000          1.000000000    
 

 INTERMEDIATE RESULTS BEFORE NEXT TEMPERATURE REDUCTION

  CURRENT TEMPERATURE:             0.15856E-01
  MIN FUNCTION VALUE SO FAR:   0.209061024099913562E-01
  TOTAL MOVES:                    3360
     DOWNHILL:                    2294
     ACCEPTED UPHILL:              672
     REJECTED UPHILL:              394
  TRIALS OUT OF BOUNDS:           1484
  NEW MINIMA THIS TEMPERATURE:       1

                         CURRENT OPTIMAL X
    0.9917165626         0.7863003016E-02     0.1907225490         0.8139089346         0.3799329400E-01     0.2990375280         0.7801048160         0.3575415922         0.9755170345E-01     0.1681894898    
    0.4362374544E-01     0.8332896233E-01     0.2863505363         0.1247902513         0.9991266484         0.1621164680E-01     0.1996958971         0.9690574408         0.6735514998E-01     0.2337995052    
    0.2301858664         0.8942130292E-02     0.4234166145E-01     0.1425472617         0.1250492334         0.2543163896E-01     0.1815475583         0.7164537907         0.2853501098         0.4387353063E-01
    0.1266251326         0.9565071464         0.1209036112E-01     0.2066419601         0.4904122949         0.2166914729E-02     0.9798626900E-01     0.2883475661         0.6038777232         0.8091530800E-01
    0.1041559935         0.2641594410    

                         STEP LENGTH (VM)
    0.8568008852E-01     0.1000000000         0.2000000000          1.000000000         0.1000000000         0.2000000000          1.000000000         0.8541860875E-02     0.1000000000         0.2000000000    
     1.000000000         0.1000000000         0.2000000000          1.000000000         0.1454793538E-01     0.1000000000         0.2000000000          1.000000000         0.1000000000         0.2000000000    
     1.000000000         0.2786417022E-01     0.1000000000         0.2000000000          1.000000000         0.1000000000         0.2000000000          1.000000000         0.3036417627E-01     0.1000000000    
    0.2000000000          1.000000000         0.1000000000         0.2000000000          1.000000000         0.1091064040E-01     0.1000000000         0.2000000000          1.000000000         0.1000000000    
    0.2000000000          1.000000000    
 

 INTERMEDIATE RESULTS BEFORE NEXT TEMPERATURE REDUCTION

  CURRENT TEMPERATURE:             0.11892E-01
  MIN FUNCTION VALUE SO FAR:   0.205404282241045122E-01
  TOTAL MOVES:                    3360
     DOWNHILL:                    2302
     ACCEPTED UPHILL:              667
     REJECTED UPHILL:              391
  TRIALS OUT OF BOUNDS:           1545
  NEW MINIMA THIS TEMPERATURE:       1

                         CURRENT OPTIMAL X
    0.9917165626         0.8218074441E-01     0.1217668414         0.3836890459         0.3561730981E-01     0.1136031866         0.8092604280         0.3575415922         0.9755170345E-01     0.2683397174    
    0.4366653562         0.8656162024E-01     0.2983285189         0.5702823400E-01     0.9991266484         0.1096791029E-02     0.2541743040         0.9690574408         0.9367308021E-01     0.2393824697    
    0.5395178199         0.8942130292E-02     0.7913455963E-01     0.1425472617         0.1250492334         0.2543163896E-01     0.1815475583         0.7164537907         0.2853501098         0.4387353063E-01
    0.1266251326         0.9565071464         0.1209036112E-01     0.2066419601         0.4904122949         0.2166914729E-02     0.9798626900E-01     0.2883475661         0.6038777232         0.8091530800E-01
    0.1041559935         0.2641594410    

                         STEP LENGTH (VM)
    0.3418506582E-01     0.1000000000         0.2000000000          1.000000000         0.1000000000         0.2000000000          1.000000000         0.1790060031E-01     0.1000000000         0.2000000000    
     1.000000000         0.1000000000         0.2000000000          1.000000000         0.6882458034E-02     0.1000000000         0.2000000000          1.000000000         0.1000000000         0.2000000000    
     1.000000000         0.1410146644E-01     0.1000000000         0.2000000000          1.000000000         0.1000000000         0.2000000000          1.000000000         0.2453784599E-01     0.1000000000    
    0.2000000000          1.000000000         0.1000000000         0.2000000000          1.000000000         0.9967230331E-02     0.1000000000         0.2000000000          1.000000000         0.1000000000    
    0.2000000000          1.000000000    
 

 INTERMEDIATE RESULTS BEFORE NEXT TEMPERATURE REDUCTION

  CURRENT TEMPERATURE:             0.89190E-02
  MIN FUNCTION VALUE SO FAR:   0.184872295253152297E-01
  TOTAL MOVES:                    3360
     DOWNHILL:                    2284
     ACCEPTED UPHILL:              651
     REJECTED UPHILL:              425
  TRIALS OUT OF BOUNDS:           1513
  NEW MINIMA THIS TEMPERATURE:       1

                         CURRENT OPTIMAL X
    0.9981250276         0.9785801172E-01     0.1135717392         0.1870996952         0.1978062391E-01     0.2817899942         0.9968813062         0.3647407421         0.6239074469E-02     0.1053950310    
    0.1366258264         0.9016382694E-02     0.1565962672         0.5804356337         0.9976687788         0.7692413926E-01     0.1115940571         0.1747742891         0.8866183162E-01     0.2706529140    
    0.8603634238         0.5742435624E-02     0.6579857469E-01     0.1217413664         0.6545003653         0.8742864132E-01     0.2494471669         0.6819379926         0.2666137477         0.2514632940E-01
    0.2049120426         0.3594378233         0.3507204056E-01     0.1960770011         0.1624758840         0.2166914729E-02     0.9113327861E-01     0.1988131523         0.5107422471         0.1272984147E-01
    0.2704158783         0.8552104235E-01

                         STEP LENGTH (VM)
    0.3740933754E-01     0.1000000000         0.2000000000          1.000000000         0.1000000000         0.2000000000          1.000000000         0.8048641495E-02     0.1000000000         0.2000000000    
     1.000000000         0.1000000000         0.2000000000          1.000000000         0.5035818999E-02     0.1000000000         0.2000000000          1.000000000         0.1000000000         0.2000000000    
     1.000000000         0.2269829180E-01     0.1000000000         0.2000000000          1.000000000         0.1000000000         0.2000000000          1.000000000         0.1246366292E-01     0.1000000000    
    0.2000000000          1.000000000         0.1000000000         0.2000000000          1.000000000         0.3750832241E-01     0.1000000000         0.2000000000          1.000000000         0.1000000000    
    0.2000000000          1.000000000    
 

 INTERMEDIATE RESULTS BEFORE NEXT TEMPERATURE REDUCTION

  CURRENT TEMPERATURE:             0.66893E-02
  MIN FUNCTION VALUE SO FAR:   0.151812964945073903E-01
  TOTAL MOVES:                    3360
     DOWNHILL:                    2257
     ACCEPTED UPHILL:              615
     REJECTED UPHILL:              488
  TRIALS OUT OF BOUNDS:           1457
  NEW MINIMA THIS TEMPERATURE:       2

                         CURRENT OPTIMAL X
    0.9974789745         0.8796327710E-01     0.1251590729         0.9069145918         0.3430764079E-01     0.2864847660         0.3431544900         0.3720972447         0.6239074469E-02     0.1259518252    
    0.2595186234E-01     0.1566689014E-01     0.2351320863         0.2013654709         0.9982557801         0.9384085536E-01     0.2594696879         0.8508771658         0.4456181526E-01     0.2524515510    
    0.5642144680         0.1164558206E-02     0.5398117900E-01     0.1336963892         0.6082648039         0.2713577151E-01     0.1745983839         0.7766782045         0.2646113412         0.2567956448E-01
    0.1090910196         0.6751893163         0.8078300357E-01     0.1245432258         0.7974404097         0.5060914462E-02     0.6773623228E-01     0.2390168905         0.5021076798         0.8123356104E-02
    0.2096202850         0.5237807035    

                         STEP LENGTH (VM)
    0.3760830469E-01     0.1000000000         0.2000000000          1.000000000         0.1000000000         0.2000000000          1.000000000         0.3859666992E-02     0.1000000000         0.2000000000    
     1.000000000         0.1000000000         0.2000000000          1.000000000         0.1859731233E-02     0.1000000000         0.2000000000          1.000000000         0.1000000000         0.2000000000    
     1.000000000         0.2169219903E-01     0.1000000000         0.2000000000          1.000000000         0.1000000000         0.2000000000          1.000000000         0.1078725925E-01     0.1000000000    
    0.2000000000          1.000000000         0.1000000000         0.2000000000          1.000000000         0.1792715750E-01     0.1000000000         0.2000000000          1.000000000         0.1000000000    
    0.2000000000          1.000000000    
 

 INTERMEDIATE RESULTS BEFORE NEXT TEMPERATURE REDUCTION

  CURRENT TEMPERATURE:             0.50170E-02
  MIN FUNCTION VALUE SO FAR:   0.138605170432186675E-01
  TOTAL MOVES:                    3360
     DOWNHILL:                    2213
     ACCEPTED UPHILL:              559
     REJECTED UPHILL:              588
  TRIALS OUT OF BOUNDS:           1397
  NEW MINIMA THIS TEMPERATURE:       1

                         CURRENT OPTIMAL X
    0.9939423524         0.4551317692E-01     0.2643153429         0.5183655024E-01     0.6977736950E-01     0.1025765896         0.2907097340E-01     0.3892870260         0.4727389253E-02     0.1036430777    
    0.4065117559E-01     0.7862147689E-01     0.2424926519         0.8640873432         0.9995888812         0.7015240192E-01     0.2087095261         0.6649160385         0.4388098717E-01     0.1392384410    
    0.9549447894         0.9315615700E-02     0.9211353660E-01     0.2677326560         0.4816527963         0.6376940012E-02     0.2655737042         0.5011132956         0.2628359414         0.8485823870E-02
    0.1517283201         0.5932837725         0.4169082046E-01     0.2664497733         0.8751246333         0.5352430927E-02     0.7565362453E-01     0.2347360015         0.2643242478         0.7722008824E-01
    0.2471170902         0.2509964705    

                         STEP LENGTH (VM)
    0.1454355768E-01     0.1000000000         0.2000000000          1.000000000         0.1000000000         0.2000000000          1.000000000         0.7122299277E-02     0.2384253322E-02     0.7596072608E-02
    0.3194349745E-01     0.1000000000         0.2000000000          1.000000000         0.2746007813E-02     0.1000000000         0.2000000000          1.000000000         0.1000000000         0.2000000000    
     1.000000000         0.7914717880E-02     0.1000000000         0.2000000000          1.000000000         0.1000000000         0.2000000000          1.000000000         0.1068529694E-01     0.1000000000    
    0.2000000000          1.000000000         0.1000000000         0.2000000000          1.000000000         0.8763973667E-02     0.1000000000         0.2000000000          1.000000000         0.1000000000    
    0.2000000000          1.000000000    
 

 INTERMEDIATE RESULTS BEFORE NEXT TEMPERATURE REDUCTION

  CURRENT TEMPERATURE:             0.37627E-02
  MIN FUNCTION VALUE SO FAR:   0.125602220632813344E-01
  TOTAL MOVES:                    3360
     DOWNHILL:                    2242
     ACCEPTED UPHILL:              519
     REJECTED UPHILL:              599
  TRIALS OUT OF BOUNDS:           1384
  NEW MINIMA THIS TEMPERATURE:       2

                         CURRENT OPTIMAL X
    0.9936858215         0.3719660640E-01     0.1379072428         0.1361126304         0.6151246428E-01     0.2830025673         0.6718238592         0.3892870260         0.4727389253E-02     0.1036430777    
    0.4065117559E-01     0.1489771008E-01     0.2506185889         0.9926762581         0.9995049357         0.9683617353E-01     0.1157393217         0.8998291492         0.7813831568E-01     0.1848209262    
    0.6479095221         0.8587705019E-02     0.5714359879E-01     0.1290599227         0.4816527963         0.6376940012E-02     0.2655737042         0.5011132956         0.2628359414         0.8485823870E-02
    0.1517283201         0.5932837725         0.4169082046E-01     0.2664497733         0.8751246333         0.5352430927E-02     0.7565362453E-01     0.2347360015         0.2643242478         0.7722008824E-01
    0.2471170902         0.2509964705    

                         STEP LENGTH (VM)
    0.1301554053E-01     0.1000000000         0.2000000000          1.000000000         0.1000000000         0.2000000000          1.000000000         0.1048480735E-02     0.2011712842E-02     0.5748376942E-02
    0.2523929424E-01     0.1000000000         0.2000000000          1.000000000         0.1251896812E-02     0.6486486395E-01     0.2000000000          1.000000000         0.1000000000         0.2000000000    
     1.000000000         0.9184977747E-02     0.1000000000         0.2000000000          1.000000000         0.1000000000         0.2000000000          1.000000000         0.5769320067E-02     0.1000000000    
    0.2000000000          1.000000000         0.1000000000         0.2000000000          1.000000000         0.5264319016E-02     0.1000000000         0.2000000000          1.000000000         0.1000000000    
    0.2000000000          1.000000000    
 

 INTERMEDIATE RESULTS BEFORE NEXT TEMPERATURE REDUCTION

  CURRENT TEMPERATURE:             0.28220E-02
  MIN FUNCTION VALUE SO FAR:   0.124350553839008837E-01
  TOTAL MOVES:                    3360
     DOWNHILL:                    2221
     ACCEPTED UPHILL:              595
     REJECTED UPHILL:              544
  TRIALS OUT OF BOUNDS:           1372
  NEW MINIMA THIS TEMPERATURE:       0

                         CURRENT OPTIMAL X
    0.9936858215         0.4016864896E-01     0.2687351465         0.6428658962E-02     0.9234392047E-01     0.1637739778         0.4223740101E-01     0.3891101012         0.4727389253E-02     0.1036430777    
    0.4065117559E-01     0.1489771008E-01     0.2506185889         0.9926762581         0.9995049357         0.9683617353E-01     0.1157393217         0.8998291492         0.7813831568E-01     0.1848209262    
    0.6479095221         0.8587705019E-02     0.5714359879E-01     0.1290599227         0.4816527963         0.6376940012E-02     0.2655737042         0.5011132956         0.2628359414         0.8485823870E-02
    0.1517283201         0.5932837725         0.4169082046E-01     0.2664497733         0.8751246333         0.5352430927E-02     0.7565362453E-01     0.2347360015         0.2643242478         0.7722008824E-01
    0.2471170902         0.2509964705    

                         STEP LENGTH (VM)
    0.1025647991E-01     0.1000000000         0.2000000000          1.000000000         0.1000000000         0.2000000000          1.000000000         0.3301905810E-02     0.8447940935E-03     0.3772370962E-02
    0.1490191491E-01     0.1000000000         0.2000000000          1.000000000         0.1307094563E-02     0.1000000000         0.2000000000          1.000000000         0.1000000000         0.2000000000    
     1.000000000         0.9184975693E-02     0.1000000000         0.2000000000          1.000000000         0.1000000000         0.2000000000          1.000000000         0.4911716059E-02     0.1000000000    
    0.2000000000          1.000000000         0.1000000000         0.2000000000          1.000000000         0.7026200258E-02     0.1000000000         0.2000000000          1.000000000         0.1000000000    
    0.2000000000          1.000000000    
 

 INTERMEDIATE RESULTS BEFORE NEXT TEMPERATURE REDUCTION

  CURRENT TEMPERATURE:             0.21165E-02
  MIN FUNCTION VALUE SO FAR:   0.124350175792999895E-01
  TOTAL MOVES:                    3360
     DOWNHILL:                    2209
     ACCEPTED UPHILL:              501
     REJECTED UPHILL:              650
  TRIALS OUT OF BOUNDS:           1330
  NEW MINIMA THIS TEMPERATURE:       0

                         CURRENT OPTIMAL X
    0.9936858215         0.5047513843E-01     0.1540549397         0.2166836858         0.9234392047E-01     0.1637739778         0.4223740101E-01     0.3891101012         0.4727389253E-02     0.1036430777    
    0.4065117559E-01     0.1489771008E-01     0.2506185889         0.9926762581         0.9995049357         0.9683617353E-01     0.1157393217         0.8998291492         0.7813831568E-01     0.1848209262    
    0.6479095221         0.8587705019E-02     0.5714359879E-01     0.1290599227         0.4816527963         0.6376940012E-02     0.2655737042         0.5011132956         0.2628359414         0.8485823870E-02
    0.1517283201         0.5932837725         0.4169082046E-01     0.2664497733         0.8751246333         0.5352430927E-02     0.7565362453E-01     0.2347360015         0.2643242478         0.7722008824E-01
    0.2471170902         0.2509964705    

                         STEP LENGTH (VM)
    0.1017759611E-03     0.1000000000         0.2000000000          1.000000000         0.1000000000         0.2000000000          1.000000000         0.3948599659E-04     0.5903208327E-05     0.6650645451E-04
    0.6981230417E-03     0.1000000000         0.2000000000          1.000000000         0.6532897575E-04     0.1000000000         0.2000000000          1.000000000         0.1000000000         0.2000000000    
     1.000000000         0.4478589311E-03     0.1000000000         0.2000000000          1.000000000         0.1000000000         0.2000000000          1.000000000         0.4094475655E-04     0.1000000000    
    0.2000000000          1.000000000         0.1000000000         0.2000000000          1.000000000         0.3809680122E-03     0.5704911103E-01     0.2000000000          1.000000000         0.1000000000    
    0.2000000000          1.000000000    
 

 INTERMEDIATE RESULTS BEFORE NEXT TEMPERATURE REDUCTION

  CURRENT TEMPERATURE:             0.15874E-02
  MIN FUNCTION VALUE SO FAR:   0.122985022053861970E-01
  TOTAL MOVES:                    3360
     DOWNHILL:                    2232
     ACCEPTED UPHILL:              542
     REJECTED UPHILL:              586
  TRIALS OUT OF BOUNDS:           1297
  NEW MINIMA THIS TEMPERATURE:       0

                         CURRENT OPTIMAL X
    0.9938235267         0.6014316678E-01     0.2562252879         0.7093915939         0.1032222509E-01     0.1347625375         0.3426910639         0.3887731194         0.4730781523E-02     0.1034400932    
    0.4010135983E-01     0.9200465679E-02     0.2068649769         0.6455609798         0.9996970939         0.9680380225E-01     0.2617693663         0.7454133034         0.3429428339E-01     0.2552987337    
    0.4871393442         0.7617244242E-02     0.6632940769E-01     0.1273595691         0.9599119425         0.7810160518E-01     0.2617244601         0.5047941208         0.2627824107         0.1519911289E-01
    0.1156552951         0.5292282050         0.6012051105E-01     0.1302066445         0.2588297725         0.2006816244E-02     0.5859218489E-01     0.2712768555         0.5893809795         0.2629427910E-01
    0.1685741067         0.1198137403    

                         STEP LENGTH (VM)
    0.8284329723E-02     0.1000000000         0.2000000000          1.000000000         0.1000000000         0.2000000000          1.000000000         0.1615583069E-02     0.5871684894E-03     0.1425372345E-02
    0.6861842696E-02     0.1000000000         0.2000000000          1.000000000         0.9115428742E-03     0.1000000000         0.2000000000          1.000000000         0.1000000000         0.2000000000    
     1.000000000         0.5251938165E-02     0.1000000000         0.2000000000          1.000000000         0.1000000000         0.2000000000          1.000000000         0.2423279601E-02     0.1000000000    
    0.2000000000          1.000000000         0.1000000000         0.2000000000          1.000000000         0.7841989385E-02     0.7606544563E-01     0.2000000000          1.000000000         0.1000000000    
    0.2000000000          1.000000000    
 

 INTERMEDIATE RESULTS BEFORE NEXT TEMPERATURE REDUCTION

  CURRENT TEMPERATURE:             0.11905E-02
  MIN FUNCTION VALUE SO FAR:   0.119465126686557621E-01
  TOTAL MOVES:                    3360
     DOWNHILL:                    2248
     ACCEPTED UPHILL:              479
     REJECTED UPHILL:              633
  TRIALS OUT OF BOUNDS:           1318
  NEW MINIMA THIS TEMPERATURE:       2

                         CURRENT OPTIMAL X
    0.9963248001         0.5100432038E-01     0.2436351657         0.9294128418E-01     0.8933541775E-01     0.1073945522         0.9109564424         0.3887731194         0.4730781523E-02     0.1031299362    
    0.4010135983E-01     0.5666536093E-01     0.2547998667         0.3269150257         0.9996970939         0.9680380225E-01     0.2103760242         0.9730240107         0.2520662546E-01     0.2525726438    
    0.4905313253         0.7791785277E-02     0.6632940769E-01     0.2840005755         0.6211254597         0.1473836303E-01     0.2012249708         0.1906839609         0.2627824107         0.1519911289E-01
    0.1156552951         0.5292282050         0.5613919497E-01     0.1326083541         0.5097035766         0.6750238392E-02     0.5859218489E-01     0.2712768555         0.3086210489         0.4447906017E-01
    0.2242019296         0.8533213735    

                         STEP LENGTH (VM)
    0.8240493503E-02     0.1000000000         0.2000000000          1.000000000         0.1000000000         0.2000000000          1.000000000         0.6655869233E-03     0.5338141874E-03     0.8681277288E-03
    0.7912751259E-02     0.1000000000         0.2000000000          1.000000000         0.6694140351E-03     0.1000000000         0.2000000000          1.000000000         0.1000000000         0.2000000000    
     1.000000000         0.6813322327E-02     0.1000000000         0.2000000000          1.000000000         0.1000000000         0.2000000000          1.000000000         0.2240774851E-02     0.2827699499E-01
    0.8901096011E-01     0.3918351033         0.1000000000         0.2000000000          1.000000000         0.9657753654E-02     0.8888887675E-01     0.2000000000          1.000000000         0.1000000000    
    0.2000000000          1.000000000    
 

 INTERMEDIATE RESULTS BEFORE NEXT TEMPERATURE REDUCTION

  CURRENT TEMPERATURE:             0.89291E-03
  MIN FUNCTION VALUE SO FAR:   0.118358058364581575E-01
  TOTAL MOVES:                    3360
     DOWNHILL:                    2217
     ACCEPTED UPHILL:              437
     REJECTED UPHILL:              706
  TRIALS OUT OF BOUNDS:           1233
  NEW MINIMA THIS TEMPERATURE:       0

                         CURRENT OPTIMAL X
    0.9981966888         0.3688154817E-01     0.2691530466         0.4540002942         0.6497573853E-02     0.1887786388         0.6891065836         0.3887069985         0.4730781523E-02     0.1031299362    
    0.4010135983E-01     0.2638409734E-01     0.1743715048         0.1620082259         0.9996970939         0.9680380225E-01     0.1983641148         0.7034860849         0.5259630680E-01     0.2240702271    
    0.9121400118E-01     0.9558154016E-02     0.5095180273E-01     0.1687015176         0.3242951632         0.3996959329E-01     0.2110603452         0.5772236586         0.2627193923         0.1519911289E-01
    0.1156552951         0.5292282050         0.7800253034E-01     0.2834212184         0.5719871521         0.9080993821E-04     0.4807238508E-01     0.2520490646         0.2456810474         0.9277842045E-01
    0.1136297464         0.8662897348E-01

                         STEP LENGTH (VM)
    0.5005457148E-02     0.1000000000         0.2000000000          1.000000000         0.1000000000         0.2000000000          1.000000000         0.1000330143E-02     0.3285009257E-03     0.1403243081E-02
    0.4953155826E-02     0.1000000000         0.2000000000          1.000000000         0.6694138069E-03     0.9999998882E-01     0.2000000000          1.000000000         0.1000000000         0.2000000000    
     1.000000000         0.6309434492E-02     0.1000000000         0.2000000000          1.000000000         0.1000000000         0.2000000000          1.000000000         0.1260435332E-02     0.3629338651E-02
    0.1097854962E-01     0.4783779223E-01     0.1000000000         0.2000000000          1.000000000         0.8222138564E-02     0.5267488524E-01     0.2000000000          1.000000000         0.1000000000    
    0.2000000000          1.000000000    
 

 INTERMEDIATE RESULTS BEFORE NEXT TEMPERATURE REDUCTION

  CURRENT TEMPERATURE:             0.66968E-03
  MIN FUNCTION VALUE SO FAR:   0.110836465851624766E-01
  TOTAL MOVES:                    3360
     DOWNHILL:                    2229
     ACCEPTED UPHILL:              436
     REJECTED UPHILL:              695
  TRIALS OUT OF BOUNDS:           1304
  NEW MINIMA THIS TEMPERATURE:       5

                         CURRENT OPTIMAL X
    0.9997275772         0.7495238185E-01     0.1715693712         0.3149690628         0.9451115727E-01     0.2854468346         0.5860716701         0.3887288348         0.5465234791E-02     0.1015736950    
    0.3611746144E-01     0.9954094887E-03     0.1020374060         0.4717860222         0.9999265313         0.8116152287E-01     0.1157862186         0.5824488997         0.1825412512E-01     0.1996368527    
    0.4533151984         0.5830885723E-02     0.7525991797E-01     0.2843456149         0.7490089536         0.3949152231E-01     0.2247620344         0.3733488321         0.2596125646         0.1310520741E-01
    0.1192830768         0.5877489555         0.7140278816E-03     0.2334738016         0.9396051168         0.9984916258E-02     0.8524686098E-01     0.2302955866         0.7428309917         0.5602779984E-01
    0.2982837439         0.7450297475    

                         STEP LENGTH (VM)
    0.4469692538E-02     0.1000000000         0.2000000000          1.000000000         0.1000000000         0.2000000000          1.000000000         0.5377448760E-03     0.1598111957E-03     0.4950342162E-03
    0.4953153482E-02     0.1000000000         0.2000000000          1.000000000         0.1897711272E-03     0.6311174596E-01     0.2000000000          1.000000000         0.1000000000         0.2000000000    
     1.000000000         0.5889921777E-02     0.1000000000         0.2000000000          1.000000000         0.1000000000         0.2000000000          1.000000000         0.1196428253E-02     0.1464319036E-02
    0.5405847979E-02     0.3320739416E-01     0.1000000000         0.2000000000          1.000000000         0.1464567694E-01     0.8888888668E-01     0.2000000000          1.000000000         0.1000000000    
    0.2000000000          1.000000000    
 

 INTERMEDIATE RESULTS BEFORE NEXT TEMPERATURE REDUCTION

  CURRENT TEMPERATURE:             0.50226E-03
  MIN FUNCTION VALUE SO FAR:   0.109645257983413957E-01
  TOTAL MOVES:                    3360
     DOWNHILL:                    2230
     ACCEPTED UPHILL:              459
     REJECTED UPHILL:              671
  TRIALS OUT OF BOUNDS:           1268
  NEW MINIMA THIS TEMPERATURE:       2

                         CURRENT OPTIMAL X
    0.9984107912         0.2299774289E-01     0.2952694654         0.9699171782         0.5209348202E-01     0.2149854422         0.6287419200         0.3897626599         0.6236968086E-02     0.1007731860    
    0.2515306678E-01     0.2474108934E-01     0.2850088120         0.1097323895         0.9999740140         0.7391508818E-01     0.1474798679         0.4243444800         0.2541755438E-01     0.1233461142    
    0.4934006333         0.6268768138E-02     0.8914834261E-01     0.1880466461         0.4446746707         0.6065539718E-01     0.2608783364         0.4904725552         0.2600967659         0.1602252953E-01
    0.1118413713         0.6292409064         0.1715440750E-01     0.2785544038         0.1984083056         0.5700629547E-02     0.8458442245E-01     0.2642917514         0.9208200574         0.4239398241E-01
    0.1957537889         0.5592986941    

                         STEP LENGTH (VM)
    0.2963725336E-02     0.1000000000         0.2000000000          1.000000000         0.1000000000         0.2000000000          1.000000000         0.4210910731E-03     0.1797875319E-03     0.4493925573E-03
    0.4557822724E-02     0.1000000000         0.2000000000          1.000000000         0.1704846631E-03     0.1000000000         0.2000000000          1.000000000         0.1000000000         0.2000000000    
     1.000000000         0.5207251587E-02     0.1000000000         0.2000000000          1.000000000         0.1000000000         0.2000000000          1.000000000         0.9006144385E-03     0.7631099411E-03
    0.3070425785E-02     0.2319201314E-01     0.1000000000         0.2000000000          1.000000000         0.9365257980E-02     0.6428570668E-01     0.2000000000          1.000000000         0.1000000000    
    0.2000000000          1.000000000    
 

 INTERMEDIATE RESULTS BEFORE NEXT TEMPERATURE REDUCTION

  CURRENT TEMPERATURE:             0.37670E-03
  MIN FUNCTION VALUE SO FAR:   0.106391666297951382E-01
  TOTAL MOVES:                    3360
     DOWNHILL:                    2238
     ACCEPTED UPHILL:              449
     REJECTED UPHILL:              673
  TRIALS OUT OF BOUNDS:           1191
  NEW MINIMA THIS TEMPERATURE:       2

                         CURRENT OPTIMAL X
    0.9999148394         0.9021466970E-01     0.2484140396         0.4810201526         0.7756469846E-01     0.1993460417         0.4636783004         0.3908502606         0.6424946451E-02     0.1009098197    
    0.1967564107E-01     0.3924590349E-02     0.2502388954         0.1364063025         0.9999053665         0.8804181218E-01     0.1792300701         0.2174443007E-01     0.1644982696E-01     0.2187463164    
    0.7620447278         0.3919701096E-02     0.9524717331E-01     0.1251959085         0.4712376595         0.3553522825E-01     0.1972584486         0.3597850204         0.2580661842         0.1431718392E-01
    0.1105243819         0.6412074702         0.4633170962E-01     0.1946542501         0.2285796404E-01     0.4956406977E-02     0.9786724386E-01     0.1276933312         0.6178585291         0.5214191079E-01
    0.1476510525         0.1119721532    

                         STEP LENGTH (VM)
    0.1481463873E-02     0.1000000000         0.2000000000          1.000000000         0.1000000000         0.2000000000          1.000000000         0.4210909702E-03     0.1231877043E-03     0.3454787944E-03
    0.2850837219E-02     0.1000000000         0.2000000000          1.000000000         0.1887983395E-03     0.1000000000         0.2000000000          1.000000000         0.1000000000         0.2000000000    
     1.000000000         0.8010564492E-02     0.1000000000         0.2000000000          1.000000000         0.1000000000         0.2000000000          1.000000000         0.5789663003E-03     0.3210746936E-03
    0.1678785951E-02     0.1047116688E-01     0.1000000000         0.2000000000          1.000000000         0.1134752313E-01     0.5125123653E-01     0.2000000000          1.000000000         0.1000000000    
    0.2000000000          1.000000000    
 

 INTERMEDIATE RESULTS BEFORE NEXT TEMPERATURE REDUCTION

  CURRENT TEMPERATURE:             0.28252E-03
  MIN FUNCTION VALUE SO FAR:   0.104922548095844892E-01
  TOTAL MOVES:                    3360
     DOWNHILL:                    2233
     ACCEPTED UPHILL:              445
     REJECTED UPHILL:              682
  TRIALS OUT OF BOUNDS:           1272
  NEW MINIMA THIS TEMPERATURE:       3

                         CURRENT OPTIMAL X
    0.9999148394         0.3569700122E-01     0.2618208528         0.8738588095         0.7788699269E-01     0.2742788315         0.4950415492         0.3908502606         0.6337395228E-02     0.1006501272    
    0.1955972494E-01     0.9902898073E-01     0.2739946365         0.8773070574         0.9999947927         0.8804181218E-01     0.2690217614         0.1617900133         0.6164488196E-01     0.1222896218    
    0.9566622376         0.5528052958E-02     0.7988569140E-01     0.1881421924         0.3928804398E-01     0.4286944270E-01     0.2803160787         0.3585134149         0.2580629313         0.1462949266E-01
    0.1098780433         0.6326529184         0.2639178038E-01     0.2112388372         0.4393263459         0.4291741655E-02     0.8369836807E-01     0.1513758302         0.6670366526         0.4121686816E-01
    0.1839933515         0.9706659317    

                         STEP LENGTH (VM)
    0.2825647446E-02     0.9285713429E-01     0.2000000000          1.000000000         0.1000000000         0.2000000000          1.000000000         0.2466449066E-03     0.7462328691E-04     0.5474077641E-03
    0.1917679776E-02     0.1000000000         0.2000000000          1.000000000         0.1981712178E-03     0.1000000000         0.2000000000          1.000000000         0.1000000000         0.2000000000    
     1.000000000         0.7603773643E-02     0.1000000000         0.2000000000          1.000000000         0.1000000000         0.2000000000          1.000000000         0.6238310975E-03     0.3805328381E-03
    0.1888632937E-02     0.1280856874E-01     0.1000000000         0.2000000000          1.000000000         0.9814070409E-02     0.5765761523E-01     0.2000000000          1.000000000         0.1000000000    
    0.2000000000          1.000000000    
 

 INTERMEDIATE RESULTS BEFORE NEXT TEMPERATURE REDUCTION

  CURRENT TEMPERATURE:             0.21189E-03
  MIN FUNCTION VALUE SO FAR:   0.101545501719988440E-01
  TOTAL MOVES:                    3360
     DOWNHILL:                    2243
     ACCEPTED UPHILL:              439
     REJECTED UPHILL:              678
  TRIALS OUT OF BOUNDS:           1239
  NEW MINIMA THIS TEMPERATURE:       2

                         CURRENT OPTIMAL X
    0.9997723922         0.8049077392E-01     0.1080478430         0.4976032376         0.2752404213E-01     0.1930066109         0.4389514327         0.3935741247         0.6287447597E-02     0.1001785003    
    0.5517166559E-02     0.6484879255E-01     0.1110784769         0.2717339396         0.9999714110         0.8432742634E-01     0.1784381270         0.2054940462         0.8436351418E-01     0.2419353604    
    0.4543406963         0.1436054707E-02     0.7080938220E-01     0.2713828802         0.4873874784         0.3738512397E-01     0.2462211370         0.4853937030         0.2546695396         0.1430760217E-01
    0.1077061969         0.6438882679         0.4183731079E-01     0.2119234800         0.1740241051E-01     0.6880250729E-02     0.9355580211E-01     0.2735575438         0.9298916459         0.3518596292E-01
    0.1755325317         0.7687723041    

                         STEP LENGTH (VM)
    0.1289184646E-02     0.1000000000         0.2000000000          1.000000000         0.1000000000         0.2000000000          1.000000000         0.3897596809E-03     0.5596745312E-04     0.1935188806E-03
    0.1258476870E-02     0.1000000000         0.2000000000          1.000000000         0.9596268137E-04     0.7499997304E-01     0.2000000000          1.000000000         0.1000000000         0.2000000000    
     1.000000000         0.1140565421E-01     0.1000000000         0.2000000000          1.000000000         0.1000000000         0.2000000000          1.000000000         0.4576492187E-03     0.2064049981E-03
    0.5906533766E-03     0.5440372364E-02     0.1000000000         0.2000000000          1.000000000         0.9660721920E-02     0.4593383129E-01     0.2000000000          1.000000000         0.1000000000    
    0.2000000000          1.000000000    
 

 INTERMEDIATE RESULTS BEFORE NEXT TEMPERATURE REDUCTION

  CURRENT TEMPERATURE:             0.15892E-03
  MIN FUNCTION VALUE SO FAR:   0.100320481051859867E-01
  TOTAL MOVES:                    3360
     DOWNHILL:                    2215
     ACCEPTED UPHILL:              411
     REJECTED UPHILL:              734
  TRIALS OUT OF BOUNDS:           1224
  NEW MINIMA THIS TEMPERATURE:       9

                         CURRENT OPTIMAL X
    0.9999469679         0.5953465700E-01     0.2699157715         0.7417445183         0.6377484202E-01     0.2772124410         0.5482059121         0.3945732228         0.6188894653E-02     0.1000480909    
    0.4945622425E-02     0.8959156871E-01     0.1847937703         0.5249292850         0.9999924631         0.9126608751E-01     0.1512055516         0.6437450647         0.4928271174E-01     0.2837152123    
    0.5997459888         0.3322534180E-02     0.6008298708E-01     0.2229192451         0.5080788136         0.4664660096E-01     0.2353995681         0.3010095954         0.2542377406         0.1433815831E-01
    0.1067112883         0.6508613132         0.8304286599E-01     0.1236620545         0.3175090551         0.9783951183E-02     0.9912484884E-01     0.2120252490         0.1563146114         0.9208807945E-01
    0.2806435823         0.8579784036    

                         STEP LENGTH (VM)
    0.7480450635E-03     0.1000000000         0.2000000000          1.000000000         0.1000000000         0.2000000000          1.000000000         0.3528973647E-03     0.4974882827E-04     0.1227827491E-03
    0.1061839481E-02     0.1000000000         0.2000000000          1.000000000         0.5009179427E-04     0.6328121219E-01     0.2000000000          1.000000000         0.1000000000         0.2000000000    
     1.000000000         0.8189088639E-02     0.5462302706E-01     0.2000000000          1.000000000         0.1000000000         0.2000000000          1.000000000         0.2968535037E-03     0.1785123444E-03
    0.6890954477E-03     0.4518589011E-02     0.1000000000         0.2000000000          1.000000000         0.1090819620E-01     0.6666666377E-01     0.2000000000          1.000000000         0.1000000000    
    0.2000000000          1.000000000    
 

 INTERMEDIATE RESULTS BEFORE NEXT TEMPERATURE REDUCTION

  CURRENT TEMPERATURE:             0.11919E-03
  MIN FUNCTION VALUE SO FAR:   0.100102731539779555E-01
  TOTAL MOVES:                    3360
     DOWNHILL:                    2238
     ACCEPTED UPHILL:              402
     REJECTED UPHILL:              720
  TRIALS OUT OF BOUNDS:           1269
  NEW MINIMA THIS TEMPERATURE:       1

                         CURRENT OPTIMAL X
    0.9999845400         0.4869139791E-01     0.1942171097         0.6614987850         0.8703705668E-01     0.2012728214         0.9372770786         0.3945196848         0.6205097781E-02     0.1000167357    
    0.3550541955E-02     0.8847277164E-01     0.1282122850         0.8448768258         0.9999828281         0.9807621147E-01     0.1019511223         0.6544866562         0.7107834816E-01     0.1064548492    
    0.3505325913         0.9966365883E-04     0.9063562088E-01     0.1743577600         0.6336503351         0.4937435985E-01     0.2438617349         0.2881407738E-01     0.2540533481         0.1461712165E-01
    0.1046972239         0.6387891795         0.8213317990E-01     0.1038198352         0.3912736177         0.8605034102E-02     0.5496178865E-01     0.2474176526         0.1875281334E-01     0.3392942548E-01
    0.2183117747         0.9576340914    

                         STEP LENGTH (VM)
    0.2585702350E-03     0.1000000000         0.2000000000          1.000000000         0.1000000000         0.2000000000          1.000000000         0.1655483194E-03     0.5557524042E-04     0.1559672172E-03
    0.9438569379E-03     0.1000000000         0.2000000000          1.000000000         0.6643564104E-04     0.5068211085E-01     0.2000000000          1.000000000         0.1000000000         0.2000000000    
     1.000000000         0.8638047304E-02     0.1000000000         0.2000000000          1.000000000         0.1000000000         0.2000000000          1.000000000         0.2838510194E-03     0.1087235179E-03
    0.5187182403E-03     0.3515980991E-02     0.1000000000         0.2000000000          1.000000000         0.1191737651E-01     0.6328124083E-01     0.2000000000          1.000000000         0.1000000000    
    0.2000000000          1.000000000    
 

  SA ACHIEVED TERMINATION CRITERIA. IER = 0. 


  ****   RESULTS AFTER SA   ****   

                         SOLUTION
    0.9999845400         0.4869139791E-01     0.1942171097         0.6614987850         0.8703705668E-01     0.2012728214         0.9372770786         0.3945196848         0.6205097781E-02     0.1000167357    
    0.3550541955E-02     0.8847277164E-01     0.1282122850         0.8448768258         0.9999828281         0.9807621147E-01     0.1019511223         0.6544866562         0.7107834816E-01     0.1064548492    
    0.3505325913         0.9966365883E-04     0.9063562088E-01     0.1743577600         0.6336503351         0.4937435985E-01     0.2438617349         0.2881407738E-01     0.2540533481         0.1461712165E-01
    0.1046972239         0.6387891795         0.8213317990E-01     0.1038198352         0.3912736177         0.8605034102E-02     0.5496178865E-01     0.2474176526         0.1875281334E-01     0.3392942548E-01
    0.2183117747         0.9576340914    

                         FINAL STEP LENGTH
    0.2585702350E-03     0.1000000000         0.2000000000          1.000000000         0.1000000000         0.2000000000          1.000000000         0.1655483194E-03     0.5557524042E-04     0.1559672172E-03
    0.9438569379E-03     0.1000000000         0.2000000000          1.000000000         0.6643564104E-04     0.5068211085E-01     0.2000000000          1.000000000         0.1000000000         0.2000000000    
     1.000000000         0.8638047304E-02     0.1000000000         0.2000000000          1.000000000         0.1000000000         0.2000000000          1.000000000         0.2838510194E-03     0.1087235179E-03
    0.5187182403E-03     0.3515980991E-02     0.1000000000         0.2000000000          1.000000000         0.1191737651E-01     0.6328124083E-01     0.2000000000          1.000000000         0.1000000000    
    0.2000000000          1.000000000    

 OPTIMAL FUNCTION VALUE:  0.1001027315398E-01
 NUMBER OF FUNCTION EVALUATIONS:         127681
 NUMBER OF ACCEPTED EVALUATIONS:         112455
 NUMBER OF OUT OF BOUND EVALUATIONS:      55976
 FINAL TEMP:  0.1191891574713E-03  IER:   0
