
 SIMULATED PARALLEL ANNEALING by NEIGHBORHOOD EXAMPLE

 NUMBER OF PARAMETERS:  42   MAXIMAZATION:     F
 INITIAL TEMP:  5.0       RT: 0.75       EPS: 0.10E-02
 NS:  24   NT:   5   NEPS:  4
 MAXEVL:  100000000   IPRINT: 1   ISEED1:    7 ISEED2:    8

                         STARTING VALUES
    0.6477420336         0.4993817806E-01     0.1239586949         0.6572699547         0.1175380945E-01     0.1672068357         0.7861602902         0.8727215582         0.8870704928E-01     0.2317431092    
    0.2800506353E-01     0.5474118590E-01     0.1709706187         0.6307865977         0.8315472739         0.2210691904E-01     0.1034055006         0.8949571095         0.6215406656E-01     0.1430979729    
    0.2132714987         0.2336093701E-02     0.1640874147E-01     0.1288717675         0.9532820520         0.2724087834E-01     0.2999758005         0.3256540895         0.9960952134         0.2194943435E-02
    0.1241671032         0.4783898192E-01     0.7555319667E-01     0.1567288637         0.1798480749         0.3990912892E-01     0.4184366772E-01     0.2345200002         0.2365702701E-03     0.3017385006E-01
    0.1358853340         0.3926256895    

                         INITIAL STEP LENGTH
     1.000000000         0.1000000000         0.2000000000          1.000000000         0.1000000000         0.2000000000          1.000000000          1.000000000         0.1000000000         0.2000000000    
     1.000000000         0.1000000000         0.2000000000          1.000000000          1.000000000         0.1000000000         0.2000000000          1.000000000         0.1000000000         0.2000000000    
     1.000000000          1.000000000         0.1000000000         0.2000000000          1.000000000         0.1000000000         0.2000000000          1.000000000          1.000000000         0.1000000000    
    0.2000000000          1.000000000         0.1000000000         0.2000000000          1.000000000          1.000000000         0.1000000000         0.2000000000          1.000000000         0.1000000000    
    0.2000000000          1.000000000    

                         LOWER BOUND
     0.000000000          0.000000000         0.1000000000          0.000000000          0.000000000         0.1000000000          0.000000000          0.000000000          0.000000000         0.1000000000    
     0.000000000          0.000000000         0.1000000000          0.000000000          0.000000000          0.000000000         0.1000000000          0.000000000          0.000000000         0.1000000000    
     0.000000000          0.000000000          0.000000000         0.1000000000          0.000000000          0.000000000         0.1000000000          0.000000000          0.000000000          0.000000000    
    0.1000000000          0.000000000          0.000000000         0.1000000000          0.000000000          0.000000000          0.000000000         0.1000000000          0.000000000          0.000000000    
    0.1000000000          0.000000000    

                         UPPER BOUND
     1.000000000         0.1000000000         0.3000000000          1.000000000         0.1000000000         0.3000000000          1.000000000          1.000000000         0.1000000000         0.3000000000    
     1.000000000         0.1000000000         0.3000000000          1.000000000          1.000000000         0.1000000000         0.3000000000          1.000000000         0.1000000000         0.3000000000    
     1.000000000          1.000000000         0.1000000000         0.3000000000          1.000000000         0.1000000000         0.3000000000          1.000000000          1.000000000         0.1000000000    
    0.3000000000          1.000000000         0.1000000000         0.3000000000          1.000000000          1.000000000         0.1000000000         0.3000000000          1.000000000         0.1000000000    
    0.3000000000          1.000000000    

                         C VECTOR
     2.000000000          2.000000000          2.000000000          2.000000000          2.000000000          2.000000000          2.000000000          2.000000000          2.000000000          2.000000000    
     2.000000000          2.000000000          2.000000000          2.000000000          2.000000000          2.000000000          2.000000000          2.000000000          2.000000000          2.000000000    
     2.000000000          2.000000000          2.000000000          2.000000000          2.000000000          2.000000000          2.000000000          2.000000000          2.000000000          2.000000000    
     2.000000000          2.000000000          2.000000000          2.000000000          2.000000000          2.000000000          2.000000000          2.000000000          2.000000000          2.000000000    
     2.000000000          2.000000000    

  ****   END OF DRIVER ROUTINE OUTPUT   ****
  ****   BEFORE CALL TO SA.             ****
  

                         INITIAL X
    0.6477420336         0.4993817806E-01     0.1239586949         0.6572699547         0.1175380945E-01     0.1672068357         0.7861602902         0.8727215582         0.8870704928E-01     0.2317431092    
    0.2800506353E-01     0.5474118590E-01     0.1709706187         0.6307865977         0.8315472739         0.2210691904E-01     0.1034055006         0.8949571095         0.6215406656E-01     0.1430979729    
    0.2132714987         0.2336093701E-02     0.1640874147E-01     0.1288717675         0.9532820520         0.2724087834E-01     0.2999758005         0.3256540895         0.9960952134         0.2194943435E-02
    0.1241671032         0.4783898192E-01     0.7555319667E-01     0.1567288637         0.1798480749         0.3990912892E-01     0.4184366772E-01     0.2345200002         0.2365702701E-03     0.3017385006E-01
    0.1358853340         0.3926256895    
  INITIAL F: 
 0.512575553973335207    

 INTERMEDIATE RESULTS BEFORE NEXT TEMPERATURE REDUCTION

  CURRENT TEMPERATURE:              5.0000    
  MIN FUNCTION VALUE SO FAR:   0.335964942473209183E-01
  TOTAL MOVES:                     840
     DOWNHILL:                     602
     ACCEPTED UPHILL:              212
     REJECTED UPHILL:               26
  TRIALS OUT OF BOUNDS:            434
  NEW MINIMA THIS TEMPERATURE:       1

                         CURRENT OPTIMAL X
    0.5172182918         0.5029156208E-01     0.1756008625         0.7986704111         0.7217171192E-01     0.2835588813         0.7430688143         0.2372696996         0.5848695040E-01     0.2493989706    
    0.3416551352         0.9380177855E-01     0.1539058924         0.6678133607         0.9921214981         0.3312435150E-01     0.2179355025         0.1042360067         0.1510379314E-01     0.1363301158    
    0.7185387611E-01     0.4835659266E-01     0.9708409309E-01     0.1123768806         0.7265315056         0.6699990630E-01     0.2359289765         0.3200111389         0.1875064969         0.5019156933E-01
    0.2462438345         0.6219710112         0.8812118173E-01     0.1358729959         0.7556161284         0.5094110966E-02     0.2650431991E-01     0.2414727569         0.6433706880         0.9002467394E-01
    0.1231325626         0.8578897715    

                         STEP LENGTH (VM)
     1.000000000         0.1000000000         0.2000000000          1.000000000         0.1000000000         0.2000000000          1.000000000          1.000000000         0.1000000000         0.2000000000    
     1.000000000         0.1000000000         0.2000000000          1.000000000         0.3314669340         0.1000000000         0.2000000000          1.000000000         0.1000000000         0.2000000000    
     1.000000000          1.000000000         0.1000000000         0.2000000000          1.000000000         0.1000000000         0.2000000000          1.000000000          1.000000000         0.1000000000    
    0.2000000000          1.000000000         0.1000000000         0.2000000000          1.000000000          1.000000000         0.1000000000         0.2000000000          1.000000000         0.1000000000    
    0.2000000000          1.000000000    
 

 INTERMEDIATE RESULTS BEFORE NEXT TEMPERATURE REDUCTION

  CURRENT TEMPERATURE:              3.7500    
  MIN FUNCTION VALUE SO FAR:   0.335964942473209183E-01
  TOTAL MOVES:                     840
     DOWNHILL:                     593
     ACCEPTED UPHILL:              226
     REJECTED UPHILL:               21
  TRIALS OUT OF BOUNDS:            403
  NEW MINIMA THIS TEMPERATURE:       0

                         CURRENT OPTIMAL X
    0.5172182918         0.5029156208E-01     0.1756008625         0.7986704111         0.7217171192E-01     0.2835588813         0.7430688143         0.2372696996         0.5848695040E-01     0.2493989706    
    0.3416551352         0.9380177855E-01     0.1539058924         0.6678133607         0.9921214981         0.3312435150E-01     0.2179355025         0.1042360067         0.1510379314E-01     0.1363301158    
    0.7185387611E-01     0.4835659266E-01     0.9708409309E-01     0.1123768806         0.7265315056         0.6699990630E-01     0.2359289765         0.3200111389         0.1875064969         0.5019156933E-01
    0.2462438345         0.6219710112         0.8812118173E-01     0.1358729959         0.7556161284         0.5094110966E-02     0.2650431991E-01     0.2414727569         0.6433706880         0.9002467394E-01
    0.1231325626         0.8578897715    

                         STEP LENGTH (VM)
     1.000000000         0.1000000000         0.2000000000          1.000000000         0.1000000000         0.2000000000          1.000000000          1.000000000         0.1000000000         0.2000000000    
     1.000000000         0.1000000000         0.2000000000          1.000000000         0.3314669340         0.1000000000         0.2000000000          1.000000000         0.1000000000         0.2000000000    
     1.000000000          1.000000000         0.1000000000         0.2000000000          1.000000000         0.1000000000         0.2000000000          1.000000000          1.000000000         0.1000000000    
    0.2000000000          1.000000000         0.1000000000         0.2000000000          1.000000000          1.000000000         0.1000000000         0.2000000000          1.000000000         0.1000000000    
    0.2000000000          1.000000000    
 

 INTERMEDIATE RESULTS BEFORE NEXT TEMPERATURE REDUCTION

  CURRENT TEMPERATURE:              2.8125    
  MIN FUNCTION VALUE SO FAR:   0.318798330812413155E-01
  TOTAL MOVES:                     840
     DOWNHILL:                     573
     ACCEPTED UPHILL:              230
     REJECTED UPHILL:               37
  TRIALS OUT OF BOUNDS:            404
  NEW MINIMA THIS TEMPERATURE:       0

                         CURRENT OPTIMAL X
    0.5172182918         0.2874302268E-01     0.1756008625         0.7986704111         0.7217171192E-01     0.2835588813         0.7430688143         0.2372696996         0.5848695040E-01     0.2493989706    
    0.3416551352         0.9380177855E-01     0.1539058924         0.6678133607         0.9921214981         0.3312435150E-01     0.2179355025         0.1042360067         0.1510379314E-01     0.1363301158    
    0.7185387611E-01     0.4835659266E-01     0.9708409309E-01     0.1123768806         0.7265315056         0.6699990630E-01     0.2359289765         0.3200111389         0.1875064969         0.5019156933E-01
    0.2462438345         0.6219710112         0.8812118173E-01     0.1358729959         0.7556161284         0.5094110966E-02     0.2650431991E-01     0.2414727569         0.6433706880         0.9002467394E-01
    0.1231325626         0.8578897715    

                         STEP LENGTH (VM)
     1.000000000         0.1000000000         0.2000000000          1.000000000         0.1000000000         0.2000000000          1.000000000          1.000000000         0.1000000000         0.2000000000    
     1.000000000         0.1000000000         0.2000000000          1.000000000         0.3314669340         0.1000000000         0.2000000000          1.000000000         0.1000000000         0.2000000000    
     1.000000000          1.000000000         0.1000000000         0.2000000000          1.000000000         0.1000000000         0.2000000000          1.000000000          1.000000000         0.1000000000    
    0.2000000000          1.000000000         0.1000000000         0.2000000000          1.000000000          1.000000000         0.1000000000         0.2000000000          1.000000000         0.1000000000    
    0.2000000000          1.000000000    
 

 INTERMEDIATE RESULTS BEFORE NEXT TEMPERATURE REDUCTION

  CURRENT TEMPERATURE:              2.1094    
  MIN FUNCTION VALUE SO FAR:   0.318798330812413155E-01
  TOTAL MOVES:                     840
     DOWNHILL:                     594
     ACCEPTED UPHILL:              211
     REJECTED UPHILL:               35
  TRIALS OUT OF BOUNDS:            402
  NEW MINIMA THIS TEMPERATURE:       0

                         CURRENT OPTIMAL X
    0.5172182918         0.2874302268E-01     0.1756008625         0.7986704111         0.7217171192E-01     0.2835588813         0.7430688143         0.2372696996         0.5848695040E-01     0.2493989706    
    0.3416551352         0.9380177855E-01     0.1539058924         0.6678133607         0.9921214981         0.3312435150E-01     0.2179355025         0.1042360067         0.1510379314E-01     0.1363301158    
    0.7185387611E-01     0.4835659266E-01     0.9708409309E-01     0.1123768806         0.7265315056         0.6699990630E-01     0.2359289765         0.3200111389         0.1875064969         0.5019156933E-01
    0.2462438345         0.6219710112         0.8812118173E-01     0.1358729959         0.7556161284         0.5094110966E-02     0.2650431991E-01     0.2414727569         0.6433706880         0.9002467394E-01
    0.1231325626         0.8578897715    

                         STEP LENGTH (VM)
     1.000000000         0.1000000000         0.2000000000          1.000000000         0.1000000000         0.2000000000          1.000000000          1.000000000         0.1000000000         0.2000000000    
     1.000000000         0.1000000000         0.2000000000          1.000000000         0.2946372673         0.1000000000         0.2000000000          1.000000000         0.1000000000         0.2000000000    
     1.000000000          1.000000000         0.1000000000         0.2000000000          1.000000000         0.1000000000         0.2000000000          1.000000000          1.000000000         0.1000000000    
    0.2000000000          1.000000000         0.1000000000         0.2000000000          1.000000000          1.000000000         0.1000000000         0.2000000000          1.000000000         0.1000000000    
    0.2000000000          1.000000000    
 

 INTERMEDIATE RESULTS BEFORE NEXT TEMPERATURE REDUCTION

  CURRENT TEMPERATURE:              1.5820    
  MIN FUNCTION VALUE SO FAR:   0.203374559593564319E-01
  TOTAL MOVES:                     840
     DOWNHILL:                     605
     ACCEPTED UPHILL:              198
     REJECTED UPHILL:               37
  TRIALS OUT OF BOUNDS:            431
  NEW MINIMA THIS TEMPERATURE:       1

                         CURRENT OPTIMAL X
    0.5172182918         0.1700514555E-02     0.1756008625         0.7986704111         0.7217171192E-01     0.2835588813         0.7430688143         0.2372696996         0.5848695040E-01     0.2493989706    
    0.3416551352         0.9380177855E-01     0.1539058924         0.6678133607         0.9921214981         0.3312435150E-01     0.2179355025         0.1042360067         0.1510379314E-01     0.1363301158    
    0.7185387611E-01     0.4835659266E-01     0.9708409309E-01     0.1123768806         0.7265315056         0.6699990630E-01     0.2359289765         0.3200111389         0.1875064969         0.5019156933E-01
    0.2462438345         0.6219710112         0.8812118173E-01     0.1358729959         0.7556161284         0.5094110966E-02     0.2650431991E-01     0.2414727569         0.6433706880         0.9002467394E-01
    0.1231325626         0.8578897715    

                         STEP LENGTH (VM)
     1.000000000         0.1000000000         0.2000000000          1.000000000         0.1000000000         0.2000000000          1.000000000          1.000000000         0.1000000000         0.2000000000    
     1.000000000         0.1000000000         0.2000000000          1.000000000         0.2618997520         0.1000000000         0.2000000000          1.000000000         0.1000000000         0.2000000000    
     1.000000000          1.000000000         0.1000000000         0.2000000000          1.000000000         0.1000000000         0.2000000000          1.000000000          1.000000000         0.1000000000    
    0.2000000000          1.000000000         0.1000000000         0.2000000000          1.000000000          1.000000000         0.1000000000         0.2000000000          1.000000000         0.1000000000    
    0.2000000000          1.000000000    
 

 INTERMEDIATE RESULTS BEFORE NEXT TEMPERATURE REDUCTION

  CURRENT TEMPERATURE:              1.1865    
  MIN FUNCTION VALUE SO FAR:   0.203374559593564319E-01
  TOTAL MOVES:                     840
     DOWNHILL:                     588
     ACCEPTED UPHILL:              213
     REJECTED UPHILL:               39
  TRIALS OUT OF BOUNDS:            402
  NEW MINIMA THIS TEMPERATURE:       0

                         CURRENT OPTIMAL X
    0.5172182918         0.1700514555E-02     0.1756008625         0.7986704111         0.7217171192E-01     0.2835588813         0.7430688143         0.2372696996         0.5848695040E-01     0.2493989706    
    0.3416551352         0.9380177855E-01     0.1539058924         0.6678133607         0.9921214981         0.3312435150E-01     0.2179355025         0.1042360067         0.1510379314E-01     0.1363301158    
    0.7185387611E-01     0.4835659266E-01     0.9708409309E-01     0.1123768806         0.7265315056         0.6699990630E-01     0.2359289765         0.3200111389         0.1875064969         0.5019156933E-01
    0.2462438345         0.6219710112         0.8812118173E-01     0.1358729959         0.7556161284         0.5094110966E-02     0.2650431991E-01     0.2414727569         0.6433706880         0.9002467394E-01
    0.1231325626         0.8578897715    

                         STEP LENGTH (VM)
     1.000000000         0.1000000000         0.2000000000          1.000000000         0.1000000000         0.2000000000          1.000000000          1.000000000         0.1000000000         0.2000000000    
     1.000000000         0.1000000000         0.2000000000          1.000000000         0.2327997738         0.1000000000         0.2000000000          1.000000000         0.1000000000         0.2000000000    
     1.000000000          1.000000000         0.1000000000         0.2000000000          1.000000000         0.1000000000         0.2000000000          1.000000000          1.000000000         0.1000000000    
    0.2000000000          1.000000000         0.1000000000         0.2000000000          1.000000000          1.000000000         0.1000000000         0.2000000000          1.000000000         0.1000000000    
    0.2000000000          1.000000000    
 

 INTERMEDIATE RESULTS BEFORE NEXT TEMPERATURE REDUCTION

  CURRENT TEMPERATURE:             0.88989    
  MIN FUNCTION VALUE SO FAR:   0.203374559593564319E-01
  TOTAL MOVES:                     840
     DOWNHILL:                     581
     ACCEPTED UPHILL:              225
     REJECTED UPHILL:               34
  TRIALS OUT OF BOUNDS:            425
  NEW MINIMA THIS TEMPERATURE:       0

                         CURRENT OPTIMAL X
    0.5172182918         0.1700514555E-02     0.1756008625         0.7986704111         0.7217171192E-01     0.2835588813         0.7430688143         0.2372696996         0.5848695040E-01     0.2493989706    
    0.3416551352         0.9380177855E-01     0.1539058924         0.6678133607         0.9921214981         0.3312435150E-01     0.2179355025         0.1042360067         0.1510379314E-01     0.1363301158    
    0.7185387611E-01     0.4835659266E-01     0.9708409309E-01     0.1123768806         0.7265315056         0.6699990630E-01     0.2359289765         0.3200111389         0.1875064969         0.5019156933E-01
    0.2462438345         0.6219710112         0.8812118173E-01     0.1358729959         0.7556161284         0.5094110966E-02     0.2650431991E-01     0.2414727569         0.6433706880         0.9002467394E-01
    0.1231325626         0.8578897715    

                         STEP LENGTH (VM)
     1.000000000         0.1000000000         0.2000000000          1.000000000         0.1000000000         0.2000000000          1.000000000          1.000000000         0.1000000000         0.2000000000    
     1.000000000         0.1000000000         0.2000000000          1.000000000         0.2327997738         0.1000000000         0.2000000000          1.000000000         0.1000000000         0.2000000000    
     1.000000000          1.000000000         0.1000000000         0.2000000000          1.000000000         0.1000000000         0.2000000000          1.000000000          1.000000000         0.1000000000    
    0.2000000000          1.000000000         0.1000000000         0.2000000000          1.000000000          1.000000000         0.1000000000         0.2000000000          1.000000000         0.1000000000    
    0.2000000000          1.000000000    
 

 INTERMEDIATE RESULTS BEFORE NEXT TEMPERATURE REDUCTION

  CURRENT TEMPERATURE:             0.66742    
  MIN FUNCTION VALUE SO FAR:   0.727483619059987596E-02
  TOTAL MOVES:                     840
     DOWNHILL:                     575
     ACCEPTED UPHILL:              227
     REJECTED UPHILL:               38
  TRIALS OUT OF BOUNDS:            423
  NEW MINIMA THIS TEMPERATURE:       0

                         CURRENT OPTIMAL X
    0.5603119731         0.3450849652E-01     0.2254251242         0.3554755449         0.8599388003E-01     0.1009160399         0.2802853584         0.2372696996         0.6819301844E-01     0.2611735463    
    0.5965405703         0.1448264718E-01     0.1024561405         0.1343136430         0.9802209580         0.9899425507E-02     0.2684102178         0.9906283617         0.9475264549E-01     0.1117722392    
    0.4110319614         0.4835659266E-01     0.5978696346E-01     0.1123768806         0.7265315056         0.6699990630E-01     0.2359289765         0.3200111389         0.1875064969         0.5019156933E-01
    0.2462438345         0.6219710112         0.8812118173E-01     0.1358729959         0.7556161284         0.5094110966E-02     0.2650431991E-01     0.2414727569         0.6433706880         0.9002467394E-01
    0.1231325626         0.8578897715    

                         STEP LENGTH (VM)
     1.000000000         0.1000000000         0.2000000000          1.000000000         0.1000000000         0.2000000000          1.000000000          1.000000000         0.1000000000         0.2000000000    
     1.000000000         0.1000000000         0.2000000000          1.000000000         0.2069331040         0.1000000000         0.2000000000          1.000000000         0.1000000000         0.2000000000    
     1.000000000          1.000000000         0.1000000000         0.2000000000          1.000000000         0.1000000000         0.2000000000          1.000000000          1.000000000         0.1000000000    
    0.2000000000          1.000000000         0.1000000000         0.2000000000          1.000000000          1.000000000         0.1000000000         0.2000000000          1.000000000         0.1000000000    
    0.2000000000          1.000000000    
 

  SA ACHIEVED TERMINATION CRITERIA. IER = 0. 


  ****   RESULTS AFTER SA   ****   

                         SOLUTION
    0.5603119731         0.3450849652E-01     0.2254251242         0.3554755449         0.8599388003E-01     0.1009160399         0.2802853584         0.2372696996         0.6819301844E-01     0.2611735463    
    0.5965405703         0.1448264718E-01     0.1024561405         0.1343136430         0.9802209580         0.9899425507E-02     0.2684102178         0.9906283617         0.9475264549E-01     0.1117722392    
    0.4110319614         0.4835659266E-01     0.5978696346E-01     0.1123768806         0.7265315056         0.6699990630E-01     0.2359289765         0.3200111389         0.1875064969         0.5019156933E-01
    0.2462438345         0.6219710112         0.8812118173E-01     0.1358729959         0.7556161284         0.5094110966E-02     0.2650431991E-01     0.2414727569         0.6433706880         0.9002467394E-01
    0.1231325626         0.8578897715    

                         FINAL STEP LENGTH
     1.000000000         0.1000000000         0.2000000000          1.000000000         0.1000000000         0.2000000000          1.000000000          1.000000000         0.1000000000         0.2000000000    
     1.000000000         0.1000000000         0.2000000000          1.000000000         0.2069331040         0.1000000000         0.2000000000          1.000000000         0.1000000000         0.2000000000    
     1.000000000          1.000000000         0.1000000000         0.2000000000          1.000000000         0.1000000000         0.2000000000          1.000000000          1.000000000         0.1000000000    
    0.2000000000          1.000000000         0.1000000000         0.2000000000          1.000000000          1.000000000         0.1000000000         0.2000000000          1.000000000         0.1000000000    
    0.2000000000          1.000000000    

 OPTIMAL FUNCTION VALUE:  0.7274836190600E-02
 NUMBER OF FUNCTION EVALUATIONS:           6721
 NUMBER OF ACCEPTED EVALUATIONS:           6453
 NUMBER OF OUT OF BOUND EVALUATIONS:       3324
 FINAL TEMP:  0.6674194335938      IER:   0
